04/07/2021 20:48:23 PM: Logfile Created
04/07/2021 20:48:24 PM: Sun up during minime90/mrh/2015/20150605/Images\MRH_L_20150605_231200_001.img. Ignoring this image...
04/07/2021 20:48:24 PM: minime90/mrh/2015/20150605/Images\MRH_L_20150605_234829_002.img center: 257.76, 254.96
04/07/2021 20:48:24 PM: minime90/mrh/2015/20150605/Images\MRH_L_20150606_002052_003.img center: 257.76, 254.93
04/07/2021 20:48:24 PM: minime90/mrh/2015/20150605/Images\MRH_L_20150606_005314_004.img center: 257.81, 254.92
04/07/2021 20:48:25 PM: minime90/mrh/2015/20150605/Images\MRH_L_20150606_012538_005.img center: 257.76, 254.89
04/07/2021 20:48:25 PM: minime90/mrh/2015/20150605/Images\MRH_L_20150606_015802_006.img center: 257.78, 254.86
04/07/2021 20:48:25 PM: minime90/mrh/2015/20150605/Images\MRH_L_20150606_023026_007.img center: 257.74, 254.88
04/07/2021 20:48:25 PM: minime90/mrh/2015/20150605/Images\MRH_L_20150606_030250_008.img center: 257.88, 254.89
04/07/2021 20:48:26 PM: minime90/mrh/2015/20150605/Images\MRH_L_20150606_033513_009.img center: 257.84, 254.89
04/07/2021 20:48:26 PM: minime90/mrh/2015/20150605/Images\MRH_L_20150606_040737_010.img center: 257.81, 254.89
04/07/2021 20:48:26 PM: minime90/mrh/2015/20150605/Images\MRH_L_20150606_044002_011.img center: 257.78, 254.87
04/07/2021 20:48:26 PM: minime90/mrh/2015/20150605/Images\MRH_L_20150606_051227_012.img center: 257.85, 254.97
04/07/2021 20:48:27 PM: minime90/mrh/2015/20150605/Images\MRH_L_20150606_054451_013.img center: 257.83, 254.90
04/07/2021 20:48:27 PM: minime90/mrh/2015/20150605/Images\MRH_L_20150606_061716_014.img center: 257.82, 254.90
04/07/2021 20:48:27 PM: minime90/mrh/2015/20150605/Images\MRH_L_20150606_064940_015.img center: 257.83, 254.97
04/07/2021 20:48:27 PM: minime90/mrh/2015/20150605/Images\MRH_L_20150606_072204_016.img center: 257.78, 254.98
04/07/2021 20:48:28 PM: minime90/mrh/2015/20150605/Images\MRH_L_20150606_075427_017.img center: 257.86, 254.94
04/07/2021 20:48:28 PM: minime90/mrh/2015/20150605/Images\MRH_L_20150606_082652_018.img center: 257.82, 254.92
04/07/2021 20:48:28 PM: minime90/mrh/2015/20150605/Images\MRH_L_20150606_085914_019.img center: 257.79, 254.95
04/07/2021 20:48:28 PM: minime90/mrh/2015/20150605/Images\MRH_L_20150606_093138_020.img center: 257.83, 254.97
04/07/2021 20:48:28 PM: minime90/mrh/2015/20150605/Images\MRH_L_20150606_100402_021.img center: 257.83, 254.97
04/07/2021 20:48:29 PM: minime90/mrh/2015/20150605/Images\MRH_L_20150606_103626_022.img center: 257.91, 254.96
04/07/2021 20:48:29 PM: minime90/mrh/2015/20150605/Images\MRH_L_20150606_104337_211.img center: 257.86, 255.00
04/07/2021 20:48:32 PM: minime90/mrh/2015/20150605/Images\MRH_L_20150605_234829_002.img reduced chisqr: 4.9331
04/07/2021 20:48:35 PM: minime90/mrh/2015/20150605/Images\MRH_L_20150606_002052_003.img reduced chisqr: 4.4842
04/07/2021 20:48:37 PM: minime90/mrh/2015/20150605/Images\MRH_L_20150606_005314_004.img reduced chisqr: 4.2222
04/07/2021 20:48:40 PM: minime90/mrh/2015/20150605/Images\MRH_L_20150606_012538_005.img reduced chisqr: 4.8533
04/07/2021 20:48:43 PM: minime90/mrh/2015/20150605/Images\MRH_L_20150606_015802_006.img reduced chisqr: 4.3978
04/07/2021 20:48:46 PM: minime90/mrh/2015/20150605/Images\MRH_L_20150606_023026_007.img reduced chisqr: 4.4778
04/07/2021 20:48:48 PM: minime90/mrh/2015/20150605/Images\MRH_L_20150606_030250_008.img reduced chisqr: 4.9116
04/07/2021 20:48:51 PM: minime90/mrh/2015/20150605/Images\MRH_L_20150606_033513_009.img reduced chisqr: 4.5130
04/07/2021 20:48:54 PM: minime90/mrh/2015/20150605/Images\MRH_L_20150606_040737_010.img reduced chisqr: 4.6872
04/07/2021 20:48:57 PM: minime90/mrh/2015/20150605/Images\MRH_L_20150606_044002_011.img reduced chisqr: 4.6684
04/07/2021 20:48:59 PM: minime90/mrh/2015/20150605/Images\MRH_L_20150606_051227_012.img reduced chisqr: 5.2057
04/07/2021 20:49:02 PM: minime90/mrh/2015/20150605/Images\MRH_L_20150606_054451_013.img reduced chisqr: 4.7720
04/07/2021 20:49:05 PM: minime90/mrh/2015/20150605/Images\MRH_L_20150606_061716_014.img reduced chisqr: 4.5112
04/07/2021 20:49:07 PM: minime90/mrh/2015/20150605/Images\MRH_L_20150606_064940_015.img reduced chisqr: 4.4931
04/07/2021 20:49:10 PM: minime90/mrh/2015/20150605/Images\MRH_L_20150606_072204_016.img reduced chisqr: 3.9598
04/07/2021 20:49:13 PM: minime90/mrh/2015/20150605/Images\MRH_L_20150606_075427_017.img reduced chisqr: 4.4825
04/07/2021 20:49:16 PM: minime90/mrh/2015/20150605/Images\MRH_L_20150606_082652_018.img reduced chisqr: 4.6310
04/07/2021 20:49:19 PM: minime90/mrh/2015/20150605/Images\MRH_L_20150606_085914_019.img reduced chisqr: 4.6157
04/07/2021 20:49:21 PM: minime90/mrh/2015/20150605/Images\MRH_L_20150606_093138_020.img reduced chisqr: 4.6422
04/07/2021 20:49:24 PM: minime90/mrh/2015/20150605/Images\MRH_L_20150606_100402_021.img reduced chisqr: 4.9857
04/07/2021 20:49:27 PM: minime90/mrh/2015/20150605/Images\MRH_L_20150606_103626_022.img reduced chisqr: 4.1326
04/07/2021 20:49:30 PM: minime90/mrh/2015/20150605/Images\MRH_L_20150606_104337_211.img reduced chisqr: 4.6927
04/07/2021 20:49:30 PM: minime90/mrh/2015/20150605/Images\MRH_X_20150605_231959_001.img not bounded by laser images. Ignoring this image...
04/07/2021 20:49:30 PM: minime90/mrh/2015/20150605/Images\MRH_X_20150605_232309_002.img not bounded by laser images. Ignoring this image...
04/07/2021 20:49:30 PM: minime90/mrh/2015/20150605/Images\MRH_X_20150605_232619_003.img not bounded by laser images. Ignoring this image...
04/07/2021 20:49:30 PM: minime90/mrh/2015/20150605/Images\MRH_X_20150605_232929_004.img not bounded by laser images. Ignoring this image...
04/07/2021 20:49:30 PM: minime90/mrh/2015/20150605/Images\MRH_X_20150605_233239_005.img not bounded by laser images. Ignoring this image...
04/07/2021 20:49:30 PM: minime90/mrh/2015/20150605/Images\MRH_X_20150605_233548_006.img not bounded by laser images. Ignoring this image...
04/07/2021 20:49:30 PM: minime90/mrh/2015/20150605/Images\MRH_X_20150605_233856_007.img not bounded by laser images. Ignoring this image...
04/07/2021 20:49:30 PM: minime90/mrh/2015/20150605/Images\MRH_X_20150605_234205_008.img not bounded by laser images. Ignoring this image...
04/07/2021 20:49:30 PM: minime90/mrh/2015/20150605/Images\MRH_X_20150605_234513_009.img not bounded by laser images. Ignoring this image...
04/07/2021 20:49:30 PM: minime90/mrh/2015/20150605/Images\MRH_X_20150606_023729_062.img is looking too close to the moon (30.9 deg). Ignoring this image...
04/07/2021 20:49:30 PM: minime90/mrh/2015/20150605/Images\MRH_X_20150606_030953_072.img is looking too close to the moon (23.5 deg). Ignoring this image...
04/07/2021 20:49:30 PM: minime90/mrh/2015/20150605/Images\MRH_X_20150606_034217_082.img is looking too close to the moon (16.0 deg). Ignoring this image...
04/07/2021 20:49:30 PM: minime90/mrh/2015/20150605/Images\MRH_X_20150606_041440_092.img is looking too close to the moon (8.5 deg). Ignoring this image...
04/07/2021 20:49:30 PM: minime90/mrh/2015/20150605/Images\MRH_X_20150606_044356_101.img is looking too close to the moon (35.1 deg). Ignoring this image...
04/07/2021 20:49:30 PM: minime90/mrh/2015/20150605/Images\MRH_X_20150606_044705_102.img is looking too close to the moon (1.8 deg). Ignoring this image...
04/07/2021 20:49:30 PM: minime90/mrh/2015/20150605/Images\MRH_X_20150606_051621_111.img is looking too close to the moon (31.5 deg). Ignoring this image...
04/07/2021 20:49:30 PM: minime90/mrh/2015/20150605/Images\MRH_X_20150606_051931_112.img is looking too close to the moon (6.9 deg). Ignoring this image...
04/07/2021 20:49:30 PM: minime90/mrh/2015/20150605/Images\MRH_X_20150606_054845_121.img is looking too close to the moon (29.0 deg). Ignoring this image...
04/07/2021 20:49:30 PM: minime90/mrh/2015/20150605/Images\MRH_X_20150606_055155_122.img is looking too close to the moon (14.4 deg). Ignoring this image...
04/07/2021 20:49:30 PM: minime90/mrh/2015/20150605/Images\MRH_X_20150606_055505_123.img is looking too close to the moon (35.1 deg). Ignoring this image...
04/07/2021 20:49:30 PM: minime90/mrh/2015/20150605/Images\MRH_X_20150606_062110_131.img is looking too close to the moon (28.0 deg). Ignoring this image...
04/07/2021 20:49:30 PM: minime90/mrh/2015/20150605/Images\MRH_X_20150606_062419_132.img is looking too close to the moon (22.0 deg). Ignoring this image...
04/07/2021 20:49:30 PM: minime90/mrh/2015/20150605/Images\MRH_X_20150606_062729_133.img is looking too close to the moon (27.5 deg). Ignoring this image...
04/07/2021 20:49:30 PM: minime90/mrh/2015/20150605/Images\MRH_X_20150606_065334_141.img is looking too close to the moon (28.6 deg). Ignoring this image...
04/07/2021 20:49:30 PM: minime90/mrh/2015/20150605/Images\MRH_X_20150606_065644_142.img is looking too close to the moon (29.5 deg). Ignoring this image...
04/07/2021 20:49:30 PM: minime90/mrh/2015/20150605/Images\MRH_X_20150606_065953_143.img is looking too close to the moon (20.0 deg). Ignoring this image...
04/07/2021 20:49:30 PM: minime90/mrh/2015/20150605/Images\MRH_X_20150606_072557_151.img is looking too close to the moon (30.8 deg). Ignoring this image...
04/07/2021 20:49:30 PM: minime90/mrh/2015/20150605/Images\MRH_X_20150606_073216_153.img is looking too close to the moon (12.4 deg). Ignoring this image...
04/07/2021 20:49:30 PM: minime90/mrh/2015/20150605/Images\MRH_X_20150606_075821_161.img is looking too close to the moon (34.1 deg). Ignoring this image...
04/07/2021 20:49:30 PM: minime90/mrh/2015/20150605/Images\MRH_X_20150606_080440_163.img is looking too close to the moon (5.4 deg). Ignoring this image...
04/07/2021 20:49:30 PM: minime90/mrh/2015/20150605/Images\MRH_X_20150606_083704_173.img is looking too close to the moon (4.8 deg). Ignoring this image...
04/07/2021 20:49:30 PM: minime90/mrh/2015/20150605/Images\MRH_X_20150606_090927_183.img is looking too close to the moon (11.7 deg). Ignoring this image...
04/07/2021 20:49:30 PM: minime90/mrh/2015/20150605/Images\MRH_X_20150606_091237_184.img is looking too close to the moon (34.5 deg). Ignoring this image...
04/07/2021 20:49:30 PM: minime90/mrh/2015/20150605/Images\MRH_X_20150606_091547_185.img is looking too close to the moon (32.5 deg). Ignoring this image...
04/07/2021 20:49:30 PM: minime90/mrh/2015/20150605/Images\MRH_X_20150606_094152_193.img is looking too close to the moon (19.2 deg). Ignoring this image...
04/07/2021 20:49:30 PM: minime90/mrh/2015/20150605/Images\MRH_X_20150606_094502_194.img is looking too close to the moon (30.0 deg). Ignoring this image...
04/07/2021 20:49:30 PM: minime90/mrh/2015/20150605/Images\MRH_X_20150606_094812_195.img is looking too close to the moon (24.9 deg). Ignoring this image...
04/07/2021 20:49:30 PM: minime90/mrh/2015/20150605/Images\MRH_X_20150606_095121_196.img is looking too close to the moon (36.5 deg). Ignoring this image...
04/07/2021 20:49:30 PM: minime90/mrh/2015/20150605/Images\MRH_X_20150606_095430_197.img is looking too close to the moon (36.4 deg). Ignoring this image...
04/07/2021 20:49:30 PM: minime90/mrh/2015/20150605/Images\MRH_X_20150606_095738_198.img is looking too close to the moon (36.2 deg). Ignoring this image...
04/07/2021 20:49:30 PM: minime90/mrh/2015/20150605/Images\MRH_X_20150606_100046_199.img is looking too close to the moon (36.0 deg). Ignoring this image...
04/07/2021 20:49:30 PM: minime90/mrh/2015/20150605/Images\MRH_X_20150606_101415_203.img is looking too close to the moon (26.8 deg). Ignoring this image...
04/07/2021 20:49:30 PM: minime90/mrh/2015/20150605/Images\MRH_X_20150606_101725_204.img is looking too close to the moon (26.6 deg). Ignoring this image...
04/07/2021 20:49:30 PM: minime90/mrh/2015/20150605/Images\MRH_X_20150606_102035_205.img is looking too close to the moon (17.6 deg). Ignoring this image...
04/07/2021 20:49:30 PM: minime90/mrh/2015/20150605/Images\MRH_X_20150606_102344_206.img is looking too close to the moon (35.1 deg). Ignoring this image...
04/07/2021 20:49:30 PM: minime90/mrh/2015/20150605/Images\MRH_X_20150606_102653_207.img is looking too close to the moon (35.1 deg). Ignoring this image...
04/07/2021 20:49:30 PM: minime90/mrh/2015/20150605/Images\MRH_X_20150606_103001_208.img is looking too close to the moon (35.0 deg). Ignoring this image...
04/07/2021 20:49:30 PM: minime90/mrh/2015/20150605/Images\MRH_X_20150606_103310_209.img is looking too close to the moon (35.0 deg). Ignoring this image...
04/07/2021 20:49:36 PM: minime90/mrh/2015/20150605/Images\MRH_X_20150605_234910_010.img reduced chisqr: 1.0269.
			Message:"Tolerance seems to be too small."
04/07/2021 20:49:43 PM: minime90/mrh/2015/20150605/Images\MRH_X_20150605_235222_011.img reduced chisqr: 1.0983.
			Message:"Tolerance seems to be too small."
04/07/2021 20:49:49 PM: minime90/mrh/2015/20150605/Images\MRH_X_20150605_235533_012.img reduced chisqr: 1.0638.
			Message:"Tolerance seems to be too small."
04/07/2021 20:49:56 PM: minime90/mrh/2015/20150605/Images\MRH_X_20150605_235842_013.img reduced chisqr: 1.1548.
			Message:"Tolerance seems to be too small."
04/07/2021 20:50:02 PM: minime90/mrh/2015/20150605/Images\MRH_X_20150606_000153_014.img reduced chisqr: 1.3106.
			Message:"Tolerance seems to be too small."
04/07/2021 20:50:08 PM: minime90/mrh/2015/20150605/Images\MRH_X_20150606_000502_015.img reduced chisqr: 1.1197.
			Message:"Tolerance seems to be too small."
04/07/2021 20:50:15 PM: minime90/mrh/2015/20150605/Images\MRH_X_20150606_000812_016.img reduced chisqr: 0.9327.
			Message:"Tolerance seems to be too small."
04/07/2021 20:50:21 PM: minime90/mrh/2015/20150605/Images\MRH_X_20150606_001120_017.img reduced chisqr: 1.1069.
			Message:"Tolerance seems to be too small."
04/07/2021 20:50:28 PM: minime90/mrh/2015/20150605/Images\MRH_X_20150606_001428_018.img reduced chisqr: 1.0466.
			Message:"Tolerance seems to be too small."
04/07/2021 20:50:34 PM: minime90/mrh/2015/20150605/Images\MRH_X_20150606_001737_019.img reduced chisqr: 1.2142.
			Message:"Tolerance seems to be too small."
04/07/2021 20:50:41 PM: minime90/mrh/2015/20150605/Images\MRH_X_20150606_002133_020.img reduced chisqr: 1.2519.
			Message:"Tolerance seems to be too small."
04/07/2021 20:50:47 PM: minime90/mrh/2015/20150605/Images\MRH_X_20150606_002445_021.img reduced chisqr: 1.1150.
			Message:"Tolerance seems to be too small."
04/07/2021 20:50:54 PM: minime90/mrh/2015/20150605/Images\MRH_X_20150606_002754_022.img reduced chisqr: 1.0222.
			Message:"Tolerance seems to be too small."
04/07/2021 20:51:00 PM: minime90/mrh/2015/20150605/Images\MRH_X_20150606_003104_023.img reduced chisqr: 1.2183.
			Message:"Tolerance seems to be too small."
04/07/2021 20:51:07 PM: minime90/mrh/2015/20150605/Images\MRH_X_20150606_003414_024.img reduced chisqr: 1.1957.
			Message:"Tolerance seems to be too small."
04/07/2021 20:51:13 PM: minime90/mrh/2015/20150605/Images\MRH_X_20150606_003723_025.img reduced chisqr: 1.0731.
			Message:"Tolerance seems to be too small."
04/07/2021 20:51:19 PM: minime90/mrh/2015/20150605/Images\MRH_X_20150606_004033_026.img reduced chisqr: 1.3784.
			Message:"Tolerance seems to be too small."
04/07/2021 20:51:26 PM: minime90/mrh/2015/20150605/Images\MRH_X_20150606_004341_027.img reduced chisqr: 1.3609.
			Message:"Tolerance seems to be too small."
04/07/2021 20:51:32 PM: minime90/mrh/2015/20150605/Images\MRH_X_20150606_004650_028.img reduced chisqr: 1.2019.
			Message:"Tolerance seems to be too small."
04/07/2021 20:51:39 PM: minime90/mrh/2015/20150605/Images\MRH_X_20150606_004958_029.img reduced chisqr: 1.1338.
			Message:"Tolerance seems to be too small."
04/07/2021 20:51:46 PM: minime90/mrh/2015/20150605/Images\MRH_X_20150606_005355_030.img reduced chisqr: 1.2203.
			Message:"Tolerance seems to be too small."
04/07/2021 20:51:52 PM: minime90/mrh/2015/20150605/Images\MRH_X_20150606_005708_031.img reduced chisqr: 1.3847.
			Message:"Tolerance seems to be too small."
04/07/2021 20:51:58 PM: minime90/mrh/2015/20150605/Images\MRH_X_20150606_010017_032.img reduced chisqr: 1.1316.
			Message:"Tolerance seems to be too small."
04/07/2021 20:52:05 PM: minime90/mrh/2015/20150605/Images\MRH_X_20150606_010327_033.img reduced chisqr: 1.2412.
			Message:"Tolerance seems to be too small."
04/07/2021 20:52:11 PM: minime90/mrh/2015/20150605/Images\MRH_X_20150606_010637_034.img reduced chisqr: 1.3151.
			Message:"Tolerance seems to be too small."
04/07/2021 20:52:18 PM: minime90/mrh/2015/20150605/Images\MRH_X_20150606_010946_035.img reduced chisqr: 1.1687.
			Message:"Tolerance seems to be too small."
04/07/2021 20:52:24 PM: minime90/mrh/2015/20150605/Images\MRH_X_20150606_011256_036.img reduced chisqr: 1.1260.
			Message:"Tolerance seems to be too small."
04/07/2021 20:52:31 PM: minime90/mrh/2015/20150605/Images\MRH_X_20150606_011605_037.img reduced chisqr: 1.1306.
			Message:"Tolerance seems to be too small."
04/07/2021 20:52:38 PM: minime90/mrh/2015/20150605/Images\MRH_X_20150606_011914_038.img reduced chisqr: 1.1582.
			Message:"Tolerance seems to be too small."
04/07/2021 20:52:45 PM: minime90/mrh/2015/20150605/Images\MRH_X_20150606_012222_039.img reduced chisqr: 1.0866.
			Message:"Tolerance seems to be too small."
04/07/2021 20:52:51 PM: minime90/mrh/2015/20150605/Images\MRH_X_20150606_012619_040.img reduced chisqr: 1.1714.
			Message:"Tolerance seems to be too small."
04/07/2021 20:52:58 PM: minime90/mrh/2015/20150605/Images\MRH_X_20150606_012932_041.img reduced chisqr: 1.1508.
			Message:"Tolerance seems to be too small."
04/07/2021 20:53:04 PM: minime90/mrh/2015/20150605/Images\MRH_X_20150606_013242_042.img reduced chisqr: 1.0982.
			Message:"Tolerance seems to be too small."
04/07/2021 20:53:11 PM: minime90/mrh/2015/20150605/Images\MRH_X_20150606_013551_043.img reduced chisqr: 1.1640.
			Message:"Tolerance seems to be too small."
04/07/2021 20:53:17 PM: minime90/mrh/2015/20150605/Images\MRH_X_20150606_013901_044.img reduced chisqr: 1.2774.
			Message:"Tolerance seems to be too small."
04/07/2021 20:53:23 PM: minime90/mrh/2015/20150605/Images\MRH_X_20150606_014211_045.img reduced chisqr: 1.1917.
			Message:"Tolerance seems to be too small."
04/07/2021 20:53:30 PM: minime90/mrh/2015/20150605/Images\MRH_X_20150606_014521_046.img reduced chisqr: 1.2750.
			Message:"Tolerance seems to be too small."
04/07/2021 20:53:36 PM: minime90/mrh/2015/20150605/Images\MRH_X_20150606_014829_047.img reduced chisqr: 1.1520.
			Message:"Tolerance seems to be too small."
04/07/2021 20:53:43 PM: minime90/mrh/2015/20150605/Images\MRH_X_20150606_015138_048.img reduced chisqr: 1.1259.
			Message:"Tolerance seems to be too small."
04/07/2021 20:53:49 PM: minime90/mrh/2015/20150605/Images\MRH_X_20150606_015447_049.img reduced chisqr: 1.1977.
			Message:"Tolerance seems to be too small."
04/07/2021 20:53:56 PM: minime90/mrh/2015/20150605/Images\MRH_X_20150606_015843_050.img reduced chisqr: 1.2453.
			Message:"Tolerance seems to be too small."
04/07/2021 20:54:02 PM: minime90/mrh/2015/20150605/Images\MRH_X_20150606_020155_051.img reduced chisqr: 1.1898.
			Message:"Tolerance seems to be too small."
04/07/2021 20:54:08 PM: minime90/mrh/2015/20150605/Images\MRH_X_20150606_020505_052.img reduced chisqr: 1.1386.
			Message:"Tolerance seems to be too small."
04/07/2021 20:54:15 PM: minime90/mrh/2015/20150605/Images\MRH_X_20150606_020815_053.img reduced chisqr: 1.1574.
			Message:"Tolerance seems to be too small."
04/07/2021 20:54:21 PM: minime90/mrh/2015/20150605/Images\MRH_X_20150606_021125_054.img reduced chisqr: 1.2205.
			Message:"Tolerance seems to be too small."
04/07/2021 20:54:28 PM: minime90/mrh/2015/20150605/Images\MRH_X_20150606_021435_055.img reduced chisqr: 1.2697.
			Message:"Tolerance seems to be too small."
04/07/2021 20:54:34 PM: minime90/mrh/2015/20150605/Images\MRH_X_20150606_021744_056.img reduced chisqr: 1.4697.
			Message:"Tolerance seems to be too small."
04/07/2021 20:54:41 PM: minime90/mrh/2015/20150605/Images\MRH_X_20150606_022053_057.img reduced chisqr: 1.0518.
			Message:"Tolerance seems to be too small."
04/07/2021 20:54:47 PM: minime90/mrh/2015/20150605/Images\MRH_X_20150606_022402_058.img reduced chisqr: 1.2351.
			Message:"Tolerance seems to be too small."
04/07/2021 20:54:54 PM: minime90/mrh/2015/20150605/Images\MRH_X_20150606_022710_059.img reduced chisqr: 1.3125.
			Message:"Tolerance seems to be too small."
04/07/2021 20:55:00 PM: minime90/mrh/2015/20150605/Images\MRH_X_20150606_023107_060.img reduced chisqr: 1.1945.
			Message:"Tolerance seems to be too small."
04/07/2021 20:55:07 PM: minime90/mrh/2015/20150605/Images\MRH_X_20150606_023419_061.img reduced chisqr: 1.1965.
			Message:"Tolerance seems to be too small."
04/07/2021 20:55:13 PM: minime90/mrh/2015/20150605/Images\MRH_X_20150606_024039_063.img reduced chisqr: 1.0588.
			Message:"Tolerance seems to be too small."
04/07/2021 20:55:20 PM: minime90/mrh/2015/20150605/Images\MRH_X_20150606_024349_064.img reduced chisqr: 1.1861.
			Message:"Tolerance seems to be too small."
04/07/2021 20:55:26 PM: minime90/mrh/2015/20150605/Images\MRH_X_20150606_024659_065.img reduced chisqr: 1.3158.
			Message:"Tolerance seems to be too small."
04/07/2021 20:55:33 PM: minime90/mrh/2015/20150605/Images\MRH_X_20150606_025008_066.img reduced chisqr: 1.1590.
			Message:"Tolerance seems to be too small."
04/07/2021 20:55:39 PM: minime90/mrh/2015/20150605/Images\MRH_X_20150606_025317_067.img reduced chisqr: 1.1695.
			Message:"Tolerance seems to be too small."
04/07/2021 20:55:46 PM: minime90/mrh/2015/20150605/Images\MRH_X_20150606_025626_068.img reduced chisqr: 1.2630.
			Message:"Tolerance seems to be too small."
04/07/2021 20:55:52 PM: minime90/mrh/2015/20150605/Images\MRH_X_20150606_025935_069.img reduced chisqr: 1.2757.
			Message:"Tolerance seems to be too small."
04/07/2021 20:55:58 PM: minime90/mrh/2015/20150605/Images\MRH_X_20150606_030331_070.img reduced chisqr: 1.5004.
			Message:"Tolerance seems to be too small."
04/07/2021 20:56:05 PM: minime90/mrh/2015/20150605/Images\MRH_X_20150606_030643_071.img reduced chisqr: 1.4956.
			Message:"Tolerance seems to be too small."
04/07/2021 20:56:11 PM: minime90/mrh/2015/20150605/Images\MRH_X_20150606_031303_073.img reduced chisqr: 1.4318.
			Message:"Tolerance seems to be too small."
04/07/2021 20:56:17 PM: minime90/mrh/2015/20150605/Images\MRH_X_20150606_031613_074.img reduced chisqr: 1.5882.
			Message:"Tolerance seems to be too small."
04/07/2021 20:56:23 PM: minime90/mrh/2015/20150605/Images\MRH_X_20150606_031923_075.img reduced chisqr: 1.2123.
			Message:"Tolerance seems to be too small."
04/07/2021 20:56:30 PM: minime90/mrh/2015/20150605/Images\MRH_X_20150606_032232_076.img reduced chisqr: 1.3414.
			Message:"Tolerance seems to be too small."
04/07/2021 20:56:36 PM: minime90/mrh/2015/20150605/Images\MRH_X_20150606_032541_077.img reduced chisqr: 1.2519.
			Message:"Tolerance seems to be too small."
04/07/2021 20:56:42 PM: minime90/mrh/2015/20150605/Images\MRH_X_20150606_032849_078.img reduced chisqr: 1.1298.
			Message:"Tolerance seems to be too small."
04/07/2021 20:56:49 PM: minime90/mrh/2015/20150605/Images\MRH_X_20150606_033157_079.img reduced chisqr: 1.0699.
			Message:"Tolerance seems to be too small."
04/07/2021 20:56:55 PM: minime90/mrh/2015/20150605/Images\MRH_X_20150606_033555_080.img reduced chisqr: 1.5526.
			Message:"Tolerance seems to be too small."
04/07/2021 20:57:01 PM: minime90/mrh/2015/20150605/Images\MRH_X_20150606_033907_081.img reduced chisqr: 1.3909.
			Message:"Tolerance seems to be too small."
04/07/2021 20:57:08 PM: minime90/mrh/2015/20150605/Images\MRH_X_20150606_034527_083.img reduced chisqr: 1.2452.
			Message:"Tolerance seems to be too small."
04/07/2021 20:57:14 PM: minime90/mrh/2015/20150605/Images\MRH_X_20150606_034837_084.img reduced chisqr: 1.4741.
			Message:"Tolerance seems to be too small."
04/07/2021 20:57:21 PM: minime90/mrh/2015/20150605/Images\MRH_X_20150606_035146_085.img reduced chisqr: 1.4575.
			Message:"Tolerance seems to be too small."
04/07/2021 20:57:27 PM: minime90/mrh/2015/20150605/Images\MRH_X_20150606_035456_086.img reduced chisqr: 1.3782.
			Message:"Tolerance seems to be too small."
04/07/2021 20:57:34 PM: minime90/mrh/2015/20150605/Images\MRH_X_20150606_035804_087.img reduced chisqr: 1.3447.
			Message:"Tolerance seems to be too small."
04/07/2021 20:57:40 PM: minime90/mrh/2015/20150605/Images\MRH_X_20150606_040112_088.img reduced chisqr: 1.6344.
			Message:"Tolerance seems to be too small."
04/07/2021 20:57:46 PM: minime90/mrh/2015/20150605/Images\MRH_X_20150606_040421_089.img reduced chisqr: 1.2911.
			Message:"Tolerance seems to be too small."
04/07/2021 20:57:53 PM: minime90/mrh/2015/20150605/Images\MRH_X_20150606_040819_090.img reduced chisqr: 1.6017.
			Message:"Tolerance seems to be too small."
04/07/2021 20:57:59 PM: minime90/mrh/2015/20150605/Images\MRH_X_20150606_041131_091.img reduced chisqr: 1.6696.
			Message:"Tolerance seems to be too small."
04/07/2021 20:58:05 PM: minime90/mrh/2015/20150605/Images\MRH_X_20150606_041750_093.img reduced chisqr: 1.6078.
			Message:"Tolerance seems to be too small."
04/07/2021 20:58:12 PM: minime90/mrh/2015/20150605/Images\MRH_X_20150606_042101_094.img reduced chisqr: 1.6357.
			Message:"Tolerance seems to be too small."
04/07/2021 20:58:18 PM: minime90/mrh/2015/20150605/Images\MRH_X_20150606_042411_095.img reduced chisqr: 1.8059.
			Message:"Tolerance seems to be too small."
04/07/2021 20:58:25 PM: minime90/mrh/2015/20150605/Images\MRH_X_20150606_042721_096.img reduced chisqr: 1.4491.
			Message:"Tolerance seems to be too small."
04/07/2021 20:58:32 PM: minime90/mrh/2015/20150605/Images\MRH_X_20150606_043030_097.img reduced chisqr: 1.5802.
			Message:"Tolerance seems to be too small."
04/07/2021 20:58:39 PM: minime90/mrh/2015/20150605/Images\MRH_X_20150606_043338_098.img reduced chisqr: 1.5048.
			Message:"Tolerance seems to be too small."
04/07/2021 20:58:46 PM: minime90/mrh/2015/20150605/Images\MRH_X_20150606_043647_099.img reduced chisqr: 1.7712.
			Message:"Tolerance seems to be too small."
04/07/2021 20:58:53 PM: minime90/mrh/2015/20150605/Images\MRH_X_20150606_044044_100.img reduced chisqr: 1.5625.
			Message:"Tolerance seems to be too small."
04/07/2021 20:59:00 PM: minime90/mrh/2015/20150605/Images\MRH_X_20150606_045016_103.img reduced chisqr: 1.4645.
			Message:"Tolerance seems to be too small."
04/07/2021 20:59:07 PM: minime90/mrh/2015/20150605/Images\MRH_X_20150606_045326_104.img reduced chisqr: 1.6978.
			Message:"Tolerance seems to be too small."
04/07/2021 20:59:13 PM: minime90/mrh/2015/20150605/Images\MRH_X_20150606_045636_105.img reduced chisqr: 1.7701.
			Message:"Tolerance seems to be too small."
04/07/2021 20:59:20 PM: minime90/mrh/2015/20150605/Images\MRH_X_20150606_045946_106.img reduced chisqr: 1.7326.
			Message:"Tolerance seems to be too small."
04/07/2021 20:59:26 PM: minime90/mrh/2015/20150605/Images\MRH_X_20150606_050255_107.img reduced chisqr: 1.9873.
			Message:"Tolerance seems to be too small."
04/07/2021 20:59:32 PM: minime90/mrh/2015/20150605/Images\MRH_X_20150606_050603_108.img reduced chisqr: 1.8583.
			Message:"Tolerance seems to be too small."
04/07/2021 20:59:39 PM: minime90/mrh/2015/20150605/Images\MRH_X_20150606_050911_109.img reduced chisqr: 2.0239.
			Message:"Tolerance seems to be too small."
04/07/2021 20:59:45 PM: minime90/mrh/2015/20150605/Images\MRH_X_20150606_051309_110.img reduced chisqr: 1.9969.
			Message:"Tolerance seems to be too small."
04/07/2021 20:59:51 PM: minime90/mrh/2015/20150605/Images\MRH_X_20150606_052240_113.img reduced chisqr: 1.7433.
			Message:"Tolerance seems to be too small."
04/07/2021 20:59:58 PM: minime90/mrh/2015/20150605/Images\MRH_X_20150606_052551_114.img reduced chisqr: 1.7627.
			Message:"Tolerance seems to be too small."
04/07/2021 21:00:04 PM: minime90/mrh/2015/20150605/Images\MRH_X_20150606_052900_115.img reduced chisqr: 1.4877.
			Message:"Tolerance seems to be too small."
04/07/2021 21:00:11 PM: minime90/mrh/2015/20150605/Images\MRH_X_20150606_053210_116.img reduced chisqr: 1.5907.
			Message:"Tolerance seems to be too small."
04/07/2021 21:00:17 PM: minime90/mrh/2015/20150605/Images\MRH_X_20150606_053518_117.img reduced chisqr: 1.6905.
			Message:"Tolerance seems to be too small."
04/07/2021 21:00:24 PM: minime90/mrh/2015/20150605/Images\MRH_X_20150606_053827_118.img reduced chisqr: 1.3105.
			Message:"Tolerance seems to be too small."
04/07/2021 21:00:31 PM: minime90/mrh/2015/20150605/Images\MRH_X_20150606_054135_119.img reduced chisqr: 1.3197.
			Message:"Tolerance seems to be too small."
04/07/2021 21:00:37 PM: minime90/mrh/2015/20150605/Images\MRH_X_20150606_054533_120.img reduced chisqr: 1.5951.
			Message:"Tolerance seems to be too small."
04/07/2021 21:00:44 PM: minime90/mrh/2015/20150605/Images\MRH_X_20150606_055815_124.img reduced chisqr: 1.4179.
			Message:"Tolerance seems to be too small."
04/07/2021 21:00:50 PM: minime90/mrh/2015/20150605/Images\MRH_X_20150606_060125_125.img reduced chisqr: 1.2875.
			Message:"Tolerance seems to be too small."
04/07/2021 21:00:56 PM: minime90/mrh/2015/20150605/Images\MRH_X_20150606_060434_126.img reduced chisqr: 1.3526.
			Message:"Tolerance seems to be too small."
04/07/2021 21:01:03 PM: minime90/mrh/2015/20150605/Images\MRH_X_20150606_060743_127.img reduced chisqr: 1.2431.
			Message:"Tolerance seems to be too small."
04/07/2021 21:01:09 PM: minime90/mrh/2015/20150605/Images\MRH_X_20150606_061051_128.img reduced chisqr: 1.4038.
			Message:"Tolerance seems to be too small."
04/07/2021 21:01:15 PM: minime90/mrh/2015/20150605/Images\MRH_X_20150606_061400_129.img reduced chisqr: 1.3012.
			Message:"Tolerance seems to be too small."
04/07/2021 21:01:22 PM: minime90/mrh/2015/20150605/Images\MRH_X_20150606_061758_130.img reduced chisqr: 1.6709.
			Message:"Tolerance seems to be too small."
04/07/2021 21:01:28 PM: minime90/mrh/2015/20150605/Images\MRH_X_20150606_063039_134.img reduced chisqr: 1.6166.
			Message:"Tolerance seems to be too small."
04/07/2021 21:01:35 PM: minime90/mrh/2015/20150605/Images\MRH_X_20150606_063349_135.img reduced chisqr: 1.4017.
			Message:"Tolerance seems to be too small."
04/07/2021 21:01:41 PM: minime90/mrh/2015/20150605/Images\MRH_X_20150606_063659_136.img reduced chisqr: 1.5951.
			Message:"Tolerance seems to be too small."
04/07/2021 21:01:47 PM: minime90/mrh/2015/20150605/Images\MRH_X_20150606_064007_137.img reduced chisqr: 1.3815.
			Message:"Tolerance seems to be too small."
04/07/2021 21:01:54 PM: minime90/mrh/2015/20150605/Images\MRH_X_20150606_064315_138.img reduced chisqr: 1.4507.
			Message:"Tolerance seems to be too small."
04/07/2021 21:02:00 PM: minime90/mrh/2015/20150605/Images\MRH_X_20150606_064624_139.img reduced chisqr: 1.2278.
			Message:"Tolerance seems to be too small."
04/07/2021 21:02:07 PM: minime90/mrh/2015/20150605/Images\MRH_X_20150606_065021_140.img reduced chisqr: 1.5355.
			Message:"Tolerance seems to be too small."
04/07/2021 21:02:13 PM: minime90/mrh/2015/20150605/Images\MRH_X_20150606_070303_144.img reduced chisqr: 2.0151.
			Message:"Tolerance seems to be too small."
04/07/2021 21:02:19 PM: minime90/mrh/2015/20150605/Images\MRH_X_20150606_070613_145.img reduced chisqr: 1.4008.
			Message:"Tolerance seems to be too small."
04/07/2021 21:02:26 PM: minime90/mrh/2015/20150605/Images\MRH_X_20150606_070923_146.img reduced chisqr: 1.5445.
			Message:"Tolerance seems to be too small."
04/07/2021 21:02:32 PM: minime90/mrh/2015/20150605/Images\MRH_X_20150606_071232_147.img reduced chisqr: 1.7147.
			Message:"Tolerance seems to be too small."
04/07/2021 21:02:39 PM: minime90/mrh/2015/20150605/Images\MRH_X_20150606_071540_148.img reduced chisqr: 1.3152.
			Message:"Tolerance seems to be too small."
04/07/2021 21:02:45 PM: minime90/mrh/2015/20150605/Images\MRH_X_20150606_071848_149.img reduced chisqr: 1.4841.
			Message:"Tolerance seems to be too small."
04/07/2021 21:02:52 PM: minime90/mrh/2015/20150605/Images\MRH_X_20150606_072245_150.img reduced chisqr: 1.8012.
			Message:"Tolerance seems to be too small."
04/07/2021 21:02:58 PM: minime90/mrh/2015/20150605/Images\MRH_X_20150606_072907_152.img reduced chisqr: 1.7875.
			Message:"Tolerance seems to be too small."
04/07/2021 21:03:04 PM: minime90/mrh/2015/20150605/Images\MRH_X_20150606_073526_154.img reduced chisqr: 1.5852.
			Message:"Tolerance seems to be too small."
04/07/2021 21:03:11 PM: minime90/mrh/2015/20150605/Images\MRH_X_20150606_073836_155.img reduced chisqr: 1.6464.
			Message:"Tolerance seems to be too small."
04/07/2021 21:03:17 PM: minime90/mrh/2015/20150605/Images\MRH_X_20150606_074146_156.img reduced chisqr: 1.6207.
			Message:"Tolerance seems to be too small."
04/07/2021 21:03:24 PM: minime90/mrh/2015/20150605/Images\MRH_X_20150606_074454_157.img reduced chisqr: 1.4948.
			Message:"Tolerance seems to be too small."
04/07/2021 21:03:30 PM: minime90/mrh/2015/20150605/Images\MRH_X_20150606_074803_158.img reduced chisqr: 1.6040.
			Message:"Tolerance seems to be too small."
04/07/2021 21:03:37 PM: minime90/mrh/2015/20150605/Images\MRH_X_20150606_075112_159.img reduced chisqr: 1.4763.
			Message:"Tolerance seems to be too small."
04/07/2021 21:03:43 PM: minime90/mrh/2015/20150605/Images\MRH_X_20150606_075509_160.img reduced chisqr: 1.5771.
			Message:"Tolerance seems to be too small."
04/07/2021 21:03:50 PM: minime90/mrh/2015/20150605/Images\MRH_X_20150606_080131_162.img reduced chisqr: 1.5189.
			Message:"Tolerance seems to be too small."
04/07/2021 21:03:56 PM: minime90/mrh/2015/20150605/Images\MRH_X_20150606_080750_164.img reduced chisqr: 1.5721.
			Message:"Tolerance seems to be too small."
04/07/2021 21:04:02 PM: minime90/mrh/2015/20150605/Images\MRH_X_20150606_081101_165.img reduced chisqr: 1.5118.
			Message:"Tolerance seems to be too small."
04/07/2021 21:04:09 PM: minime90/mrh/2015/20150605/Images\MRH_X_20150606_081410_166.img reduced chisqr: 1.6327.
			Message:"Tolerance seems to be too small."
04/07/2021 21:04:15 PM: minime90/mrh/2015/20150605/Images\MRH_X_20150606_081719_167.img reduced chisqr: 1.6187.
			Message:"Tolerance seems to be too small."
04/07/2021 21:04:21 PM: minime90/mrh/2015/20150605/Images\MRH_X_20150606_082028_168.img reduced chisqr: 1.4876.
			Message:"Tolerance seems to be too small."
04/07/2021 21:04:27 PM: minime90/mrh/2015/20150605/Images\MRH_X_20150606_082336_169.img reduced chisqr: 1.7788.
			Message:"Tolerance seems to be too small."
04/07/2021 21:04:34 PM: minime90/mrh/2015/20150605/Images\MRH_X_20150606_082732_170.img reduced chisqr: 1.8268.
			Message:"Tolerance seems to be too small."
04/07/2021 21:04:40 PM: minime90/mrh/2015/20150605/Images\MRH_X_20150606_083044_171.img reduced chisqr: 1.4693.
			Message:"Tolerance seems to be too small."
04/07/2021 21:04:46 PM: minime90/mrh/2015/20150605/Images\MRH_X_20150606_083353_172.img reduced chisqr: 1.3593.
			Message:"Tolerance seems to be too small."
04/07/2021 21:04:53 PM: minime90/mrh/2015/20150605/Images\MRH_X_20150606_084014_174.img reduced chisqr: 1.6542.
			Message:"Tolerance seems to be too small."
04/07/2021 21:04:59 PM: minime90/mrh/2015/20150605/Images\MRH_X_20150606_084323_175.img reduced chisqr: 1.6989.
			Message:"Tolerance seems to be too small."
04/07/2021 21:05:06 PM: minime90/mrh/2015/20150605/Images\MRH_X_20150606_084633_176.img reduced chisqr: 1.3917.
			Message:"Tolerance seems to be too small."
04/07/2021 21:05:12 PM: minime90/mrh/2015/20150605/Images\MRH_X_20150606_084941_177.img reduced chisqr: 1.4524.
			Message:"Tolerance seems to be too small."
04/07/2021 21:05:19 PM: minime90/mrh/2015/20150605/Images\MRH_X_20150606_085250_178.img reduced chisqr: 1.4454.
			Message:"Tolerance seems to be too small."
04/07/2021 21:05:25 PM: minime90/mrh/2015/20150605/Images\MRH_X_20150606_085558_179.img reduced chisqr: 1.3518.
			Message:"Tolerance seems to be too small."
04/07/2021 21:05:32 PM: minime90/mrh/2015/20150605/Images\MRH_X_20150606_085956_180.img reduced chisqr: 1.2363.
			Message:"Tolerance seems to be too small."
04/07/2021 21:05:38 PM: minime90/mrh/2015/20150605/Images\MRH_X_20150606_090307_181.img reduced chisqr: 1.2156.
			Message:"Tolerance seems to be too small."
04/07/2021 21:05:45 PM: minime90/mrh/2015/20150605/Images\MRH_X_20150606_090617_182.img reduced chisqr: 1.2948.
			Message:"Tolerance seems to be too small."
04/07/2021 21:05:51 PM: minime90/mrh/2015/20150605/Images\MRH_X_20150606_091857_186.img reduced chisqr: 1.1686.
			Message:"Tolerance seems to be too small."
04/07/2021 21:05:57 PM: minime90/mrh/2015/20150605/Images\MRH_X_20150606_092206_187.img reduced chisqr: 1.4523.
			Message:"Tolerance seems to be too small."
04/07/2021 21:06:04 PM: minime90/mrh/2015/20150605/Images\MRH_X_20150606_092514_188.img reduced chisqr: 1.2896.
			Message:"Tolerance seems to be too small."
04/07/2021 21:06:10 PM: minime90/mrh/2015/20150605/Images\MRH_X_20150606_092822_189.img reduced chisqr: 1.2594.
			Message:"Tolerance seems to be too small."
04/07/2021 21:06:16 PM: minime90/mrh/2015/20150605/Images\MRH_X_20150606_093220_190.img reduced chisqr: 1.3617.
			Message:"Tolerance seems to be too small."
04/07/2021 21:06:22 PM: minime90/mrh/2015/20150605/Images\MRH_X_20150606_093531_191.img reduced chisqr: 1.2612.
			Message:"Tolerance seems to be too small."
04/07/2021 21:06:29 PM: minime90/mrh/2015/20150605/Images\MRH_X_20150606_093841_192.img reduced chisqr: 1.1934.
			Message:"Tolerance seems to be too small."
04/07/2021 21:06:35 PM: minime90/mrh/2015/20150605/Images\MRH_X_20150606_100444_200.img reduced chisqr: 1.2836.
			Message:"Tolerance seems to be too small."
04/07/2021 21:06:41 PM: minime90/mrh/2015/20150605/Images\MRH_X_20150606_100756_201.img reduced chisqr: 1.3187.
			Message:"Tolerance seems to be too small."
04/07/2021 21:06:48 PM: minime90/mrh/2015/20150605/Images\MRH_X_20150606_101105_202.img reduced chisqr: 1.1468.
			Message:"Tolerance seems to be too small."
04/07/2021 21:06:54 PM: minime90/mrh/2015/20150605/Images\MRH_X_20150606_103708_210.img reduced chisqr: 2.0095.
			Message:"Tolerance seems to be too small."
04/07/2021 21:07:00 PM: minime90/mrh/2015/20150605/Images\MRH_X_20150606_104020_211.img reduced chisqr: 2.2773.
			Message:"Tolerance seems to be too small."
04/07/2021 21:07:00 PM: WARNING: Exposure time is not changing.
04/07/2021 21:07:01 PM: Created diagnostic plots.
04/07/2021 21:07:01 PM: Laser and sky image analysis complete.
04/07/2021 21:07:01 PM: No Boltwood cloud sensor data found.
04/07/2021 21:07:01 PM: No X300 temperature sensor data found.
04/07/2021 21:07:01 PM:  Quality Flag Calculation:
		Manual Wind Flag: 0
		Manual Temperature Flag: 0
		Laser Drift: False
		Sample-specific flags:
		Images\MRH_X_20150605_234910_010.img [no cloud data W1T1] [FINAL: W1T1]
		Images\MRH_X_20150605_235222_011.img [no cloud data W1T1] [FINAL: W1T1]
		Images\MRH_X_20150605_235533_012.img [no cloud data W1T1] [FINAL: W1T1]
		Images\MRH_X_20150605_235842_013.img [no cloud data W1T1] [FINAL: W1T1]
		Images\MRH_X_20150606_000153_014.img [no cloud data W1T1] [FINAL: W1T1]
		Images\MRH_X_20150606_000502_015.img [no cloud data W1T1] [FINAL: W1T1]
		Images\MRH_X_20150606_000812_016.img [no cloud data W1T1] [FINAL: W1T1]
		Images\MRH_X_20150606_001120_017.img [no cloud data W1T1] [FINAL: W1T1]
		Images\MRH_X_20150606_001428_018.img [no cloud data W1T1] [FINAL: W1T1]
		Images\MRH_X_20150606_001737_019.img [no cloud data W1T1] [FINAL: W1T1]
		Images\MRH_X_20150606_002133_020.img [no cloud data W1T1] [FINAL: W1T1]
		Images\MRH_X_20150606_002445_021.img [no cloud data W1T1] [FINAL: W1T1]
		Images\MRH_X_20150606_002754_022.img [no cloud data W1T1] [FINAL: W1T1]
		Images\MRH_X_20150606_003104_023.img [no cloud data W1T1] [FINAL: W1T1]
		Images\MRH_X_20150606_003414_024.img [no cloud data W1T1] [FINAL: W1T1]
		Images\MRH_X_20150606_003723_025.img [no cloud data W1T1] [FINAL: W1T1]
		Images\MRH_X_20150606_004033_026.img [no cloud data W1T1] [FINAL: W1T1]
		Images\MRH_X_20150606_004341_027.img [no cloud data W1T1] [FINAL: W1T1]
		Images\MRH_X_20150606_004650_028.img [no cloud data W1T1] [FINAL: W1T1]
		Images\MRH_X_20150606_004958_029.img [no cloud data W1T1] [FINAL: W1T1]
		Images\MRH_X_20150606_005355_030.img [no cloud data W1T1] [FINAL: W1T1]
		Images\MRH_X_20150606_005708_031.img [no cloud data W1T1] [FINAL: W1T1]
		Images\MRH_X_20150606_010017_032.img [no cloud data W1T1] [FINAL: W1T1]
		Images\MRH_X_20150606_010327_033.img [no cloud data W1T1] [FINAL: W1T1]
		Images\MRH_X_20150606_010637_034.img [no cloud data W1T1] [FINAL: W1T1]
		Images\MRH_X_20150606_010946_035.img [no cloud data W1T1] [FINAL: W1T1]
		Images\MRH_X_20150606_011256_036.img [no cloud data W1T1] [FINAL: W1T1]
		Images\MRH_X_20150606_011605_037.img [no cloud data W1T1] [FINAL: W1T1]
		Images\MRH_X_20150606_011914_038.img [no cloud data W1T1] [FINAL: W1T1]
		Images\MRH_X_20150606_012222_039.img [no cloud data W1T1] [FINAL: W1T1]
		Images\MRH_X_20150606_012619_040.img [no cloud data W1T1] [FINAL: W1T1]
		Images\MRH_X_20150606_012932_041.img [no cloud data W1T1] [FINAL: W1T1]
		Images\MRH_X_20150606_013242_042.img [no cloud data W1T1] [FINAL: W1T1]
		Images\MRH_X_20150606_013551_043.img [no cloud data W1T1] [FINAL: W1T1]
		Images\MRH_X_20150606_013901_044.img [no cloud data W1T1] [FINAL: W1T1]
		Images\MRH_X_20150606_014211_045.img [no cloud data W1T1] [FINAL: W1T1]
		Images\MRH_X_20150606_014521_046.img [no cloud data W1T1] [FINAL: W1T1]
		Images\MRH_X_20150606_014829_047.img [no cloud data W1T1] [FINAL: W1T1]
		Images\MRH_X_20150606_015138_048.img [no cloud data W1T1] [FINAL: W1T1]
		Images\MRH_X_20150606_015447_049.img [no cloud data W1T1] [FINAL: W1T1]
		Images\MRH_X_20150606_015843_050.img [no cloud data W1T1] [FINAL: W1T1]
		Images\MRH_X_20150606_020155_051.img [no cloud data W1T1] [FINAL: W1T1]
		Images\MRH_X_20150606_020505_052.img [no cloud data W1T1] [FINAL: W1T1]
		Images\MRH_X_20150606_020815_053.img [no cloud data W1T1] [FINAL: W1T1]
		Images\MRH_X_20150606_021125_054.img [no cloud data W1T1] [FINAL: W1T1]
		Images\MRH_X_20150606_021435_055.img [no cloud data W1T1] [FINAL: W1T1]
		Images\MRH_X_20150606_021744_056.img [no cloud data W1T1] [FINAL: W1T1]
		Images\MRH_X_20150606_022053_057.img [no cloud data W1T1] [FINAL: W1T1]
		Images\MRH_X_20150606_022402_058.img [no cloud data W1T1] [FINAL: W1T1]
		Images\MRH_X_20150606_022710_059.img [no cloud data W1T1] [FINAL: W1T1]
		Images\MRH_X_20150606_023107_060.img [no cloud data W1T1] [FINAL: W1T1]
		Images\MRH_X_20150606_023419_061.img [no cloud data W1T1] [FINAL: W1T1]
		Images\MRH_X_20150606_024039_063.img [no cloud data W1T1] [FINAL: W1T1]
		Images\MRH_X_20150606_024349_064.img [no cloud data W1T1] [FINAL: W1T1]
		Images\MRH_X_20150606_024659_065.img [no cloud data W1T1] [FINAL: W1T1]
		Images\MRH_X_20150606_025008_066.img [no cloud data W1T1] [FINAL: W1T1]
		Images\MRH_X_20150606_025317_067.img [no cloud data W1T1] [FINAL: W1T1]
		Images\MRH_X_20150606_025626_068.img [no cloud data W1T1] [FINAL: W1T1]
		Images\MRH_X_20150606_025935_069.img [no cloud data W1T1] [FINAL: W1T1]
		Images\MRH_X_20150606_030331_070.img [no cloud data W1T1] [FINAL: W1T1]
		Images\MRH_X_20150606_030643_071.img [no cloud data W1T1] [FINAL: W1T1]
		Images\MRH_X_20150606_031303_073.img [no cloud data W1T1] [FINAL: W1T1]
		Images\MRH_X_20150606_031613_074.img [no cloud data W1T1] [FINAL: W1T1]
		Images\MRH_X_20150606_031923_075.img [no cloud data W1T1] [FINAL: W1T1]
		Images\MRH_X_20150606_032232_076.img [no cloud data W1T1] [FINAL: W1T1]
		Images\MRH_X_20150606_032541_077.img [no cloud data W1T1] [FINAL: W1T1]
		Images\MRH_X_20150606_032849_078.img [no cloud data W1T1] [FINAL: W1T1]
		Images\MRH_X_20150606_033157_079.img [no cloud data W1T1] [FINAL: W1T1]
		Images\MRH_X_20150606_033555_080.img [no cloud data W1T1] [FINAL: W1T1]
		Images\MRH_X_20150606_033907_081.img [no cloud data W1T1] [FINAL: W1T1]
		Images\MRH_X_20150606_034527_083.img [no cloud data W1T1] [FINAL: W1T1]
		Images\MRH_X_20150606_034837_084.img [no cloud data W1T1] [FINAL: W1T1]
		Images\MRH_X_20150606_035146_085.img [no cloud data W1T1] [FINAL: W1T1]
		Images\MRH_X_20150606_035456_086.img [no cloud data W1T1] [FINAL: W1T1]
		Images\MRH_X_20150606_035804_087.img [no cloud data W1T1] [FINAL: W1T1]
		Images\MRH_X_20150606_040112_088.img [no cloud data W1T1] [FINAL: W1T1]
		Images\MRH_X_20150606_040421_089.img [no cloud data W1T1] [FINAL: W1T1]
		Images\MRH_X_20150606_040819_090.img [no cloud data W1T1] [FINAL: W1T1]
		Images\MRH_X_20150606_041131_091.img [no cloud data W1T1] [FINAL: W1T1]
		Images\MRH_X_20150606_041750_093.img [no cloud data W1T1] [FINAL: W1T1]
		Images\MRH_X_20150606_042101_094.img [no cloud data W1T1] [FINAL: W1T1]
		Images\MRH_X_20150606_042411_095.img [no cloud data W1T1] [FINAL: W1T1]
		Images\MRH_X_20150606_042721_096.img [no cloud data W1T1] [FINAL: W1T1]
		Images\MRH_X_20150606_043030_097.img [no cloud data W1T1] [FINAL: W1T1]
		Images\MRH_X_20150606_043338_098.img [no cloud data W1T1] [FINAL: W1T1]
		Images\MRH_X_20150606_043647_099.img [no cloud data W1T1] [FINAL: W1T1]
		Images\MRH_X_20150606_044044_100.img [no cloud data W1T1] [FINAL: W1T1]
		Images\MRH_X_20150606_045016_103.img [no cloud data W1T1] [FINAL: W1T1]
		Images\MRH_X_20150606_045326_104.img [no cloud data W1T1] [FINAL: W1T1]
		Images\MRH_X_20150606_045636_105.img [no cloud data W1T1] [FINAL: W1T1]
		Images\MRH_X_20150606_045946_106.img [no cloud data W1T1] [FINAL: W1T1]
		Images\MRH_X_20150606_050255_107.img [no cloud data W1T1] [FINAL: W1T1]
		Images\MRH_X_20150606_050603_108.img [no cloud data W1T1] [FINAL: W1T1]
		Images\MRH_X_20150606_050911_109.img [no cloud data W1T1] [FINAL: W1T1]
		Images\MRH_X_20150606_051309_110.img [no cloud data W1T1] [FINAL: W1T1]
		Images\MRH_X_20150606_052240_113.img [no cloud data W1T1] [FINAL: W1T1]
		Images\MRH_X_20150606_052551_114.img [no cloud data W1T1] [FINAL: W1T1]
		Images\MRH_X_20150606_052900_115.img [no cloud data W1T1] [FINAL: W1T1]
		Images\MRH_X_20150606_053210_116.img [no cloud data W1T1] [FINAL: W1T1]
		Images\MRH_X_20150606_053518_117.img [no cloud data W1T1] [FINAL: W1T1]
		Images\MRH_X_20150606_053827_118.img [no cloud data W1T1] [FINAL: W1T1]
		Images\MRH_X_20150606_054135_119.img [no cloud data W1T1] [FINAL: W1T1]
		Images\MRH_X_20150606_054533_120.img [no cloud data W1T1] [FINAL: W1T1]
		Images\MRH_X_20150606_055815_124.img [no cloud data W1T1] [FINAL: W1T1]
		Images\MRH_X_20150606_060125_125.img [no cloud data W1T1] [FINAL: W1T1]
		Images\MRH_X_20150606_060434_126.img [no cloud data W1T1] [FINAL: W1T1]
		Images\MRH_X_20150606_060743_127.img [no cloud data W1T1] [FINAL: W1T1]
		Images\MRH_X_20150606_061051_128.img [no cloud data W1T1] [FINAL: W1T1]
		Images\MRH_X_20150606_061400_129.img [no cloud data W1T1] [FINAL: W1T1]
		Images\MRH_X_20150606_061758_130.img [no cloud data W1T1] [FINAL: W1T1]
		Images\MRH_X_20150606_063039_134.img [no cloud data W1T1] [FINAL: W1T1]
		Images\MRH_X_20150606_063349_135.img [no cloud data W1T1] [FINAL: W1T1]
		Images\MRH_X_20150606_063659_136.img [no cloud data W1T1] [FINAL: W1T1]
		Images\MRH_X_20150606_064007_137.img [no cloud data W1T1] [FINAL: W1T1]
		Images\MRH_X_20150606_064315_138.img [no cloud data W1T1] [FINAL: W1T1]
		Images\MRH_X_20150606_064624_139.img [no cloud data W1T1] [FINAL: W1T1]
		Images\MRH_X_20150606_065021_140.img [no cloud data W1T1] [FINAL: W1T1]
		Images\MRH_X_20150606_070303_144.img [no cloud data W1T1] [FINAL: W1T1]
		Images\MRH_X_20150606_070613_145.img [no cloud data W1T1] [FINAL: W1T1]
		Images\MRH_X_20150606_070923_146.img [no cloud data W1T1] [FINAL: W1T1]
		Images\MRH_X_20150606_071232_147.img [no cloud data W1T1] [FINAL: W1T1]
		Images\MRH_X_20150606_071540_148.img [no cloud data W1T1] [FINAL: W1T1]
		Images\MRH_X_20150606_071848_149.img [no cloud data W1T1] [FINAL: W1T1]
		Images\MRH_X_20150606_072245_150.img [no cloud data W1T1] [FINAL: W1T1]
		Images\MRH_X_20150606_072907_152.img [no cloud data W1T1] [FINAL: W1T1]
		Images\MRH_X_20150606_073526_154.img [no cloud data W1T1] [FINAL: W1T1]
		Images\MRH_X_20150606_073836_155.img [no cloud data W1T1] [FINAL: W1T1]
		Images\MRH_X_20150606_074146_156.img [no cloud data W1T1] [FINAL: W1T1]
		Images\MRH_X_20150606_074454_157.img [no cloud data W1T1] [FINAL: W1T1]
		Images\MRH_X_20150606_074803_158.img [no cloud data W1T1] [FINAL: W1T1]
		Images\MRH_X_20150606_075112_159.img [no cloud data W1T1] [FINAL: W1T1]
		Images\MRH_X_20150606_075509_160.img [no cloud data W1T1] [FINAL: W1T1]
		Images\MRH_X_20150606_080131_162.img [no cloud data W1T1] [sigma_T large: W2T2] [FINAL: W2T2]
		Images\MRH_X_20150606_080750_164.img [no cloud data W1T1] [sigma_T large: W2T2] [FINAL: W2T2]
		Images\MRH_X_20150606_081101_165.img [no cloud data W1T1] [sigma_T large: W2T2] [FINAL: W2T2]
		Images\MRH_X_20150606_081410_166.img [no cloud data W1T1] [sigma_T large: W2T2] [FINAL: W2T2]
		Images\MRH_X_20150606_081719_167.img [no cloud data W1T1] [sigma_T large: W2T2] [FINAL: W2T2]
		Images\MRH_X_20150606_082028_168.img [no cloud data W1T1] [sigma_T large: W2T2] [FINAL: W2T2]
		Images\MRH_X_20150606_082336_169.img [no cloud data W1T1] [sigma_T large: W2T2] [FINAL: W2T2]
		Images\MRH_X_20150606_082732_170.img [no cloud data W1T1] [sigma_T large: W2T2] [FINAL: W2T2]
		Images\MRH_X_20150606_083044_171.img [no cloud data W1T1] [sigma_T large: W2T2] [FINAL: W2T2]
		Images\MRH_X_20150606_083353_172.img [no cloud data W1T1] [sigma_T large: W2T2] [FINAL: W2T2]
		Images\MRH_X_20150606_084014_174.img [no cloud data W1T1] [sigma_T large: W2T2] [FINAL: W2T2]
		Images\MRH_X_20150606_084323_175.img [no cloud data W1T1] [sigma_T large: W2T2] [FINAL: W2T2]
		Images\MRH_X_20150606_084633_176.img [no cloud data W1T1] [sigma_T large: W2T2] [FINAL: W2T2]
		Images\MRH_X_20150606_084941_177.img [no cloud data W1T1] [sigma_T large: W2T2] [FINAL: W2T2]
		Images\MRH_X_20150606_085250_178.img [no cloud data W1T1] [sigma_T large: W2T2] [FINAL: W2T2]
		Images\MRH_X_20150606_085558_179.img [no cloud data W1T1] [sigma_T large: W2T2] [FINAL: W2T2]
		Images\MRH_X_20150606_085956_180.img [no cloud data W1T1] [sigma_T large: W2T2] [FINAL: W2T2]
		Images\MRH_X_20150606_090307_181.img [no cloud data W1T1] [sigma_T large: W2T2] [FINAL: W2T2]
		Images\MRH_X_20150606_090617_182.img [no cloud data W1T1] [sigma_T large: W2T2] [FINAL: W2T2]
		Images\MRH_X_20150606_091857_186.img [no cloud data W1T1] [sigma_T large: W2T2] [FINAL: W2T2]
		Images\MRH_X_20150606_092206_187.img [no cloud data W1T1] [sigma_T large: W2T2] [FINAL: W2T2]
		Images\MRH_X_20150606_092514_188.img [no cloud data W1T1] [sigma_T large: W2T2] [FINAL: W2T2]
		Images\MRH_X_20150606_092822_189.img [no cloud data W1T1] [sigma_T large: W2T2] [FINAL: W2T2]
		Images\MRH_X_20150606_093220_190.img [no cloud data W1T1] [sigma_T large: W2T2] [FINAL: W2T2]
		Images\MRH_X_20150606_093531_191.img [no cloud data W1T1] [sigma_T large: W2T2] [FINAL: W2T2]
		Images\MRH_X_20150606_093841_192.img [no cloud data W1T1] [sigma_T large: W2T2] [FINAL: W2T2]
		Images\MRH_X_20150606_100444_200.img [no cloud data W1T1] [sigma_T large: W2T2] [FINAL: W2T2]
		Images\MRH_X_20150606_100756_201.img [no cloud data W1T1] [sigma_T large: W2T2] [FINAL: W2T2]
		Images\MRH_X_20150606_101105_202.img [no cloud data W1T1] [sigma_T large: W2T2] [FINAL: W2T2]
		Images\MRH_X_20150606_103708_210.img [no cloud data W1T1] [FINAL: W1T1]
		Images\MRH_X_20150606_104020_211.img [no cloud data W1T1] [FINAL: W1T1]
04/07/2021 21:07:01 PM: Results saved to results/minime90_mrh_20150605.npz
