04/07/2021 22:28:36 PM: Logfile Created
04/07/2021 22:28:36 PM: Sun up during minime90/mrh/2015/20150612/Images\MRH_L_20150612_231236_001.img. Ignoring this image...
04/07/2021 22:28:37 PM: minime90/mrh/2015/20150612/Images\MRH_L_20150612_234906_002.img center: 257.60, 254.64
04/07/2021 22:28:37 PM: minime90/mrh/2015/20150612/Images\MRH_L_20150613_002125_003.img center: 257.61, 254.67
04/07/2021 22:28:37 PM: minime90/mrh/2015/20150612/Images\MRH_L_20150613_005343_004.img center: 257.56, 254.68
04/07/2021 22:28:37 PM: minime90/mrh/2015/20150612/Images\MRH_L_20150613_012601_005.img center: 257.63, 254.71
04/07/2021 22:28:38 PM: minime90/mrh/2015/20150612/Images\MRH_L_20150613_015819_006.img center: 257.58, 254.69
04/07/2021 22:28:38 PM: minime90/mrh/2015/20150612/Images\MRH_L_20150613_023037_007.img center: 257.63, 254.71
04/07/2021 22:28:38 PM: minime90/mrh/2015/20150612/Images\MRH_L_20150613_030255_008.img center: 257.65, 254.70
04/07/2021 22:28:38 PM: minime90/mrh/2015/20150612/Images\MRH_L_20150613_033513_009.img center: 257.61, 254.74
04/07/2021 22:28:39 PM: minime90/mrh/2015/20150612/Images\MRH_L_20150613_040731_010.img center: 257.62, 254.73
04/07/2021 22:28:39 PM: minime90/mrh/2015/20150612/Images\MRH_L_20150613_043949_011.img center: 257.59, 254.73
04/07/2021 22:28:39 PM: minime90/mrh/2015/20150612/Images\MRH_L_20150613_051208_012.img center: 257.50, 254.70
04/07/2021 22:28:39 PM: minime90/mrh/2015/20150612/Images\MRH_L_20150613_054426_013.img center: 257.56, 254.68
04/07/2021 22:28:40 PM: minime90/mrh/2015/20150612/Images\MRH_L_20150613_061645_014.img center: 257.57, 254.69
04/07/2021 22:28:40 PM: minime90/mrh/2015/20150612/Images\MRH_L_20150613_064903_015.img center: 257.60, 254.73
04/07/2021 22:28:40 PM: minime90/mrh/2015/20150612/Images\MRH_L_20150613_072121_016.img center: 257.58, 254.72
04/07/2021 22:28:40 PM: minime90/mrh/2015/20150612/Images\MRH_L_20150613_075339_017.img center: 257.56, 254.72
04/07/2021 22:28:41 PM: minime90/mrh/2015/20150612/Images\MRH_L_20150613_082557_018.img center: 257.55, 254.76
04/07/2021 22:28:41 PM: minime90/mrh/2015/20150612/Images\MRH_L_20150613_085816_019.img center: 257.58, 254.75
04/07/2021 22:28:41 PM: minime90/mrh/2015/20150612/Images\MRH_L_20150613_093034_020.img center: 257.57, 254.79
04/07/2021 22:28:41 PM: minime90/mrh/2015/20150612/Images\MRH_L_20150613_100253_021.img center: 257.56, 254.77
04/07/2021 22:28:42 PM: minime90/mrh/2015/20150612/Images\MRH_L_20150613_103511_022.img center: 257.54, 254.77
04/07/2021 22:28:42 PM: minime90/mrh/2015/20150612/Images\MRH_L_20150613_104531_212.img center: 257.63, 254.78
04/07/2021 22:28:45 PM: minime90/mrh/2015/20150612/Images\MRH_L_20150612_234906_002.img reduced chisqr: 3.7740
04/07/2021 22:28:47 PM: minime90/mrh/2015/20150612/Images\MRH_L_20150613_002125_003.img reduced chisqr: 4.5699
04/07/2021 22:28:50 PM: minime90/mrh/2015/20150612/Images\MRH_L_20150613_005343_004.img reduced chisqr: 4.3548
04/07/2021 22:28:53 PM: minime90/mrh/2015/20150612/Images\MRH_L_20150613_012601_005.img reduced chisqr: 5.4470
04/07/2021 22:28:55 PM: minime90/mrh/2015/20150612/Images\MRH_L_20150613_015819_006.img reduced chisqr: 5.2358
04/07/2021 22:28:58 PM: minime90/mrh/2015/20150612/Images\MRH_L_20150613_023037_007.img reduced chisqr: 5.3374
04/07/2021 22:29:01 PM: minime90/mrh/2015/20150612/Images\MRH_L_20150613_030255_008.img reduced chisqr: 4.5776
04/07/2021 22:29:04 PM: minime90/mrh/2015/20150612/Images\MRH_L_20150613_033513_009.img reduced chisqr: 5.9379
04/07/2021 22:29:06 PM: minime90/mrh/2015/20150612/Images\MRH_L_20150613_040731_010.img reduced chisqr: 4.3495
04/07/2021 22:29:09 PM: minime90/mrh/2015/20150612/Images\MRH_L_20150613_043949_011.img reduced chisqr: 4.6350
04/07/2021 22:29:12 PM: minime90/mrh/2015/20150612/Images\MRH_L_20150613_051208_012.img reduced chisqr: 4.3731
04/07/2021 22:29:15 PM: minime90/mrh/2015/20150612/Images\MRH_L_20150613_054426_013.img reduced chisqr: 3.8911
04/07/2021 22:29:18 PM: minime90/mrh/2015/20150612/Images\MRH_L_20150613_061645_014.img reduced chisqr: 4.2735
04/07/2021 22:29:20 PM: minime90/mrh/2015/20150612/Images\MRH_L_20150613_064903_015.img reduced chisqr: 4.0854
04/07/2021 22:29:23 PM: minime90/mrh/2015/20150612/Images\MRH_L_20150613_072121_016.img reduced chisqr: 4.6450
04/07/2021 22:29:26 PM: minime90/mrh/2015/20150612/Images\MRH_L_20150613_075339_017.img reduced chisqr: 4.3739
04/07/2021 22:29:28 PM: minime90/mrh/2015/20150612/Images\MRH_L_20150613_082557_018.img reduced chisqr: 4.7369
04/07/2021 22:29:31 PM: minime90/mrh/2015/20150612/Images\MRH_L_20150613_085816_019.img reduced chisqr: 4.9831
04/07/2021 22:29:34 PM: minime90/mrh/2015/20150612/Images\MRH_L_20150613_093034_020.img reduced chisqr: 4.1940
04/07/2021 22:29:37 PM: minime90/mrh/2015/20150612/Images\MRH_L_20150613_100253_021.img reduced chisqr: 3.9365
04/07/2021 22:29:40 PM: minime90/mrh/2015/20150612/Images\MRH_L_20150613_103511_022.img reduced chisqr: 3.7598
04/07/2021 22:29:43 PM: minime90/mrh/2015/20150612/Images\MRH_L_20150613_104531_212.img reduced chisqr: 4.8259
04/07/2021 22:29:43 PM: minime90/mrh/2015/20150612/Images\MRH_X_20150612_232039_001.img not bounded by laser images. Ignoring this image...
04/07/2021 22:29:43 PM: minime90/mrh/2015/20150612/Images\MRH_X_20150612_232350_002.img not bounded by laser images. Ignoring this image...
04/07/2021 22:29:43 PM: minime90/mrh/2015/20150612/Images\MRH_X_20150612_232659_003.img not bounded by laser images. Ignoring this image...
04/07/2021 22:29:43 PM: minime90/mrh/2015/20150612/Images\MRH_X_20150612_233009_004.img not bounded by laser images. Ignoring this image...
04/07/2021 22:29:43 PM: minime90/mrh/2015/20150612/Images\MRH_X_20150612_233318_005.img not bounded by laser images. Ignoring this image...
04/07/2021 22:29:43 PM: minime90/mrh/2015/20150612/Images\MRH_X_20150612_233627_006.img not bounded by laser images. Ignoring this image...
04/07/2021 22:29:43 PM: minime90/mrh/2015/20150612/Images\MRH_X_20150612_233935_007.img not bounded by laser images. Ignoring this image...
04/07/2021 22:29:43 PM: minime90/mrh/2015/20150612/Images\MRH_X_20150612_234243_008.img not bounded by laser images. Ignoring this image...
04/07/2021 22:29:43 PM: minime90/mrh/2015/20150612/Images\MRH_X_20150612_234551_009.img not bounded by laser images. Ignoring this image...
04/07/2021 22:29:43 PM: minime90/mrh/2015/20150612/Images\MRH_X_20150613_093736_192.img is looking too close to the moon (35.9 deg). Ignoring this image...
04/07/2021 22:29:43 PM: minime90/mrh/2015/20150612/Images\MRH_X_20150613_100954_202.img is looking too close to the moon (32.4 deg). Ignoring this image...
04/07/2021 22:29:43 PM: minime90/mrh/2015/20150612/Images\MRH_X_20150613_104212_212.img is looking too close to the moon (30.4 deg). Ignoring this image...
04/07/2021 22:29:50 PM: minime90/mrh/2015/20150612/Images\MRH_X_20150612_234948_010.img reduced chisqr: 1.2146.
			Message:"Tolerance seems to be too small."
04/07/2021 22:29:57 PM: minime90/mrh/2015/20150612/Images\MRH_X_20150612_235259_011.img reduced chisqr: 1.1086.
			Message:"Tolerance seems to be too small."
04/07/2021 22:30:04 PM: minime90/mrh/2015/20150612/Images\MRH_X_20150612_235608_012.img reduced chisqr: 1.0689.
			Message:"Tolerance seems to be too small."
04/07/2021 22:30:10 PM: minime90/mrh/2015/20150612/Images\MRH_X_20150612_235917_013.img reduced chisqr: 1.0314.
			Message:"Tolerance seems to be too small."
04/07/2021 22:30:17 PM: minime90/mrh/2015/20150612/Images\MRH_X_20150613_000227_014.img reduced chisqr: 1.0987.
			Message:"Tolerance seems to be too small."
04/07/2021 22:30:23 PM: minime90/mrh/2015/20150612/Images\MRH_X_20150613_000536_015.img reduced chisqr: 1.2690.
			Message:"Tolerance seems to be too small."
04/07/2021 22:30:30 PM: minime90/mrh/2015/20150612/Images\MRH_X_20150613_000845_016.img reduced chisqr: 1.0920.
			Message:"Tolerance seems to be too small."
04/07/2021 22:30:37 PM: minime90/mrh/2015/20150612/Images\MRH_X_20150613_001153_017.img reduced chisqr: 1.0607.
			Message:"Tolerance seems to be too small."
04/07/2021 22:30:43 PM: minime90/mrh/2015/20150612/Images\MRH_X_20150613_001501_018.img reduced chisqr: 0.9688.
			Message:"Tolerance seems to be too small."
04/07/2021 22:30:50 PM: minime90/mrh/2015/20150612/Images\MRH_X_20150613_001809_019.img reduced chisqr: 1.1113.
			Message:"Tolerance seems to be too small."
04/07/2021 22:30:56 PM: minime90/mrh/2015/20150612/Images\MRH_X_20150613_002206_020.img reduced chisqr: 1.2388.
			Message:"Tolerance seems to be too small."
04/07/2021 22:31:03 PM: minime90/mrh/2015/20150612/Images\MRH_X_20150613_002517_021.img reduced chisqr: 1.1347.
			Message:"Tolerance seems to be too small."
04/07/2021 22:31:09 PM: minime90/mrh/2015/20150612/Images\MRH_X_20150613_002826_022.img reduced chisqr: 1.1012.
			Message:"Tolerance seems to be too small."
04/07/2021 22:31:16 PM: minime90/mrh/2015/20150612/Images\MRH_X_20150613_003136_023.img reduced chisqr: 1.1046.
			Message:"Tolerance seems to be too small."
04/07/2021 22:31:22 PM: minime90/mrh/2015/20150612/Images\MRH_X_20150613_003445_024.img reduced chisqr: 1.2796.
			Message:"Tolerance seems to be too small."
04/07/2021 22:31:29 PM: minime90/mrh/2015/20150612/Images\MRH_X_20150613_003755_025.img reduced chisqr: 1.0777.
			Message:"Tolerance seems to be too small."
04/07/2021 22:31:35 PM: minime90/mrh/2015/20150612/Images\MRH_X_20150613_004104_026.img reduced chisqr: 0.9943.
			Message:"Tolerance seems to be too small."
04/07/2021 22:31:42 PM: minime90/mrh/2015/20150612/Images\MRH_X_20150613_004412_027.img reduced chisqr: 1.2329.
			Message:"Tolerance seems to be too small."
04/07/2021 22:31:48 PM: minime90/mrh/2015/20150612/Images\MRH_X_20150613_004720_028.img reduced chisqr: 1.0289.
			Message:"Tolerance seems to be too small."
04/07/2021 22:31:55 PM: minime90/mrh/2015/20150612/Images\MRH_X_20150613_005028_029.img reduced chisqr: 1.2457.
			Message:"Tolerance seems to be too small."
04/07/2021 22:32:01 PM: minime90/mrh/2015/20150612/Images\MRH_X_20150613_005424_030.img reduced chisqr: 1.5794.
			Message:"Tolerance seems to be too small."
04/07/2021 22:32:08 PM: minime90/mrh/2015/20150612/Images\MRH_X_20150613_005735_031.img reduced chisqr: 1.3598.
			Message:"Tolerance seems to be too small."
04/07/2021 22:32:14 PM: minime90/mrh/2015/20150612/Images\MRH_X_20150613_010045_032.img reduced chisqr: 1.8029.
			Message:"Tolerance seems to be too small."
04/07/2021 22:32:21 PM: minime90/mrh/2015/20150612/Images\MRH_X_20150613_010354_033.img reduced chisqr: 1.2364.
			Message:"Tolerance seems to be too small."
04/07/2021 22:32:27 PM: minime90/mrh/2015/20150612/Images\MRH_X_20150613_010703_034.img reduced chisqr: 1.5436.
			Message:"Tolerance seems to be too small."
04/07/2021 22:32:34 PM: minime90/mrh/2015/20150612/Images\MRH_X_20150613_011013_035.img reduced chisqr: 1.2214.
			Message:"Tolerance seems to be too small."
04/07/2021 22:32:40 PM: minime90/mrh/2015/20150612/Images\MRH_X_20150613_011322_036.img reduced chisqr: 1.2085.
			Message:"Tolerance seems to be too small."
04/07/2021 22:32:47 PM: minime90/mrh/2015/20150612/Images\MRH_X_20150613_011630_037.img reduced chisqr: 1.2278.
			Message:"Tolerance seems to be too small."
04/07/2021 22:32:53 PM: minime90/mrh/2015/20150612/Images\MRH_X_20150613_011938_038.img reduced chisqr: 1.2073.
			Message:"Tolerance seems to be too small."
04/07/2021 22:32:59 PM: minime90/mrh/2015/20150612/Images\MRH_X_20150613_012246_039.img reduced chisqr: 1.2689.
			Message:"Tolerance seems to be too small."
04/07/2021 22:33:05 PM: minime90/mrh/2015/20150612/Images\MRH_X_20150613_012642_040.img reduced chisqr: 1.5707.
			Message:"Tolerance seems to be too small."
04/07/2021 22:33:12 PM: minime90/mrh/2015/20150612/Images\MRH_X_20150613_012954_041.img reduced chisqr: 1.5981.
			Message:"Tolerance seems to be too small."
04/07/2021 22:33:18 PM: minime90/mrh/2015/20150612/Images\MRH_X_20150613_013303_042.img reduced chisqr: 1.4676.
			Message:"Tolerance seems to be too small."
04/07/2021 22:33:24 PM: minime90/mrh/2015/20150612/Images\MRH_X_20150613_013612_043.img reduced chisqr: 1.5133.
			Message:"Tolerance seems to be too small."
04/07/2021 22:33:31 PM: minime90/mrh/2015/20150612/Images\MRH_X_20150613_013922_044.img reduced chisqr: 1.3737.
			Message:"Tolerance seems to be too small."
04/07/2021 22:33:37 PM: minime90/mrh/2015/20150612/Images\MRH_X_20150613_014231_045.img reduced chisqr: 1.2189.
			Message:"Tolerance seems to be too small."
04/07/2021 22:33:43 PM: minime90/mrh/2015/20150612/Images\MRH_X_20150613_014540_046.img reduced chisqr: 1.0965.
			Message:"Tolerance seems to be too small."
04/07/2021 22:33:50 PM: minime90/mrh/2015/20150612/Images\MRH_X_20150613_014848_047.img reduced chisqr: 1.1654.
			Message:"Tolerance seems to be too small."
04/07/2021 22:33:56 PM: minime90/mrh/2015/20150612/Images\MRH_X_20150613_015156_048.img reduced chisqr: 1.2850.
			Message:"Tolerance seems to be too small."
04/07/2021 22:34:02 PM: minime90/mrh/2015/20150612/Images\MRH_X_20150613_015504_049.img reduced chisqr: 1.1115.
			Message:"Tolerance seems to be too small."
04/07/2021 22:34:09 PM: minime90/mrh/2015/20150612/Images\MRH_X_20150613_015900_050.img reduced chisqr: 1.5260.
			Message:"Tolerance seems to be too small."
04/07/2021 22:34:15 PM: minime90/mrh/2015/20150612/Images\MRH_X_20150613_020212_051.img reduced chisqr: 1.4316.
			Message:"Tolerance seems to be too small."
04/07/2021 22:34:21 PM: minime90/mrh/2015/20150612/Images\MRH_X_20150613_020521_052.img reduced chisqr: 1.6457.
			Message:"Tolerance seems to be too small."
04/07/2021 22:34:28 PM: minime90/mrh/2015/20150612/Images\MRH_X_20150613_020830_053.img reduced chisqr: 1.3475.
			Message:"Tolerance seems to be too small."
04/07/2021 22:34:34 PM: minime90/mrh/2015/20150612/Images\MRH_X_20150613_021140_054.img reduced chisqr: 1.4961.
			Message:"Tolerance seems to be too small."
04/07/2021 22:34:40 PM: minime90/mrh/2015/20150612/Images\MRH_X_20150613_021449_055.img reduced chisqr: 1.4604.
			Message:"Tolerance seems to be too small."
04/07/2021 22:34:47 PM: minime90/mrh/2015/20150612/Images\MRH_X_20150613_021758_056.img reduced chisqr: 1.3052.
			Message:"Tolerance seems to be too small."
04/07/2021 22:34:53 PM: minime90/mrh/2015/20150612/Images\MRH_X_20150613_022106_057.img reduced chisqr: 1.5251.
			Message:"Tolerance seems to be too small."
04/07/2021 22:34:59 PM: minime90/mrh/2015/20150612/Images\MRH_X_20150613_022414_058.img reduced chisqr: 1.3786.
			Message:"Tolerance seems to be too small."
04/07/2021 22:35:05 PM: minime90/mrh/2015/20150612/Images\MRH_X_20150613_022722_059.img reduced chisqr: 1.4175.
			Message:"Tolerance seems to be too small."
04/07/2021 22:35:12 PM: minime90/mrh/2015/20150612/Images\MRH_X_20150613_023118_060.img reduced chisqr: 1.6177.
			Message:"Tolerance seems to be too small."
04/07/2021 22:35:18 PM: minime90/mrh/2015/20150612/Images\MRH_X_20150613_023429_061.img reduced chisqr: 1.7384.
			Message:"Tolerance seems to be too small."
04/07/2021 22:35:24 PM: minime90/mrh/2015/20150612/Images\MRH_X_20150613_023738_062.img reduced chisqr: 1.5981.
			Message:"Tolerance seems to be too small."
04/07/2021 22:35:31 PM: minime90/mrh/2015/20150612/Images\MRH_X_20150613_024048_063.img reduced chisqr: 1.5222.
			Message:"Tolerance seems to be too small."
04/07/2021 22:35:37 PM: minime90/mrh/2015/20150612/Images\MRH_X_20150613_024357_064.img reduced chisqr: 1.6500.
			Message:"Tolerance seems to be too small."
04/07/2021 22:35:43 PM: minime90/mrh/2015/20150612/Images\MRH_X_20150613_024707_065.img reduced chisqr: 1.3130.
			Message:"Tolerance seems to be too small."
04/07/2021 22:35:49 PM: minime90/mrh/2015/20150612/Images\MRH_X_20150613_025016_066.img reduced chisqr: 1.3906.
			Message:"Tolerance seems to be too small."
04/07/2021 22:35:56 PM: minime90/mrh/2015/20150612/Images\MRH_X_20150613_025324_067.img reduced chisqr: 1.3153.
			Message:"Tolerance seems to be too small."
04/07/2021 22:36:02 PM: minime90/mrh/2015/20150612/Images\MRH_X_20150613_025632_068.img reduced chisqr: 1.4274.
			Message:"Tolerance seems to be too small."
04/07/2021 22:36:08 PM: minime90/mrh/2015/20150612/Images\MRH_X_20150613_025940_069.img reduced chisqr: 1.8414.
			Message:"Tolerance seems to be too small."
04/07/2021 22:36:15 PM: minime90/mrh/2015/20150612/Images\MRH_X_20150613_030336_070.img reduced chisqr: 1.2863.
			Message:"Tolerance seems to be too small."
04/07/2021 22:36:21 PM: minime90/mrh/2015/20150612/Images\MRH_X_20150613_030647_071.img reduced chisqr: 1.2044.
			Message:"Tolerance seems to be too small."
04/07/2021 22:36:27 PM: minime90/mrh/2015/20150612/Images\MRH_X_20150613_030956_072.img reduced chisqr: 1.4150.
			Message:"Tolerance seems to be too small."
04/07/2021 22:36:33 PM: minime90/mrh/2015/20150612/Images\MRH_X_20150613_031305_073.img reduced chisqr: 1.0926.
			Message:"Tolerance seems to be too small."
04/07/2021 22:36:40 PM: minime90/mrh/2015/20150612/Images\MRH_X_20150613_031615_074.img reduced chisqr: 1.2920.
			Message:"Tolerance seems to be too small."
04/07/2021 22:36:46 PM: minime90/mrh/2015/20150612/Images\MRH_X_20150613_031924_075.img reduced chisqr: 1.3273.
			Message:"Tolerance seems to be too small."
04/07/2021 22:36:52 PM: minime90/mrh/2015/20150612/Images\MRH_X_20150613_032233_076.img reduced chisqr: 1.5140.
			Message:"Tolerance seems to be too small."
04/07/2021 22:36:59 PM: minime90/mrh/2015/20150612/Images\MRH_X_20150613_032541_077.img reduced chisqr: 1.2914.
			Message:"Tolerance seems to be too small."
04/07/2021 22:37:05 PM: minime90/mrh/2015/20150612/Images\MRH_X_20150613_032849_078.img reduced chisqr: 1.7349.
			Message:"Tolerance seems to be too small."
04/07/2021 22:37:11 PM: minime90/mrh/2015/20150612/Images\MRH_X_20150613_033158_079.img reduced chisqr: 1.4355.
			Message:"Tolerance seems to be too small."
04/07/2021 22:37:17 PM: minime90/mrh/2015/20150612/Images\MRH_X_20150613_033553_080.img reduced chisqr: 1.6893.
			Message:"Tolerance seems to be too small."
04/07/2021 22:37:24 PM: minime90/mrh/2015/20150612/Images\MRH_X_20150613_033905_081.img reduced chisqr: 1.4096.
			Message:"Tolerance seems to be too small."
04/07/2021 22:37:30 PM: minime90/mrh/2015/20150612/Images\MRH_X_20150613_034214_082.img reduced chisqr: 1.3500.
			Message:"Tolerance seems to be too small."
04/07/2021 22:37:36 PM: minime90/mrh/2015/20150612/Images\MRH_X_20150613_034523_083.img reduced chisqr: 1.5656.
			Message:"Tolerance seems to be too small."
04/07/2021 22:37:43 PM: minime90/mrh/2015/20150612/Images\MRH_X_20150613_034833_084.img reduced chisqr: 1.3860.
			Message:"Tolerance seems to be too small."
04/07/2021 22:37:49 PM: minime90/mrh/2015/20150612/Images\MRH_X_20150613_035142_085.img reduced chisqr: 1.8169.
			Message:"Tolerance seems to be too small."
04/07/2021 22:37:55 PM: minime90/mrh/2015/20150612/Images\MRH_X_20150613_035451_086.img reduced chisqr: 1.4487.
			Message:"Tolerance seems to be too small."
04/07/2021 22:38:02 PM: minime90/mrh/2015/20150612/Images\MRH_X_20150613_035759_087.img reduced chisqr: 1.4530.
			Message:"Tolerance seems to be too small."
04/07/2021 22:38:08 PM: minime90/mrh/2015/20150612/Images\MRH_X_20150613_040107_088.img reduced chisqr: 1.2425.
			Message:"Tolerance seems to be too small."
04/07/2021 22:38:14 PM: minime90/mrh/2015/20150612/Images\MRH_X_20150613_040416_089.img reduced chisqr: 1.5544.
			Message:"Tolerance seems to be too small."
04/07/2021 22:38:21 PM: minime90/mrh/2015/20150612/Images\MRH_X_20150613_040812_090.img reduced chisqr: 1.5510.
			Message:"Tolerance seems to be too small."
04/07/2021 22:38:27 PM: minime90/mrh/2015/20150612/Images\MRH_X_20150613_041123_091.img reduced chisqr: 1.5742.
			Message:"Tolerance seems to be too small."
04/07/2021 22:38:34 PM: minime90/mrh/2015/20150612/Images\MRH_X_20150613_041433_092.img reduced chisqr: 1.4470.
			Message:"Tolerance seems to be too small."
04/07/2021 22:38:40 PM: minime90/mrh/2015/20150612/Images\MRH_X_20150613_041742_093.img reduced chisqr: 1.1904.
			Message:"Tolerance seems to be too small."
04/07/2021 22:38:46 PM: minime90/mrh/2015/20150612/Images\MRH_X_20150613_042052_094.img reduced chisqr: 1.5077.
			Message:"Tolerance seems to be too small."
04/07/2021 22:38:53 PM: minime90/mrh/2015/20150612/Images\MRH_X_20150613_042401_095.img reduced chisqr: 1.7508.
			Message:"Tolerance seems to be too small."
04/07/2021 22:38:59 PM: minime90/mrh/2015/20150612/Images\MRH_X_20150613_042710_096.img reduced chisqr: 1.2562.
			Message:"Tolerance seems to be too small."
04/07/2021 22:39:05 PM: minime90/mrh/2015/20150612/Images\MRH_X_20150613_043018_097.img reduced chisqr: 1.3690.
			Message:"Tolerance seems to be too small."
04/07/2021 22:39:12 PM: minime90/mrh/2015/20150612/Images\MRH_X_20150613_043326_098.img reduced chisqr: 1.3854.
			Message:"Tolerance seems to be too small."
04/07/2021 22:39:18 PM: minime90/mrh/2015/20150612/Images\MRH_X_20150613_043634_099.img reduced chisqr: 1.3480.
			Message:"Tolerance seems to be too small."
04/07/2021 22:39:24 PM: minime90/mrh/2015/20150612/Images\MRH_X_20150613_044030_100.img reduced chisqr: 1.5039.
			Message:"Tolerance seems to be too small."
04/07/2021 22:39:31 PM: minime90/mrh/2015/20150612/Images\MRH_X_20150613_044342_101.img reduced chisqr: 1.2569.
			Message:"Tolerance seems to be too small."
04/07/2021 22:39:37 PM: minime90/mrh/2015/20150612/Images\MRH_X_20150613_044651_102.img reduced chisqr: 1.3751.
			Message:"Tolerance seems to be too small."
04/07/2021 22:39:43 PM: minime90/mrh/2015/20150612/Images\MRH_X_20150613_045000_103.img reduced chisqr: 1.3246.
			Message:"Tolerance seems to be too small."
04/07/2021 22:39:50 PM: minime90/mrh/2015/20150612/Images\MRH_X_20150613_045310_104.img reduced chisqr: 1.6157.
			Message:"Tolerance seems to be too small."
04/07/2021 22:39:56 PM: minime90/mrh/2015/20150612/Images\MRH_X_20150613_045619_105.img reduced chisqr: 1.7320.
			Message:"Tolerance seems to be too small."
04/07/2021 22:40:02 PM: minime90/mrh/2015/20150612/Images\MRH_X_20150613_045928_106.img reduced chisqr: 1.3548.
			Message:"Tolerance seems to be too small."
04/07/2021 22:40:09 PM: minime90/mrh/2015/20150612/Images\MRH_X_20150613_050237_107.img reduced chisqr: 1.3402.
			Message:"Tolerance seems to be too small."
04/07/2021 22:40:15 PM: minime90/mrh/2015/20150612/Images\MRH_X_20150613_050545_108.img reduced chisqr: 1.3321.
			Message:"Tolerance seems to be too small."
04/07/2021 22:40:22 PM: minime90/mrh/2015/20150612/Images\MRH_X_20150613_050853_109.img reduced chisqr: 1.2183.
			Message:"Tolerance seems to be too small."
04/07/2021 22:40:28 PM: minime90/mrh/2015/20150612/Images\MRH_X_20150613_051249_110.img reduced chisqr: 1.5399.
			Message:"Tolerance seems to be too small."
04/07/2021 22:40:35 PM: minime90/mrh/2015/20150612/Images\MRH_X_20150613_051600_111.img reduced chisqr: 1.4967.
			Message:"Tolerance seems to be too small."
04/07/2021 22:40:41 PM: minime90/mrh/2015/20150612/Images\MRH_X_20150613_051910_112.img reduced chisqr: 1.3742.
			Message:"Tolerance seems to be too small."
04/07/2021 22:40:47 PM: minime90/mrh/2015/20150612/Images\MRH_X_20150613_052219_113.img reduced chisqr: 1.3212.
			Message:"Tolerance seems to be too small."
04/07/2021 22:40:54 PM: minime90/mrh/2015/20150612/Images\MRH_X_20150613_052529_114.img reduced chisqr: 1.2520.
			Message:"Tolerance seems to be too small."
04/07/2021 22:41:00 PM: minime90/mrh/2015/20150612/Images\MRH_X_20150613_052838_115.img reduced chisqr: 1.2466.
			Message:"Tolerance seems to be too small."
04/07/2021 22:41:06 PM: minime90/mrh/2015/20150612/Images\MRH_X_20150613_053147_116.img reduced chisqr: 1.5042.
			Message:"Tolerance seems to be too small."
04/07/2021 22:41:13 PM: minime90/mrh/2015/20150612/Images\MRH_X_20150613_053455_117.img reduced chisqr: 1.3394.
			Message:"Tolerance seems to be too small."
04/07/2021 22:41:19 PM: minime90/mrh/2015/20150612/Images\MRH_X_20150613_053803_118.img reduced chisqr: 1.7178.
			Message:"Tolerance seems to be too small."
04/07/2021 22:41:26 PM: minime90/mrh/2015/20150612/Images\MRH_X_20150613_054111_119.img reduced chisqr: 1.2198.
			Message:"Tolerance seems to be too small."
04/07/2021 22:41:32 PM: minime90/mrh/2015/20150612/Images\MRH_X_20150613_054507_120.img reduced chisqr: 1.4448.
			Message:"Tolerance seems to be too small."
04/07/2021 22:41:39 PM: minime90/mrh/2015/20150612/Images\MRH_X_20150613_054819_121.img reduced chisqr: 1.2039.
			Message:"Tolerance seems to be too small."
04/07/2021 22:41:45 PM: minime90/mrh/2015/20150612/Images\MRH_X_20150613_055128_122.img reduced chisqr: 1.3494.
			Message:"Tolerance seems to be too small."
04/07/2021 22:41:51 PM: minime90/mrh/2015/20150612/Images\MRH_X_20150613_055437_123.img reduced chisqr: 1.4056.
			Message:"Tolerance seems to be too small."
04/07/2021 22:41:58 PM: minime90/mrh/2015/20150612/Images\MRH_X_20150613_055747_124.img reduced chisqr: 1.7022.
			Message:"Tolerance seems to be too small."
04/07/2021 22:42:04 PM: minime90/mrh/2015/20150612/Images\MRH_X_20150613_060056_125.img reduced chisqr: 1.2359.
			Message:"Tolerance seems to be too small."
04/07/2021 22:42:11 PM: minime90/mrh/2015/20150612/Images\MRH_X_20150613_060405_126.img reduced chisqr: 1.5566.
			Message:"Tolerance seems to be too small."
04/07/2021 22:42:17 PM: minime90/mrh/2015/20150612/Images\MRH_X_20150613_060713_127.img reduced chisqr: 1.4944.
			Message:"Tolerance seems to be too small."
04/07/2021 22:42:24 PM: minime90/mrh/2015/20150612/Images\MRH_X_20150613_061021_128.img reduced chisqr: 2.9601.
			Message:"Tolerance seems to be too small."
04/07/2021 22:42:30 PM: minime90/mrh/2015/20150612/Images\MRH_X_20150613_061330_129.img reduced chisqr: 1.3040.
			Message:"Tolerance seems to be too small."
04/07/2021 22:42:37 PM: minime90/mrh/2015/20150612/Images\MRH_X_20150613_061726_130.img reduced chisqr: 1.5336.
			Message:"Tolerance seems to be too small."
04/07/2021 22:42:43 PM: minime90/mrh/2015/20150612/Images\MRH_X_20150613_062037_131.img reduced chisqr: 1.5076.
			Message:"Tolerance seems to be too small."
04/07/2021 22:42:50 PM: minime90/mrh/2015/20150612/Images\MRH_X_20150613_062346_132.img reduced chisqr: 1.4126.
			Message:"Tolerance seems to be too small."
04/07/2021 22:42:56 PM: minime90/mrh/2015/20150612/Images\MRH_X_20150613_062656_133.img reduced chisqr: 1.2301.
			Message:"Tolerance seems to be too small."
04/07/2021 22:43:02 PM: minime90/mrh/2015/20150612/Images\MRH_X_20150613_063005_134.img reduced chisqr: 1.1933.
			Message:"Tolerance seems to be too small."
04/07/2021 22:43:09 PM: minime90/mrh/2015/20150612/Images\MRH_X_20150613_063314_135.img reduced chisqr: 1.3237.
			Message:"Tolerance seems to be too small."
04/07/2021 22:43:15 PM: minime90/mrh/2015/20150612/Images\MRH_X_20150613_063624_136.img reduced chisqr: 1.4523.
			Message:"Tolerance seems to be too small."
04/07/2021 22:43:22 PM: minime90/mrh/2015/20150612/Images\MRH_X_20150613_063932_137.img reduced chisqr: 1.1299.
			Message:"Tolerance seems to be too small."
04/07/2021 22:43:28 PM: minime90/mrh/2015/20150612/Images\MRH_X_20150613_064240_138.img reduced chisqr: 1.4385.
			Message:"Tolerance seems to be too small."
04/07/2021 22:43:34 PM: minime90/mrh/2015/20150612/Images\MRH_X_20150613_064548_139.img reduced chisqr: 1.1117.
			Message:"Tolerance seems to be too small."
04/07/2021 22:43:41 PM: minime90/mrh/2015/20150612/Images\MRH_X_20150613_064944_140.img reduced chisqr: 1.0374.
			Message:"Tolerance seems to be too small."
04/07/2021 22:43:47 PM: minime90/mrh/2015/20150612/Images\MRH_X_20150613_065255_141.img reduced chisqr: 1.1855.
			Message:"Tolerance seems to be too small."
04/07/2021 22:43:54 PM: minime90/mrh/2015/20150612/Images\MRH_X_20150613_065604_142.img reduced chisqr: 1.1833.
			Message:"Tolerance seems to be too small."
04/07/2021 22:44:00 PM: minime90/mrh/2015/20150612/Images\MRH_X_20150613_065914_143.img reduced chisqr: 1.0509.
			Message:"Tolerance seems to be too small."
04/07/2021 22:44:06 PM: minime90/mrh/2015/20150612/Images\MRH_X_20150613_070223_144.img reduced chisqr: 1.3005.
			Message:"Tolerance seems to be too small."
04/07/2021 22:44:13 PM: minime90/mrh/2015/20150612/Images\MRH_X_20150613_070533_145.img reduced chisqr: 1.0741.
			Message:"Tolerance seems to be too small."
04/07/2021 22:44:19 PM: minime90/mrh/2015/20150612/Images\MRH_X_20150613_070842_146.img reduced chisqr: 1.1531.
			Message:"Tolerance seems to be too small."
04/07/2021 22:44:25 PM: minime90/mrh/2015/20150612/Images\MRH_X_20150613_071150_147.img reduced chisqr: 1.2003.
			Message:"Tolerance seems to be too small."
04/07/2021 22:44:31 PM: minime90/mrh/2015/20150612/Images\MRH_X_20150613_071458_148.img reduced chisqr: 1.2752.
			Message:"Tolerance seems to be too small."
04/07/2021 22:44:38 PM: minime90/mrh/2015/20150612/Images\MRH_X_20150613_071806_149.img reduced chisqr: 1.2210.
			Message:"Tolerance seems to be too small."
04/07/2021 22:44:44 PM: minime90/mrh/2015/20150612/Images\MRH_X_20150613_072202_150.img reduced chisqr: 1.2026.
			Message:"Tolerance seems to be too small."
04/07/2021 22:44:50 PM: minime90/mrh/2015/20150612/Images\MRH_X_20150613_072513_151.img reduced chisqr: 1.1303.
			Message:"Tolerance seems to be too small."
04/07/2021 22:44:57 PM: minime90/mrh/2015/20150612/Images\MRH_X_20150613_072822_152.img reduced chisqr: 1.1872.
			Message:"Tolerance seems to be too small."
04/07/2021 22:45:03 PM: minime90/mrh/2015/20150612/Images\MRH_X_20150613_073132_153.img reduced chisqr: 1.1314.
			Message:"Tolerance seems to be too small."
04/07/2021 22:45:09 PM: minime90/mrh/2015/20150612/Images\MRH_X_20150613_073441_154.img reduced chisqr: 1.1006.
			Message:"Tolerance seems to be too small."
04/07/2021 22:45:16 PM: minime90/mrh/2015/20150612/Images\MRH_X_20150613_073751_155.img reduced chisqr: 1.0517.
			Message:"Tolerance seems to be too small."
04/07/2021 22:45:22 PM: minime90/mrh/2015/20150612/Images\MRH_X_20150613_074100_156.img reduced chisqr: 1.2561.
			Message:"Tolerance seems to be too small."
04/07/2021 22:45:29 PM: minime90/mrh/2015/20150612/Images\MRH_X_20150613_074408_157.img reduced chisqr: 1.1493.
			Message:"Tolerance seems to be too small."
04/07/2021 22:45:35 PM: minime90/mrh/2015/20150612/Images\MRH_X_20150613_074716_158.img reduced chisqr: 1.0966.
			Message:"Tolerance seems to be too small."
04/07/2021 22:45:41 PM: minime90/mrh/2015/20150612/Images\MRH_X_20150613_075024_159.img reduced chisqr: 1.2432.
			Message:"Tolerance seems to be too small."
04/07/2021 22:45:48 PM: minime90/mrh/2015/20150612/Images\MRH_X_20150613_075420_160.img reduced chisqr: 1.0956.
			Message:"Tolerance seems to be too small."
04/07/2021 22:45:54 PM: minime90/mrh/2015/20150612/Images\MRH_X_20150613_075731_161.img reduced chisqr: 1.1317.
			Message:"Tolerance seems to be too small."
04/07/2021 22:46:01 PM: minime90/mrh/2015/20150612/Images\MRH_X_20150613_080041_162.img reduced chisqr: 1.1006.
			Message:"Tolerance seems to be too small."
04/07/2021 22:46:07 PM: minime90/mrh/2015/20150612/Images\MRH_X_20150613_080350_163.img reduced chisqr: 1.0802.
			Message:"Tolerance seems to be too small."
04/07/2021 22:46:13 PM: minime90/mrh/2015/20150612/Images\MRH_X_20150613_080659_164.img reduced chisqr: 1.0052.
			Message:"Tolerance seems to be too small."
04/07/2021 22:46:20 PM: minime90/mrh/2015/20150612/Images\MRH_X_20150613_081009_165.img reduced chisqr: 1.0654.
			Message:"Tolerance seems to be too small."
04/07/2021 22:46:26 PM: minime90/mrh/2015/20150612/Images\MRH_X_20150613_081318_166.img reduced chisqr: 1.0646.
			Message:"Tolerance seems to be too small."
04/07/2021 22:46:32 PM: minime90/mrh/2015/20150612/Images\MRH_X_20150613_081626_167.img reduced chisqr: 1.2776.
			Message:"Tolerance seems to be too small."
04/07/2021 22:46:39 PM: minime90/mrh/2015/20150612/Images\MRH_X_20150613_081934_168.img reduced chisqr: 1.0588.
			Message:"Tolerance seems to be too small."
04/07/2021 22:46:45 PM: minime90/mrh/2015/20150612/Images\MRH_X_20150613_082242_169.img reduced chisqr: 1.1485.
			Message:"Tolerance seems to be too small."
04/07/2021 22:46:51 PM: minime90/mrh/2015/20150612/Images\MRH_X_20150613_082638_170.img reduced chisqr: 1.1805.
			Message:"Tolerance seems to be too small."
04/07/2021 22:46:57 PM: minime90/mrh/2015/20150612/Images\MRH_X_20150613_082950_171.img reduced chisqr: 1.1251.
			Message:"Tolerance seems to be too small."
04/07/2021 22:47:04 PM: minime90/mrh/2015/20150612/Images\MRH_X_20150613_083259_172.img reduced chisqr: 0.9488.
			Message:"Tolerance seems to be too small."
04/07/2021 22:47:10 PM: minime90/mrh/2015/20150612/Images\MRH_X_20150613_083608_173.img reduced chisqr: 1.1885.
			Message:"Tolerance seems to be too small."
04/07/2021 22:47:16 PM: minime90/mrh/2015/20150612/Images\MRH_X_20150613_083918_174.img reduced chisqr: 1.1993.
			Message:"Tolerance seems to be too small."
04/07/2021 22:47:23 PM: minime90/mrh/2015/20150612/Images\MRH_X_20150613_084227_175.img reduced chisqr: 1.3594.
			Message:"Tolerance seems to be too small."
04/07/2021 22:47:29 PM: minime90/mrh/2015/20150612/Images\MRH_X_20150613_084536_176.img reduced chisqr: 1.1803.
			Message:"Tolerance seems to be too small."
04/07/2021 22:47:35 PM: minime90/mrh/2015/20150612/Images\MRH_X_20150613_084844_177.img reduced chisqr: 1.3340.
			Message:"Tolerance seems to be too small."
04/07/2021 22:47:41 PM: minime90/mrh/2015/20150612/Images\MRH_X_20150613_085153_178.img reduced chisqr: 1.0262.
			Message:"Tolerance seems to be too small."
04/07/2021 22:47:48 PM: minime90/mrh/2015/20150612/Images\MRH_X_20150613_085501_179.img reduced chisqr: 1.1189.
			Message:"Tolerance seems to be too small."
04/07/2021 22:47:54 PM: minime90/mrh/2015/20150612/Images\MRH_X_20150613_085857_180.img reduced chisqr: 1.2130.
			Message:"Tolerance seems to be too small."
04/07/2021 22:48:00 PM: minime90/mrh/2015/20150612/Images\MRH_X_20150613_090208_181.img reduced chisqr: 1.2396.
			Message:"Tolerance seems to be too small."
04/07/2021 22:48:06 PM: minime90/mrh/2015/20150612/Images\MRH_X_20150613_090518_182.img reduced chisqr: 1.1140.
			Message:"Tolerance seems to be too small."
04/07/2021 22:48:13 PM: minime90/mrh/2015/20150612/Images\MRH_X_20150613_090827_183.img reduced chisqr: 1.3050.
			Message:"Tolerance seems to be too small."
04/07/2021 22:48:19 PM: minime90/mrh/2015/20150612/Images\MRH_X_20150613_091136_184.img reduced chisqr: 1.2256.
			Message:"Tolerance seems to be too small."
04/07/2021 22:48:25 PM: minime90/mrh/2015/20150612/Images\MRH_X_20150613_091446_185.img reduced chisqr: 1.4237.
			Message:"Tolerance seems to be too small."
04/07/2021 22:48:32 PM: minime90/mrh/2015/20150612/Images\MRH_X_20150613_091755_186.img reduced chisqr: 1.2631.
			Message:"Tolerance seems to be too small."
04/07/2021 22:48:38 PM: minime90/mrh/2015/20150612/Images\MRH_X_20150613_092103_187.img reduced chisqr: 1.3386.
			Message:"Tolerance seems to be too small."
04/07/2021 22:48:44 PM: minime90/mrh/2015/20150612/Images\MRH_X_20150613_092411_188.img reduced chisqr: 1.1130.
			Message:"Tolerance seems to be too small."
04/07/2021 22:48:51 PM: minime90/mrh/2015/20150612/Images\MRH_X_20150613_092719_189.img reduced chisqr: 1.1318.
			Message:"Tolerance seems to be too small."
04/07/2021 22:48:57 PM: minime90/mrh/2015/20150612/Images\MRH_X_20150613_093115_190.img reduced chisqr: 1.3247.
			Message:"Tolerance seems to be too small."
04/07/2021 22:49:03 PM: minime90/mrh/2015/20150612/Images\MRH_X_20150613_093427_191.img reduced chisqr: 1.1770.
			Message:"Tolerance seems to be too small."
04/07/2021 22:49:10 PM: minime90/mrh/2015/20150612/Images\MRH_X_20150613_094045_193.img reduced chisqr: 1.2592.
			Message:"Tolerance seems to be too small."
04/07/2021 22:49:16 PM: minime90/mrh/2015/20150612/Images\MRH_X_20150613_094355_194.img reduced chisqr: 1.1990.
			Message:"Tolerance seems to be too small."
04/07/2021 22:49:22 PM: minime90/mrh/2015/20150612/Images\MRH_X_20150613_094704_195.img reduced chisqr: 1.0669.
			Message:"Tolerance seems to be too small."
04/07/2021 22:49:29 PM: minime90/mrh/2015/20150612/Images\MRH_X_20150613_095013_196.img reduced chisqr: 1.1903.
			Message:"Tolerance seems to be too small."
04/07/2021 22:49:35 PM: minime90/mrh/2015/20150612/Images\MRH_X_20150613_095321_197.img reduced chisqr: 1.2608.
			Message:"Tolerance seems to be too small."
04/07/2021 22:49:41 PM: minime90/mrh/2015/20150612/Images\MRH_X_20150613_095630_198.img reduced chisqr: 1.0730.
			Message:"Tolerance seems to be too small."
04/07/2021 22:49:48 PM: minime90/mrh/2015/20150612/Images\MRH_X_20150613_095938_199.img reduced chisqr: 1.2475.
			Message:"Tolerance seems to be too small."
04/07/2021 22:49:54 PM: minime90/mrh/2015/20150612/Images\MRH_X_20150613_100333_200.img reduced chisqr: 1.1798.
			Message:"Tolerance seems to be too small."
04/07/2021 22:50:00 PM: minime90/mrh/2015/20150612/Images\MRH_X_20150613_100645_201.img reduced chisqr: 1.1166.
			Message:"Tolerance seems to be too small."
04/07/2021 22:50:07 PM: minime90/mrh/2015/20150612/Images\MRH_X_20150613_101303_203.img reduced chisqr: 1.2155.
			Message:"Tolerance seems to be too small."
04/07/2021 22:50:13 PM: minime90/mrh/2015/20150612/Images\MRH_X_20150613_101613_204.img reduced chisqr: 1.0916.
			Message:"Tolerance seems to be too small."
04/07/2021 22:50:20 PM: minime90/mrh/2015/20150612/Images\MRH_X_20150613_101922_205.img reduced chisqr: 1.1904.
			Message:"Tolerance seems to be too small."
04/07/2021 22:50:26 PM: minime90/mrh/2015/20150612/Images\MRH_X_20150613_102231_206.img reduced chisqr: 1.1659.
			Message:"Tolerance seems to be too small."
04/07/2021 22:50:33 PM: minime90/mrh/2015/20150612/Images\MRH_X_20150613_102540_207.img reduced chisqr: 1.3294.
			Message:"Tolerance seems to be too small."
04/07/2021 22:50:39 PM: minime90/mrh/2015/20150612/Images\MRH_X_20150613_102848_208.img reduced chisqr: 1.0807.
			Message:"Tolerance seems to be too small."
04/07/2021 22:50:45 PM: minime90/mrh/2015/20150612/Images\MRH_X_20150613_103156_209.img reduced chisqr: 1.3390.
			Message:"Tolerance seems to be too small."
04/07/2021 22:50:52 PM: minime90/mrh/2015/20150612/Images\MRH_X_20150613_103552_210.img reduced chisqr: 1.2412.
			Message:"Tolerance seems to be too small."
04/07/2021 22:50:58 PM: minime90/mrh/2015/20150612/Images\MRH_X_20150613_103903_211.img reduced chisqr: 1.2825.
			Message:"Tolerance seems to be too small."
04/07/2021 22:50:58 PM: WARNING: Exposure time is not changing.
04/07/2021 22:50:58 PM: Created diagnostic plots.
04/07/2021 22:50:58 PM: Laser and sky image analysis complete.
04/07/2021 22:50:58 PM: No Boltwood cloud sensor data found.
04/07/2021 22:50:58 PM: No X300 temperature sensor data found.
04/07/2021 22:50:58 PM:  Quality Flag Calculation:
		Manual Wind Flag: 0
		Manual Temperature Flag: 0
		Laser Drift: False
		Sample-specific flags:
		Images\MRH_X_20150612_234948_010.img [no cloud data W1T1] [FINAL: W1T1]
		Images\MRH_X_20150612_235259_011.img [no cloud data W1T1] [FINAL: W1T1]
		Images\MRH_X_20150612_235608_012.img [no cloud data W1T1] [FINAL: W1T1]
		Images\MRH_X_20150612_235917_013.img [no cloud data W1T1] [FINAL: W1T1]
		Images\MRH_X_20150613_000227_014.img [no cloud data W1T1] [FINAL: W1T1]
		Images\MRH_X_20150613_000536_015.img [no cloud data W1T1] [FINAL: W1T1]
		Images\MRH_X_20150613_000845_016.img [no cloud data W1T1] [FINAL: W1T1]
		Images\MRH_X_20150613_001153_017.img [no cloud data W1T1] [FINAL: W1T1]
		Images\MRH_X_20150613_001501_018.img [no cloud data W1T1] [FINAL: W1T1]
		Images\MRH_X_20150613_001809_019.img [no cloud data W1T1] [FINAL: W1T1]
		Images\MRH_X_20150613_002206_020.img [no cloud data W1T1] [FINAL: W1T1]
		Images\MRH_X_20150613_002517_021.img [no cloud data W1T1] [FINAL: W1T1]
		Images\MRH_X_20150613_002826_022.img [no cloud data W1T1] [FINAL: W1T1]
		Images\MRH_X_20150613_003136_023.img [no cloud data W1T1] [FINAL: W1T1]
		Images\MRH_X_20150613_003445_024.img [no cloud data W1T1] [FINAL: W1T1]
		Images\MRH_X_20150613_003755_025.img [no cloud data W1T1] [FINAL: W1T1]
		Images\MRH_X_20150613_004104_026.img [no cloud data W1T1] [FINAL: W1T1]
		Images\MRH_X_20150613_004412_027.img [no cloud data W1T1] [FINAL: W1T1]
		Images\MRH_X_20150613_004720_028.img [no cloud data W1T1] [FINAL: W1T1]
		Images\MRH_X_20150613_005028_029.img [no cloud data W1T1] [FINAL: W1T1]
		Images\MRH_X_20150613_005424_030.img [no cloud data W1T1] [FINAL: W1T1]
		Images\MRH_X_20150613_005735_031.img [no cloud data W1T1] [FINAL: W1T1]
		Images\MRH_X_20150613_010045_032.img [no cloud data W1T1] [FINAL: W1T1]
		Images\MRH_X_20150613_010354_033.img [no cloud data W1T1] [FINAL: W1T1]
		Images\MRH_X_20150613_010703_034.img [no cloud data W1T1] [FINAL: W1T1]
		Images\MRH_X_20150613_011013_035.img [no cloud data W1T1] [FINAL: W1T1]
		Images\MRH_X_20150613_011322_036.img [no cloud data W1T1] [FINAL: W1T1]
		Images\MRH_X_20150613_011630_037.img [no cloud data W1T1] [FINAL: W1T1]
		Images\MRH_X_20150613_011938_038.img [no cloud data W1T1] [FINAL: W1T1]
		Images\MRH_X_20150613_012246_039.img [no cloud data W1T1] [FINAL: W1T1]
		Images\MRH_X_20150613_012642_040.img [no cloud data W1T1] [FINAL: W1T1]
		Images\MRH_X_20150613_012954_041.img [no cloud data W1T1] [FINAL: W1T1]
		Images\MRH_X_20150613_013303_042.img [no cloud data W1T1] [FINAL: W1T1]
		Images\MRH_X_20150613_013612_043.img [no cloud data W1T1] [FINAL: W1T1]
		Images\MRH_X_20150613_013922_044.img [no cloud data W1T1] [FINAL: W1T1]
		Images\MRH_X_20150613_014231_045.img [no cloud data W1T1] [FINAL: W1T1]
		Images\MRH_X_20150613_014540_046.img [no cloud data W1T1] [FINAL: W1T1]
		Images\MRH_X_20150613_014848_047.img [no cloud data W1T1] [FINAL: W1T1]
		Images\MRH_X_20150613_015156_048.img [no cloud data W1T1] [FINAL: W1T1]
		Images\MRH_X_20150613_015504_049.img [no cloud data W1T1] [FINAL: W1T1]
		Images\MRH_X_20150613_015900_050.img [no cloud data W1T1] [FINAL: W1T1]
		Images\MRH_X_20150613_020212_051.img [no cloud data W1T1] [FINAL: W1T1]
		Images\MRH_X_20150613_020521_052.img [no cloud data W1T1] [FINAL: W1T1]
		Images\MRH_X_20150613_020830_053.img [no cloud data W1T1] [FINAL: W1T1]
		Images\MRH_X_20150613_021140_054.img [no cloud data W1T1] [FINAL: W1T1]
		Images\MRH_X_20150613_021449_055.img [no cloud data W1T1] [FINAL: W1T1]
		Images\MRH_X_20150613_021758_056.img [no cloud data W1T1] [FINAL: W1T1]
		Images\MRH_X_20150613_022106_057.img [no cloud data W1T1] [FINAL: W1T1]
		Images\MRH_X_20150613_022414_058.img [no cloud data W1T1] [FINAL: W1T1]
		Images\MRH_X_20150613_022722_059.img [no cloud data W1T1] [FINAL: W1T1]
		Images\MRH_X_20150613_023118_060.img [no cloud data W1T1] [FINAL: W1T1]
		Images\MRH_X_20150613_023429_061.img [no cloud data W1T1] [FINAL: W1T1]
		Images\MRH_X_20150613_023738_062.img [no cloud data W1T1] [FINAL: W1T1]
		Images\MRH_X_20150613_024048_063.img [no cloud data W1T1] [FINAL: W1T1]
		Images\MRH_X_20150613_024357_064.img [no cloud data W1T1] [FINAL: W1T1]
		Images\MRH_X_20150613_024707_065.img [no cloud data W1T1] [FINAL: W1T1]
		Images\MRH_X_20150613_025016_066.img [no cloud data W1T1] [FINAL: W1T1]
		Images\MRH_X_20150613_025324_067.img [no cloud data W1T1] [FINAL: W1T1]
		Images\MRH_X_20150613_025632_068.img [no cloud data W1T1] [FINAL: W1T1]
		Images\MRH_X_20150613_025940_069.img [no cloud data W1T1] [FINAL: W1T1]
		Images\MRH_X_20150613_030336_070.img [no cloud data W1T1] [FINAL: W1T1]
		Images\MRH_X_20150613_030647_071.img [no cloud data W1T1] [FINAL: W1T1]
		Images\MRH_X_20150613_030956_072.img [no cloud data W1T1] [FINAL: W1T1]
		Images\MRH_X_20150613_031305_073.img [no cloud data W1T1] [FINAL: W1T1]
		Images\MRH_X_20150613_031615_074.img [no cloud data W1T1] [FINAL: W1T1]
		Images\MRH_X_20150613_031924_075.img [no cloud data W1T1] [FINAL: W1T1]
		Images\MRH_X_20150613_032233_076.img [no cloud data W1T1] [FINAL: W1T1]
		Images\MRH_X_20150613_032541_077.img [no cloud data W1T1] [FINAL: W1T1]
		Images\MRH_X_20150613_032849_078.img [no cloud data W1T1] [FINAL: W1T1]
		Images\MRH_X_20150613_033158_079.img [no cloud data W1T1] [FINAL: W1T1]
		Images\MRH_X_20150613_033553_080.img [no cloud data W1T1] [FINAL: W1T1]
		Images\MRH_X_20150613_033905_081.img [no cloud data W1T1] [FINAL: W1T1]
		Images\MRH_X_20150613_034214_082.img [no cloud data W1T1] [FINAL: W1T1]
		Images\MRH_X_20150613_034523_083.img [no cloud data W1T1] [FINAL: W1T1]
		Images\MRH_X_20150613_034833_084.img [no cloud data W1T1] [FINAL: W1T1]
		Images\MRH_X_20150613_035142_085.img [no cloud data W1T1] [FINAL: W1T1]
		Images\MRH_X_20150613_035451_086.img [no cloud data W1T1] [FINAL: W1T1]
		Images\MRH_X_20150613_035759_087.img [no cloud data W1T1] [FINAL: W1T1]
		Images\MRH_X_20150613_040107_088.img [no cloud data W1T1] [FINAL: W1T1]
		Images\MRH_X_20150613_040416_089.img [no cloud data W1T1] [FINAL: W1T1]
		Images\MRH_X_20150613_040812_090.img [no cloud data W1T1] [FINAL: W1T1]
		Images\MRH_X_20150613_041123_091.img [no cloud data W1T1] [FINAL: W1T1]
		Images\MRH_X_20150613_041433_092.img [no cloud data W1T1] [FINAL: W1T1]
		Images\MRH_X_20150613_041742_093.img [no cloud data W1T1] [FINAL: W1T1]
		Images\MRH_X_20150613_042052_094.img [no cloud data W1T1] [FINAL: W1T1]
		Images\MRH_X_20150613_042401_095.img [no cloud data W1T1] [FINAL: W1T1]
		Images\MRH_X_20150613_042710_096.img [no cloud data W1T1] [FINAL: W1T1]
		Images\MRH_X_20150613_043018_097.img [no cloud data W1T1] [FINAL: W1T1]
		Images\MRH_X_20150613_043326_098.img [no cloud data W1T1] [FINAL: W1T1]
		Images\MRH_X_20150613_043634_099.img [no cloud data W1T1] [FINAL: W1T1]
		Images\MRH_X_20150613_044030_100.img [no cloud data W1T1] [FINAL: W1T1]
		Images\MRH_X_20150613_044342_101.img [no cloud data W1T1] [FINAL: W1T1]
		Images\MRH_X_20150613_044651_102.img [no cloud data W1T1] [FINAL: W1T1]
		Images\MRH_X_20150613_045000_103.img [no cloud data W1T1] [FINAL: W1T1]
		Images\MRH_X_20150613_045310_104.img [no cloud data W1T1] [FINAL: W1T1]
		Images\MRH_X_20150613_045619_105.img [no cloud data W1T1] [FINAL: W1T1]
		Images\MRH_X_20150613_045928_106.img [no cloud data W1T1] [FINAL: W1T1]
		Images\MRH_X_20150613_050237_107.img [no cloud data W1T1] [FINAL: W1T1]
		Images\MRH_X_20150613_050545_108.img [no cloud data W1T1] [FINAL: W1T1]
		Images\MRH_X_20150613_050853_109.img [no cloud data W1T1] [FINAL: W1T1]
		Images\MRH_X_20150613_051249_110.img [no cloud data W1T1] [FINAL: W1T1]
		Images\MRH_X_20150613_051600_111.img [no cloud data W1T1] [FINAL: W1T1]
		Images\MRH_X_20150613_051910_112.img [no cloud data W1T1] [FINAL: W1T1]
		Images\MRH_X_20150613_052219_113.img [no cloud data W1T1] [FINAL: W1T1]
		Images\MRH_X_20150613_052529_114.img [no cloud data W1T1] [FINAL: W1T1]
		Images\MRH_X_20150613_052838_115.img [no cloud data W1T1] [FINAL: W1T1]
		Images\MRH_X_20150613_053147_116.img [no cloud data W1T1] [FINAL: W1T1]
		Images\MRH_X_20150613_053455_117.img [no cloud data W1T1] [FINAL: W1T1]
		Images\MRH_X_20150613_053803_118.img [no cloud data W1T1] [FINAL: W1T1]
		Images\MRH_X_20150613_054111_119.img [no cloud data W1T1] [FINAL: W1T1]
		Images\MRH_X_20150613_054507_120.img [no cloud data W1T1] [FINAL: W1T1]
		Images\MRH_X_20150613_054819_121.img [no cloud data W1T1] [FINAL: W1T1]
		Images\MRH_X_20150613_055128_122.img [no cloud data W1T1] [FINAL: W1T1]
		Images\MRH_X_20150613_055437_123.img [no cloud data W1T1] [FINAL: W1T1]
		Images\MRH_X_20150613_055747_124.img [no cloud data W1T1] [FINAL: W1T1]
		Images\MRH_X_20150613_060056_125.img [no cloud data W1T1] [FINAL: W1T1]
		Images\MRH_X_20150613_060405_126.img [no cloud data W1T1] [FINAL: W1T1]
		Images\MRH_X_20150613_060713_127.img [no cloud data W1T1] [FINAL: W1T1]
		Images\MRH_X_20150613_061021_128.img [no cloud data W1T1] [FINAL: W1T1]
		Images\MRH_X_20150613_061330_129.img [no cloud data W1T1] [FINAL: W1T1]
		Images\MRH_X_20150613_061726_130.img [no cloud data W1T1] [FINAL: W1T1]
		Images\MRH_X_20150613_062037_131.img [no cloud data W1T1] [FINAL: W1T1]
		Images\MRH_X_20150613_062346_132.img [no cloud data W1T1] [FINAL: W1T1]
		Images\MRH_X_20150613_062656_133.img [no cloud data W1T1] [FINAL: W1T1]
		Images\MRH_X_20150613_063005_134.img [no cloud data W1T1] [FINAL: W1T1]
		Images\MRH_X_20150613_063314_135.img [no cloud data W1T1] [FINAL: W1T1]
		Images\MRH_X_20150613_063624_136.img [no cloud data W1T1] [FINAL: W1T1]
		Images\MRH_X_20150613_063932_137.img [no cloud data W1T1] [FINAL: W1T1]
		Images\MRH_X_20150613_064240_138.img [no cloud data W1T1] [FINAL: W1T1]
		Images\MRH_X_20150613_064548_139.img [no cloud data W1T1] [FINAL: W1T1]
		Images\MRH_X_20150613_064944_140.img [no cloud data W1T1] [FINAL: W1T1]
		Images\MRH_X_20150613_065255_141.img [no cloud data W1T1] [FINAL: W1T1]
		Images\MRH_X_20150613_065604_142.img [no cloud data W1T1] [FINAL: W1T1]
		Images\MRH_X_20150613_065914_143.img [no cloud data W1T1] [FINAL: W1T1]
		Images\MRH_X_20150613_070223_144.img [no cloud data W1T1] [FINAL: W1T1]
		Images\MRH_X_20150613_070533_145.img [no cloud data W1T1] [FINAL: W1T1]
		Images\MRH_X_20150613_070842_146.img [no cloud data W1T1] [FINAL: W1T1]
		Images\MRH_X_20150613_071150_147.img [no cloud data W1T1] [FINAL: W1T1]
		Images\MRH_X_20150613_071458_148.img [no cloud data W1T1] [FINAL: W1T1]
		Images\MRH_X_20150613_071806_149.img [no cloud data W1T1] [FINAL: W1T1]
		Images\MRH_X_20150613_072202_150.img [no cloud data W1T1] [FINAL: W1T1]
		Images\MRH_X_20150613_072513_151.img [no cloud data W1T1] [FINAL: W1T1]
		Images\MRH_X_20150613_072822_152.img [no cloud data W1T1] [FINAL: W1T1]
		Images\MRH_X_20150613_073132_153.img [no cloud data W1T1] [FINAL: W1T1]
		Images\MRH_X_20150613_073441_154.img [no cloud data W1T1] [FINAL: W1T1]
		Images\MRH_X_20150613_073751_155.img [no cloud data W1T1] [FINAL: W1T1]
		Images\MRH_X_20150613_074100_156.img [no cloud data W1T1] [FINAL: W1T1]
		Images\MRH_X_20150613_074408_157.img [no cloud data W1T1] [FINAL: W1T1]
		Images\MRH_X_20150613_074716_158.img [no cloud data W1T1] [FINAL: W1T1]
		Images\MRH_X_20150613_075024_159.img [no cloud data W1T1] [FINAL: W1T1]
		Images\MRH_X_20150613_075420_160.img [no cloud data W1T1] [FINAL: W1T1]
		Images\MRH_X_20150613_075731_161.img [no cloud data W1T1] [FINAL: W1T1]
		Images\MRH_X_20150613_080041_162.img [no cloud data W1T1] [FINAL: W1T1]
		Images\MRH_X_20150613_080350_163.img [no cloud data W1T1] [FINAL: W1T1]
		Images\MRH_X_20150613_080659_164.img [no cloud data W1T1] [FINAL: W1T1]
		Images\MRH_X_20150613_081009_165.img [no cloud data W1T1] [FINAL: W1T1]
		Images\MRH_X_20150613_081318_166.img [no cloud data W1T1] [FINAL: W1T1]
		Images\MRH_X_20150613_081626_167.img [no cloud data W1T1] [FINAL: W1T1]
		Images\MRH_X_20150613_081934_168.img [no cloud data W1T1] [FINAL: W1T1]
		Images\MRH_X_20150613_082242_169.img [no cloud data W1T1] [FINAL: W1T1]
		Images\MRH_X_20150613_082638_170.img [no cloud data W1T1] [FINAL: W1T1]
		Images\MRH_X_20150613_082950_171.img [no cloud data W1T1] [FINAL: W1T1]
		Images\MRH_X_20150613_083259_172.img [no cloud data W1T1] [FINAL: W1T1]
		Images\MRH_X_20150613_083608_173.img [no cloud data W1T1] [FINAL: W1T1]
		Images\MRH_X_20150613_083918_174.img [no cloud data W1T1] [FINAL: W1T1]
		Images\MRH_X_20150613_084227_175.img [no cloud data W1T1] [FINAL: W1T1]
		Images\MRH_X_20150613_084536_176.img [no cloud data W1T1] [FINAL: W1T1]
		Images\MRH_X_20150613_084844_177.img [no cloud data W1T1] [FINAL: W1T1]
		Images\MRH_X_20150613_085153_178.img [no cloud data W1T1] [FINAL: W1T1]
		Images\MRH_X_20150613_085501_179.img [no cloud data W1T1] [FINAL: W1T1]
		Images\MRH_X_20150613_085857_180.img [no cloud data W1T1] [FINAL: W1T1]
		Images\MRH_X_20150613_090208_181.img [no cloud data W1T1] [FINAL: W1T1]
		Images\MRH_X_20150613_090518_182.img [no cloud data W1T1] [FINAL: W1T1]
		Images\MRH_X_20150613_090827_183.img [no cloud data W1T1] [FINAL: W1T1]
		Images\MRH_X_20150613_091136_184.img [no cloud data W1T1] [FINAL: W1T1]
		Images\MRH_X_20150613_091446_185.img [no cloud data W1T1] [FINAL: W1T1]
		Images\MRH_X_20150613_091755_186.img [no cloud data W1T1] [FINAL: W1T1]
		Images\MRH_X_20150613_092103_187.img [no cloud data W1T1] [FINAL: W1T1]
		Images\MRH_X_20150613_092411_188.img [no cloud data W1T1] [FINAL: W1T1]
		Images\MRH_X_20150613_092719_189.img [no cloud data W1T1] [FINAL: W1T1]
		Images\MRH_X_20150613_093115_190.img [no cloud data W1T1] [FINAL: W1T1]
		Images\MRH_X_20150613_093427_191.img [no cloud data W1T1] [FINAL: W1T1]
		Images\MRH_X_20150613_094045_193.img [no cloud data W1T1] [FINAL: W1T1]
		Images\MRH_X_20150613_094355_194.img [no cloud data W1T1] [FINAL: W1T1]
		Images\MRH_X_20150613_094704_195.img [no cloud data W1T1] [FINAL: W1T1]
		Images\MRH_X_20150613_095013_196.img [no cloud data W1T1] [FINAL: W1T1]
		Images\MRH_X_20150613_095321_197.img [no cloud data W1T1] [FINAL: W1T1]
		Images\MRH_X_20150613_095630_198.img [no cloud data W1T1] [FINAL: W1T1]
		Images\MRH_X_20150613_095938_199.img [no cloud data W1T1] [FINAL: W1T1]
		Images\MRH_X_20150613_100333_200.img [no cloud data W1T1] [FINAL: W1T1]
		Images\MRH_X_20150613_100645_201.img [no cloud data W1T1] [FINAL: W1T1]
		Images\MRH_X_20150613_101303_203.img [no cloud data W1T1] [FINAL: W1T1]
		Images\MRH_X_20150613_101613_204.img [no cloud data W1T1] [FINAL: W1T1]
		Images\MRH_X_20150613_101922_205.img [no cloud data W1T1] [FINAL: W1T1]
		Images\MRH_X_20150613_102231_206.img [no cloud data W1T1] [FINAL: W1T1]
		Images\MRH_X_20150613_102540_207.img [no cloud data W1T1] [FINAL: W1T1]
		Images\MRH_X_20150613_102848_208.img [no cloud data W1T1] [FINAL: W1T1]
		Images\MRH_X_20150613_103156_209.img [no cloud data W1T1] [FINAL: W1T1]
		Images\MRH_X_20150613_103552_210.img [no cloud data W1T1] [FINAL: W1T1]
		Images\MRH_X_20150613_103903_211.img [no cloud data W1T1] [FINAL: W1T1]
04/07/2021 22:50:58 PM: Results saved to results/minime90_mrh_20150612.npz
