04/08/2021 03:00:50 AM: Logfile Created
04/08/2021 03:00:50 AM: Sun up during minime90/mrh/2015/20150625/Images\MRH_L_20150625_231606_001.img. Ignoring this image...
04/08/2021 03:00:50 AM: minime90/mrh/2015/20150625/Images\MRH_L_20150625_235234_002.img center: 257.40, 254.51
04/08/2021 03:00:51 AM: minime90/mrh/2015/20150625/Images\MRH_L_20150626_002452_003.img center: 257.44, 254.53
04/08/2021 03:00:51 AM: minime90/mrh/2015/20150625/Images\MRH_L_20150626_005709_004.img center: 257.47, 254.52
04/08/2021 03:00:51 AM: minime90/mrh/2015/20150625/Images\MRH_L_20150626_012927_005.img center: 257.40, 254.58
04/08/2021 03:00:51 AM: minime90/mrh/2015/20150625/Images\MRH_L_20150626_020145_006.img center: 257.41, 254.56
04/08/2021 03:00:52 AM: minime90/mrh/2015/20150625/Images\MRH_L_20150626_023403_007.img center: 257.36, 254.55
04/08/2021 03:00:52 AM: minime90/mrh/2015/20150625/Images\MRH_L_20150626_030620_008.img center: 257.43, 254.58
04/08/2021 03:00:52 AM: minime90/mrh/2015/20150625/Images\MRH_L_20150626_033839_009.img center: 257.34, 254.60
04/08/2021 03:00:52 AM: minime90/mrh/2015/20150625/Images\MRH_L_20150626_041057_010.img center: 257.34, 254.62
04/08/2021 03:00:53 AM: minime90/mrh/2015/20150625/Images\MRH_L_20150626_044314_011.img center: 257.30, 254.58
04/08/2021 03:00:53 AM: minime90/mrh/2015/20150625/Images\MRH_L_20150626_051531_012.img center: 257.34, 254.61
04/08/2021 03:00:53 AM: minime90/mrh/2015/20150625/Images\MRH_L_20150626_054750_013.img center: 257.29, 254.63
04/08/2021 03:00:53 AM: minime90/mrh/2015/20150625/Images\MRH_L_20150626_062007_014.img center: 257.34, 254.61
04/08/2021 03:00:54 AM: minime90/mrh/2015/20150625/Images\MRH_L_20150626_065225_015.img center: 257.31, 254.60
04/08/2021 03:00:54 AM: minime90/mrh/2015/20150625/Images\MRH_L_20150626_072442_016.img center: 257.26, 254.66
04/08/2021 03:00:54 AM: minime90/mrh/2015/20150625/Images\MRH_L_20150626_075700_017.img center: 257.30, 254.65
04/08/2021 03:00:54 AM: minime90/mrh/2015/20150625/Images\MRH_L_20150626_082917_018.img center: 257.25, 254.63
04/08/2021 03:00:55 AM: minime90/mrh/2015/20150625/Images\MRH_L_20150626_090135_019.img center: 257.24, 254.64
04/08/2021 03:00:55 AM: minime90/mrh/2015/20150625/Images\MRH_L_20150626_093353_020.img center: 257.26, 254.64
04/08/2021 03:00:55 AM: minime90/mrh/2015/20150625/Images\MRH_L_20150626_100611_021.img center: 257.24, 254.65
04/08/2021 03:00:55 AM: minime90/mrh/2015/20150625/Images\MRH_L_20150626_103829_022.img center: 257.33, 254.65
04/08/2021 03:00:56 AM: minime90/mrh/2015/20150625/Images\MRH_L_20150626_104848_212.img center: 257.28, 254.65
04/08/2021 03:00:58 AM: minime90/mrh/2015/20150625/Images\MRH_L_20150625_235234_002.img reduced chisqr: 4.3498
04/08/2021 03:01:01 AM: minime90/mrh/2015/20150625/Images\MRH_L_20150626_002452_003.img reduced chisqr: 4.1934
04/08/2021 03:01:04 AM: minime90/mrh/2015/20150625/Images\MRH_L_20150626_005709_004.img reduced chisqr: 4.3405
04/08/2021 03:01:07 AM: minime90/mrh/2015/20150625/Images\MRH_L_20150626_012927_005.img reduced chisqr: 4.7776
04/08/2021 03:01:10 AM: minime90/mrh/2015/20150625/Images\MRH_L_20150626_020145_006.img reduced chisqr: 7.5974
04/08/2021 03:01:12 AM: minime90/mrh/2015/20150625/Images\MRH_L_20150626_023403_007.img reduced chisqr: 4.2566
04/08/2021 03:01:15 AM: minime90/mrh/2015/20150625/Images\MRH_L_20150626_030620_008.img reduced chisqr: 5.2833
04/08/2021 03:01:18 AM: minime90/mrh/2015/20150625/Images\MRH_L_20150626_033839_009.img reduced chisqr: 4.8385
04/08/2021 03:01:20 AM: minime90/mrh/2015/20150625/Images\MRH_L_20150626_041057_010.img reduced chisqr: 4.6150
04/08/2021 03:01:23 AM: minime90/mrh/2015/20150625/Images\MRH_L_20150626_044314_011.img reduced chisqr: 4.4083
04/08/2021 03:01:26 AM: minime90/mrh/2015/20150625/Images\MRH_L_20150626_051531_012.img reduced chisqr: 6.9163
04/08/2021 03:01:28 AM: minime90/mrh/2015/20150625/Images\MRH_L_20150626_054750_013.img reduced chisqr: 4.5806
04/08/2021 03:01:31 AM: minime90/mrh/2015/20150625/Images\MRH_L_20150626_062007_014.img reduced chisqr: 6.1100
04/08/2021 03:01:34 AM: minime90/mrh/2015/20150625/Images\MRH_L_20150626_065225_015.img reduced chisqr: 4.3859
04/08/2021 03:01:37 AM: minime90/mrh/2015/20150625/Images\MRH_L_20150626_072442_016.img reduced chisqr: 5.2331
04/08/2021 03:01:39 AM: minime90/mrh/2015/20150625/Images\MRH_L_20150626_075700_017.img reduced chisqr: 4.7953
04/08/2021 03:01:42 AM: minime90/mrh/2015/20150625/Images\MRH_L_20150626_082917_018.img reduced chisqr: 4.3139
04/08/2021 03:01:45 AM: minime90/mrh/2015/20150625/Images\MRH_L_20150626_090135_019.img reduced chisqr: 4.8717
04/08/2021 03:01:48 AM: minime90/mrh/2015/20150625/Images\MRH_L_20150626_093353_020.img reduced chisqr: 4.8303
04/08/2021 03:01:50 AM: minime90/mrh/2015/20150625/Images\MRH_L_20150626_100611_021.img reduced chisqr: 4.7691
04/08/2021 03:01:53 AM: minime90/mrh/2015/20150625/Images\MRH_L_20150626_103829_022.img reduced chisqr: 5.3013
04/08/2021 03:01:56 AM: minime90/mrh/2015/20150625/Images\MRH_L_20150626_104848_212.img reduced chisqr: 4.2000
04/08/2021 03:01:56 AM: minime90/mrh/2015/20150625/Images\MRH_X_20150625_232407_001.img not bounded by laser images. Ignoring this image...
04/08/2021 03:01:56 AM: minime90/mrh/2015/20150625/Images\MRH_X_20150625_232718_002.img not bounded by laser images. Ignoring this image...
04/08/2021 03:01:56 AM: minime90/mrh/2015/20150625/Images\MRH_X_20150625_233027_003.img not bounded by laser images. Ignoring this image...
04/08/2021 03:01:56 AM: minime90/mrh/2015/20150625/Images\MRH_X_20150625_233337_004.img not bounded by laser images. Ignoring this image...
04/08/2021 03:01:56 AM: minime90/mrh/2015/20150625/Images\MRH_X_20150625_233646_005.img not bounded by laser images. Ignoring this image...
04/08/2021 03:01:56 AM: minime90/mrh/2015/20150625/Images\MRH_X_20150625_233955_006.img not bounded by laser images. Ignoring this image...
04/08/2021 03:01:56 AM: minime90/mrh/2015/20150625/Images\MRH_X_20150625_234303_007.img not bounded by laser images. Ignoring this image...
04/08/2021 03:01:56 AM: minime90/mrh/2015/20150625/Images\MRH_X_20150625_234611_008.img not bounded by laser images. Ignoring this image...
04/08/2021 03:01:56 AM: minime90/mrh/2015/20150625/Images\MRH_X_20150625_234919_009.img not bounded by laser images. Ignoring this image...
04/08/2021 03:01:56 AM: minime90/mrh/2015/20150625/Images\MRH_X_20150626_000245_013.img is looking too close to the moon (5.6 deg). Ignoring this image...
04/08/2021 03:01:56 AM: minime90/mrh/2015/20150625/Images\MRH_X_20150626_003502_023.img is looking too close to the moon (7.5 deg). Ignoring this image...
04/08/2021 03:01:56 AM: minime90/mrh/2015/20150625/Images\MRH_X_20150626_004430_026.img is looking too close to the moon (36.0 deg). Ignoring this image...
04/08/2021 03:01:56 AM: minime90/mrh/2015/20150625/Images\MRH_X_20150626_004738_027.img is looking too close to the moon (35.5 deg). Ignoring this image...
04/08/2021 03:01:56 AM: minime90/mrh/2015/20150625/Images\MRH_X_20150626_005046_028.img is looking too close to the moon (35.0 deg). Ignoring this image...
04/08/2021 03:01:56 AM: minime90/mrh/2015/20150625/Images\MRH_X_20150626_005354_029.img is looking too close to the moon (34.5 deg). Ignoring this image...
04/08/2021 03:01:56 AM: minime90/mrh/2015/20150625/Images\MRH_X_20150626_010720_033.img is looking too close to the moon (14.3 deg). Ignoring this image...
04/08/2021 03:01:56 AM: minime90/mrh/2015/20150625/Images\MRH_X_20150626_011339_035.img is looking too close to the moon (30.2 deg). Ignoring this image...
04/08/2021 03:01:56 AM: minime90/mrh/2015/20150625/Images\MRH_X_20150626_011648_036.img is looking too close to the moon (31.4 deg). Ignoring this image...
04/08/2021 03:01:56 AM: minime90/mrh/2015/20150625/Images\MRH_X_20150626_011956_037.img is looking too close to the moon (31.0 deg). Ignoring this image...
04/08/2021 03:01:56 AM: minime90/mrh/2015/20150625/Images\MRH_X_20150626_012304_038.img is looking too close to the moon (30.7 deg). Ignoring this image...
04/08/2021 03:01:56 AM: minime90/mrh/2015/20150625/Images\MRH_X_20150626_012612_039.img is looking too close to the moon (30.3 deg). Ignoring this image...
04/08/2021 03:01:56 AM: minime90/mrh/2015/20150625/Images\MRH_X_20150626_013938_043.img is looking too close to the moon (21.8 deg). Ignoring this image...
04/08/2021 03:01:56 AM: minime90/mrh/2015/20150625/Images\MRH_X_20150626_014248_044.img is looking too close to the moon (36.2 deg). Ignoring this image...
04/08/2021 03:01:56 AM: minime90/mrh/2015/20150625/Images\MRH_X_20150626_014557_045.img is looking too close to the moon (22.3 deg). Ignoring this image...
04/08/2021 03:01:56 AM: minime90/mrh/2015/20150625/Images\MRH_X_20150626_014906_046.img is looking too close to the moon (28.3 deg). Ignoring this image...
04/08/2021 03:01:56 AM: minime90/mrh/2015/20150625/Images\MRH_X_20150626_015214_047.img is looking too close to the moon (28.1 deg). Ignoring this image...
04/08/2021 03:01:56 AM: minime90/mrh/2015/20150625/Images\MRH_X_20150626_015522_048.img is looking too close to the moon (27.9 deg). Ignoring this image...
04/08/2021 03:01:56 AM: minime90/mrh/2015/20150625/Images\MRH_X_20150626_015830_049.img is looking too close to the moon (27.7 deg). Ignoring this image...
04/08/2021 03:01:56 AM: minime90/mrh/2015/20150625/Images\MRH_X_20150626_021156_053.img is looking too close to the moon (29.5 deg). Ignoring this image...
04/08/2021 03:01:56 AM: minime90/mrh/2015/20150625/Images\MRH_X_20150626_021505_054.img is looking too close to the moon (33.6 deg). Ignoring this image...
04/08/2021 03:01:56 AM: minime90/mrh/2015/20150625/Images\MRH_X_20150626_021814_055.img is looking too close to the moon (14.5 deg). Ignoring this image...
04/08/2021 03:01:56 AM: minime90/mrh/2015/20150625/Images\MRH_X_20150626_022124_056.img is looking too close to the moon (27.2 deg). Ignoring this image...
04/08/2021 03:01:56 AM: minime90/mrh/2015/20150625/Images\MRH_X_20150626_022432_057.img is looking too close to the moon (27.2 deg). Ignoring this image...
04/08/2021 03:01:56 AM: minime90/mrh/2015/20150625/Images\MRH_X_20150626_022740_058.img is looking too close to the moon (27.2 deg). Ignoring this image...
04/08/2021 03:01:56 AM: minime90/mrh/2015/20150625/Images\MRH_X_20150626_023048_059.img is looking too close to the moon (27.3 deg). Ignoring this image...
04/08/2021 03:01:56 AM: minime90/mrh/2015/20150625/Images\MRH_X_20150626_024723_064.img is looking too close to the moon (32.3 deg). Ignoring this image...
04/08/2021 03:01:56 AM: minime90/mrh/2015/20150625/Images\MRH_X_20150626_025032_065.img is looking too close to the moon (6.7 deg). Ignoring this image...
04/08/2021 03:01:56 AM: minime90/mrh/2015/20150625/Images\MRH_X_20150626_025341_066.img is looking too close to the moon (28.2 deg). Ignoring this image...
04/08/2021 03:01:56 AM: minime90/mrh/2015/20150625/Images\MRH_X_20150626_025649_067.img is looking too close to the moon (28.4 deg). Ignoring this image...
04/08/2021 03:01:56 AM: minime90/mrh/2015/20150625/Images\MRH_X_20150626_025957_068.img is looking too close to the moon (28.6 deg). Ignoring this image...
04/08/2021 03:01:56 AM: minime90/mrh/2015/20150625/Images\MRH_X_20150626_030305_069.img is looking too close to the moon (28.9 deg). Ignoring this image...
04/08/2021 03:01:56 AM: minime90/mrh/2015/20150625/Images\MRH_X_20150626_031941_074.img is looking too close to the moon (32.6 deg). Ignoring this image...
04/08/2021 03:01:56 AM: minime90/mrh/2015/20150625/Images\MRH_X_20150626_032250_075.img is looking too close to the moon (1.7 deg). Ignoring this image...
04/08/2021 03:01:56 AM: minime90/mrh/2015/20150625/Images\MRH_X_20150626_032559_076.img is looking too close to the moon (31.3 deg). Ignoring this image...
04/08/2021 03:01:56 AM: minime90/mrh/2015/20150625/Images\MRH_X_20150626_032907_077.img is looking too close to the moon (31.7 deg). Ignoring this image...
04/08/2021 03:01:56 AM: minime90/mrh/2015/20150625/Images\MRH_X_20150626_033215_078.img is looking too close to the moon (32.0 deg). Ignoring this image...
04/08/2021 03:01:56 AM: minime90/mrh/2015/20150625/Images\MRH_X_20150626_033523_079.img is looking too close to the moon (32.5 deg). Ignoring this image...
04/08/2021 03:01:56 AM: minime90/mrh/2015/20150625/Images\MRH_X_20150626_035159_084.img is looking too close to the moon (34.4 deg). Ignoring this image...
04/08/2021 03:01:56 AM: minime90/mrh/2015/20150625/Images\MRH_X_20150626_035508_085.img is looking too close to the moon (9.2 deg). Ignoring this image...
04/08/2021 03:01:56 AM: minime90/mrh/2015/20150625/Images\MRH_X_20150626_035818_086.img is looking too close to the moon (35.7 deg). Ignoring this image...
04/08/2021 03:01:56 AM: minime90/mrh/2015/20150625/Images\MRH_X_20150626_040126_087.img is looking too close to the moon (36.2 deg). Ignoring this image...
04/08/2021 03:01:56 AM: minime90/mrh/2015/20150625/Images\MRH_X_20150626_040434_088.img is looking too close to the moon (36.7 deg). Ignoring this image...
04/08/2021 03:01:56 AM: minime90/mrh/2015/20150625/Images\MRH_X_20150626_042726_095.img is looking too close to the moon (17.0 deg). Ignoring this image...
04/08/2021 03:01:56 AM: minime90/mrh/2015/20150625/Images\MRH_X_20150626_045943_105.img is looking too close to the moon (24.7 deg). Ignoring this image...
04/08/2021 03:01:56 AM: minime90/mrh/2015/20150625/Images\MRH_X_20150626_053201_115.img is looking too close to the moon (32.5 deg). Ignoring this image...
04/08/2021 03:02:03 AM: minime90/mrh/2015/20150625/Images\MRH_X_20150625_235315_010.img reduced chisqr: 1.1181.
			Message:"Tolerance seems to be too small."
04/08/2021 03:02:09 AM: minime90/mrh/2015/20150625/Images\MRH_X_20150625_235626_011.img reduced chisqr: 1.0753.
			Message:"Tolerance seems to be too small."
04/08/2021 03:02:16 AM: minime90/mrh/2015/20150625/Images\MRH_X_20150625_235935_012.img reduced chisqr: 0.9661.
			Message:"Tolerance seems to be too small."
04/08/2021 03:02:22 AM: minime90/mrh/2015/20150625/Images\MRH_X_20150626_000554_014.img reduced chisqr: 1.3696.
			Message:"Tolerance seems to be too small."
04/08/2021 03:02:29 AM: minime90/mrh/2015/20150625/Images\MRH_X_20150626_000903_015.img reduced chisqr: 1.2013.
			Message:"Tolerance seems to be too small."
04/08/2021 03:02:35 AM: minime90/mrh/2015/20150625/Images\MRH_X_20150626_001213_016.img reduced chisqr: 1.1417.
			Message:"Tolerance seems to be too small."
04/08/2021 03:02:41 AM: minime90/mrh/2015/20150625/Images\MRH_X_20150626_001521_017.img reduced chisqr: 1.1966.
			Message:"Tolerance seems to be too small."
04/08/2021 03:02:48 AM: minime90/mrh/2015/20150625/Images\MRH_X_20150626_001829_018.img reduced chisqr: 1.0755.
			Message:"Tolerance seems to be too small."
04/08/2021 03:02:54 AM: minime90/mrh/2015/20150625/Images\MRH_X_20150626_002137_019.img reduced chisqr: 1.2826.
			Message:"Tolerance seems to be too small."
04/08/2021 03:03:00 AM: minime90/mrh/2015/20150625/Images\MRH_X_20150626_002532_020.img reduced chisqr: 1.3047.
			Message:"Tolerance seems to be too small."
04/08/2021 03:03:07 AM: minime90/mrh/2015/20150625/Images\MRH_X_20150626_002844_021.img reduced chisqr: 1.1071.
			Message:"Tolerance seems to be too small."
04/08/2021 03:03:13 AM: minime90/mrh/2015/20150625/Images\MRH_X_20150626_003153_022.img reduced chisqr: 1.5140.
			Message:"Tolerance seems to be too small."
04/08/2021 03:03:20 AM: minime90/mrh/2015/20150625/Images\MRH_X_20150626_003812_024.img reduced chisqr: 1.2682.
			Message:"Tolerance seems to be too small."
04/08/2021 03:03:26 AM: minime90/mrh/2015/20150625/Images\MRH_X_20150626_004121_025.img reduced chisqr: 1.1874.
			Message:"Tolerance seems to be too small."
04/08/2021 03:03:33 AM: minime90/mrh/2015/20150625/Images\MRH_X_20150626_005751_030.img reduced chisqr: 1.2093.
			Message:"Tolerance seems to be too small."
04/08/2021 03:03:39 AM: minime90/mrh/2015/20150625/Images\MRH_X_20150626_010102_031.img reduced chisqr: 1.1823.
			Message:"Tolerance seems to be too small."
04/08/2021 03:03:46 AM: minime90/mrh/2015/20150625/Images\MRH_X_20150626_010411_032.img reduced chisqr: 1.1429.
			Message:"Tolerance seems to be too small."
04/08/2021 03:03:52 AM: minime90/mrh/2015/20150625/Images\MRH_X_20150626_011030_034.img reduced chisqr: 0.9597.
			Message:"Tolerance seems to be too small."
04/08/2021 03:03:59 AM: minime90/mrh/2015/20150625/Images\MRH_X_20150626_013009_040.img reduced chisqr: 0.9674.
			Message:"Tolerance seems to be too small."
04/08/2021 03:04:05 AM: minime90/mrh/2015/20150625/Images\MRH_X_20150626_013320_041.img reduced chisqr: 1.0402.
			Message:"Tolerance seems to be too small."
04/08/2021 03:04:12 AM: minime90/mrh/2015/20150625/Images\MRH_X_20150626_013629_042.img reduced chisqr: 1.0820.
			Message:"Tolerance seems to be too small."
04/08/2021 03:04:18 AM: minime90/mrh/2015/20150625/Images\MRH_X_20150626_020226_050.img reduced chisqr: 1.2025.
			Message:"Tolerance seems to be too small."
04/08/2021 03:04:24 AM: minime90/mrh/2015/20150625/Images\MRH_X_20150626_020537_051.img reduced chisqr: 1.1804.
			Message:"Tolerance seems to be too small."
04/08/2021 03:04:31 AM: minime90/mrh/2015/20150625/Images\MRH_X_20150626_020846_052.img reduced chisqr: 1.0941.
			Message:"Tolerance seems to be too small."
04/08/2021 03:04:37 AM: minime90/mrh/2015/20150625/Images\MRH_X_20150626_023444_060.img reduced chisqr: 0.9608.
			Message:"Tolerance seems to be too small."
04/08/2021 03:04:44 AM: minime90/mrh/2015/20150625/Images\MRH_X_20150626_023755_061.img reduced chisqr: 1.0087.
			Message:"Tolerance seems to be too small."
04/08/2021 03:04:50 AM: minime90/mrh/2015/20150625/Images\MRH_X_20150626_024104_062.img reduced chisqr: 1.2420.
			Message:"Tolerance seems to be too small."
04/08/2021 03:04:57 AM: minime90/mrh/2015/20150625/Images\MRH_X_20150626_024413_063.img reduced chisqr: 1.2435.
			Message:"Tolerance seems to be too small."
04/08/2021 03:05:03 AM: minime90/mrh/2015/20150625/Images\MRH_X_20150626_030702_070.img reduced chisqr: 1.3152.
			Message:"Tolerance seems to be too small."
04/08/2021 03:05:09 AM: minime90/mrh/2015/20150625/Images\MRH_X_20150626_031013_071.img reduced chisqr: 1.1024.
			Message:"Tolerance seems to be too small."
04/08/2021 03:05:16 AM: minime90/mrh/2015/20150625/Images\MRH_X_20150626_031322_072.img reduced chisqr: 1.1189.
			Message:"Tolerance seems to be too small."
04/08/2021 03:05:22 AM: minime90/mrh/2015/20150625/Images\MRH_X_20150626_031631_073.img reduced chisqr: 1.1395.
			Message:"Tolerance seems to be too small."
04/08/2021 03:05:28 AM: minime90/mrh/2015/20150625/Images\MRH_X_20150626_033920_080.img reduced chisqr: 1.2073.
			Message:"Tolerance seems to be too small."
04/08/2021 03:05:35 AM: minime90/mrh/2015/20150625/Images\MRH_X_20150626_034231_081.img reduced chisqr: 1.3045.
			Message:"Tolerance seems to be too small."
04/08/2021 03:05:41 AM: minime90/mrh/2015/20150625/Images\MRH_X_20150626_034540_082.img reduced chisqr: 1.1652.
			Message:"Tolerance seems to be too small."
04/08/2021 03:05:47 AM: minime90/mrh/2015/20150625/Images\MRH_X_20150626_034850_083.img reduced chisqr: 1.1127.
			Message:"Tolerance seems to be too small."
04/08/2021 03:05:54 AM: minime90/mrh/2015/20150625/Images\MRH_X_20150626_040742_089.img reduced chisqr: 1.1634.
			Message:"Tolerance seems to be too small."
04/08/2021 03:06:00 AM: minime90/mrh/2015/20150625/Images\MRH_X_20150626_041137_090.img reduced chisqr: 1.0765.
			Message:"Tolerance seems to be too small."
04/08/2021 03:06:07 AM: minime90/mrh/2015/20150625/Images\MRH_X_20150626_041449_091.img reduced chisqr: 1.1139.
			Message:"Tolerance seems to be too small."
04/08/2021 03:06:13 AM: minime90/mrh/2015/20150625/Images\MRH_X_20150626_041758_092.img reduced chisqr: 1.0792.
			Message:"Tolerance seems to be too small."
04/08/2021 03:06:20 AM: minime90/mrh/2015/20150625/Images\MRH_X_20150626_042107_093.img reduced chisqr: 1.2390.
			Message:"Tolerance seems to be too small."
04/08/2021 03:06:26 AM: minime90/mrh/2015/20150625/Images\MRH_X_20150626_042417_094.img reduced chisqr: 0.9611.
			Message:"Tolerance seems to be too small."
04/08/2021 03:06:32 AM: minime90/mrh/2015/20150625/Images\MRH_X_20150626_043035_096.img reduced chisqr: 0.9424.
			Message:"Tolerance seems to be too small."
04/08/2021 03:06:39 AM: minime90/mrh/2015/20150625/Images\MRH_X_20150626_043343_097.img reduced chisqr: 1.0067.
			Message:"Tolerance seems to be too small."
04/08/2021 03:06:45 AM: minime90/mrh/2015/20150625/Images\MRH_X_20150626_043651_098.img reduced chisqr: 0.9548.
			Message:"Tolerance seems to be too small."
04/08/2021 03:06:52 AM: minime90/mrh/2015/20150625/Images\MRH_X_20150626_043959_099.img reduced chisqr: 1.1343.
			Message:"Tolerance seems to be too small."
04/08/2021 03:06:58 AM: minime90/mrh/2015/20150625/Images\MRH_X_20150626_044355_100.img reduced chisqr: 1.0122.
			Message:"Tolerance seems to be too small."
04/08/2021 03:07:04 AM: minime90/mrh/2015/20150625/Images\MRH_X_20150626_044706_101.img reduced chisqr: 1.2422.
			Message:"Tolerance seems to be too small."
04/08/2021 03:07:11 AM: minime90/mrh/2015/20150625/Images\MRH_X_20150626_045015_102.img reduced chisqr: 1.1692.
			Message:"Tolerance seems to be too small."
04/08/2021 03:07:17 AM: minime90/mrh/2015/20150625/Images\MRH_X_20150626_045324_103.img reduced chisqr: 1.0820.
			Message:"Tolerance seems to be too small."
04/08/2021 03:07:23 AM: minime90/mrh/2015/20150625/Images\MRH_X_20150626_045634_104.img reduced chisqr: 1.2077.
			Message:"Tolerance seems to be too small."
04/08/2021 03:07:30 AM: minime90/mrh/2015/20150625/Images\MRH_X_20150626_050252_106.img reduced chisqr: 1.3257.
			Message:"Tolerance seems to be too small."
04/08/2021 03:07:36 AM: minime90/mrh/2015/20150625/Images\MRH_X_20150626_050600_107.img reduced chisqr: 1.4574.
			Message:"Tolerance seems to be too small."
04/08/2021 03:07:42 AM: minime90/mrh/2015/20150625/Images\MRH_X_20150626_050908_108.img reduced chisqr: 1.1431.
			Message:"Tolerance seems to be too small."
04/08/2021 03:07:49 AM: minime90/mrh/2015/20150625/Images\MRH_X_20150626_051216_109.img reduced chisqr: 0.9737.
			Message:"Tolerance seems to be too small."
04/08/2021 03:07:55 AM: minime90/mrh/2015/20150625/Images\MRH_X_20150626_051613_110.img reduced chisqr: 3.1767.
			Message:"Tolerance seems to be too small."
04/08/2021 03:08:01 AM: minime90/mrh/2015/20150625/Images\MRH_X_20150626_051924_111.img reduced chisqr: 1.4768.
			Message:"Tolerance seems to be too small."
04/08/2021 03:08:08 AM: minime90/mrh/2015/20150625/Images\MRH_X_20150626_052233_112.img reduced chisqr: 1.5215.
			Message:"Tolerance seems to be too small."
04/08/2021 03:08:14 AM: minime90/mrh/2015/20150625/Images\MRH_X_20150626_052543_113.img reduced chisqr: 1.1354.
			Message:"Tolerance seems to be too small."
04/08/2021 03:08:21 AM: minime90/mrh/2015/20150625/Images\MRH_X_20150626_052852_114.img reduced chisqr: 1.4043.
			Message:"Tolerance seems to be too small."
04/08/2021 03:08:27 AM: minime90/mrh/2015/20150625/Images\MRH_X_20150626_053510_116.img reduced chisqr: 0.9909.
			Message:"Tolerance seems to be too small."
04/08/2021 03:08:33 AM: minime90/mrh/2015/20150625/Images\MRH_X_20150626_053819_117.img reduced chisqr: 1.1512.
			Message:"Tolerance seems to be too small."
04/08/2021 03:08:40 AM: minime90/mrh/2015/20150625/Images\MRH_X_20150626_054127_118.img reduced chisqr: 1.2550.
			Message:"Tolerance seems to be too small."
04/08/2021 03:08:46 AM: minime90/mrh/2015/20150625/Images\MRH_X_20150626_054435_119.img reduced chisqr: 0.9515.
			Message:"Tolerance seems to be too small."
04/08/2021 03:08:52 AM: minime90/mrh/2015/20150625/Images\MRH_X_20150626_054830_120.img reduced chisqr: 1.0908.
			Message:"Tolerance seems to be too small."
04/08/2021 03:08:59 AM: minime90/mrh/2015/20150625/Images\MRH_X_20150626_055142_121.img reduced chisqr: 1.0762.
			Message:"Tolerance seems to be too small."
04/08/2021 03:09:05 AM: minime90/mrh/2015/20150625/Images\MRH_X_20150626_055451_122.img reduced chisqr: 0.9820.
			Message:"Tolerance seems to be too small."
04/08/2021 03:09:11 AM: minime90/mrh/2015/20150625/Images\MRH_X_20150626_055800_123.img reduced chisqr: 1.0334.
			Message:"Tolerance seems to be too small."
04/08/2021 03:09:18 AM: minime90/mrh/2015/20150625/Images\MRH_X_20150626_060110_124.img reduced chisqr: 1.1327.
			Message:"Tolerance seems to be too small."
04/08/2021 03:09:24 AM: minime90/mrh/2015/20150625/Images\MRH_X_20150626_060419_125.img reduced chisqr: 1.0954.
			Message:"Tolerance seems to be too small."
04/08/2021 03:09:30 AM: minime90/mrh/2015/20150625/Images\MRH_X_20150626_060728_126.img reduced chisqr: 1.0880.
			Message:"Tolerance seems to be too small."
04/08/2021 03:09:37 AM: minime90/mrh/2015/20150625/Images\MRH_X_20150626_061036_127.img reduced chisqr: 1.1082.
			Message:"Tolerance seems to be too small."
04/08/2021 03:09:43 AM: minime90/mrh/2015/20150625/Images\MRH_X_20150626_061344_128.img reduced chisqr: 1.0588.
			Message:"Tolerance seems to be too small."
04/08/2021 03:09:49 AM: minime90/mrh/2015/20150625/Images\MRH_X_20150626_061652_129.img reduced chisqr: 1.2556.
			Message:"Tolerance seems to be too small."
04/08/2021 03:09:55 AM: minime90/mrh/2015/20150625/Images\MRH_X_20150626_062048_130.img reduced chisqr: 0.9886.
			Message:"Tolerance seems to be too small."
04/08/2021 03:10:02 AM: minime90/mrh/2015/20150625/Images\MRH_X_20150626_062359_131.img reduced chisqr: 1.0519.
			Message:"Tolerance seems to be too small."
04/08/2021 03:10:08 AM: minime90/mrh/2015/20150625/Images\MRH_X_20150626_062708_132.img reduced chisqr: 1.0702.
			Message:"Tolerance seems to be too small."
04/08/2021 03:10:15 AM: minime90/mrh/2015/20150625/Images\MRH_X_20150626_063018_133.img reduced chisqr: 1.0786.
			Message:"Tolerance seems to be too small."
04/08/2021 03:10:21 AM: minime90/mrh/2015/20150625/Images\MRH_X_20150626_063327_134.img reduced chisqr: 1.0482.
			Message:"Tolerance seems to be too small."
04/08/2021 03:10:27 AM: minime90/mrh/2015/20150625/Images\MRH_X_20150626_063637_135.img reduced chisqr: 1.1014.
			Message:"Tolerance seems to be too small."
04/08/2021 03:10:34 AM: minime90/mrh/2015/20150625/Images\MRH_X_20150626_063946_136.img reduced chisqr: 1.0059.
			Message:"Tolerance seems to be too small."
04/08/2021 03:10:40 AM: minime90/mrh/2015/20150625/Images\MRH_X_20150626_064254_137.img reduced chisqr: 1.0481.
			Message:"Tolerance seems to be too small."
04/08/2021 03:10:46 AM: minime90/mrh/2015/20150625/Images\MRH_X_20150626_064602_138.img reduced chisqr: 1.0357.
			Message:"Tolerance seems to be too small."
04/08/2021 03:10:53 AM: minime90/mrh/2015/20150625/Images\MRH_X_20150626_064910_139.img reduced chisqr: 1.1771.
			Message:"Tolerance seems to be too small."
04/08/2021 03:10:59 AM: minime90/mrh/2015/20150625/Images\MRH_X_20150626_065305_140.img reduced chisqr: 1.1611.
			Message:"Tolerance seems to be too small."
04/08/2021 03:11:05 AM: minime90/mrh/2015/20150625/Images\MRH_X_20150626_065617_141.img reduced chisqr: 1.2175.
			Message:"Tolerance seems to be too small."
04/08/2021 03:11:12 AM: minime90/mrh/2015/20150625/Images\MRH_X_20150626_065926_142.img reduced chisqr: 1.1011.
			Message:"Tolerance seems to be too small."
04/08/2021 03:11:18 AM: minime90/mrh/2015/20150625/Images\MRH_X_20150626_070235_143.img reduced chisqr: 1.1442.
			Message:"Tolerance seems to be too small."
04/08/2021 03:11:24 AM: minime90/mrh/2015/20150625/Images\MRH_X_20150626_070545_144.img reduced chisqr: 1.5440.
			Message:"Tolerance seems to be too small."
04/08/2021 03:11:31 AM: minime90/mrh/2015/20150625/Images\MRH_X_20150626_070854_145.img reduced chisqr: 1.0259.
			Message:"Tolerance seems to be too small."
04/08/2021 03:11:37 AM: minime90/mrh/2015/20150625/Images\MRH_X_20150626_071203_146.img reduced chisqr: 1.0308.
			Message:"Tolerance seems to be too small."
04/08/2021 03:11:43 AM: minime90/mrh/2015/20150625/Images\MRH_X_20150626_071511_147.img reduced chisqr: 1.1308.
			Message:"Tolerance seems to be too small."
04/08/2021 03:11:50 AM: minime90/mrh/2015/20150625/Images\MRH_X_20150626_071819_148.img reduced chisqr: 1.1127.
			Message:"Tolerance seems to be too small."
04/08/2021 03:11:56 AM: minime90/mrh/2015/20150625/Images\MRH_X_20150626_072127_149.img reduced chisqr: 1.1651.
			Message:"Tolerance seems to be too small."
04/08/2021 03:12:02 AM: minime90/mrh/2015/20150625/Images\MRH_X_20150626_072523_150.img reduced chisqr: 1.2192.
			Message:"Tolerance seems to be too small."
04/08/2021 03:12:08 AM: minime90/mrh/2015/20150625/Images\MRH_X_20150626_072834_151.img reduced chisqr: 1.1400.
			Message:"Tolerance seems to be too small."
04/08/2021 03:12:15 AM: minime90/mrh/2015/20150625/Images\MRH_X_20150626_073143_152.img reduced chisqr: 0.9686.
			Message:"Tolerance seems to be too small."
04/08/2021 03:12:21 AM: minime90/mrh/2015/20150625/Images\MRH_X_20150626_073453_153.img reduced chisqr: 1.4279.
			Message:"Tolerance seems to be too small."
04/08/2021 03:12:27 AM: minime90/mrh/2015/20150625/Images\MRH_X_20150626_073802_154.img reduced chisqr: 1.1369.
			Message:"Tolerance seems to be too small."
04/08/2021 03:12:34 AM: minime90/mrh/2015/20150625/Images\MRH_X_20150626_074112_155.img reduced chisqr: 1.0314.
			Message:"Tolerance seems to be too small."
04/08/2021 03:12:40 AM: minime90/mrh/2015/20150625/Images\MRH_X_20150626_074421_156.img reduced chisqr: 1.2056.
			Message:"Tolerance seems to be too small."
04/08/2021 03:12:46 AM: minime90/mrh/2015/20150625/Images\MRH_X_20150626_074729_157.img reduced chisqr: 1.0315.
			Message:"Tolerance seems to be too small."
04/08/2021 03:12:52 AM: minime90/mrh/2015/20150625/Images\MRH_X_20150626_075037_158.img reduced chisqr: 1.1394.
			Message:"Tolerance seems to be too small."
04/08/2021 03:12:59 AM: minime90/mrh/2015/20150625/Images\MRH_X_20150626_075345_159.img reduced chisqr: 1.3398.
			Message:"Tolerance seems to be too small."
04/08/2021 03:13:05 AM: minime90/mrh/2015/20150625/Images\MRH_X_20150626_075741_160.img reduced chisqr: 1.1031.
			Message:"Tolerance seems to be too small."
04/08/2021 03:13:11 AM: minime90/mrh/2015/20150625/Images\MRH_X_20150626_080052_161.img reduced chisqr: 1.0755.
			Message:"Tolerance seems to be too small."
04/08/2021 03:13:18 AM: minime90/mrh/2015/20150625/Images\MRH_X_20150626_080401_162.img reduced chisqr: 1.1401.
			Message:"Tolerance seems to be too small."
04/08/2021 03:13:24 AM: minime90/mrh/2015/20150625/Images\MRH_X_20150626_080710_163.img reduced chisqr: 1.1012.
			Message:"Tolerance seems to be too small."
04/08/2021 03:13:30 AM: minime90/mrh/2015/20150625/Images\MRH_X_20150626_081020_164.img reduced chisqr: 1.2816.
			Message:"Tolerance seems to be too small."
04/08/2021 03:13:37 AM: minime90/mrh/2015/20150625/Images\MRH_X_20150626_081329_165.img reduced chisqr: 1.3838.
			Message:"Tolerance seems to be too small."
04/08/2021 03:13:43 AM: minime90/mrh/2015/20150625/Images\MRH_X_20150626_081638_166.img reduced chisqr: 1.0444.
			Message:"Tolerance seems to be too small."
04/08/2021 03:13:49 AM: minime90/mrh/2015/20150625/Images\MRH_X_20150626_081946_167.img reduced chisqr: 0.9077.
			Message:"Tolerance seems to be too small."
04/08/2021 03:13:56 AM: minime90/mrh/2015/20150625/Images\MRH_X_20150626_082254_168.img reduced chisqr: 0.9960.
			Message:"Tolerance seems to be too small."
04/08/2021 03:14:02 AM: minime90/mrh/2015/20150625/Images\MRH_X_20150626_082602_169.img reduced chisqr: 1.0217.
			Message:"Tolerance seems to be too small."
04/08/2021 03:14:09 AM: minime90/mrh/2015/20150625/Images\MRH_X_20150626_082958_170.img reduced chisqr: 1.1486.
			Message:"Tolerance seems to be too small."
04/08/2021 03:14:15 AM: minime90/mrh/2015/20150625/Images\MRH_X_20150626_083309_171.img reduced chisqr: 1.1472.
			Message:"Tolerance seems to be too small."
04/08/2021 03:14:21 AM: minime90/mrh/2015/20150625/Images\MRH_X_20150626_083618_172.img reduced chisqr: 1.3402.
			Message:"Tolerance seems to be too small."
04/08/2021 03:14:28 AM: minime90/mrh/2015/20150625/Images\MRH_X_20150626_083928_173.img reduced chisqr: 1.0900.
			Message:"Tolerance seems to be too small."
04/08/2021 03:14:34 AM: minime90/mrh/2015/20150625/Images\MRH_X_20150626_084237_174.img reduced chisqr: 1.2292.
			Message:"Tolerance seems to be too small."
04/08/2021 03:14:40 AM: minime90/mrh/2015/20150625/Images\MRH_X_20150626_084547_175.img reduced chisqr: 1.2388.
			Message:"Tolerance seems to be too small."
04/08/2021 03:14:47 AM: minime90/mrh/2015/20150625/Images\MRH_X_20150626_084856_176.img reduced chisqr: 1.0734.
			Message:"Tolerance seems to be too small."
04/08/2021 03:14:53 AM: minime90/mrh/2015/20150625/Images\MRH_X_20150626_085204_177.img reduced chisqr: 1.1989.
			Message:"Tolerance seems to be too small."
04/08/2021 03:15:00 AM: minime90/mrh/2015/20150625/Images\MRH_X_20150626_085512_178.img reduced chisqr: 1.3021.
			Message:"Tolerance seems to be too small."
04/08/2021 03:15:06 AM: minime90/mrh/2015/20150625/Images\MRH_X_20150626_085820_179.img reduced chisqr: 1.1089.
			Message:"Tolerance seems to be too small."
04/08/2021 03:15:12 AM: minime90/mrh/2015/20150625/Images\MRH_X_20150626_090216_180.img reduced chisqr: 1.0909.
			Message:"Tolerance seems to be too small."
04/08/2021 03:15:19 AM: minime90/mrh/2015/20150625/Images\MRH_X_20150626_090527_181.img reduced chisqr: 2.2004.
			Message:"Tolerance seems to be too small."
04/08/2021 03:15:25 AM: minime90/mrh/2015/20150625/Images\MRH_X_20150626_090836_182.img reduced chisqr: 1.1120.
			Message:"Tolerance seems to be too small."
04/08/2021 03:15:31 AM: minime90/mrh/2015/20150625/Images\MRH_X_20150626_091146_183.img reduced chisqr: 1.1856.
			Message:"Tolerance seems to be too small."
04/08/2021 03:15:38 AM: minime90/mrh/2015/20150625/Images\MRH_X_20150626_091455_184.img reduced chisqr: 1.0330.
			Message:"Tolerance seems to be too small."
04/08/2021 03:15:44 AM: minime90/mrh/2015/20150625/Images\MRH_X_20150626_091805_185.img reduced chisqr: 1.2738.
			Message:"Tolerance seems to be too small."
04/08/2021 03:15:51 AM: minime90/mrh/2015/20150625/Images\MRH_X_20150626_092114_186.img reduced chisqr: 1.1828.
			Message:"Tolerance seems to be too small."
04/08/2021 03:15:57 AM: minime90/mrh/2015/20150625/Images\MRH_X_20150626_092422_187.img reduced chisqr: 0.9952.
			Message:"Tolerance seems to be too small."
04/08/2021 03:16:03 AM: minime90/mrh/2015/20150625/Images\MRH_X_20150626_092730_188.img reduced chisqr: 1.3253.
			Message:"Tolerance seems to be too small."
04/08/2021 03:16:09 AM: minime90/mrh/2015/20150625/Images\MRH_X_20150626_093038_189.img reduced chisqr: 1.1226.
			Message:"Tolerance seems to be too small."
04/08/2021 03:16:16 AM: minime90/mrh/2015/20150625/Images\MRH_X_20150626_093434_190.img reduced chisqr: 1.1129.
			Message:"Tolerance seems to be too small."
04/08/2021 03:16:22 AM: minime90/mrh/2015/20150625/Images\MRH_X_20150626_093745_191.img reduced chisqr: 1.0535.
			Message:"Tolerance seems to be too small."
04/08/2021 03:16:28 AM: minime90/mrh/2015/20150625/Images\MRH_X_20150626_094054_192.img reduced chisqr: 0.9170.
			Message:"Tolerance seems to be too small."
04/08/2021 03:16:35 AM: minime90/mrh/2015/20150625/Images\MRH_X_20150626_094403_193.img reduced chisqr: 1.0983.
			Message:"Tolerance seems to be too small."
04/08/2021 03:16:41 AM: minime90/mrh/2015/20150625/Images\MRH_X_20150626_094713_194.img reduced chisqr: 1.2056.
			Message:"Tolerance seems to be too small."
04/08/2021 03:16:47 AM: minime90/mrh/2015/20150625/Images\MRH_X_20150626_095022_195.img reduced chisqr: 1.1822.
			Message:"Tolerance seems to be too small."
04/08/2021 03:16:53 AM: minime90/mrh/2015/20150625/Images\MRH_X_20150626_095331_196.img reduced chisqr: 1.0644.
			Message:"Tolerance seems to be too small."
04/08/2021 03:17:00 AM: minime90/mrh/2015/20150625/Images\MRH_X_20150626_095639_197.img reduced chisqr: 1.1860.
			Message:"Tolerance seems to be too small."
04/08/2021 03:17:06 AM: minime90/mrh/2015/20150625/Images\MRH_X_20150626_095948_198.img reduced chisqr: 1.1849.
			Message:"Tolerance seems to be too small."
04/08/2021 03:17:13 AM: minime90/mrh/2015/20150625/Images\MRH_X_20150626_100255_199.img reduced chisqr: 1.0172.
			Message:"Tolerance seems to be too small."
04/08/2021 03:17:19 AM: minime90/mrh/2015/20150625/Images\MRH_X_20150626_100652_200.img reduced chisqr: 1.3294.
			Message:"Tolerance seems to be too small."
04/08/2021 03:17:25 AM: minime90/mrh/2015/20150625/Images\MRH_X_20150626_101003_201.img reduced chisqr: 1.0219.
			Message:"Tolerance seems to be too small."
04/08/2021 03:17:31 AM: minime90/mrh/2015/20150625/Images\MRH_X_20150626_101312_202.img reduced chisqr: 1.2854.
			Message:"Tolerance seems to be too small."
04/08/2021 03:17:38 AM: minime90/mrh/2015/20150625/Images\MRH_X_20150626_101621_203.img reduced chisqr: 1.2279.
			Message:"Tolerance seems to be too small."
04/08/2021 03:17:44 AM: minime90/mrh/2015/20150625/Images\MRH_X_20150626_101931_204.img reduced chisqr: 1.1244.
			Message:"Tolerance seems to be too small."
04/08/2021 03:17:50 AM: minime90/mrh/2015/20150625/Images\MRH_X_20150626_102240_205.img reduced chisqr: 1.1469.
			Message:"Tolerance seems to be too small."
04/08/2021 03:17:56 AM: minime90/mrh/2015/20150625/Images\MRH_X_20150626_102550_206.img reduced chisqr: 1.1338.
			Message:"Tolerance seems to be too small."
04/08/2021 03:18:03 AM: minime90/mrh/2015/20150625/Images\MRH_X_20150626_102858_207.img reduced chisqr: 1.3968.
			Message:"Tolerance seems to be too small."
04/08/2021 03:18:09 AM: minime90/mrh/2015/20150625/Images\MRH_X_20150626_103206_208.img reduced chisqr: 1.1927.
			Message:"Tolerance seems to be too small."
04/08/2021 03:18:15 AM: minime90/mrh/2015/20150625/Images\MRH_X_20150626_103514_209.img reduced chisqr: 1.3859.
			Message:"Tolerance seems to be too small."
04/08/2021 03:18:21 AM: minime90/mrh/2015/20150625/Images\MRH_X_20150626_103909_210.img reduced chisqr: 1.5885.
			Message:"Tolerance seems to be too small."
04/08/2021 03:18:28 AM: minime90/mrh/2015/20150625/Images\MRH_X_20150626_104221_211.img reduced chisqr: 1.5678.
			Message:"Tolerance seems to be too small."
04/08/2021 03:18:34 AM: minime90/mrh/2015/20150625/Images\MRH_X_20150626_104530_212.img reduced chisqr: 1.7009.
			Message:"Tolerance seems to be too small."
04/08/2021 03:18:34 AM: WARNING: Exposure time is not changing.
04/08/2021 03:18:34 AM: Created diagnostic plots.
04/08/2021 03:18:34 AM: Laser and sky image analysis complete.
04/08/2021 03:18:34 AM: No Boltwood cloud sensor data found.
04/08/2021 03:18:34 AM: No X300 temperature sensor data found.
04/08/2021 03:18:34 AM:  Quality Flag Calculation:
		Manual Wind Flag: 0
		Manual Temperature Flag: 0
		Laser Drift: False
		Sample-specific flags:
		Images\MRH_X_20150625_235315_010.img [no cloud data W1T1] [FINAL: W1T1]
		Images\MRH_X_20150625_235626_011.img [no cloud data W1T1] [FINAL: W1T1]
		Images\MRH_X_20150625_235935_012.img [no cloud data W1T1] [FINAL: W1T1]
		Images\MRH_X_20150626_000554_014.img [no cloud data W1T1] [FINAL: W1T1]
		Images\MRH_X_20150626_000903_015.img [no cloud data W1T1] [FINAL: W1T1]
		Images\MRH_X_20150626_001213_016.img [no cloud data W1T1] [FINAL: W1T1]
		Images\MRH_X_20150626_001521_017.img [no cloud data W1T1] [FINAL: W1T1]
		Images\MRH_X_20150626_001829_018.img [no cloud data W1T1] [FINAL: W1T1]
		Images\MRH_X_20150626_002137_019.img [no cloud data W1T1] [sigma_T large: W2T2] [FINAL: W2T2]
		Images\MRH_X_20150626_002532_020.img [no cloud data W1T1] [FINAL: W1T1]
		Images\MRH_X_20150626_002844_021.img [no cloud data W1T1] [sigma_T large: W2T2] [FINAL: W2T2]
		Images\MRH_X_20150626_003153_022.img [no cloud data W1T1] [sigma_T large: W2T2] [FINAL: W2T2]
		Images\MRH_X_20150626_003812_024.img [no cloud data W1T1] [FINAL: W1T1]
		Images\MRH_X_20150626_004121_025.img [no cloud data W1T1] [sigma_T large: W2T2] [FINAL: W2T2]
		Images\MRH_X_20150626_005751_030.img [no cloud data W1T1] [FINAL: W1T1]
		Images\MRH_X_20150626_010102_031.img [no cloud data W1T1] [FINAL: W1T1]
		Images\MRH_X_20150626_010411_032.img [no cloud data W1T1] [sigma_T large: W2T2] [FINAL: W2T2]
		Images\MRH_X_20150626_011030_034.img [no cloud data W1T1] [sigma_T large: W2T2] [FINAL: W2T2]
		Images\MRH_X_20150626_013009_040.img [no cloud data W1T1] [sigma_T large: W2T2] [FINAL: W2T2]
		Images\MRH_X_20150626_013320_041.img [no cloud data W1T1] [sigma_T large: W2T2] [FINAL: W2T2]
		Images\MRH_X_20150626_013629_042.img [no cloud data W1T1] [sigma_T large: W2T2] [FINAL: W2T2]
		Images\MRH_X_20150626_020226_050.img [no cloud data W1T1] [sigma_T large: W2T2] [FINAL: W2T2]
		Images\MRH_X_20150626_020537_051.img [no cloud data W1T1] [sigma_T large: W2T2] [FINAL: W2T2]
		Images\MRH_X_20150626_020846_052.img [no cloud data W1T1] [sigma_wind large: W2T2] [sigma_T large: W2T2] [FINAL: W2T2]
		Images\MRH_X_20150626_023444_060.img [no cloud data W1T1] [sigma_T large: W2T2] [FINAL: W2T2]
		Images\MRH_X_20150626_023755_061.img [no cloud data W1T1] [sigma_T large: W2T2] [FINAL: W2T2]
		Images\MRH_X_20150626_024104_062.img [no cloud data W1T1] [sigma_wind large: W2T2] [sigma_T large: W2T2] [FINAL: W2T2]
		Images\MRH_X_20150626_024413_063.img [no cloud data W1T1] [sigma_wind large: W2T2] [sigma_T large: W2T2] [FINAL: W2T2]
		Images\MRH_X_20150626_030702_070.img [no cloud data W1T1] [sigma_T large: W2T2] [FINAL: W2T2]
		Images\MRH_X_20150626_031013_071.img [no cloud data W1T1] [sigma_T large: W2T2] [FINAL: W2T2]
		Images\MRH_X_20150626_031322_072.img [no cloud data W1T1] [sigma_T large: W2T2] [FINAL: W2T2]
		Images\MRH_X_20150626_031631_073.img [no cloud data W1T1] [sigma_T large: W2T2] [FINAL: W2T2]
		Images\MRH_X_20150626_033920_080.img [no cloud data W1T1] [sigma_T large: W2T2] [FINAL: W2T2]
		Images\MRH_X_20150626_034231_081.img [no cloud data W1T1] [sigma_T large: W2T2] [FINAL: W2T2]
		Images\MRH_X_20150626_034540_082.img [no cloud data W1T1] [sigma_T large: W2T2] [FINAL: W2T2]
		Images\MRH_X_20150626_034850_083.img [no cloud data W1T1] [sigma_T large: W2T2] [FINAL: W2T2]
		Images\MRH_X_20150626_040742_089.img [no cloud data W1T1] [sigma_T large: W2T2] [FINAL: W2T2]
		Images\MRH_X_20150626_041137_090.img [no cloud data W1T1] [sigma_T large: W2T2] [FINAL: W2T2]
		Images\MRH_X_20150626_041449_091.img [no cloud data W1T1] [sigma_T large: W2T2] [FINAL: W2T2]
		Images\MRH_X_20150626_041758_092.img [no cloud data W1T1] [sigma_T large: W2T2] [FINAL: W2T2]
		Images\MRH_X_20150626_042107_093.img [no cloud data W1T1] [sigma_T large: W2T2] [FINAL: W2T2]
		Images\MRH_X_20150626_042417_094.img [no cloud data W1T1] [sigma_T large: W2T2] [FINAL: W2T2]
		Images\MRH_X_20150626_043035_096.img [no cloud data W1T1] [sigma_T large: W2T2] [FINAL: W2T2]
		Images\MRH_X_20150626_043343_097.img [no cloud data W1T1] [sigma_T large: W2T2] [FINAL: W2T2]
		Images\MRH_X_20150626_043651_098.img [no cloud data W1T1] [FINAL: W1T1]
		Images\MRH_X_20150626_043959_099.img [no cloud data W1T1] [sigma_T large: W2T2] [FINAL: W2T2]
		Images\MRH_X_20150626_044355_100.img [no cloud data W1T1] [sigma_T large: W2T2] [FINAL: W2T2]
		Images\MRH_X_20150626_044706_101.img [no cloud data W1T1] [sigma_T large: W2T2] [FINAL: W2T2]
		Images\MRH_X_20150626_045015_102.img [no cloud data W1T1] [sigma_T large: W2T2] [FINAL: W2T2]
		Images\MRH_X_20150626_045324_103.img [no cloud data W1T1] [FINAL: W1T1]
		Images\MRH_X_20150626_045634_104.img [no cloud data W1T1] [sigma_T large: W2T2] [FINAL: W2T2]
		Images\MRH_X_20150626_050252_106.img [no cloud data W1T1] [sigma_T large: W2T2] [FINAL: W2T2]
		Images\MRH_X_20150626_050600_107.img [no cloud data W1T1] [FINAL: W1T1]
		Images\MRH_X_20150626_050908_108.img [no cloud data W1T1] [FINAL: W1T1]
		Images\MRH_X_20150626_051216_109.img [no cloud data W1T1] [FINAL: W1T1]
		Images\MRH_X_20150626_051613_110.img [no cloud data W1T1] [sigma_T large: W2T2] [FINAL: W2T2]
		Images\MRH_X_20150626_051924_111.img [no cloud data W1T1] [FINAL: W1T1]
		Images\MRH_X_20150626_052233_112.img [no cloud data W1T1] [FINAL: W1T1]
		Images\MRH_X_20150626_052543_113.img [no cloud data W1T1] [FINAL: W1T1]
		Images\MRH_X_20150626_052852_114.img [no cloud data W1T1] [FINAL: W1T1]
		Images\MRH_X_20150626_053510_116.img [no cloud data W1T1] [FINAL: W1T1]
		Images\MRH_X_20150626_053819_117.img [no cloud data W1T1] [FINAL: W1T1]
		Images\MRH_X_20150626_054127_118.img [no cloud data W1T1] [FINAL: W1T1]
		Images\MRH_X_20150626_054435_119.img [no cloud data W1T1] [FINAL: W1T1]
		Images\MRH_X_20150626_054830_120.img [no cloud data W1T1] [FINAL: W1T1]
		Images\MRH_X_20150626_055142_121.img [no cloud data W1T1] [FINAL: W1T1]
		Images\MRH_X_20150626_055451_122.img [no cloud data W1T1] [FINAL: W1T1]
		Images\MRH_X_20150626_055800_123.img [no cloud data W1T1] [FINAL: W1T1]
		Images\MRH_X_20150626_060110_124.img [no cloud data W1T1] [FINAL: W1T1]
		Images\MRH_X_20150626_060419_125.img [no cloud data W1T1] [FINAL: W1T1]
		Images\MRH_X_20150626_060728_126.img [no cloud data W1T1] [FINAL: W1T1]
		Images\MRH_X_20150626_061036_127.img [no cloud data W1T1] [FINAL: W1T1]
		Images\MRH_X_20150626_061344_128.img [no cloud data W1T1] [FINAL: W1T1]
		Images\MRH_X_20150626_061652_129.img [no cloud data W1T1] [FINAL: W1T1]
		Images\MRH_X_20150626_062048_130.img [no cloud data W1T1] [FINAL: W1T1]
		Images\MRH_X_20150626_062359_131.img [no cloud data W1T1] [FINAL: W1T1]
		Images\MRH_X_20150626_062708_132.img [no cloud data W1T1] [FINAL: W1T1]
		Images\MRH_X_20150626_063018_133.img [no cloud data W1T1] [FINAL: W1T1]
		Images\MRH_X_20150626_063327_134.img [no cloud data W1T1] [FINAL: W1T1]
		Images\MRH_X_20150626_063637_135.img [no cloud data W1T1] [FINAL: W1T1]
		Images\MRH_X_20150626_063946_136.img [no cloud data W1T1] [FINAL: W1T1]
		Images\MRH_X_20150626_064254_137.img [no cloud data W1T1] [FINAL: W1T1]
		Images\MRH_X_20150626_064602_138.img [no cloud data W1T1] [FINAL: W1T1]
		Images\MRH_X_20150626_064910_139.img [no cloud data W1T1] [FINAL: W1T1]
		Images\MRH_X_20150626_065305_140.img [no cloud data W1T1] [FINAL: W1T1]
		Images\MRH_X_20150626_065617_141.img [no cloud data W1T1] [FINAL: W1T1]
		Images\MRH_X_20150626_065926_142.img [no cloud data W1T1] [FINAL: W1T1]
		Images\MRH_X_20150626_070235_143.img [no cloud data W1T1] [FINAL: W1T1]
		Images\MRH_X_20150626_070545_144.img [no cloud data W1T1] [FINAL: W1T1]
		Images\MRH_X_20150626_070854_145.img [no cloud data W1T1] [FINAL: W1T1]
		Images\MRH_X_20150626_071203_146.img [no cloud data W1T1] [FINAL: W1T1]
		Images\MRH_X_20150626_071511_147.img [no cloud data W1T1] [FINAL: W1T1]
		Images\MRH_X_20150626_071819_148.img [no cloud data W1T1] [FINAL: W1T1]
		Images\MRH_X_20150626_072127_149.img [no cloud data W1T1] [FINAL: W1T1]
		Images\MRH_X_20150626_072523_150.img [no cloud data W1T1] [FINAL: W1T1]
		Images\MRH_X_20150626_072834_151.img [no cloud data W1T1] [FINAL: W1T1]
		Images\MRH_X_20150626_073143_152.img [no cloud data W1T1] [FINAL: W1T1]
		Images\MRH_X_20150626_073453_153.img [no cloud data W1T1] [FINAL: W1T1]
		Images\MRH_X_20150626_073802_154.img [no cloud data W1T1] [FINAL: W1T1]
		Images\MRH_X_20150626_074112_155.img [no cloud data W1T1] [FINAL: W1T1]
		Images\MRH_X_20150626_074421_156.img [no cloud data W1T1] [FINAL: W1T1]
		Images\MRH_X_20150626_074729_157.img [no cloud data W1T1] [FINAL: W1T1]
		Images\MRH_X_20150626_075037_158.img [no cloud data W1T1] [FINAL: W1T1]
		Images\MRH_X_20150626_075345_159.img [no cloud data W1T1] [FINAL: W1T1]
		Images\MRH_X_20150626_075741_160.img [no cloud data W1T1] [FINAL: W1T1]
		Images\MRH_X_20150626_080052_161.img [no cloud data W1T1] [FINAL: W1T1]
		Images\MRH_X_20150626_080401_162.img [no cloud data W1T1] [FINAL: W1T1]
		Images\MRH_X_20150626_080710_163.img [no cloud data W1T1] [FINAL: W1T1]
		Images\MRH_X_20150626_081020_164.img [no cloud data W1T1] [FINAL: W1T1]
		Images\MRH_X_20150626_081329_165.img [no cloud data W1T1] [FINAL: W1T1]
		Images\MRH_X_20150626_081638_166.img [no cloud data W1T1] [FINAL: W1T1]
		Images\MRH_X_20150626_081946_167.img [no cloud data W1T1] [FINAL: W1T1]
		Images\MRH_X_20150626_082254_168.img [no cloud data W1T1] [FINAL: W1T1]
		Images\MRH_X_20150626_082602_169.img [no cloud data W1T1] [FINAL: W1T1]
		Images\MRH_X_20150626_082958_170.img [no cloud data W1T1] [FINAL: W1T1]
		Images\MRH_X_20150626_083309_171.img [no cloud data W1T1] [FINAL: W1T1]
		Images\MRH_X_20150626_083618_172.img [no cloud data W1T1] [FINAL: W1T1]
		Images\MRH_X_20150626_083928_173.img [no cloud data W1T1] [FINAL: W1T1]
		Images\MRH_X_20150626_084237_174.img [no cloud data W1T1] [FINAL: W1T1]
		Images\MRH_X_20150626_084547_175.img [no cloud data W1T1] [FINAL: W1T1]
		Images\MRH_X_20150626_084856_176.img [no cloud data W1T1] [FINAL: W1T1]
		Images\MRH_X_20150626_085204_177.img [no cloud data W1T1] [FINAL: W1T1]
		Images\MRH_X_20150626_085512_178.img [no cloud data W1T1] [FINAL: W1T1]
		Images\MRH_X_20150626_085820_179.img [no cloud data W1T1] [FINAL: W1T1]
		Images\MRH_X_20150626_090216_180.img [no cloud data W1T1] [FINAL: W1T1]
		Images\MRH_X_20150626_090527_181.img [no cloud data W1T1] [FINAL: W1T1]
		Images\MRH_X_20150626_090836_182.img [no cloud data W1T1] [FINAL: W1T1]
		Images\MRH_X_20150626_091146_183.img [no cloud data W1T1] [FINAL: W1T1]
		Images\MRH_X_20150626_091455_184.img [no cloud data W1T1] [FINAL: W1T1]
		Images\MRH_X_20150626_091805_185.img [no cloud data W1T1] [FINAL: W1T1]
		Images\MRH_X_20150626_092114_186.img [no cloud data W1T1] [FINAL: W1T1]
		Images\MRH_X_20150626_092422_187.img [no cloud data W1T1] [FINAL: W1T1]
		Images\MRH_X_20150626_092730_188.img [no cloud data W1T1] [FINAL: W1T1]
		Images\MRH_X_20150626_093038_189.img [no cloud data W1T1] [FINAL: W1T1]
		Images\MRH_X_20150626_093434_190.img [no cloud data W1T1] [FINAL: W1T1]
		Images\MRH_X_20150626_093745_191.img [no cloud data W1T1] [FINAL: W1T1]
		Images\MRH_X_20150626_094054_192.img [no cloud data W1T1] [FINAL: W1T1]
		Images\MRH_X_20150626_094403_193.img [no cloud data W1T1] [FINAL: W1T1]
		Images\MRH_X_20150626_094713_194.img [no cloud data W1T1] [FINAL: W1T1]
		Images\MRH_X_20150626_095022_195.img [no cloud data W1T1] [FINAL: W1T1]
		Images\MRH_X_20150626_095331_196.img [no cloud data W1T1] [FINAL: W1T1]
		Images\MRH_X_20150626_095639_197.img [no cloud data W1T1] [FINAL: W1T1]
		Images\MRH_X_20150626_095948_198.img [no cloud data W1T1] [FINAL: W1T1]
		Images\MRH_X_20150626_100255_199.img [no cloud data W1T1] [FINAL: W1T1]
		Images\MRH_X_20150626_100652_200.img [no cloud data W1T1] [FINAL: W1T1]
		Images\MRH_X_20150626_101003_201.img [no cloud data W1T1] [FINAL: W1T1]
		Images\MRH_X_20150626_101312_202.img [no cloud data W1T1] [FINAL: W1T1]
		Images\MRH_X_20150626_101621_203.img [no cloud data W1T1] [FINAL: W1T1]
		Images\MRH_X_20150626_101931_204.img [no cloud data W1T1] [FINAL: W1T1]
		Images\MRH_X_20150626_102240_205.img [no cloud data W1T1] [FINAL: W1T1]
		Images\MRH_X_20150626_102550_206.img [no cloud data W1T1] [FINAL: W1T1]
		Images\MRH_X_20150626_102858_207.img [no cloud data W1T1] [FINAL: W1T1]
		Images\MRH_X_20150626_103206_208.img [no cloud data W1T1] [FINAL: W1T1]
		Images\MRH_X_20150626_103514_209.img [no cloud data W1T1] [FINAL: W1T1]
		Images\MRH_X_20150626_103909_210.img [no cloud data W1T1] [FINAL: W1T1]
		Images\MRH_X_20150626_104221_211.img [no cloud data W1T1] [FINAL: W1T1]
		Images\MRH_X_20150626_104530_212.img [no cloud data W1T1] [FINAL: W1T1]
04/08/2021 03:18:34 AM: Results saved to results/minime90_mrh_20150625.npz
