04/08/2021 00:14:25 AM: Logfile Created
04/08/2021 00:14:25 AM: Sun up during minime90/mrh/2015/20150617/Images\MRH_L_20150617_231333_001.img. Ignoring this image...
04/08/2021 00:14:26 AM: minime90/mrh/2015/20150617/Images\MRH_L_20150617_235004_002.img center: 257.60, 254.57
04/08/2021 00:14:26 AM: minime90/mrh/2015/20150617/Images\MRH_L_20150618_002221_003.img center: 257.62, 254.60
04/08/2021 00:14:26 AM: minime90/mrh/2015/20150617/Images\MRH_L_20150618_005437_004.img center: 257.59, 254.63
04/08/2021 00:14:26 AM: minime90/mrh/2015/20150617/Images\MRH_L_20150618_012654_005.img center: 257.59, 254.64
04/08/2021 00:14:27 AM: minime90/mrh/2015/20150617/Images\MRH_L_20150618_015911_006.img center: 257.56, 254.68
04/08/2021 00:14:27 AM: minime90/mrh/2015/20150617/Images\MRH_L_20150618_023127_007.img center: 257.60, 254.65
04/08/2021 00:14:27 AM: minime90/mrh/2015/20150617/Images\MRH_L_20150618_030344_008.img center: 257.60, 254.72
04/08/2021 00:14:27 AM: minime90/mrh/2015/20150617/Images\MRH_L_20150618_033601_009.img center: 257.59, 254.70
04/08/2021 00:14:28 AM: minime90/mrh/2015/20150617/Images\MRH_L_20150618_040818_010.img center: 257.51, 254.69
04/08/2021 00:14:28 AM: minime90/mrh/2015/20150617/Images\MRH_L_20150618_044035_011.img center: 257.59, 254.73
04/08/2021 00:14:28 AM: minime90/mrh/2015/20150617/Images\MRH_L_20150618_051251_012.img center: 257.56, 254.70
04/08/2021 00:14:28 AM: minime90/mrh/2015/20150617/Images\MRH_L_20150618_054508_013.img center: 257.50, 254.72
04/08/2021 00:14:29 AM: minime90/mrh/2015/20150617/Images\MRH_L_20150618_061725_014.img center: 257.47, 254.71
04/08/2021 00:14:29 AM: minime90/mrh/2015/20150617/Images\MRH_L_20150618_064942_015.img center: 257.56, 254.67
04/08/2021 00:14:29 AM: minime90/mrh/2015/20150617/Images\MRH_L_20150618_072159_016.img center: 257.46, 254.70
04/08/2021 00:14:29 AM: minime90/mrh/2015/20150617/Images\MRH_L_20150618_075416_017.img center: 257.49, 254.70
04/08/2021 00:14:30 AM: minime90/mrh/2015/20150617/Images\MRH_L_20150618_082632_018.img center: 257.55, 254.75
04/08/2021 00:14:30 AM: minime90/mrh/2015/20150617/Images\MRH_L_20150618_085849_019.img center: 257.50, 254.72
04/08/2021 00:14:30 AM: minime90/mrh/2015/20150617/Images\MRH_L_20150618_093106_020.img center: 257.52, 254.72
04/08/2021 00:14:30 AM: minime90/mrh/2015/20150617/Images\MRH_L_20150618_100322_021.img center: 257.44, 254.75
04/08/2021 00:14:31 AM: minime90/mrh/2015/20150617/Images\MRH_L_20150618_103539_022.img center: 257.42, 254.76
04/08/2021 00:14:31 AM: minime90/mrh/2015/20150617/Images\MRH_L_20150618_104558_212.img center: 257.40, 254.75
04/08/2021 00:14:34 AM: minime90/mrh/2015/20150617/Images\MRH_L_20150617_235004_002.img reduced chisqr: 4.3757
04/08/2021 00:14:36 AM: minime90/mrh/2015/20150617/Images\MRH_L_20150618_002221_003.img reduced chisqr: 4.6975
04/08/2021 00:14:39 AM: minime90/mrh/2015/20150617/Images\MRH_L_20150618_005437_004.img reduced chisqr: 5.1258
04/08/2021 00:14:42 AM: minime90/mrh/2015/20150617/Images\MRH_L_20150618_012654_005.img reduced chisqr: 5.1854
04/08/2021 00:14:44 AM: minime90/mrh/2015/20150617/Images\MRH_L_20150618_015911_006.img reduced chisqr: 3.8946
04/08/2021 00:14:47 AM: minime90/mrh/2015/20150617/Images\MRH_L_20150618_023127_007.img reduced chisqr: 3.9792
04/08/2021 00:14:50 AM: minime90/mrh/2015/20150617/Images\MRH_L_20150618_030344_008.img reduced chisqr: 4.5749
04/08/2021 00:14:53 AM: minime90/mrh/2015/20150617/Images\MRH_L_20150618_033601_009.img reduced chisqr: 4.8251
04/08/2021 00:14:55 AM: minime90/mrh/2015/20150617/Images\MRH_L_20150618_040818_010.img reduced chisqr: 4.3890
04/08/2021 00:14:58 AM: minime90/mrh/2015/20150617/Images\MRH_L_20150618_044035_011.img reduced chisqr: 5.3596
04/08/2021 00:15:01 AM: minime90/mrh/2015/20150617/Images\MRH_L_20150618_051251_012.img reduced chisqr: 5.2457
04/08/2021 00:15:04 AM: minime90/mrh/2015/20150617/Images\MRH_L_20150618_054508_013.img reduced chisqr: 4.6315
04/08/2021 00:15:06 AM: minime90/mrh/2015/20150617/Images\MRH_L_20150618_061725_014.img reduced chisqr: 4.9796
04/08/2021 00:15:09 AM: minime90/mrh/2015/20150617/Images\MRH_L_20150618_064942_015.img reduced chisqr: 6.0772
04/08/2021 00:15:12 AM: minime90/mrh/2015/20150617/Images\MRH_L_20150618_072159_016.img reduced chisqr: 4.6790
04/08/2021 00:15:15 AM: minime90/mrh/2015/20150617/Images\MRH_L_20150618_075416_017.img reduced chisqr: 4.3265
04/08/2021 00:15:17 AM: minime90/mrh/2015/20150617/Images\MRH_L_20150618_082632_018.img reduced chisqr: 4.9805
04/08/2021 00:15:20 AM: minime90/mrh/2015/20150617/Images\MRH_L_20150618_085849_019.img reduced chisqr: 5.1345
04/08/2021 00:15:23 AM: minime90/mrh/2015/20150617/Images\MRH_L_20150618_093106_020.img reduced chisqr: 5.2514
04/08/2021 00:15:26 AM: minime90/mrh/2015/20150617/Images\MRH_L_20150618_100322_021.img reduced chisqr: 4.3083
04/08/2021 00:15:28 AM: minime90/mrh/2015/20150617/Images\MRH_L_20150618_103539_022.img reduced chisqr: 5.1834
04/08/2021 00:15:31 AM: minime90/mrh/2015/20150617/Images\MRH_L_20150618_104558_212.img reduced chisqr: 4.4188
04/08/2021 00:15:31 AM: minime90/mrh/2015/20150617/Images\MRH_X_20150617_232138_001.img not bounded by laser images. Ignoring this image...
04/08/2021 00:15:31 AM: minime90/mrh/2015/20150617/Images\MRH_X_20150617_232449_002.img not bounded by laser images. Ignoring this image...
04/08/2021 00:15:31 AM: minime90/mrh/2015/20150617/Images\MRH_X_20150617_232758_003.img not bounded by laser images. Ignoring this image...
04/08/2021 00:15:31 AM: minime90/mrh/2015/20150617/Images\MRH_X_20150617_233107_004.img not bounded by laser images. Ignoring this image...
04/08/2021 00:15:31 AM: minime90/mrh/2015/20150617/Images\MRH_X_20150617_233417_005.img not bounded by laser images. Ignoring this image...
04/08/2021 00:15:31 AM: minime90/mrh/2015/20150617/Images\MRH_X_20150617_233726_006.img not bounded by laser images. Ignoring this image...
04/08/2021 00:15:31 AM: minime90/mrh/2015/20150617/Images\MRH_X_20150617_234034_007.img not bounded by laser images. Ignoring this image...
04/08/2021 00:15:31 AM: minime90/mrh/2015/20150617/Images\MRH_X_20150617_234342_008.img not bounded by laser images. Ignoring this image...
04/08/2021 00:15:31 AM: minime90/mrh/2015/20150617/Images\MRH_X_20150617_234650_009.img not bounded by laser images. Ignoring this image...
04/08/2021 00:15:38 AM: minime90/mrh/2015/20150617/Images\MRH_X_20150617_235045_010.img reduced chisqr: 1.1585.
			Message:"Tolerance seems to be too small."
04/08/2021 00:15:44 AM: minime90/mrh/2015/20150617/Images\MRH_X_20150617_235356_011.img reduced chisqr: 1.2990.
			Message:"Tolerance seems to be too small."
04/08/2021 00:15:51 AM: minime90/mrh/2015/20150617/Images\MRH_X_20150617_235705_012.img reduced chisqr: 1.2885.
			Message:"Tolerance seems to be too small."
04/08/2021 00:15:57 AM: minime90/mrh/2015/20150617/Images\MRH_X_20150618_000014_013.img reduced chisqr: 1.1488.
			Message:"Tolerance seems to be too small."
04/08/2021 00:16:04 AM: minime90/mrh/2015/20150617/Images\MRH_X_20150618_000324_014.img reduced chisqr: 1.1129.
			Message:"Tolerance seems to be too small."
04/08/2021 00:16:10 AM: minime90/mrh/2015/20150617/Images\MRH_X_20150618_000633_015.img reduced chisqr: 1.1326.
			Message:"Tolerance seems to be too small."
04/08/2021 00:16:17 AM: minime90/mrh/2015/20150617/Images\MRH_X_20150618_000942_016.img reduced chisqr: 1.0956.
			Message:"Tolerance seems to be too small."
04/08/2021 00:16:23 AM: minime90/mrh/2015/20150617/Images\MRH_X_20150618_001250_017.img reduced chisqr: 1.2679.
			Message:"Tolerance seems to be too small."
04/08/2021 00:16:29 AM: minime90/mrh/2015/20150617/Images\MRH_X_20150618_001558_018.img reduced chisqr: 1.0824.
			Message:"Tolerance seems to be too small."
04/08/2021 00:16:36 AM: minime90/mrh/2015/20150617/Images\MRH_X_20150618_001906_019.img reduced chisqr: 0.9867.
			Message:"Tolerance seems to be too small."
04/08/2021 00:16:42 AM: minime90/mrh/2015/20150617/Images\MRH_X_20150618_002302_020.img reduced chisqr: 1.1071.
			Message:"Tolerance seems to be too small."
04/08/2021 00:16:49 AM: minime90/mrh/2015/20150617/Images\MRH_X_20150618_002613_021.img reduced chisqr: 1.4597.
			Message:"Tolerance seems to be too small."
04/08/2021 00:16:55 AM: minime90/mrh/2015/20150617/Images\MRH_X_20150618_002922_022.img reduced chisqr: 1.1068.
			Message:"Tolerance seems to be too small."
04/08/2021 00:17:01 AM: minime90/mrh/2015/20150617/Images\MRH_X_20150618_003231_023.img reduced chisqr: 1.2464.
			Message:"Tolerance seems to be too small."
04/08/2021 00:17:08 AM: minime90/mrh/2015/20150617/Images\MRH_X_20150618_003541_024.img reduced chisqr: 1.1614.
			Message:"Tolerance seems to be too small."
04/08/2021 00:17:14 AM: minime90/mrh/2015/20150617/Images\MRH_X_20150618_003850_025.img reduced chisqr: 1.1560.
			Message:"Tolerance seems to be too small."
04/08/2021 00:17:21 AM: minime90/mrh/2015/20150617/Images\MRH_X_20150618_004159_026.img reduced chisqr: 1.0663.
			Message:"Tolerance seems to be too small."
04/08/2021 00:17:27 AM: minime90/mrh/2015/20150617/Images\MRH_X_20150618_004507_027.img reduced chisqr: 1.1096.
			Message:"Tolerance seems to be too small."
04/08/2021 00:17:33 AM: minime90/mrh/2015/20150617/Images\MRH_X_20150618_004815_028.img reduced chisqr: 1.1654.
			Message:"Tolerance seems to be too small."
04/08/2021 00:17:40 AM: minime90/mrh/2015/20150617/Images\MRH_X_20150618_005122_029.img reduced chisqr: 1.2156.
			Message:"Tolerance seems to be too small."
04/08/2021 00:17:46 AM: minime90/mrh/2015/20150617/Images\MRH_X_20150618_005518_030.img reduced chisqr: 1.1394.
			Message:"Tolerance seems to be too small."
04/08/2021 00:17:53 AM: minime90/mrh/2015/20150617/Images\MRH_X_20150618_005830_031.img reduced chisqr: 1.2001.
			Message:"Tolerance seems to be too small."
04/08/2021 00:17:59 AM: minime90/mrh/2015/20150617/Images\MRH_X_20150618_010139_032.img reduced chisqr: 1.1630.
			Message:"Tolerance seems to be too small."
04/08/2021 00:18:05 AM: minime90/mrh/2015/20150617/Images\MRH_X_20150618_010448_033.img reduced chisqr: 1.1639.
			Message:"Tolerance seems to be too small."
04/08/2021 00:18:12 AM: minime90/mrh/2015/20150617/Images\MRH_X_20150618_010757_034.img reduced chisqr: 1.2750.
			Message:"Tolerance seems to be too small."
04/08/2021 00:18:18 AM: minime90/mrh/2015/20150617/Images\MRH_X_20150618_011106_035.img reduced chisqr: 1.0915.
			Message:"Tolerance seems to be too small."
04/08/2021 00:18:24 AM: minime90/mrh/2015/20150617/Images\MRH_X_20150618_011415_036.img reduced chisqr: 1.0078.
			Message:"Tolerance seems to be too small."
04/08/2021 00:18:31 AM: minime90/mrh/2015/20150617/Images\MRH_X_20150618_011723_037.img reduced chisqr: 1.1436.
			Message:"Tolerance seems to be too small."
04/08/2021 00:18:37 AM: minime90/mrh/2015/20150617/Images\MRH_X_20150618_012031_038.img reduced chisqr: 1.1417.
			Message:"Tolerance seems to be too small."
04/08/2021 00:18:43 AM: minime90/mrh/2015/20150617/Images\MRH_X_20150618_012339_039.img reduced chisqr: 1.0484.
			Message:"Tolerance seems to be too small."
04/08/2021 00:18:50 AM: minime90/mrh/2015/20150617/Images\MRH_X_20150618_012735_040.img reduced chisqr: 1.4376.
			Message:"Tolerance seems to be too small."
04/08/2021 00:18:56 AM: minime90/mrh/2015/20150617/Images\MRH_X_20150618_013046_041.img reduced chisqr: 1.3711.
			Message:"Tolerance seems to be too small."
04/08/2021 00:19:02 AM: minime90/mrh/2015/20150617/Images\MRH_X_20150618_013355_042.img reduced chisqr: 1.5288.
			Message:"Tolerance seems to be too small."
04/08/2021 00:19:09 AM: minime90/mrh/2015/20150617/Images\MRH_X_20150618_013704_043.img reduced chisqr: 1.3355.
			Message:"Tolerance seems to be too small."
04/08/2021 00:19:15 AM: minime90/mrh/2015/20150617/Images\MRH_X_20150618_014014_044.img reduced chisqr: 1.5688.
			Message:"Tolerance seems to be too small."
04/08/2021 00:19:21 AM: minime90/mrh/2015/20150617/Images\MRH_X_20150618_014323_045.img reduced chisqr: 1.3177.
			Message:"Tolerance seems to be too small."
04/08/2021 00:19:28 AM: minime90/mrh/2015/20150617/Images\MRH_X_20150618_014632_046.img reduced chisqr: 1.3809.
			Message:"Tolerance seems to be too small."
04/08/2021 00:19:34 AM: minime90/mrh/2015/20150617/Images\MRH_X_20150618_014940_047.img reduced chisqr: 1.2007.
			Message:"Tolerance seems to be too small."
04/08/2021 00:19:40 AM: minime90/mrh/2015/20150617/Images\MRH_X_20150618_015248_048.img reduced chisqr: 1.0389.
			Message:"Tolerance seems to be too small."
04/08/2021 00:19:47 AM: minime90/mrh/2015/20150617/Images\MRH_X_20150618_015556_049.img reduced chisqr: 1.2237.
			Message:"Tolerance seems to be too small."
04/08/2021 00:19:53 AM: minime90/mrh/2015/20150617/Images\MRH_X_20150618_015952_050.img reduced chisqr: 1.3661.
			Message:"Tolerance seems to be too small."
04/08/2021 00:20:00 AM: minime90/mrh/2015/20150617/Images\MRH_X_20150618_020303_051.img reduced chisqr: 1.4847.
			Message:"Tolerance seems to be too small."
04/08/2021 00:20:06 AM: minime90/mrh/2015/20150617/Images\MRH_X_20150618_020612_052.img reduced chisqr: 1.2551.
			Message:"Tolerance seems to be too small."
04/08/2021 00:20:12 AM: minime90/mrh/2015/20150617/Images\MRH_X_20150618_020921_053.img reduced chisqr: 1.3313.
			Message:"Tolerance seems to be too small."
04/08/2021 00:20:19 AM: minime90/mrh/2015/20150617/Images\MRH_X_20150618_021231_054.img reduced chisqr: 1.3145.
			Message:"Tolerance seems to be too small."
04/08/2021 00:20:25 AM: minime90/mrh/2015/20150617/Images\MRH_X_20150618_021540_055.img reduced chisqr: 1.5189.
			Message:"Tolerance seems to be too small."
04/08/2021 00:20:31 AM: minime90/mrh/2015/20150617/Images\MRH_X_20150618_021849_056.img reduced chisqr: 1.4927.
			Message:"Tolerance seems to be too small."
04/08/2021 00:20:38 AM: minime90/mrh/2015/20150617/Images\MRH_X_20150618_022157_057.img reduced chisqr: 1.3951.
			Message:"Tolerance seems to be too small."
04/08/2021 00:20:44 AM: minime90/mrh/2015/20150617/Images\MRH_X_20150618_022505_058.img reduced chisqr: 1.6344.
			Message:"Tolerance seems to be too small."
04/08/2021 00:20:51 AM: minime90/mrh/2015/20150617/Images\MRH_X_20150618_022813_059.img reduced chisqr: 1.5312.
			Message:"Tolerance seems to be too small."
04/08/2021 00:20:57 AM: minime90/mrh/2015/20150617/Images\MRH_X_20150618_023209_060.img reduced chisqr: 1.6658.
			Message:"Tolerance seems to be too small."
04/08/2021 00:21:04 AM: minime90/mrh/2015/20150617/Images\MRH_X_20150618_023520_061.img reduced chisqr: 1.5316.
			Message:"Tolerance seems to be too small."
04/08/2021 00:21:10 AM: minime90/mrh/2015/20150617/Images\MRH_X_20150618_023829_062.img reduced chisqr: 1.3390.
			Message:"Tolerance seems to be too small."
04/08/2021 00:21:16 AM: minime90/mrh/2015/20150617/Images\MRH_X_20150618_024138_063.img reduced chisqr: 1.8432.
			Message:"Tolerance seems to be too small."
04/08/2021 00:21:23 AM: minime90/mrh/2015/20150617/Images\MRH_X_20150618_024448_064.img reduced chisqr: 1.3698.
			Message:"Tolerance seems to be too small."
04/08/2021 00:21:29 AM: minime90/mrh/2015/20150617/Images\MRH_X_20150618_024757_065.img reduced chisqr: 1.3749.
			Message:"Tolerance seems to be too small."
04/08/2021 00:21:36 AM: minime90/mrh/2015/20150617/Images\MRH_X_20150618_025106_066.img reduced chisqr: 1.4972.
			Message:"Tolerance seems to be too small."
04/08/2021 00:21:42 AM: minime90/mrh/2015/20150617/Images\MRH_X_20150618_025414_067.img reduced chisqr: 1.4021.
			Message:"Tolerance seems to be too small."
04/08/2021 00:21:49 AM: minime90/mrh/2015/20150617/Images\MRH_X_20150618_025722_068.img reduced chisqr: 1.2542.
			Message:"Tolerance seems to be too small."
04/08/2021 00:21:55 AM: minime90/mrh/2015/20150617/Images\MRH_X_20150618_030029_069.img reduced chisqr: 1.4139.
			Message:"Tolerance seems to be too small."
04/08/2021 00:22:01 AM: minime90/mrh/2015/20150617/Images\MRH_X_20150618_030425_070.img reduced chisqr: 1.4238.
			Message:"Tolerance seems to be too small."
04/08/2021 00:22:08 AM: minime90/mrh/2015/20150617/Images\MRH_X_20150618_030737_071.img reduced chisqr: 1.4129.
			Message:"Tolerance seems to be too small."
04/08/2021 00:22:14 AM: minime90/mrh/2015/20150617/Images\MRH_X_20150618_031046_072.img reduced chisqr: 1.5893.
			Message:"Tolerance seems to be too small."
04/08/2021 00:22:20 AM: minime90/mrh/2015/20150617/Images\MRH_X_20150618_031355_073.img reduced chisqr: 2.1363.
			Message:"Tolerance seems to be too small."
04/08/2021 00:22:26 AM: minime90/mrh/2015/20150617/Images\MRH_X_20150618_031704_074.img reduced chisqr: 1.5573.
			Message:"Tolerance seems to be too small."
04/08/2021 00:22:33 AM: minime90/mrh/2015/20150617/Images\MRH_X_20150618_032013_075.img reduced chisqr: 1.5366.
			Message:"Tolerance seems to be too small."
04/08/2021 00:22:39 AM: minime90/mrh/2015/20150617/Images\MRH_X_20150618_032322_076.img reduced chisqr: 1.4794.
			Message:"Tolerance seems to be too small."
04/08/2021 00:22:45 AM: minime90/mrh/2015/20150617/Images\MRH_X_20150618_032630_077.img reduced chisqr: 1.4862.
			Message:"Tolerance seems to be too small."
04/08/2021 00:22:51 AM: minime90/mrh/2015/20150617/Images\MRH_X_20150618_032938_078.img reduced chisqr: 1.2731.
			Message:"Tolerance seems to be too small."
04/08/2021 00:22:58 AM: minime90/mrh/2015/20150617/Images\MRH_X_20150618_033246_079.img reduced chisqr: 1.5088.
			Message:"Tolerance seems to be too small."
04/08/2021 00:23:04 AM: minime90/mrh/2015/20150617/Images\MRH_X_20150618_033642_080.img reduced chisqr: 1.2579.
			Message:"Tolerance seems to be too small."
04/08/2021 00:23:10 AM: minime90/mrh/2015/20150617/Images\MRH_X_20150618_033953_081.img reduced chisqr: 1.2855.
			Message:"Tolerance seems to be too small."
04/08/2021 00:23:17 AM: minime90/mrh/2015/20150617/Images\MRH_X_20150618_034303_082.img reduced chisqr: 1.1958.
			Message:"Tolerance seems to be too small."
04/08/2021 00:23:23 AM: minime90/mrh/2015/20150617/Images\MRH_X_20150618_034612_083.img reduced chisqr: 1.3537.
			Message:"Tolerance seems to be too small."
04/08/2021 00:23:29 AM: minime90/mrh/2015/20150617/Images\MRH_X_20150618_034921_084.img reduced chisqr: 1.4281.
			Message:"Tolerance seems to be too small."
04/08/2021 00:23:35 AM: minime90/mrh/2015/20150617/Images\MRH_X_20150618_035230_085.img reduced chisqr: 1.1411.
			Message:"Tolerance seems to be too small."
04/08/2021 00:23:42 AM: minime90/mrh/2015/20150617/Images\MRH_X_20150618_035539_086.img reduced chisqr: 1.4088.
			Message:"Tolerance seems to be too small."
04/08/2021 00:23:48 AM: minime90/mrh/2015/20150617/Images\MRH_X_20150618_035847_087.img reduced chisqr: 1.1164.
			Message:"Tolerance seems to be too small."
04/08/2021 00:23:54 AM: minime90/mrh/2015/20150617/Images\MRH_X_20150618_040155_088.img reduced chisqr: 1.1638.
			Message:"Tolerance seems to be too small."
04/08/2021 00:24:01 AM: minime90/mrh/2015/20150617/Images\MRH_X_20150618_040503_089.img reduced chisqr: 1.1775.
			Message:"Tolerance seems to be too small."
04/08/2021 00:24:07 AM: minime90/mrh/2015/20150617/Images\MRH_X_20150618_040859_090.img reduced chisqr: 1.3874.
			Message:"Tolerance seems to be too small."
04/08/2021 00:24:14 AM: minime90/mrh/2015/20150617/Images\MRH_X_20150618_041210_091.img reduced chisqr: 1.2883.
			Message:"Tolerance seems to be too small."
04/08/2021 00:24:20 AM: minime90/mrh/2015/20150617/Images\MRH_X_20150618_041519_092.img reduced chisqr: 1.1670.
			Message:"Tolerance seems to be too small."
04/08/2021 00:24:26 AM: minime90/mrh/2015/20150617/Images\MRH_X_20150618_041828_093.img reduced chisqr: 1.2502.
			Message:"Tolerance seems to be too small."
04/08/2021 00:24:32 AM: minime90/mrh/2015/20150617/Images\MRH_X_20150618_042138_094.img reduced chisqr: 1.0170.
			Message:"Tolerance seems to be too small."
04/08/2021 00:24:39 AM: minime90/mrh/2015/20150617/Images\MRH_X_20150618_042447_095.img reduced chisqr: 1.1236.
			Message:"Tolerance seems to be too small."
04/08/2021 00:24:45 AM: minime90/mrh/2015/20150617/Images\MRH_X_20150618_042756_096.img reduced chisqr: 1.0673.
			Message:"Tolerance seems to be too small."
04/08/2021 00:24:51 AM: minime90/mrh/2015/20150617/Images\MRH_X_20150618_043104_097.img reduced chisqr: 1.3060.
			Message:"Tolerance seems to be too small."
04/08/2021 00:24:58 AM: minime90/mrh/2015/20150617/Images\MRH_X_20150618_043412_098.img reduced chisqr: 1.1765.
			Message:"Tolerance seems to be too small."
04/08/2021 00:25:04 AM: minime90/mrh/2015/20150617/Images\MRH_X_20150618_043720_099.img reduced chisqr: 1.1671.
			Message:"Tolerance seems to be too small."
04/08/2021 00:25:10 AM: minime90/mrh/2015/20150617/Images\MRH_X_20150618_044116_100.img reduced chisqr: 1.1335.
			Message:"Tolerance seems to be too small."
04/08/2021 00:25:16 AM: minime90/mrh/2015/20150617/Images\MRH_X_20150618_044427_101.img reduced chisqr: 1.3332.
			Message:"Tolerance seems to be too small."
04/08/2021 00:25:23 AM: minime90/mrh/2015/20150617/Images\MRH_X_20150618_044736_102.img reduced chisqr: 1.2293.
			Message:"Tolerance seems to be too small."
04/08/2021 00:25:29 AM: minime90/mrh/2015/20150617/Images\MRH_X_20150618_045045_103.img reduced chisqr: 1.4272.
			Message:"Tolerance seems to be too small."
04/08/2021 00:25:35 AM: minime90/mrh/2015/20150617/Images\MRH_X_20150618_045355_104.img reduced chisqr: 1.2390.
			Message:"Tolerance seems to be too small."
04/08/2021 00:25:41 AM: minime90/mrh/2015/20150617/Images\MRH_X_20150618_045704_105.img reduced chisqr: 1.2773.
			Message:"Tolerance seems to be too small."
04/08/2021 00:25:48 AM: minime90/mrh/2015/20150617/Images\MRH_X_20150618_050013_106.img reduced chisqr: 1.2454.
			Message:"Tolerance seems to be too small."
04/08/2021 00:25:55 AM: minime90/mrh/2015/20150617/Images\MRH_X_20150618_050321_107.img reduced chisqr: 1.2497.
			Message:"Tolerance seems to be too small."
04/08/2021 00:26:01 AM: minime90/mrh/2015/20150617/Images\MRH_X_20150618_050629_108.img reduced chisqr: 1.4583.
			Message:"Tolerance seems to be too small."
04/08/2021 00:26:07 AM: minime90/mrh/2015/20150617/Images\MRH_X_20150618_050937_109.img reduced chisqr: 1.3604.
			Message:"Tolerance seems to be too small."
04/08/2021 00:26:13 AM: minime90/mrh/2015/20150617/Images\MRH_X_20150618_051333_110.img reduced chisqr: 1.6649.
			Message:"Tolerance seems to be too small."
04/08/2021 00:26:20 AM: minime90/mrh/2015/20150617/Images\MRH_X_20150618_051644_111.img reduced chisqr: 1.3859.
			Message:"Tolerance seems to be too small."
04/08/2021 00:26:26 AM: minime90/mrh/2015/20150617/Images\MRH_X_20150618_051953_112.img reduced chisqr: 1.4371.
			Message:"Tolerance seems to be too small."
04/08/2021 00:26:32 AM: minime90/mrh/2015/20150617/Images\MRH_X_20150618_052302_113.img reduced chisqr: 1.3540.
			Message:"Tolerance seems to be too small."
04/08/2021 00:26:39 AM: minime90/mrh/2015/20150617/Images\MRH_X_20150618_052612_114.img reduced chisqr: 1.4997.
			Message:"Tolerance seems to be too small."
04/08/2021 00:26:45 AM: minime90/mrh/2015/20150617/Images\MRH_X_20150618_052921_115.img reduced chisqr: 1.3116.
			Message:"Tolerance seems to be too small."
04/08/2021 00:26:51 AM: minime90/mrh/2015/20150617/Images\MRH_X_20150618_053230_116.img reduced chisqr: 1.5328.
			Message:"Tolerance seems to be too small."
04/08/2021 00:26:58 AM: minime90/mrh/2015/20150617/Images\MRH_X_20150618_053538_117.img reduced chisqr: 1.3546.
			Message:"Tolerance seems to be too small."
04/08/2021 00:27:04 AM: minime90/mrh/2015/20150617/Images\MRH_X_20150618_053846_118.img reduced chisqr: 1.1637.
			Message:"Tolerance seems to be too small."
04/08/2021 00:27:10 AM: minime90/mrh/2015/20150617/Images\MRH_X_20150618_054154_119.img reduced chisqr: 1.4136.
			Message:"Tolerance seems to be too small."
04/08/2021 00:27:17 AM: minime90/mrh/2015/20150617/Images\MRH_X_20150618_054550_120.img reduced chisqr: 1.4787.
			Message:"Tolerance seems to be too small."
04/08/2021 00:27:23 AM: minime90/mrh/2015/20150617/Images\MRH_X_20150618_054901_121.img reduced chisqr: 1.2951.
			Message:"Tolerance seems to be too small."
04/08/2021 00:27:29 AM: minime90/mrh/2015/20150617/Images\MRH_X_20150618_055210_122.img reduced chisqr: 1.3220.
			Message:"Tolerance seems to be too small."
04/08/2021 00:27:36 AM: minime90/mrh/2015/20150617/Images\MRH_X_20150618_055519_123.img reduced chisqr: 1.1975.
			Message:"Tolerance seems to be too small."
04/08/2021 00:27:42 AM: minime90/mrh/2015/20150617/Images\MRH_X_20150618_055829_124.img reduced chisqr: 1.5147.
			Message:"Tolerance seems to be too small."
04/08/2021 00:27:48 AM: minime90/mrh/2015/20150617/Images\MRH_X_20150618_060138_125.img reduced chisqr: 1.4026.
			Message:"Tolerance seems to be too small."
04/08/2021 00:27:54 AM: minime90/mrh/2015/20150617/Images\MRH_X_20150618_060447_126.img reduced chisqr: 1.3512.
			Message:"Tolerance seems to be too small."
04/08/2021 00:28:01 AM: minime90/mrh/2015/20150617/Images\MRH_X_20150618_060754_127.img reduced chisqr: 1.1785.
			Message:"Tolerance seems to be too small."
04/08/2021 00:28:07 AM: minime90/mrh/2015/20150617/Images\MRH_X_20150618_061102_128.img reduced chisqr: 1.3794.
			Message:"Tolerance seems to be too small."
04/08/2021 00:28:13 AM: minime90/mrh/2015/20150617/Images\MRH_X_20150618_061410_129.img reduced chisqr: 1.2843.
			Message:"Tolerance seems to be too small."
04/08/2021 00:28:20 AM: minime90/mrh/2015/20150617/Images\MRH_X_20150618_061806_130.img reduced chisqr: 1.4360.
			Message:"Tolerance seems to be too small."
04/08/2021 00:28:26 AM: minime90/mrh/2015/20150617/Images\MRH_X_20150618_062117_131.img reduced chisqr: 1.0815.
			Message:"Tolerance seems to be too small."
04/08/2021 00:28:32 AM: minime90/mrh/2015/20150617/Images\MRH_X_20150618_062426_132.img reduced chisqr: 1.2277.
			Message:"Tolerance seems to be too small."
04/08/2021 00:28:39 AM: minime90/mrh/2015/20150617/Images\MRH_X_20150618_062736_133.img reduced chisqr: 1.2650.
			Message:"Tolerance seems to be too small."
04/08/2021 00:28:45 AM: minime90/mrh/2015/20150617/Images\MRH_X_20150618_063045_134.img reduced chisqr: 1.2752.
			Message:"Tolerance seems to be too small."
04/08/2021 00:28:51 AM: minime90/mrh/2015/20150617/Images\MRH_X_20150618_063354_135.img reduced chisqr: 1.4479.
			Message:"Tolerance seems to be too small."
04/08/2021 00:28:57 AM: minime90/mrh/2015/20150617/Images\MRH_X_20150618_063703_136.img reduced chisqr: 1.1939.
			Message:"Tolerance seems to be too small."
04/08/2021 00:29:04 AM: minime90/mrh/2015/20150617/Images\MRH_X_20150618_064011_137.img reduced chisqr: 1.1926.
			Message:"Tolerance seems to be too small."
04/08/2021 00:29:10 AM: minime90/mrh/2015/20150617/Images\MRH_X_20150618_064319_138.img reduced chisqr: 1.0761.
			Message:"Tolerance seems to be too small."
04/08/2021 00:29:16 AM: minime90/mrh/2015/20150617/Images\MRH_X_20150618_064627_139.img reduced chisqr: 1.8431.
			Message:"Tolerance seems to be too small."
04/08/2021 00:29:22 AM: minime90/mrh/2015/20150617/Images\MRH_X_20150618_065023_140.img reduced chisqr: 1.1092.
			Message:"Tolerance seems to be too small."
04/08/2021 00:29:28 AM: minime90/mrh/2015/20150617/Images\MRH_X_20150618_065334_141.img reduced chisqr: 1.3633.
			Message:"Tolerance seems to be too small."
04/08/2021 00:29:35 AM: minime90/mrh/2015/20150617/Images\MRH_X_20150618_065643_142.img reduced chisqr: 0.9756.
			Message:"Tolerance seems to be too small."
04/08/2021 00:29:41 AM: minime90/mrh/2015/20150617/Images\MRH_X_20150618_065953_143.img reduced chisqr: 1.1775.
			Message:"Tolerance seems to be too small."
04/08/2021 00:29:47 AM: minime90/mrh/2015/20150617/Images\MRH_X_20150618_070302_144.img reduced chisqr: 1.1082.
			Message:"Tolerance seems to be too small."
04/08/2021 00:29:53 AM: minime90/mrh/2015/20150617/Images\MRH_X_20150618_070611_145.img reduced chisqr: 1.1147.
			Message:"Tolerance seems to be too small."
04/08/2021 00:30:00 AM: minime90/mrh/2015/20150617/Images\MRH_X_20150618_070920_146.img reduced chisqr: 1.0574.
			Message:"Tolerance seems to be too small."
04/08/2021 00:30:06 AM: minime90/mrh/2015/20150617/Images\MRH_X_20150618_071228_147.img reduced chisqr: 1.1594.
			Message:"Tolerance seems to be too small."
04/08/2021 00:30:12 AM: minime90/mrh/2015/20150617/Images\MRH_X_20150618_071536_148.img reduced chisqr: 1.3552.
			Message:"Tolerance seems to be too small."
04/08/2021 00:30:18 AM: minime90/mrh/2015/20150617/Images\MRH_X_20150618_071844_149.img reduced chisqr: 1.0748.
			Message:"Tolerance seems to be too small."
04/08/2021 00:30:25 AM: minime90/mrh/2015/20150617/Images\MRH_X_20150618_072240_150.img reduced chisqr: 1.3007.
			Message:"Tolerance seems to be too small."
04/08/2021 00:30:31 AM: minime90/mrh/2015/20150617/Images\MRH_X_20150618_072551_151.img reduced chisqr: 1.0955.
			Message:"Tolerance seems to be too small."
04/08/2021 00:30:37 AM: minime90/mrh/2015/20150617/Images\MRH_X_20150618_072900_152.img reduced chisqr: 1.1920.
			Message:"Tolerance seems to be too small."
04/08/2021 00:30:44 AM: minime90/mrh/2015/20150617/Images\MRH_X_20150618_073209_153.img reduced chisqr: 1.0358.
			Message:"Tolerance seems to be too small."
04/08/2021 00:30:50 AM: minime90/mrh/2015/20150617/Images\MRH_X_20150618_073519_154.img reduced chisqr: 1.2153.
			Message:"Tolerance seems to be too small."
04/08/2021 00:30:56 AM: minime90/mrh/2015/20150617/Images\MRH_X_20150618_073828_155.img reduced chisqr: 1.0637.
			Message:"Tolerance seems to be too small."
04/08/2021 00:31:03 AM: minime90/mrh/2015/20150617/Images\MRH_X_20150618_074137_156.img reduced chisqr: 1.2271.
			Message:"Tolerance seems to be too small."
04/08/2021 00:31:09 AM: minime90/mrh/2015/20150617/Images\MRH_X_20150618_074445_157.img reduced chisqr: 1.1413.
			Message:"Tolerance seems to be too small."
04/08/2021 00:31:15 AM: minime90/mrh/2015/20150617/Images\MRH_X_20150618_074753_158.img reduced chisqr: 1.1680.
			Message:"Tolerance seems to be too small."
04/08/2021 00:31:22 AM: minime90/mrh/2015/20150617/Images\MRH_X_20150618_075101_159.img reduced chisqr: 1.3868.
			Message:"Tolerance seems to be too small."
04/08/2021 00:31:28 AM: minime90/mrh/2015/20150617/Images\MRH_X_20150618_075456_160.img reduced chisqr: 1.1449.
			Message:"Tolerance seems to be too small."
04/08/2021 00:31:34 AM: minime90/mrh/2015/20150617/Images\MRH_X_20150618_075808_161.img reduced chisqr: 1.3942.
			Message:"Tolerance seems to be too small."
04/08/2021 00:31:41 AM: minime90/mrh/2015/20150617/Images\MRH_X_20150618_080117_162.img reduced chisqr: 1.1598.
			Message:"Tolerance seems to be too small."
04/08/2021 00:31:47 AM: minime90/mrh/2015/20150617/Images\MRH_X_20150618_080426_163.img reduced chisqr: 1.3594.
			Message:"Tolerance seems to be too small."
04/08/2021 00:31:54 AM: minime90/mrh/2015/20150617/Images\MRH_X_20150618_080735_164.img reduced chisqr: 1.2499.
			Message:"Tolerance seems to be too small."
04/08/2021 00:32:00 AM: minime90/mrh/2015/20150617/Images\MRH_X_20150618_081044_165.img reduced chisqr: 1.0500.
			Message:"Tolerance seems to be too small."
04/08/2021 00:32:06 AM: minime90/mrh/2015/20150617/Images\MRH_X_20150618_081354_166.img reduced chisqr: 1.0876.
			Message:"Tolerance seems to be too small."
04/08/2021 00:32:13 AM: minime90/mrh/2015/20150617/Images\MRH_X_20150618_081701_167.img reduced chisqr: 1.2547.
			Message:"Tolerance seems to be too small."
04/08/2021 00:32:19 AM: minime90/mrh/2015/20150617/Images\MRH_X_20150618_082009_168.img reduced chisqr: 1.2336.
			Message:"Tolerance seems to be too small."
04/08/2021 00:32:25 AM: minime90/mrh/2015/20150617/Images\MRH_X_20150618_082317_169.img reduced chisqr: 1.3355.
			Message:"Tolerance seems to be too small."
04/08/2021 00:32:32 AM: minime90/mrh/2015/20150617/Images\MRH_X_20150618_082713_170.img reduced chisqr: 1.0641.
			Message:"Tolerance seems to be too small."
04/08/2021 00:32:38 AM: minime90/mrh/2015/20150617/Images\MRH_X_20150618_083025_171.img reduced chisqr: 1.2367.
			Message:"Tolerance seems to be too small."
04/08/2021 00:32:45 AM: minime90/mrh/2015/20150617/Images\MRH_X_20150618_083334_172.img reduced chisqr: 1.2894.
			Message:"Tolerance seems to be too small."
04/08/2021 00:32:51 AM: minime90/mrh/2015/20150617/Images\MRH_X_20150618_083643_173.img reduced chisqr: 1.2110.
			Message:"Tolerance seems to be too small."
04/08/2021 00:32:57 AM: minime90/mrh/2015/20150617/Images\MRH_X_20150618_083952_174.img reduced chisqr: 1.0136.
			Message:"Tolerance seems to be too small."
04/08/2021 00:33:04 AM: minime90/mrh/2015/20150617/Images\MRH_X_20150618_084301_175.img reduced chisqr: 1.3778.
			Message:"Tolerance seems to be too small."
04/08/2021 00:33:10 AM: minime90/mrh/2015/20150617/Images\MRH_X_20150618_084610_176.img reduced chisqr: 1.0282.
			Message:"Tolerance seems to be too small."
04/08/2021 00:33:16 AM: minime90/mrh/2015/20150617/Images\MRH_X_20150618_084918_177.img reduced chisqr: 1.3869.
			Message:"Tolerance seems to be too small."
04/08/2021 00:33:23 AM: minime90/mrh/2015/20150617/Images\MRH_X_20150618_085226_178.img reduced chisqr: 1.0861.
			Message:"Tolerance seems to be too small."
04/08/2021 00:33:29 AM: minime90/mrh/2015/20150617/Images\MRH_X_20150618_085534_179.img reduced chisqr: 1.1284.
			Message:"Tolerance seems to be too small."
04/08/2021 00:33:35 AM: minime90/mrh/2015/20150617/Images\MRH_X_20150618_085930_180.img reduced chisqr: 1.1039.
			Message:"Tolerance seems to be too small."
04/08/2021 00:33:42 AM: minime90/mrh/2015/20150617/Images\MRH_X_20150618_090241_181.img reduced chisqr: 1.1584.
			Message:"Tolerance seems to be too small."
04/08/2021 00:33:48 AM: minime90/mrh/2015/20150617/Images\MRH_X_20150618_090550_182.img reduced chisqr: 1.1464.
			Message:"Tolerance seems to be too small."
04/08/2021 00:33:54 AM: minime90/mrh/2015/20150617/Images\MRH_X_20150618_090859_183.img reduced chisqr: 1.2354.
			Message:"Tolerance seems to be too small."
04/08/2021 00:34:00 AM: minime90/mrh/2015/20150617/Images\MRH_X_20150618_091209_184.img reduced chisqr: 1.2000.
			Message:"Tolerance seems to be too small."
04/08/2021 00:34:07 AM: minime90/mrh/2015/20150617/Images\MRH_X_20150618_091518_185.img reduced chisqr: 1.1391.
			Message:"Tolerance seems to be too small."
04/08/2021 00:34:13 AM: minime90/mrh/2015/20150617/Images\MRH_X_20150618_091827_186.img reduced chisqr: 1.4618.
			Message:"Tolerance seems to be too small."
04/08/2021 00:34:19 AM: minime90/mrh/2015/20150617/Images\MRH_X_20150618_092135_187.img reduced chisqr: 1.0197.
			Message:"Tolerance seems to be too small."
04/08/2021 00:34:25 AM: minime90/mrh/2015/20150617/Images\MRH_X_20150618_092443_188.img reduced chisqr: 2.0928.
			Message:"Tolerance seems to be too small."
04/08/2021 00:34:32 AM: minime90/mrh/2015/20150617/Images\MRH_X_20150618_092751_189.img reduced chisqr: 1.0219.
			Message:"Tolerance seems to be too small."
04/08/2021 00:34:38 AM: minime90/mrh/2015/20150617/Images\MRH_X_20150618_093147_190.img reduced chisqr: 1.2613.
			Message:"Tolerance seems to be too small."
04/08/2021 00:34:44 AM: minime90/mrh/2015/20150617/Images\MRH_X_20150618_093458_191.img reduced chisqr: 1.0212.
			Message:"Tolerance seems to be too small."
04/08/2021 00:34:50 AM: minime90/mrh/2015/20150617/Images\MRH_X_20150618_093807_192.img reduced chisqr: 1.1506.
			Message:"Tolerance seems to be too small."
04/08/2021 00:34:57 AM: minime90/mrh/2015/20150617/Images\MRH_X_20150618_094116_193.img reduced chisqr: 1.2363.
			Message:"Tolerance seems to be too small."
04/08/2021 00:35:03 AM: minime90/mrh/2015/20150617/Images\MRH_X_20150618_094426_194.img reduced chisqr: 1.1489.
			Message:"Tolerance seems to be too small."
04/08/2021 00:35:09 AM: minime90/mrh/2015/20150617/Images\MRH_X_20150618_094735_195.img reduced chisqr: 1.2193.
			Message:"Tolerance seems to be too small."
04/08/2021 00:35:15 AM: minime90/mrh/2015/20150617/Images\MRH_X_20150618_095044_196.img reduced chisqr: 1.1659.
			Message:"Tolerance seems to be too small."
04/08/2021 00:35:22 AM: minime90/mrh/2015/20150617/Images\MRH_X_20150618_095352_197.img reduced chisqr: 1.3361.
			Message:"Tolerance seems to be too small."
04/08/2021 00:35:28 AM: minime90/mrh/2015/20150617/Images\MRH_X_20150618_095700_198.img reduced chisqr: 1.1278.
			Message:"Tolerance seems to be too small."
04/08/2021 00:35:34 AM: minime90/mrh/2015/20150617/Images\MRH_X_20150618_100008_199.img reduced chisqr: 1.2610.
			Message:"Tolerance seems to be too small."
04/08/2021 00:35:41 AM: minime90/mrh/2015/20150617/Images\MRH_X_20150618_100404_200.img reduced chisqr: 1.1952.
			Message:"Tolerance seems to be too small."
04/08/2021 00:35:47 AM: minime90/mrh/2015/20150617/Images\MRH_X_20150618_100715_201.img reduced chisqr: 1.0458.
			Message:"Tolerance seems to be too small."
04/08/2021 00:35:53 AM: minime90/mrh/2015/20150617/Images\MRH_X_20150618_101024_202.img reduced chisqr: 0.9181.
			Message:"Tolerance seems to be too small."
04/08/2021 00:36:00 AM: minime90/mrh/2015/20150617/Images\MRH_X_20150618_101333_203.img reduced chisqr: 1.1865.
			Message:"Tolerance seems to be too small."
04/08/2021 00:36:06 AM: minime90/mrh/2015/20150617/Images\MRH_X_20150618_101643_204.img reduced chisqr: 1.0266.
			Message:"Tolerance seems to be too small."
04/08/2021 00:36:12 AM: minime90/mrh/2015/20150617/Images\MRH_X_20150618_101952_205.img reduced chisqr: 1.1656.
			Message:"Tolerance seems to be too small."
04/08/2021 00:36:19 AM: minime90/mrh/2015/20150617/Images\MRH_X_20150618_102301_206.img reduced chisqr: 1.0292.
			Message:"Tolerance seems to be too small."
04/08/2021 00:36:25 AM: minime90/mrh/2015/20150617/Images\MRH_X_20150618_102609_207.img reduced chisqr: 1.1166.
			Message:"Tolerance seems to be too small."
04/08/2021 00:36:31 AM: minime90/mrh/2015/20150617/Images\MRH_X_20150618_102917_208.img reduced chisqr: 1.1846.
			Message:"Tolerance seems to be too small."
04/08/2021 00:36:37 AM: minime90/mrh/2015/20150617/Images\MRH_X_20150618_103224_209.img reduced chisqr: 1.2370.
			Message:"Tolerance seems to be too small."
04/08/2021 00:36:44 AM: minime90/mrh/2015/20150617/Images\MRH_X_20150618_103620_210.img reduced chisqr: 1.1894.
			Message:"Tolerance seems to be too small."
04/08/2021 00:36:50 AM: minime90/mrh/2015/20150617/Images\MRH_X_20150618_103931_211.img reduced chisqr: 1.5437.
			Message:"Tolerance seems to be too small."
04/08/2021 00:36:56 AM: minime90/mrh/2015/20150617/Images\MRH_X_20150618_104240_212.img reduced chisqr: 1.6791.
			Message:"Tolerance seems to be too small."
04/08/2021 00:36:56 AM: WARNING: Exposure time is not changing.
04/08/2021 00:36:56 AM: Created diagnostic plots.
04/08/2021 00:36:56 AM: Laser and sky image analysis complete.
04/08/2021 00:36:56 AM: No Boltwood cloud sensor data found.
04/08/2021 00:36:56 AM: No X300 temperature sensor data found.
04/08/2021 00:36:56 AM:  Quality Flag Calculation:
		Manual Wind Flag: 0
		Manual Temperature Flag: 0
		Laser Drift: False
		Sample-specific flags:
		Images\MRH_X_20150617_235045_010.img [no cloud data W1T1] [FINAL: W1T1]
		Images\MRH_X_20150617_235356_011.img [no cloud data W1T1] [FINAL: W1T1]
		Images\MRH_X_20150617_235705_012.img [no cloud data W1T1] [FINAL: W1T1]
		Images\MRH_X_20150618_000014_013.img [no cloud data W1T1] [FINAL: W1T1]
		Images\MRH_X_20150618_000324_014.img [no cloud data W1T1] [FINAL: W1T1]
		Images\MRH_X_20150618_000633_015.img [no cloud data W1T1] [FINAL: W1T1]
		Images\MRH_X_20150618_000942_016.img [no cloud data W1T1] [FINAL: W1T1]
		Images\MRH_X_20150618_001250_017.img [no cloud data W1T1] [FINAL: W1T1]
		Images\MRH_X_20150618_001558_018.img [no cloud data W1T1] [FINAL: W1T1]
		Images\MRH_X_20150618_001906_019.img [no cloud data W1T1] [FINAL: W1T1]
		Images\MRH_X_20150618_002302_020.img [no cloud data W1T1] [FINAL: W1T1]
		Images\MRH_X_20150618_002613_021.img [no cloud data W1T1] [FINAL: W1T1]
		Images\MRH_X_20150618_002922_022.img [no cloud data W1T1] [FINAL: W1T1]
		Images\MRH_X_20150618_003231_023.img [no cloud data W1T1] [FINAL: W1T1]
		Images\MRH_X_20150618_003541_024.img [no cloud data W1T1] [FINAL: W1T1]
		Images\MRH_X_20150618_003850_025.img [no cloud data W1T1] [FINAL: W1T1]
		Images\MRH_X_20150618_004159_026.img [no cloud data W1T1] [FINAL: W1T1]
		Images\MRH_X_20150618_004507_027.img [no cloud data W1T1] [FINAL: W1T1]
		Images\MRH_X_20150618_004815_028.img [no cloud data W1T1] [FINAL: W1T1]
		Images\MRH_X_20150618_005122_029.img [no cloud data W1T1] [FINAL: W1T1]
		Images\MRH_X_20150618_005518_030.img [no cloud data W1T1] [FINAL: W1T1]
		Images\MRH_X_20150618_005830_031.img [no cloud data W1T1] [FINAL: W1T1]
		Images\MRH_X_20150618_010139_032.img [no cloud data W1T1] [FINAL: W1T1]
		Images\MRH_X_20150618_010448_033.img [no cloud data W1T1] [FINAL: W1T1]
		Images\MRH_X_20150618_010757_034.img [no cloud data W1T1] [FINAL: W1T1]
		Images\MRH_X_20150618_011106_035.img [no cloud data W1T1] [FINAL: W1T1]
		Images\MRH_X_20150618_011415_036.img [no cloud data W1T1] [FINAL: W1T1]
		Images\MRH_X_20150618_011723_037.img [no cloud data W1T1] [FINAL: W1T1]
		Images\MRH_X_20150618_012031_038.img [no cloud data W1T1] [FINAL: W1T1]
		Images\MRH_X_20150618_012339_039.img [no cloud data W1T1] [FINAL: W1T1]
		Images\MRH_X_20150618_012735_040.img [no cloud data W1T1] [FINAL: W1T1]
		Images\MRH_X_20150618_013046_041.img [no cloud data W1T1] [FINAL: W1T1]
		Images\MRH_X_20150618_013355_042.img [no cloud data W1T1] [FINAL: W1T1]
		Images\MRH_X_20150618_013704_043.img [no cloud data W1T1] [FINAL: W1T1]
		Images\MRH_X_20150618_014014_044.img [no cloud data W1T1] [FINAL: W1T1]
		Images\MRH_X_20150618_014323_045.img [no cloud data W1T1] [FINAL: W1T1]
		Images\MRH_X_20150618_014632_046.img [no cloud data W1T1] [FINAL: W1T1]
		Images\MRH_X_20150618_014940_047.img [no cloud data W1T1] [FINAL: W1T1]
		Images\MRH_X_20150618_015248_048.img [no cloud data W1T1] [FINAL: W1T1]
		Images\MRH_X_20150618_015556_049.img [no cloud data W1T1] [FINAL: W1T1]
		Images\MRH_X_20150618_015952_050.img [no cloud data W1T1] [FINAL: W1T1]
		Images\MRH_X_20150618_020303_051.img [no cloud data W1T1] [FINAL: W1T1]
		Images\MRH_X_20150618_020612_052.img [no cloud data W1T1] [FINAL: W1T1]
		Images\MRH_X_20150618_020921_053.img [no cloud data W1T1] [FINAL: W1T1]
		Images\MRH_X_20150618_021231_054.img [no cloud data W1T1] [FINAL: W1T1]
		Images\MRH_X_20150618_021540_055.img [no cloud data W1T1] [FINAL: W1T1]
		Images\MRH_X_20150618_021849_056.img [no cloud data W1T1] [FINAL: W1T1]
		Images\MRH_X_20150618_022157_057.img [no cloud data W1T1] [FINAL: W1T1]
		Images\MRH_X_20150618_022505_058.img [no cloud data W1T1] [FINAL: W1T1]
		Images\MRH_X_20150618_022813_059.img [no cloud data W1T1] [FINAL: W1T1]
		Images\MRH_X_20150618_023209_060.img [no cloud data W1T1] [FINAL: W1T1]
		Images\MRH_X_20150618_023520_061.img [no cloud data W1T1] [FINAL: W1T1]
		Images\MRH_X_20150618_023829_062.img [no cloud data W1T1] [FINAL: W1T1]
		Images\MRH_X_20150618_024138_063.img [no cloud data W1T1] [FINAL: W1T1]
		Images\MRH_X_20150618_024448_064.img [no cloud data W1T1] [FINAL: W1T1]
		Images\MRH_X_20150618_024757_065.img [no cloud data W1T1] [FINAL: W1T1]
		Images\MRH_X_20150618_025106_066.img [no cloud data W1T1] [FINAL: W1T1]
		Images\MRH_X_20150618_025414_067.img [no cloud data W1T1] [FINAL: W1T1]
		Images\MRH_X_20150618_025722_068.img [no cloud data W1T1] [FINAL: W1T1]
		Images\MRH_X_20150618_030029_069.img [no cloud data W1T1] [FINAL: W1T1]
		Images\MRH_X_20150618_030425_070.img [no cloud data W1T1] [FINAL: W1T1]
		Images\MRH_X_20150618_030737_071.img [no cloud data W1T1] [FINAL: W1T1]
		Images\MRH_X_20150618_031046_072.img [no cloud data W1T1] [FINAL: W1T1]
		Images\MRH_X_20150618_031355_073.img [no cloud data W1T1] [FINAL: W1T1]
		Images\MRH_X_20150618_031704_074.img [no cloud data W1T1] [FINAL: W1T1]
		Images\MRH_X_20150618_032013_075.img [no cloud data W1T1] [FINAL: W1T1]
		Images\MRH_X_20150618_032322_076.img [no cloud data W1T1] [FINAL: W1T1]
		Images\MRH_X_20150618_032630_077.img [no cloud data W1T1] [FINAL: W1T1]
		Images\MRH_X_20150618_032938_078.img [no cloud data W1T1] [FINAL: W1T1]
		Images\MRH_X_20150618_033246_079.img [no cloud data W1T1] [FINAL: W1T1]
		Images\MRH_X_20150618_033642_080.img [no cloud data W1T1] [FINAL: W1T1]
		Images\MRH_X_20150618_033953_081.img [no cloud data W1T1] [FINAL: W1T1]
		Images\MRH_X_20150618_034303_082.img [no cloud data W1T1] [FINAL: W1T1]
		Images\MRH_X_20150618_034612_083.img [no cloud data W1T1] [FINAL: W1T1]
		Images\MRH_X_20150618_034921_084.img [no cloud data W1T1] [FINAL: W1T1]
		Images\MRH_X_20150618_035230_085.img [no cloud data W1T1] [FINAL: W1T1]
		Images\MRH_X_20150618_035539_086.img [no cloud data W1T1] [FINAL: W1T1]
		Images\MRH_X_20150618_035847_087.img [no cloud data W1T1] [FINAL: W1T1]
		Images\MRH_X_20150618_040155_088.img [no cloud data W1T1] [FINAL: W1T1]
		Images\MRH_X_20150618_040503_089.img [no cloud data W1T1] [FINAL: W1T1]
		Images\MRH_X_20150618_040859_090.img [no cloud data W1T1] [FINAL: W1T1]
		Images\MRH_X_20150618_041210_091.img [no cloud data W1T1] [FINAL: W1T1]
		Images\MRH_X_20150618_041519_092.img [no cloud data W1T1] [FINAL: W1T1]
		Images\MRH_X_20150618_041828_093.img [no cloud data W1T1] [FINAL: W1T1]
		Images\MRH_X_20150618_042138_094.img [no cloud data W1T1] [FINAL: W1T1]
		Images\MRH_X_20150618_042447_095.img [no cloud data W1T1] [FINAL: W1T1]
		Images\MRH_X_20150618_042756_096.img [no cloud data W1T1] [FINAL: W1T1]
		Images\MRH_X_20150618_043104_097.img [no cloud data W1T1] [FINAL: W1T1]
		Images\MRH_X_20150618_043412_098.img [no cloud data W1T1] [FINAL: W1T1]
		Images\MRH_X_20150618_043720_099.img [no cloud data W1T1] [FINAL: W1T1]
		Images\MRH_X_20150618_044116_100.img [no cloud data W1T1] [FINAL: W1T1]
		Images\MRH_X_20150618_044427_101.img [no cloud data W1T1] [FINAL: W1T1]
		Images\MRH_X_20150618_044736_102.img [no cloud data W1T1] [FINAL: W1T1]
		Images\MRH_X_20150618_045045_103.img [no cloud data W1T1] [FINAL: W1T1]
		Images\MRH_X_20150618_045355_104.img [no cloud data W1T1] [FINAL: W1T1]
		Images\MRH_X_20150618_045704_105.img [no cloud data W1T1] [FINAL: W1T1]
		Images\MRH_X_20150618_050013_106.img [no cloud data W1T1] [FINAL: W1T1]
		Images\MRH_X_20150618_050321_107.img [no cloud data W1T1] [FINAL: W1T1]
		Images\MRH_X_20150618_050629_108.img [no cloud data W1T1] [FINAL: W1T1]
		Images\MRH_X_20150618_050937_109.img [no cloud data W1T1] [FINAL: W1T1]
		Images\MRH_X_20150618_051333_110.img [no cloud data W1T1] [FINAL: W1T1]
		Images\MRH_X_20150618_051644_111.img [no cloud data W1T1] [FINAL: W1T1]
		Images\MRH_X_20150618_051953_112.img [no cloud data W1T1] [FINAL: W1T1]
		Images\MRH_X_20150618_052302_113.img [no cloud data W1T1] [FINAL: W1T1]
		Images\MRH_X_20150618_052612_114.img [no cloud data W1T1] [FINAL: W1T1]
		Images\MRH_X_20150618_052921_115.img [no cloud data W1T1] [FINAL: W1T1]
		Images\MRH_X_20150618_053230_116.img [no cloud data W1T1] [FINAL: W1T1]
		Images\MRH_X_20150618_053538_117.img [no cloud data W1T1] [FINAL: W1T1]
		Images\MRH_X_20150618_053846_118.img [no cloud data W1T1] [FINAL: W1T1]
		Images\MRH_X_20150618_054154_119.img [no cloud data W1T1] [FINAL: W1T1]
		Images\MRH_X_20150618_054550_120.img [no cloud data W1T1] [FINAL: W1T1]
		Images\MRH_X_20150618_054901_121.img [no cloud data W1T1] [FINAL: W1T1]
		Images\MRH_X_20150618_055210_122.img [no cloud data W1T1] [FINAL: W1T1]
		Images\MRH_X_20150618_055519_123.img [no cloud data W1T1] [FINAL: W1T1]
		Images\MRH_X_20150618_055829_124.img [no cloud data W1T1] [FINAL: W1T1]
		Images\MRH_X_20150618_060138_125.img [no cloud data W1T1] [FINAL: W1T1]
		Images\MRH_X_20150618_060447_126.img [no cloud data W1T1] [FINAL: W1T1]
		Images\MRH_X_20150618_060754_127.img [no cloud data W1T1] [FINAL: W1T1]
		Images\MRH_X_20150618_061102_128.img [no cloud data W1T1] [FINAL: W1T1]
		Images\MRH_X_20150618_061410_129.img [no cloud data W1T1] [FINAL: W1T1]
		Images\MRH_X_20150618_061806_130.img [no cloud data W1T1] [FINAL: W1T1]
		Images\MRH_X_20150618_062117_131.img [no cloud data W1T1] [FINAL: W1T1]
		Images\MRH_X_20150618_062426_132.img [no cloud data W1T1] [FINAL: W1T1]
		Images\MRH_X_20150618_062736_133.img [no cloud data W1T1] [FINAL: W1T1]
		Images\MRH_X_20150618_063045_134.img [no cloud data W1T1] [FINAL: W1T1]
		Images\MRH_X_20150618_063354_135.img [no cloud data W1T1] [FINAL: W1T1]
		Images\MRH_X_20150618_063703_136.img [no cloud data W1T1] [FINAL: W1T1]
		Images\MRH_X_20150618_064011_137.img [no cloud data W1T1] [FINAL: W1T1]
		Images\MRH_X_20150618_064319_138.img [no cloud data W1T1] [FINAL: W1T1]
		Images\MRH_X_20150618_064627_139.img [no cloud data W1T1] [FINAL: W1T1]
		Images\MRH_X_20150618_065023_140.img [no cloud data W1T1] [FINAL: W1T1]
		Images\MRH_X_20150618_065334_141.img [no cloud data W1T1] [FINAL: W1T1]
		Images\MRH_X_20150618_065643_142.img [no cloud data W1T1] [FINAL: W1T1]
		Images\MRH_X_20150618_065953_143.img [no cloud data W1T1] [FINAL: W1T1]
		Images\MRH_X_20150618_070302_144.img [no cloud data W1T1] [FINAL: W1T1]
		Images\MRH_X_20150618_070611_145.img [no cloud data W1T1] [FINAL: W1T1]
		Images\MRH_X_20150618_070920_146.img [no cloud data W1T1] [FINAL: W1T1]
		Images\MRH_X_20150618_071228_147.img [no cloud data W1T1] [FINAL: W1T1]
		Images\MRH_X_20150618_071536_148.img [no cloud data W1T1] [FINAL: W1T1]
		Images\MRH_X_20150618_071844_149.img [no cloud data W1T1] [FINAL: W1T1]
		Images\MRH_X_20150618_072240_150.img [no cloud data W1T1] [FINAL: W1T1]
		Images\MRH_X_20150618_072551_151.img [no cloud data W1T1] [FINAL: W1T1]
		Images\MRH_X_20150618_072900_152.img [no cloud data W1T1] [FINAL: W1T1]
		Images\MRH_X_20150618_073209_153.img [no cloud data W1T1] [FINAL: W1T1]
		Images\MRH_X_20150618_073519_154.img [no cloud data W1T1] [FINAL: W1T1]
		Images\MRH_X_20150618_073828_155.img [no cloud data W1T1] [FINAL: W1T1]
		Images\MRH_X_20150618_074137_156.img [no cloud data W1T1] [FINAL: W1T1]
		Images\MRH_X_20150618_074445_157.img [no cloud data W1T1] [FINAL: W1T1]
		Images\MRH_X_20150618_074753_158.img [no cloud data W1T1] [FINAL: W1T1]
		Images\MRH_X_20150618_075101_159.img [no cloud data W1T1] [FINAL: W1T1]
		Images\MRH_X_20150618_075456_160.img [no cloud data W1T1] [FINAL: W1T1]
		Images\MRH_X_20150618_075808_161.img [no cloud data W1T1] [FINAL: W1T1]
		Images\MRH_X_20150618_080117_162.img [no cloud data W1T1] [FINAL: W1T1]
		Images\MRH_X_20150618_080426_163.img [no cloud data W1T1] [FINAL: W1T1]
		Images\MRH_X_20150618_080735_164.img [no cloud data W1T1] [FINAL: W1T1]
		Images\MRH_X_20150618_081044_165.img [no cloud data W1T1] [FINAL: W1T1]
		Images\MRH_X_20150618_081354_166.img [no cloud data W1T1] [FINAL: W1T1]
		Images\MRH_X_20150618_081701_167.img [no cloud data W1T1] [FINAL: W1T1]
		Images\MRH_X_20150618_082009_168.img [no cloud data W1T1] [FINAL: W1T1]
		Images\MRH_X_20150618_082317_169.img [no cloud data W1T1] [FINAL: W1T1]
		Images\MRH_X_20150618_082713_170.img [no cloud data W1T1] [FINAL: W1T1]
		Images\MRH_X_20150618_083025_171.img [no cloud data W1T1] [FINAL: W1T1]
		Images\MRH_X_20150618_083334_172.img [no cloud data W1T1] [FINAL: W1T1]
		Images\MRH_X_20150618_083643_173.img [no cloud data W1T1] [FINAL: W1T1]
		Images\MRH_X_20150618_083952_174.img [no cloud data W1T1] [FINAL: W1T1]
		Images\MRH_X_20150618_084301_175.img [no cloud data W1T1] [FINAL: W1T1]
		Images\MRH_X_20150618_084610_176.img [no cloud data W1T1] [FINAL: W1T1]
		Images\MRH_X_20150618_084918_177.img [no cloud data W1T1] [FINAL: W1T1]
		Images\MRH_X_20150618_085226_178.img [no cloud data W1T1] [FINAL: W1T1]
		Images\MRH_X_20150618_085534_179.img [no cloud data W1T1] [FINAL: W1T1]
		Images\MRH_X_20150618_085930_180.img [no cloud data W1T1] [FINAL: W1T1]
		Images\MRH_X_20150618_090241_181.img [no cloud data W1T1] [FINAL: W1T1]
		Images\MRH_X_20150618_090550_182.img [no cloud data W1T1] [FINAL: W1T1]
		Images\MRH_X_20150618_090859_183.img [no cloud data W1T1] [FINAL: W1T1]
		Images\MRH_X_20150618_091209_184.img [no cloud data W1T1] [FINAL: W1T1]
		Images\MRH_X_20150618_091518_185.img [no cloud data W1T1] [FINAL: W1T1]
		Images\MRH_X_20150618_091827_186.img [no cloud data W1T1] [FINAL: W1T1]
		Images\MRH_X_20150618_092135_187.img [no cloud data W1T1] [FINAL: W1T1]
		Images\MRH_X_20150618_092443_188.img [no cloud data W1T1] [FINAL: W1T1]
		Images\MRH_X_20150618_092751_189.img [no cloud data W1T1] [FINAL: W1T1]
		Images\MRH_X_20150618_093147_190.img [no cloud data W1T1] [FINAL: W1T1]
		Images\MRH_X_20150618_093458_191.img [no cloud data W1T1] [FINAL: W1T1]
		Images\MRH_X_20150618_093807_192.img [no cloud data W1T1] [FINAL: W1T1]
		Images\MRH_X_20150618_094116_193.img [no cloud data W1T1] [FINAL: W1T1]
		Images\MRH_X_20150618_094426_194.img [no cloud data W1T1] [FINAL: W1T1]
		Images\MRH_X_20150618_094735_195.img [no cloud data W1T1] [FINAL: W1T1]
		Images\MRH_X_20150618_095044_196.img [no cloud data W1T1] [sigma_T large: W2T2] [FINAL: W2T2]
		Images\MRH_X_20150618_095352_197.img [no cloud data W1T1] [FINAL: W1T1]
		Images\MRH_X_20150618_095700_198.img [no cloud data W1T1] [sigma_T large: W2T2] [FINAL: W2T2]
		Images\MRH_X_20150618_100008_199.img [no cloud data W1T1] [FINAL: W1T1]
		Images\MRH_X_20150618_100404_200.img [no cloud data W1T1] [FINAL: W1T1]
		Images\MRH_X_20150618_100715_201.img [no cloud data W1T1] [FINAL: W1T1]
		Images\MRH_X_20150618_101024_202.img [no cloud data W1T1] [FINAL: W1T1]
		Images\MRH_X_20150618_101333_203.img [no cloud data W1T1] [FINAL: W1T1]
		Images\MRH_X_20150618_101643_204.img [no cloud data W1T1] [FINAL: W1T1]
		Images\MRH_X_20150618_101952_205.img [no cloud data W1T1] [FINAL: W1T1]
		Images\MRH_X_20150618_102301_206.img [no cloud data W1T1] [FINAL: W1T1]
		Images\MRH_X_20150618_102609_207.img [no cloud data W1T1] [FINAL: W1T1]
		Images\MRH_X_20150618_102917_208.img [no cloud data W1T1] [FINAL: W1T1]
		Images\MRH_X_20150618_103224_209.img [no cloud data W1T1] [FINAL: W1T1]
		Images\MRH_X_20150618_103620_210.img [no cloud data W1T1] [FINAL: W1T1]
		Images\MRH_X_20150618_103931_211.img [no cloud data W1T1] [FINAL: W1T1]
		Images\MRH_X_20150618_104240_212.img [no cloud data W1T1] [FINAL: W1T1]
04/08/2021 00:36:56 AM: Results saved to results/minime90_mrh_20150617.npz
