04/07/2021 22:06:08 PM: Logfile Created
04/07/2021 22:06:09 PM: Sun up during minime90/mrh/2015/20150611/Images\MRH_L_20150611_231305_001.img. Ignoring this image...
04/07/2021 22:06:09 PM: minime90/mrh/2015/20150611/Images\MRH_L_20150611_234936_002.img center: 257.82, 254.52
04/07/2021 22:06:09 PM: minime90/mrh/2015/20150611/Images\MRH_L_20150612_002154_003.img center: 257.81, 254.52
04/07/2021 22:06:09 PM: minime90/mrh/2015/20150611/Images\MRH_L_20150612_005412_004.img center: 257.80, 254.55
04/07/2021 22:06:10 PM: minime90/mrh/2015/20150611/Images\MRH_L_20150612_012630_005.img center: 257.83, 254.56
04/07/2021 22:06:10 PM: minime90/mrh/2015/20150611/Images\MRH_L_20150612_015848_006.img center: 257.79, 254.55
04/07/2021 22:06:10 PM: minime90/mrh/2015/20150611/Images\MRH_L_20150612_023106_007.img center: 257.82, 254.59
04/07/2021 22:06:10 PM: minime90/mrh/2015/20150611/Images\MRH_L_20150612_030325_008.img center: 257.84, 254.56
04/07/2021 22:06:11 PM: minime90/mrh/2015/20150611/Images\MRH_L_20150612_033544_009.img center: 257.69, 254.57
04/07/2021 22:06:11 PM: minime90/mrh/2015/20150611/Images\MRH_L_20150612_040802_010.img center: 257.72, 254.61
04/07/2021 22:06:11 PM: minime90/mrh/2015/20150611/Images\MRH_L_20150612_044020_011.img center: 257.73, 254.61
04/07/2021 22:06:11 PM: minime90/mrh/2015/20150611/Images\MRH_L_20150612_051238_012.img center: 257.74, 254.61
04/07/2021 22:06:12 PM: minime90/mrh/2015/20150611/Images\MRH_L_20150612_054456_013.img center: 257.76, 254.64
04/07/2021 22:06:12 PM: minime90/mrh/2015/20150611/Images\MRH_L_20150612_061714_014.img center: 257.75, 254.68
04/07/2021 22:06:12 PM: minime90/mrh/2015/20150611/Images\MRH_L_20150612_064933_015.img center: 257.73, 254.64
04/07/2021 22:06:12 PM: minime90/mrh/2015/20150611/Images\MRH_L_20150612_072151_016.img center: 257.66, 254.66
04/07/2021 22:06:13 PM: minime90/mrh/2015/20150611/Images\MRH_L_20150612_075409_017.img center: 257.70, 254.69
04/07/2021 22:06:13 PM: minime90/mrh/2015/20150611/Images\MRH_L_20150612_082627_018.img center: 257.66, 254.70
04/07/2021 22:06:13 PM: minime90/mrh/2015/20150611/Images\MRH_L_20150612_085845_019.img center: 257.70, 254.70
04/07/2021 22:06:13 PM: minime90/mrh/2015/20150611/Images\MRH_L_20150612_093103_020.img center: 257.64, 254.69
04/07/2021 22:06:14 PM: minime90/mrh/2015/20150611/Images\MRH_L_20150612_100322_021.img center: 257.64, 254.72
04/07/2021 22:06:14 PM: minime90/mrh/2015/20150611/Images\MRH_L_20150612_103541_022.img center: 257.66, 254.77
04/07/2021 22:06:14 PM: minime90/mrh/2015/20150611/Images\MRH_L_20150612_104251_211.img center: 257.60, 254.74
04/07/2021 22:06:17 PM: minime90/mrh/2015/20150611/Images\MRH_L_20150611_234936_002.img reduced chisqr: 4.3391
04/07/2021 22:06:20 PM: minime90/mrh/2015/20150611/Images\MRH_L_20150612_002154_003.img reduced chisqr: 4.0448
04/07/2021 22:06:23 PM: minime90/mrh/2015/20150611/Images\MRH_L_20150612_005412_004.img reduced chisqr: 5.3003
04/07/2021 22:06:26 PM: minime90/mrh/2015/20150611/Images\MRH_L_20150612_012630_005.img reduced chisqr: 4.8828
04/07/2021 22:06:28 PM: minime90/mrh/2015/20150611/Images\MRH_L_20150612_015848_006.img reduced chisqr: 4.5561
04/07/2021 22:06:31 PM: minime90/mrh/2015/20150611/Images\MRH_L_20150612_023106_007.img reduced chisqr: 5.0907
04/07/2021 22:06:34 PM: minime90/mrh/2015/20150611/Images\MRH_L_20150612_030325_008.img reduced chisqr: 5.2162
04/07/2021 22:06:37 PM: minime90/mrh/2015/20150611/Images\MRH_L_20150612_033544_009.img reduced chisqr: 4.3118
04/07/2021 22:06:40 PM: minime90/mrh/2015/20150611/Images\MRH_L_20150612_040802_010.img reduced chisqr: 4.3642
04/07/2021 22:06:42 PM: minime90/mrh/2015/20150611/Images\MRH_L_20150612_044020_011.img reduced chisqr: 4.4905
04/07/2021 22:06:45 PM: minime90/mrh/2015/20150611/Images\MRH_L_20150612_051238_012.img reduced chisqr: 5.0146
04/07/2021 22:06:48 PM: minime90/mrh/2015/20150611/Images\MRH_L_20150612_054456_013.img reduced chisqr: 4.7100
04/07/2021 22:06:51 PM: minime90/mrh/2015/20150611/Images\MRH_L_20150612_061714_014.img reduced chisqr: 4.4536
04/07/2021 22:06:53 PM: minime90/mrh/2015/20150611/Images\MRH_L_20150612_064933_015.img reduced chisqr: 5.0971
04/07/2021 22:06:56 PM: minime90/mrh/2015/20150611/Images\MRH_L_20150612_072151_016.img reduced chisqr: 4.7696
04/07/2021 22:06:59 PM: minime90/mrh/2015/20150611/Images\MRH_L_20150612_075409_017.img reduced chisqr: 4.2932
04/07/2021 22:07:02 PM: minime90/mrh/2015/20150611/Images\MRH_L_20150612_082627_018.img reduced chisqr: 5.5243
04/07/2021 22:07:05 PM: minime90/mrh/2015/20150611/Images\MRH_L_20150612_085845_019.img reduced chisqr: 4.7550
04/07/2021 22:07:07 PM: minime90/mrh/2015/20150611/Images\MRH_L_20150612_093103_020.img reduced chisqr: 5.2288
04/07/2021 22:07:10 PM: minime90/mrh/2015/20150611/Images\MRH_L_20150612_100322_021.img reduced chisqr: 4.0104
04/07/2021 22:07:13 PM: minime90/mrh/2015/20150611/Images\MRH_L_20150612_103541_022.img reduced chisqr: 5.3154
04/07/2021 22:07:16 PM: minime90/mrh/2015/20150611/Images\MRH_L_20150612_104251_211.img reduced chisqr: 5.6734
04/07/2021 22:07:16 PM: minime90/mrh/2015/20150611/Images\MRH_X_20150611_232109_001.img not bounded by laser images. Ignoring this image...
04/07/2021 22:07:16 PM: minime90/mrh/2015/20150611/Images\MRH_X_20150611_232419_002.img not bounded by laser images. Ignoring this image...
04/07/2021 22:07:16 PM: minime90/mrh/2015/20150611/Images\MRH_X_20150611_232729_003.img not bounded by laser images. Ignoring this image...
04/07/2021 22:07:16 PM: minime90/mrh/2015/20150611/Images\MRH_X_20150611_233038_004.img not bounded by laser images. Ignoring this image...
04/07/2021 22:07:16 PM: minime90/mrh/2015/20150611/Images\MRH_X_20150611_233348_005.img not bounded by laser images. Ignoring this image...
04/07/2021 22:07:16 PM: minime90/mrh/2015/20150611/Images\MRH_X_20150611_233657_006.img not bounded by laser images. Ignoring this image...
04/07/2021 22:07:16 PM: minime90/mrh/2015/20150611/Images\MRH_X_20150611_234005_007.img not bounded by laser images. Ignoring this image...
04/07/2021 22:07:16 PM: minime90/mrh/2015/20150611/Images\MRH_X_20150611_234313_008.img not bounded by laser images. Ignoring this image...
04/07/2021 22:07:16 PM: minime90/mrh/2015/20150611/Images\MRH_X_20150611_234621_009.img not bounded by laser images. Ignoring this image...
04/07/2021 22:07:16 PM: minime90/mrh/2015/20150611/Images\MRH_X_20150612_083329_172.img is looking too close to the moon (34.4 deg). Ignoring this image...
04/07/2021 22:07:16 PM: minime90/mrh/2015/20150611/Images\MRH_X_20150612_090547_182.img is looking too close to the moon (30.0 deg). Ignoring this image...
04/07/2021 22:07:16 PM: minime90/mrh/2015/20150611/Images\MRH_X_20150612_093805_192.img is looking too close to the moon (27.2 deg). Ignoring this image...
04/07/2021 22:07:16 PM: minime90/mrh/2015/20150611/Images\MRH_X_20150612_101024_202.img is looking too close to the moon (26.4 deg). Ignoring this image...
04/07/2021 22:07:23 PM: minime90/mrh/2015/20150611/Images\MRH_X_20150611_235017_010.img reduced chisqr: 1.3818.
			Message:"Tolerance seems to be too small."
04/07/2021 22:07:29 PM: minime90/mrh/2015/20150611/Images\MRH_X_20150611_235328_011.img reduced chisqr: 1.3009.
			Message:"Tolerance seems to be too small."
04/07/2021 22:07:36 PM: minime90/mrh/2015/20150611/Images\MRH_X_20150611_235638_012.img reduced chisqr: 1.1420.
			Message:"Tolerance seems to be too small."
04/07/2021 22:07:42 PM: minime90/mrh/2015/20150611/Images\MRH_X_20150611_235947_013.img reduced chisqr: 1.1621.
			Message:"Tolerance seems to be too small."
04/07/2021 22:07:49 PM: minime90/mrh/2015/20150611/Images\MRH_X_20150612_000257_014.img reduced chisqr: 1.3278.
			Message:"Tolerance seems to be too small."
04/07/2021 22:07:55 PM: minime90/mrh/2015/20150611/Images\MRH_X_20150612_000606_015.img reduced chisqr: 1.4109.
			Message:"Tolerance seems to be too small."
04/07/2021 22:08:02 PM: minime90/mrh/2015/20150611/Images\MRH_X_20150612_000915_016.img reduced chisqr: 1.3910.
			Message:"Tolerance seems to be too small."
04/07/2021 22:08:09 PM: minime90/mrh/2015/20150611/Images\MRH_X_20150612_001223_017.img reduced chisqr: 1.1104.
			Message:"Tolerance seems to be too small."
04/07/2021 22:08:15 PM: minime90/mrh/2015/20150611/Images\MRH_X_20150612_001531_018.img reduced chisqr: 1.1522.
			Message:"Tolerance seems to be too small."
04/07/2021 22:08:22 PM: minime90/mrh/2015/20150611/Images\MRH_X_20150612_001839_019.img reduced chisqr: 1.2235.
			Message:"Tolerance seems to be too small."
04/07/2021 22:08:28 PM: minime90/mrh/2015/20150611/Images\MRH_X_20150612_002235_020.img reduced chisqr: 1.3445.
			Message:"Tolerance seems to be too small."
04/07/2021 22:08:35 PM: minime90/mrh/2015/20150611/Images\MRH_X_20150612_002546_021.img reduced chisqr: 1.1020.
			Message:"Tolerance seems to be too small."
04/07/2021 22:08:42 PM: minime90/mrh/2015/20150611/Images\MRH_X_20150612_002856_022.img reduced chisqr: 1.1392.
			Message:"Tolerance seems to be too small."
04/07/2021 22:08:48 PM: minime90/mrh/2015/20150611/Images\MRH_X_20150612_003205_023.img reduced chisqr: 1.1194.
			Message:"Tolerance seems to be too small."
04/07/2021 22:08:55 PM: minime90/mrh/2015/20150611/Images\MRH_X_20150612_003514_024.img reduced chisqr: 1.1685.
			Message:"Tolerance seems to be too small."
04/07/2021 22:09:01 PM: minime90/mrh/2015/20150611/Images\MRH_X_20150612_003824_025.img reduced chisqr: 1.2147.
			Message:"Tolerance seems to be too small."
04/07/2021 22:09:08 PM: minime90/mrh/2015/20150611/Images\MRH_X_20150612_004133_026.img reduced chisqr: 1.1216.
			Message:"Tolerance seems to be too small."
04/07/2021 22:09:14 PM: minime90/mrh/2015/20150611/Images\MRH_X_20150612_004441_027.img reduced chisqr: 1.2520.
			Message:"Tolerance seems to be too small."
04/07/2021 22:09:21 PM: minime90/mrh/2015/20150611/Images\MRH_X_20150612_004749_028.img reduced chisqr: 1.0778.
			Message:"Tolerance seems to be too small."
04/07/2021 22:09:27 PM: minime90/mrh/2015/20150611/Images\MRH_X_20150612_005057_029.img reduced chisqr: 1.2979.
			Message:"Tolerance seems to be too small."
04/07/2021 22:09:34 PM: minime90/mrh/2015/20150611/Images\MRH_X_20150612_005453_030.img reduced chisqr: 1.2948.
			Message:"Tolerance seems to be too small."
04/07/2021 22:09:40 PM: minime90/mrh/2015/20150611/Images\MRH_X_20150612_005804_031.img reduced chisqr: 1.0852.
			Message:"Tolerance seems to be too small."
04/07/2021 22:09:47 PM: minime90/mrh/2015/20150611/Images\MRH_X_20150612_010113_032.img reduced chisqr: 1.2428.
			Message:"Tolerance seems to be too small."
04/07/2021 22:09:53 PM: minime90/mrh/2015/20150611/Images\MRH_X_20150612_010423_033.img reduced chisqr: 1.2032.
			Message:"Tolerance seems to be too small."
04/07/2021 22:10:00 PM: minime90/mrh/2015/20150611/Images\MRH_X_20150612_010732_034.img reduced chisqr: 1.4766.
			Message:"Tolerance seems to be too small."
04/07/2021 22:10:06 PM: minime90/mrh/2015/20150611/Images\MRH_X_20150612_011041_035.img reduced chisqr: 1.2315.
			Message:"Tolerance seems to be too small."
04/07/2021 22:10:13 PM: minime90/mrh/2015/20150611/Images\MRH_X_20150612_011351_036.img reduced chisqr: 1.0598.
			Message:"Tolerance seems to be too small."
04/07/2021 22:10:19 PM: minime90/mrh/2015/20150611/Images\MRH_X_20150612_011659_037.img reduced chisqr: 1.6219.
			Message:"Tolerance seems to be too small."
04/07/2021 22:10:26 PM: minime90/mrh/2015/20150611/Images\MRH_X_20150612_012007_038.img reduced chisqr: 1.2847.
			Message:"Tolerance seems to be too small."
04/07/2021 22:10:32 PM: minime90/mrh/2015/20150611/Images\MRH_X_20150612_012315_039.img reduced chisqr: 1.4198.
			Message:"Tolerance seems to be too small."
04/07/2021 22:10:39 PM: minime90/mrh/2015/20150611/Images\MRH_X_20150612_012711_040.img reduced chisqr: 1.4944.
			Message:"Tolerance seems to be too small."
04/07/2021 22:10:45 PM: minime90/mrh/2015/20150611/Images\MRH_X_20150612_013022_041.img reduced chisqr: 1.1154.
			Message:"Tolerance seems to be too small."
04/07/2021 22:10:52 PM: minime90/mrh/2015/20150611/Images\MRH_X_20150612_013331_042.img reduced chisqr: 1.2067.
			Message:"Tolerance seems to be too small."
04/07/2021 22:10:58 PM: minime90/mrh/2015/20150611/Images\MRH_X_20150612_013641_043.img reduced chisqr: 1.1544.
			Message:"Tolerance seems to be too small."
04/07/2021 22:11:05 PM: minime90/mrh/2015/20150611/Images\MRH_X_20150612_013950_044.img reduced chisqr: 1.1727.
			Message:"Tolerance seems to be too small."
04/07/2021 22:11:11 PM: minime90/mrh/2015/20150611/Images\MRH_X_20150612_014259_045.img reduced chisqr: 1.2453.
			Message:"Tolerance seems to be too small."
04/07/2021 22:11:17 PM: minime90/mrh/2015/20150611/Images\MRH_X_20150612_014609_046.img reduced chisqr: 1.4528.
			Message:"Tolerance seems to be too small."
04/07/2021 22:11:24 PM: minime90/mrh/2015/20150611/Images\MRH_X_20150612_014917_047.img reduced chisqr: 1.2871.
			Message:"Tolerance seems to be too small."
04/07/2021 22:11:30 PM: minime90/mrh/2015/20150611/Images\MRH_X_20150612_015225_048.img reduced chisqr: 1.5451.
			Message:"Tolerance seems to be too small."
04/07/2021 22:11:37 PM: minime90/mrh/2015/20150611/Images\MRH_X_20150612_015533_049.img reduced chisqr: 1.3151.
			Message:"Tolerance seems to be too small."
04/07/2021 22:11:43 PM: minime90/mrh/2015/20150611/Images\MRH_X_20150612_015929_050.img reduced chisqr: 1.5191.
			Message:"Tolerance seems to be too small."
04/07/2021 22:11:50 PM: minime90/mrh/2015/20150611/Images\MRH_X_20150612_020240_051.img reduced chisqr: 1.4745.
			Message:"Tolerance seems to be too small."
04/07/2021 22:11:56 PM: minime90/mrh/2015/20150611/Images\MRH_X_20150612_020549_052.img reduced chisqr: 1.3500.
			Message:"Tolerance seems to be too small."
04/07/2021 22:12:02 PM: minime90/mrh/2015/20150611/Images\MRH_X_20150612_020859_053.img reduced chisqr: 1.2369.
			Message:"Tolerance seems to be too small."
04/07/2021 22:12:09 PM: minime90/mrh/2015/20150611/Images\MRH_X_20150612_021208_054.img reduced chisqr: 1.5353.
			Message:"Tolerance seems to be too small."
04/07/2021 22:12:15 PM: minime90/mrh/2015/20150611/Images\MRH_X_20150612_021518_055.img reduced chisqr: 1.6004.
			Message:"Tolerance seems to be too small."
04/07/2021 22:12:22 PM: minime90/mrh/2015/20150611/Images\MRH_X_20150612_021827_056.img reduced chisqr: 1.1675.
			Message:"Tolerance seems to be too small."
04/07/2021 22:12:28 PM: minime90/mrh/2015/20150611/Images\MRH_X_20150612_022135_057.img reduced chisqr: 1.3325.
			Message:"Tolerance seems to be too small."
04/07/2021 22:12:35 PM: minime90/mrh/2015/20150611/Images\MRH_X_20150612_022443_058.img reduced chisqr: 1.1656.
			Message:"Tolerance seems to be too small."
04/07/2021 22:12:41 PM: minime90/mrh/2015/20150611/Images\MRH_X_20150612_022751_059.img reduced chisqr: 1.4485.
			Message:"Tolerance seems to be too small."
04/07/2021 22:12:48 PM: minime90/mrh/2015/20150611/Images\MRH_X_20150612_023147_060.img reduced chisqr: 1.8096.
			Message:"Tolerance seems to be too small."
04/07/2021 22:12:54 PM: minime90/mrh/2015/20150611/Images\MRH_X_20150612_023459_061.img reduced chisqr: 1.6318.
			Message:"Tolerance seems to be too small."
04/07/2021 22:13:00 PM: minime90/mrh/2015/20150611/Images\MRH_X_20150612_023808_062.img reduced chisqr: 1.6975.
			Message:"Tolerance seems to be too small."
04/07/2021 22:13:07 PM: minime90/mrh/2015/20150611/Images\MRH_X_20150612_024118_063.img reduced chisqr: 1.5736.
			Message:"Tolerance seems to be too small."
04/07/2021 22:13:13 PM: minime90/mrh/2015/20150611/Images\MRH_X_20150612_024427_064.img reduced chisqr: 1.8762.
			Message:"Tolerance seems to be too small."
04/07/2021 22:13:19 PM: minime90/mrh/2015/20150611/Images\MRH_X_20150612_024737_065.img reduced chisqr: 1.5995.
			Message:"Tolerance seems to be too small."
04/07/2021 22:13:26 PM: minime90/mrh/2015/20150611/Images\MRH_X_20150612_025046_066.img reduced chisqr: 1.6026.
			Message:"Tolerance seems to be too small."
04/07/2021 22:13:32 PM: minime90/mrh/2015/20150611/Images\MRH_X_20150612_025354_067.img reduced chisqr: 1.7958.
			Message:"Tolerance seems to be too small."
04/07/2021 22:13:39 PM: minime90/mrh/2015/20150611/Images\MRH_X_20150612_025702_068.img reduced chisqr: 1.8339.
			Message:"Tolerance seems to be too small."
04/07/2021 22:13:45 PM: minime90/mrh/2015/20150611/Images\MRH_X_20150612_030010_069.img reduced chisqr: 1.5796.
			Message:"Tolerance seems to be too small."
04/07/2021 22:13:51 PM: minime90/mrh/2015/20150611/Images\MRH_X_20150612_030406_070.img reduced chisqr: 1.8368.
			Message:"Tolerance seems to be too small."
04/07/2021 22:13:58 PM: minime90/mrh/2015/20150611/Images\MRH_X_20150612_030718_071.img reduced chisqr: 1.4457.
			Message:"Tolerance seems to be too small."
04/07/2021 22:14:04 PM: minime90/mrh/2015/20150611/Images\MRH_X_20150612_031027_072.img reduced chisqr: 1.6364.
			Message:"Tolerance seems to be too small."
04/07/2021 22:14:11 PM: minime90/mrh/2015/20150611/Images\MRH_X_20150612_031336_073.img reduced chisqr: 1.6581.
			Message:"Tolerance seems to be too small."
04/07/2021 22:14:17 PM: minime90/mrh/2015/20150611/Images\MRH_X_20150612_031646_074.img reduced chisqr: 1.5634.
			Message:"Tolerance seems to be too small."
04/07/2021 22:14:23 PM: minime90/mrh/2015/20150611/Images\MRH_X_20150612_031955_075.img reduced chisqr: 1.6117.
			Message:"Tolerance seems to be too small."
04/07/2021 22:14:30 PM: minime90/mrh/2015/20150611/Images\MRH_X_20150612_032304_076.img reduced chisqr: 1.3033.
			Message:"Tolerance seems to be too small."
04/07/2021 22:14:36 PM: minime90/mrh/2015/20150611/Images\MRH_X_20150612_032612_077.img reduced chisqr: 1.3727.
			Message:"Tolerance seems to be too small."
04/07/2021 22:14:43 PM: minime90/mrh/2015/20150611/Images\MRH_X_20150612_032920_078.img reduced chisqr: 1.5581.
			Message:"Tolerance seems to be too small."
04/07/2021 22:14:49 PM: minime90/mrh/2015/20150611/Images\MRH_X_20150612_033229_079.img reduced chisqr: 1.4618.
			Message:"Tolerance seems to be too small."
04/07/2021 22:14:56 PM: minime90/mrh/2015/20150611/Images\MRH_X_20150612_033624_080.img reduced chisqr: 1.3740.
			Message:"Tolerance seems to be too small."
04/07/2021 22:15:02 PM: minime90/mrh/2015/20150611/Images\MRH_X_20150612_033936_081.img reduced chisqr: 1.3819.
			Message:"Tolerance seems to be too small."
04/07/2021 22:15:08 PM: minime90/mrh/2015/20150611/Images\MRH_X_20150612_034245_082.img reduced chisqr: 1.3609.
			Message:"Tolerance seems to be too small."
04/07/2021 22:15:15 PM: minime90/mrh/2015/20150611/Images\MRH_X_20150612_034554_083.img reduced chisqr: 1.1678.
			Message:"Tolerance seems to be too small."
04/07/2021 22:15:21 PM: minime90/mrh/2015/20150611/Images\MRH_X_20150612_034904_084.img reduced chisqr: 1.3383.
			Message:"Tolerance seems to be too small."
04/07/2021 22:15:28 PM: minime90/mrh/2015/20150611/Images\MRH_X_20150612_035213_085.img reduced chisqr: 1.4905.
			Message:"Tolerance seems to be too small."
04/07/2021 22:15:34 PM: minime90/mrh/2015/20150611/Images\MRH_X_20150612_035522_086.img reduced chisqr: 1.3610.
			Message:"Tolerance seems to be too small."
04/07/2021 22:15:41 PM: minime90/mrh/2015/20150611/Images\MRH_X_20150612_035830_087.img reduced chisqr: 1.1983.
			Message:"Tolerance seems to be too small."
04/07/2021 22:15:47 PM: minime90/mrh/2015/20150611/Images\MRH_X_20150612_040139_088.img reduced chisqr: 1.7401.
			Message:"Tolerance seems to be too small."
04/07/2021 22:15:54 PM: minime90/mrh/2015/20150611/Images\MRH_X_20150612_040447_089.img reduced chisqr: 1.3825.
			Message:"Tolerance seems to be too small."
04/07/2021 22:16:00 PM: minime90/mrh/2015/20150611/Images\MRH_X_20150612_040842_090.img reduced chisqr: 1.3842.
			Message:"Tolerance seems to be too small."
04/07/2021 22:16:07 PM: minime90/mrh/2015/20150611/Images\MRH_X_20150612_041154_091.img reduced chisqr: 1.2631.
			Message:"Tolerance seems to be too small."
04/07/2021 22:16:13 PM: minime90/mrh/2015/20150611/Images\MRH_X_20150612_041503_092.img reduced chisqr: 1.2228.
			Message:"Tolerance seems to be too small."
04/07/2021 22:16:19 PM: minime90/mrh/2015/20150611/Images\MRH_X_20150612_041812_093.img reduced chisqr: 1.1663.
			Message:"Tolerance seems to be too small."
04/07/2021 22:16:26 PM: minime90/mrh/2015/20150611/Images\MRH_X_20150612_042122_094.img reduced chisqr: 1.5853.
			Message:"Tolerance seems to be too small."
04/07/2021 22:16:32 PM: minime90/mrh/2015/20150611/Images\MRH_X_20150612_042431_095.img reduced chisqr: 1.5653.
			Message:"Tolerance seems to be too small."
04/07/2021 22:16:39 PM: minime90/mrh/2015/20150611/Images\MRH_X_20150612_042740_096.img reduced chisqr: 1.3655.
			Message:"Tolerance seems to be too small."
04/07/2021 22:16:45 PM: minime90/mrh/2015/20150611/Images\MRH_X_20150612_043048_097.img reduced chisqr: 1.4768.
			Message:"Tolerance seems to be too small."
04/07/2021 22:16:52 PM: minime90/mrh/2015/20150611/Images\MRH_X_20150612_043356_098.img reduced chisqr: 1.6177.
			Message:"Tolerance seems to be too small."
04/07/2021 22:16:58 PM: minime90/mrh/2015/20150611/Images\MRH_X_20150612_043705_099.img reduced chisqr: 1.2813.
			Message:"Tolerance seems to be too small."
04/07/2021 22:17:05 PM: minime90/mrh/2015/20150611/Images\MRH_X_20150612_044100_100.img reduced chisqr: 1.3699.
			Message:"Tolerance seems to be too small."
04/07/2021 22:17:11 PM: minime90/mrh/2015/20150611/Images\MRH_X_20150612_044412_101.img reduced chisqr: 1.5260.
			Message:"Tolerance seems to be too small."
04/07/2021 22:17:18 PM: minime90/mrh/2015/20150611/Images\MRH_X_20150612_044721_102.img reduced chisqr: 1.2737.
			Message:"Tolerance seems to be too small."
04/07/2021 22:17:24 PM: minime90/mrh/2015/20150611/Images\MRH_X_20150612_045030_103.img reduced chisqr: 1.2130.
			Message:"Tolerance seems to be too small."
04/07/2021 22:17:30 PM: minime90/mrh/2015/20150611/Images\MRH_X_20150612_045340_104.img reduced chisqr: 1.1819.
			Message:"Tolerance seems to be too small."
04/07/2021 22:17:37 PM: minime90/mrh/2015/20150611/Images\MRH_X_20150612_045649_105.img reduced chisqr: 1.2606.
			Message:"Tolerance seems to be too small."
04/07/2021 22:17:43 PM: minime90/mrh/2015/20150611/Images\MRH_X_20150612_045958_106.img reduced chisqr: 1.4578.
			Message:"Tolerance seems to be too small."
04/07/2021 22:17:50 PM: minime90/mrh/2015/20150611/Images\MRH_X_20150612_050307_107.img reduced chisqr: 1.4495.
			Message:"Tolerance seems to be too small."
04/07/2021 22:17:56 PM: minime90/mrh/2015/20150611/Images\MRH_X_20150612_050615_108.img reduced chisqr: 1.4892.
			Message:"Tolerance seems to be too small."
04/07/2021 22:18:03 PM: minime90/mrh/2015/20150611/Images\MRH_X_20150612_050923_109.img reduced chisqr: 1.4300.
			Message:"Tolerance seems to be too small."
04/07/2021 22:18:09 PM: minime90/mrh/2015/20150611/Images\MRH_X_20150612_051319_110.img reduced chisqr: 1.6810.
			Message:"Tolerance seems to be too small."
04/07/2021 22:18:16 PM: minime90/mrh/2015/20150611/Images\MRH_X_20150612_051630_111.img reduced chisqr: 1.2033.
			Message:"Tolerance seems to be too small."
04/07/2021 22:18:22 PM: minime90/mrh/2015/20150611/Images\MRH_X_20150612_051940_112.img reduced chisqr: 1.2140.
			Message:"Tolerance seems to be too small."
04/07/2021 22:18:29 PM: minime90/mrh/2015/20150611/Images\MRH_X_20150612_052249_113.img reduced chisqr: 1.3965.
			Message:"Tolerance seems to be too small."
04/07/2021 22:18:35 PM: minime90/mrh/2015/20150611/Images\MRH_X_20150612_052558_114.img reduced chisqr: 1.7256.
			Message:"Tolerance seems to be too small."
04/07/2021 22:18:41 PM: minime90/mrh/2015/20150611/Images\MRH_X_20150612_052908_115.img reduced chisqr: 1.2593.
			Message:"Tolerance seems to be too small."
04/07/2021 22:18:48 PM: minime90/mrh/2015/20150611/Images\MRH_X_20150612_053217_116.img reduced chisqr: 1.2180.
			Message:"Tolerance seems to be too small."
04/07/2021 22:18:54 PM: minime90/mrh/2015/20150611/Images\MRH_X_20150612_053525_117.img reduced chisqr: 1.4267.
			Message:"Tolerance seems to be too small."
04/07/2021 22:19:01 PM: minime90/mrh/2015/20150611/Images\MRH_X_20150612_053833_118.img reduced chisqr: 1.4112.
			Message:"Tolerance seems to be too small."
04/07/2021 22:19:07 PM: minime90/mrh/2015/20150611/Images\MRH_X_20150612_054141_119.img reduced chisqr: 1.1172.
			Message:"Tolerance seems to be too small."
04/07/2021 22:19:13 PM: minime90/mrh/2015/20150611/Images\MRH_X_20150612_054537_120.img reduced chisqr: 1.5806.
			Message:"Tolerance seems to be too small."
04/07/2021 22:19:20 PM: minime90/mrh/2015/20150611/Images\MRH_X_20150612_054849_121.img reduced chisqr: 1.2399.
			Message:"Tolerance seems to be too small."
04/07/2021 22:19:26 PM: minime90/mrh/2015/20150611/Images\MRH_X_20150612_055158_122.img reduced chisqr: 1.0707.
			Message:"Tolerance seems to be too small."
04/07/2021 22:19:33 PM: minime90/mrh/2015/20150611/Images\MRH_X_20150612_055507_123.img reduced chisqr: 1.2257.
			Message:"Tolerance seems to be too small."
04/07/2021 22:19:39 PM: minime90/mrh/2015/20150611/Images\MRH_X_20150612_055817_124.img reduced chisqr: 1.1769.
			Message:"Tolerance seems to be too small."
04/07/2021 22:19:46 PM: minime90/mrh/2015/20150611/Images\MRH_X_20150612_060126_125.img reduced chisqr: 1.3365.
			Message:"Tolerance seems to be too small."
04/07/2021 22:19:52 PM: minime90/mrh/2015/20150611/Images\MRH_X_20150612_060435_126.img reduced chisqr: 1.2334.
			Message:"Tolerance seems to be too small."
04/07/2021 22:19:59 PM: minime90/mrh/2015/20150611/Images\MRH_X_20150612_060743_127.img reduced chisqr: 1.2741.
			Message:"Tolerance seems to be too small."
04/07/2021 22:20:05 PM: minime90/mrh/2015/20150611/Images\MRH_X_20150612_061051_128.img reduced chisqr: 1.2996.
			Message:"Tolerance seems to be too small."
04/07/2021 22:20:12 PM: minime90/mrh/2015/20150611/Images\MRH_X_20150612_061359_129.img reduced chisqr: 1.2603.
			Message:"Tolerance seems to be too small."
04/07/2021 22:20:18 PM: minime90/mrh/2015/20150611/Images\MRH_X_20150612_061755_130.img reduced chisqr: 1.2235.
			Message:"Tolerance seems to be too small."
04/07/2021 22:20:24 PM: minime90/mrh/2015/20150611/Images\MRH_X_20150612_062107_131.img reduced chisqr: 1.3478.
			Message:"Tolerance seems to be too small."
04/07/2021 22:20:31 PM: minime90/mrh/2015/20150611/Images\MRH_X_20150612_062416_132.img reduced chisqr: 1.2111.
			Message:"Tolerance seems to be too small."
04/07/2021 22:20:37 PM: minime90/mrh/2015/20150611/Images\MRH_X_20150612_062725_133.img reduced chisqr: 1.2475.
			Message:"Tolerance seems to be too small."
04/07/2021 22:20:44 PM: minime90/mrh/2015/20150611/Images\MRH_X_20150612_063035_134.img reduced chisqr: 1.2277.
			Message:"Tolerance seems to be too small."
04/07/2021 22:20:50 PM: minime90/mrh/2015/20150611/Images\MRH_X_20150612_063344_135.img reduced chisqr: 1.3309.
			Message:"Tolerance seems to be too small."
04/07/2021 22:20:56 PM: minime90/mrh/2015/20150611/Images\MRH_X_20150612_063653_136.img reduced chisqr: 1.4608.
			Message:"Tolerance seems to be too small."
04/07/2021 22:21:03 PM: minime90/mrh/2015/20150611/Images\MRH_X_20150612_064001_137.img reduced chisqr: 1.6281.
			Message:"Tolerance seems to be too small."
04/07/2021 22:21:09 PM: minime90/mrh/2015/20150611/Images\MRH_X_20150612_064310_138.img reduced chisqr: 1.4481.
			Message:"Tolerance seems to be too small."
04/07/2021 22:21:16 PM: minime90/mrh/2015/20150611/Images\MRH_X_20150612_064618_139.img reduced chisqr: 1.7643.
			Message:"Tolerance seems to be too small."
04/07/2021 22:21:22 PM: minime90/mrh/2015/20150611/Images\MRH_X_20150612_065014_140.img reduced chisqr: 1.2358.
			Message:"Tolerance seems to be too small."
04/07/2021 22:21:28 PM: minime90/mrh/2015/20150611/Images\MRH_X_20150612_065325_141.img reduced chisqr: 1.5452.
			Message:"Tolerance seems to be too small."
04/07/2021 22:21:35 PM: minime90/mrh/2015/20150611/Images\MRH_X_20150612_065635_142.img reduced chisqr: 1.4900.
			Message:"Tolerance seems to be too small."
04/07/2021 22:21:42 PM: minime90/mrh/2015/20150611/Images\MRH_X_20150612_065944_143.img reduced chisqr: 1.0471.
			Message:"Tolerance seems to be too small."
04/07/2021 22:21:48 PM: minime90/mrh/2015/20150611/Images\MRH_X_20150612_070254_144.img reduced chisqr: 1.2769.
			Message:"Tolerance seems to be too small."
04/07/2021 22:21:54 PM: minime90/mrh/2015/20150611/Images\MRH_X_20150612_070603_145.img reduced chisqr: 1.1213.
			Message:"Tolerance seems to be too small."
04/07/2021 22:22:01 PM: minime90/mrh/2015/20150611/Images\MRH_X_20150612_070912_146.img reduced chisqr: 1.3941.
			Message:"Tolerance seems to be too small."
04/07/2021 22:22:07 PM: minime90/mrh/2015/20150611/Images\MRH_X_20150612_071220_147.img reduced chisqr: 1.2623.
			Message:"Tolerance seems to be too small."
04/07/2021 22:22:13 PM: minime90/mrh/2015/20150611/Images\MRH_X_20150612_071528_148.img reduced chisqr: 1.1325.
			Message:"Tolerance seems to be too small."
04/07/2021 22:22:20 PM: minime90/mrh/2015/20150611/Images\MRH_X_20150612_071836_149.img reduced chisqr: 1.1307.
			Message:"Tolerance seems to be too small."
04/07/2021 22:22:26 PM: minime90/mrh/2015/20150611/Images\MRH_X_20150612_072232_150.img reduced chisqr: 1.1446.
			Message:"Tolerance seems to be too small."
04/07/2021 22:22:33 PM: minime90/mrh/2015/20150611/Images\MRH_X_20150612_072544_151.img reduced chisqr: 1.1360.
			Message:"Tolerance seems to be too small."
04/07/2021 22:22:39 PM: minime90/mrh/2015/20150611/Images\MRH_X_20150612_072853_152.img reduced chisqr: 1.2464.
			Message:"Tolerance seems to be too small."
04/07/2021 22:22:45 PM: minime90/mrh/2015/20150611/Images\MRH_X_20150612_073202_153.img reduced chisqr: 1.0413.
			Message:"Tolerance seems to be too small."
04/07/2021 22:22:52 PM: minime90/mrh/2015/20150611/Images\MRH_X_20150612_073512_154.img reduced chisqr: 1.1263.
			Message:"Tolerance seems to be too small."
04/07/2021 22:22:58 PM: minime90/mrh/2015/20150611/Images\MRH_X_20150612_073821_155.img reduced chisqr: 1.1417.
			Message:"Tolerance seems to be too small."
04/07/2021 22:23:05 PM: minime90/mrh/2015/20150611/Images\MRH_X_20150612_074130_156.img reduced chisqr: 1.1335.
			Message:"Tolerance seems to be too small."
04/07/2021 22:23:11 PM: minime90/mrh/2015/20150611/Images\MRH_X_20150612_074438_157.img reduced chisqr: 1.1331.
			Message:"Tolerance seems to be too small."
04/07/2021 22:23:18 PM: minime90/mrh/2015/20150611/Images\MRH_X_20150612_074746_158.img reduced chisqr: 1.0885.
			Message:"Tolerance seems to be too small."
04/07/2021 22:23:24 PM: minime90/mrh/2015/20150611/Images\MRH_X_20150612_075054_159.img reduced chisqr: 0.9522.
			Message:"Tolerance seems to be too small."
04/07/2021 22:23:30 PM: minime90/mrh/2015/20150611/Images\MRH_X_20150612_075450_160.img reduced chisqr: 0.9389.
			Message:"Tolerance seems to be too small."
04/07/2021 22:23:37 PM: minime90/mrh/2015/20150611/Images\MRH_X_20150612_075801_161.img reduced chisqr: 1.1533.
			Message:"Tolerance seems to be too small."
04/07/2021 22:23:43 PM: minime90/mrh/2015/20150611/Images\MRH_X_20150612_080111_162.img reduced chisqr: 1.1623.
			Message:"Tolerance seems to be too small."
04/07/2021 22:23:50 PM: minime90/mrh/2015/20150611/Images\MRH_X_20150612_080420_163.img reduced chisqr: 1.1080.
			Message:"Tolerance seems to be too small."
04/07/2021 22:23:56 PM: minime90/mrh/2015/20150611/Images\MRH_X_20150612_080730_164.img reduced chisqr: 1.1579.
			Message:"Tolerance seems to be too small."
04/07/2021 22:24:03 PM: minime90/mrh/2015/20150611/Images\MRH_X_20150612_081039_165.img reduced chisqr: 1.0223.
			Message:"Tolerance seems to be too small."
04/07/2021 22:24:09 PM: minime90/mrh/2015/20150611/Images\MRH_X_20150612_081348_166.img reduced chisqr: 1.2570.
			Message:"Tolerance seems to be too small."
04/07/2021 22:24:16 PM: minime90/mrh/2015/20150611/Images\MRH_X_20150612_081656_167.img reduced chisqr: 1.1961.
			Message:"Tolerance seems to be too small."
04/07/2021 22:24:22 PM: minime90/mrh/2015/20150611/Images\MRH_X_20150612_082004_168.img reduced chisqr: 1.1084.
			Message:"Tolerance seems to be too small."
04/07/2021 22:24:28 PM: minime90/mrh/2015/20150611/Images\MRH_X_20150612_082312_169.img reduced chisqr: 1.2772.
			Message:"Tolerance seems to be too small."
04/07/2021 22:24:35 PM: minime90/mrh/2015/20150611/Images\MRH_X_20150612_082708_170.img reduced chisqr: 1.2712.
			Message:"Tolerance seems to be too small."
04/07/2021 22:24:41 PM: minime90/mrh/2015/20150611/Images\MRH_X_20150612_083020_171.img reduced chisqr: 1.2077.
			Message:"Tolerance seems to be too small."
04/07/2021 22:24:47 PM: minime90/mrh/2015/20150611/Images\MRH_X_20150612_083638_173.img reduced chisqr: 1.5642.
			Message:"Tolerance seems to be too small."
04/07/2021 22:24:54 PM: minime90/mrh/2015/20150611/Images\MRH_X_20150612_083948_174.img reduced chisqr: 1.0599.
			Message:"Tolerance seems to be too small."
04/07/2021 22:25:00 PM: minime90/mrh/2015/20150611/Images\MRH_X_20150612_084257_175.img reduced chisqr: 1.3646.
			Message:"Tolerance seems to be too small."
04/07/2021 22:25:07 PM: minime90/mrh/2015/20150611/Images\MRH_X_20150612_084606_176.img reduced chisqr: 1.0690.
			Message:"Tolerance seems to be too small."
04/07/2021 22:25:13 PM: minime90/mrh/2015/20150611/Images\MRH_X_20150612_084914_177.img reduced chisqr: 1.2901.
			Message:"Tolerance seems to be too small."
04/07/2021 22:25:20 PM: minime90/mrh/2015/20150611/Images\MRH_X_20150612_085222_178.img reduced chisqr: 1.1529.
			Message:"Tolerance seems to be too small."
04/07/2021 22:25:26 PM: minime90/mrh/2015/20150611/Images\MRH_X_20150612_085530_179.img reduced chisqr: 1.0703.
			Message:"Tolerance seems to be too small."
04/07/2021 22:25:32 PM: minime90/mrh/2015/20150611/Images\MRH_X_20150612_085926_180.img reduced chisqr: 1.1952.
			Message:"Tolerance seems to be too small."
04/07/2021 22:25:39 PM: minime90/mrh/2015/20150611/Images\MRH_X_20150612_090238_181.img reduced chisqr: 1.1197.
			Message:"Tolerance seems to be too small."
04/07/2021 22:25:45 PM: minime90/mrh/2015/20150611/Images\MRH_X_20150612_090856_183.img reduced chisqr: 1.0784.
			Message:"Tolerance seems to be too small."
04/07/2021 22:25:51 PM: minime90/mrh/2015/20150611/Images\MRH_X_20150612_091206_184.img reduced chisqr: 1.1081.
			Message:"Tolerance seems to be too small."
04/07/2021 22:25:58 PM: minime90/mrh/2015/20150611/Images\MRH_X_20150612_091515_185.img reduced chisqr: 1.0949.
			Message:"Tolerance seems to be too small."
04/07/2021 22:26:04 PM: minime90/mrh/2015/20150611/Images\MRH_X_20150612_091824_186.img reduced chisqr: 1.1068.
			Message:"Tolerance seems to be too small."
04/07/2021 22:26:10 PM: minime90/mrh/2015/20150611/Images\MRH_X_20150612_092132_187.img reduced chisqr: 1.0049.
			Message:"Tolerance seems to be too small."
04/07/2021 22:26:17 PM: minime90/mrh/2015/20150611/Images\MRH_X_20150612_092440_188.img reduced chisqr: 1.1138.
			Message:"Tolerance seems to be too small."
04/07/2021 22:26:23 PM: minime90/mrh/2015/20150611/Images\MRH_X_20150612_092748_189.img reduced chisqr: 1.1678.
			Message:"Tolerance seems to be too small."
04/07/2021 22:26:29 PM: minime90/mrh/2015/20150611/Images\MRH_X_20150612_093145_190.img reduced chisqr: 1.1312.
			Message:"Tolerance seems to be too small."
04/07/2021 22:26:36 PM: minime90/mrh/2015/20150611/Images\MRH_X_20150612_093456_191.img reduced chisqr: 1.2715.
			Message:"Tolerance seems to be too small."
04/07/2021 22:26:42 PM: minime90/mrh/2015/20150611/Images\MRH_X_20150612_094115_193.img reduced chisqr: 1.0457.
			Message:"Tolerance seems to be too small."
04/07/2021 22:26:48 PM: minime90/mrh/2015/20150611/Images\MRH_X_20150612_094424_194.img reduced chisqr: 1.1811.
			Message:"Tolerance seems to be too small."
04/07/2021 22:26:55 PM: minime90/mrh/2015/20150611/Images\MRH_X_20150612_094734_195.img reduced chisqr: 1.1978.
			Message:"Tolerance seems to be too small."
04/07/2021 22:27:01 PM: minime90/mrh/2015/20150611/Images\MRH_X_20150612_095043_196.img reduced chisqr: 1.1835.
			Message:"Tolerance seems to be too small."
04/07/2021 22:27:08 PM: minime90/mrh/2015/20150611/Images\MRH_X_20150612_095351_197.img reduced chisqr: 1.1440.
			Message:"Tolerance seems to be too small."
04/07/2021 22:27:14 PM: minime90/mrh/2015/20150611/Images\MRH_X_20150612_095659_198.img reduced chisqr: 1.1070.
			Message:"Tolerance seems to be too small."
04/07/2021 22:27:20 PM: minime90/mrh/2015/20150611/Images\MRH_X_20150612_100007_199.img reduced chisqr: 1.1300.
			Message:"Tolerance seems to be too small."
04/07/2021 22:27:27 PM: minime90/mrh/2015/20150611/Images\MRH_X_20150612_100403_200.img reduced chisqr: 1.1047.
			Message:"Tolerance seems to be too small."
04/07/2021 22:27:33 PM: minime90/mrh/2015/20150611/Images\MRH_X_20150612_100715_201.img reduced chisqr: 1.2105.
			Message:"Tolerance seems to be too small."
04/07/2021 22:27:40 PM: minime90/mrh/2015/20150611/Images\MRH_X_20150612_101333_203.img reduced chisqr: 1.1327.
			Message:"Tolerance seems to be too small."
04/07/2021 22:27:46 PM: minime90/mrh/2015/20150611/Images\MRH_X_20150612_101643_204.img reduced chisqr: 1.3349.
			Message:"Tolerance seems to be too small."
04/07/2021 22:27:53 PM: minime90/mrh/2015/20150611/Images\MRH_X_20150612_101952_205.img reduced chisqr: 1.2547.
			Message:"Tolerance seems to be too small."
04/07/2021 22:27:59 PM: minime90/mrh/2015/20150611/Images\MRH_X_20150612_102302_206.img reduced chisqr: 1.2035.
			Message:"Tolerance seems to be too small."
04/07/2021 22:28:05 PM: minime90/mrh/2015/20150611/Images\MRH_X_20150612_102610_207.img reduced chisqr: 1.2549.
			Message:"Tolerance seems to be too small."
04/07/2021 22:28:12 PM: minime90/mrh/2015/20150611/Images\MRH_X_20150612_102918_208.img reduced chisqr: 1.5542.
			Message:"Tolerance seems to be too small."
04/07/2021 22:28:18 PM: minime90/mrh/2015/20150611/Images\MRH_X_20150612_103226_209.img reduced chisqr: 1.3443.
			Message:"Tolerance seems to be too small."
04/07/2021 22:28:25 PM: minime90/mrh/2015/20150611/Images\MRH_X_20150612_103622_210.img reduced chisqr: 2.0734.
			Message:"Tolerance seems to be too small."
04/07/2021 22:28:31 PM: minime90/mrh/2015/20150611/Images\MRH_X_20150612_103934_211.img reduced chisqr: 2.7903.
			Message:"Tolerance seems to be too small."
04/07/2021 22:28:31 PM: WARNING: Exposure time is not changing.
04/07/2021 22:28:31 PM: Created diagnostic plots.
04/07/2021 22:28:31 PM: Laser and sky image analysis complete.
04/07/2021 22:28:31 PM: No Boltwood cloud sensor data found.
04/07/2021 22:28:31 PM: No X300 temperature sensor data found.
04/07/2021 22:28:31 PM:  Quality Flag Calculation:
		Manual Wind Flag: 0
		Manual Temperature Flag: 0
		Laser Drift: False
		Sample-specific flags:
		Images\MRH_X_20150611_235017_010.img [no cloud data W1T1] [FINAL: W1T1]
		Images\MRH_X_20150611_235328_011.img [no cloud data W1T1] [FINAL: W1T1]
		Images\MRH_X_20150611_235638_012.img [no cloud data W1T1] [FINAL: W1T1]
		Images\MRH_X_20150611_235947_013.img [no cloud data W1T1] [FINAL: W1T1]
		Images\MRH_X_20150612_000257_014.img [no cloud data W1T1] [FINAL: W1T1]
		Images\MRH_X_20150612_000606_015.img [no cloud data W1T1] [FINAL: W1T1]
		Images\MRH_X_20150612_000915_016.img [no cloud data W1T1] [FINAL: W1T1]
		Images\MRH_X_20150612_001223_017.img [no cloud data W1T1] [FINAL: W1T1]
		Images\MRH_X_20150612_001531_018.img [no cloud data W1T1] [FINAL: W1T1]
		Images\MRH_X_20150612_001839_019.img [no cloud data W1T1] [FINAL: W1T1]
		Images\MRH_X_20150612_002235_020.img [no cloud data W1T1] [FINAL: W1T1]
		Images\MRH_X_20150612_002546_021.img [no cloud data W1T1] [FINAL: W1T1]
		Images\MRH_X_20150612_002856_022.img [no cloud data W1T1] [FINAL: W1T1]
		Images\MRH_X_20150612_003205_023.img [no cloud data W1T1] [FINAL: W1T1]
		Images\MRH_X_20150612_003514_024.img [no cloud data W1T1] [FINAL: W1T1]
		Images\MRH_X_20150612_003824_025.img [no cloud data W1T1] [FINAL: W1T1]
		Images\MRH_X_20150612_004133_026.img [no cloud data W1T1] [FINAL: W1T1]
		Images\MRH_X_20150612_004441_027.img [no cloud data W1T1] [FINAL: W1T1]
		Images\MRH_X_20150612_004749_028.img [no cloud data W1T1] [FINAL: W1T1]
		Images\MRH_X_20150612_005057_029.img [no cloud data W1T1] [FINAL: W1T1]
		Images\MRH_X_20150612_005453_030.img [no cloud data W1T1] [FINAL: W1T1]
		Images\MRH_X_20150612_005804_031.img [no cloud data W1T1] [FINAL: W1T1]
		Images\MRH_X_20150612_010113_032.img [no cloud data W1T1] [FINAL: W1T1]
		Images\MRH_X_20150612_010423_033.img [no cloud data W1T1] [FINAL: W1T1]
		Images\MRH_X_20150612_010732_034.img [no cloud data W1T1] [FINAL: W1T1]
		Images\MRH_X_20150612_011041_035.img [no cloud data W1T1] [FINAL: W1T1]
		Images\MRH_X_20150612_011351_036.img [no cloud data W1T1] [FINAL: W1T1]
		Images\MRH_X_20150612_011659_037.img [no cloud data W1T1] [FINAL: W1T1]
		Images\MRH_X_20150612_012007_038.img [no cloud data W1T1] [FINAL: W1T1]
		Images\MRH_X_20150612_012315_039.img [no cloud data W1T1] [FINAL: W1T1]
		Images\MRH_X_20150612_012711_040.img [no cloud data W1T1] [FINAL: W1T1]
		Images\MRH_X_20150612_013022_041.img [no cloud data W1T1] [FINAL: W1T1]
		Images\MRH_X_20150612_013331_042.img [no cloud data W1T1] [FINAL: W1T1]
		Images\MRH_X_20150612_013641_043.img [no cloud data W1T1] [FINAL: W1T1]
		Images\MRH_X_20150612_013950_044.img [no cloud data W1T1] [FINAL: W1T1]
		Images\MRH_X_20150612_014259_045.img [no cloud data W1T1] [FINAL: W1T1]
		Images\MRH_X_20150612_014609_046.img [no cloud data W1T1] [FINAL: W1T1]
		Images\MRH_X_20150612_014917_047.img [no cloud data W1T1] [FINAL: W1T1]
		Images\MRH_X_20150612_015225_048.img [no cloud data W1T1] [FINAL: W1T1]
		Images\MRH_X_20150612_015533_049.img [no cloud data W1T1] [FINAL: W1T1]
		Images\MRH_X_20150612_015929_050.img [no cloud data W1T1] [FINAL: W1T1]
		Images\MRH_X_20150612_020240_051.img [no cloud data W1T1] [FINAL: W1T1]
		Images\MRH_X_20150612_020549_052.img [no cloud data W1T1] [FINAL: W1T1]
		Images\MRH_X_20150612_020859_053.img [no cloud data W1T1] [FINAL: W1T1]
		Images\MRH_X_20150612_021208_054.img [no cloud data W1T1] [FINAL: W1T1]
		Images\MRH_X_20150612_021518_055.img [no cloud data W1T1] [FINAL: W1T1]
		Images\MRH_X_20150612_021827_056.img [no cloud data W1T1] [FINAL: W1T1]
		Images\MRH_X_20150612_022135_057.img [no cloud data W1T1] [FINAL: W1T1]
		Images\MRH_X_20150612_022443_058.img [no cloud data W1T1] [FINAL: W1T1]
		Images\MRH_X_20150612_022751_059.img [no cloud data W1T1] [FINAL: W1T1]
		Images\MRH_X_20150612_023147_060.img [no cloud data W1T1] [FINAL: W1T1]
		Images\MRH_X_20150612_023459_061.img [no cloud data W1T1] [FINAL: W1T1]
		Images\MRH_X_20150612_023808_062.img [no cloud data W1T1] [FINAL: W1T1]
		Images\MRH_X_20150612_024118_063.img [no cloud data W1T1] [FINAL: W1T1]
		Images\MRH_X_20150612_024427_064.img [no cloud data W1T1] [FINAL: W1T1]
		Images\MRH_X_20150612_024737_065.img [no cloud data W1T1] [FINAL: W1T1]
		Images\MRH_X_20150612_025046_066.img [no cloud data W1T1] [FINAL: W1T1]
		Images\MRH_X_20150612_025354_067.img [no cloud data W1T1] [FINAL: W1T1]
		Images\MRH_X_20150612_025702_068.img [no cloud data W1T1] [FINAL: W1T1]
		Images\MRH_X_20150612_030010_069.img [no cloud data W1T1] [FINAL: W1T1]
		Images\MRH_X_20150612_030406_070.img [no cloud data W1T1] [FINAL: W1T1]
		Images\MRH_X_20150612_030718_071.img [no cloud data W1T1] [FINAL: W1T1]
		Images\MRH_X_20150612_031027_072.img [no cloud data W1T1] [FINAL: W1T1]
		Images\MRH_X_20150612_031336_073.img [no cloud data W1T1] [FINAL: W1T1]
		Images\MRH_X_20150612_031646_074.img [no cloud data W1T1] [FINAL: W1T1]
		Images\MRH_X_20150612_031955_075.img [no cloud data W1T1] [FINAL: W1T1]
		Images\MRH_X_20150612_032304_076.img [no cloud data W1T1] [FINAL: W1T1]
		Images\MRH_X_20150612_032612_077.img [no cloud data W1T1] [FINAL: W1T1]
		Images\MRH_X_20150612_032920_078.img [no cloud data W1T1] [FINAL: W1T1]
		Images\MRH_X_20150612_033229_079.img [no cloud data W1T1] [FINAL: W1T1]
		Images\MRH_X_20150612_033624_080.img [no cloud data W1T1] [FINAL: W1T1]
		Images\MRH_X_20150612_033936_081.img [no cloud data W1T1] [FINAL: W1T1]
		Images\MRH_X_20150612_034245_082.img [no cloud data W1T1] [FINAL: W1T1]
		Images\MRH_X_20150612_034554_083.img [no cloud data W1T1] [FINAL: W1T1]
		Images\MRH_X_20150612_034904_084.img [no cloud data W1T1] [FINAL: W1T1]
		Images\MRH_X_20150612_035213_085.img [no cloud data W1T1] [FINAL: W1T1]
		Images\MRH_X_20150612_035522_086.img [no cloud data W1T1] [FINAL: W1T1]
		Images\MRH_X_20150612_035830_087.img [no cloud data W1T1] [FINAL: W1T1]
		Images\MRH_X_20150612_040139_088.img [no cloud data W1T1] [FINAL: W1T1]
		Images\MRH_X_20150612_040447_089.img [no cloud data W1T1] [FINAL: W1T1]
		Images\MRH_X_20150612_040842_090.img [no cloud data W1T1] [FINAL: W1T1]
		Images\MRH_X_20150612_041154_091.img [no cloud data W1T1] [FINAL: W1T1]
		Images\MRH_X_20150612_041503_092.img [no cloud data W1T1] [FINAL: W1T1]
		Images\MRH_X_20150612_041812_093.img [no cloud data W1T1] [FINAL: W1T1]
		Images\MRH_X_20150612_042122_094.img [no cloud data W1T1] [FINAL: W1T1]
		Images\MRH_X_20150612_042431_095.img [no cloud data W1T1] [FINAL: W1T1]
		Images\MRH_X_20150612_042740_096.img [no cloud data W1T1] [FINAL: W1T1]
		Images\MRH_X_20150612_043048_097.img [no cloud data W1T1] [FINAL: W1T1]
		Images\MRH_X_20150612_043356_098.img [no cloud data W1T1] [FINAL: W1T1]
		Images\MRH_X_20150612_043705_099.img [no cloud data W1T1] [FINAL: W1T1]
		Images\MRH_X_20150612_044100_100.img [no cloud data W1T1] [FINAL: W1T1]
		Images\MRH_X_20150612_044412_101.img [no cloud data W1T1] [FINAL: W1T1]
		Images\MRH_X_20150612_044721_102.img [no cloud data W1T1] [FINAL: W1T1]
		Images\MRH_X_20150612_045030_103.img [no cloud data W1T1] [FINAL: W1T1]
		Images\MRH_X_20150612_045340_104.img [no cloud data W1T1] [FINAL: W1T1]
		Images\MRH_X_20150612_045649_105.img [no cloud data W1T1] [FINAL: W1T1]
		Images\MRH_X_20150612_045958_106.img [no cloud data W1T1] [FINAL: W1T1]
		Images\MRH_X_20150612_050307_107.img [no cloud data W1T1] [FINAL: W1T1]
		Images\MRH_X_20150612_050615_108.img [no cloud data W1T1] [FINAL: W1T1]
		Images\MRH_X_20150612_050923_109.img [no cloud data W1T1] [FINAL: W1T1]
		Images\MRH_X_20150612_051319_110.img [no cloud data W1T1] [FINAL: W1T1]
		Images\MRH_X_20150612_051630_111.img [no cloud data W1T1] [FINAL: W1T1]
		Images\MRH_X_20150612_051940_112.img [no cloud data W1T1] [FINAL: W1T1]
		Images\MRH_X_20150612_052249_113.img [no cloud data W1T1] [FINAL: W1T1]
		Images\MRH_X_20150612_052558_114.img [no cloud data W1T1] [FINAL: W1T1]
		Images\MRH_X_20150612_052908_115.img [no cloud data W1T1] [FINAL: W1T1]
		Images\MRH_X_20150612_053217_116.img [no cloud data W1T1] [FINAL: W1T1]
		Images\MRH_X_20150612_053525_117.img [no cloud data W1T1] [FINAL: W1T1]
		Images\MRH_X_20150612_053833_118.img [no cloud data W1T1] [FINAL: W1T1]
		Images\MRH_X_20150612_054141_119.img [no cloud data W1T1] [FINAL: W1T1]
		Images\MRH_X_20150612_054537_120.img [no cloud data W1T1] [FINAL: W1T1]
		Images\MRH_X_20150612_054849_121.img [no cloud data W1T1] [FINAL: W1T1]
		Images\MRH_X_20150612_055158_122.img [no cloud data W1T1] [FINAL: W1T1]
		Images\MRH_X_20150612_055507_123.img [no cloud data W1T1] [FINAL: W1T1]
		Images\MRH_X_20150612_055817_124.img [no cloud data W1T1] [FINAL: W1T1]
		Images\MRH_X_20150612_060126_125.img [no cloud data W1T1] [FINAL: W1T1]
		Images\MRH_X_20150612_060435_126.img [no cloud data W1T1] [FINAL: W1T1]
		Images\MRH_X_20150612_060743_127.img [no cloud data W1T1] [FINAL: W1T1]
		Images\MRH_X_20150612_061051_128.img [no cloud data W1T1] [FINAL: W1T1]
		Images\MRH_X_20150612_061359_129.img [no cloud data W1T1] [FINAL: W1T1]
		Images\MRH_X_20150612_061755_130.img [no cloud data W1T1] [FINAL: W1T1]
		Images\MRH_X_20150612_062107_131.img [no cloud data W1T1] [FINAL: W1T1]
		Images\MRH_X_20150612_062416_132.img [no cloud data W1T1] [FINAL: W1T1]
		Images\MRH_X_20150612_062725_133.img [no cloud data W1T1] [FINAL: W1T1]
		Images\MRH_X_20150612_063035_134.img [no cloud data W1T1] [FINAL: W1T1]
		Images\MRH_X_20150612_063344_135.img [no cloud data W1T1] [FINAL: W1T1]
		Images\MRH_X_20150612_063653_136.img [no cloud data W1T1] [FINAL: W1T1]
		Images\MRH_X_20150612_064001_137.img [no cloud data W1T1] [FINAL: W1T1]
		Images\MRH_X_20150612_064310_138.img [no cloud data W1T1] [FINAL: W1T1]
		Images\MRH_X_20150612_064618_139.img [no cloud data W1T1] [FINAL: W1T1]
		Images\MRH_X_20150612_065014_140.img [no cloud data W1T1] [FINAL: W1T1]
		Images\MRH_X_20150612_065325_141.img [no cloud data W1T1] [FINAL: W1T1]
		Images\MRH_X_20150612_065635_142.img [no cloud data W1T1] [FINAL: W1T1]
		Images\MRH_X_20150612_065944_143.img [no cloud data W1T1] [FINAL: W1T1]
		Images\MRH_X_20150612_070254_144.img [no cloud data W1T1] [FINAL: W1T1]
		Images\MRH_X_20150612_070603_145.img [no cloud data W1T1] [FINAL: W1T1]
		Images\MRH_X_20150612_070912_146.img [no cloud data W1T1] [FINAL: W1T1]
		Images\MRH_X_20150612_071220_147.img [no cloud data W1T1] [FINAL: W1T1]
		Images\MRH_X_20150612_071528_148.img [no cloud data W1T1] [FINAL: W1T1]
		Images\MRH_X_20150612_071836_149.img [no cloud data W1T1] [FINAL: W1T1]
		Images\MRH_X_20150612_072232_150.img [no cloud data W1T1] [FINAL: W1T1]
		Images\MRH_X_20150612_072544_151.img [no cloud data W1T1] [FINAL: W1T1]
		Images\MRH_X_20150612_072853_152.img [no cloud data W1T1] [FINAL: W1T1]
		Images\MRH_X_20150612_073202_153.img [no cloud data W1T1] [FINAL: W1T1]
		Images\MRH_X_20150612_073512_154.img [no cloud data W1T1] [FINAL: W1T1]
		Images\MRH_X_20150612_073821_155.img [no cloud data W1T1] [FINAL: W1T1]
		Images\MRH_X_20150612_074130_156.img [no cloud data W1T1] [FINAL: W1T1]
		Images\MRH_X_20150612_074438_157.img [no cloud data W1T1] [FINAL: W1T1]
		Images\MRH_X_20150612_074746_158.img [no cloud data W1T1] [FINAL: W1T1]
		Images\MRH_X_20150612_075054_159.img [no cloud data W1T1] [FINAL: W1T1]
		Images\MRH_X_20150612_075450_160.img [no cloud data W1T1] [FINAL: W1T1]
		Images\MRH_X_20150612_075801_161.img [no cloud data W1T1] [FINAL: W1T1]
		Images\MRH_X_20150612_080111_162.img [no cloud data W1T1] [FINAL: W1T1]
		Images\MRH_X_20150612_080420_163.img [no cloud data W1T1] [FINAL: W1T1]
		Images\MRH_X_20150612_080730_164.img [no cloud data W1T1] [FINAL: W1T1]
		Images\MRH_X_20150612_081039_165.img [no cloud data W1T1] [FINAL: W1T1]
		Images\MRH_X_20150612_081348_166.img [no cloud data W1T1] [FINAL: W1T1]
		Images\MRH_X_20150612_081656_167.img [no cloud data W1T1] [FINAL: W1T1]
		Images\MRH_X_20150612_082004_168.img [no cloud data W1T1] [FINAL: W1T1]
		Images\MRH_X_20150612_082312_169.img [no cloud data W1T1] [FINAL: W1T1]
		Images\MRH_X_20150612_082708_170.img [no cloud data W1T1] [FINAL: W1T1]
		Images\MRH_X_20150612_083020_171.img [no cloud data W1T1] [FINAL: W1T1]
		Images\MRH_X_20150612_083638_173.img [no cloud data W1T1] [FINAL: W1T1]
		Images\MRH_X_20150612_083948_174.img [no cloud data W1T1] [FINAL: W1T1]
		Images\MRH_X_20150612_084257_175.img [no cloud data W1T1] [FINAL: W1T1]
		Images\MRH_X_20150612_084606_176.img [no cloud data W1T1] [FINAL: W1T1]
		Images\MRH_X_20150612_084914_177.img [no cloud data W1T1] [FINAL: W1T1]
		Images\MRH_X_20150612_085222_178.img [no cloud data W1T1] [FINAL: W1T1]
		Images\MRH_X_20150612_085530_179.img [no cloud data W1T1] [FINAL: W1T1]
		Images\MRH_X_20150612_085926_180.img [no cloud data W1T1] [FINAL: W1T1]
		Images\MRH_X_20150612_090238_181.img [no cloud data W1T1] [FINAL: W1T1]
		Images\MRH_X_20150612_090856_183.img [no cloud data W1T1] [FINAL: W1T1]
		Images\MRH_X_20150612_091206_184.img [no cloud data W1T1] [FINAL: W1T1]
		Images\MRH_X_20150612_091515_185.img [no cloud data W1T1] [FINAL: W1T1]
		Images\MRH_X_20150612_091824_186.img [no cloud data W1T1] [FINAL: W1T1]
		Images\MRH_X_20150612_092132_187.img [no cloud data W1T1] [FINAL: W1T1]
		Images\MRH_X_20150612_092440_188.img [no cloud data W1T1] [FINAL: W1T1]
		Images\MRH_X_20150612_092748_189.img [no cloud data W1T1] [FINAL: W1T1]
		Images\MRH_X_20150612_093145_190.img [no cloud data W1T1] [FINAL: W1T1]
		Images\MRH_X_20150612_093456_191.img [no cloud data W1T1] [FINAL: W1T1]
		Images\MRH_X_20150612_094115_193.img [no cloud data W1T1] [FINAL: W1T1]
		Images\MRH_X_20150612_094424_194.img [no cloud data W1T1] [FINAL: W1T1]
		Images\MRH_X_20150612_094734_195.img [no cloud data W1T1] [FINAL: W1T1]
		Images\MRH_X_20150612_095043_196.img [no cloud data W1T1] [FINAL: W1T1]
		Images\MRH_X_20150612_095351_197.img [no cloud data W1T1] [FINAL: W1T1]
		Images\MRH_X_20150612_095659_198.img [no cloud data W1T1] [FINAL: W1T1]
		Images\MRH_X_20150612_100007_199.img [no cloud data W1T1] [FINAL: W1T1]
		Images\MRH_X_20150612_100403_200.img [no cloud data W1T1] [FINAL: W1T1]
		Images\MRH_X_20150612_100715_201.img [no cloud data W1T1] [FINAL: W1T1]
		Images\MRH_X_20150612_101333_203.img [no cloud data W1T1] [FINAL: W1T1]
		Images\MRH_X_20150612_101643_204.img [no cloud data W1T1] [FINAL: W1T1]
		Images\MRH_X_20150612_101952_205.img [no cloud data W1T1] [FINAL: W1T1]
		Images\MRH_X_20150612_102302_206.img [no cloud data W1T1] [FINAL: W1T1]
		Images\MRH_X_20150612_102610_207.img [no cloud data W1T1] [FINAL: W1T1]
		Images\MRH_X_20150612_102918_208.img [no cloud data W1T1] [FINAL: W1T1]
		Images\MRH_X_20150612_103226_209.img [no cloud data W1T1] [FINAL: W1T1]
		Images\MRH_X_20150612_103622_210.img [no cloud data W1T1] [FINAL: W1T1]
		Images\MRH_X_20150612_103934_211.img [no cloud data W1T1] [FINAL: W1T1]
04/07/2021 22:28:31 PM: Results saved to results/minime90_mrh_20150611.npz
