02/14/2021 15:06:32 PM: Logfile Created
02/14/2021 15:06:32 PM: Sun up during minime90/mrh/2015/20150616/Images\MRH_L_20150616_231325_001.img. Ignoring this image...
02/14/2021 15:06:32 PM: minime90/mrh/2015/20150616/Images\MRH_L_20150616_234951_002.img laser fringes too dim (11.0 < 13.0). Ignoring this image...
02/14/2021 15:06:33 PM: minime90/mrh/2015/20150616/Images\MRH_L_20150617_002208_003.img laser fringes too dim (11.0 < 13.0). Ignoring this image...
02/14/2021 15:06:33 PM: minime90/mrh/2015/20150616/Images\MRH_L_20150617_005424_004.img laser fringes too dim (10.0 < 13.0). Ignoring this image...
02/14/2021 15:06:34 PM: minime90/mrh/2015/20150616/Images\MRH_L_20150617_012641_005.img laser fringes too dim (12.0 < 13.0). Ignoring this image...
02/14/2021 15:06:34 PM: minime90/mrh/2015/20150616/Images\MRH_L_20150617_015858_006.img laser fringes too dim (11.0 < 13.0). Ignoring this image...
02/14/2021 15:06:35 PM: minime90/mrh/2015/20150616/Images\MRH_L_20150617_023115_007.img laser fringes too dim (11.0 < 13.0). Ignoring this image...
02/14/2021 15:06:35 PM: minime90/mrh/2015/20150616/Images\MRH_L_20150617_030331_008.img laser fringes too dim (11.0 < 13.0). Ignoring this image...
02/14/2021 15:06:35 PM: minime90/mrh/2015/20150616/Images\MRH_L_20150617_033548_009.img laser fringes too dim (11.0 < 13.0). Ignoring this image...
02/14/2021 15:06:36 PM: minime90/mrh/2015/20150616/Images\MRH_L_20150617_040805_010.img laser fringes too dim (11.0 < 13.0). Ignoring this image...
02/14/2021 15:06:36 PM: minime90/mrh/2015/20150616/Images\MRH_L_20150617_044021_011.img laser fringes too dim (11.0 < 13.0). Ignoring this image...
02/14/2021 15:06:37 PM: minime90/mrh/2015/20150616/Images\MRH_L_20150617_051238_012.img laser fringes too dim (11.0 < 13.0). Ignoring this image...
02/14/2021 15:06:37 PM: minime90/mrh/2015/20150616/Images\MRH_L_20150617_054455_013.img laser fringes too dim (11.0 < 13.0). Ignoring this image...
02/14/2021 15:06:37 PM: minime90/mrh/2015/20150616/Images\MRH_L_20150617_061711_014.img laser fringes too dim (11.0 < 13.0). Ignoring this image...
02/14/2021 15:06:38 PM: minime90/mrh/2015/20150616/Images\MRH_L_20150617_064928_015.img laser fringes too dim (12.0 < 13.0). Ignoring this image...
02/14/2021 15:06:38 PM: minime90/mrh/2015/20150616/Images\MRH_L_20150617_072145_016.img laser fringes too dim (11.0 < 13.0). Ignoring this image...
02/14/2021 15:06:39 PM: minime90/mrh/2015/20150616/Images\MRH_L_20150617_075401_017.img laser fringes too dim (11.0 < 13.0). Ignoring this image...
02/14/2021 15:06:39 PM: minime90/mrh/2015/20150616/Images\MRH_L_20150617_082618_018.img laser fringes too dim (11.0 < 13.0). Ignoring this image...
02/14/2021 15:06:39 PM: minime90/mrh/2015/20150616/Images\MRH_L_20150617_085834_019.img laser fringes too dim (11.0 < 13.0). Ignoring this image...
02/14/2021 15:06:40 PM: minime90/mrh/2015/20150616/Images\MRH_L_20150617_093051_020.img laser fringes too dim (11.0 < 13.0). Ignoring this image...
02/14/2021 15:06:40 PM: minime90/mrh/2015/20150616/Images\MRH_L_20150617_100308_021.img laser fringes too dim (12.0 < 13.0). Ignoring this image...
02/14/2021 15:06:41 PM: minime90/mrh/2015/20150616/Images\MRH_L_20150617_103524_022.img laser fringes too dim (12.0 < 13.0). Ignoring this image...
02/14/2021 15:06:41 PM: minime90/mrh/2015/20150616/Images\MRH_L_20150617_104544_212.img laser fringes too dim (12.0 < 13.0). Ignoring this image...
02/14/2021 15:06:41 PM: Centerfinding failed for all laser images. <BADLASER>
02/14/2021 15:06:41 PM: Error analyzing 20150616. Traceback listed below.
-----------------------------------
Traceback (most recent call last):
  File "C:\Users\jucar\Desktop\Files_FPI\FPIprocess.py", line 438, in process_instr
    logfile=logfile, diagnostic_fig=Diagnostic_Fig, reference=reference)
  File "C:\Users\jucar\Desktop\Files_FPI\FPI.py", line 846, in ParameterFit
    raise Exception('Centerfinding failed for all laser images. This day was tagged with <BADLASER> flag.')
Exception: Centerfinding failed for all laser images. This day was tagged with <BADLASER> flag.

-----------------------------------
