04/07/2021 20:14:14 PM: Logfile Created
04/07/2021 20:14:14 PM: Sun up during minime90/mrh/2015/20150603/Images\MRH_L_20150603_231151_001.img. Ignoring this image...
04/07/2021 20:14:14 PM: minime90/mrh/2015/20150603/Images\MRH_L_20150603_234819_002.img center: 257.07, 255.19
04/07/2021 20:14:14 PM: minime90/mrh/2015/20150603/Images\MRH_L_20150604_002049_003.img center: 257.08, 255.13
04/07/2021 20:14:15 PM: minime90/mrh/2015/20150603/Images\MRH_L_20150604_005318_004.img center: 257.12, 255.16
04/07/2021 20:14:15 PM: minime90/mrh/2015/20150603/Images\MRH_L_20150604_012545_005.img center: 257.09, 255.14
04/07/2021 20:14:15 PM: minime90/mrh/2015/20150603/Images\MRH_L_20150604_015820_006.img center: 257.11, 255.13
04/07/2021 20:14:15 PM: minime90/mrh/2015/20150603/Images\MRH_L_20150604_023046_007.img center: 257.15, 255.14
04/07/2021 20:14:16 PM: minime90/mrh/2015/20150603/Images\MRH_L_20150604_030304_008.img center: 257.11, 255.14
04/07/2021 20:14:16 PM: minime90/mrh/2015/20150603/Images\MRH_L_20150604_033523_009.img center: 257.13, 255.20
04/07/2021 20:14:16 PM: minime90/mrh/2015/20150603/Images\MRH_L_20150604_040742_010.img center: 257.12, 255.16
04/07/2021 20:14:16 PM: minime90/mrh/2015/20150603/Images\MRH_L_20150604_044001_011.img center: 257.14, 255.20
04/07/2021 20:14:17 PM: minime90/mrh/2015/20150603/Images\MRH_L_20150604_051220_012.img center: 257.13, 255.18
04/07/2021 20:14:17 PM: minime90/mrh/2015/20150603/Images\MRH_L_20150604_054440_013.img center: 257.15, 255.20
04/07/2021 20:14:17 PM: minime90/mrh/2015/20150603/Images\MRH_L_20150604_061659_014.img center: 257.13, 255.20
04/07/2021 20:14:17 PM: minime90/mrh/2015/20150603/Images\MRH_L_20150604_064919_015.img center: 257.12, 255.27
04/07/2021 20:14:18 PM: minime90/mrh/2015/20150603/Images\MRH_L_20150604_072138_016.img center: 257.16, 255.23
04/07/2021 20:14:18 PM: minime90/mrh/2015/20150603/Images\MRH_L_20150604_075357_017.img center: 257.12, 255.23
04/07/2021 20:14:18 PM: minime90/mrh/2015/20150603/Images\MRH_L_20150604_082617_018.img center: 257.21, 255.26
04/07/2021 20:14:18 PM: minime90/mrh/2015/20150603/Images\MRH_L_20150604_085836_019.img center: 257.16, 255.22
04/07/2021 20:14:19 PM: minime90/mrh/2015/20150603/Images\MRH_L_20150604_093054_020.img center: 257.16, 255.26
04/07/2021 20:14:19 PM: minime90/mrh/2015/20150603/Images\MRH_L_20150604_100313_021.img center: 257.17, 255.27
04/07/2021 20:14:19 PM: minime90/mrh/2015/20150603/Images\MRH_L_20150604_103531_022.img center: 257.26, 255.26
04/07/2021 20:14:19 PM: minime90/mrh/2015/20150603/Images\MRH_L_20150604_104241_211.img center: 257.14, 255.29
04/07/2021 20:14:22 PM: minime90/mrh/2015/20150603/Images\MRH_L_20150603_234819_002.img reduced chisqr: 5.6529
04/07/2021 20:14:25 PM: minime90/mrh/2015/20150603/Images\MRH_L_20150604_002049_003.img reduced chisqr: 5.6743
04/07/2021 20:14:28 PM: minime90/mrh/2015/20150603/Images\MRH_L_20150604_005318_004.img reduced chisqr: 6.7161
04/07/2021 20:14:31 PM: minime90/mrh/2015/20150603/Images\MRH_L_20150604_012545_005.img reduced chisqr: 4.9931
04/07/2021 20:14:34 PM: minime90/mrh/2015/20150603/Images\MRH_L_20150604_015820_006.img reduced chisqr: 5.1956
04/07/2021 20:14:37 PM: minime90/mrh/2015/20150603/Images\MRH_L_20150604_023046_007.img reduced chisqr: 5.8969
04/07/2021 20:14:40 PM: minime90/mrh/2015/20150603/Images\MRH_L_20150604_030304_008.img reduced chisqr: 6.0010
04/07/2021 20:14:43 PM: minime90/mrh/2015/20150603/Images\MRH_L_20150604_033523_009.img reduced chisqr: 5.6878
04/07/2021 20:14:46 PM: minime90/mrh/2015/20150603/Images\MRH_L_20150604_040742_010.img reduced chisqr: 5.0374
04/07/2021 20:14:49 PM: minime90/mrh/2015/20150603/Images\MRH_L_20150604_044001_011.img reduced chisqr: 4.6506
04/07/2021 20:14:53 PM: minime90/mrh/2015/20150603/Images\MRH_L_20150604_051220_012.img reduced chisqr: 4.6498
04/07/2021 20:14:56 PM: minime90/mrh/2015/20150603/Images\MRH_L_20150604_054440_013.img reduced chisqr: 4.7143
04/07/2021 20:14:59 PM: minime90/mrh/2015/20150603/Images\MRH_L_20150604_061659_014.img reduced chisqr: 4.7856
04/07/2021 20:15:02 PM: minime90/mrh/2015/20150603/Images\MRH_L_20150604_064919_015.img reduced chisqr: 4.2834
04/07/2021 20:15:05 PM: minime90/mrh/2015/20150603/Images\MRH_L_20150604_072138_016.img reduced chisqr: 4.5565
04/07/2021 20:15:08 PM: minime90/mrh/2015/20150603/Images\MRH_L_20150604_075357_017.img reduced chisqr: 5.1951
04/07/2021 20:15:11 PM: minime90/mrh/2015/20150603/Images\MRH_L_20150604_082617_018.img reduced chisqr: 5.4107
04/07/2021 20:15:15 PM: minime90/mrh/2015/20150603/Images\MRH_L_20150604_085836_019.img reduced chisqr: 5.0486
04/07/2021 20:15:17 PM: minime90/mrh/2015/20150603/Images\MRH_L_20150604_093054_020.img reduced chisqr: 4.6820
04/07/2021 20:15:20 PM: minime90/mrh/2015/20150603/Images\MRH_L_20150604_100313_021.img reduced chisqr: 6.0187
04/07/2021 20:15:23 PM: minime90/mrh/2015/20150603/Images\MRH_L_20150604_103531_022.img reduced chisqr: 6.4757
04/07/2021 20:15:26 PM: minime90/mrh/2015/20150603/Images\MRH_L_20150604_104241_211.img reduced chisqr: 4.4533
04/07/2021 20:15:26 PM: minime90/mrh/2015/20150603/Images\MRH_X_20150603_231939_001.img not bounded by laser images. Ignoring this image...
04/07/2021 20:15:26 PM: minime90/mrh/2015/20150603/Images\MRH_X_20150603_232250_002.img not bounded by laser images. Ignoring this image...
04/07/2021 20:15:26 PM: minime90/mrh/2015/20150603/Images\MRH_X_20150603_232601_003.img not bounded by laser images. Ignoring this image...
04/07/2021 20:15:26 PM: minime90/mrh/2015/20150603/Images\MRH_X_20150603_232913_004.img not bounded by laser images. Ignoring this image...
04/07/2021 20:15:26 PM: minime90/mrh/2015/20150603/Images\MRH_X_20150603_233223_005.img not bounded by laser images. Ignoring this image...
04/07/2021 20:15:26 PM: minime90/mrh/2015/20150603/Images\MRH_X_20150603_233535_006.img not bounded by laser images. Ignoring this image...
04/07/2021 20:15:26 PM: minime90/mrh/2015/20150603/Images\MRH_X_20150603_233845_007.img not bounded by laser images. Ignoring this image...
04/07/2021 20:15:26 PM: minime90/mrh/2015/20150603/Images\MRH_X_20150603_234155_008.img not bounded by laser images. Ignoring this image...
04/07/2021 20:15:26 PM: minime90/mrh/2015/20150603/Images\MRH_X_20150603_234503_009.img not bounded by laser images. Ignoring this image...
04/07/2021 20:15:26 PM: minime90/mrh/2015/20150603/Images\MRH_X_20150604_002755_022.img is looking too close to the moon (34.9 deg). Ignoring this image...
04/07/2021 20:15:26 PM: minime90/mrh/2015/20150603/Images\MRH_X_20150604_010022_032.img is looking too close to the moon (27.5 deg). Ignoring this image...
04/07/2021 20:15:26 PM: minime90/mrh/2015/20150603/Images\MRH_X_20150604_013252_042.img is looking too close to the moon (20.1 deg). Ignoring this image...
04/07/2021 20:15:26 PM: minime90/mrh/2015/20150603/Images\MRH_X_20150604_020527_052.img is looking too close to the moon (12.6 deg). Ignoring this image...
04/07/2021 20:15:26 PM: minime90/mrh/2015/20150603/Images\MRH_X_20150604_023438_061.img is looking too close to the moon (35.2 deg). Ignoring this image...
04/07/2021 20:15:26 PM: minime90/mrh/2015/20150603/Images\MRH_X_20150604_023747_062.img is looking too close to the moon (5.2 deg). Ignoring this image...
04/07/2021 20:15:26 PM: minime90/mrh/2015/20150603/Images\MRH_X_20150604_030657_071.img is looking too close to the moon (31.0 deg). Ignoring this image...
04/07/2021 20:15:26 PM: minime90/mrh/2015/20150603/Images\MRH_X_20150604_031006_072.img is looking too close to the moon (2.7 deg). Ignoring this image...
04/07/2021 20:15:26 PM: minime90/mrh/2015/20150603/Images\MRH_X_20150604_033915_081.img is looking too close to the moon (27.6 deg). Ignoring this image...
04/07/2021 20:15:26 PM: minime90/mrh/2015/20150603/Images\MRH_X_20150604_034225_082.img is looking too close to the moon (9.9 deg). Ignoring this image...
04/07/2021 20:15:26 PM: minime90/mrh/2015/20150603/Images\MRH_X_20150604_041134_091.img is looking too close to the moon (25.5 deg). Ignoring this image...
04/07/2021 20:15:26 PM: minime90/mrh/2015/20150603/Images\MRH_X_20150604_041444_092.img is looking too close to the moon (17.4 deg). Ignoring this image...
04/07/2021 20:15:26 PM: minime90/mrh/2015/20150603/Images\MRH_X_20150604_041753_093.img is looking too close to the moon (32.2 deg). Ignoring this image...
04/07/2021 20:15:26 PM: minime90/mrh/2015/20150603/Images\MRH_X_20150604_044354_101.img is looking too close to the moon (25.1 deg). Ignoring this image...
04/07/2021 20:15:26 PM: minime90/mrh/2015/20150603/Images\MRH_X_20150604_044703_102.img is looking too close to the moon (24.9 deg). Ignoring this image...
04/07/2021 20:15:26 PM: minime90/mrh/2015/20150603/Images\MRH_X_20150604_045012_103.img is looking too close to the moon (24.8 deg). Ignoring this image...
04/07/2021 20:15:26 PM: minime90/mrh/2015/20150603/Images\MRH_X_20150604_051613_111.img is looking too close to the moon (26.4 deg). Ignoring this image...
04/07/2021 20:15:26 PM: minime90/mrh/2015/20150603/Images\MRH_X_20150604_051922_112.img is looking too close to the moon (32.4 deg). Ignoring this image...
04/07/2021 20:15:26 PM: minime90/mrh/2015/20150603/Images\MRH_X_20150604_052231_113.img is looking too close to the moon (17.5 deg). Ignoring this image...
04/07/2021 20:15:26 PM: minime90/mrh/2015/20150603/Images\MRH_X_20150604_054832_121.img is looking too close to the moon (29.2 deg). Ignoring this image...
04/07/2021 20:15:26 PM: minime90/mrh/2015/20150603/Images\MRH_X_20150604_055451_123.img is looking too close to the moon (10.8 deg). Ignoring this image...
04/07/2021 20:15:26 PM: minime90/mrh/2015/20150603/Images\MRH_X_20150604_062052_131.img is looking too close to the moon (33.1 deg). Ignoring this image...
04/07/2021 20:15:26 PM: minime90/mrh/2015/20150603/Images\MRH_X_20150604_062710_133.img is looking too close to the moon (6.6 deg). Ignoring this image...
04/07/2021 20:15:26 PM: minime90/mrh/2015/20150603/Images\MRH_X_20150604_065930_143.img is looking too close to the moon (9.3 deg). Ignoring this image...
04/07/2021 20:15:26 PM: minime90/mrh/2015/20150603/Images\MRH_X_20150604_070240_144.img is looking too close to the moon (35.2 deg). Ignoring this image...
04/07/2021 20:15:26 PM: minime90/mrh/2015/20150603/Images\MRH_X_20150604_073149_153.img is looking too close to the moon (15.6 deg). Ignoring this image...
04/07/2021 20:15:26 PM: minime90/mrh/2015/20150603/Images\MRH_X_20150604_073459_154.img is looking too close to the moon (30.0 deg). Ignoring this image...
04/07/2021 20:15:26 PM: minime90/mrh/2015/20150603/Images\MRH_X_20150604_073808_155.img is looking too close to the moon (30.1 deg). Ignoring this image...
04/07/2021 20:15:26 PM: minime90/mrh/2015/20150603/Images\MRH_X_20150604_080409_163.img is looking too close to the moon (22.8 deg). Ignoring this image...
04/07/2021 20:15:26 PM: minime90/mrh/2015/20150603/Images\MRH_X_20150604_080719_164.img is looking too close to the moon (25.7 deg). Ignoring this image...
04/07/2021 20:15:26 PM: minime90/mrh/2015/20150603/Images\MRH_X_20150604_081028_165.img is looking too close to the moon (23.0 deg). Ignoring this image...
04/07/2021 20:15:26 PM: minime90/mrh/2015/20150603/Images\MRH_X_20150604_083628_173.img is looking too close to the moon (30.2 deg). Ignoring this image...
04/07/2021 20:15:26 PM: minime90/mrh/2015/20150603/Images\MRH_X_20150604_083938_174.img is looking too close to the moon (22.5 deg). Ignoring this image...
04/07/2021 20:15:26 PM: minime90/mrh/2015/20150603/Images\MRH_X_20150604_084247_175.img is looking too close to the moon (16.4 deg). Ignoring this image...
04/07/2021 20:15:26 PM: minime90/mrh/2015/20150603/Images\MRH_X_20150604_091156_184.img is looking too close to the moon (21.2 deg). Ignoring this image...
04/07/2021 20:15:26 PM: minime90/mrh/2015/20150603/Images\MRH_X_20150604_091506_185.img is looking too close to the moon (11.3 deg). Ignoring this image...
04/07/2021 20:15:26 PM: minime90/mrh/2015/20150603/Images\MRH_X_20150604_094415_194.img is looking too close to the moon (22.0 deg). Ignoring this image...
04/07/2021 20:15:26 PM: minime90/mrh/2015/20150603/Images\MRH_X_20150604_094724_195.img is looking too close to the moon (10.1 deg). Ignoring this image...
04/07/2021 20:15:26 PM: minime90/mrh/2015/20150603/Images\MRH_X_20150604_101633_204.img is looking too close to the moon (24.7 deg). Ignoring this image...
04/07/2021 20:15:26 PM: minime90/mrh/2015/20150603/Images\MRH_X_20150604_101942_205.img is looking too close to the moon (13.9 deg). Ignoring this image...
04/07/2021 20:15:33 PM: minime90/mrh/2015/20150603/Images\MRH_X_20150603_234901_010.img reduced chisqr: 2.0709.
			Message:"Tolerance seems to be too small."
04/07/2021 20:15:41 PM: minime90/mrh/2015/20150603/Images\MRH_X_20150603_235213_011.img reduced chisqr: 1.3511.
			Message:"Tolerance seems to be too small."
04/07/2021 20:15:48 PM: minime90/mrh/2015/20150603/Images\MRH_X_20150603_235523_012.img reduced chisqr: 1.5120.
			Message:"Tolerance seems to be too small."
04/07/2021 20:15:55 PM: minime90/mrh/2015/20150603/Images\MRH_X_20150603_235834_013.img reduced chisqr: 1.4055.
			Message:"Tolerance seems to be too small."
04/07/2021 20:16:02 PM: minime90/mrh/2015/20150603/Images\MRH_X_20150604_000145_014.img reduced chisqr: 1.5284.
			Message:"Tolerance seems to be too small."
04/07/2021 20:16:09 PM: minime90/mrh/2015/20150603/Images\MRH_X_20150604_000455_015.img reduced chisqr: 1.4255.
			Message:"Tolerance seems to be too small."
04/07/2021 20:16:16 PM: minime90/mrh/2015/20150603/Images\MRH_X_20150604_000805_016.img reduced chisqr: 1.2967.
			Message:"Tolerance seems to be too small."
04/07/2021 20:16:23 PM: minime90/mrh/2015/20150603/Images\MRH_X_20150604_001115_017.img reduced chisqr: 1.3548.
			Message:"Tolerance seems to be too small."
04/07/2021 20:16:30 PM: minime90/mrh/2015/20150603/Images\MRH_X_20150604_001424_018.img reduced chisqr: 1.1374.
			Message:"Tolerance seems to be too small."
04/07/2021 20:16:37 PM: minime90/mrh/2015/20150603/Images\MRH_X_20150604_001733_019.img reduced chisqr: 1.5029.
			Message:"Tolerance seems to be too small."
04/07/2021 20:16:44 PM: minime90/mrh/2015/20150603/Images\MRH_X_20150604_002131_020.img reduced chisqr: 2.0320.
			Message:"Tolerance seems to be too small."
04/07/2021 20:16:51 PM: minime90/mrh/2015/20150603/Images\MRH_X_20150604_002443_021.img reduced chisqr: 1.3999.
			Message:"Tolerance seems to be too small."
04/07/2021 20:16:58 PM: minime90/mrh/2015/20150603/Images\MRH_X_20150604_003104_023.img reduced chisqr: 1.3189.
			Message:"Tolerance seems to be too small."
04/07/2021 20:17:05 PM: minime90/mrh/2015/20150603/Images\MRH_X_20150604_003415_024.img reduced chisqr: 1.7526.
			Message:"Tolerance seems to be too small."
04/07/2021 20:17:11 PM: minime90/mrh/2015/20150603/Images\MRH_X_20150604_003725_025.img reduced chisqr: 1.5733.
			Message:"Tolerance seems to be too small."
04/07/2021 20:17:18 PM: minime90/mrh/2015/20150603/Images\MRH_X_20150604_004036_026.img reduced chisqr: 1.3828.
			Message:"Tolerance seems to be too small."
04/07/2021 20:17:25 PM: minime90/mrh/2015/20150603/Images\MRH_X_20150604_004345_027.img reduced chisqr: 1.4977.
			Message:"Tolerance seems to be too small."
04/07/2021 20:17:32 PM: minime90/mrh/2015/20150603/Images\MRH_X_20150604_004654_028.img reduced chisqr: 1.9484.
			Message:"Tolerance seems to be too small."
04/07/2021 20:17:38 PM: minime90/mrh/2015/20150603/Images\MRH_X_20150604_005002_029.img reduced chisqr: 2.5185.
			Message:"Tolerance seems to be too small."
04/07/2021 20:17:46 PM: minime90/mrh/2015/20150603/Images\MRH_X_20150604_005400_030.img reduced chisqr: 3.9681.
			Message:"Tolerance seems to be too small."
04/07/2021 20:17:53 PM: minime90/mrh/2015/20150603/Images\MRH_X_20150604_005711_031.img reduced chisqr: 3.2655.
			Message:"Tolerance seems to be too small."
04/07/2021 20:18:01 PM: minime90/mrh/2015/20150603/Images\MRH_X_20150604_010332_033.img reduced chisqr: 1.8146.
			Message:"Tolerance seems to be too small."
04/07/2021 20:18:08 PM: minime90/mrh/2015/20150603/Images\MRH_X_20150604_010644_034.img reduced chisqr: 2.9055.
			Message:"Tolerance seems to be too small."
04/07/2021 20:18:15 PM: minime90/mrh/2015/20150603/Images\MRH_X_20150604_010954_035.img reduced chisqr: 2.6668.
			Message:"Tolerance seems to be too small."
04/07/2021 20:18:23 PM: minime90/mrh/2015/20150603/Images\MRH_X_20150604_011304_036.img reduced chisqr: 2.0581.
			Message:"Tolerance seems to be too small."
04/07/2021 20:18:30 PM: minime90/mrh/2015/20150603/Images\MRH_X_20150604_011612_037.img reduced chisqr: 1.4601.
			Message:"Tolerance seems to be too small."
04/07/2021 20:18:37 PM: minime90/mrh/2015/20150603/Images\MRH_X_20150604_011922_038.img reduced chisqr: 1.6502.
			Message:"Tolerance seems to be too small."
04/07/2021 20:18:44 PM: minime90/mrh/2015/20150603/Images\MRH_X_20150604_012230_039.img reduced chisqr: 1.5093.
			Message:"Tolerance seems to be too small."
04/07/2021 20:18:51 PM: minime90/mrh/2015/20150603/Images\MRH_X_20150604_012629_040.img reduced chisqr: 1.9805.
			Message:"Tolerance seems to be too small."
04/07/2021 20:18:58 PM: minime90/mrh/2015/20150603/Images\MRH_X_20150604_012941_041.img reduced chisqr: 1.7102.
			Message:"Tolerance seems to be too small."
04/07/2021 20:19:05 PM: minime90/mrh/2015/20150603/Images\MRH_X_20150604_013602_043.img reduced chisqr: 1.5535.
			Message:"Tolerance seems to be too small."
04/07/2021 20:19:11 PM: minime90/mrh/2015/20150603/Images\MRH_X_20150604_013914_044.img reduced chisqr: 1.8787.
			Message:"Tolerance seems to be too small."
04/07/2021 20:19:18 PM: minime90/mrh/2015/20150603/Images\MRH_X_20150604_014223_045.img reduced chisqr: 1.6514.
			Message:"Tolerance seems to be too small."
04/07/2021 20:19:24 PM: minime90/mrh/2015/20150603/Images\MRH_X_20150604_014533_046.img reduced chisqr: 1.4077.
			Message:"Tolerance seems to be too small."
04/07/2021 20:19:31 PM: minime90/mrh/2015/20150603/Images\MRH_X_20150604_014841_047.img reduced chisqr: 1.2746.
			Message:"Tolerance seems to be too small."
04/07/2021 20:19:38 PM: minime90/mrh/2015/20150603/Images\MRH_X_20150604_015151_048.img reduced chisqr: 1.3258.
			Message:"Tolerance seems to be too small."
04/07/2021 20:19:46 PM: minime90/mrh/2015/20150603/Images\MRH_X_20150604_015502_049.img reduced chisqr: 1.3977.
			Message:"Tolerance seems to be too small."
04/07/2021 20:19:53 PM: minime90/mrh/2015/20150603/Images\MRH_X_20150604_015905_050.img reduced chisqr: 1.6292.
			Message:"Tolerance seems to be too small."
04/07/2021 20:20:01 PM: minime90/mrh/2015/20150603/Images\MRH_X_20150604_020218_051.img reduced chisqr: 1.5676.
			Message:"Tolerance seems to be too small."
04/07/2021 20:20:08 PM: minime90/mrh/2015/20150603/Images\MRH_X_20150604_020838_053.img reduced chisqr: 1.3570.
			Message:"Tolerance seems to be too small."
04/07/2021 20:20:14 PM: minime90/mrh/2015/20150603/Images\MRH_X_20150604_021148_054.img reduced chisqr: 1.7055.
			Message:"Tolerance seems to be too small."
04/07/2021 20:20:21 PM: minime90/mrh/2015/20150603/Images\MRH_X_20150604_021457_055.img reduced chisqr: 1.6204.
			Message:"Tolerance seems to be too small."
04/07/2021 20:20:28 PM: minime90/mrh/2015/20150603/Images\MRH_X_20150604_021806_056.img reduced chisqr: 1.8392.
			Message:"Tolerance seems to be too small."
04/07/2021 20:20:35 PM: minime90/mrh/2015/20150603/Images\MRH_X_20150604_022114_057.img reduced chisqr: 1.3319.
			Message:"Tolerance seems to be too small."
04/07/2021 20:20:42 PM: minime90/mrh/2015/20150603/Images\MRH_X_20150604_022422_058.img reduced chisqr: 1.5512.
			Message:"Tolerance seems to be too small."
04/07/2021 20:20:50 PM: minime90/mrh/2015/20150603/Images\MRH_X_20150604_022730_059.img reduced chisqr: 1.8111.
			Message:"Tolerance seems to be too small."
04/07/2021 20:20:56 PM: minime90/mrh/2015/20150603/Images\MRH_X_20150604_023126_060.img reduced chisqr: 1.8035.
			Message:"Tolerance seems to be too small."
04/07/2021 20:21:03 PM: minime90/mrh/2015/20150603/Images\MRH_X_20150604_024056_063.img reduced chisqr: 1.6986.
			Message:"Tolerance seems to be too small."
04/07/2021 20:21:11 PM: minime90/mrh/2015/20150603/Images\MRH_X_20150604_024406_064.img reduced chisqr: 1.9173.
			Message:"Tolerance seems to be too small."
04/07/2021 20:21:18 PM: minime90/mrh/2015/20150603/Images\MRH_X_20150604_024715_065.img reduced chisqr: 1.6826.
			Message:"Tolerance seems to be too small."
04/07/2021 20:21:25 PM: minime90/mrh/2015/20150603/Images\MRH_X_20150604_025024_066.img reduced chisqr: 1.6972.
			Message:"Tolerance seems to be too small."
04/07/2021 20:21:32 PM: minime90/mrh/2015/20150603/Images\MRH_X_20150604_025333_067.img reduced chisqr: 1.5521.
			Message:"Tolerance seems to be too small."
04/07/2021 20:21:39 PM: minime90/mrh/2015/20150603/Images\MRH_X_20150604_025641_068.img reduced chisqr: 1.5217.
			Message:"Tolerance seems to be too small."
04/07/2021 20:21:46 PM: minime90/mrh/2015/20150603/Images\MRH_X_20150604_025949_069.img reduced chisqr: 1.7107.
			Message:"Tolerance seems to be too small."
04/07/2021 20:21:53 PM: minime90/mrh/2015/20150603/Images\MRH_X_20150604_030345_070.img reduced chisqr: 1.5754.
			Message:"Tolerance seems to be too small."
04/07/2021 20:22:00 PM: minime90/mrh/2015/20150603/Images\MRH_X_20150604_031315_073.img reduced chisqr: 1.7206.
			Message:"Tolerance seems to be too small."
04/07/2021 20:22:07 PM: minime90/mrh/2015/20150603/Images\MRH_X_20150604_031625_074.img reduced chisqr: 1.7287.
			Message:"Tolerance seems to be too small."
04/07/2021 20:22:16 PM: minime90/mrh/2015/20150603/Images\MRH_X_20150604_031934_075.img reduced chisqr: 1.6136.
			Message:"Tolerance seems to be too small."
04/07/2021 20:22:23 PM: minime90/mrh/2015/20150603/Images\MRH_X_20150604_032244_076.img reduced chisqr: 1.8490.
			Message:"Tolerance seems to be too small."
04/07/2021 20:22:30 PM: minime90/mrh/2015/20150603/Images\MRH_X_20150604_032552_077.img reduced chisqr: 1.6816.
			Message:"Tolerance seems to be too small."
04/07/2021 20:22:37 PM: minime90/mrh/2015/20150603/Images\MRH_X_20150604_032900_078.img reduced chisqr: 1.7728.
			Message:"Tolerance seems to be too small."
04/07/2021 20:22:44 PM: minime90/mrh/2015/20150603/Images\MRH_X_20150604_033208_079.img reduced chisqr: 1.7937.
			Message:"Tolerance seems to be too small."
04/07/2021 20:22:51 PM: minime90/mrh/2015/20150603/Images\MRH_X_20150604_033604_080.img reduced chisqr: 2.0388.
			Message:"Tolerance seems to be too small."
04/07/2021 20:22:57 PM: minime90/mrh/2015/20150603/Images\MRH_X_20150604_034534_083.img reduced chisqr: 2.0051.
			Message:"Tolerance seems to be too small."
04/07/2021 20:23:04 PM: minime90/mrh/2015/20150603/Images\MRH_X_20150604_034844_084.img reduced chisqr: 1.9916.
			Message:"Tolerance seems to be too small."
04/07/2021 20:23:11 PM: minime90/mrh/2015/20150603/Images\MRH_X_20150604_035153_085.img reduced chisqr: 1.7998.
			Message:"Tolerance seems to be too small."
04/07/2021 20:23:18 PM: minime90/mrh/2015/20150603/Images\MRH_X_20150604_035502_086.img reduced chisqr: 1.9012.
			Message:"Tolerance seems to be too small."
04/07/2021 20:23:25 PM: minime90/mrh/2015/20150603/Images\MRH_X_20150604_035811_087.img reduced chisqr: 1.5556.
			Message:"Tolerance seems to be too small."
04/07/2021 20:23:32 PM: minime90/mrh/2015/20150603/Images\MRH_X_20150604_040119_088.img reduced chisqr: 1.9106.
			Message:"Tolerance seems to be too small."
04/07/2021 20:23:40 PM: minime90/mrh/2015/20150603/Images\MRH_X_20150604_040427_089.img reduced chisqr: 1.7156.
			Message:"Tolerance seems to be too small."
04/07/2021 20:23:47 PM: minime90/mrh/2015/20150603/Images\MRH_X_20150604_040823_090.img reduced chisqr: 1.9515.
			Message:"Tolerance seems to be too small."
04/07/2021 20:23:54 PM: minime90/mrh/2015/20150603/Images\MRH_X_20150604_042103_094.img reduced chisqr: 1.7740.
			Message:"Tolerance seems to be too small."
04/07/2021 20:24:00 PM: minime90/mrh/2015/20150603/Images\MRH_X_20150604_042412_095.img reduced chisqr: 1.6931.
			Message:"Tolerance seems to be too small."
04/07/2021 20:24:07 PM: minime90/mrh/2015/20150603/Images\MRH_X_20150604_042721_096.img reduced chisqr: 1.5967.
			Message:"Tolerance seems to be too small."
04/07/2021 20:24:14 PM: minime90/mrh/2015/20150603/Images\MRH_X_20150604_043029_097.img reduced chisqr: 1.5628.
			Message:"Tolerance seems to be too small."
04/07/2021 20:24:20 PM: minime90/mrh/2015/20150603/Images\MRH_X_20150604_043338_098.img reduced chisqr: 1.5832.
			Message:"Tolerance seems to be too small."
04/07/2021 20:24:27 PM: minime90/mrh/2015/20150603/Images\MRH_X_20150604_043646_099.img reduced chisqr: 1.6037.
			Message:"Tolerance seems to be too small."
04/07/2021 20:24:34 PM: minime90/mrh/2015/20150603/Images\MRH_X_20150604_044042_100.img reduced chisqr: 2.0501.
			Message:"Tolerance seems to be too small."
04/07/2021 20:24:41 PM: minime90/mrh/2015/20150603/Images\MRH_X_20150604_045322_104.img reduced chisqr: 1.6784.
			Message:"Tolerance seems to be too small."
04/07/2021 20:24:48 PM: minime90/mrh/2015/20150603/Images\MRH_X_20150604_045632_105.img reduced chisqr: 1.5280.
			Message:"Tolerance seems to be too small."
04/07/2021 20:24:56 PM: minime90/mrh/2015/20150603/Images\MRH_X_20150604_045941_106.img reduced chisqr: 1.6516.
			Message:"Tolerance seems to be too small."
04/07/2021 20:25:03 PM: minime90/mrh/2015/20150603/Images\MRH_X_20150604_050249_107.img reduced chisqr: 1.6948.
			Message:"Tolerance seems to be too small."
04/07/2021 20:25:10 PM: minime90/mrh/2015/20150603/Images\MRH_X_20150604_050557_108.img reduced chisqr: 1.5682.
			Message:"Tolerance seems to be too small."
04/07/2021 20:25:17 PM: minime90/mrh/2015/20150603/Images\MRH_X_20150604_050905_109.img reduced chisqr: 1.3922.
			Message:"Tolerance seems to be too small."
04/07/2021 20:25:24 PM: minime90/mrh/2015/20150603/Images\MRH_X_20150604_051301_110.img reduced chisqr: 1.7107.
			Message:"Tolerance seems to be too small."
04/07/2021 20:25:32 PM: minime90/mrh/2015/20150603/Images\MRH_X_20150604_052542_114.img reduced chisqr: 1.6722.
			Message:"Tolerance seems to be too small."
04/07/2021 20:25:39 PM: minime90/mrh/2015/20150603/Images\MRH_X_20150604_052851_115.img reduced chisqr: 1.5988.
			Message:"Tolerance seems to be too small."
04/07/2021 20:25:46 PM: minime90/mrh/2015/20150603/Images\MRH_X_20150604_053200_116.img reduced chisqr: 1.4789.
			Message:"Tolerance seems to be too small."
04/07/2021 20:25:53 PM: minime90/mrh/2015/20150603/Images\MRH_X_20150604_053508_117.img reduced chisqr: 1.5145.
			Message:"Tolerance seems to be too small."
04/07/2021 20:26:00 PM: minime90/mrh/2015/20150603/Images\MRH_X_20150604_053816_118.img reduced chisqr: 1.7032.
			Message:"Tolerance seems to be too small."
04/07/2021 20:26:06 PM: minime90/mrh/2015/20150603/Images\MRH_X_20150604_054124_119.img reduced chisqr: 1.7780.
			Message:"Tolerance seems to be too small."
04/07/2021 20:26:13 PM: minime90/mrh/2015/20150603/Images\MRH_X_20150604_054521_120.img reduced chisqr: 2.0263.
			Message:"Tolerance seems to be too small."
04/07/2021 20:26:20 PM: minime90/mrh/2015/20150603/Images\MRH_X_20150604_055142_122.img reduced chisqr: 2.0936.
			Message:"Tolerance seems to be too small."
04/07/2021 20:26:27 PM: minime90/mrh/2015/20150603/Images\MRH_X_20150604_055801_124.img reduced chisqr: 1.7610.
			Message:"Tolerance seems to be too small."
04/07/2021 20:26:34 PM: minime90/mrh/2015/20150603/Images\MRH_X_20150604_060110_125.img reduced chisqr: 1.6066.
			Message:"Tolerance seems to be too small."
04/07/2021 20:26:41 PM: minime90/mrh/2015/20150603/Images\MRH_X_20150604_060420_126.img reduced chisqr: 2.1358.
			Message:"Tolerance seems to be too small."
04/07/2021 20:26:48 PM: minime90/mrh/2015/20150603/Images\MRH_X_20150604_060728_127.img reduced chisqr: 1.7460.
			Message:"Tolerance seems to be too small."
04/07/2021 20:26:55 PM: minime90/mrh/2015/20150603/Images\MRH_X_20150604_061036_128.img reduced chisqr: 1.9576.
			Message:"Tolerance seems to be too small."
04/07/2021 20:27:02 PM: minime90/mrh/2015/20150603/Images\MRH_X_20150604_061344_129.img reduced chisqr: 2.0096.
			Message:"Tolerance seems to be too small."
04/07/2021 20:27:09 PM: minime90/mrh/2015/20150603/Images\MRH_X_20150604_061740_130.img reduced chisqr: 1.9141.
			Message:"Tolerance seems to be too small."
04/07/2021 20:27:15 PM: minime90/mrh/2015/20150603/Images\MRH_X_20150604_062401_132.img reduced chisqr: 2.0278.
			Message:"Tolerance seems to be too small."
04/07/2021 20:27:22 PM: minime90/mrh/2015/20150603/Images\MRH_X_20150604_063020_134.img reduced chisqr: 1.8922.
			Message:"Tolerance seems to be too small."
04/07/2021 20:27:29 PM: minime90/mrh/2015/20150603/Images\MRH_X_20150604_063330_135.img reduced chisqr: 1.8655.
			Message:"Tolerance seems to be too small."
04/07/2021 20:27:36 PM: minime90/mrh/2015/20150603/Images\MRH_X_20150604_063639_136.img reduced chisqr: 2.1291.
			Message:"Tolerance seems to be too small."
04/07/2021 20:27:42 PM: minime90/mrh/2015/20150603/Images\MRH_X_20150604_063947_137.img reduced chisqr: 2.0241.
			Message:"Tolerance seems to be too small."
04/07/2021 20:27:49 PM: minime90/mrh/2015/20150603/Images\MRH_X_20150604_064255_138.img reduced chisqr: 2.0172.
			Message:"Tolerance seems to be too small."
04/07/2021 20:27:56 PM: minime90/mrh/2015/20150603/Images\MRH_X_20150604_064604_139.img reduced chisqr: 2.0539.
			Message:"Tolerance seems to be too small."
04/07/2021 20:28:03 PM: minime90/mrh/2015/20150603/Images\MRH_X_20150604_065000_140.img reduced chisqr: 1.8341.
			Message:"Tolerance seems to be too small."
04/07/2021 20:28:10 PM: minime90/mrh/2015/20150603/Images\MRH_X_20150604_065312_141.img reduced chisqr: 1.8018.
			Message:"Tolerance seems to be too small."
04/07/2021 20:28:17 PM: minime90/mrh/2015/20150603/Images\MRH_X_20150604_065621_142.img reduced chisqr: 1.6304.
			Message:"Tolerance seems to be too small."
04/07/2021 20:28:24 PM: minime90/mrh/2015/20150603/Images\MRH_X_20150604_070549_145.img reduced chisqr: 1.7851.
			Message:"Tolerance seems to be too small."
04/07/2021 20:28:30 PM: minime90/mrh/2015/20150603/Images\MRH_X_20150604_070858_146.img reduced chisqr: 1.7355.
			Message:"Tolerance seems to be too small."
04/07/2021 20:28:37 PM: minime90/mrh/2015/20150603/Images\MRH_X_20150604_071206_147.img reduced chisqr: 1.6231.
			Message:"Tolerance seems to be too small."
04/07/2021 20:28:45 PM: minime90/mrh/2015/20150603/Images\MRH_X_20150604_071515_148.img reduced chisqr: 1.6398.
			Message:"Tolerance seems to be too small."
04/07/2021 20:28:52 PM: minime90/mrh/2015/20150603/Images\MRH_X_20150604_071823_149.img reduced chisqr: 1.6794.
			Message:"Tolerance seems to be too small."
04/07/2021 20:28:59 PM: minime90/mrh/2015/20150603/Images\MRH_X_20150604_072219_150.img reduced chisqr: 1.5008.
			Message:"Tolerance seems to be too small."
04/07/2021 20:29:06 PM: minime90/mrh/2015/20150603/Images\MRH_X_20150604_072530_151.img reduced chisqr: 1.5834.
			Message:"Tolerance seems to be too small."
04/07/2021 20:29:13 PM: minime90/mrh/2015/20150603/Images\MRH_X_20150604_072840_152.img reduced chisqr: 1.4206.
			Message:"Tolerance seems to be too small."
04/07/2021 20:29:20 PM: minime90/mrh/2015/20150603/Images\MRH_X_20150604_074117_156.img reduced chisqr: 1.6080.
			Message:"Tolerance seems to be too small."
04/07/2021 20:29:27 PM: minime90/mrh/2015/20150603/Images\MRH_X_20150604_074426_157.img reduced chisqr: 1.7623.
			Message:"Tolerance seems to be too small."
04/07/2021 20:29:34 PM: minime90/mrh/2015/20150603/Images\MRH_X_20150604_074734_158.img reduced chisqr: 1.7520.
			Message:"Tolerance seems to be too small."
04/07/2021 20:29:41 PM: minime90/mrh/2015/20150603/Images\MRH_X_20150604_075042_159.img reduced chisqr: 1.6546.
			Message:"Tolerance seems to be too small."
04/07/2021 20:29:48 PM: minime90/mrh/2015/20150603/Images\MRH_X_20150604_075438_160.img reduced chisqr: 1.6063.
			Message:"Tolerance seems to be too small."
04/07/2021 20:29:55 PM: minime90/mrh/2015/20150603/Images\MRH_X_20150604_075750_161.img reduced chisqr: 1.7304.
			Message:"Tolerance seems to be too small."
04/07/2021 20:30:01 PM: minime90/mrh/2015/20150603/Images\MRH_X_20150604_080059_162.img reduced chisqr: 1.7678.
			Message:"Tolerance seems to be too small."
04/07/2021 20:30:08 PM: minime90/mrh/2015/20150603/Images\MRH_X_20150604_081337_166.img reduced chisqr: 1.6703.
			Message:"Tolerance seems to be too small."
04/07/2021 20:30:15 PM: minime90/mrh/2015/20150603/Images\MRH_X_20150604_081646_167.img reduced chisqr: 1.8931.
			Message:"Tolerance seems to be too small."
04/07/2021 20:30:21 PM: minime90/mrh/2015/20150603/Images\MRH_X_20150604_081954_168.img reduced chisqr: 1.6235.
			Message:"Tolerance seems to be too small."
04/07/2021 20:30:28 PM: minime90/mrh/2015/20150603/Images\MRH_X_20150604_082302_169.img reduced chisqr: 1.7223.
			Message:"Tolerance seems to be too small."
04/07/2021 20:30:35 PM: minime90/mrh/2015/20150603/Images\MRH_X_20150604_082658_170.img reduced chisqr: 1.5764.
			Message:"Tolerance seems to be too small."
04/07/2021 20:30:41 PM: minime90/mrh/2015/20150603/Images\MRH_X_20150604_083010_171.img reduced chisqr: 1.7337.
			Message:"Tolerance seems to be too small."
04/07/2021 20:30:48 PM: minime90/mrh/2015/20150603/Images\MRH_X_20150604_083319_172.img reduced chisqr: 1.5842.
			Message:"Tolerance seems to be too small."
04/07/2021 20:30:55 PM: minime90/mrh/2015/20150603/Images\MRH_X_20150604_084556_176.img reduced chisqr: 1.4157.
			Message:"Tolerance seems to be too small."
04/07/2021 20:31:01 PM: minime90/mrh/2015/20150603/Images\MRH_X_20150604_084904_177.img reduced chisqr: 1.4523.
			Message:"Tolerance seems to be too small."
04/07/2021 20:31:08 PM: minime90/mrh/2015/20150603/Images\MRH_X_20150604_085213_178.img reduced chisqr: 1.6089.
			Message:"Tolerance seems to be too small."
04/07/2021 20:31:15 PM: minime90/mrh/2015/20150603/Images\MRH_X_20150604_085521_179.img reduced chisqr: 1.6076.
			Message:"Tolerance seems to be too small."
04/07/2021 20:31:23 PM: minime90/mrh/2015/20150603/Images\MRH_X_20150604_085916_180.img reduced chisqr: 1.4930.
			Message:"Tolerance seems to be too small."
04/07/2021 20:31:30 PM: minime90/mrh/2015/20150603/Images\MRH_X_20150604_090228_181.img reduced chisqr: 1.2648.
			Message:"Tolerance seems to be too small."
04/07/2021 20:31:36 PM: minime90/mrh/2015/20150603/Images\MRH_X_20150604_090537_182.img reduced chisqr: 1.3099.
			Message:"Tolerance seems to be too small."
04/07/2021 20:31:44 PM: minime90/mrh/2015/20150603/Images\MRH_X_20150604_090846_183.img reduced chisqr: 1.5585.
			Message:"Tolerance seems to be too small."
04/07/2021 20:31:51 PM: minime90/mrh/2015/20150603/Images\MRH_X_20150604_091815_186.img reduced chisqr: 1.5284.
			Message:"Tolerance seems to be too small."
04/07/2021 20:31:58 PM: minime90/mrh/2015/20150603/Images\MRH_X_20150604_092123_187.img reduced chisqr: 1.7731.
			Message:"Tolerance seems to be too small."
04/07/2021 20:32:07 PM: minime90/mrh/2015/20150603/Images\MRH_X_20150604_092431_188.img reduced chisqr: 1.7028.
			Message:"Tolerance seems to be too small."
04/07/2021 20:32:14 PM: minime90/mrh/2015/20150603/Images\MRH_X_20150604_092739_189.img reduced chisqr: 1.2875.
			Message:"Tolerance seems to be too small."
04/07/2021 20:32:22 PM: minime90/mrh/2015/20150603/Images\MRH_X_20150604_093135_190.img reduced chisqr: 1.4285.
			Message:"Tolerance seems to be too small."
04/07/2021 20:32:30 PM: minime90/mrh/2015/20150603/Images\MRH_X_20150604_093447_191.img reduced chisqr: 1.4035.
			Message:"Tolerance seems to be too small."
04/07/2021 20:32:38 PM: minime90/mrh/2015/20150603/Images\MRH_X_20150604_093756_192.img reduced chisqr: 1.3751.
			Message:"Tolerance seems to be too small."
04/07/2021 20:32:45 PM: minime90/mrh/2015/20150603/Images\MRH_X_20150604_094105_193.img reduced chisqr: 1.4789.
			Message:"Tolerance seems to be too small."
04/07/2021 20:32:52 PM: minime90/mrh/2015/20150603/Images\MRH_X_20150604_095034_196.img reduced chisqr: 1.5298.
			Message:"Tolerance seems to be too small."
04/07/2021 20:32:59 PM: minime90/mrh/2015/20150603/Images\MRH_X_20150604_095342_197.img reduced chisqr: 1.4789.
			Message:"Tolerance seems to be too small."
04/07/2021 20:33:06 PM: minime90/mrh/2015/20150603/Images\MRH_X_20150604_095650_198.img reduced chisqr: 1.2611.
			Message:"Tolerance seems to be too small."
04/07/2021 20:33:13 PM: minime90/mrh/2015/20150603/Images\MRH_X_20150604_095958_199.img reduced chisqr: 1.9425.
			Message:"Tolerance seems to be too small."
04/07/2021 20:33:19 PM: minime90/mrh/2015/20150603/Images\MRH_X_20150604_100354_200.img reduced chisqr: 1.7210.
			Message:"Tolerance seems to be too small."
04/07/2021 20:33:26 PM: minime90/mrh/2015/20150603/Images\MRH_X_20150604_100705_201.img reduced chisqr: 1.4690.
			Message:"Tolerance seems to be too small."
04/07/2021 20:33:33 PM: minime90/mrh/2015/20150603/Images\MRH_X_20150604_101014_202.img reduced chisqr: 1.6619.
			Message:"Tolerance seems to be too small."
04/07/2021 20:33:40 PM: minime90/mrh/2015/20150603/Images\MRH_X_20150604_101324_203.img reduced chisqr: 1.6039.
			Message:"Tolerance seems to be too small."
04/07/2021 20:33:47 PM: minime90/mrh/2015/20150603/Images\MRH_X_20150604_102252_206.img reduced chisqr: 1.3170.
			Message:"Tolerance seems to be too small."
04/07/2021 20:33:54 PM: minime90/mrh/2015/20150603/Images\MRH_X_20150604_102600_207.img reduced chisqr: 1.6825.
			Message:"Tolerance seems to be too small."
04/07/2021 20:34:01 PM: minime90/mrh/2015/20150603/Images\MRH_X_20150604_102908_208.img reduced chisqr: 1.9801.
			Message:"Tolerance seems to be too small."
04/07/2021 20:34:07 PM: minime90/mrh/2015/20150603/Images\MRH_X_20150604_103216_209.img reduced chisqr: 1.4738.
			Message:"Tolerance seems to be too small."
04/07/2021 20:34:13 PM: minime90/mrh/2015/20150603/Images\MRH_X_20150604_103612_210.img reduced chisqr: 1.6489.
			Message:"Tolerance seems to be too small."
04/07/2021 20:34:20 PM: minime90/mrh/2015/20150603/Images\MRH_X_20150604_103924_211.img reduced chisqr: 1.8326.
			Message:"Tolerance seems to be too small."
04/07/2021 20:34:20 PM: WARNING: Exposure time is not changing.
04/07/2021 20:34:20 PM: Created diagnostic plots.
04/07/2021 20:34:20 PM: Laser and sky image analysis complete.
04/07/2021 20:34:20 PM: No Boltwood cloud sensor data found.
04/07/2021 20:34:20 PM: No X300 temperature sensor data found.
04/07/2021 20:34:20 PM:  Quality Flag Calculation:
		Manual Wind Flag: 0
		Manual Temperature Flag: 0
		Laser Drift: False
		Sample-specific flags:
		Images\MRH_X_20150603_234901_010.img [no cloud data W1T1] [FINAL: W1T1]
		Images\MRH_X_20150603_235213_011.img [no cloud data W1T1] [FINAL: W1T1]
		Images\MRH_X_20150603_235523_012.img [no cloud data W1T1] [FINAL: W1T1]
		Images\MRH_X_20150603_235834_013.img [no cloud data W1T1] [FINAL: W1T1]
		Images\MRH_X_20150604_000145_014.img [no cloud data W1T1] [FINAL: W1T1]
		Images\MRH_X_20150604_000455_015.img [no cloud data W1T1] [FINAL: W1T1]
		Images\MRH_X_20150604_000805_016.img [no cloud data W1T1] [FINAL: W1T1]
		Images\MRH_X_20150604_001115_017.img [no cloud data W1T1] [FINAL: W1T1]
		Images\MRH_X_20150604_001424_018.img [no cloud data W1T1] [FINAL: W1T1]
		Images\MRH_X_20150604_001733_019.img [no cloud data W1T1] [FINAL: W1T1]
		Images\MRH_X_20150604_002131_020.img [no cloud data W1T1] [FINAL: W1T1]
		Images\MRH_X_20150604_002443_021.img [no cloud data W1T1] [FINAL: W1T1]
		Images\MRH_X_20150604_003104_023.img [no cloud data W1T1] [FINAL: W1T1]
		Images\MRH_X_20150604_003415_024.img [no cloud data W1T1] [FINAL: W1T1]
		Images\MRH_X_20150604_003725_025.img [no cloud data W1T1] [FINAL: W1T1]
		Images\MRH_X_20150604_004036_026.img [no cloud data W1T1] [FINAL: W1T1]
		Images\MRH_X_20150604_004345_027.img [no cloud data W1T1] [FINAL: W1T1]
		Images\MRH_X_20150604_004654_028.img [no cloud data W1T1] [FINAL: W1T1]
		Images\MRH_X_20150604_005002_029.img [no cloud data W1T1] [FINAL: W1T1]
		Images\MRH_X_20150604_005400_030.img [no cloud data W1T1] [FINAL: W1T1]
		Images\MRH_X_20150604_005711_031.img [no cloud data W1T1] [FINAL: W1T1]
		Images\MRH_X_20150604_010332_033.img [no cloud data W1T1] [FINAL: W1T1]
		Images\MRH_X_20150604_010644_034.img [no cloud data W1T1] [FINAL: W1T1]
		Images\MRH_X_20150604_010954_035.img [no cloud data W1T1] [FINAL: W1T1]
		Images\MRH_X_20150604_011304_036.img [no cloud data W1T1] [FINAL: W1T1]
		Images\MRH_X_20150604_011612_037.img [no cloud data W1T1] [FINAL: W1T1]
		Images\MRH_X_20150604_011922_038.img [no cloud data W1T1] [FINAL: W1T1]
		Images\MRH_X_20150604_012230_039.img [no cloud data W1T1] [FINAL: W1T1]
		Images\MRH_X_20150604_012629_040.img [no cloud data W1T1] [FINAL: W1T1]
		Images\MRH_X_20150604_012941_041.img [no cloud data W1T1] [FINAL: W1T1]
		Images\MRH_X_20150604_013602_043.img [no cloud data W1T1] [FINAL: W1T1]
		Images\MRH_X_20150604_013914_044.img [no cloud data W1T1] [FINAL: W1T1]
		Images\MRH_X_20150604_014223_045.img [no cloud data W1T1] [FINAL: W1T1]
		Images\MRH_X_20150604_014533_046.img [no cloud data W1T1] [FINAL: W1T1]
		Images\MRH_X_20150604_014841_047.img [no cloud data W1T1] [FINAL: W1T1]
		Images\MRH_X_20150604_015151_048.img [no cloud data W1T1] [FINAL: W1T1]
		Images\MRH_X_20150604_015502_049.img [no cloud data W1T1] [FINAL: W1T1]
		Images\MRH_X_20150604_015905_050.img [no cloud data W1T1] [FINAL: W1T1]
		Images\MRH_X_20150604_020218_051.img [no cloud data W1T1] [FINAL: W1T1]
		Images\MRH_X_20150604_020838_053.img [no cloud data W1T1] [FINAL: W1T1]
		Images\MRH_X_20150604_021148_054.img [no cloud data W1T1] [FINAL: W1T1]
		Images\MRH_X_20150604_021457_055.img [no cloud data W1T1] [FINAL: W1T1]
		Images\MRH_X_20150604_021806_056.img [no cloud data W1T1] [FINAL: W1T1]
		Images\MRH_X_20150604_022114_057.img [no cloud data W1T1] [FINAL: W1T1]
		Images\MRH_X_20150604_022422_058.img [no cloud data W1T1] [FINAL: W1T1]
		Images\MRH_X_20150604_022730_059.img [no cloud data W1T1] [FINAL: W1T1]
		Images\MRH_X_20150604_023126_060.img [no cloud data W1T1] [FINAL: W1T1]
		Images\MRH_X_20150604_024056_063.img [no cloud data W1T1] [FINAL: W1T1]
		Images\MRH_X_20150604_024406_064.img [no cloud data W1T1] [FINAL: W1T1]
		Images\MRH_X_20150604_024715_065.img [no cloud data W1T1] [FINAL: W1T1]
		Images\MRH_X_20150604_025024_066.img [no cloud data W1T1] [FINAL: W1T1]
		Images\MRH_X_20150604_025333_067.img [no cloud data W1T1] [FINAL: W1T1]
		Images\MRH_X_20150604_025641_068.img [no cloud data W1T1] [FINAL: W1T1]
		Images\MRH_X_20150604_025949_069.img [no cloud data W1T1] [FINAL: W1T1]
		Images\MRH_X_20150604_030345_070.img [no cloud data W1T1] [FINAL: W1T1]
		Images\MRH_X_20150604_031315_073.img [no cloud data W1T1] [FINAL: W1T1]
		Images\MRH_X_20150604_031625_074.img [no cloud data W1T1] [FINAL: W1T1]
		Images\MRH_X_20150604_031934_075.img [no cloud data W1T1] [FINAL: W1T1]
		Images\MRH_X_20150604_032244_076.img [no cloud data W1T1] [FINAL: W1T1]
		Images\MRH_X_20150604_032552_077.img [no cloud data W1T1] [FINAL: W1T1]
		Images\MRH_X_20150604_032900_078.img [no cloud data W1T1] [FINAL: W1T1]
		Images\MRH_X_20150604_033208_079.img [no cloud data W1T1] [FINAL: W1T1]
		Images\MRH_X_20150604_033604_080.img [no cloud data W1T1] [FINAL: W1T1]
		Images\MRH_X_20150604_034534_083.img [no cloud data W1T1] [FINAL: W1T1]
		Images\MRH_X_20150604_034844_084.img [no cloud data W1T1] [FINAL: W1T1]
		Images\MRH_X_20150604_035153_085.img [no cloud data W1T1] [FINAL: W1T1]
		Images\MRH_X_20150604_035502_086.img [no cloud data W1T1] [FINAL: W1T1]
		Images\MRH_X_20150604_035811_087.img [no cloud data W1T1] [FINAL: W1T1]
		Images\MRH_X_20150604_040119_088.img [no cloud data W1T1] [FINAL: W1T1]
		Images\MRH_X_20150604_040427_089.img [no cloud data W1T1] [FINAL: W1T1]
		Images\MRH_X_20150604_040823_090.img [no cloud data W1T1] [FINAL: W1T1]
		Images\MRH_X_20150604_042103_094.img [no cloud data W1T1] [FINAL: W1T1]
		Images\MRH_X_20150604_042412_095.img [no cloud data W1T1] [FINAL: W1T1]
		Images\MRH_X_20150604_042721_096.img [no cloud data W1T1] [FINAL: W1T1]
		Images\MRH_X_20150604_043029_097.img [no cloud data W1T1] [FINAL: W1T1]
		Images\MRH_X_20150604_043338_098.img [no cloud data W1T1] [FINAL: W1T1]
		Images\MRH_X_20150604_043646_099.img [no cloud data W1T1] [FINAL: W1T1]
		Images\MRH_X_20150604_044042_100.img [no cloud data W1T1] [FINAL: W1T1]
		Images\MRH_X_20150604_045322_104.img [no cloud data W1T1] [FINAL: W1T1]
		Images\MRH_X_20150604_045632_105.img [no cloud data W1T1] [FINAL: W1T1]
		Images\MRH_X_20150604_045941_106.img [no cloud data W1T1] [FINAL: W1T1]
		Images\MRH_X_20150604_050249_107.img [no cloud data W1T1] [FINAL: W1T1]
		Images\MRH_X_20150604_050557_108.img [no cloud data W1T1] [FINAL: W1T1]
		Images\MRH_X_20150604_050905_109.img [no cloud data W1T1] [FINAL: W1T1]
		Images\MRH_X_20150604_051301_110.img [no cloud data W1T1] [FINAL: W1T1]
		Images\MRH_X_20150604_052542_114.img [no cloud data W1T1] [FINAL: W1T1]
		Images\MRH_X_20150604_052851_115.img [no cloud data W1T1] [FINAL: W1T1]
		Images\MRH_X_20150604_053200_116.img [no cloud data W1T1] [FINAL: W1T1]
		Images\MRH_X_20150604_053508_117.img [no cloud data W1T1] [FINAL: W1T1]
		Images\MRH_X_20150604_053816_118.img [no cloud data W1T1] [FINAL: W1T1]
		Images\MRH_X_20150604_054124_119.img [no cloud data W1T1] [FINAL: W1T1]
		Images\MRH_X_20150604_054521_120.img [no cloud data W1T1] [FINAL: W1T1]
		Images\MRH_X_20150604_055142_122.img [no cloud data W1T1] [FINAL: W1T1]
		Images\MRH_X_20150604_055801_124.img [no cloud data W1T1] [FINAL: W1T1]
		Images\MRH_X_20150604_060110_125.img [no cloud data W1T1] [FINAL: W1T1]
		Images\MRH_X_20150604_060420_126.img [no cloud data W1T1] [FINAL: W1T1]
		Images\MRH_X_20150604_060728_127.img [no cloud data W1T1] [FINAL: W1T1]
		Images\MRH_X_20150604_061036_128.img [no cloud data W1T1] [FINAL: W1T1]
		Images\MRH_X_20150604_061344_129.img [no cloud data W1T1] [FINAL: W1T1]
		Images\MRH_X_20150604_061740_130.img [no cloud data W1T1] [sigma_T large: W2T2] [FINAL: W2T2]
		Images\MRH_X_20150604_062401_132.img [no cloud data W1T1] [sigma_T large: W2T2] [FINAL: W2T2]
		Images\MRH_X_20150604_063020_134.img [no cloud data W1T1] [sigma_T large: W2T2] [FINAL: W2T2]
		Images\MRH_X_20150604_063330_135.img [no cloud data W1T1] [sigma_T large: W2T2] [FINAL: W2T2]
		Images\MRH_X_20150604_063639_136.img [no cloud data W1T1] [sigma_T large: W2T2] [FINAL: W2T2]
		Images\MRH_X_20150604_063947_137.img [no cloud data W1T1] [sigma_T large: W2T2] [FINAL: W2T2]
		Images\MRH_X_20150604_064255_138.img [no cloud data W1T1] [sigma_T large: W2T2] [FINAL: W2T2]
		Images\MRH_X_20150604_064604_139.img [no cloud data W1T1] [sigma_T large: W2T2] [FINAL: W2T2]
		Images\MRH_X_20150604_065000_140.img [no cloud data W1T1] [sigma_T large: W2T2] [FINAL: W2T2]
		Images\MRH_X_20150604_065312_141.img [no cloud data W1T1] [sigma_T large: W2T2] [FINAL: W2T2]
		Images\MRH_X_20150604_065621_142.img [no cloud data W1T1] [sigma_T large: W2T2] [FINAL: W2T2]
		Images\MRH_X_20150604_070549_145.img [no cloud data W1T1] [sigma_T large: W2T2] [FINAL: W2T2]
		Images\MRH_X_20150604_070858_146.img [no cloud data W1T1] [sigma_T large: W2T2] [FINAL: W2T2]
		Images\MRH_X_20150604_071206_147.img [no cloud data W1T1] [sigma_T large: W2T2] [FINAL: W2T2]
		Images\MRH_X_20150604_071515_148.img [no cloud data W1T1] [sigma_T large: W2T2] [FINAL: W2T2]
		Images\MRH_X_20150604_071823_149.img [no cloud data W1T1] [sigma_T large: W2T2] [FINAL: W2T2]
		Images\MRH_X_20150604_072219_150.img [no cloud data W1T1] [sigma_T large: W2T2] [FINAL: W2T2]
		Images\MRH_X_20150604_072530_151.img [no cloud data W1T1] [sigma_T large: W2T2] [FINAL: W2T2]
		Images\MRH_X_20150604_072840_152.img [no cloud data W1T1] [sigma_T large: W2T2] [FINAL: W2T2]
		Images\MRH_X_20150604_074117_156.img [no cloud data W1T1] [sigma_T large: W2T2] [FINAL: W2T2]
		Images\MRH_X_20150604_074426_157.img [no cloud data W1T1] [sigma_T large: W2T2] [FINAL: W2T2]
		Images\MRH_X_20150604_074734_158.img [no cloud data W1T1] [sigma_T large: W2T2] [FINAL: W2T2]
		Images\MRH_X_20150604_075042_159.img [no cloud data W1T1] [sigma_T large: W2T2] [FINAL: W2T2]
		Images\MRH_X_20150604_075438_160.img [no cloud data W1T1] [sigma_T large: W2T2] [FINAL: W2T2]
		Images\MRH_X_20150604_075750_161.img [no cloud data W1T1] [sigma_T large: W2T2] [FINAL: W2T2]
		Images\MRH_X_20150604_080059_162.img [no cloud data W1T1] [sigma_T large: W2T2] [FINAL: W2T2]
		Images\MRH_X_20150604_081337_166.img [no cloud data W1T1] [sigma_T large: W2T2] [FINAL: W2T2]
		Images\MRH_X_20150604_081646_167.img [no cloud data W1T1] [sigma_T large: W2T2] [FINAL: W2T2]
		Images\MRH_X_20150604_081954_168.img [no cloud data W1T1] [sigma_T large: W2T2] [FINAL: W2T2]
		Images\MRH_X_20150604_082302_169.img [no cloud data W1T1] [sigma_T large: W2T2] [FINAL: W2T2]
		Images\MRH_X_20150604_082658_170.img [no cloud data W1T1] [sigma_T large: W2T2] [FINAL: W2T2]
		Images\MRH_X_20150604_083010_171.img [no cloud data W1T1] [sigma_T large: W2T2] [FINAL: W2T2]
		Images\MRH_X_20150604_083319_172.img [no cloud data W1T1] [sigma_T large: W2T2] [FINAL: W2T2]
		Images\MRH_X_20150604_084556_176.img [no cloud data W1T1] [sigma_T large: W2T2] [FINAL: W2T2]
		Images\MRH_X_20150604_084904_177.img [no cloud data W1T1] [sigma_T large: W2T2] [FINAL: W2T2]
		Images\MRH_X_20150604_085213_178.img [no cloud data W1T1] [sigma_T large: W2T2] [FINAL: W2T2]
		Images\MRH_X_20150604_085521_179.img [no cloud data W1T1] [sigma_T large: W2T2] [FINAL: W2T2]
		Images\MRH_X_20150604_085916_180.img [no cloud data W1T1] [sigma_T large: W2T2] [FINAL: W2T2]
		Images\MRH_X_20150604_090228_181.img [no cloud data W1T1] [sigma_T large: W2T2] [FINAL: W2T2]
		Images\MRH_X_20150604_090537_182.img [no cloud data W1T1] [sigma_T large: W2T2] [FINAL: W2T2]
		Images\MRH_X_20150604_090846_183.img [no cloud data W1T1] [sigma_T large: W2T2] [FINAL: W2T2]
		Images\MRH_X_20150604_091815_186.img [no cloud data W1T1] [sigma_T large: W2T2] [FINAL: W2T2]
		Images\MRH_X_20150604_092123_187.img [no cloud data W1T1] [sigma_T large: W2T2] [FINAL: W2T2]
		Images\MRH_X_20150604_092431_188.img [no cloud data W1T1] [sigma_T large: W2T2] [FINAL: W2T2]
		Images\MRH_X_20150604_092739_189.img [no cloud data W1T1] [sigma_T large: W2T2] [FINAL: W2T2]
		Images\MRH_X_20150604_093135_190.img [no cloud data W1T1] [sigma_T large: W2T2] [FINAL: W2T2]
		Images\MRH_X_20150604_093447_191.img [no cloud data W1T1] [sigma_T large: W2T2] [FINAL: W2T2]
		Images\MRH_X_20150604_093756_192.img [no cloud data W1T1] [sigma_T large: W2T2] [FINAL: W2T2]
		Images\MRH_X_20150604_094105_193.img [no cloud data W1T1] [sigma_T large: W2T2] [FINAL: W2T2]
		Images\MRH_X_20150604_095034_196.img [no cloud data W1T1] [sigma_T large: W2T2] [FINAL: W2T2]
		Images\MRH_X_20150604_095342_197.img [no cloud data W1T1] [sigma_T large: W2T2] [FINAL: W2T2]
		Images\MRH_X_20150604_095650_198.img [no cloud data W1T1] [sigma_T large: W2T2] [FINAL: W2T2]
		Images\MRH_X_20150604_095958_199.img [no cloud data W1T1] [sigma_T large: W2T2] [FINAL: W2T2]
		Images\MRH_X_20150604_100354_200.img [no cloud data W1T1] [sigma_T large: W2T2] [FINAL: W2T2]
		Images\MRH_X_20150604_100705_201.img [no cloud data W1T1] [sigma_T large: W2T2] [FINAL: W2T2]
		Images\MRH_X_20150604_101014_202.img [no cloud data W1T1] [sigma_T large: W2T2] [FINAL: W2T2]
		Images\MRH_X_20150604_101324_203.img [no cloud data W1T1] [sigma_T large: W2T2] [FINAL: W2T2]
		Images\MRH_X_20150604_102252_206.img [no cloud data W1T1] [FINAL: W1T1]
		Images\MRH_X_20150604_102600_207.img [no cloud data W1T1] [FINAL: W1T1]
		Images\MRH_X_20150604_102908_208.img [no cloud data W1T1] [FINAL: W1T1]
		Images\MRH_X_20150604_103216_209.img [no cloud data W1T1] [FINAL: W1T1]
		Images\MRH_X_20150604_103612_210.img [no cloud data W1T1] [FINAL: W1T1]
		Images\MRH_X_20150604_103924_211.img [no cloud data W1T1] [FINAL: W1T1]
04/07/2021 20:34:20 PM: Results saved to results/minime90_mrh_20150603.npz
