04/07/2021 21:44:01 PM: Logfile Created
04/07/2021 21:44:01 PM: Sun up during minime90/mrh/2015/20150610/Images\MRH_L_20150610_231234_001.img. Ignoring this image...
04/07/2021 21:44:01 PM: minime90/mrh/2015/20150610/Images\MRH_L_20150610_234905_002.img center: 257.90, 254.62
04/07/2021 21:44:02 PM: minime90/mrh/2015/20150610/Images\MRH_L_20150611_002123_003.img center: 257.89, 254.60
04/07/2021 21:44:02 PM: minime90/mrh/2015/20150610/Images\MRH_L_20150611_005342_004.img center: 257.83, 254.65
04/07/2021 21:44:02 PM: minime90/mrh/2015/20150610/Images\MRH_L_20150611_012600_005.img center: 257.85, 254.69
04/07/2021 21:44:03 PM: minime90/mrh/2015/20150610/Images\MRH_L_20150611_015818_006.img center: 257.84, 254.67
04/07/2021 21:44:03 PM: minime90/mrh/2015/20150610/Images\MRH_L_20150611_023037_007.img center: 257.82, 254.68
04/07/2021 21:44:03 PM: minime90/mrh/2015/20150610/Images\MRH_L_20150611_030256_008.img center: 257.85, 254.72
04/07/2021 21:44:03 PM: minime90/mrh/2015/20150610/Images\MRH_L_20150611_033514_009.img center: 257.80, 254.71
04/07/2021 21:44:04 PM: minime90/mrh/2015/20150610/Images\MRH_L_20150611_040733_010.img center: 257.82, 254.74
04/07/2021 21:44:04 PM: minime90/mrh/2015/20150610/Images\MRH_L_20150611_043951_011.img center: 257.82, 254.75
04/07/2021 21:44:04 PM: minime90/mrh/2015/20150610/Images\MRH_L_20150611_051210_012.img center: 257.80, 254.75
04/07/2021 21:44:04 PM: minime90/mrh/2015/20150610/Images\MRH_L_20150611_054428_013.img center: 257.76, 254.74
04/07/2021 21:44:05 PM: minime90/mrh/2015/20150610/Images\MRH_L_20150611_061647_014.img center: 257.75, 254.77
04/07/2021 21:44:05 PM: minime90/mrh/2015/20150610/Images\MRH_L_20150611_064905_015.img center: 257.70, 254.75
04/07/2021 21:44:05 PM: minime90/mrh/2015/20150610/Images\MRH_L_20150611_072124_016.img center: 257.69, 254.76
04/07/2021 21:44:05 PM: minime90/mrh/2015/20150610/Images\MRH_L_20150611_075343_017.img center: 257.70, 254.74
04/07/2021 21:44:06 PM: minime90/mrh/2015/20150610/Images\MRH_L_20150611_082601_018.img center: 257.75, 254.74
04/07/2021 21:44:06 PM: minime90/mrh/2015/20150610/Images\MRH_L_20150611_085819_019.img center: 257.68, 254.69
04/07/2021 21:44:06 PM: minime90/mrh/2015/20150610/Images\MRH_L_20150611_093038_020.img center: 257.73, 254.66
04/07/2021 21:44:06 PM: minime90/mrh/2015/20150610/Images\MRH_L_20150611_100256_021.img center: 257.70, 254.70
04/07/2021 21:44:07 PM: minime90/mrh/2015/20150610/Images\MRH_L_20150611_103515_022.img center: 257.77, 254.74
04/07/2021 21:44:07 PM: minime90/mrh/2015/20150610/Images\MRH_L_20150611_104225_211.img center: 257.67, 254.71
04/07/2021 21:44:10 PM: minime90/mrh/2015/20150610/Images\MRH_L_20150610_234905_002.img reduced chisqr: 4.6269
04/07/2021 21:44:13 PM: minime90/mrh/2015/20150610/Images\MRH_L_20150611_002123_003.img reduced chisqr: 4.3820
04/07/2021 21:44:16 PM: minime90/mrh/2015/20150610/Images\MRH_L_20150611_005342_004.img reduced chisqr: 4.0764
04/07/2021 21:44:18 PM: minime90/mrh/2015/20150610/Images\MRH_L_20150611_012600_005.img reduced chisqr: 4.5879
04/07/2021 21:44:21 PM: minime90/mrh/2015/20150610/Images\MRH_L_20150611_015818_006.img reduced chisqr: 5.3813
04/07/2021 21:44:24 PM: minime90/mrh/2015/20150610/Images\MRH_L_20150611_023037_007.img reduced chisqr: 4.5957
04/07/2021 21:44:27 PM: minime90/mrh/2015/20150610/Images\MRH_L_20150611_030256_008.img reduced chisqr: 4.1795
04/07/2021 21:44:29 PM: minime90/mrh/2015/20150610/Images\MRH_L_20150611_033514_009.img reduced chisqr: 5.7975
04/07/2021 21:44:32 PM: minime90/mrh/2015/20150610/Images\MRH_L_20150611_040733_010.img reduced chisqr: 4.3710
04/07/2021 21:44:35 PM: minime90/mrh/2015/20150610/Images\MRH_L_20150611_043951_011.img reduced chisqr: 4.5105
04/07/2021 21:44:37 PM: minime90/mrh/2015/20150610/Images\MRH_L_20150611_051210_012.img reduced chisqr: 6.3813
04/07/2021 21:44:40 PM: minime90/mrh/2015/20150610/Images\MRH_L_20150611_054428_013.img reduced chisqr: 4.9755
04/07/2021 21:44:43 PM: minime90/mrh/2015/20150610/Images\MRH_L_20150611_061647_014.img reduced chisqr: 4.9001
04/07/2021 21:44:46 PM: minime90/mrh/2015/20150610/Images\MRH_L_20150611_064905_015.img reduced chisqr: 4.9305
04/07/2021 21:44:49 PM: minime90/mrh/2015/20150610/Images\MRH_L_20150611_072124_016.img reduced chisqr: 5.0732
04/07/2021 21:44:51 PM: minime90/mrh/2015/20150610/Images\MRH_L_20150611_075343_017.img reduced chisqr: 4.6702
04/07/2021 21:44:54 PM: minime90/mrh/2015/20150610/Images\MRH_L_20150611_082601_018.img reduced chisqr: 5.8900
04/07/2021 21:44:57 PM: minime90/mrh/2015/20150610/Images\MRH_L_20150611_085819_019.img reduced chisqr: 4.3894
04/07/2021 21:44:59 PM: minime90/mrh/2015/20150610/Images\MRH_L_20150611_093038_020.img reduced chisqr: 5.0533
04/07/2021 21:45:02 PM: minime90/mrh/2015/20150610/Images\MRH_L_20150611_100256_021.img reduced chisqr: 5.0344
04/07/2021 21:45:05 PM: minime90/mrh/2015/20150610/Images\MRH_L_20150611_103515_022.img reduced chisqr: 5.0852
04/07/2021 21:45:08 PM: minime90/mrh/2015/20150610/Images\MRH_L_20150611_104225_211.img reduced chisqr: 4.7486
04/07/2021 21:45:08 PM: minime90/mrh/2015/20150610/Images\MRH_X_20150610_232037_001.img not bounded by laser images. Ignoring this image...
04/07/2021 21:45:08 PM: minime90/mrh/2015/20150610/Images\MRH_X_20150610_232348_002.img not bounded by laser images. Ignoring this image...
04/07/2021 21:45:08 PM: minime90/mrh/2015/20150610/Images\MRH_X_20150610_232657_003.img not bounded by laser images. Ignoring this image...
04/07/2021 21:45:08 PM: minime90/mrh/2015/20150610/Images\MRH_X_20150610_233007_004.img not bounded by laser images. Ignoring this image...
04/07/2021 21:45:08 PM: minime90/mrh/2015/20150610/Images\MRH_X_20150610_233316_005.img not bounded by laser images. Ignoring this image...
04/07/2021 21:45:08 PM: minime90/mrh/2015/20150610/Images\MRH_X_20150610_233625_006.img not bounded by laser images. Ignoring this image...
04/07/2021 21:45:08 PM: minime90/mrh/2015/20150610/Images\MRH_X_20150610_233934_007.img not bounded by laser images. Ignoring this image...
04/07/2021 21:45:08 PM: minime90/mrh/2015/20150610/Images\MRH_X_20150610_234242_008.img not bounded by laser images. Ignoring this image...
04/07/2021 21:45:08 PM: minime90/mrh/2015/20150610/Images\MRH_X_20150610_234550_009.img not bounded by laser images. Ignoring this image...
04/07/2021 21:45:08 PM: minime90/mrh/2015/20150610/Images\MRH_X_20150611_072826_152.img is looking too close to the moon (33.4 deg). Ignoring this image...
04/07/2021 21:45:08 PM: minime90/mrh/2015/20150610/Images\MRH_X_20150611_080044_162.img is looking too close to the moon (28.1 deg). Ignoring this image...
04/07/2021 21:45:08 PM: minime90/mrh/2015/20150610/Images\MRH_X_20150611_083303_172.img is looking too close to the moon (24.1 deg). Ignoring this image...
04/07/2021 21:45:08 PM: minime90/mrh/2015/20150610/Images\MRH_X_20150611_090521_182.img is looking too close to the moon (22.1 deg). Ignoring this image...
04/07/2021 21:45:08 PM: minime90/mrh/2015/20150610/Images\MRH_X_20150611_093740_192.img is looking too close to the moon (22.8 deg). Ignoring this image...
04/07/2021 21:45:08 PM: minime90/mrh/2015/20150610/Images\MRH_X_20150611_100958_202.img is looking too close to the moon (26.0 deg). Ignoring this image...
04/07/2021 21:45:14 PM: minime90/mrh/2015/20150610/Images\MRH_X_20150610_234946_010.img reduced chisqr: 1.2765.
			Message:"Tolerance seems to be too small."
04/07/2021 21:45:21 PM: minime90/mrh/2015/20150610/Images\MRH_X_20150610_235257_011.img reduced chisqr: 1.0939.
			Message:"Tolerance seems to be too small."
04/07/2021 21:45:27 PM: minime90/mrh/2015/20150610/Images\MRH_X_20150610_235607_012.img reduced chisqr: 1.1039.
			Message:"Tolerance seems to be too small."
04/07/2021 21:45:33 PM: minime90/mrh/2015/20150610/Images\MRH_X_20150610_235916_013.img reduced chisqr: 1.0999.
			Message:"Tolerance seems to be too small."
04/07/2021 21:45:40 PM: minime90/mrh/2015/20150610/Images\MRH_X_20150611_000225_014.img reduced chisqr: 1.1113.
			Message:"Tolerance seems to be too small."
04/07/2021 21:45:46 PM: minime90/mrh/2015/20150610/Images\MRH_X_20150611_000535_015.img reduced chisqr: 1.3724.
			Message:"Tolerance seems to be too small."
04/07/2021 21:45:53 PM: minime90/mrh/2015/20150610/Images\MRH_X_20150611_000844_016.img reduced chisqr: 1.2472.
			Message:"Tolerance seems to be too small."
04/07/2021 21:45:59 PM: minime90/mrh/2015/20150610/Images\MRH_X_20150611_001152_017.img reduced chisqr: 1.4786.
			Message:"Tolerance seems to be too small."
04/07/2021 21:46:06 PM: minime90/mrh/2015/20150610/Images\MRH_X_20150611_001500_018.img reduced chisqr: 1.2078.
			Message:"Tolerance seems to be too small."
04/07/2021 21:46:12 PM: minime90/mrh/2015/20150610/Images\MRH_X_20150611_001808_019.img reduced chisqr: 1.2271.
			Message:"Tolerance seems to be too small."
04/07/2021 21:46:19 PM: minime90/mrh/2015/20150610/Images\MRH_X_20150611_002204_020.img reduced chisqr: 1.1579.
			Message:"Tolerance seems to be too small."
04/07/2021 21:46:25 PM: minime90/mrh/2015/20150610/Images\MRH_X_20150611_002516_021.img reduced chisqr: 1.1458.
			Message:"Tolerance seems to be too small."
04/07/2021 21:46:32 PM: minime90/mrh/2015/20150610/Images\MRH_X_20150611_002825_022.img reduced chisqr: 1.2581.
			Message:"Tolerance seems to be too small."
04/07/2021 21:46:38 PM: minime90/mrh/2015/20150610/Images\MRH_X_20150611_003134_023.img reduced chisqr: 1.1671.
			Message:"Tolerance seems to be too small."
04/07/2021 21:46:45 PM: minime90/mrh/2015/20150610/Images\MRH_X_20150611_003444_024.img reduced chisqr: 1.5535.
			Message:"Tolerance seems to be too small."
04/07/2021 21:46:51 PM: minime90/mrh/2015/20150610/Images\MRH_X_20150611_003753_025.img reduced chisqr: 1.4159.
			Message:"Tolerance seems to be too small."
04/07/2021 21:46:58 PM: minime90/mrh/2015/20150610/Images\MRH_X_20150611_004103_026.img reduced chisqr: 1.1396.
			Message:"Tolerance seems to be too small."
04/07/2021 21:47:04 PM: minime90/mrh/2015/20150610/Images\MRH_X_20150611_004411_027.img reduced chisqr: 1.2918.
			Message:"Tolerance seems to be too small."
04/07/2021 21:47:11 PM: minime90/mrh/2015/20150610/Images\MRH_X_20150611_004719_028.img reduced chisqr: 1.2741.
			Message:"Tolerance seems to be too small."
04/07/2021 21:47:17 PM: minime90/mrh/2015/20150610/Images\MRH_X_20150611_005027_029.img reduced chisqr: 1.1588.
			Message:"Tolerance seems to be too small."
04/07/2021 21:47:24 PM: minime90/mrh/2015/20150610/Images\MRH_X_20150611_005423_030.img reduced chisqr: 1.4497.
			Message:"Tolerance seems to be too small."
04/07/2021 21:47:30 PM: minime90/mrh/2015/20150610/Images\MRH_X_20150611_005735_031.img reduced chisqr: 1.1215.
			Message:"Tolerance seems to be too small."
04/07/2021 21:47:37 PM: minime90/mrh/2015/20150610/Images\MRH_X_20150611_010044_032.img reduced chisqr: 1.0888.
			Message:"Tolerance seems to be too small."
04/07/2021 21:47:43 PM: minime90/mrh/2015/20150610/Images\MRH_X_20150611_010353_033.img reduced chisqr: 1.2677.
			Message:"Tolerance seems to be too small."
04/07/2021 21:47:50 PM: minime90/mrh/2015/20150610/Images\MRH_X_20150611_010703_034.img reduced chisqr: 1.0976.
			Message:"Tolerance seems to be too small."
04/07/2021 21:47:56 PM: minime90/mrh/2015/20150610/Images\MRH_X_20150611_011012_035.img reduced chisqr: 1.2273.
			Message:"Tolerance seems to be too small."
04/07/2021 21:48:03 PM: minime90/mrh/2015/20150610/Images\MRH_X_20150611_011321_036.img reduced chisqr: 1.1050.
			Message:"Tolerance seems to be too small."
04/07/2021 21:48:09 PM: minime90/mrh/2015/20150610/Images\MRH_X_20150611_011629_037.img reduced chisqr: 1.2593.
			Message:"Tolerance seems to be too small."
04/07/2021 21:48:16 PM: minime90/mrh/2015/20150610/Images\MRH_X_20150611_011937_038.img reduced chisqr: 1.3169.
			Message:"Tolerance seems to be too small."
04/07/2021 21:48:22 PM: minime90/mrh/2015/20150610/Images\MRH_X_20150611_012245_039.img reduced chisqr: 1.3732.
			Message:"Tolerance seems to be too small."
04/07/2021 21:48:29 PM: minime90/mrh/2015/20150610/Images\MRH_X_20150611_012641_040.img reduced chisqr: 1.3828.
			Message:"Tolerance seems to be too small."
04/07/2021 21:48:35 PM: minime90/mrh/2015/20150610/Images\MRH_X_20150611_012953_041.img reduced chisqr: 1.1399.
			Message:"Tolerance seems to be too small."
04/07/2021 21:48:42 PM: minime90/mrh/2015/20150610/Images\MRH_X_20150611_013302_042.img reduced chisqr: 1.1503.
			Message:"Tolerance seems to be too small."
04/07/2021 21:48:48 PM: minime90/mrh/2015/20150610/Images\MRH_X_20150611_013611_043.img reduced chisqr: 1.1713.
			Message:"Tolerance seems to be too small."
04/07/2021 21:48:55 PM: minime90/mrh/2015/20150610/Images\MRH_X_20150611_013921_044.img reduced chisqr: 1.2040.
			Message:"Tolerance seems to be too small."
04/07/2021 21:49:01 PM: minime90/mrh/2015/20150610/Images\MRH_X_20150611_014230_045.img reduced chisqr: 1.3632.
			Message:"Tolerance seems to be too small."
04/07/2021 21:49:08 PM: minime90/mrh/2015/20150610/Images\MRH_X_20150611_014539_046.img reduced chisqr: 1.1398.
			Message:"Tolerance seems to be too small."
04/07/2021 21:49:14 PM: minime90/mrh/2015/20150610/Images\MRH_X_20150611_014847_047.img reduced chisqr: 1.1502.
			Message:"Tolerance seems to be too small."
04/07/2021 21:49:21 PM: minime90/mrh/2015/20150610/Images\MRH_X_20150611_015155_048.img reduced chisqr: 1.1238.
			Message:"Tolerance seems to be too small."
04/07/2021 21:49:27 PM: minime90/mrh/2015/20150610/Images\MRH_X_20150611_015503_049.img reduced chisqr: 1.2501.
			Message:"Tolerance seems to be too small."
04/07/2021 21:49:33 PM: minime90/mrh/2015/20150610/Images\MRH_X_20150611_015900_050.img reduced chisqr: 1.4769.
			Message:"Tolerance seems to be too small."
04/07/2021 21:49:40 PM: minime90/mrh/2015/20150610/Images\MRH_X_20150611_020211_051.img reduced chisqr: 1.3261.
			Message:"Tolerance seems to be too small."
04/07/2021 21:49:46 PM: minime90/mrh/2015/20150610/Images\MRH_X_20150611_020520_052.img reduced chisqr: 1.2182.
			Message:"Tolerance seems to be too small."
04/07/2021 21:49:52 PM: minime90/mrh/2015/20150610/Images\MRH_X_20150611_020830_053.img reduced chisqr: 1.3325.
			Message:"Tolerance seems to be too small."
04/07/2021 21:49:59 PM: minime90/mrh/2015/20150610/Images\MRH_X_20150611_021139_054.img reduced chisqr: 1.2647.
			Message:"Tolerance seems to be too small."
04/07/2021 21:50:05 PM: minime90/mrh/2015/20150610/Images\MRH_X_20150611_021448_055.img reduced chisqr: 1.3276.
			Message:"Tolerance seems to be too small."
04/07/2021 21:50:12 PM: minime90/mrh/2015/20150610/Images\MRH_X_20150611_021758_056.img reduced chisqr: 1.2221.
			Message:"Tolerance seems to be too small."
04/07/2021 21:50:18 PM: minime90/mrh/2015/20150610/Images\MRH_X_20150611_022106_057.img reduced chisqr: 1.2599.
			Message:"Tolerance seems to be too small."
04/07/2021 21:50:25 PM: minime90/mrh/2015/20150610/Images\MRH_X_20150611_022414_058.img reduced chisqr: 1.1314.
			Message:"Tolerance seems to be too small."
04/07/2021 21:50:31 PM: minime90/mrh/2015/20150610/Images\MRH_X_20150611_022722_059.img reduced chisqr: 1.1265.
			Message:"Tolerance seems to be too small."
04/07/2021 21:50:37 PM: minime90/mrh/2015/20150610/Images\MRH_X_20150611_023118_060.img reduced chisqr: 1.4209.
			Message:"Tolerance seems to be too small."
04/07/2021 21:50:44 PM: minime90/mrh/2015/20150610/Images\MRH_X_20150611_023430_061.img reduced chisqr: 1.4721.
			Message:"Tolerance seems to be too small."
04/07/2021 21:50:50 PM: minime90/mrh/2015/20150610/Images\MRH_X_20150611_023739_062.img reduced chisqr: 1.7220.
			Message:"Tolerance seems to be too small."
04/07/2021 21:50:57 PM: minime90/mrh/2015/20150610/Images\MRH_X_20150611_024048_063.img reduced chisqr: 1.2679.
			Message:"Tolerance seems to be too small."
04/07/2021 21:51:03 PM: minime90/mrh/2015/20150610/Images\MRH_X_20150611_024358_064.img reduced chisqr: 1.5385.
			Message:"Tolerance seems to be too small."
04/07/2021 21:51:10 PM: minime90/mrh/2015/20150610/Images\MRH_X_20150611_024707_065.img reduced chisqr: 1.5756.
			Message:"Tolerance seems to be too small."
04/07/2021 21:51:16 PM: minime90/mrh/2015/20150610/Images\MRH_X_20150611_025016_066.img reduced chisqr: 1.5608.
			Message:"Tolerance seems to be too small."
04/07/2021 21:51:23 PM: minime90/mrh/2015/20150610/Images\MRH_X_20150611_025324_067.img reduced chisqr: 1.5400.
			Message:"Tolerance seems to be too small."
04/07/2021 21:51:29 PM: minime90/mrh/2015/20150610/Images\MRH_X_20150611_025633_068.img reduced chisqr: 1.4790.
			Message:"Tolerance seems to be too small."
04/07/2021 21:51:36 PM: minime90/mrh/2015/20150610/Images\MRH_X_20150611_025941_069.img reduced chisqr: 1.4217.
			Message:"Tolerance seems to be too small."
04/07/2021 21:51:42 PM: minime90/mrh/2015/20150610/Images\MRH_X_20150611_030337_070.img reduced chisqr: 1.5901.
			Message:"Tolerance seems to be too small."
04/07/2021 21:51:49 PM: minime90/mrh/2015/20150610/Images\MRH_X_20150611_030648_071.img reduced chisqr: 1.4365.
			Message:"Tolerance seems to be too small."
04/07/2021 21:51:55 PM: minime90/mrh/2015/20150610/Images\MRH_X_20150611_030957_072.img reduced chisqr: 1.1120.
			Message:"Tolerance seems to be too small."
04/07/2021 21:52:02 PM: minime90/mrh/2015/20150610/Images\MRH_X_20150611_031307_073.img reduced chisqr: 1.3124.
			Message:"Tolerance seems to be too small."
04/07/2021 21:52:08 PM: minime90/mrh/2015/20150610/Images\MRH_X_20150611_031616_074.img reduced chisqr: 1.4679.
			Message:"Tolerance seems to be too small."
04/07/2021 21:52:14 PM: minime90/mrh/2015/20150610/Images\MRH_X_20150611_031926_075.img reduced chisqr: 1.4237.
			Message:"Tolerance seems to be too small."
04/07/2021 21:52:21 PM: minime90/mrh/2015/20150610/Images\MRH_X_20150611_032235_076.img reduced chisqr: 1.3158.
			Message:"Tolerance seems to be too small."
04/07/2021 21:52:27 PM: minime90/mrh/2015/20150610/Images\MRH_X_20150611_032543_077.img reduced chisqr: 1.4219.
			Message:"Tolerance seems to be too small."
04/07/2021 21:52:34 PM: minime90/mrh/2015/20150610/Images\MRH_X_20150611_032851_078.img reduced chisqr: 1.3541.
			Message:"Tolerance seems to be too small."
04/07/2021 21:52:40 PM: minime90/mrh/2015/20150610/Images\MRH_X_20150611_033159_079.img reduced chisqr: 1.5071.
			Message:"Tolerance seems to be too small."
04/07/2021 21:52:46 PM: minime90/mrh/2015/20150610/Images\MRH_X_20150611_033555_080.img reduced chisqr: 1.7695.
			Message:"Tolerance seems to be too small."
04/07/2021 21:52:53 PM: minime90/mrh/2015/20150610/Images\MRH_X_20150611_033907_081.img reduced chisqr: 1.4510.
			Message:"Tolerance seems to be too small."
04/07/2021 21:52:59 PM: minime90/mrh/2015/20150610/Images\MRH_X_20150611_034216_082.img reduced chisqr: 1.5544.
			Message:"Tolerance seems to be too small."
04/07/2021 21:53:05 PM: minime90/mrh/2015/20150610/Images\MRH_X_20150611_034525_083.img reduced chisqr: 1.2784.
			Message:"Tolerance seems to be too small."
04/07/2021 21:53:12 PM: minime90/mrh/2015/20150610/Images\MRH_X_20150611_034835_084.img reduced chisqr: 1.4020.
			Message:"Tolerance seems to be too small."
04/07/2021 21:53:18 PM: minime90/mrh/2015/20150610/Images\MRH_X_20150611_035144_085.img reduced chisqr: 1.4421.
			Message:"Tolerance seems to be too small."
04/07/2021 21:53:24 PM: minime90/mrh/2015/20150610/Images\MRH_X_20150611_035453_086.img reduced chisqr: 1.3402.
			Message:"Tolerance seems to be too small."
04/07/2021 21:53:31 PM: minime90/mrh/2015/20150610/Images\MRH_X_20150611_035801_087.img reduced chisqr: 1.3130.
			Message:"Tolerance seems to be too small."
04/07/2021 21:53:37 PM: minime90/mrh/2015/20150610/Images\MRH_X_20150611_040110_088.img reduced chisqr: 1.4223.
			Message:"Tolerance seems to be too small."
04/07/2021 21:53:44 PM: minime90/mrh/2015/20150610/Images\MRH_X_20150611_040418_089.img reduced chisqr: 1.5066.
			Message:"Tolerance seems to be too small."
04/07/2021 21:53:50 PM: minime90/mrh/2015/20150610/Images\MRH_X_20150611_040814_090.img reduced chisqr: 1.4756.
			Message:"Tolerance seems to be too small."
04/07/2021 21:53:57 PM: minime90/mrh/2015/20150610/Images\MRH_X_20150611_041125_091.img reduced chisqr: 1.3083.
			Message:"Tolerance seems to be too small."
04/07/2021 21:54:03 PM: minime90/mrh/2015/20150610/Images\MRH_X_20150611_041434_092.img reduced chisqr: 1.4321.
			Message:"Tolerance seems to be too small."
04/07/2021 21:54:09 PM: minime90/mrh/2015/20150610/Images\MRH_X_20150611_041744_093.img reduced chisqr: 1.4870.
			Message:"Tolerance seems to be too small."
04/07/2021 21:54:16 PM: minime90/mrh/2015/20150610/Images\MRH_X_20150611_042053_094.img reduced chisqr: 1.6006.
			Message:"Tolerance seems to be too small."
04/07/2021 21:54:22 PM: minime90/mrh/2015/20150610/Images\MRH_X_20150611_042403_095.img reduced chisqr: 1.8829.
			Message:"Tolerance seems to be too small."
04/07/2021 21:54:29 PM: minime90/mrh/2015/20150610/Images\MRH_X_20150611_042712_096.img reduced chisqr: 1.5028.
			Message:"Tolerance seems to be too small."
04/07/2021 21:54:35 PM: minime90/mrh/2015/20150610/Images\MRH_X_20150611_043020_097.img reduced chisqr: 1.3195.
			Message:"Tolerance seems to be too small."
04/07/2021 21:54:41 PM: minime90/mrh/2015/20150610/Images\MRH_X_20150611_043328_098.img reduced chisqr: 1.5236.
			Message:"Tolerance seems to be too small."
04/07/2021 21:54:48 PM: minime90/mrh/2015/20150610/Images\MRH_X_20150611_043636_099.img reduced chisqr: 1.5093.
			Message:"Tolerance seems to be too small."
04/07/2021 21:54:54 PM: minime90/mrh/2015/20150610/Images\MRH_X_20150611_044032_100.img reduced chisqr: 1.5804.
			Message:"Tolerance seems to be too small."
04/07/2021 21:55:01 PM: minime90/mrh/2015/20150610/Images\MRH_X_20150611_044344_101.img reduced chisqr: 1.4155.
			Message:"Tolerance seems to be too small."
04/07/2021 21:55:07 PM: minime90/mrh/2015/20150610/Images\MRH_X_20150611_044653_102.img reduced chisqr: 1.4046.
			Message:"Tolerance seems to be too small."
04/07/2021 21:55:13 PM: minime90/mrh/2015/20150610/Images\MRH_X_20150611_045002_103.img reduced chisqr: 1.1880.
			Message:"Tolerance seems to be too small."
04/07/2021 21:55:20 PM: minime90/mrh/2015/20150610/Images\MRH_X_20150611_045312_104.img reduced chisqr: 1.5030.
			Message:"Tolerance seems to be too small."
04/07/2021 21:55:26 PM: minime90/mrh/2015/20150610/Images\MRH_X_20150611_045621_105.img reduced chisqr: 1.6278.
			Message:"Tolerance seems to be too small."
04/07/2021 21:55:32 PM: minime90/mrh/2015/20150610/Images\MRH_X_20150611_045930_106.img reduced chisqr: 2.2838.
			Message:"Tolerance seems to be too small."
04/07/2021 21:55:39 PM: minime90/mrh/2015/20150610/Images\MRH_X_20150611_050238_107.img reduced chisqr: 2.1429.
			Message:"Tolerance seems to be too small."
04/07/2021 21:55:45 PM: minime90/mrh/2015/20150610/Images\MRH_X_20150611_050546_108.img reduced chisqr: 2.1172.
			Message:"Tolerance seems to be too small."
04/07/2021 21:55:52 PM: minime90/mrh/2015/20150610/Images\MRH_X_20150611_050855_109.img reduced chisqr: 2.4665.
			Message:"Tolerance seems to be too small."
04/07/2021 21:55:58 PM: minime90/mrh/2015/20150610/Images\MRH_X_20150611_051251_110.img reduced chisqr: 3.0052.
			Message:"Tolerance seems to be too small."
04/07/2021 21:56:04 PM: minime90/mrh/2015/20150610/Images\MRH_X_20150611_051602_111.img reduced chisqr: 1.4113.
			Message:"Tolerance seems to be too small."
04/07/2021 21:56:11 PM: minime90/mrh/2015/20150610/Images\MRH_X_20150611_051912_112.img reduced chisqr: 2.2975.
			Message:"Tolerance seems to be too small."
04/07/2021 21:56:17 PM: minime90/mrh/2015/20150610/Images\MRH_X_20150611_052221_113.img reduced chisqr: 1.6143.
			Message:"Tolerance seems to be too small."
04/07/2021 21:56:24 PM: minime90/mrh/2015/20150610/Images\MRH_X_20150611_052531_114.img reduced chisqr: 1.6625.
			Message:"Tolerance seems to be too small."
04/07/2021 21:56:30 PM: minime90/mrh/2015/20150610/Images\MRH_X_20150611_052840_115.img reduced chisqr: 1.6506.
			Message:"Tolerance seems to be too small."
04/07/2021 21:56:36 PM: minime90/mrh/2015/20150610/Images\MRH_X_20150611_053149_116.img reduced chisqr: 1.5365.
			Message:"Tolerance seems to be too small."
04/07/2021 21:56:43 PM: minime90/mrh/2015/20150610/Images\MRH_X_20150611_053457_117.img reduced chisqr: 1.3842.
			Message:"Tolerance seems to be too small."
04/07/2021 21:56:49 PM: minime90/mrh/2015/20150610/Images\MRH_X_20150611_053805_118.img reduced chisqr: 1.5087.
			Message:"Tolerance seems to be too small."
04/07/2021 21:56:55 PM: minime90/mrh/2015/20150610/Images\MRH_X_20150611_054113_119.img reduced chisqr: 1.5595.
			Message:"Tolerance seems to be too small."
04/07/2021 21:57:02 PM: minime90/mrh/2015/20150610/Images\MRH_X_20150611_054510_120.img reduced chisqr: 1.6229.
			Message:"Tolerance seems to be too small."
04/07/2021 21:57:08 PM: minime90/mrh/2015/20150610/Images\MRH_X_20150611_054821_121.img reduced chisqr: 1.3801.
			Message:"Tolerance seems to be too small."
04/07/2021 21:57:14 PM: minime90/mrh/2015/20150610/Images\MRH_X_20150611_055130_122.img reduced chisqr: 1.1374.
			Message:"Tolerance seems to be too small."
04/07/2021 21:57:21 PM: minime90/mrh/2015/20150610/Images\MRH_X_20150611_055439_123.img reduced chisqr: 1.2886.
			Message:"Tolerance seems to be too small."
04/07/2021 21:57:27 PM: minime90/mrh/2015/20150610/Images\MRH_X_20150611_055749_124.img reduced chisqr: 1.4930.
			Message:"Tolerance seems to be too small."
04/07/2021 21:57:34 PM: minime90/mrh/2015/20150610/Images\MRH_X_20150611_060058_125.img reduced chisqr: 1.5156.
			Message:"Tolerance seems to be too small."
04/07/2021 21:57:40 PM: minime90/mrh/2015/20150610/Images\MRH_X_20150611_060408_126.img reduced chisqr: 1.2400.
			Message:"Tolerance seems to be too small."
04/07/2021 21:57:46 PM: minime90/mrh/2015/20150610/Images\MRH_X_20150611_060716_127.img reduced chisqr: 1.3663.
			Message:"Tolerance seems to be too small."
04/07/2021 21:57:52 PM: minime90/mrh/2015/20150610/Images\MRH_X_20150611_061024_128.img reduced chisqr: 1.6158.
			Message:"Tolerance seems to be too small."
04/07/2021 21:57:59 PM: minime90/mrh/2015/20150610/Images\MRH_X_20150611_061332_129.img reduced chisqr: 1.4398.
			Message:"Tolerance seems to be too small."
04/07/2021 21:58:05 PM: minime90/mrh/2015/20150610/Images\MRH_X_20150611_061728_130.img reduced chisqr: 1.6108.
			Message:"Tolerance seems to be too small."
04/07/2021 21:58:12 PM: minime90/mrh/2015/20150610/Images\MRH_X_20150611_062039_131.img reduced chisqr: 1.6600.
			Message:"Tolerance seems to be too small."
04/07/2021 21:58:18 PM: minime90/mrh/2015/20150610/Images\MRH_X_20150611_062349_132.img reduced chisqr: 1.3294.
			Message:"Tolerance seems to be too small."
04/07/2021 21:58:24 PM: minime90/mrh/2015/20150610/Images\MRH_X_20150611_062658_133.img reduced chisqr: 1.3783.
			Message:"Tolerance seems to be too small."
04/07/2021 21:58:31 PM: minime90/mrh/2015/20150610/Images\MRH_X_20150611_063008_134.img reduced chisqr: 1.7121.
			Message:"Tolerance seems to be too small."
04/07/2021 21:58:37 PM: minime90/mrh/2015/20150610/Images\MRH_X_20150611_063317_135.img reduced chisqr: 1.4568.
			Message:"Tolerance seems to be too small."
04/07/2021 21:58:44 PM: minime90/mrh/2015/20150610/Images\MRH_X_20150611_063626_136.img reduced chisqr: 1.4071.
			Message:"Tolerance seems to be too small."
04/07/2021 21:58:50 PM: minime90/mrh/2015/20150610/Images\MRH_X_20150611_063934_137.img reduced chisqr: 1.4846.
			Message:"Tolerance seems to be too small."
04/07/2021 21:58:56 PM: minime90/mrh/2015/20150610/Images\MRH_X_20150611_064242_138.img reduced chisqr: 1.4943.
			Message:"Tolerance seems to be too small."
04/07/2021 21:59:03 PM: minime90/mrh/2015/20150610/Images\MRH_X_20150611_064550_139.img reduced chisqr: 1.5941.
			Message:"Tolerance seems to be too small."
04/07/2021 21:59:09 PM: minime90/mrh/2015/20150610/Images\MRH_X_20150611_064947_140.img reduced chisqr: 1.6213.
			Message:"Tolerance seems to be too small."
04/07/2021 21:59:15 PM: minime90/mrh/2015/20150610/Images\MRH_X_20150611_065258_141.img reduced chisqr: 1.4579.
			Message:"Tolerance seems to be too small."
04/07/2021 21:59:22 PM: minime90/mrh/2015/20150610/Images\MRH_X_20150611_065607_142.img reduced chisqr: 1.3328.
			Message:"Tolerance seems to be too small."
04/07/2021 21:59:28 PM: minime90/mrh/2015/20150610/Images\MRH_X_20150611_065917_143.img reduced chisqr: 1.3035.
			Message:"Tolerance seems to be too small."
04/07/2021 21:59:35 PM: minime90/mrh/2015/20150610/Images\MRH_X_20150611_070226_144.img reduced chisqr: 1.5270.
			Message:"Tolerance seems to be too small."
04/07/2021 21:59:41 PM: minime90/mrh/2015/20150610/Images\MRH_X_20150611_070536_145.img reduced chisqr: 1.5457.
			Message:"Tolerance seems to be too small."
04/07/2021 21:59:47 PM: minime90/mrh/2015/20150610/Images\MRH_X_20150611_070845_146.img reduced chisqr: 1.3873.
			Message:"Tolerance seems to be too small."
04/07/2021 21:59:54 PM: minime90/mrh/2015/20150610/Images\MRH_X_20150611_071153_147.img reduced chisqr: 1.5040.
			Message:"Tolerance seems to be too small."
04/07/2021 22:00:00 PM: minime90/mrh/2015/20150610/Images\MRH_X_20150611_071501_148.img reduced chisqr: 1.4132.
			Message:"Tolerance seems to be too small."
04/07/2021 22:00:07 PM: minime90/mrh/2015/20150610/Images\MRH_X_20150611_071809_149.img reduced chisqr: 1.4578.
			Message:"Tolerance seems to be too small."
04/07/2021 22:00:13 PM: minime90/mrh/2015/20150610/Images\MRH_X_20150611_072205_150.img reduced chisqr: 1.5490.
			Message:"Tolerance seems to be too small."
04/07/2021 22:00:19 PM: minime90/mrh/2015/20150610/Images\MRH_X_20150611_072517_151.img reduced chisqr: 1.4284.
			Message:"Tolerance seems to be too small."
04/07/2021 22:00:26 PM: minime90/mrh/2015/20150610/Images\MRH_X_20150611_073135_153.img reduced chisqr: 1.3046.
			Message:"Tolerance seems to be too small."
04/07/2021 22:00:32 PM: minime90/mrh/2015/20150610/Images\MRH_X_20150611_073445_154.img reduced chisqr: 1.6400.
			Message:"Tolerance seems to be too small."
04/07/2021 22:00:38 PM: minime90/mrh/2015/20150610/Images\MRH_X_20150611_073754_155.img reduced chisqr: 1.4912.
			Message:"Tolerance seems to be too small."
04/07/2021 22:00:45 PM: minime90/mrh/2015/20150610/Images\MRH_X_20150611_074103_156.img reduced chisqr: 1.5897.
			Message:"Tolerance seems to be too small."
04/07/2021 22:00:51 PM: minime90/mrh/2015/20150610/Images\MRH_X_20150611_074411_157.img reduced chisqr: 1.4645.
			Message:"Tolerance seems to be too small."
04/07/2021 22:00:58 PM: minime90/mrh/2015/20150610/Images\MRH_X_20150611_074719_158.img reduced chisqr: 1.2093.
			Message:"Tolerance seems to be too small."
04/07/2021 22:01:04 PM: minime90/mrh/2015/20150610/Images\MRH_X_20150611_075028_159.img reduced chisqr: 1.4528.
			Message:"Tolerance seems to be too small."
04/07/2021 22:01:11 PM: minime90/mrh/2015/20150610/Images\MRH_X_20150611_075424_160.img reduced chisqr: 1.2674.
			Message:"Tolerance seems to be too small."
04/07/2021 22:01:17 PM: minime90/mrh/2015/20150610/Images\MRH_X_20150611_075735_161.img reduced chisqr: 1.0251.
			Message:"Tolerance seems to be too small."
04/07/2021 22:01:23 PM: minime90/mrh/2015/20150610/Images\MRH_X_20150611_080353_163.img reduced chisqr: 1.2091.
			Message:"Tolerance seems to be too small."
04/07/2021 22:01:30 PM: minime90/mrh/2015/20150610/Images\MRH_X_20150611_080703_164.img reduced chisqr: 1.3518.
			Message:"Tolerance seems to be too small."
04/07/2021 22:01:36 PM: minime90/mrh/2015/20150610/Images\MRH_X_20150611_081012_165.img reduced chisqr: 1.2154.
			Message:"Tolerance seems to be too small."
04/07/2021 22:01:43 PM: minime90/mrh/2015/20150610/Images\MRH_X_20150611_081322_166.img reduced chisqr: 1.2424.
			Message:"Tolerance seems to be too small."
04/07/2021 22:01:49 PM: minime90/mrh/2015/20150610/Images\MRH_X_20150611_081630_167.img reduced chisqr: 1.3879.
			Message:"Tolerance seems to be too small."
04/07/2021 22:01:55 PM: minime90/mrh/2015/20150610/Images\MRH_X_20150611_081938_168.img reduced chisqr: 1.1884.
			Message:"Tolerance seems to be too small."
04/07/2021 22:02:02 PM: minime90/mrh/2015/20150610/Images\MRH_X_20150611_082246_169.img reduced chisqr: 1.2958.
			Message:"Tolerance seems to be too small."
04/07/2021 22:02:08 PM: minime90/mrh/2015/20150610/Images\MRH_X_20150611_082642_170.img reduced chisqr: 1.0662.
			Message:"Tolerance seems to be too small."
04/07/2021 22:02:14 PM: minime90/mrh/2015/20150610/Images\MRH_X_20150611_082953_171.img reduced chisqr: 1.0899.
			Message:"Tolerance seems to be too small."
04/07/2021 22:02:21 PM: minime90/mrh/2015/20150610/Images\MRH_X_20150611_083612_173.img reduced chisqr: 1.2074.
			Message:"Tolerance seems to be too small."
04/07/2021 22:02:27 PM: minime90/mrh/2015/20150610/Images\MRH_X_20150611_083922_174.img reduced chisqr: 1.2841.
			Message:"Tolerance seems to be too small."
04/07/2021 22:02:34 PM: minime90/mrh/2015/20150610/Images\MRH_X_20150611_084231_175.img reduced chisqr: 1.1208.
			Message:"Tolerance seems to be too small."
04/07/2021 22:02:40 PM: minime90/mrh/2015/20150610/Images\MRH_X_20150611_084540_176.img reduced chisqr: 1.1129.
			Message:"Tolerance seems to be too small."
04/07/2021 22:02:46 PM: minime90/mrh/2015/20150610/Images\MRH_X_20150611_084848_177.img reduced chisqr: 1.0709.
			Message:"Tolerance seems to be too small."
04/07/2021 22:02:53 PM: minime90/mrh/2015/20150610/Images\MRH_X_20150611_085156_178.img reduced chisqr: 1.0859.
			Message:"Tolerance seems to be too small."
04/07/2021 22:02:59 PM: minime90/mrh/2015/20150610/Images\MRH_X_20150611_085504_179.img reduced chisqr: 1.1039.
			Message:"Tolerance seems to be too small."
04/07/2021 22:03:05 PM: minime90/mrh/2015/20150610/Images\MRH_X_20150611_085900_180.img reduced chisqr: 1.0640.
			Message:"Tolerance seems to be too small."
04/07/2021 22:03:12 PM: minime90/mrh/2015/20150610/Images\MRH_X_20150611_090212_181.img reduced chisqr: 1.1455.
			Message:"Tolerance seems to be too small."
04/07/2021 22:03:18 PM: minime90/mrh/2015/20150610/Images\MRH_X_20150611_090830_183.img reduced chisqr: 1.2653.
			Message:"Tolerance seems to be too small."
04/07/2021 22:03:25 PM: minime90/mrh/2015/20150610/Images\MRH_X_20150611_091140_184.img reduced chisqr: 1.1347.
			Message:"Tolerance seems to be too small."
04/07/2021 22:03:31 PM: minime90/mrh/2015/20150610/Images\MRH_X_20150611_091449_185.img reduced chisqr: 1.1558.
			Message:"Tolerance seems to be too small."
04/07/2021 22:03:37 PM: minime90/mrh/2015/20150610/Images\MRH_X_20150611_091758_186.img reduced chisqr: 1.1642.
			Message:"Tolerance seems to be too small."
04/07/2021 22:03:44 PM: minime90/mrh/2015/20150610/Images\MRH_X_20150611_092107_187.img reduced chisqr: 1.1078.
			Message:"Tolerance seems to be too small."
04/07/2021 22:03:50 PM: minime90/mrh/2015/20150610/Images\MRH_X_20150611_092415_188.img reduced chisqr: 1.1675.
			Message:"Tolerance seems to be too small."
04/07/2021 22:03:56 PM: minime90/mrh/2015/20150610/Images\MRH_X_20150611_092723_189.img reduced chisqr: 0.9629.
			Message:"Tolerance seems to be too small."
04/07/2021 22:04:03 PM: minime90/mrh/2015/20150610/Images\MRH_X_20150611_093119_190.img reduced chisqr: 1.1956.
			Message:"Tolerance seems to be too small."
04/07/2021 22:04:09 PM: minime90/mrh/2015/20150610/Images\MRH_X_20150611_093431_191.img reduced chisqr: 1.1122.
			Message:"Tolerance seems to be too small."
04/07/2021 22:04:15 PM: minime90/mrh/2015/20150610/Images\MRH_X_20150611_094049_193.img reduced chisqr: 0.9673.
			Message:"Tolerance seems to be too small."
04/07/2021 22:04:22 PM: minime90/mrh/2015/20150610/Images\MRH_X_20150611_094359_194.img reduced chisqr: 1.1736.
			Message:"Tolerance seems to be too small."
04/07/2021 22:04:28 PM: minime90/mrh/2015/20150610/Images\MRH_X_20150611_094708_195.img reduced chisqr: 1.2396.
			Message:"Tolerance seems to be too small."
04/07/2021 22:04:34 PM: minime90/mrh/2015/20150610/Images\MRH_X_20150611_095017_196.img reduced chisqr: 1.2720.
			Message:"Tolerance seems to be too small."
04/07/2021 22:04:41 PM: minime90/mrh/2015/20150610/Images\MRH_X_20150611_095325_197.img reduced chisqr: 1.2791.
			Message:"Tolerance seems to be too small."
04/07/2021 22:04:47 PM: minime90/mrh/2015/20150610/Images\MRH_X_20150611_095633_198.img reduced chisqr: 1.2653.
			Message:"Tolerance seems to be too small."
04/07/2021 22:04:54 PM: minime90/mrh/2015/20150610/Images\MRH_X_20150611_095941_199.img reduced chisqr: 1.2490.
			Message:"Tolerance seems to be too small."
04/07/2021 22:05:00 PM: minime90/mrh/2015/20150610/Images\MRH_X_20150611_100337_200.img reduced chisqr: 1.2367.
			Message:"Tolerance seems to be too small."
04/07/2021 22:05:06 PM: minime90/mrh/2015/20150610/Images\MRH_X_20150611_100649_201.img reduced chisqr: 1.0596.
			Message:"Tolerance seems to be too small."
04/07/2021 22:05:13 PM: minime90/mrh/2015/20150610/Images\MRH_X_20150611_101307_203.img reduced chisqr: 1.1845.
			Message:"Tolerance seems to be too small."
04/07/2021 22:05:19 PM: minime90/mrh/2015/20150610/Images\MRH_X_20150611_101617_204.img reduced chisqr: 1.2113.
			Message:"Tolerance seems to be too small."
04/07/2021 22:05:25 PM: minime90/mrh/2015/20150610/Images\MRH_X_20150611_101926_205.img reduced chisqr: 1.2016.
			Message:"Tolerance seems to be too small."
04/07/2021 22:05:32 PM: minime90/mrh/2015/20150610/Images\MRH_X_20150611_102236_206.img reduced chisqr: 1.1410.
			Message:"Tolerance seems to be too small."
04/07/2021 22:05:38 PM: minime90/mrh/2015/20150610/Images\MRH_X_20150611_102544_207.img reduced chisqr: 1.4242.
			Message:"Tolerance seems to be too small."
04/07/2021 22:05:44 PM: minime90/mrh/2015/20150610/Images\MRH_X_20150611_102852_208.img reduced chisqr: 1.2788.
			Message:"Tolerance seems to be too small."
04/07/2021 22:05:51 PM: minime90/mrh/2015/20150610/Images\MRH_X_20150611_103200_209.img reduced chisqr: 1.1307.
			Message:"Tolerance seems to be too small."
04/07/2021 22:05:57 PM: minime90/mrh/2015/20150610/Images\MRH_X_20150611_103556_210.img reduced chisqr: 1.4978.
			Message:"Tolerance seems to be too small."
04/07/2021 22:06:03 PM: minime90/mrh/2015/20150610/Images\MRH_X_20150611_103907_211.img reduced chisqr: 1.7448.
			Message:"Tolerance seems to be too small."
04/07/2021 22:06:03 PM: WARNING: Exposure time is not changing.
04/07/2021 22:06:03 PM: Created diagnostic plots.
04/07/2021 22:06:03 PM: Laser and sky image analysis complete.
04/07/2021 22:06:03 PM: No Boltwood cloud sensor data found.
04/07/2021 22:06:03 PM: No X300 temperature sensor data found.
04/07/2021 22:06:03 PM:  Quality Flag Calculation:
		Manual Wind Flag: 0
		Manual Temperature Flag: 0
		Laser Drift: False
		Sample-specific flags:
		Images\MRH_X_20150610_234946_010.img [no cloud data W1T1] [FINAL: W1T1]
		Images\MRH_X_20150610_235257_011.img [no cloud data W1T1] [FINAL: W1T1]
		Images\MRH_X_20150610_235607_012.img [no cloud data W1T1] [FINAL: W1T1]
		Images\MRH_X_20150610_235916_013.img [no cloud data W1T1] [FINAL: W1T1]
		Images\MRH_X_20150611_000225_014.img [no cloud data W1T1] [FINAL: W1T1]
		Images\MRH_X_20150611_000535_015.img [no cloud data W1T1] [FINAL: W1T1]
		Images\MRH_X_20150611_000844_016.img [no cloud data W1T1] [FINAL: W1T1]
		Images\MRH_X_20150611_001152_017.img [no cloud data W1T1] [FINAL: W1T1]
		Images\MRH_X_20150611_001500_018.img [no cloud data W1T1] [FINAL: W1T1]
		Images\MRH_X_20150611_001808_019.img [no cloud data W1T1] [FINAL: W1T1]
		Images\MRH_X_20150611_002204_020.img [no cloud data W1T1] [FINAL: W1T1]
		Images\MRH_X_20150611_002516_021.img [no cloud data W1T1] [FINAL: W1T1]
		Images\MRH_X_20150611_002825_022.img [no cloud data W1T1] [FINAL: W1T1]
		Images\MRH_X_20150611_003134_023.img [no cloud data W1T1] [FINAL: W1T1]
		Images\MRH_X_20150611_003444_024.img [no cloud data W1T1] [FINAL: W1T1]
		Images\MRH_X_20150611_003753_025.img [no cloud data W1T1] [FINAL: W1T1]
		Images\MRH_X_20150611_004103_026.img [no cloud data W1T1] [FINAL: W1T1]
		Images\MRH_X_20150611_004411_027.img [no cloud data W1T1] [sigma_T large: W2T2] [FINAL: W2T2]
		Images\MRH_X_20150611_004719_028.img [no cloud data W1T1] [FINAL: W1T1]
		Images\MRH_X_20150611_005027_029.img [no cloud data W1T1] [FINAL: W1T1]
		Images\MRH_X_20150611_005423_030.img [no cloud data W1T1] [FINAL: W1T1]
		Images\MRH_X_20150611_005735_031.img [no cloud data W1T1] [FINAL: W1T1]
		Images\MRH_X_20150611_010044_032.img [no cloud data W1T1] [FINAL: W1T1]
		Images\MRH_X_20150611_010353_033.img [no cloud data W1T1] [FINAL: W1T1]
		Images\MRH_X_20150611_010703_034.img [no cloud data W1T1] [FINAL: W1T1]
		Images\MRH_X_20150611_011012_035.img [no cloud data W1T1] [FINAL: W1T1]
		Images\MRH_X_20150611_011321_036.img [no cloud data W1T1] [FINAL: W1T1]
		Images\MRH_X_20150611_011629_037.img [no cloud data W1T1] [FINAL: W1T1]
		Images\MRH_X_20150611_011937_038.img [no cloud data W1T1] [FINAL: W1T1]
		Images\MRH_X_20150611_012245_039.img [no cloud data W1T1] [FINAL: W1T1]
		Images\MRH_X_20150611_012641_040.img [no cloud data W1T1] [FINAL: W1T1]
		Images\MRH_X_20150611_012953_041.img [no cloud data W1T1] [FINAL: W1T1]
		Images\MRH_X_20150611_013302_042.img [no cloud data W1T1] [FINAL: W1T1]
		Images\MRH_X_20150611_013611_043.img [no cloud data W1T1] [FINAL: W1T1]
		Images\MRH_X_20150611_013921_044.img [no cloud data W1T1] [FINAL: W1T1]
		Images\MRH_X_20150611_014230_045.img [no cloud data W1T1] [FINAL: W1T1]
		Images\MRH_X_20150611_014539_046.img [no cloud data W1T1] [FINAL: W1T1]
		Images\MRH_X_20150611_014847_047.img [no cloud data W1T1] [FINAL: W1T1]
		Images\MRH_X_20150611_015155_048.img [no cloud data W1T1] [FINAL: W1T1]
		Images\MRH_X_20150611_015503_049.img [no cloud data W1T1] [FINAL: W1T1]
		Images\MRH_X_20150611_015900_050.img [no cloud data W1T1] [FINAL: W1T1]
		Images\MRH_X_20150611_020211_051.img [no cloud data W1T1] [FINAL: W1T1]
		Images\MRH_X_20150611_020520_052.img [no cloud data W1T1] [FINAL: W1T1]
		Images\MRH_X_20150611_020830_053.img [no cloud data W1T1] [FINAL: W1T1]
		Images\MRH_X_20150611_021139_054.img [no cloud data W1T1] [FINAL: W1T1]
		Images\MRH_X_20150611_021448_055.img [no cloud data W1T1] [FINAL: W1T1]
		Images\MRH_X_20150611_021758_056.img [no cloud data W1T1] [FINAL: W1T1]
		Images\MRH_X_20150611_022106_057.img [no cloud data W1T1] [FINAL: W1T1]
		Images\MRH_X_20150611_022414_058.img [no cloud data W1T1] [FINAL: W1T1]
		Images\MRH_X_20150611_022722_059.img [no cloud data W1T1] [FINAL: W1T1]
		Images\MRH_X_20150611_023118_060.img [no cloud data W1T1] [FINAL: W1T1]
		Images\MRH_X_20150611_023430_061.img [no cloud data W1T1] [FINAL: W1T1]
		Images\MRH_X_20150611_023739_062.img [no cloud data W1T1] [FINAL: W1T1]
		Images\MRH_X_20150611_024048_063.img [no cloud data W1T1] [FINAL: W1T1]
		Images\MRH_X_20150611_024358_064.img [no cloud data W1T1] [FINAL: W1T1]
		Images\MRH_X_20150611_024707_065.img [no cloud data W1T1] [FINAL: W1T1]
		Images\MRH_X_20150611_025016_066.img [no cloud data W1T1] [FINAL: W1T1]
		Images\MRH_X_20150611_025324_067.img [no cloud data W1T1] [FINAL: W1T1]
		Images\MRH_X_20150611_025633_068.img [no cloud data W1T1] [FINAL: W1T1]
		Images\MRH_X_20150611_025941_069.img [no cloud data W1T1] [FINAL: W1T1]
		Images\MRH_X_20150611_030337_070.img [no cloud data W1T1] [FINAL: W1T1]
		Images\MRH_X_20150611_030648_071.img [no cloud data W1T1] [FINAL: W1T1]
		Images\MRH_X_20150611_030957_072.img [no cloud data W1T1] [FINAL: W1T1]
		Images\MRH_X_20150611_031307_073.img [no cloud data W1T1] [FINAL: W1T1]
		Images\MRH_X_20150611_031616_074.img [no cloud data W1T1] [FINAL: W1T1]
		Images\MRH_X_20150611_031926_075.img [no cloud data W1T1] [FINAL: W1T1]
		Images\MRH_X_20150611_032235_076.img [no cloud data W1T1] [FINAL: W1T1]
		Images\MRH_X_20150611_032543_077.img [no cloud data W1T1] [FINAL: W1T1]
		Images\MRH_X_20150611_032851_078.img [no cloud data W1T1] [FINAL: W1T1]
		Images\MRH_X_20150611_033159_079.img [no cloud data W1T1] [FINAL: W1T1]
		Images\MRH_X_20150611_033555_080.img [no cloud data W1T1] [FINAL: W1T1]
		Images\MRH_X_20150611_033907_081.img [no cloud data W1T1] [FINAL: W1T1]
		Images\MRH_X_20150611_034216_082.img [no cloud data W1T1] [FINAL: W1T1]
		Images\MRH_X_20150611_034525_083.img [no cloud data W1T1] [FINAL: W1T1]
		Images\MRH_X_20150611_034835_084.img [no cloud data W1T1] [FINAL: W1T1]
		Images\MRH_X_20150611_035144_085.img [no cloud data W1T1] [FINAL: W1T1]
		Images\MRH_X_20150611_035453_086.img [no cloud data W1T1] [FINAL: W1T1]
		Images\MRH_X_20150611_035801_087.img [no cloud data W1T1] [FINAL: W1T1]
		Images\MRH_X_20150611_040110_088.img [no cloud data W1T1] [FINAL: W1T1]
		Images\MRH_X_20150611_040418_089.img [no cloud data W1T1] [FINAL: W1T1]
		Images\MRH_X_20150611_040814_090.img [no cloud data W1T1] [FINAL: W1T1]
		Images\MRH_X_20150611_041125_091.img [no cloud data W1T1] [FINAL: W1T1]
		Images\MRH_X_20150611_041434_092.img [no cloud data W1T1] [FINAL: W1T1]
		Images\MRH_X_20150611_041744_093.img [no cloud data W1T1] [FINAL: W1T1]
		Images\MRH_X_20150611_042053_094.img [no cloud data W1T1] [FINAL: W1T1]
		Images\MRH_X_20150611_042403_095.img [no cloud data W1T1] [FINAL: W1T1]
		Images\MRH_X_20150611_042712_096.img [no cloud data W1T1] [FINAL: W1T1]
		Images\MRH_X_20150611_043020_097.img [no cloud data W1T1] [FINAL: W1T1]
		Images\MRH_X_20150611_043328_098.img [no cloud data W1T1] [FINAL: W1T1]
		Images\MRH_X_20150611_043636_099.img [no cloud data W1T1] [FINAL: W1T1]
		Images\MRH_X_20150611_044032_100.img [no cloud data W1T1] [FINAL: W1T1]
		Images\MRH_X_20150611_044344_101.img [no cloud data W1T1] [FINAL: W1T1]
		Images\MRH_X_20150611_044653_102.img [no cloud data W1T1] [FINAL: W1T1]
		Images\MRH_X_20150611_045002_103.img [no cloud data W1T1] [FINAL: W1T1]
		Images\MRH_X_20150611_045312_104.img [no cloud data W1T1] [FINAL: W1T1]
		Images\MRH_X_20150611_045621_105.img [no cloud data W1T1] [FINAL: W1T1]
		Images\MRH_X_20150611_045930_106.img [no cloud data W1T1] [FINAL: W1T1]
		Images\MRH_X_20150611_050238_107.img [no cloud data W1T1] [FINAL: W1T1]
		Images\MRH_X_20150611_050546_108.img [no cloud data W1T1] [FINAL: W1T1]
		Images\MRH_X_20150611_050855_109.img [no cloud data W1T1] [FINAL: W1T1]
		Images\MRH_X_20150611_051251_110.img [no cloud data W1T1] [FINAL: W1T1]
		Images\MRH_X_20150611_051602_111.img [no cloud data W1T1] [FINAL: W1T1]
		Images\MRH_X_20150611_051912_112.img [no cloud data W1T1] [FINAL: W1T1]
		Images\MRH_X_20150611_052221_113.img [no cloud data W1T1] [FINAL: W1T1]
		Images\MRH_X_20150611_052531_114.img [no cloud data W1T1] [FINAL: W1T1]
		Images\MRH_X_20150611_052840_115.img [no cloud data W1T1] [FINAL: W1T1]
		Images\MRH_X_20150611_053149_116.img [no cloud data W1T1] [FINAL: W1T1]
		Images\MRH_X_20150611_053457_117.img [no cloud data W1T1] [FINAL: W1T1]
		Images\MRH_X_20150611_053805_118.img [no cloud data W1T1] [FINAL: W1T1]
		Images\MRH_X_20150611_054113_119.img [no cloud data W1T1] [FINAL: W1T1]
		Images\MRH_X_20150611_054510_120.img [no cloud data W1T1] [FINAL: W1T1]
		Images\MRH_X_20150611_054821_121.img [no cloud data W1T1] [FINAL: W1T1]
		Images\MRH_X_20150611_055130_122.img [no cloud data W1T1] [FINAL: W1T1]
		Images\MRH_X_20150611_055439_123.img [no cloud data W1T1] [FINAL: W1T1]
		Images\MRH_X_20150611_055749_124.img [no cloud data W1T1] [FINAL: W1T1]
		Images\MRH_X_20150611_060058_125.img [no cloud data W1T1] [FINAL: W1T1]
		Images\MRH_X_20150611_060408_126.img [no cloud data W1T1] [FINAL: W1T1]
		Images\MRH_X_20150611_060716_127.img [no cloud data W1T1] [FINAL: W1T1]
		Images\MRH_X_20150611_061024_128.img [no cloud data W1T1] [FINAL: W1T1]
		Images\MRH_X_20150611_061332_129.img [no cloud data W1T1] [FINAL: W1T1]
		Images\MRH_X_20150611_061728_130.img [no cloud data W1T1] [FINAL: W1T1]
		Images\MRH_X_20150611_062039_131.img [no cloud data W1T1] [FINAL: W1T1]
		Images\MRH_X_20150611_062349_132.img [no cloud data W1T1] [FINAL: W1T1]
		Images\MRH_X_20150611_062658_133.img [no cloud data W1T1] [FINAL: W1T1]
		Images\MRH_X_20150611_063008_134.img [no cloud data W1T1] [FINAL: W1T1]
		Images\MRH_X_20150611_063317_135.img [no cloud data W1T1] [FINAL: W1T1]
		Images\MRH_X_20150611_063626_136.img [no cloud data W1T1] [FINAL: W1T1]
		Images\MRH_X_20150611_063934_137.img [no cloud data W1T1] [FINAL: W1T1]
		Images\MRH_X_20150611_064242_138.img [no cloud data W1T1] [FINAL: W1T1]
		Images\MRH_X_20150611_064550_139.img [no cloud data W1T1] [FINAL: W1T1]
		Images\MRH_X_20150611_064947_140.img [no cloud data W1T1] [FINAL: W1T1]
		Images\MRH_X_20150611_065258_141.img [no cloud data W1T1] [FINAL: W1T1]
		Images\MRH_X_20150611_065607_142.img [no cloud data W1T1] [FINAL: W1T1]
		Images\MRH_X_20150611_065917_143.img [no cloud data W1T1] [FINAL: W1T1]
		Images\MRH_X_20150611_070226_144.img [no cloud data W1T1] [FINAL: W1T1]
		Images\MRH_X_20150611_070536_145.img [no cloud data W1T1] [FINAL: W1T1]
		Images\MRH_X_20150611_070845_146.img [no cloud data W1T1] [FINAL: W1T1]
		Images\MRH_X_20150611_071153_147.img [no cloud data W1T1] [FINAL: W1T1]
		Images\MRH_X_20150611_071501_148.img [no cloud data W1T1] [FINAL: W1T1]
		Images\MRH_X_20150611_071809_149.img [no cloud data W1T1] [FINAL: W1T1]
		Images\MRH_X_20150611_072205_150.img [no cloud data W1T1] [FINAL: W1T1]
		Images\MRH_X_20150611_072517_151.img [no cloud data W1T1] [FINAL: W1T1]
		Images\MRH_X_20150611_073135_153.img [no cloud data W1T1] [FINAL: W1T1]
		Images\MRH_X_20150611_073445_154.img [no cloud data W1T1] [FINAL: W1T1]
		Images\MRH_X_20150611_073754_155.img [no cloud data W1T1] [FINAL: W1T1]
		Images\MRH_X_20150611_074103_156.img [no cloud data W1T1] [FINAL: W1T1]
		Images\MRH_X_20150611_074411_157.img [no cloud data W1T1] [FINAL: W1T1]
		Images\MRH_X_20150611_074719_158.img [no cloud data W1T1] [FINAL: W1T1]
		Images\MRH_X_20150611_075028_159.img [no cloud data W1T1] [FINAL: W1T1]
		Images\MRH_X_20150611_075424_160.img [no cloud data W1T1] [FINAL: W1T1]
		Images\MRH_X_20150611_075735_161.img [no cloud data W1T1] [FINAL: W1T1]
		Images\MRH_X_20150611_080353_163.img [no cloud data W1T1] [FINAL: W1T1]
		Images\MRH_X_20150611_080703_164.img [no cloud data W1T1] [FINAL: W1T1]
		Images\MRH_X_20150611_081012_165.img [no cloud data W1T1] [FINAL: W1T1]
		Images\MRH_X_20150611_081322_166.img [no cloud data W1T1] [FINAL: W1T1]
		Images\MRH_X_20150611_081630_167.img [no cloud data W1T1] [FINAL: W1T1]
		Images\MRH_X_20150611_081938_168.img [no cloud data W1T1] [FINAL: W1T1]
		Images\MRH_X_20150611_082246_169.img [no cloud data W1T1] [FINAL: W1T1]
		Images\MRH_X_20150611_082642_170.img [no cloud data W1T1] [FINAL: W1T1]
		Images\MRH_X_20150611_082953_171.img [no cloud data W1T1] [FINAL: W1T1]
		Images\MRH_X_20150611_083612_173.img [no cloud data W1T1] [FINAL: W1T1]
		Images\MRH_X_20150611_083922_174.img [no cloud data W1T1] [FINAL: W1T1]
		Images\MRH_X_20150611_084231_175.img [no cloud data W1T1] [FINAL: W1T1]
		Images\MRH_X_20150611_084540_176.img [no cloud data W1T1] [FINAL: W1T1]
		Images\MRH_X_20150611_084848_177.img [no cloud data W1T1] [FINAL: W1T1]
		Images\MRH_X_20150611_085156_178.img [no cloud data W1T1] [FINAL: W1T1]
		Images\MRH_X_20150611_085504_179.img [no cloud data W1T1] [FINAL: W1T1]
		Images\MRH_X_20150611_085900_180.img [no cloud data W1T1] [FINAL: W1T1]
		Images\MRH_X_20150611_090212_181.img [no cloud data W1T1] [FINAL: W1T1]
		Images\MRH_X_20150611_090830_183.img [no cloud data W1T1] [FINAL: W1T1]
		Images\MRH_X_20150611_091140_184.img [no cloud data W1T1] [FINAL: W1T1]
		Images\MRH_X_20150611_091449_185.img [no cloud data W1T1] [FINAL: W1T1]
		Images\MRH_X_20150611_091758_186.img [no cloud data W1T1] [FINAL: W1T1]
		Images\MRH_X_20150611_092107_187.img [no cloud data W1T1] [FINAL: W1T1]
		Images\MRH_X_20150611_092415_188.img [no cloud data W1T1] [FINAL: W1T1]
		Images\MRH_X_20150611_092723_189.img [no cloud data W1T1] [FINAL: W1T1]
		Images\MRH_X_20150611_093119_190.img [no cloud data W1T1] [FINAL: W1T1]
		Images\MRH_X_20150611_093431_191.img [no cloud data W1T1] [FINAL: W1T1]
		Images\MRH_X_20150611_094049_193.img [no cloud data W1T1] [FINAL: W1T1]
		Images\MRH_X_20150611_094359_194.img [no cloud data W1T1] [FINAL: W1T1]
		Images\MRH_X_20150611_094708_195.img [no cloud data W1T1] [FINAL: W1T1]
		Images\MRH_X_20150611_095017_196.img [no cloud data W1T1] [FINAL: W1T1]
		Images\MRH_X_20150611_095325_197.img [no cloud data W1T1] [FINAL: W1T1]
		Images\MRH_X_20150611_095633_198.img [no cloud data W1T1] [FINAL: W1T1]
		Images\MRH_X_20150611_095941_199.img [no cloud data W1T1] [FINAL: W1T1]
		Images\MRH_X_20150611_100337_200.img [no cloud data W1T1] [FINAL: W1T1]
		Images\MRH_X_20150611_100649_201.img [no cloud data W1T1] [FINAL: W1T1]
		Images\MRH_X_20150611_101307_203.img [no cloud data W1T1] [FINAL: W1T1]
		Images\MRH_X_20150611_101617_204.img [no cloud data W1T1] [FINAL: W1T1]
		Images\MRH_X_20150611_101926_205.img [no cloud data W1T1] [FINAL: W1T1]
		Images\MRH_X_20150611_102236_206.img [no cloud data W1T1] [FINAL: W1T1]
		Images\MRH_X_20150611_102544_207.img [no cloud data W1T1] [FINAL: W1T1]
		Images\MRH_X_20150611_102852_208.img [no cloud data W1T1] [FINAL: W1T1]
		Images\MRH_X_20150611_103200_209.img [no cloud data W1T1] [FINAL: W1T1]
		Images\MRH_X_20150611_103556_210.img [no cloud data W1T1] [FINAL: W1T1]
		Images\MRH_X_20150611_103907_211.img [no cloud data W1T1] [FINAL: W1T1]
04/07/2021 22:06:04 PM: Results saved to results/minime90_mrh_20150610.npz
