04/08/2021 00:37:01 AM: Logfile Created
04/08/2021 00:37:01 AM: Sun up during minime90/mrh/2015/20150618/Images\MRH_L_20150618_231352_001.img. Ignoring this image...
04/08/2021 00:37:02 AM: minime90/mrh/2015/20150618/Images\MRH_L_20150618_235020_002.img center: 257.67, 254.55
04/08/2021 00:37:02 AM: minime90/mrh/2015/20150618/Images\MRH_L_20150619_002236_003.img center: 257.69, 254.56
04/08/2021 00:37:02 AM: minime90/mrh/2015/20150618/Images\MRH_L_20150619_005453_004.img center: 257.61, 254.58
04/08/2021 00:37:02 AM: minime90/mrh/2015/20150618/Images\MRH_L_20150619_012709_005.img center: 257.57, 254.62
04/08/2021 00:37:03 AM: minime90/mrh/2015/20150618/Images\MRH_L_20150619_015926_006.img center: 257.61, 254.62
04/08/2021 00:37:03 AM: minime90/mrh/2015/20150618/Images\MRH_L_20150619_023142_007.img center: 257.55, 254.61
04/08/2021 00:37:03 AM: minime90/mrh/2015/20150618/Images\MRH_L_20150619_030359_008.img center: 257.58, 254.63
04/08/2021 00:37:03 AM: minime90/mrh/2015/20150618/Images\MRH_L_20150619_033616_009.img center: 257.57, 254.62
04/08/2021 00:37:04 AM: minime90/mrh/2015/20150618/Images\MRH_L_20150619_040832_010.img center: 257.56, 254.65
04/08/2021 00:37:04 AM: minime90/mrh/2015/20150618/Images\MRH_L_20150619_044049_011.img center: 257.53, 254.67
04/08/2021 00:37:04 AM: minime90/mrh/2015/20150618/Images\MRH_L_20150619_051306_012.img center: 257.56, 254.67
04/08/2021 00:37:04 AM: minime90/mrh/2015/20150618/Images\MRH_L_20150619_054523_013.img center: 257.51, 254.67
04/08/2021 00:37:05 AM: minime90/mrh/2015/20150618/Images\MRH_L_20150619_061740_014.img center: 257.49, 254.70
04/08/2021 00:37:05 AM: minime90/mrh/2015/20150618/Images\MRH_L_20150619_064957_015.img center: 257.56, 254.66
04/08/2021 00:37:05 AM: minime90/mrh/2015/20150618/Images\MRH_L_20150619_072214_016.img center: 257.47, 254.71
04/08/2021 00:37:05 AM: minime90/mrh/2015/20150618/Images\MRH_L_20150619_075430_017.img center: 257.46, 254.70
04/08/2021 00:37:05 AM: minime90/mrh/2015/20150618/Images\MRH_L_20150619_082647_018.img center: 257.52, 254.67
04/08/2021 00:37:06 AM: minime90/mrh/2015/20150618/Images\MRH_L_20150619_085904_019.img center: 257.48, 254.70
04/08/2021 00:37:06 AM: minime90/mrh/2015/20150618/Images\MRH_L_20150619_093121_020.img center: 257.51, 254.70
04/08/2021 00:37:06 AM: minime90/mrh/2015/20150618/Images\MRH_L_20150619_100338_021.img center: 257.48, 254.67
04/08/2021 00:37:06 AM: minime90/mrh/2015/20150618/Images\MRH_L_20150619_103554_022.img center: 257.50, 254.71
04/08/2021 00:37:07 AM: minime90/mrh/2015/20150618/Images\MRH_L_20150619_104614_212.img center: 257.52, 254.75
04/08/2021 00:37:09 AM: minime90/mrh/2015/20150618/Images\MRH_L_20150618_235020_002.img reduced chisqr: 6.0461
04/08/2021 00:37:12 AM: minime90/mrh/2015/20150618/Images\MRH_L_20150619_002236_003.img reduced chisqr: 4.5885
04/08/2021 00:37:15 AM: minime90/mrh/2015/20150618/Images\MRH_L_20150619_005453_004.img reduced chisqr: 4.3285
04/08/2021 00:37:18 AM: minime90/mrh/2015/20150618/Images\MRH_L_20150619_012709_005.img reduced chisqr: 5.1629
04/08/2021 00:37:20 AM: minime90/mrh/2015/20150618/Images\MRH_L_20150619_015926_006.img reduced chisqr: 4.1360
04/08/2021 00:37:23 AM: minime90/mrh/2015/20150618/Images\MRH_L_20150619_023142_007.img reduced chisqr: 4.4680
04/08/2021 00:37:26 AM: minime90/mrh/2015/20150618/Images\MRH_L_20150619_030359_008.img reduced chisqr: 4.9121
04/08/2021 00:37:29 AM: minime90/mrh/2015/20150618/Images\MRH_L_20150619_033616_009.img reduced chisqr: 3.8889
04/08/2021 00:37:31 AM: minime90/mrh/2015/20150618/Images\MRH_L_20150619_040832_010.img reduced chisqr: 4.3812
04/08/2021 00:37:34 AM: minime90/mrh/2015/20150618/Images\MRH_L_20150619_044049_011.img reduced chisqr: 5.6264
04/08/2021 00:37:37 AM: minime90/mrh/2015/20150618/Images\MRH_L_20150619_051306_012.img reduced chisqr: 4.8906
04/08/2021 00:37:40 AM: minime90/mrh/2015/20150618/Images\MRH_L_20150619_054523_013.img reduced chisqr: 3.7120
04/08/2021 00:37:42 AM: minime90/mrh/2015/20150618/Images\MRH_L_20150619_061740_014.img reduced chisqr: 4.4638
04/08/2021 00:37:45 AM: minime90/mrh/2015/20150618/Images\MRH_L_20150619_064957_015.img reduced chisqr: 5.0718
04/08/2021 00:37:48 AM: minime90/mrh/2015/20150618/Images\MRH_L_20150619_072214_016.img reduced chisqr: 4.8789
04/08/2021 00:37:50 AM: minime90/mrh/2015/20150618/Images\MRH_L_20150619_075430_017.img reduced chisqr: 5.2736
04/08/2021 00:37:53 AM: minime90/mrh/2015/20150618/Images\MRH_L_20150619_082647_018.img reduced chisqr: 5.0536
04/08/2021 00:37:56 AM: minime90/mrh/2015/20150618/Images\MRH_L_20150619_085904_019.img reduced chisqr: 5.6691
04/08/2021 00:37:58 AM: minime90/mrh/2015/20150618/Images\MRH_L_20150619_093121_020.img reduced chisqr: 4.8213
04/08/2021 00:38:01 AM: minime90/mrh/2015/20150618/Images\MRH_L_20150619_100338_021.img reduced chisqr: 5.8137
04/08/2021 00:38:04 AM: minime90/mrh/2015/20150618/Images\MRH_L_20150619_103554_022.img reduced chisqr: 5.0617
04/08/2021 00:38:06 AM: minime90/mrh/2015/20150618/Images\MRH_L_20150619_104614_212.img reduced chisqr: 6.6995
04/08/2021 00:38:06 AM: minime90/mrh/2015/20150618/Images\MRH_X_20150618_232154_001.img not bounded by laser images. Ignoring this image...
04/08/2021 00:38:06 AM: minime90/mrh/2015/20150618/Images\MRH_X_20150618_232504_002.img not bounded by laser images. Ignoring this image...
04/08/2021 00:38:06 AM: minime90/mrh/2015/20150618/Images\MRH_X_20150618_232813_003.img not bounded by laser images. Ignoring this image...
04/08/2021 00:38:06 AM: minime90/mrh/2015/20150618/Images\MRH_X_20150618_233123_004.img not bounded by laser images. Ignoring this image...
04/08/2021 00:38:06 AM: minime90/mrh/2015/20150618/Images\MRH_X_20150618_233432_005.img not bounded by laser images. Ignoring this image...
04/08/2021 00:38:06 AM: minime90/mrh/2015/20150618/Images\MRH_X_20150618_233741_006.img not bounded by laser images. Ignoring this image...
04/08/2021 00:38:06 AM: minime90/mrh/2015/20150618/Images\MRH_X_20150618_234049_007.img not bounded by laser images. Ignoring this image...
04/08/2021 00:38:06 AM: minime90/mrh/2015/20150618/Images\MRH_X_20150618_234357_008.img not bounded by laser images. Ignoring this image...
04/08/2021 00:38:06 AM: minime90/mrh/2015/20150618/Images\MRH_X_20150618_234705_009.img not bounded by laser images. Ignoring this image...
04/08/2021 00:38:13 AM: minime90/mrh/2015/20150618/Images\MRH_X_20150618_235101_010.img reduced chisqr: 1.4299.
			Message:"Tolerance seems to be too small."
04/08/2021 00:38:19 AM: minime90/mrh/2015/20150618/Images\MRH_X_20150618_235412_011.img reduced chisqr: 1.3280.
			Message:"Tolerance seems to be too small."
04/08/2021 00:38:26 AM: minime90/mrh/2015/20150618/Images\MRH_X_20150618_235721_012.img reduced chisqr: 1.2911.
			Message:"Tolerance seems to be too small."
04/08/2021 00:38:32 AM: minime90/mrh/2015/20150618/Images\MRH_X_20150619_000030_013.img reduced chisqr: 1.2518.
			Message:"Tolerance seems to be too small."
04/08/2021 00:38:38 AM: minime90/mrh/2015/20150618/Images\MRH_X_20150619_000339_014.img reduced chisqr: 1.2961.
			Message:"Tolerance seems to be too small."
04/08/2021 00:38:45 AM: minime90/mrh/2015/20150618/Images\MRH_X_20150619_000648_015.img reduced chisqr: 1.4014.
			Message:"Tolerance seems to be too small."
04/08/2021 00:38:51 AM: minime90/mrh/2015/20150618/Images\MRH_X_20150619_000957_016.img reduced chisqr: 1.4362.
			Message:"Tolerance seems to be too small."
04/08/2021 00:38:57 AM: minime90/mrh/2015/20150618/Images\MRH_X_20150619_001305_017.img reduced chisqr: 1.5916.
			Message:"Tolerance seems to be too small."
04/08/2021 00:39:04 AM: minime90/mrh/2015/20150618/Images\MRH_X_20150619_001613_018.img reduced chisqr: 1.2566.
			Message:"Tolerance seems to be too small."
04/08/2021 00:39:10 AM: minime90/mrh/2015/20150618/Images\MRH_X_20150619_001921_019.img reduced chisqr: 1.4509.
			Message:"Tolerance seems to be too small."
04/08/2021 00:39:17 AM: minime90/mrh/2015/20150618/Images\MRH_X_20150619_002317_020.img reduced chisqr: 1.5284.
			Message:"Tolerance seems to be too small."
04/08/2021 00:39:24 AM: minime90/mrh/2015/20150618/Images\MRH_X_20150619_002629_021.img reduced chisqr: 1.2571.
			Message:"Tolerance seems to be too small."
04/08/2021 00:39:30 AM: minime90/mrh/2015/20150618/Images\MRH_X_20150619_002938_022.img reduced chisqr: 1.3451.
			Message:"Tolerance seems to be too small."
04/08/2021 00:39:36 AM: minime90/mrh/2015/20150618/Images\MRH_X_20150619_003247_023.img reduced chisqr: 1.2212.
			Message:"Tolerance seems to be too small."
04/08/2021 00:39:43 AM: minime90/mrh/2015/20150618/Images\MRH_X_20150619_003556_024.img reduced chisqr: 1.3639.
			Message:"Tolerance seems to be too small."
04/08/2021 00:39:49 AM: minime90/mrh/2015/20150618/Images\MRH_X_20150619_003905_025.img reduced chisqr: 1.2330.
			Message:"Tolerance seems to be too small."
04/08/2021 00:39:56 AM: minime90/mrh/2015/20150618/Images\MRH_X_20150619_004214_026.img reduced chisqr: 1.3728.
			Message:"Tolerance seems to be too small."
04/08/2021 00:40:02 AM: minime90/mrh/2015/20150618/Images\MRH_X_20150619_004522_027.img reduced chisqr: 1.2629.
			Message:"Tolerance seems to be too small."
04/08/2021 00:40:09 AM: minime90/mrh/2015/20150618/Images\MRH_X_20150619_004830_028.img reduced chisqr: 1.8332.
			Message:"Tolerance seems to be too small."
04/08/2021 00:40:15 AM: minime90/mrh/2015/20150618/Images\MRH_X_20150619_005138_029.img reduced chisqr: 1.5370.
			Message:"Tolerance seems to be too small."
04/08/2021 00:40:21 AM: minime90/mrh/2015/20150618/Images\MRH_X_20150619_005534_030.img reduced chisqr: 1.4962.
			Message:"Tolerance seems to be too small."
04/08/2021 00:40:28 AM: minime90/mrh/2015/20150618/Images\MRH_X_20150619_005845_031.img reduced chisqr: 1.4069.
			Message:"Tolerance seems to be too small."
04/08/2021 00:40:34 AM: minime90/mrh/2015/20150618/Images\MRH_X_20150619_010154_032.img reduced chisqr: 1.1884.
			Message:"Tolerance seems to be too small."
04/08/2021 00:40:41 AM: minime90/mrh/2015/20150618/Images\MRH_X_20150619_010503_033.img reduced chisqr: 1.4190.
			Message:"Tolerance seems to be too small."
04/08/2021 00:40:47 AM: minime90/mrh/2015/20150618/Images\MRH_X_20150619_010813_034.img reduced chisqr: 1.4293.
			Message:"Tolerance seems to be too small."
04/08/2021 00:40:53 AM: minime90/mrh/2015/20150618/Images\MRH_X_20150619_011122_035.img reduced chisqr: 1.6476.
			Message:"Tolerance seems to be too small."
04/08/2021 00:41:00 AM: minime90/mrh/2015/20150618/Images\MRH_X_20150619_011431_036.img reduced chisqr: 1.2532.
			Message:"Tolerance seems to be too small."
04/08/2021 00:41:06 AM: minime90/mrh/2015/20150618/Images\MRH_X_20150619_011738_037.img reduced chisqr: 1.2348.
			Message:"Tolerance seems to be too small."
04/08/2021 00:41:12 AM: minime90/mrh/2015/20150618/Images\MRH_X_20150619_012046_038.img reduced chisqr: 1.3573.
			Message:"Tolerance seems to be too small."
04/08/2021 00:41:19 AM: minime90/mrh/2015/20150618/Images\MRH_X_20150619_012354_039.img reduced chisqr: 1.1511.
			Message:"Tolerance seems to be too small."
04/08/2021 00:41:25 AM: minime90/mrh/2015/20150618/Images\MRH_X_20150619_012750_040.img reduced chisqr: 1.3586.
			Message:"Tolerance seems to be too small."
04/08/2021 00:41:31 AM: minime90/mrh/2015/20150618/Images\MRH_X_20150619_013101_041.img reduced chisqr: 1.4081.
			Message:"Tolerance seems to be too small."
04/08/2021 00:41:38 AM: minime90/mrh/2015/20150618/Images\MRH_X_20150619_013410_042.img reduced chisqr: 1.3944.
			Message:"Tolerance seems to be too small."
04/08/2021 00:41:44 AM: minime90/mrh/2015/20150618/Images\MRH_X_20150619_013719_043.img reduced chisqr: 1.1011.
			Message:"Tolerance seems to be too small."
04/08/2021 00:41:50 AM: minime90/mrh/2015/20150618/Images\MRH_X_20150619_014029_044.img reduced chisqr: 1.3888.
			Message:"Tolerance seems to be too small."
04/08/2021 00:41:57 AM: minime90/mrh/2015/20150618/Images\MRH_X_20150619_014338_045.img reduced chisqr: 1.1982.
			Message:"Tolerance seems to be too small."
04/08/2021 00:42:03 AM: minime90/mrh/2015/20150618/Images\MRH_X_20150619_014647_046.img reduced chisqr: 1.2989.
			Message:"Tolerance seems to be too small."
04/08/2021 00:42:09 AM: minime90/mrh/2015/20150618/Images\MRH_X_20150619_014955_047.img reduced chisqr: 1.1854.
			Message:"Tolerance seems to be too small."
04/08/2021 00:42:16 AM: minime90/mrh/2015/20150618/Images\MRH_X_20150619_015303_048.img reduced chisqr: 1.3017.
			Message:"Tolerance seems to be too small."
04/08/2021 00:42:22 AM: minime90/mrh/2015/20150618/Images\MRH_X_20150619_015611_049.img reduced chisqr: 1.1374.
			Message:"Tolerance seems to be too small."
04/08/2021 00:42:29 AM: minime90/mrh/2015/20150618/Images\MRH_X_20150619_020007_050.img reduced chisqr: 1.6859.
			Message:"Tolerance seems to be too small."
04/08/2021 00:42:35 AM: minime90/mrh/2015/20150618/Images\MRH_X_20150619_020318_051.img reduced chisqr: 1.2953.
			Message:"Tolerance seems to be too small."
04/08/2021 00:42:41 AM: minime90/mrh/2015/20150618/Images\MRH_X_20150619_020627_052.img reduced chisqr: 1.3228.
			Message:"Tolerance seems to be too small."
04/08/2021 00:42:48 AM: minime90/mrh/2015/20150618/Images\MRH_X_20150619_020936_053.img reduced chisqr: 1.3440.
			Message:"Tolerance seems to be too small."
04/08/2021 00:42:54 AM: minime90/mrh/2015/20150618/Images\MRH_X_20150619_021245_054.img reduced chisqr: 1.3190.
			Message:"Tolerance seems to be too small."
04/08/2021 00:43:01 AM: minime90/mrh/2015/20150618/Images\MRH_X_20150619_021554_055.img reduced chisqr: 1.3005.
			Message:"Tolerance seems to be too small."
04/08/2021 00:43:07 AM: minime90/mrh/2015/20150618/Images\MRH_X_20150619_021903_056.img reduced chisqr: 1.3744.
			Message:"Tolerance seems to be too small."
04/08/2021 00:43:13 AM: minime90/mrh/2015/20150618/Images\MRH_X_20150619_022211_057.img reduced chisqr: 1.2411.
			Message:"Tolerance seems to be too small."
04/08/2021 00:43:20 AM: minime90/mrh/2015/20150618/Images\MRH_X_20150619_022519_058.img reduced chisqr: 1.2317.
			Message:"Tolerance seems to be too small."
04/08/2021 00:43:26 AM: minime90/mrh/2015/20150618/Images\MRH_X_20150619_022827_059.img reduced chisqr: 1.3168.
			Message:"Tolerance seems to be too small."
04/08/2021 00:43:33 AM: minime90/mrh/2015/20150618/Images\MRH_X_20150619_023223_060.img reduced chisqr: 1.6233.
			Message:"Tolerance seems to be too small."
04/08/2021 00:43:39 AM: minime90/mrh/2015/20150618/Images\MRH_X_20150619_023534_061.img reduced chisqr: 1.5507.
			Message:"Tolerance seems to be too small."
04/08/2021 00:43:46 AM: minime90/mrh/2015/20150618/Images\MRH_X_20150619_023843_062.img reduced chisqr: 1.4364.
			Message:"Tolerance seems to be too small."
04/08/2021 00:43:52 AM: minime90/mrh/2015/20150618/Images\MRH_X_20150619_024153_063.img reduced chisqr: 1.3361.
			Message:"Tolerance seems to be too small."
04/08/2021 00:43:58 AM: minime90/mrh/2015/20150618/Images\MRH_X_20150619_024502_064.img reduced chisqr: 1.5074.
			Message:"Tolerance seems to be too small."
04/08/2021 00:44:05 AM: minime90/mrh/2015/20150618/Images\MRH_X_20150619_024811_065.img reduced chisqr: 1.3358.
			Message:"Tolerance seems to be too small."
04/08/2021 00:44:11 AM: minime90/mrh/2015/20150618/Images\MRH_X_20150619_025120_066.img reduced chisqr: 1.4140.
			Message:"Tolerance seems to be too small."
04/08/2021 00:44:17 AM: minime90/mrh/2015/20150618/Images\MRH_X_20150619_025428_067.img reduced chisqr: 1.3490.
			Message:"Tolerance seems to be too small."
04/08/2021 00:44:24 AM: minime90/mrh/2015/20150618/Images\MRH_X_20150619_025736_068.img reduced chisqr: 1.5880.
			Message:"Tolerance seems to be too small."
04/08/2021 00:44:30 AM: minime90/mrh/2015/20150618/Images\MRH_X_20150619_030044_069.img reduced chisqr: 1.4225.
			Message:"Tolerance seems to be too small."
04/08/2021 00:44:36 AM: minime90/mrh/2015/20150618/Images\MRH_X_20150619_030440_070.img reduced chisqr: 2.0173.
			Message:"Tolerance seems to be too small."
04/08/2021 00:44:43 AM: minime90/mrh/2015/20150618/Images\MRH_X_20150619_030751_071.img reduced chisqr: 1.7253.
			Message:"Tolerance seems to be too small."
04/08/2021 00:44:49 AM: minime90/mrh/2015/20150618/Images\MRH_X_20150619_031100_072.img reduced chisqr: 2.1333.
			Message:"Tolerance seems to be too small."
04/08/2021 00:44:56 AM: minime90/mrh/2015/20150618/Images\MRH_X_20150619_031409_073.img reduced chisqr: 1.4135.
			Message:"Tolerance seems to be too small."
04/08/2021 00:45:02 AM: minime90/mrh/2015/20150618/Images\MRH_X_20150619_031719_074.img reduced chisqr: 1.7794.
			Message:"Tolerance seems to be too small."
04/08/2021 00:45:08 AM: minime90/mrh/2015/20150618/Images\MRH_X_20150619_032028_075.img reduced chisqr: 1.7180.
			Message:"Tolerance seems to be too small."
04/08/2021 00:45:15 AM: minime90/mrh/2015/20150618/Images\MRH_X_20150619_032337_076.img reduced chisqr: 1.3977.
			Message:"Tolerance seems to be too small."
04/08/2021 00:45:21 AM: minime90/mrh/2015/20150618/Images\MRH_X_20150619_032645_077.img reduced chisqr: 1.5532.
			Message:"Tolerance seems to be too small."
04/08/2021 00:45:28 AM: minime90/mrh/2015/20150618/Images\MRH_X_20150619_032953_078.img reduced chisqr: 1.4563.
			Message:"Tolerance seems to be too small."
04/08/2021 00:45:34 AM: minime90/mrh/2015/20150618/Images\MRH_X_20150619_033301_079.img reduced chisqr: 1.5712.
			Message:"Tolerance seems to be too small."
04/08/2021 00:45:41 AM: minime90/mrh/2015/20150618/Images\MRH_X_20150619_033657_080.img reduced chisqr: 1.5153.
			Message:"Tolerance seems to be too small."
04/08/2021 00:45:47 AM: minime90/mrh/2015/20150618/Images\MRH_X_20150619_034008_081.img reduced chisqr: 1.3386.
			Message:"Tolerance seems to be too small."
04/08/2021 00:45:53 AM: minime90/mrh/2015/20150618/Images\MRH_X_20150619_034317_082.img reduced chisqr: 1.2321.
			Message:"Tolerance seems to be too small."
04/08/2021 00:46:00 AM: minime90/mrh/2015/20150618/Images\MRH_X_20150619_034626_083.img reduced chisqr: 1.5525.
			Message:"Tolerance seems to be too small."
04/08/2021 00:46:06 AM: minime90/mrh/2015/20150618/Images\MRH_X_20150619_034936_084.img reduced chisqr: 1.4506.
			Message:"Tolerance seems to be too small."
04/08/2021 00:46:13 AM: minime90/mrh/2015/20150618/Images\MRH_X_20150619_035245_085.img reduced chisqr: 1.3793.
			Message:"Tolerance seems to be too small."
04/08/2021 00:46:19 AM: minime90/mrh/2015/20150618/Images\MRH_X_20150619_035554_086.img reduced chisqr: 1.4953.
			Message:"Tolerance seems to be too small."
04/08/2021 00:46:25 AM: minime90/mrh/2015/20150618/Images\MRH_X_20150619_035902_087.img reduced chisqr: 1.2096.
			Message:"Tolerance seems to be too small."
04/08/2021 00:46:32 AM: minime90/mrh/2015/20150618/Images\MRH_X_20150619_040210_088.img reduced chisqr: 1.4070.
			Message:"Tolerance seems to be too small."
04/08/2021 00:46:38 AM: minime90/mrh/2015/20150618/Images\MRH_X_20150619_040517_089.img reduced chisqr: 1.3522.
			Message:"Tolerance seems to be too small."
04/08/2021 00:46:45 AM: minime90/mrh/2015/20150618/Images\MRH_X_20150619_040914_090.img reduced chisqr: 1.5881.
			Message:"Tolerance seems to be too small."
04/08/2021 00:46:51 AM: minime90/mrh/2015/20150618/Images\MRH_X_20150619_041225_091.img reduced chisqr: 1.3189.
			Message:"Tolerance seems to be too small."
04/08/2021 00:46:57 AM: minime90/mrh/2015/20150618/Images\MRH_X_20150619_041534_092.img reduced chisqr: 1.3776.
			Message:"Tolerance seems to be too small."
04/08/2021 00:47:04 AM: minime90/mrh/2015/20150618/Images\MRH_X_20150619_041843_093.img reduced chisqr: 1.3236.
			Message:"Tolerance seems to be too small."
04/08/2021 00:47:10 AM: minime90/mrh/2015/20150618/Images\MRH_X_20150619_042153_094.img reduced chisqr: 1.3341.
			Message:"Tolerance seems to be too small."
04/08/2021 00:47:16 AM: minime90/mrh/2015/20150618/Images\MRH_X_20150619_042502_095.img reduced chisqr: 1.5369.
			Message:"Tolerance seems to be too small."
04/08/2021 00:47:22 AM: minime90/mrh/2015/20150618/Images\MRH_X_20150619_042811_096.img reduced chisqr: 1.3974.
			Message:"Tolerance seems to be too small."
04/08/2021 00:47:29 AM: minime90/mrh/2015/20150618/Images\MRH_X_20150619_043119_097.img reduced chisqr: 1.3884.
			Message:"Tolerance seems to be too small."
04/08/2021 00:47:35 AM: minime90/mrh/2015/20150618/Images\MRH_X_20150619_043426_098.img reduced chisqr: 1.5591.
			Message:"Tolerance seems to be too small."
04/08/2021 00:47:41 AM: minime90/mrh/2015/20150618/Images\MRH_X_20150619_043734_099.img reduced chisqr: 1.4433.
			Message:"Tolerance seems to be too small."
04/08/2021 00:47:48 AM: minime90/mrh/2015/20150618/Images\MRH_X_20150619_044130_100.img reduced chisqr: 1.4309.
			Message:"Tolerance seems to be too small."
04/08/2021 00:47:54 AM: minime90/mrh/2015/20150618/Images\MRH_X_20150619_044442_101.img reduced chisqr: 1.3428.
			Message:"Tolerance seems to be too small."
04/08/2021 00:48:00 AM: minime90/mrh/2015/20150618/Images\MRH_X_20150619_044751_102.img reduced chisqr: 1.3893.
			Message:"Tolerance seems to be too small."
04/08/2021 00:48:07 AM: minime90/mrh/2015/20150618/Images\MRH_X_20150619_045100_103.img reduced chisqr: 1.3784.
			Message:"Tolerance seems to be too small."
04/08/2021 00:48:13 AM: minime90/mrh/2015/20150618/Images\MRH_X_20150619_045409_104.img reduced chisqr: 1.4966.
			Message:"Tolerance seems to be too small."
04/08/2021 00:48:19 AM: minime90/mrh/2015/20150618/Images\MRH_X_20150619_045718_105.img reduced chisqr: 1.4670.
			Message:"Tolerance seems to be too small."
04/08/2021 00:48:26 AM: minime90/mrh/2015/20150618/Images\MRH_X_20150619_050027_106.img reduced chisqr: 1.4702.
			Message:"Tolerance seems to be too small."
04/08/2021 00:48:32 AM: minime90/mrh/2015/20150618/Images\MRH_X_20150619_050335_107.img reduced chisqr: 1.1977.
			Message:"Tolerance seems to be too small."
04/08/2021 00:48:38 AM: minime90/mrh/2015/20150618/Images\MRH_X_20150619_050643_108.img reduced chisqr: 1.2537.
			Message:"Tolerance seems to be too small."
04/08/2021 00:48:45 AM: minime90/mrh/2015/20150618/Images\MRH_X_20150619_050951_109.img reduced chisqr: 1.3720.
			Message:"Tolerance seems to be too small."
04/08/2021 00:48:51 AM: minime90/mrh/2015/20150618/Images\MRH_X_20150619_051347_110.img reduced chisqr: 1.5648.
			Message:"Tolerance seems to be too small."
04/08/2021 00:48:57 AM: minime90/mrh/2015/20150618/Images\MRH_X_20150619_051658_111.img reduced chisqr: 1.3596.
			Message:"Tolerance seems to be too small."
04/08/2021 00:49:04 AM: minime90/mrh/2015/20150618/Images\MRH_X_20150619_052007_112.img reduced chisqr: 1.4304.
			Message:"Tolerance seems to be too small."
04/08/2021 00:49:10 AM: minime90/mrh/2015/20150618/Images\MRH_X_20150619_052317_113.img reduced chisqr: 1.2380.
			Message:"Tolerance seems to be too small."
04/08/2021 00:49:16 AM: minime90/mrh/2015/20150618/Images\MRH_X_20150619_052626_114.img reduced chisqr: 1.2672.
			Message:"Tolerance seems to be too small."
04/08/2021 00:49:23 AM: minime90/mrh/2015/20150618/Images\MRH_X_20150619_052935_115.img reduced chisqr: 1.2826.
			Message:"Tolerance seems to be too small."
04/08/2021 00:49:29 AM: minime90/mrh/2015/20150618/Images\MRH_X_20150619_053244_116.img reduced chisqr: 1.2046.
			Message:"Tolerance seems to be too small."
04/08/2021 00:49:35 AM: minime90/mrh/2015/20150618/Images\MRH_X_20150619_053552_117.img reduced chisqr: 1.2488.
			Message:"Tolerance seems to be too small."
04/08/2021 00:49:42 AM: minime90/mrh/2015/20150618/Images\MRH_X_20150619_053900_118.img reduced chisqr: 1.1116.
			Message:"Tolerance seems to be too small."
04/08/2021 00:49:48 AM: minime90/mrh/2015/20150618/Images\MRH_X_20150619_054208_119.img reduced chisqr: 1.1378.
			Message:"Tolerance seems to be too small."
04/08/2021 00:49:55 AM: minime90/mrh/2015/20150618/Images\MRH_X_20150619_054604_120.img reduced chisqr: 1.3598.
			Message:"Tolerance seems to be too small."
04/08/2021 00:50:01 AM: minime90/mrh/2015/20150618/Images\MRH_X_20150619_054916_121.img reduced chisqr: 1.4859.
			Message:"Tolerance seems to be too small."
04/08/2021 00:50:07 AM: minime90/mrh/2015/20150618/Images\MRH_X_20150619_055225_122.img reduced chisqr: 1.1367.
			Message:"Tolerance seems to be too small."
04/08/2021 00:50:14 AM: minime90/mrh/2015/20150618/Images\MRH_X_20150619_055534_123.img reduced chisqr: 1.0966.
			Message:"Tolerance seems to be too small."
04/08/2021 00:50:20 AM: minime90/mrh/2015/20150618/Images\MRH_X_20150619_055843_124.img reduced chisqr: 1.3499.
			Message:"Tolerance seems to be too small."
04/08/2021 00:50:26 AM: minime90/mrh/2015/20150618/Images\MRH_X_20150619_060152_125.img reduced chisqr: 1.2003.
			Message:"Tolerance seems to be too small."
04/08/2021 00:50:33 AM: minime90/mrh/2015/20150618/Images\MRH_X_20150619_060501_126.img reduced chisqr: 1.1869.
			Message:"Tolerance seems to be too small."
04/08/2021 00:50:39 AM: minime90/mrh/2015/20150618/Images\MRH_X_20150619_060809_127.img reduced chisqr: 1.1932.
			Message:"Tolerance seems to be too small."
04/08/2021 00:50:46 AM: minime90/mrh/2015/20150618/Images\MRH_X_20150619_061117_128.img reduced chisqr: 1.5801.
			Message:"Tolerance seems to be too small."
04/08/2021 00:50:52 AM: minime90/mrh/2015/20150618/Images\MRH_X_20150619_061425_129.img reduced chisqr: 1.2385.
			Message:"Tolerance seems to be too small."
04/08/2021 00:50:58 AM: minime90/mrh/2015/20150618/Images\MRH_X_20150619_061821_130.img reduced chisqr: 0.9698.
			Message:"Tolerance seems to be too small."
04/08/2021 00:51:05 AM: minime90/mrh/2015/20150618/Images\MRH_X_20150619_062133_131.img reduced chisqr: 1.0785.
			Message:"Tolerance seems to be too small."
04/08/2021 00:51:11 AM: minime90/mrh/2015/20150618/Images\MRH_X_20150619_062442_132.img reduced chisqr: 1.2547.
			Message:"Tolerance seems to be too small."
04/08/2021 00:51:17 AM: minime90/mrh/2015/20150618/Images\MRH_X_20150619_062751_133.img reduced chisqr: 1.1252.
			Message:"Tolerance seems to be too small."
04/08/2021 00:51:24 AM: minime90/mrh/2015/20150618/Images\MRH_X_20150619_063100_134.img reduced chisqr: 1.2026.
			Message:"Tolerance seems to be too small."
04/08/2021 00:51:30 AM: minime90/mrh/2015/20150618/Images\MRH_X_20150619_063409_135.img reduced chisqr: 1.4254.
			Message:"Tolerance seems to be too small."
04/08/2021 00:51:36 AM: minime90/mrh/2015/20150618/Images\MRH_X_20150619_063718_136.img reduced chisqr: 1.1536.
			Message:"Tolerance seems to be too small."
04/08/2021 00:51:43 AM: minime90/mrh/2015/20150618/Images\MRH_X_20150619_064026_137.img reduced chisqr: 1.1934.
			Message:"Tolerance seems to be too small."
04/08/2021 00:51:49 AM: minime90/mrh/2015/20150618/Images\MRH_X_20150619_064334_138.img reduced chisqr: 1.3441.
			Message:"Tolerance seems to be too small."
04/08/2021 00:51:55 AM: minime90/mrh/2015/20150618/Images\MRH_X_20150619_064642_139.img reduced chisqr: 1.8393.
			Message:"Tolerance seems to be too small."
04/08/2021 00:52:02 AM: minime90/mrh/2015/20150618/Images\MRH_X_20150619_065038_140.img reduced chisqr: 1.2103.
			Message:"Tolerance seems to be too small."
04/08/2021 00:52:08 AM: minime90/mrh/2015/20150618/Images\MRH_X_20150619_065349_141.img reduced chisqr: 1.6014.
			Message:"Tolerance seems to be too small."
04/08/2021 00:52:14 AM: minime90/mrh/2015/20150618/Images\MRH_X_20150619_065658_142.img reduced chisqr: 1.1666.
			Message:"Tolerance seems to be too small."
04/08/2021 00:52:20 AM: minime90/mrh/2015/20150618/Images\MRH_X_20150619_070008_143.img reduced chisqr: 1.1510.
			Message:"Tolerance seems to be too small."
04/08/2021 00:52:27 AM: minime90/mrh/2015/20150618/Images\MRH_X_20150619_070317_144.img reduced chisqr: 1.0125.
			Message:"Tolerance seems to be too small."
04/08/2021 00:52:33 AM: minime90/mrh/2015/20150618/Images\MRH_X_20150619_070626_145.img reduced chisqr: 1.3163.
			Message:"Tolerance seems to be too small."
04/08/2021 00:52:39 AM: minime90/mrh/2015/20150618/Images\MRH_X_20150619_070935_146.img reduced chisqr: 1.2820.
			Message:"Tolerance seems to be too small."
04/08/2021 00:52:46 AM: minime90/mrh/2015/20150618/Images\MRH_X_20150619_071243_147.img reduced chisqr: 1.1493.
			Message:"Tolerance seems to be too small."
04/08/2021 00:52:52 AM: minime90/mrh/2015/20150618/Images\MRH_X_20150619_071551_148.img reduced chisqr: 1.2862.
			Message:"Tolerance seems to be too small."
04/08/2021 00:52:59 AM: minime90/mrh/2015/20150618/Images\MRH_X_20150619_071859_149.img reduced chisqr: 1.5560.
			Message:"Tolerance seems to be too small."
04/08/2021 00:53:05 AM: minime90/mrh/2015/20150618/Images\MRH_X_20150619_072255_150.img reduced chisqr: 1.4186.
			Message:"Tolerance seems to be too small."
04/08/2021 00:53:11 AM: minime90/mrh/2015/20150618/Images\MRH_X_20150619_072606_151.img reduced chisqr: 1.0768.
			Message:"Tolerance seems to be too small."
04/08/2021 00:53:18 AM: minime90/mrh/2015/20150618/Images\MRH_X_20150619_072915_152.img reduced chisqr: 1.0565.
			Message:"Tolerance seems to be too small."
04/08/2021 00:53:24 AM: minime90/mrh/2015/20150618/Images\MRH_X_20150619_073224_153.img reduced chisqr: 1.6317.
			Message:"Tolerance seems to be too small."
04/08/2021 00:53:31 AM: minime90/mrh/2015/20150618/Images\MRH_X_20150619_073534_154.img reduced chisqr: 1.2499.
			Message:"Tolerance seems to be too small."
04/08/2021 00:53:37 AM: minime90/mrh/2015/20150618/Images\MRH_X_20150619_073843_155.img reduced chisqr: 1.1515.
			Message:"Tolerance seems to be too small."
04/08/2021 00:53:43 AM: minime90/mrh/2015/20150618/Images\MRH_X_20150619_074152_156.img reduced chisqr: 0.9623.
			Message:"Tolerance seems to be too small."
04/08/2021 00:53:50 AM: minime90/mrh/2015/20150618/Images\MRH_X_20150619_074500_157.img reduced chisqr: 1.0772.
			Message:"Tolerance seems to be too small."
04/08/2021 00:53:56 AM: minime90/mrh/2015/20150618/Images\MRH_X_20150619_074808_158.img reduced chisqr: 1.4725.
			Message:"Tolerance seems to be too small."
04/08/2021 00:54:03 AM: minime90/mrh/2015/20150618/Images\MRH_X_20150619_075116_159.img reduced chisqr: 1.2586.
			Message:"Tolerance seems to be too small."
04/08/2021 00:54:09 AM: minime90/mrh/2015/20150618/Images\MRH_X_20150619_075512_160.img reduced chisqr: 1.1647.
			Message:"Tolerance seems to be too small."
04/08/2021 00:54:16 AM: minime90/mrh/2015/20150618/Images\MRH_X_20150619_075823_161.img reduced chisqr: 1.1138.
			Message:"Tolerance seems to be too small."
04/08/2021 00:54:22 AM: minime90/mrh/2015/20150618/Images\MRH_X_20150619_080132_162.img reduced chisqr: 1.0671.
			Message:"Tolerance seems to be too small."
04/08/2021 00:54:28 AM: minime90/mrh/2015/20150618/Images\MRH_X_20150619_080441_163.img reduced chisqr: 1.2037.
			Message:"Tolerance seems to be too small."
04/08/2021 00:54:35 AM: minime90/mrh/2015/20150618/Images\MRH_X_20150619_080750_164.img reduced chisqr: 1.1401.
			Message:"Tolerance seems to be too small."
04/08/2021 00:54:41 AM: minime90/mrh/2015/20150618/Images\MRH_X_20150619_081059_165.img reduced chisqr: 1.1471.
			Message:"Tolerance seems to be too small."
04/08/2021 00:54:47 AM: minime90/mrh/2015/20150618/Images\MRH_X_20150619_081408_166.img reduced chisqr: 1.0200.
			Message:"Tolerance seems to be too small."
04/08/2021 00:54:54 AM: minime90/mrh/2015/20150618/Images\MRH_X_20150619_081716_167.img reduced chisqr: 1.0816.
			Message:"Tolerance seems to be too small."
04/08/2021 00:55:00 AM: minime90/mrh/2015/20150618/Images\MRH_X_20150619_082024_168.img reduced chisqr: 1.1128.
			Message:"Tolerance seems to be too small."
04/08/2021 00:55:06 AM: minime90/mrh/2015/20150618/Images\MRH_X_20150619_082332_169.img reduced chisqr: 1.0032.
			Message:"Tolerance seems to be too small."
04/08/2021 00:55:12 AM: minime90/mrh/2015/20150618/Images\MRH_X_20150619_082728_170.img reduced chisqr: 1.4951.
			Message:"Tolerance seems to be too small."
04/08/2021 00:55:19 AM: minime90/mrh/2015/20150618/Images\MRH_X_20150619_083039_171.img reduced chisqr: 1.0309.
			Message:"Tolerance seems to be too small."
04/08/2021 00:55:25 AM: minime90/mrh/2015/20150618/Images\MRH_X_20150619_083348_172.img reduced chisqr: 0.9856.
			Message:"Tolerance seems to be too small."
04/08/2021 00:55:31 AM: minime90/mrh/2015/20150618/Images\MRH_X_20150619_083658_173.img reduced chisqr: 1.2421.
			Message:"Tolerance seems to be too small."
04/08/2021 00:55:37 AM: minime90/mrh/2015/20150618/Images\MRH_X_20150619_084007_174.img reduced chisqr: 1.3016.
			Message:"Tolerance seems to be too small."
04/08/2021 00:55:44 AM: minime90/mrh/2015/20150618/Images\MRH_X_20150619_084316_175.img reduced chisqr: 1.1918.
			Message:"Tolerance seems to be too small."
04/08/2021 00:55:50 AM: minime90/mrh/2015/20150618/Images\MRH_X_20150619_084625_176.img reduced chisqr: 1.0675.
			Message:"Tolerance seems to be too small."
04/08/2021 00:55:56 AM: minime90/mrh/2015/20150618/Images\MRH_X_20150619_084933_177.img reduced chisqr: 1.2718.
			Message:"Tolerance seems to be too small."
04/08/2021 00:56:02 AM: minime90/mrh/2015/20150618/Images\MRH_X_20150619_085241_178.img reduced chisqr: 1.1194.
			Message:"Tolerance seems to be too small."
04/08/2021 00:56:09 AM: minime90/mrh/2015/20150618/Images\MRH_X_20150619_085549_179.img reduced chisqr: 1.3005.
			Message:"Tolerance seems to be too small."
04/08/2021 00:56:15 AM: minime90/mrh/2015/20150618/Images\MRH_X_20150619_085945_180.img reduced chisqr: 1.6860.
			Message:"Tolerance seems to be too small."
04/08/2021 00:56:21 AM: minime90/mrh/2015/20150618/Images\MRH_X_20150619_090256_181.img reduced chisqr: 1.3159.
			Message:"Tolerance seems to be too small."
04/08/2021 00:56:27 AM: minime90/mrh/2015/20150618/Images\MRH_X_20150619_090605_182.img reduced chisqr: 1.5341.
			Message:"Tolerance seems to be too small."
04/08/2021 00:56:34 AM: minime90/mrh/2015/20150618/Images\MRH_X_20150619_090914_183.img reduced chisqr: 1.3939.
			Message:"Tolerance seems to be too small."
04/08/2021 00:56:40 AM: minime90/mrh/2015/20150618/Images\MRH_X_20150619_091224_184.img reduced chisqr: 1.1062.
			Message:"Tolerance seems to be too small."
04/08/2021 00:56:46 AM: minime90/mrh/2015/20150618/Images\MRH_X_20150619_091533_185.img reduced chisqr: 0.9702.
			Message:"Tolerance seems to be too small."
04/08/2021 00:56:53 AM: minime90/mrh/2015/20150618/Images\MRH_X_20150619_091842_186.img reduced chisqr: 1.3368.
			Message:"Tolerance seems to be too small."
04/08/2021 00:56:59 AM: minime90/mrh/2015/20150618/Images\MRH_X_20150619_092150_187.img reduced chisqr: 0.9736.
			Message:"Tolerance seems to be too small."
04/08/2021 00:57:05 AM: minime90/mrh/2015/20150618/Images\MRH_X_20150619_092458_188.img reduced chisqr: 0.9970.
			Message:"Tolerance seems to be too small."
04/08/2021 00:57:11 AM: minime90/mrh/2015/20150618/Images\MRH_X_20150619_092806_189.img reduced chisqr: 1.0852.
			Message:"Tolerance seems to be too small."
04/08/2021 00:57:18 AM: minime90/mrh/2015/20150618/Images\MRH_X_20150619_093202_190.img reduced chisqr: 1.0564.
			Message:"Tolerance seems to be too small."
04/08/2021 00:57:24 AM: minime90/mrh/2015/20150618/Images\MRH_X_20150619_093513_191.img reduced chisqr: 1.0638.
			Message:"Tolerance seems to be too small."
04/08/2021 00:57:30 AM: minime90/mrh/2015/20150618/Images\MRH_X_20150619_093822_192.img reduced chisqr: 1.2342.
			Message:"Tolerance seems to be too small."
04/08/2021 00:57:36 AM: minime90/mrh/2015/20150618/Images\MRH_X_20150619_094131_193.img reduced chisqr: 0.9883.
			Message:"Tolerance seems to be too small."
04/08/2021 00:57:43 AM: minime90/mrh/2015/20150618/Images\MRH_X_20150619_094441_194.img reduced chisqr: 1.1113.
			Message:"Tolerance seems to be too small."
04/08/2021 00:57:49 AM: minime90/mrh/2015/20150618/Images\MRH_X_20150619_094750_195.img reduced chisqr: 1.1892.
			Message:"Tolerance seems to be too small."
04/08/2021 00:57:55 AM: minime90/mrh/2015/20150618/Images\MRH_X_20150619_095059_196.img reduced chisqr: 1.1291.
			Message:"Tolerance seems to be too small."
04/08/2021 00:58:01 AM: minime90/mrh/2015/20150618/Images\MRH_X_20150619_095407_197.img reduced chisqr: 1.3601.
			Message:"Tolerance seems to be too small."
04/08/2021 00:58:08 AM: minime90/mrh/2015/20150618/Images\MRH_X_20150619_095715_198.img reduced chisqr: 1.1015.
			Message:"Tolerance seems to be too small."
04/08/2021 00:58:14 AM: minime90/mrh/2015/20150618/Images\MRH_X_20150619_100023_199.img reduced chisqr: 1.6439.
			Message:"Tolerance seems to be too small."
04/08/2021 00:58:20 AM: minime90/mrh/2015/20150618/Images\MRH_X_20150619_100418_200.img reduced chisqr: 1.2407.
			Message:"Tolerance seems to be too small."
04/08/2021 00:58:26 AM: minime90/mrh/2015/20150618/Images\MRH_X_20150619_100730_201.img reduced chisqr: 1.8486.
			Message:"Tolerance seems to be too small."
04/08/2021 00:58:32 AM: minime90/mrh/2015/20150618/Images\MRH_X_20150619_101039_202.img reduced chisqr: 1.1744.
			Message:"Tolerance seems to be too small."
04/08/2021 00:58:39 AM: minime90/mrh/2015/20150618/Images\MRH_X_20150619_101348_203.img reduced chisqr: 1.2889.
			Message:"Tolerance seems to be too small."
04/08/2021 00:58:45 AM: minime90/mrh/2015/20150618/Images\MRH_X_20150619_101657_204.img reduced chisqr: 1.0342.
			Message:"Tolerance seems to be too small."
04/08/2021 00:58:51 AM: minime90/mrh/2015/20150618/Images\MRH_X_20150619_102006_205.img reduced chisqr: 1.0358.
			Message:"Tolerance seems to be too small."
04/08/2021 00:58:58 AM: minime90/mrh/2015/20150618/Images\MRH_X_20150619_102315_206.img reduced chisqr: 1.0455.
			Message:"Tolerance seems to be too small."
04/08/2021 00:59:04 AM: minime90/mrh/2015/20150618/Images\MRH_X_20150619_102623_207.img reduced chisqr: 1.1913.
			Message:"Tolerance seems to be too small."
04/08/2021 00:59:10 AM: minime90/mrh/2015/20150618/Images\MRH_X_20150619_102931_208.img reduced chisqr: 1.2077.
			Message:"Tolerance seems to be too small."
04/08/2021 00:59:16 AM: minime90/mrh/2015/20150618/Images\MRH_X_20150619_103239_209.img reduced chisqr: 1.2051.
			Message:"Tolerance seems to be too small."
04/08/2021 00:59:22 AM: minime90/mrh/2015/20150618/Images\MRH_X_20150619_103635_210.img reduced chisqr: 1.2007.
			Message:"Tolerance seems to be too small."
04/08/2021 00:59:29 AM: minime90/mrh/2015/20150618/Images\MRH_X_20150619_103947_211.img reduced chisqr: 1.6371.
			Message:"Tolerance seems to be too small."
04/08/2021 00:59:35 AM: minime90/mrh/2015/20150618/Images\MRH_X_20150619_104256_212.img reduced chisqr: 2.7348.
			Message:"Tolerance seems to be too small."
04/08/2021 00:59:35 AM: WARNING: Exposure time is not changing.
04/08/2021 00:59:35 AM: Created diagnostic plots.
04/08/2021 00:59:35 AM: Laser and sky image analysis complete.
04/08/2021 00:59:35 AM: No Boltwood cloud sensor data found.
04/08/2021 00:59:35 AM: No X300 temperature sensor data found.
04/08/2021 00:59:35 AM:  Quality Flag Calculation:
		Manual Wind Flag: 0
		Manual Temperature Flag: 0
		Laser Drift: False
		Sample-specific flags:
		Images\MRH_X_20150618_235101_010.img [no cloud data W1T1] [FINAL: W1T1]
		Images\MRH_X_20150618_235412_011.img [no cloud data W1T1] [FINAL: W1T1]
		Images\MRH_X_20150618_235721_012.img [no cloud data W1T1] [FINAL: W1T1]
		Images\MRH_X_20150619_000030_013.img [no cloud data W1T1] [FINAL: W1T1]
		Images\MRH_X_20150619_000339_014.img [no cloud data W1T1] [FINAL: W1T1]
		Images\MRH_X_20150619_000648_015.img [no cloud data W1T1] [FINAL: W1T1]
		Images\MRH_X_20150619_000957_016.img [no cloud data W1T1] [FINAL: W1T1]
		Images\MRH_X_20150619_001305_017.img [no cloud data W1T1] [FINAL: W1T1]
		Images\MRH_X_20150619_001613_018.img [no cloud data W1T1] [FINAL: W1T1]
		Images\MRH_X_20150619_001921_019.img [no cloud data W1T1] [FINAL: W1T1]
		Images\MRH_X_20150619_002317_020.img [no cloud data W1T1] [FINAL: W1T1]
		Images\MRH_X_20150619_002629_021.img [no cloud data W1T1] [FINAL: W1T1]
		Images\MRH_X_20150619_002938_022.img [no cloud data W1T1] [FINAL: W1T1]
		Images\MRH_X_20150619_003247_023.img [no cloud data W1T1] [FINAL: W1T1]
		Images\MRH_X_20150619_003556_024.img [no cloud data W1T1] [FINAL: W1T1]
		Images\MRH_X_20150619_003905_025.img [no cloud data W1T1] [FINAL: W1T1]
		Images\MRH_X_20150619_004214_026.img [no cloud data W1T1] [FINAL: W1T1]
		Images\MRH_X_20150619_004522_027.img [no cloud data W1T1] [FINAL: W1T1]
		Images\MRH_X_20150619_004830_028.img [no cloud data W1T1] [FINAL: W1T1]
		Images\MRH_X_20150619_005138_029.img [no cloud data W1T1] [FINAL: W1T1]
		Images\MRH_X_20150619_005534_030.img [no cloud data W1T1] [FINAL: W1T1]
		Images\MRH_X_20150619_005845_031.img [no cloud data W1T1] [FINAL: W1T1]
		Images\MRH_X_20150619_010154_032.img [no cloud data W1T1] [FINAL: W1T1]
		Images\MRH_X_20150619_010503_033.img [no cloud data W1T1] [FINAL: W1T1]
		Images\MRH_X_20150619_010813_034.img [no cloud data W1T1] [FINAL: W1T1]
		Images\MRH_X_20150619_011122_035.img [no cloud data W1T1] [FINAL: W1T1]
		Images\MRH_X_20150619_011431_036.img [no cloud data W1T1] [FINAL: W1T1]
		Images\MRH_X_20150619_011738_037.img [no cloud data W1T1] [FINAL: W1T1]
		Images\MRH_X_20150619_012046_038.img [no cloud data W1T1] [FINAL: W1T1]
		Images\MRH_X_20150619_012354_039.img [no cloud data W1T1] [FINAL: W1T1]
		Images\MRH_X_20150619_012750_040.img [no cloud data W1T1] [FINAL: W1T1]
		Images\MRH_X_20150619_013101_041.img [no cloud data W1T1] [FINAL: W1T1]
		Images\MRH_X_20150619_013410_042.img [no cloud data W1T1] [FINAL: W1T1]
		Images\MRH_X_20150619_013719_043.img [no cloud data W1T1] [FINAL: W1T1]
		Images\MRH_X_20150619_014029_044.img [no cloud data W1T1] [FINAL: W1T1]
		Images\MRH_X_20150619_014338_045.img [no cloud data W1T1] [FINAL: W1T1]
		Images\MRH_X_20150619_014647_046.img [no cloud data W1T1] [FINAL: W1T1]
		Images\MRH_X_20150619_014955_047.img [no cloud data W1T1] [FINAL: W1T1]
		Images\MRH_X_20150619_015303_048.img [no cloud data W1T1] [FINAL: W1T1]
		Images\MRH_X_20150619_015611_049.img [no cloud data W1T1] [FINAL: W1T1]
		Images\MRH_X_20150619_020007_050.img [no cloud data W1T1] [FINAL: W1T1]
		Images\MRH_X_20150619_020318_051.img [no cloud data W1T1] [FINAL: W1T1]
		Images\MRH_X_20150619_020627_052.img [no cloud data W1T1] [FINAL: W1T1]
		Images\MRH_X_20150619_020936_053.img [no cloud data W1T1] [FINAL: W1T1]
		Images\MRH_X_20150619_021245_054.img [no cloud data W1T1] [FINAL: W1T1]
		Images\MRH_X_20150619_021554_055.img [no cloud data W1T1] [FINAL: W1T1]
		Images\MRH_X_20150619_021903_056.img [no cloud data W1T1] [FINAL: W1T1]
		Images\MRH_X_20150619_022211_057.img [no cloud data W1T1] [FINAL: W1T1]
		Images\MRH_X_20150619_022519_058.img [no cloud data W1T1] [FINAL: W1T1]
		Images\MRH_X_20150619_022827_059.img [no cloud data W1T1] [FINAL: W1T1]
		Images\MRH_X_20150619_023223_060.img [no cloud data W1T1] [FINAL: W1T1]
		Images\MRH_X_20150619_023534_061.img [no cloud data W1T1] [FINAL: W1T1]
		Images\MRH_X_20150619_023843_062.img [no cloud data W1T1] [FINAL: W1T1]
		Images\MRH_X_20150619_024153_063.img [no cloud data W1T1] [FINAL: W1T1]
		Images\MRH_X_20150619_024502_064.img [no cloud data W1T1] [FINAL: W1T1]
		Images\MRH_X_20150619_024811_065.img [no cloud data W1T1] [FINAL: W1T1]
		Images\MRH_X_20150619_025120_066.img [no cloud data W1T1] [FINAL: W1T1]
		Images\MRH_X_20150619_025428_067.img [no cloud data W1T1] [FINAL: W1T1]
		Images\MRH_X_20150619_025736_068.img [no cloud data W1T1] [FINAL: W1T1]
		Images\MRH_X_20150619_030044_069.img [no cloud data W1T1] [FINAL: W1T1]
		Images\MRH_X_20150619_030440_070.img [no cloud data W1T1] [FINAL: W1T1]
		Images\MRH_X_20150619_030751_071.img [no cloud data W1T1] [FINAL: W1T1]
		Images\MRH_X_20150619_031100_072.img [no cloud data W1T1] [FINAL: W1T1]
		Images\MRH_X_20150619_031409_073.img [no cloud data W1T1] [FINAL: W1T1]
		Images\MRH_X_20150619_031719_074.img [no cloud data W1T1] [FINAL: W1T1]
		Images\MRH_X_20150619_032028_075.img [no cloud data W1T1] [FINAL: W1T1]
		Images\MRH_X_20150619_032337_076.img [no cloud data W1T1] [FINAL: W1T1]
		Images\MRH_X_20150619_032645_077.img [no cloud data W1T1] [FINAL: W1T1]
		Images\MRH_X_20150619_032953_078.img [no cloud data W1T1] [FINAL: W1T1]
		Images\MRH_X_20150619_033301_079.img [no cloud data W1T1] [FINAL: W1T1]
		Images\MRH_X_20150619_033657_080.img [no cloud data W1T1] [FINAL: W1T1]
		Images\MRH_X_20150619_034008_081.img [no cloud data W1T1] [FINAL: W1T1]
		Images\MRH_X_20150619_034317_082.img [no cloud data W1T1] [FINAL: W1T1]
		Images\MRH_X_20150619_034626_083.img [no cloud data W1T1] [FINAL: W1T1]
		Images\MRH_X_20150619_034936_084.img [no cloud data W1T1] [FINAL: W1T1]
		Images\MRH_X_20150619_035245_085.img [no cloud data W1T1] [FINAL: W1T1]
		Images\MRH_X_20150619_035554_086.img [no cloud data W1T1] [FINAL: W1T1]
		Images\MRH_X_20150619_035902_087.img [no cloud data W1T1] [FINAL: W1T1]
		Images\MRH_X_20150619_040210_088.img [no cloud data W1T1] [FINAL: W1T1]
		Images\MRH_X_20150619_040517_089.img [no cloud data W1T1] [FINAL: W1T1]
		Images\MRH_X_20150619_040914_090.img [no cloud data W1T1] [FINAL: W1T1]
		Images\MRH_X_20150619_041225_091.img [no cloud data W1T1] [FINAL: W1T1]
		Images\MRH_X_20150619_041534_092.img [no cloud data W1T1] [FINAL: W1T1]
		Images\MRH_X_20150619_041843_093.img [no cloud data W1T1] [FINAL: W1T1]
		Images\MRH_X_20150619_042153_094.img [no cloud data W1T1] [FINAL: W1T1]
		Images\MRH_X_20150619_042502_095.img [no cloud data W1T1] [FINAL: W1T1]
		Images\MRH_X_20150619_042811_096.img [no cloud data W1T1] [FINAL: W1T1]
		Images\MRH_X_20150619_043119_097.img [no cloud data W1T1] [FINAL: W1T1]
		Images\MRH_X_20150619_043426_098.img [no cloud data W1T1] [FINAL: W1T1]
		Images\MRH_X_20150619_043734_099.img [no cloud data W1T1] [FINAL: W1T1]
		Images\MRH_X_20150619_044130_100.img [no cloud data W1T1] [FINAL: W1T1]
		Images\MRH_X_20150619_044442_101.img [no cloud data W1T1] [FINAL: W1T1]
		Images\MRH_X_20150619_044751_102.img [no cloud data W1T1] [FINAL: W1T1]
		Images\MRH_X_20150619_045100_103.img [no cloud data W1T1] [FINAL: W1T1]
		Images\MRH_X_20150619_045409_104.img [no cloud data W1T1] [FINAL: W1T1]
		Images\MRH_X_20150619_045718_105.img [no cloud data W1T1] [FINAL: W1T1]
		Images\MRH_X_20150619_050027_106.img [no cloud data W1T1] [FINAL: W1T1]
		Images\MRH_X_20150619_050335_107.img [no cloud data W1T1] [FINAL: W1T1]
		Images\MRH_X_20150619_050643_108.img [no cloud data W1T1] [FINAL: W1T1]
		Images\MRH_X_20150619_050951_109.img [no cloud data W1T1] [FINAL: W1T1]
		Images\MRH_X_20150619_051347_110.img [no cloud data W1T1] [FINAL: W1T1]
		Images\MRH_X_20150619_051658_111.img [no cloud data W1T1] [FINAL: W1T1]
		Images\MRH_X_20150619_052007_112.img [no cloud data W1T1] [FINAL: W1T1]
		Images\MRH_X_20150619_052317_113.img [no cloud data W1T1] [FINAL: W1T1]
		Images\MRH_X_20150619_052626_114.img [no cloud data W1T1] [FINAL: W1T1]
		Images\MRH_X_20150619_052935_115.img [no cloud data W1T1] [FINAL: W1T1]
		Images\MRH_X_20150619_053244_116.img [no cloud data W1T1] [FINAL: W1T1]
		Images\MRH_X_20150619_053552_117.img [no cloud data W1T1] [FINAL: W1T1]
		Images\MRH_X_20150619_053900_118.img [no cloud data W1T1] [FINAL: W1T1]
		Images\MRH_X_20150619_054208_119.img [no cloud data W1T1] [FINAL: W1T1]
		Images\MRH_X_20150619_054604_120.img [no cloud data W1T1] [FINAL: W1T1]
		Images\MRH_X_20150619_054916_121.img [no cloud data W1T1] [FINAL: W1T1]
		Images\MRH_X_20150619_055225_122.img [no cloud data W1T1] [FINAL: W1T1]
		Images\MRH_X_20150619_055534_123.img [no cloud data W1T1] [FINAL: W1T1]
		Images\MRH_X_20150619_055843_124.img [no cloud data W1T1] [FINAL: W1T1]
		Images\MRH_X_20150619_060152_125.img [no cloud data W1T1] [FINAL: W1T1]
		Images\MRH_X_20150619_060501_126.img [no cloud data W1T1] [FINAL: W1T1]
		Images\MRH_X_20150619_060809_127.img [no cloud data W1T1] [FINAL: W1T1]
		Images\MRH_X_20150619_061117_128.img [no cloud data W1T1] [FINAL: W1T1]
		Images\MRH_X_20150619_061425_129.img [no cloud data W1T1] [FINAL: W1T1]
		Images\MRH_X_20150619_061821_130.img [no cloud data W1T1] [FINAL: W1T1]
		Images\MRH_X_20150619_062133_131.img [no cloud data W1T1] [FINAL: W1T1]
		Images\MRH_X_20150619_062442_132.img [no cloud data W1T1] [FINAL: W1T1]
		Images\MRH_X_20150619_062751_133.img [no cloud data W1T1] [FINAL: W1T1]
		Images\MRH_X_20150619_063100_134.img [no cloud data W1T1] [FINAL: W1T1]
		Images\MRH_X_20150619_063409_135.img [no cloud data W1T1] [FINAL: W1T1]
		Images\MRH_X_20150619_063718_136.img [no cloud data W1T1] [FINAL: W1T1]
		Images\MRH_X_20150619_064026_137.img [no cloud data W1T1] [FINAL: W1T1]
		Images\MRH_X_20150619_064334_138.img [no cloud data W1T1] [FINAL: W1T1]
		Images\MRH_X_20150619_064642_139.img [no cloud data W1T1] [FINAL: W1T1]
		Images\MRH_X_20150619_065038_140.img [no cloud data W1T1] [FINAL: W1T1]
		Images\MRH_X_20150619_065349_141.img [no cloud data W1T1] [FINAL: W1T1]
		Images\MRH_X_20150619_065658_142.img [no cloud data W1T1] [FINAL: W1T1]
		Images\MRH_X_20150619_070008_143.img [no cloud data W1T1] [FINAL: W1T1]
		Images\MRH_X_20150619_070317_144.img [no cloud data W1T1] [FINAL: W1T1]
		Images\MRH_X_20150619_070626_145.img [no cloud data W1T1] [FINAL: W1T1]
		Images\MRH_X_20150619_070935_146.img [no cloud data W1T1] [FINAL: W1T1]
		Images\MRH_X_20150619_071243_147.img [no cloud data W1T1] [FINAL: W1T1]
		Images\MRH_X_20150619_071551_148.img [no cloud data W1T1] [FINAL: W1T1]
		Images\MRH_X_20150619_071859_149.img [no cloud data W1T1] [FINAL: W1T1]
		Images\MRH_X_20150619_072255_150.img [no cloud data W1T1] [FINAL: W1T1]
		Images\MRH_X_20150619_072606_151.img [no cloud data W1T1] [FINAL: W1T1]
		Images\MRH_X_20150619_072915_152.img [no cloud data W1T1] [FINAL: W1T1]
		Images\MRH_X_20150619_073224_153.img [no cloud data W1T1] [FINAL: W1T1]
		Images\MRH_X_20150619_073534_154.img [no cloud data W1T1] [FINAL: W1T1]
		Images\MRH_X_20150619_073843_155.img [no cloud data W1T1] [FINAL: W1T1]
		Images\MRH_X_20150619_074152_156.img [no cloud data W1T1] [FINAL: W1T1]
		Images\MRH_X_20150619_074500_157.img [no cloud data W1T1] [FINAL: W1T1]
		Images\MRH_X_20150619_074808_158.img [no cloud data W1T1] [FINAL: W1T1]
		Images\MRH_X_20150619_075116_159.img [no cloud data W1T1] [FINAL: W1T1]
		Images\MRH_X_20150619_075512_160.img [no cloud data W1T1] [FINAL: W1T1]
		Images\MRH_X_20150619_075823_161.img [no cloud data W1T1] [FINAL: W1T1]
		Images\MRH_X_20150619_080132_162.img [no cloud data W1T1] [FINAL: W1T1]
		Images\MRH_X_20150619_080441_163.img [no cloud data W1T1] [FINAL: W1T1]
		Images\MRH_X_20150619_080750_164.img [no cloud data W1T1] [FINAL: W1T1]
		Images\MRH_X_20150619_081059_165.img [no cloud data W1T1] [FINAL: W1T1]
		Images\MRH_X_20150619_081408_166.img [no cloud data W1T1] [FINAL: W1T1]
		Images\MRH_X_20150619_081716_167.img [no cloud data W1T1] [FINAL: W1T1]
		Images\MRH_X_20150619_082024_168.img [no cloud data W1T1] [FINAL: W1T1]
		Images\MRH_X_20150619_082332_169.img [no cloud data W1T1] [FINAL: W1T1]
		Images\MRH_X_20150619_082728_170.img [no cloud data W1T1] [FINAL: W1T1]
		Images\MRH_X_20150619_083039_171.img [no cloud data W1T1] [FINAL: W1T1]
		Images\MRH_X_20150619_083348_172.img [no cloud data W1T1] [FINAL: W1T1]
		Images\MRH_X_20150619_083658_173.img [no cloud data W1T1] [FINAL: W1T1]
		Images\MRH_X_20150619_084007_174.img [no cloud data W1T1] [FINAL: W1T1]
		Images\MRH_X_20150619_084316_175.img [no cloud data W1T1] [FINAL: W1T1]
		Images\MRH_X_20150619_084625_176.img [no cloud data W1T1] [FINAL: W1T1]
		Images\MRH_X_20150619_084933_177.img [no cloud data W1T1] [FINAL: W1T1]
		Images\MRH_X_20150619_085241_178.img [no cloud data W1T1] [FINAL: W1T1]
		Images\MRH_X_20150619_085549_179.img [no cloud data W1T1] [FINAL: W1T1]
		Images\MRH_X_20150619_085945_180.img [no cloud data W1T1] [FINAL: W1T1]
		Images\MRH_X_20150619_090256_181.img [no cloud data W1T1] [FINAL: W1T1]
		Images\MRH_X_20150619_090605_182.img [no cloud data W1T1] [FINAL: W1T1]
		Images\MRH_X_20150619_090914_183.img [no cloud data W1T1] [FINAL: W1T1]
		Images\MRH_X_20150619_091224_184.img [no cloud data W1T1] [FINAL: W1T1]
		Images\MRH_X_20150619_091533_185.img [no cloud data W1T1] [FINAL: W1T1]
		Images\MRH_X_20150619_091842_186.img [no cloud data W1T1] [FINAL: W1T1]
		Images\MRH_X_20150619_092150_187.img [no cloud data W1T1] [FINAL: W1T1]
		Images\MRH_X_20150619_092458_188.img [no cloud data W1T1] [FINAL: W1T1]
		Images\MRH_X_20150619_092806_189.img [no cloud data W1T1] [FINAL: W1T1]
		Images\MRH_X_20150619_093202_190.img [no cloud data W1T1] [FINAL: W1T1]
		Images\MRH_X_20150619_093513_191.img [no cloud data W1T1] [FINAL: W1T1]
		Images\MRH_X_20150619_093822_192.img [no cloud data W1T1] [FINAL: W1T1]
		Images\MRH_X_20150619_094131_193.img [no cloud data W1T1] [FINAL: W1T1]
		Images\MRH_X_20150619_094441_194.img [no cloud data W1T1] [FINAL: W1T1]
		Images\MRH_X_20150619_094750_195.img [no cloud data W1T1] [FINAL: W1T1]
		Images\MRH_X_20150619_095059_196.img [no cloud data W1T1] [FINAL: W1T1]
		Images\MRH_X_20150619_095407_197.img [no cloud data W1T1] [FINAL: W1T1]
		Images\MRH_X_20150619_095715_198.img [no cloud data W1T1] [FINAL: W1T1]
		Images\MRH_X_20150619_100023_199.img [no cloud data W1T1] [FINAL: W1T1]
		Images\MRH_X_20150619_100418_200.img [no cloud data W1T1] [FINAL: W1T1]
		Images\MRH_X_20150619_100730_201.img [no cloud data W1T1] [FINAL: W1T1]
		Images\MRH_X_20150619_101039_202.img [no cloud data W1T1] [FINAL: W1T1]
		Images\MRH_X_20150619_101348_203.img [no cloud data W1T1] [FINAL: W1T1]
		Images\MRH_X_20150619_101657_204.img [no cloud data W1T1] [FINAL: W1T1]
		Images\MRH_X_20150619_102006_205.img [no cloud data W1T1] [FINAL: W1T1]
		Images\MRH_X_20150619_102315_206.img [no cloud data W1T1] [FINAL: W1T1]
		Images\MRH_X_20150619_102623_207.img [no cloud data W1T1] [FINAL: W1T1]
		Images\MRH_X_20150619_102931_208.img [no cloud data W1T1] [FINAL: W1T1]
		Images\MRH_X_20150619_103239_209.img [no cloud data W1T1] [FINAL: W1T1]
		Images\MRH_X_20150619_103635_210.img [no cloud data W1T1] [FINAL: W1T1]
		Images\MRH_X_20150619_103947_211.img [no cloud data W1T1] [FINAL: W1T1]
		Images\MRH_X_20150619_104256_212.img [no cloud data W1T1] [FINAL: W1T1]
04/08/2021 00:59:35 AM: Results saved to results/minime90_mrh_20150618.npz
