04/07/2021 23:13:34 PM: Logfile Created
04/07/2021 23:13:35 PM: Sun up during minime90/mrh/2015/20150614/Images\MRH_L_20150614_231255_001.img. Ignoring this image...
04/07/2021 23:13:35 PM: minime90/mrh/2015/20150614/Images\MRH_L_20150614_234926_002.img center: 257.39, 254.76
04/07/2021 23:13:35 PM: minime90/mrh/2015/20150614/Images\MRH_L_20150615_002144_003.img center: 257.44, 254.75
04/07/2021 23:13:35 PM: minime90/mrh/2015/20150614/Images\MRH_L_20150615_005402_004.img center: 257.43, 254.75
04/07/2021 23:13:36 PM: minime90/mrh/2015/20150614/Images\MRH_L_20150615_012621_005.img center: 257.45, 254.72
04/07/2021 23:13:36 PM: minime90/mrh/2015/20150614/Images\MRH_L_20150615_015839_006.img center: 257.48, 254.72
04/07/2021 23:13:36 PM: minime90/mrh/2015/20150614/Images\MRH_L_20150615_023057_007.img center: 257.47, 254.77
04/07/2021 23:13:36 PM: minime90/mrh/2015/20150614/Images\MRH_L_20150615_030316_008.img center: 257.49, 254.76
04/07/2021 23:13:37 PM: minime90/mrh/2015/20150614/Images\MRH_L_20150615_033534_009.img center: 257.41, 254.78
04/07/2021 23:13:37 PM: minime90/mrh/2015/20150614/Images\MRH_L_20150615_040753_010.img center: 257.48, 254.71
04/07/2021 23:13:37 PM: minime90/mrh/2015/20150614/Images\MRH_L_20150615_044011_011.img center: 257.54, 254.77
04/07/2021 23:13:38 PM: minime90/mrh/2015/20150614/Images\MRH_L_20150615_051230_012.img center: 257.46, 254.80
04/07/2021 23:13:38 PM: minime90/mrh/2015/20150614/Images\MRH_L_20150615_054449_013.img center: 257.48, 254.77
04/07/2021 23:13:38 PM: minime90/mrh/2015/20150614/Images\MRH_L_20150615_061707_014.img center: 257.44, 254.81
04/07/2021 23:13:38 PM: minime90/mrh/2015/20150614/Images\MRH_L_20150615_064925_015.img center: 257.40, 254.85
04/07/2021 23:13:39 PM: minime90/mrh/2015/20150614/Images\MRH_L_20150615_072144_016.img center: 257.44, 254.85
04/07/2021 23:13:41 PM: minime90/mrh/2015/20150614/Images\MRH_L_20150614_234926_002.img reduced chisqr: 4.8986
04/07/2021 23:13:44 PM: minime90/mrh/2015/20150614/Images\MRH_L_20150615_002144_003.img reduced chisqr: 4.3555
04/07/2021 23:13:47 PM: minime90/mrh/2015/20150614/Images\MRH_L_20150615_005402_004.img reduced chisqr: 4.9024
04/07/2021 23:13:50 PM: minime90/mrh/2015/20150614/Images\MRH_L_20150615_012621_005.img reduced chisqr: 5.2071
04/07/2021 23:13:52 PM: minime90/mrh/2015/20150614/Images\MRH_L_20150615_015839_006.img reduced chisqr: 5.6341
04/07/2021 23:13:55 PM: minime90/mrh/2015/20150614/Images\MRH_L_20150615_023057_007.img reduced chisqr: 4.1639
04/07/2021 23:13:58 PM: minime90/mrh/2015/20150614/Images\MRH_L_20150615_030316_008.img reduced chisqr: 4.3765
04/07/2021 23:14:00 PM: minime90/mrh/2015/20150614/Images\MRH_L_20150615_033534_009.img reduced chisqr: 4.6300
04/07/2021 23:14:03 PM: minime90/mrh/2015/20150614/Images\MRH_L_20150615_040753_010.img reduced chisqr: 5.0779
04/07/2021 23:14:06 PM: minime90/mrh/2015/20150614/Images\MRH_L_20150615_044011_011.img reduced chisqr: 7.7065
04/07/2021 23:14:08 PM: minime90/mrh/2015/20150614/Images\MRH_L_20150615_051230_012.img reduced chisqr: 4.4873
04/07/2021 23:14:11 PM: minime90/mrh/2015/20150614/Images\MRH_L_20150615_054449_013.img reduced chisqr: 4.3627
04/07/2021 23:14:14 PM: minime90/mrh/2015/20150614/Images\MRH_L_20150615_061707_014.img reduced chisqr: 4.4917
04/07/2021 23:14:17 PM: minime90/mrh/2015/20150614/Images\MRH_L_20150615_064925_015.img reduced chisqr: 4.6426
04/07/2021 23:14:19 PM: minime90/mrh/2015/20150614/Images\MRH_L_20150615_072144_016.img reduced chisqr: 5.5333
04/07/2021 23:14:19 PM: minime90/mrh/2015/20150614/Images\MRH_X_20150614_232059_001.img not bounded by laser images. Ignoring this image...
04/07/2021 23:14:19 PM: minime90/mrh/2015/20150614/Images\MRH_X_20150614_232409_002.img not bounded by laser images. Ignoring this image...
04/07/2021 23:14:19 PM: minime90/mrh/2015/20150614/Images\MRH_X_20150614_232718_003.img not bounded by laser images. Ignoring this image...
04/07/2021 23:14:19 PM: minime90/mrh/2015/20150614/Images\MRH_X_20150614_233028_004.img not bounded by laser images. Ignoring this image...
04/07/2021 23:14:19 PM: minime90/mrh/2015/20150614/Images\MRH_X_20150614_233337_005.img not bounded by laser images. Ignoring this image...
04/07/2021 23:14:19 PM: minime90/mrh/2015/20150614/Images\MRH_X_20150614_233646_006.img not bounded by laser images. Ignoring this image...
04/07/2021 23:14:19 PM: minime90/mrh/2015/20150614/Images\MRH_X_20150614_233954_007.img not bounded by laser images. Ignoring this image...
04/07/2021 23:14:19 PM: minime90/mrh/2015/20150614/Images\MRH_X_20150614_234302_008.img not bounded by laser images. Ignoring this image...
04/07/2021 23:14:19 PM: minime90/mrh/2015/20150614/Images\MRH_X_20150614_234610_009.img not bounded by laser images. Ignoring this image...
04/07/2021 23:14:26 PM: minime90/mrh/2015/20150614/Images\MRH_X_20150614_235007_010.img reduced chisqr: 1.2152.
			Message:"Tolerance seems to be too small."
04/07/2021 23:14:32 PM: minime90/mrh/2015/20150614/Images\MRH_X_20150614_235318_011.img reduced chisqr: 1.0988.
			Message:"Tolerance seems to be too small."
04/07/2021 23:14:38 PM: minime90/mrh/2015/20150614/Images\MRH_X_20150614_235627_012.img reduced chisqr: 1.1314.
			Message:"Tolerance seems to be too small."
04/07/2021 23:14:45 PM: minime90/mrh/2015/20150614/Images\MRH_X_20150614_235937_013.img reduced chisqr: 1.1264.
			Message:"Tolerance seems to be too small."
04/07/2021 23:14:51 PM: minime90/mrh/2015/20150614/Images\MRH_X_20150615_000246_014.img reduced chisqr: 0.9730.
			Message:"Tolerance seems to be too small."
04/07/2021 23:14:57 PM: minime90/mrh/2015/20150614/Images\MRH_X_20150615_000556_015.img reduced chisqr: 1.1333.
			Message:"Tolerance seems to be too small."
04/07/2021 23:15:04 PM: minime90/mrh/2015/20150614/Images\MRH_X_20150615_000905_016.img reduced chisqr: 1.0734.
			Message:"Tolerance seems to be too small."
04/07/2021 23:15:10 PM: minime90/mrh/2015/20150614/Images\MRH_X_20150615_001213_017.img reduced chisqr: 1.1146.
			Message:"Tolerance seems to be too small."
04/07/2021 23:15:16 PM: minime90/mrh/2015/20150614/Images\MRH_X_20150615_001521_018.img reduced chisqr: 1.1366.
			Message:"Tolerance seems to be too small."
04/07/2021 23:15:23 PM: minime90/mrh/2015/20150614/Images\MRH_X_20150615_001829_019.img reduced chisqr: 1.2784.
			Message:"Tolerance seems to be too small."
04/07/2021 23:15:29 PM: minime90/mrh/2015/20150614/Images\MRH_X_20150615_002225_020.img reduced chisqr: 1.1457.
			Message:"Tolerance seems to be too small."
04/07/2021 23:15:36 PM: minime90/mrh/2015/20150614/Images\MRH_X_20150615_002537_021.img reduced chisqr: 1.0690.
			Message:"Tolerance seems to be too small."
04/07/2021 23:15:42 PM: minime90/mrh/2015/20150614/Images\MRH_X_20150615_002846_022.img reduced chisqr: 1.2582.
			Message:"Tolerance seems to be too small."
04/07/2021 23:15:48 PM: minime90/mrh/2015/20150614/Images\MRH_X_20150615_003155_023.img reduced chisqr: 1.2041.
			Message:"Tolerance seems to be too small."
04/07/2021 23:15:55 PM: minime90/mrh/2015/20150614/Images\MRH_X_20150615_003505_024.img reduced chisqr: 1.0713.
			Message:"Tolerance seems to be too small."
04/07/2021 23:16:01 PM: minime90/mrh/2015/20150614/Images\MRH_X_20150615_003814_025.img reduced chisqr: 1.1250.
			Message:"Tolerance seems to be too small."
04/07/2021 23:16:07 PM: minime90/mrh/2015/20150614/Images\MRH_X_20150615_004123_026.img reduced chisqr: 1.2224.
			Message:"Tolerance seems to be too small."
04/07/2021 23:16:14 PM: minime90/mrh/2015/20150614/Images\MRH_X_20150615_004431_027.img reduced chisqr: 1.0984.
			Message:"Tolerance seems to be too small."
04/07/2021 23:16:20 PM: minime90/mrh/2015/20150614/Images\MRH_X_20150615_004739_028.img reduced chisqr: 1.1166.
			Message:"Tolerance seems to be too small."
04/07/2021 23:16:26 PM: minime90/mrh/2015/20150614/Images\MRH_X_20150615_005047_029.img reduced chisqr: 1.1389.
			Message:"Tolerance seems to be too small."
04/07/2021 23:16:32 PM: minime90/mrh/2015/20150614/Images\MRH_X_20150615_005444_030.img reduced chisqr: 1.0088.
			Message:"Tolerance seems to be too small."
04/07/2021 23:16:39 PM: minime90/mrh/2015/20150614/Images\MRH_X_20150615_005755_031.img reduced chisqr: 1.1323.
			Message:"Tolerance seems to be too small."
04/07/2021 23:16:45 PM: minime90/mrh/2015/20150614/Images\MRH_X_20150615_010104_032.img reduced chisqr: 1.0511.
			Message:"Tolerance seems to be too small."
04/07/2021 23:16:51 PM: minime90/mrh/2015/20150614/Images\MRH_X_20150615_010413_033.img reduced chisqr: 1.0317.
			Message:"Tolerance seems to be too small."
04/07/2021 23:16:57 PM: minime90/mrh/2015/20150614/Images\MRH_X_20150615_010723_034.img reduced chisqr: 1.2122.
			Message:"Tolerance seems to be too small."
04/07/2021 23:17:04 PM: minime90/mrh/2015/20150614/Images\MRH_X_20150615_011032_035.img reduced chisqr: 1.0353.
			Message:"Tolerance seems to be too small."
04/07/2021 23:17:10 PM: minime90/mrh/2015/20150614/Images\MRH_X_20150615_011341_036.img reduced chisqr: 0.9345.
			Message:"Tolerance seems to be too small."
04/07/2021 23:17:16 PM: minime90/mrh/2015/20150614/Images\MRH_X_20150615_011650_037.img reduced chisqr: 1.0573.
			Message:"Tolerance seems to be too small."
04/07/2021 23:17:22 PM: minime90/mrh/2015/20150614/Images\MRH_X_20150615_011958_038.img reduced chisqr: 0.9470.
			Message:"Tolerance seems to be too small."
04/07/2021 23:17:29 PM: minime90/mrh/2015/20150614/Images\MRH_X_20150615_012306_039.img reduced chisqr: 1.1738.
			Message:"Tolerance seems to be too small."
04/07/2021 23:17:35 PM: minime90/mrh/2015/20150614/Images\MRH_X_20150615_012702_040.img reduced chisqr: 1.0756.
			Message:"Tolerance seems to be too small."
04/07/2021 23:17:41 PM: minime90/mrh/2015/20150614/Images\MRH_X_20150615_013014_041.img reduced chisqr: 1.0962.
			Message:"Tolerance seems to be too small."
04/07/2021 23:17:48 PM: minime90/mrh/2015/20150614/Images\MRH_X_20150615_013323_042.img reduced chisqr: 1.0439.
			Message:"Tolerance seems to be too small."
04/07/2021 23:17:54 PM: minime90/mrh/2015/20150614/Images\MRH_X_20150615_013632_043.img reduced chisqr: 1.1986.
			Message:"Tolerance seems to be too small."
04/07/2021 23:18:00 PM: minime90/mrh/2015/20150614/Images\MRH_X_20150615_013942_044.img reduced chisqr: 1.2997.
			Message:"Tolerance seems to be too small."
04/07/2021 23:18:06 PM: minime90/mrh/2015/20150614/Images\MRH_X_20150615_014251_045.img reduced chisqr: 1.0027.
			Message:"Tolerance seems to be too small."
04/07/2021 23:18:13 PM: minime90/mrh/2015/20150614/Images\MRH_X_20150615_014600_046.img reduced chisqr: 1.0587.
			Message:"Tolerance seems to be too small."
04/07/2021 23:18:19 PM: minime90/mrh/2015/20150614/Images\MRH_X_20150615_014908_047.img reduced chisqr: 1.0714.
			Message:"Tolerance seems to be too small."
04/07/2021 23:18:25 PM: minime90/mrh/2015/20150614/Images\MRH_X_20150615_015216_048.img reduced chisqr: 1.0562.
			Message:"Tolerance seems to be too small."
04/07/2021 23:18:31 PM: minime90/mrh/2015/20150614/Images\MRH_X_20150615_015524_049.img reduced chisqr: 0.9867.
			Message:"Tolerance seems to be too small."
04/07/2021 23:18:37 PM: minime90/mrh/2015/20150614/Images\MRH_X_20150615_015920_050.img reduced chisqr: 1.2739.
			Message:"Tolerance seems to be too small."
04/07/2021 23:18:44 PM: minime90/mrh/2015/20150614/Images\MRH_X_20150615_020232_051.img reduced chisqr: 1.1744.
			Message:"Tolerance seems to be too small."
04/07/2021 23:18:50 PM: minime90/mrh/2015/20150614/Images\MRH_X_20150615_020541_052.img reduced chisqr: 1.0724.
			Message:"Tolerance seems to be too small."
04/07/2021 23:18:56 PM: minime90/mrh/2015/20150614/Images\MRH_X_20150615_020850_053.img reduced chisqr: 1.2113.
			Message:"Tolerance seems to be too small."
04/07/2021 23:19:02 PM: minime90/mrh/2015/20150614/Images\MRH_X_20150615_021200_054.img reduced chisqr: 1.0183.
			Message:"Tolerance seems to be too small."
04/07/2021 23:19:09 PM: minime90/mrh/2015/20150614/Images\MRH_X_20150615_021509_055.img reduced chisqr: 1.1149.
			Message:"Tolerance seems to be too small."
04/07/2021 23:19:15 PM: minime90/mrh/2015/20150614/Images\MRH_X_20150615_021818_056.img reduced chisqr: 1.0917.
			Message:"Tolerance seems to be too small."
04/07/2021 23:19:21 PM: minime90/mrh/2015/20150614/Images\MRH_X_20150615_022126_057.img reduced chisqr: 1.0881.
			Message:"Tolerance seems to be too small."
04/07/2021 23:19:27 PM: minime90/mrh/2015/20150614/Images\MRH_X_20150615_022434_058.img reduced chisqr: 1.0511.
			Message:"Tolerance seems to be too small."
04/07/2021 23:19:34 PM: minime90/mrh/2015/20150614/Images\MRH_X_20150615_022742_059.img reduced chisqr: 1.0403.
			Message:"Tolerance seems to be too small."
04/07/2021 23:19:40 PM: minime90/mrh/2015/20150614/Images\MRH_X_20150615_023139_060.img reduced chisqr: 1.2510.
			Message:"Tolerance seems to be too small."
04/07/2021 23:19:46 PM: minime90/mrh/2015/20150614/Images\MRH_X_20150615_023450_061.img reduced chisqr: 1.4408.
			Message:"Tolerance seems to be too small."
04/07/2021 23:19:53 PM: minime90/mrh/2015/20150614/Images\MRH_X_20150615_023800_062.img reduced chisqr: 1.1692.
			Message:"Tolerance seems to be too small."
04/07/2021 23:19:59 PM: minime90/mrh/2015/20150614/Images\MRH_X_20150615_024109_063.img reduced chisqr: 1.2471.
			Message:"Tolerance seems to be too small."
04/07/2021 23:20:05 PM: minime90/mrh/2015/20150614/Images\MRH_X_20150615_024418_064.img reduced chisqr: 1.2551.
			Message:"Tolerance seems to be too small."
04/07/2021 23:20:12 PM: minime90/mrh/2015/20150614/Images\MRH_X_20150615_024728_065.img reduced chisqr: 1.3332.
			Message:"Tolerance seems to be too small."
04/07/2021 23:20:18 PM: minime90/mrh/2015/20150614/Images\MRH_X_20150615_025037_066.img reduced chisqr: 1.1964.
			Message:"Tolerance seems to be too small."
04/07/2021 23:20:24 PM: minime90/mrh/2015/20150614/Images\MRH_X_20150615_025345_067.img reduced chisqr: 1.2815.
			Message:"Tolerance seems to be too small."
04/07/2021 23:20:31 PM: minime90/mrh/2015/20150614/Images\MRH_X_20150615_025653_068.img reduced chisqr: 1.1628.
			Message:"Tolerance seems to be too small."
04/07/2021 23:20:37 PM: minime90/mrh/2015/20150614/Images\MRH_X_20150615_030001_069.img reduced chisqr: 1.2263.
			Message:"Tolerance seems to be too small."
04/07/2021 23:20:43 PM: minime90/mrh/2015/20150614/Images\MRH_X_20150615_030357_070.img reduced chisqr: 1.1408.
			Message:"Tolerance seems to be too small."
04/07/2021 23:20:50 PM: minime90/mrh/2015/20150614/Images\MRH_X_20150615_030709_071.img reduced chisqr: 1.2434.
			Message:"Tolerance seems to be too small."
04/07/2021 23:20:56 PM: minime90/mrh/2015/20150614/Images\MRH_X_20150615_031018_072.img reduced chisqr: 1.1911.
			Message:"Tolerance seems to be too small."
04/07/2021 23:21:02 PM: minime90/mrh/2015/20150614/Images\MRH_X_20150615_031327_073.img reduced chisqr: 1.2436.
			Message:"Tolerance seems to be too small."
04/07/2021 23:21:09 PM: minime90/mrh/2015/20150614/Images\MRH_X_20150615_031637_074.img reduced chisqr: 1.6808.
			Message:"Tolerance seems to be too small."
04/07/2021 23:21:15 PM: minime90/mrh/2015/20150614/Images\MRH_X_20150615_031946_075.img reduced chisqr: 1.1583.
			Message:"Tolerance seems to be too small."
04/07/2021 23:21:21 PM: minime90/mrh/2015/20150614/Images\MRH_X_20150615_032255_076.img reduced chisqr: 1.3993.
			Message:"Tolerance seems to be too small."
04/07/2021 23:21:28 PM: minime90/mrh/2015/20150614/Images\MRH_X_20150615_032603_077.img reduced chisqr: 1.1714.
			Message:"Tolerance seems to be too small."
04/07/2021 23:21:34 PM: minime90/mrh/2015/20150614/Images\MRH_X_20150615_032911_078.img reduced chisqr: 1.1064.
			Message:"Tolerance seems to be too small."
04/07/2021 23:21:40 PM: minime90/mrh/2015/20150614/Images\MRH_X_20150615_033219_079.img reduced chisqr: 0.9566.
			Message:"Tolerance seems to be too small."
04/07/2021 23:21:47 PM: minime90/mrh/2015/20150614/Images\MRH_X_20150615_033616_080.img reduced chisqr: 1.2567.
			Message:"Tolerance seems to be too small."
04/07/2021 23:21:53 PM: minime90/mrh/2015/20150614/Images\MRH_X_20150615_033927_081.img reduced chisqr: 1.1458.
			Message:"Tolerance seems to be too small."
04/07/2021 23:21:59 PM: minime90/mrh/2015/20150614/Images\MRH_X_20150615_034236_082.img reduced chisqr: 1.1766.
			Message:"Tolerance seems to be too small."
04/07/2021 23:22:06 PM: minime90/mrh/2015/20150614/Images\MRH_X_20150615_034546_083.img reduced chisqr: 1.8877.
			Message:"Tolerance seems to be too small."
04/07/2021 23:22:12 PM: minime90/mrh/2015/20150614/Images\MRH_X_20150615_034855_084.img reduced chisqr: 1.7034.
			Message:"Tolerance seems to be too small."
04/07/2021 23:22:18 PM: minime90/mrh/2015/20150614/Images\MRH_X_20150615_035204_085.img reduced chisqr: 1.1992.
			Message:"Tolerance seems to be too small."
04/07/2021 23:22:25 PM: minime90/mrh/2015/20150614/Images\MRH_X_20150615_035514_086.img reduced chisqr: 1.3335.
			Message:"Tolerance seems to be too small."
04/07/2021 23:22:31 PM: minime90/mrh/2015/20150614/Images\MRH_X_20150615_035822_087.img reduced chisqr: 1.4302.
			Message:"Tolerance seems to be too small."
04/07/2021 23:22:37 PM: minime90/mrh/2015/20150614/Images\MRH_X_20150615_040130_088.img reduced chisqr: 1.2250.
			Message:"Tolerance seems to be too small."
04/07/2021 23:22:44 PM: minime90/mrh/2015/20150614/Images\MRH_X_20150615_040438_089.img reduced chisqr: 1.1224.
			Message:"Tolerance seems to be too small."
04/07/2021 23:22:50 PM: minime90/mrh/2015/20150614/Images\MRH_X_20150615_040834_090.img reduced chisqr: 1.2150.
			Message:"Tolerance seems to be too small."
04/07/2021 23:22:56 PM: minime90/mrh/2015/20150614/Images\MRH_X_20150615_041146_091.img reduced chisqr: 1.1641.
			Message:"Tolerance seems to be too small."
04/07/2021 23:23:02 PM: minime90/mrh/2015/20150614/Images\MRH_X_20150615_041455_092.img reduced chisqr: 1.2730.
			Message:"Tolerance seems to be too small."
04/07/2021 23:23:09 PM: minime90/mrh/2015/20150614/Images\MRH_X_20150615_041804_093.img reduced chisqr: 1.2722.
			Message:"Tolerance seems to be too small."
04/07/2021 23:23:15 PM: minime90/mrh/2015/20150614/Images\MRH_X_20150615_042114_094.img reduced chisqr: 1.4385.
			Message:"Tolerance seems to be too small."
04/07/2021 23:23:21 PM: minime90/mrh/2015/20150614/Images\MRH_X_20150615_042423_095.img reduced chisqr: 1.2053.
			Message:"Tolerance seems to be too small."
04/07/2021 23:23:27 PM: minime90/mrh/2015/20150614/Images\MRH_X_20150615_042732_096.img reduced chisqr: 1.4096.
			Message:"Tolerance seems to be too small."
04/07/2021 23:23:33 PM: minime90/mrh/2015/20150614/Images\MRH_X_20150615_043040_097.img reduced chisqr: 1.3833.
			Message:"Tolerance seems to be too small."
04/07/2021 23:23:40 PM: minime90/mrh/2015/20150614/Images\MRH_X_20150615_043348_098.img reduced chisqr: 1.4398.
			Message:"Tolerance seems to be too small."
04/07/2021 23:23:46 PM: minime90/mrh/2015/20150614/Images\MRH_X_20150615_043656_099.img reduced chisqr: 2.2388.
			Message:"Tolerance seems to be too small."
04/07/2021 23:23:52 PM: minime90/mrh/2015/20150614/Images\MRH_X_20150615_044053_100.img reduced chisqr: 2.2474.
			Message:"Tolerance seems to be too small."
04/07/2021 23:23:58 PM: minime90/mrh/2015/20150614/Images\MRH_X_20150615_044404_101.img reduced chisqr: 1.7685.
			Message:"Tolerance seems to be too small."
04/07/2021 23:24:04 PM: minime90/mrh/2015/20150614/Images\MRH_X_20150615_044713_102.img reduced chisqr: 1.2190.
			Message:"Tolerance seems to be too small."
04/07/2021 23:24:10 PM: minime90/mrh/2015/20150614/Images\MRH_X_20150615_045023_103.img reduced chisqr: 1.5818.
			Message:"Tolerance seems to be too small."
04/07/2021 23:24:17 PM: minime90/mrh/2015/20150614/Images\MRH_X_20150615_045332_104.img reduced chisqr: 1.1058.
			Message:"Tolerance seems to be too small."
04/07/2021 23:24:23 PM: minime90/mrh/2015/20150614/Images\MRH_X_20150615_045642_105.img reduced chisqr: 1.5015.
			Message:"Tolerance seems to be too small."
04/07/2021 23:24:29 PM: minime90/mrh/2015/20150614/Images\MRH_X_20150615_045951_106.img reduced chisqr: 1.1880.
			Message:"Tolerance seems to be too small."
04/07/2021 23:24:35 PM: minime90/mrh/2015/20150614/Images\MRH_X_20150615_050259_107.img reduced chisqr: 1.2679.
			Message:"Tolerance seems to be too small."
04/07/2021 23:24:42 PM: minime90/mrh/2015/20150614/Images\MRH_X_20150615_050607_108.img reduced chisqr: 1.0179.
			Message:"Tolerance seems to be too small."
04/07/2021 23:24:48 PM: minime90/mrh/2015/20150614/Images\MRH_X_20150615_050915_109.img reduced chisqr: 0.9804.
			Message:"Tolerance seems to be too small."
04/07/2021 23:24:54 PM: minime90/mrh/2015/20150614/Images\MRH_X_20150615_051311_110.img reduced chisqr: 1.1755.
			Message:"Tolerance seems to be too small."
04/07/2021 23:25:00 PM: minime90/mrh/2015/20150614/Images\MRH_X_20150615_051623_111.img reduced chisqr: 1.0109.
			Message:"Tolerance seems to be too small."
04/07/2021 23:25:07 PM: minime90/mrh/2015/20150614/Images\MRH_X_20150615_051932_112.img reduced chisqr: 1.4137.
			Message:"Tolerance seems to be too small."
04/07/2021 23:25:13 PM: minime90/mrh/2015/20150614/Images\MRH_X_20150615_052241_113.img reduced chisqr: 1.0745.
			Message:"Tolerance seems to be too small."
04/07/2021 23:25:19 PM: minime90/mrh/2015/20150614/Images\MRH_X_20150615_052551_114.img reduced chisqr: 1.4035.
			Message:"Tolerance seems to be too small."
04/07/2021 23:25:26 PM: minime90/mrh/2015/20150614/Images\MRH_X_20150615_052900_115.img reduced chisqr: 1.0975.
			Message:"Tolerance seems to be too small."
04/07/2021 23:25:32 PM: minime90/mrh/2015/20150614/Images\MRH_X_20150615_053209_116.img reduced chisqr: 1.3530.
			Message:"Tolerance seems to be too small."
04/07/2021 23:25:38 PM: minime90/mrh/2015/20150614/Images\MRH_X_20150615_053517_117.img reduced chisqr: 1.0728.
			Message:"Tolerance seems to be too small."
04/07/2021 23:25:44 PM: minime90/mrh/2015/20150614/Images\MRH_X_20150615_053825_118.img reduced chisqr: 1.0754.
			Message:"Tolerance seems to be too small."
04/07/2021 23:25:51 PM: minime90/mrh/2015/20150614/Images\MRH_X_20150615_054133_119.img reduced chisqr: 1.0543.
			Message:"Tolerance seems to be too small."
04/07/2021 23:25:57 PM: minime90/mrh/2015/20150614/Images\MRH_X_20150615_054530_120.img reduced chisqr: 0.9581.
			Message:"Tolerance seems to be too small."
04/07/2021 23:26:03 PM: minime90/mrh/2015/20150614/Images\MRH_X_20150615_054841_121.img reduced chisqr: 1.2707.
			Message:"Tolerance seems to be too small."
04/07/2021 23:26:10 PM: minime90/mrh/2015/20150614/Images\MRH_X_20150615_055150_122.img reduced chisqr: 1.0081.
			Message:"Tolerance seems to be too small."
04/07/2021 23:26:16 PM: minime90/mrh/2015/20150614/Images\MRH_X_20150615_055459_123.img reduced chisqr: 0.9675.
			Message:"Tolerance seems to be too small."
04/07/2021 23:26:22 PM: minime90/mrh/2015/20150614/Images\MRH_X_20150615_055809_124.img reduced chisqr: 1.0729.
			Message:"Tolerance seems to be too small."
04/07/2021 23:26:28 PM: minime90/mrh/2015/20150614/Images\MRH_X_20150615_060118_125.img reduced chisqr: 1.1603.
			Message:"Tolerance seems to be too small."
04/07/2021 23:26:34 PM: minime90/mrh/2015/20150614/Images\MRH_X_20150615_060428_126.img reduced chisqr: 0.9243.
			Message:"Tolerance seems to be too small."
04/07/2021 23:26:41 PM: minime90/mrh/2015/20150614/Images\MRH_X_20150615_060736_127.img reduced chisqr: 1.1238.
			Message:"Tolerance seems to be too small."
04/07/2021 23:26:47 PM: minime90/mrh/2015/20150614/Images\MRH_X_20150615_061044_128.img reduced chisqr: 1.2064.
			Message:"Tolerance seems to be too small."
04/07/2021 23:26:53 PM: minime90/mrh/2015/20150614/Images\MRH_X_20150615_061352_129.img reduced chisqr: 1.0761.
			Message:"Tolerance seems to be too small."
04/07/2021 23:27:00 PM: minime90/mrh/2015/20150614/Images\MRH_X_20150615_061748_130.img reduced chisqr: 1.0471.
			Message:"Tolerance seems to be too small."
04/07/2021 23:27:06 PM: minime90/mrh/2015/20150614/Images\MRH_X_20150615_062100_131.img reduced chisqr: 1.1230.
			Message:"Tolerance seems to be too small."
04/07/2021 23:27:12 PM: minime90/mrh/2015/20150614/Images\MRH_X_20150615_062409_132.img reduced chisqr: 1.1130.
			Message:"Tolerance seems to be too small."
04/07/2021 23:27:19 PM: minime90/mrh/2015/20150614/Images\MRH_X_20150615_062718_133.img reduced chisqr: 1.0850.
			Message:"Tolerance seems to be too small."
04/07/2021 23:27:25 PM: minime90/mrh/2015/20150614/Images\MRH_X_20150615_063028_134.img reduced chisqr: 1.0584.
			Message:"Tolerance seems to be too small."
04/07/2021 23:27:31 PM: minime90/mrh/2015/20150614/Images\MRH_X_20150615_063337_135.img reduced chisqr: 1.4370.
			Message:"Tolerance seems to be too small."
04/07/2021 23:27:38 PM: minime90/mrh/2015/20150614/Images\MRH_X_20150615_063646_136.img reduced chisqr: 1.0394.
			Message:"Tolerance seems to be too small."
04/07/2021 23:27:44 PM: minime90/mrh/2015/20150614/Images\MRH_X_20150615_063954_137.img reduced chisqr: 1.1586.
			Message:"Tolerance seems to be too small."
04/07/2021 23:27:50 PM: minime90/mrh/2015/20150614/Images\MRH_X_20150615_064302_138.img reduced chisqr: 1.1383.
			Message:"Tolerance seems to be too small."
04/07/2021 23:27:57 PM: minime90/mrh/2015/20150614/Images\MRH_X_20150615_064610_139.img reduced chisqr: 1.4402.
			Message:"Tolerance seems to be too small."
04/07/2021 23:28:03 PM: minime90/mrh/2015/20150614/Images\MRH_X_20150615_065006_140.img reduced chisqr: 1.2977.
			Message:"Tolerance seems to be too small."
04/07/2021 23:28:09 PM: minime90/mrh/2015/20150614/Images\MRH_X_20150615_065318_141.img reduced chisqr: 1.2711.
			Message:"Tolerance seems to be too small."
04/07/2021 23:28:16 PM: minime90/mrh/2015/20150614/Images\MRH_X_20150615_065627_142.img reduced chisqr: 1.0092.
			Message:"Tolerance seems to be too small."
04/07/2021 23:28:22 PM: minime90/mrh/2015/20150614/Images\MRH_X_20150615_065936_143.img reduced chisqr: 1.0998.
			Message:"Tolerance seems to be too small."
04/07/2021 23:28:28 PM: minime90/mrh/2015/20150614/Images\MRH_X_20150615_070246_144.img reduced chisqr: 1.1241.
			Message:"Tolerance seems to be too small."
04/07/2021 23:28:35 PM: minime90/mrh/2015/20150614/Images\MRH_X_20150615_070555_145.img reduced chisqr: 1.2037.
			Message:"Tolerance seems to be too small."
04/07/2021 23:28:41 PM: minime90/mrh/2015/20150614/Images\MRH_X_20150615_070905_146.img reduced chisqr: 0.9505.
			Message:"Tolerance seems to be too small."
04/07/2021 23:28:47 PM: minime90/mrh/2015/20150614/Images\MRH_X_20150615_071213_147.img reduced chisqr: 0.9545.
			Message:"Tolerance seems to be too small."
04/07/2021 23:28:53 PM: minime90/mrh/2015/20150614/Images\MRH_X_20150615_071521_148.img reduced chisqr: 0.9587.
			Message:"Tolerance seems to be too small."
04/07/2021 23:29:00 PM: minime90/mrh/2015/20150614/Images\MRH_X_20150615_071829_149.img reduced chisqr: 1.2595.
			Message:"Tolerance seems to be too small."
04/07/2021 23:29:00 PM: WARNING: Exposure time is not changing.
04/07/2021 23:29:00 PM: Created diagnostic plots.
04/07/2021 23:29:00 PM: Laser and sky image analysis complete.
04/07/2021 23:29:00 PM: No Boltwood cloud sensor data found.
04/07/2021 23:29:00 PM: No X300 temperature sensor data found.
04/07/2021 23:29:00 PM:  Quality Flag Calculation:
		Manual Wind Flag: 0
		Manual Temperature Flag: 0
		Laser Drift: False
		Sample-specific flags:
		Images\MRH_X_20150614_235007_010.img [no cloud data W1T1] [FINAL: W1T1]
		Images\MRH_X_20150614_235318_011.img [no cloud data W1T1] [FINAL: W1T1]
		Images\MRH_X_20150614_235627_012.img [no cloud data W1T1] [FINAL: W1T1]
		Images\MRH_X_20150614_235937_013.img [no cloud data W1T1] [FINAL: W1T1]
		Images\MRH_X_20150615_000246_014.img [no cloud data W1T1] [FINAL: W1T1]
		Images\MRH_X_20150615_000556_015.img [no cloud data W1T1] [FINAL: W1T1]
		Images\MRH_X_20150615_000905_016.img [no cloud data W1T1] [FINAL: W1T1]
		Images\MRH_X_20150615_001213_017.img [no cloud data W1T1] [FINAL: W1T1]
		Images\MRH_X_20150615_001521_018.img [no cloud data W1T1] [FINAL: W1T1]
		Images\MRH_X_20150615_001829_019.img [no cloud data W1T1] [FINAL: W1T1]
		Images\MRH_X_20150615_002225_020.img [no cloud data W1T1] [FINAL: W1T1]
		Images\MRH_X_20150615_002537_021.img [no cloud data W1T1] [FINAL: W1T1]
		Images\MRH_X_20150615_002846_022.img [no cloud data W1T1] [sigma_T large: W2T2] [FINAL: W2T2]
		Images\MRH_X_20150615_003155_023.img [no cloud data W1T1] [FINAL: W1T1]
		Images\MRH_X_20150615_003505_024.img [no cloud data W1T1] [FINAL: W1T1]
		Images\MRH_X_20150615_003814_025.img [no cloud data W1T1] [FINAL: W1T1]
		Images\MRH_X_20150615_004123_026.img [no cloud data W1T1] [FINAL: W1T1]
		Images\MRH_X_20150615_004431_027.img [no cloud data W1T1] [FINAL: W1T1]
		Images\MRH_X_20150615_004739_028.img [no cloud data W1T1] [FINAL: W1T1]
		Images\MRH_X_20150615_005047_029.img [no cloud data W1T1] [FINAL: W1T1]
		Images\MRH_X_20150615_005444_030.img [no cloud data W1T1] [FINAL: W1T1]
		Images\MRH_X_20150615_005755_031.img [no cloud data W1T1] [FINAL: W1T1]
		Images\MRH_X_20150615_010104_032.img [no cloud data W1T1] [FINAL: W1T1]
		Images\MRH_X_20150615_010413_033.img [no cloud data W1T1] [FINAL: W1T1]
		Images\MRH_X_20150615_010723_034.img [no cloud data W1T1] [FINAL: W1T1]
		Images\MRH_X_20150615_011032_035.img [no cloud data W1T1] [FINAL: W1T1]
		Images\MRH_X_20150615_011341_036.img [no cloud data W1T1] [FINAL: W1T1]
		Images\MRH_X_20150615_011650_037.img [no cloud data W1T1] [FINAL: W1T1]
		Images\MRH_X_20150615_011958_038.img [no cloud data W1T1] [FINAL: W1T1]
		Images\MRH_X_20150615_012306_039.img [no cloud data W1T1] [FINAL: W1T1]
		Images\MRH_X_20150615_012702_040.img [no cloud data W1T1] [FINAL: W1T1]
		Images\MRH_X_20150615_013014_041.img [no cloud data W1T1] [FINAL: W1T1]
		Images\MRH_X_20150615_013323_042.img [no cloud data W1T1] [FINAL: W1T1]
		Images\MRH_X_20150615_013632_043.img [no cloud data W1T1] [FINAL: W1T1]
		Images\MRH_X_20150615_013942_044.img [no cloud data W1T1] [FINAL: W1T1]
		Images\MRH_X_20150615_014251_045.img [no cloud data W1T1] [FINAL: W1T1]
		Images\MRH_X_20150615_014600_046.img [no cloud data W1T1] [FINAL: W1T1]
		Images\MRH_X_20150615_014908_047.img [no cloud data W1T1] [FINAL: W1T1]
		Images\MRH_X_20150615_015216_048.img [no cloud data W1T1] [FINAL: W1T1]
		Images\MRH_X_20150615_015524_049.img [no cloud data W1T1] [FINAL: W1T1]
		Images\MRH_X_20150615_015920_050.img [no cloud data W1T1] [FINAL: W1T1]
		Images\MRH_X_20150615_020232_051.img [no cloud data W1T1] [FINAL: W1T1]
		Images\MRH_X_20150615_020541_052.img [no cloud data W1T1] [FINAL: W1T1]
		Images\MRH_X_20150615_020850_053.img [no cloud data W1T1] [FINAL: W1T1]
		Images\MRH_X_20150615_021200_054.img [no cloud data W1T1] [FINAL: W1T1]
		Images\MRH_X_20150615_021509_055.img [no cloud data W1T1] [FINAL: W1T1]
		Images\MRH_X_20150615_021818_056.img [no cloud data W1T1] [FINAL: W1T1]
		Images\MRH_X_20150615_022126_057.img [no cloud data W1T1] [FINAL: W1T1]
		Images\MRH_X_20150615_022434_058.img [no cloud data W1T1] [FINAL: W1T1]
		Images\MRH_X_20150615_022742_059.img [no cloud data W1T1] [FINAL: W1T1]
		Images\MRH_X_20150615_023139_060.img [no cloud data W1T1] [FINAL: W1T1]
		Images\MRH_X_20150615_023450_061.img [no cloud data W1T1] [FINAL: W1T1]
		Images\MRH_X_20150615_023800_062.img [no cloud data W1T1] [FINAL: W1T1]
		Images\MRH_X_20150615_024109_063.img [no cloud data W1T1] [FINAL: W1T1]
		Images\MRH_X_20150615_024418_064.img [no cloud data W1T1] [FINAL: W1T1]
		Images\MRH_X_20150615_024728_065.img [no cloud data W1T1] [FINAL: W1T1]
		Images\MRH_X_20150615_025037_066.img [no cloud data W1T1] [FINAL: W1T1]
		Images\MRH_X_20150615_025345_067.img [no cloud data W1T1] [FINAL: W1T1]
		Images\MRH_X_20150615_025653_068.img [no cloud data W1T1] [FINAL: W1T1]
		Images\MRH_X_20150615_030001_069.img [no cloud data W1T1] [FINAL: W1T1]
		Images\MRH_X_20150615_030357_070.img [no cloud data W1T1] [FINAL: W1T1]
		Images\MRH_X_20150615_030709_071.img [no cloud data W1T1] [FINAL: W1T1]
		Images\MRH_X_20150615_031018_072.img [no cloud data W1T1] [FINAL: W1T1]
		Images\MRH_X_20150615_031327_073.img [no cloud data W1T1] [FINAL: W1T1]
		Images\MRH_X_20150615_031637_074.img [no cloud data W1T1] [FINAL: W1T1]
		Images\MRH_X_20150615_031946_075.img [no cloud data W1T1] [FINAL: W1T1]
		Images\MRH_X_20150615_032255_076.img [no cloud data W1T1] [FINAL: W1T1]
		Images\MRH_X_20150615_032603_077.img [no cloud data W1T1] [FINAL: W1T1]
		Images\MRH_X_20150615_032911_078.img [no cloud data W1T1] [FINAL: W1T1]
		Images\MRH_X_20150615_033219_079.img [no cloud data W1T1] [FINAL: W1T1]
		Images\MRH_X_20150615_033616_080.img [no cloud data W1T1] [FINAL: W1T1]
		Images\MRH_X_20150615_033927_081.img [no cloud data W1T1] [FINAL: W1T1]
		Images\MRH_X_20150615_034236_082.img [no cloud data W1T1] [FINAL: W1T1]
		Images\MRH_X_20150615_034546_083.img [no cloud data W1T1] [FINAL: W1T1]
		Images\MRH_X_20150615_034855_084.img [no cloud data W1T1] [FINAL: W1T1]
		Images\MRH_X_20150615_035204_085.img [no cloud data W1T1] [FINAL: W1T1]
		Images\MRH_X_20150615_035514_086.img [no cloud data W1T1] [FINAL: W1T1]
		Images\MRH_X_20150615_035822_087.img [no cloud data W1T1] [FINAL: W1T1]
		Images\MRH_X_20150615_040130_088.img [no cloud data W1T1] [FINAL: W1T1]
		Images\MRH_X_20150615_040438_089.img [no cloud data W1T1] [FINAL: W1T1]
		Images\MRH_X_20150615_040834_090.img [no cloud data W1T1] [FINAL: W1T1]
		Images\MRH_X_20150615_041146_091.img [no cloud data W1T1] [FINAL: W1T1]
		Images\MRH_X_20150615_041455_092.img [no cloud data W1T1] [FINAL: W1T1]
		Images\MRH_X_20150615_041804_093.img [no cloud data W1T1] [FINAL: W1T1]
		Images\MRH_X_20150615_042114_094.img [no cloud data W1T1] [FINAL: W1T1]
		Images\MRH_X_20150615_042423_095.img [no cloud data W1T1] [FINAL: W1T1]
		Images\MRH_X_20150615_042732_096.img [no cloud data W1T1] [FINAL: W1T1]
		Images\MRH_X_20150615_043040_097.img [no cloud data W1T1] [FINAL: W1T1]
		Images\MRH_X_20150615_043348_098.img [no cloud data W1T1] [FINAL: W1T1]
		Images\MRH_X_20150615_043656_099.img [no cloud data W1T1] [FINAL: W1T1]
		Images\MRH_X_20150615_044053_100.img [no cloud data W1T1] [FINAL: W1T1]
		Images\MRH_X_20150615_044404_101.img [no cloud data W1T1] [FINAL: W1T1]
		Images\MRH_X_20150615_044713_102.img [no cloud data W1T1] [FINAL: W1T1]
		Images\MRH_X_20150615_045023_103.img [no cloud data W1T1] [FINAL: W1T1]
		Images\MRH_X_20150615_045332_104.img [no cloud data W1T1] [FINAL: W1T1]
		Images\MRH_X_20150615_045642_105.img [no cloud data W1T1] [FINAL: W1T1]
		Images\MRH_X_20150615_045951_106.img [no cloud data W1T1] [FINAL: W1T1]
		Images\MRH_X_20150615_050259_107.img [no cloud data W1T1] [FINAL: W1T1]
		Images\MRH_X_20150615_050607_108.img [no cloud data W1T1] [FINAL: W1T1]
		Images\MRH_X_20150615_050915_109.img [no cloud data W1T1] [FINAL: W1T1]
		Images\MRH_X_20150615_051311_110.img [no cloud data W1T1] [FINAL: W1T1]
		Images\MRH_X_20150615_051623_111.img [no cloud data W1T1] [FINAL: W1T1]
		Images\MRH_X_20150615_051932_112.img [no cloud data W1T1] [FINAL: W1T1]
		Images\MRH_X_20150615_052241_113.img [no cloud data W1T1] [FINAL: W1T1]
		Images\MRH_X_20150615_052551_114.img [no cloud data W1T1] [FINAL: W1T1]
		Images\MRH_X_20150615_052900_115.img [no cloud data W1T1] [FINAL: W1T1]
		Images\MRH_X_20150615_053209_116.img [no cloud data W1T1] [FINAL: W1T1]
		Images\MRH_X_20150615_053517_117.img [no cloud data W1T1] [FINAL: W1T1]
		Images\MRH_X_20150615_053825_118.img [no cloud data W1T1] [FINAL: W1T1]
		Images\MRH_X_20150615_054133_119.img [no cloud data W1T1] [FINAL: W1T1]
		Images\MRH_X_20150615_054530_120.img [no cloud data W1T1] [FINAL: W1T1]
		Images\MRH_X_20150615_054841_121.img [no cloud data W1T1] [FINAL: W1T1]
		Images\MRH_X_20150615_055150_122.img [no cloud data W1T1] [FINAL: W1T1]
		Images\MRH_X_20150615_055459_123.img [no cloud data W1T1] [FINAL: W1T1]
		Images\MRH_X_20150615_055809_124.img [no cloud data W1T1] [FINAL: W1T1]
		Images\MRH_X_20150615_060118_125.img [no cloud data W1T1] [FINAL: W1T1]
		Images\MRH_X_20150615_060428_126.img [no cloud data W1T1] [FINAL: W1T1]
		Images\MRH_X_20150615_060736_127.img [no cloud data W1T1] [FINAL: W1T1]
		Images\MRH_X_20150615_061044_128.img [no cloud data W1T1] [FINAL: W1T1]
		Images\MRH_X_20150615_061352_129.img [no cloud data W1T1] [FINAL: W1T1]
		Images\MRH_X_20150615_061748_130.img [no cloud data W1T1] [FINAL: W1T1]
		Images\MRH_X_20150615_062100_131.img [no cloud data W1T1] [FINAL: W1T1]
		Images\MRH_X_20150615_062409_132.img [no cloud data W1T1] [FINAL: W1T1]
		Images\MRH_X_20150615_062718_133.img [no cloud data W1T1] [FINAL: W1T1]
		Images\MRH_X_20150615_063028_134.img [no cloud data W1T1] [FINAL: W1T1]
		Images\MRH_X_20150615_063337_135.img [no cloud data W1T1] [FINAL: W1T1]
		Images\MRH_X_20150615_063646_136.img [no cloud data W1T1] [FINAL: W1T1]
		Images\MRH_X_20150615_063954_137.img [no cloud data W1T1] [FINAL: W1T1]
		Images\MRH_X_20150615_064302_138.img [no cloud data W1T1] [FINAL: W1T1]
		Images\MRH_X_20150615_064610_139.img [no cloud data W1T1] [FINAL: W1T1]
		Images\MRH_X_20150615_065006_140.img [no cloud data W1T1] [FINAL: W1T1]
		Images\MRH_X_20150615_065318_141.img [no cloud data W1T1] [FINAL: W1T1]
		Images\MRH_X_20150615_065627_142.img [no cloud data W1T1] [FINAL: W1T1]
		Images\MRH_X_20150615_065936_143.img [no cloud data W1T1] [FINAL: W1T1]
		Images\MRH_X_20150615_070246_144.img [no cloud data W1T1] [FINAL: W1T1]
		Images\MRH_X_20150615_070555_145.img [no cloud data W1T1] [FINAL: W1T1]
		Images\MRH_X_20150615_070905_146.img [no cloud data W1T1] [FINAL: W1T1]
		Images\MRH_X_20150615_071213_147.img [no cloud data W1T1] [FINAL: W1T1]
		Images\MRH_X_20150615_071521_148.img [no cloud data W1T1] [FINAL: W1T1]
		Images\MRH_X_20150615_071829_149.img [no cloud data W1T1] [FINAL: W1T1]
04/07/2021 23:29:00 PM: Results saved to results/minime90_mrh_20150614.npz
