04/07/2021 21:22:19 PM: Logfile Created
04/07/2021 21:22:19 PM: Sun up during minime90/mrh/2015/20150609/Images\MRH_L_20150609_231304_001.img. Ignoring this image...
04/07/2021 21:22:20 PM: minime90/mrh/2015/20150609/Images\MRH_L_20150609_234933_002.img center: 257.80, 254.69
04/07/2021 21:22:20 PM: minime90/mrh/2015/20150609/Images\MRH_L_20150610_002151_003.img center: 257.86, 254.69
04/07/2021 21:22:20 PM: minime90/mrh/2015/20150609/Images\MRH_L_20150610_005409_004.img center: 257.83, 254.71
04/07/2021 21:22:20 PM: minime90/mrh/2015/20150609/Images\MRH_L_20150610_012628_005.img center: 257.89, 254.71
04/07/2021 21:22:21 PM: minime90/mrh/2015/20150609/Images\MRH_L_20150610_015846_006.img center: 257.92, 254.75
04/07/2021 21:22:21 PM: minime90/mrh/2015/20150609/Images\MRH_L_20150610_023104_007.img center: 257.79, 254.75
04/07/2021 21:22:21 PM: minime90/mrh/2015/20150609/Images\MRH_L_20150610_030322_008.img center: 257.82, 254.78
04/07/2021 21:22:21 PM: minime90/mrh/2015/20150609/Images\MRH_L_20150610_033540_009.img center: 257.78, 254.79
04/07/2021 21:22:22 PM: minime90/mrh/2015/20150609/Images\MRH_L_20150610_040758_010.img center: 257.77, 254.76
04/07/2021 21:22:22 PM: minime90/mrh/2015/20150609/Images\MRH_L_20150610_044017_011.img center: 257.78, 254.79
04/07/2021 21:22:22 PM: minime90/mrh/2015/20150609/Images\MRH_L_20150610_051235_012.img center: 257.76, 254.79
04/07/2021 21:22:22 PM: minime90/mrh/2015/20150609/Images\MRH_L_20150610_054454_013.img center: 257.78, 254.78
04/07/2021 21:22:23 PM: minime90/mrh/2015/20150609/Images\MRH_L_20150610_061713_014.img center: 257.82, 254.81
04/07/2021 21:22:23 PM: minime90/mrh/2015/20150609/Images\MRH_L_20150610_064931_015.img center: 257.75, 254.77
04/07/2021 21:22:23 PM: minime90/mrh/2015/20150609/Images\MRH_L_20150610_072149_016.img center: 257.74, 254.80
04/07/2021 21:22:23 PM: minime90/mrh/2015/20150609/Images\MRH_L_20150610_075408_017.img center: 257.78, 254.82
04/07/2021 21:22:24 PM: minime90/mrh/2015/20150609/Images\MRH_L_20150610_082626_018.img center: 257.81, 254.82
04/07/2021 21:22:24 PM: minime90/mrh/2015/20150609/Images\MRH_L_20150610_085845_019.img center: 257.83, 254.81
04/07/2021 21:22:24 PM: minime90/mrh/2015/20150609/Images\MRH_L_20150610_093104_020.img center: 257.86, 254.82
04/07/2021 21:22:24 PM: minime90/mrh/2015/20150609/Images\MRH_L_20150610_100322_021.img center: 257.80, 254.83
04/07/2021 21:22:25 PM: minime90/mrh/2015/20150609/Images\MRH_L_20150610_103540_022.img center: 257.81, 254.82
04/07/2021 21:22:25 PM: minime90/mrh/2015/20150609/Images\MRH_L_20150610_104250_211.img center: 257.79, 254.80
04/07/2021 21:22:28 PM: minime90/mrh/2015/20150609/Images\MRH_L_20150609_234933_002.img reduced chisqr: 4.8708
04/07/2021 21:22:31 PM: minime90/mrh/2015/20150609/Images\MRH_L_20150610_002151_003.img reduced chisqr: 6.4505
04/07/2021 21:22:33 PM: minime90/mrh/2015/20150609/Images\MRH_L_20150610_005409_004.img reduced chisqr: 4.4934
04/07/2021 21:22:36 PM: minime90/mrh/2015/20150609/Images\MRH_L_20150610_012628_005.img reduced chisqr: 5.2337
04/07/2021 21:22:39 PM: minime90/mrh/2015/20150609/Images\MRH_L_20150610_015846_006.img reduced chisqr: 4.4784
04/07/2021 21:22:42 PM: minime90/mrh/2015/20150609/Images\MRH_L_20150610_023104_007.img reduced chisqr: 4.9376
04/07/2021 21:22:45 PM: minime90/mrh/2015/20150609/Images\MRH_L_20150610_030322_008.img reduced chisqr: 4.7216
04/07/2021 21:22:47 PM: minime90/mrh/2015/20150609/Images\MRH_L_20150610_033540_009.img reduced chisqr: 4.0523
04/07/2021 21:22:50 PM: minime90/mrh/2015/20150609/Images\MRH_L_20150610_040758_010.img reduced chisqr: 4.9997
04/07/2021 21:22:53 PM: minime90/mrh/2015/20150609/Images\MRH_L_20150610_044017_011.img reduced chisqr: 4.0542
04/07/2021 21:22:55 PM: minime90/mrh/2015/20150609/Images\MRH_L_20150610_051235_012.img reduced chisqr: 4.8261
04/07/2021 21:22:58 PM: minime90/mrh/2015/20150609/Images\MRH_L_20150610_054454_013.img reduced chisqr: 5.0165
04/07/2021 21:23:01 PM: minime90/mrh/2015/20150609/Images\MRH_L_20150610_061713_014.img reduced chisqr: 4.8227
04/07/2021 21:23:04 PM: minime90/mrh/2015/20150609/Images\MRH_L_20150610_064931_015.img reduced chisqr: 4.0869
04/07/2021 21:23:06 PM: minime90/mrh/2015/20150609/Images\MRH_L_20150610_072149_016.img reduced chisqr: 5.1898
04/07/2021 21:23:09 PM: minime90/mrh/2015/20150609/Images\MRH_L_20150610_075408_017.img reduced chisqr: 4.7077
04/07/2021 21:23:12 PM: minime90/mrh/2015/20150609/Images\MRH_L_20150610_082626_018.img reduced chisqr: 4.5139
04/07/2021 21:23:15 PM: minime90/mrh/2015/20150609/Images\MRH_L_20150610_085845_019.img reduced chisqr: 5.9415
04/07/2021 21:23:17 PM: minime90/mrh/2015/20150609/Images\MRH_L_20150610_093104_020.img reduced chisqr: 7.0555
04/07/2021 21:23:20 PM: minime90/mrh/2015/20150609/Images\MRH_L_20150610_100322_021.img reduced chisqr: 5.1845
04/07/2021 21:23:23 PM: minime90/mrh/2015/20150609/Images\MRH_L_20150610_103540_022.img reduced chisqr: 4.7891
04/07/2021 21:23:26 PM: minime90/mrh/2015/20150609/Images\MRH_L_20150610_104250_211.img reduced chisqr: 6.1040
04/07/2021 21:23:26 PM: minime90/mrh/2015/20150609/Images\MRH_X_20150609_232106_001.img not bounded by laser images. Ignoring this image...
04/07/2021 21:23:26 PM: minime90/mrh/2015/20150609/Images\MRH_X_20150609_232417_002.img not bounded by laser images. Ignoring this image...
04/07/2021 21:23:26 PM: minime90/mrh/2015/20150609/Images\MRH_X_20150609_232726_003.img not bounded by laser images. Ignoring this image...
04/07/2021 21:23:26 PM: minime90/mrh/2015/20150609/Images\MRH_X_20150609_233036_004.img not bounded by laser images. Ignoring this image...
04/07/2021 21:23:26 PM: minime90/mrh/2015/20150609/Images\MRH_X_20150609_233345_005.img not bounded by laser images. Ignoring this image...
04/07/2021 21:23:26 PM: minime90/mrh/2015/20150609/Images\MRH_X_20150609_233654_006.img not bounded by laser images. Ignoring this image...
04/07/2021 21:23:26 PM: minime90/mrh/2015/20150609/Images\MRH_X_20150609_234002_007.img not bounded by laser images. Ignoring this image...
04/07/2021 21:23:26 PM: minime90/mrh/2015/20150609/Images\MRH_X_20150609_234310_008.img not bounded by laser images. Ignoring this image...
04/07/2021 21:23:26 PM: minime90/mrh/2015/20150609/Images\MRH_X_20150609_234618_009.img not bounded by laser images. Ignoring this image...
04/07/2021 21:23:26 PM: minime90/mrh/2015/20150609/Images\MRH_X_20150610_062415_132.img is looking too close to the moon (33.0 deg). Ignoring this image...
04/07/2021 21:23:26 PM: minime90/mrh/2015/20150609/Images\MRH_X_20150610_065633_142.img is looking too close to the moon (26.8 deg). Ignoring this image...
04/07/2021 21:23:26 PM: minime90/mrh/2015/20150609/Images\MRH_X_20150610_072851_152.img is looking too close to the moon (21.6 deg). Ignoring this image...
04/07/2021 21:23:26 PM: minime90/mrh/2015/20150609/Images\MRH_X_20150610_080110_162.img is looking too close to the moon (18.1 deg). Ignoring this image...
04/07/2021 21:23:26 PM: minime90/mrh/2015/20150609/Images\MRH_X_20150610_083328_172.img is looking too close to the moon (17.6 deg). Ignoring this image...
04/07/2021 21:23:26 PM: minime90/mrh/2015/20150609/Images\MRH_X_20150610_090547_182.img is looking too close to the moon (20.4 deg). Ignoring this image...
04/07/2021 21:23:26 PM: minime90/mrh/2015/20150609/Images\MRH_X_20150610_093805_192.img is looking too close to the moon (25.3 deg). Ignoring this image...
04/07/2021 21:23:26 PM: minime90/mrh/2015/20150609/Images\MRH_X_20150610_094115_193.img is looking too close to the moon (34.6 deg). Ignoring this image...
04/07/2021 21:23:26 PM: minime90/mrh/2015/20150609/Images\MRH_X_20150610_101024_202.img is looking too close to the moon (31.4 deg). Ignoring this image...
04/07/2021 21:23:26 PM: minime90/mrh/2015/20150609/Images\MRH_X_20150610_101333_203.img is looking too close to the moon (27.5 deg). Ignoring this image...
04/07/2021 21:23:32 PM: minime90/mrh/2015/20150609/Images\MRH_X_20150609_235014_010.img reduced chisqr: 1.3987.
			Message:"Tolerance seems to be too small."
04/07/2021 21:23:39 PM: minime90/mrh/2015/20150609/Images\MRH_X_20150609_235326_011.img reduced chisqr: 1.2763.
			Message:"Tolerance seems to be too small."
04/07/2021 21:23:45 PM: minime90/mrh/2015/20150609/Images\MRH_X_20150609_235635_012.img reduced chisqr: 1.1541.
			Message:"Tolerance seems to be too small."
04/07/2021 21:23:52 PM: minime90/mrh/2015/20150609/Images\MRH_X_20150609_235944_013.img reduced chisqr: 1.2217.
			Message:"Tolerance seems to be too small."
04/07/2021 21:23:58 PM: minime90/mrh/2015/20150609/Images\MRH_X_20150610_000254_014.img reduced chisqr: 1.2413.
			Message:"Tolerance seems to be too small."
04/07/2021 21:24:04 PM: minime90/mrh/2015/20150609/Images\MRH_X_20150610_000603_015.img reduced chisqr: 1.1890.
			Message:"Tolerance seems to be too small."
04/07/2021 21:24:11 PM: minime90/mrh/2015/20150609/Images\MRH_X_20150610_000912_016.img reduced chisqr: 1.0966.
			Message:"Tolerance seems to be too small."
04/07/2021 21:24:17 PM: minime90/mrh/2015/20150609/Images\MRH_X_20150610_001220_017.img reduced chisqr: 1.1915.
			Message:"Tolerance seems to be too small."
04/07/2021 21:24:23 PM: minime90/mrh/2015/20150609/Images\MRH_X_20150610_001528_018.img reduced chisqr: 1.3634.
			Message:"Tolerance seems to be too small."
04/07/2021 21:24:30 PM: minime90/mrh/2015/20150609/Images\MRH_X_20150610_001836_019.img reduced chisqr: 1.1718.
			Message:"Tolerance seems to be too small."
04/07/2021 21:24:36 PM: minime90/mrh/2015/20150609/Images\MRH_X_20150610_002232_020.img reduced chisqr: 1.6479.
			Message:"Tolerance seems to be too small."
04/07/2021 21:24:43 PM: minime90/mrh/2015/20150609/Images\MRH_X_20150610_002543_021.img reduced chisqr: 1.2797.
			Message:"Tolerance seems to be too small."
04/07/2021 21:24:49 PM: minime90/mrh/2015/20150609/Images\MRH_X_20150610_002853_022.img reduced chisqr: 1.2793.
			Message:"Tolerance seems to be too small."
04/07/2021 21:24:55 PM: minime90/mrh/2015/20150609/Images\MRH_X_20150610_003202_023.img reduced chisqr: 1.2546.
			Message:"Tolerance seems to be too small."
04/07/2021 21:25:02 PM: minime90/mrh/2015/20150609/Images\MRH_X_20150610_003512_024.img reduced chisqr: 1.3521.
			Message:"Tolerance seems to be too small."
04/07/2021 21:25:08 PM: minime90/mrh/2015/20150609/Images\MRH_X_20150610_003821_025.img reduced chisqr: 0.9466.
			Message:"Tolerance seems to be too small."
04/07/2021 21:25:15 PM: minime90/mrh/2015/20150609/Images\MRH_X_20150610_004130_026.img reduced chisqr: 1.2603.
			Message:"Tolerance seems to be too small."
04/07/2021 21:25:21 PM: minime90/mrh/2015/20150609/Images\MRH_X_20150610_004438_027.img reduced chisqr: 1.3035.
			Message:"Tolerance seems to be too small."
04/07/2021 21:25:27 PM: minime90/mrh/2015/20150609/Images\MRH_X_20150610_004746_028.img reduced chisqr: 1.3044.
			Message:"Tolerance seems to be too small."
04/07/2021 21:25:34 PM: minime90/mrh/2015/20150609/Images\MRH_X_20150610_005054_029.img reduced chisqr: 1.2964.
			Message:"Tolerance seems to be too small."
04/07/2021 21:25:40 PM: minime90/mrh/2015/20150609/Images\MRH_X_20150610_005450_030.img reduced chisqr: 1.4974.
			Message:"Tolerance seems to be too small."
04/07/2021 21:25:47 PM: minime90/mrh/2015/20150609/Images\MRH_X_20150610_005802_031.img reduced chisqr: 1.2613.
			Message:"Tolerance seems to be too small."
04/07/2021 21:25:53 PM: minime90/mrh/2015/20150609/Images\MRH_X_20150610_010111_032.img reduced chisqr: 1.3831.
			Message:"Tolerance seems to be too small."
04/07/2021 21:26:00 PM: minime90/mrh/2015/20150609/Images\MRH_X_20150610_010420_033.img reduced chisqr: 1.1926.
			Message:"Tolerance seems to be too small."
04/07/2021 21:26:06 PM: minime90/mrh/2015/20150609/Images\MRH_X_20150610_010730_034.img reduced chisqr: 1.4060.
			Message:"Tolerance seems to be too small."
04/07/2021 21:26:13 PM: minime90/mrh/2015/20150609/Images\MRH_X_20150610_011039_035.img reduced chisqr: 1.3063.
			Message:"Tolerance seems to be too small."
04/07/2021 21:26:19 PM: minime90/mrh/2015/20150609/Images\MRH_X_20150610_011348_036.img reduced chisqr: 1.4443.
			Message:"Tolerance seems to be too small."
04/07/2021 21:26:26 PM: minime90/mrh/2015/20150609/Images\MRH_X_20150610_011656_037.img reduced chisqr: 1.4246.
			Message:"Tolerance seems to be too small."
04/07/2021 21:26:32 PM: minime90/mrh/2015/20150609/Images\MRH_X_20150610_012004_038.img reduced chisqr: 1.1446.
			Message:"Tolerance seems to be too small."
04/07/2021 21:26:38 PM: minime90/mrh/2015/20150609/Images\MRH_X_20150610_012312_039.img reduced chisqr: 1.3918.
			Message:"Tolerance seems to be too small."
04/07/2021 21:26:45 PM: minime90/mrh/2015/20150609/Images\MRH_X_20150610_012709_040.img reduced chisqr: 1.7388.
			Message:"Tolerance seems to be too small."
04/07/2021 21:26:51 PM: minime90/mrh/2015/20150609/Images\MRH_X_20150610_013020_041.img reduced chisqr: 1.3463.
			Message:"Tolerance seems to be too small."
04/07/2021 21:26:58 PM: minime90/mrh/2015/20150609/Images\MRH_X_20150610_013329_042.img reduced chisqr: 1.2086.
			Message:"Tolerance seems to be too small."
04/07/2021 21:27:04 PM: minime90/mrh/2015/20150609/Images\MRH_X_20150610_013638_043.img reduced chisqr: 1.3617.
			Message:"Tolerance seems to be too small."
04/07/2021 21:27:10 PM: minime90/mrh/2015/20150609/Images\MRH_X_20150610_013948_044.img reduced chisqr: 1.5036.
			Message:"Tolerance seems to be too small."
04/07/2021 21:27:17 PM: minime90/mrh/2015/20150609/Images\MRH_X_20150610_014257_045.img reduced chisqr: 1.4237.
			Message:"Tolerance seems to be too small."
04/07/2021 21:27:23 PM: minime90/mrh/2015/20150609/Images\MRH_X_20150610_014607_046.img reduced chisqr: 1.3256.
			Message:"Tolerance seems to be too small."
04/07/2021 21:27:30 PM: minime90/mrh/2015/20150609/Images\MRH_X_20150610_014915_047.img reduced chisqr: 1.3529.
			Message:"Tolerance seems to be too small."
04/07/2021 21:27:36 PM: minime90/mrh/2015/20150609/Images\MRH_X_20150610_015223_048.img reduced chisqr: 1.3218.
			Message:"Tolerance seems to be too small."
04/07/2021 21:27:43 PM: minime90/mrh/2015/20150609/Images\MRH_X_20150610_015531_049.img reduced chisqr: 1.2393.
			Message:"Tolerance seems to be too small."
04/07/2021 21:27:49 PM: minime90/mrh/2015/20150609/Images\MRH_X_20150610_015927_050.img reduced chisqr: 1.7897.
			Message:"Tolerance seems to be too small."
04/07/2021 21:27:55 PM: minime90/mrh/2015/20150609/Images\MRH_X_20150610_020238_051.img reduced chisqr: 1.3449.
			Message:"Tolerance seems to be too small."
04/07/2021 21:28:02 PM: minime90/mrh/2015/20150609/Images\MRH_X_20150610_020548_052.img reduced chisqr: 1.2990.
			Message:"Tolerance seems to be too small."
04/07/2021 21:28:08 PM: minime90/mrh/2015/20150609/Images\MRH_X_20150610_020857_053.img reduced chisqr: 1.1794.
			Message:"Tolerance seems to be too small."
04/07/2021 21:28:14 PM: minime90/mrh/2015/20150609/Images\MRH_X_20150610_021207_054.img reduced chisqr: 1.4501.
			Message:"Tolerance seems to be too small."
04/07/2021 21:28:21 PM: minime90/mrh/2015/20150609/Images\MRH_X_20150610_021516_055.img reduced chisqr: 1.6926.
			Message:"Tolerance seems to be too small."
04/07/2021 21:28:27 PM: minime90/mrh/2015/20150609/Images\MRH_X_20150610_021825_056.img reduced chisqr: 1.3557.
			Message:"Tolerance seems to be too small."
04/07/2021 21:28:34 PM: minime90/mrh/2015/20150609/Images\MRH_X_20150610_022133_057.img reduced chisqr: 1.3551.
			Message:"Tolerance seems to be too small."
04/07/2021 21:28:40 PM: minime90/mrh/2015/20150609/Images\MRH_X_20150610_022441_058.img reduced chisqr: 1.3951.
			Message:"Tolerance seems to be too small."
04/07/2021 21:28:47 PM: minime90/mrh/2015/20150609/Images\MRH_X_20150610_022749_059.img reduced chisqr: 1.3075.
			Message:"Tolerance seems to be too small."
04/07/2021 21:28:53 PM: minime90/mrh/2015/20150609/Images\MRH_X_20150610_023145_060.img reduced chisqr: 1.7679.
			Message:"Tolerance seems to be too small."
04/07/2021 21:28:59 PM: minime90/mrh/2015/20150609/Images\MRH_X_20150610_023456_061.img reduced chisqr: 1.7136.
			Message:"Tolerance seems to be too small."
04/07/2021 21:29:06 PM: minime90/mrh/2015/20150609/Images\MRH_X_20150610_023806_062.img reduced chisqr: 1.7875.
			Message:"Tolerance seems to be too small."
04/07/2021 21:29:12 PM: minime90/mrh/2015/20150609/Images\MRH_X_20150610_024115_063.img reduced chisqr: 1.5400.
			Message:"Tolerance seems to be too small."
04/07/2021 21:29:18 PM: minime90/mrh/2015/20150609/Images\MRH_X_20150610_024425_064.img reduced chisqr: 1.9009.
			Message:"Tolerance seems to be too small."
04/07/2021 21:29:25 PM: minime90/mrh/2015/20150609/Images\MRH_X_20150610_024734_065.img reduced chisqr: 1.4928.
			Message:"Tolerance seems to be too small."
04/07/2021 21:29:31 PM: minime90/mrh/2015/20150609/Images\MRH_X_20150610_025043_066.img reduced chisqr: 1.6731.
			Message:"Tolerance seems to be too small."
04/07/2021 21:29:38 PM: minime90/mrh/2015/20150609/Images\MRH_X_20150610_025351_067.img reduced chisqr: 1.8266.
			Message:"Tolerance seems to be too small."
04/07/2021 21:29:44 PM: minime90/mrh/2015/20150609/Images\MRH_X_20150610_025659_068.img reduced chisqr: 1.6740.
			Message:"Tolerance seems to be too small."
04/07/2021 21:29:50 PM: minime90/mrh/2015/20150609/Images\MRH_X_20150610_030007_069.img reduced chisqr: 1.7035.
			Message:"Tolerance seems to be too small."
04/07/2021 21:29:57 PM: minime90/mrh/2015/20150609/Images\MRH_X_20150610_030403_070.img reduced chisqr: 1.5137.
			Message:"Tolerance seems to be too small."
04/07/2021 21:30:03 PM: minime90/mrh/2015/20150609/Images\MRH_X_20150610_030715_071.img reduced chisqr: 1.5531.
			Message:"Tolerance seems to be too small."
04/07/2021 21:30:10 PM: minime90/mrh/2015/20150609/Images\MRH_X_20150610_031024_072.img reduced chisqr: 1.5754.
			Message:"Tolerance seems to be too small."
04/07/2021 21:30:16 PM: minime90/mrh/2015/20150609/Images\MRH_X_20150610_031333_073.img reduced chisqr: 1.3926.
			Message:"Tolerance seems to be too small."
04/07/2021 21:30:22 PM: minime90/mrh/2015/20150609/Images\MRH_X_20150610_031643_074.img reduced chisqr: 1.3476.
			Message:"Tolerance seems to be too small."
04/07/2021 21:30:29 PM: minime90/mrh/2015/20150609/Images\MRH_X_20150610_031952_075.img reduced chisqr: 1.3295.
			Message:"Tolerance seems to be too small."
04/07/2021 21:30:35 PM: minime90/mrh/2015/20150609/Images\MRH_X_20150610_032301_076.img reduced chisqr: 1.4377.
			Message:"Tolerance seems to be too small."
04/07/2021 21:30:42 PM: minime90/mrh/2015/20150609/Images\MRH_X_20150610_032609_077.img reduced chisqr: 1.3950.
			Message:"Tolerance seems to be too small."
04/07/2021 21:30:48 PM: minime90/mrh/2015/20150609/Images\MRH_X_20150610_032917_078.img reduced chisqr: 1.5786.
			Message:"Tolerance seems to be too small."
04/07/2021 21:30:54 PM: minime90/mrh/2015/20150609/Images\MRH_X_20150610_033225_079.img reduced chisqr: 1.5147.
			Message:"Tolerance seems to be too small."
04/07/2021 21:31:01 PM: minime90/mrh/2015/20150609/Images\MRH_X_20150610_033621_080.img reduced chisqr: 1.5832.
			Message:"Tolerance seems to be too small."
04/07/2021 21:31:07 PM: minime90/mrh/2015/20150609/Images\MRH_X_20150610_033933_081.img reduced chisqr: 1.4343.
			Message:"Tolerance seems to be too small."
04/07/2021 21:31:14 PM: minime90/mrh/2015/20150609/Images\MRH_X_20150610_034242_082.img reduced chisqr: 1.4520.
			Message:"Tolerance seems to be too small."
04/07/2021 21:31:20 PM: minime90/mrh/2015/20150609/Images\MRH_X_20150610_034551_083.img reduced chisqr: 1.4851.
			Message:"Tolerance seems to be too small."
04/07/2021 21:31:27 PM: minime90/mrh/2015/20150609/Images\MRH_X_20150610_034901_084.img reduced chisqr: 1.4999.
			Message:"Tolerance seems to be too small."
04/07/2021 21:31:33 PM: minime90/mrh/2015/20150609/Images\MRH_X_20150610_035210_085.img reduced chisqr: 1.3776.
			Message:"Tolerance seems to be too small."
04/07/2021 21:31:40 PM: minime90/mrh/2015/20150609/Images\MRH_X_20150610_035519_086.img reduced chisqr: 1.4780.
			Message:"Tolerance seems to be too small."
04/07/2021 21:31:46 PM: minime90/mrh/2015/20150609/Images\MRH_X_20150610_035827_087.img reduced chisqr: 1.4127.
			Message:"Tolerance seems to be too small."
04/07/2021 21:31:52 PM: minime90/mrh/2015/20150609/Images\MRH_X_20150610_040135_088.img reduced chisqr: 1.4290.
			Message:"Tolerance seems to be too small."
04/07/2021 21:31:59 PM: minime90/mrh/2015/20150609/Images\MRH_X_20150610_040443_089.img reduced chisqr: 1.4496.
			Message:"Tolerance seems to be too small."
04/07/2021 21:32:05 PM: minime90/mrh/2015/20150609/Images\MRH_X_20150610_040839_090.img reduced chisqr: 1.4743.
			Message:"Tolerance seems to be too small."
04/07/2021 21:32:12 PM: minime90/mrh/2015/20150609/Images\MRH_X_20150610_041151_091.img reduced chisqr: 1.5474.
			Message:"Tolerance seems to be too small."
04/07/2021 21:32:18 PM: minime90/mrh/2015/20150609/Images\MRH_X_20150610_041500_092.img reduced chisqr: 1.1990.
			Message:"Tolerance seems to be too small."
04/07/2021 21:32:25 PM: minime90/mrh/2015/20150609/Images\MRH_X_20150610_041809_093.img reduced chisqr: 1.5085.
			Message:"Tolerance seems to be too small."
04/07/2021 21:32:32 PM: minime90/mrh/2015/20150609/Images\MRH_X_20150610_042119_094.img reduced chisqr: 1.4761.
			Message:"Tolerance seems to be too small."
04/07/2021 21:32:38 PM: minime90/mrh/2015/20150609/Images\MRH_X_20150610_042428_095.img reduced chisqr: 1.4114.
			Message:"Tolerance seems to be too small."
04/07/2021 21:32:45 PM: minime90/mrh/2015/20150609/Images\MRH_X_20150610_042737_096.img reduced chisqr: 1.4639.
			Message:"Tolerance seems to be too small."
04/07/2021 21:32:52 PM: minime90/mrh/2015/20150609/Images\MRH_X_20150610_043046_097.img reduced chisqr: 1.4739.
			Message:"Tolerance seems to be too small."
04/07/2021 21:32:58 PM: minime90/mrh/2015/20150609/Images\MRH_X_20150610_043354_098.img reduced chisqr: 1.3299.
			Message:"Tolerance seems to be too small."
04/07/2021 21:33:05 PM: minime90/mrh/2015/20150609/Images\MRH_X_20150610_043702_099.img reduced chisqr: 1.5768.
			Message:"Tolerance seems to be too small."
04/07/2021 21:33:11 PM: minime90/mrh/2015/20150609/Images\MRH_X_20150610_044058_100.img reduced chisqr: 1.5558.
			Message:"Tolerance seems to be too small."
04/07/2021 21:33:18 PM: minime90/mrh/2015/20150609/Images\MRH_X_20150610_044410_101.img reduced chisqr: 1.5101.
			Message:"Tolerance seems to be too small."
04/07/2021 21:33:25 PM: minime90/mrh/2015/20150609/Images\MRH_X_20150610_044719_102.img reduced chisqr: 1.3421.
			Message:"Tolerance seems to be too small."
04/07/2021 21:33:32 PM: minime90/mrh/2015/20150609/Images\MRH_X_20150610_045028_103.img reduced chisqr: 1.4264.
			Message:"Tolerance seems to be too small."
04/07/2021 21:33:38 PM: minime90/mrh/2015/20150609/Images\MRH_X_20150610_045338_104.img reduced chisqr: 1.3890.
			Message:"Tolerance seems to be too small."
04/07/2021 21:33:45 PM: minime90/mrh/2015/20150609/Images\MRH_X_20150610_045647_105.img reduced chisqr: 1.3776.
			Message:"Tolerance seems to be too small."
04/07/2021 21:33:51 PM: minime90/mrh/2015/20150609/Images\MRH_X_20150610_045956_106.img reduced chisqr: 1.4450.
			Message:"Tolerance seems to be too small."
04/07/2021 21:33:58 PM: minime90/mrh/2015/20150609/Images\MRH_X_20150610_050304_107.img reduced chisqr: 1.3398.
			Message:"Tolerance seems to be too small."
04/07/2021 21:34:04 PM: minime90/mrh/2015/20150609/Images\MRH_X_20150610_050612_108.img reduced chisqr: 1.4901.
			Message:"Tolerance seems to be too small."
04/07/2021 21:34:11 PM: minime90/mrh/2015/20150609/Images\MRH_X_20150610_050920_109.img reduced chisqr: 1.4652.
			Message:"Tolerance seems to be too small."
04/07/2021 21:34:17 PM: minime90/mrh/2015/20150609/Images\MRH_X_20150610_051317_110.img reduced chisqr: 1.4952.
			Message:"Tolerance seems to be too small."
04/07/2021 21:34:23 PM: minime90/mrh/2015/20150609/Images\MRH_X_20150610_051628_111.img reduced chisqr: 1.2575.
			Message:"Tolerance seems to be too small."
04/07/2021 21:34:30 PM: minime90/mrh/2015/20150609/Images\MRH_X_20150610_051937_112.img reduced chisqr: 1.2675.
			Message:"Tolerance seems to be too small."
04/07/2021 21:34:36 PM: minime90/mrh/2015/20150609/Images\MRH_X_20150610_052247_113.img reduced chisqr: 1.5353.
			Message:"Tolerance seems to be too small."
04/07/2021 21:34:42 PM: minime90/mrh/2015/20150609/Images\MRH_X_20150610_052556_114.img reduced chisqr: 1.3456.
			Message:"Tolerance seems to be too small."
04/07/2021 21:34:49 PM: minime90/mrh/2015/20150609/Images\MRH_X_20150610_052906_115.img reduced chisqr: 1.5279.
			Message:"Tolerance seems to be too small."
04/07/2021 21:34:55 PM: minime90/mrh/2015/20150609/Images\MRH_X_20150610_053215_116.img reduced chisqr: 1.5494.
			Message:"Tolerance seems to be too small."
04/07/2021 21:35:01 PM: minime90/mrh/2015/20150609/Images\MRH_X_20150610_053523_117.img reduced chisqr: 1.4360.
			Message:"Tolerance seems to be too small."
04/07/2021 21:35:08 PM: minime90/mrh/2015/20150609/Images\MRH_X_20150610_053831_118.img reduced chisqr: 1.3290.
			Message:"Tolerance seems to be too small."
04/07/2021 21:35:14 PM: minime90/mrh/2015/20150609/Images\MRH_X_20150610_054139_119.img reduced chisqr: 1.3071.
			Message:"Tolerance seems to be too small."
04/07/2021 21:35:20 PM: minime90/mrh/2015/20150609/Images\MRH_X_20150610_054535_120.img reduced chisqr: 1.4082.
			Message:"Tolerance seems to be too small."
04/07/2021 21:35:27 PM: minime90/mrh/2015/20150609/Images\MRH_X_20150610_054847_121.img reduced chisqr: 1.4526.
			Message:"Tolerance seems to be too small."
04/07/2021 21:35:33 PM: minime90/mrh/2015/20150609/Images\MRH_X_20150610_055156_122.img reduced chisqr: 1.2121.
			Message:"Tolerance seems to be too small."
04/07/2021 21:35:39 PM: minime90/mrh/2015/20150609/Images\MRH_X_20150610_055505_123.img reduced chisqr: 1.3383.
			Message:"Tolerance seems to be too small."
04/07/2021 21:35:46 PM: minime90/mrh/2015/20150609/Images\MRH_X_20150610_055815_124.img reduced chisqr: 1.4574.
			Message:"Tolerance seems to be too small."
04/07/2021 21:35:52 PM: minime90/mrh/2015/20150609/Images\MRH_X_20150610_060124_125.img reduced chisqr: 1.3327.
			Message:"Tolerance seems to be too small."
04/07/2021 21:35:58 PM: minime90/mrh/2015/20150609/Images\MRH_X_20150610_060433_126.img reduced chisqr: 1.4538.
			Message:"Tolerance seems to be too small."
04/07/2021 21:36:05 PM: minime90/mrh/2015/20150609/Images\MRH_X_20150610_060742_127.img reduced chisqr: 1.4142.
			Message:"Tolerance seems to be too small."
04/07/2021 21:36:11 PM: minime90/mrh/2015/20150609/Images\MRH_X_20150610_061050_128.img reduced chisqr: 1.4504.
			Message:"Tolerance seems to be too small."
04/07/2021 21:36:18 PM: minime90/mrh/2015/20150609/Images\MRH_X_20150610_061358_129.img reduced chisqr: 1.4906.
			Message:"Tolerance seems to be too small."
04/07/2021 21:36:24 PM: minime90/mrh/2015/20150609/Images\MRH_X_20150610_061754_130.img reduced chisqr: 1.5617.
			Message:"Tolerance seems to be too small."
04/07/2021 21:36:30 PM: minime90/mrh/2015/20150609/Images\MRH_X_20150610_062105_131.img reduced chisqr: 1.6110.
			Message:"Tolerance seems to be too small."
04/07/2021 21:36:37 PM: minime90/mrh/2015/20150609/Images\MRH_X_20150610_062724_133.img reduced chisqr: 1.2013.
			Message:"Tolerance seems to be too small."
04/07/2021 21:36:43 PM: minime90/mrh/2015/20150609/Images\MRH_X_20150610_063033_134.img reduced chisqr: 1.3143.
			Message:"Tolerance seems to be too small."
04/07/2021 21:36:50 PM: minime90/mrh/2015/20150609/Images\MRH_X_20150610_063343_135.img reduced chisqr: 1.2711.
			Message:"Tolerance seems to be too small."
04/07/2021 21:36:56 PM: minime90/mrh/2015/20150609/Images\MRH_X_20150610_063652_136.img reduced chisqr: 1.1467.
			Message:"Tolerance seems to be too small."
04/07/2021 21:37:03 PM: minime90/mrh/2015/20150609/Images\MRH_X_20150610_064000_137.img reduced chisqr: 1.3848.
			Message:"Tolerance seems to be too small."
04/07/2021 21:37:09 PM: minime90/mrh/2015/20150609/Images\MRH_X_20150610_064308_138.img reduced chisqr: 1.3759.
			Message:"Tolerance seems to be too small."
04/07/2021 21:37:16 PM: minime90/mrh/2015/20150609/Images\MRH_X_20150610_064616_139.img reduced chisqr: 1.1252.
			Message:"Tolerance seems to be too small."
04/07/2021 21:37:22 PM: minime90/mrh/2015/20150609/Images\MRH_X_20150610_065012_140.img reduced chisqr: 1.5240.
			Message:"Tolerance seems to be too small."
04/07/2021 21:37:28 PM: minime90/mrh/2015/20150609/Images\MRH_X_20150610_065324_141.img reduced chisqr: 1.2908.
			Message:"Tolerance seems to be too small."
04/07/2021 21:37:35 PM: minime90/mrh/2015/20150609/Images\MRH_X_20150610_065942_143.img reduced chisqr: 1.1442.
			Message:"Tolerance seems to be too small."
04/07/2021 21:37:41 PM: minime90/mrh/2015/20150609/Images\MRH_X_20150610_070252_144.img reduced chisqr: 1.2409.
			Message:"Tolerance seems to be too small."
04/07/2021 21:37:48 PM: minime90/mrh/2015/20150609/Images\MRH_X_20150610_070601_145.img reduced chisqr: 1.4820.
			Message:"Tolerance seems to be too small."
04/07/2021 21:37:54 PM: minime90/mrh/2015/20150609/Images\MRH_X_20150610_070910_146.img reduced chisqr: 1.3661.
			Message:"Tolerance seems to be too small."
04/07/2021 21:38:01 PM: minime90/mrh/2015/20150609/Images\MRH_X_20150610_071218_147.img reduced chisqr: 1.2300.
			Message:"Tolerance seems to be too small."
04/07/2021 21:38:07 PM: minime90/mrh/2015/20150609/Images\MRH_X_20150610_071526_148.img reduced chisqr: 1.2689.
			Message:"Tolerance seems to be too small."
04/07/2021 21:38:13 PM: minime90/mrh/2015/20150609/Images\MRH_X_20150610_071834_149.img reduced chisqr: 1.1439.
			Message:"Tolerance seems to be too small."
04/07/2021 21:38:19 PM: minime90/mrh/2015/20150609/Images\MRH_X_20150610_072230_150.img reduced chisqr: 1.4441.
			Message:"Tolerance seems to be too small."
04/07/2021 21:38:26 PM: minime90/mrh/2015/20150609/Images\MRH_X_20150610_072542_151.img reduced chisqr: 1.2978.
			Message:"Tolerance seems to be too small."
04/07/2021 21:38:32 PM: minime90/mrh/2015/20150609/Images\MRH_X_20150610_073200_153.img reduced chisqr: 1.2241.
			Message:"Tolerance seems to be too small."
04/07/2021 21:38:38 PM: minime90/mrh/2015/20150609/Images\MRH_X_20150610_073510_154.img reduced chisqr: 1.3251.
			Message:"Tolerance seems to be too small."
04/07/2021 21:38:45 PM: minime90/mrh/2015/20150609/Images\MRH_X_20150610_073819_155.img reduced chisqr: 1.4475.
			Message:"Tolerance seems to be too small."
04/07/2021 21:38:51 PM: minime90/mrh/2015/20150609/Images\MRH_X_20150610_074128_156.img reduced chisqr: 1.1882.
			Message:"Tolerance seems to be too small."
04/07/2021 21:38:57 PM: minime90/mrh/2015/20150609/Images\MRH_X_20150610_074436_157.img reduced chisqr: 1.4118.
			Message:"Tolerance seems to be too small."
04/07/2021 21:39:04 PM: minime90/mrh/2015/20150609/Images\MRH_X_20150610_074744_158.img reduced chisqr: 1.2557.
			Message:"Tolerance seems to be too small."
04/07/2021 21:39:10 PM: minime90/mrh/2015/20150609/Images\MRH_X_20150610_075053_159.img reduced chisqr: 1.5299.
			Message:"Tolerance seems to be too small."
04/07/2021 21:39:16 PM: minime90/mrh/2015/20150609/Images\MRH_X_20150610_075449_160.img reduced chisqr: 1.3885.
			Message:"Tolerance seems to be too small."
04/07/2021 21:39:23 PM: minime90/mrh/2015/20150609/Images\MRH_X_20150610_075800_161.img reduced chisqr: 1.2206.
			Message:"Tolerance seems to be too small."
04/07/2021 21:39:29 PM: minime90/mrh/2015/20150609/Images\MRH_X_20150610_080419_163.img reduced chisqr: 1.0926.
			Message:"Tolerance seems to be too small."
04/07/2021 21:39:35 PM: minime90/mrh/2015/20150609/Images\MRH_X_20150610_080729_164.img reduced chisqr: 1.2991.
			Message:"Tolerance seems to be too small."
04/07/2021 21:39:42 PM: minime90/mrh/2015/20150609/Images\MRH_X_20150610_081038_165.img reduced chisqr: 1.1905.
			Message:"Tolerance seems to be too small."
04/07/2021 21:39:48 PM: minime90/mrh/2015/20150609/Images\MRH_X_20150610_081347_166.img reduced chisqr: 1.2858.
			Message:"Tolerance seems to be too small."
04/07/2021 21:39:54 PM: minime90/mrh/2015/20150609/Images\MRH_X_20150610_081655_167.img reduced chisqr: 1.0726.
			Message:"Tolerance seems to be too small."
04/07/2021 21:40:01 PM: minime90/mrh/2015/20150609/Images\MRH_X_20150610_082003_168.img reduced chisqr: 1.0981.
			Message:"Tolerance seems to be too small."
04/07/2021 21:40:07 PM: minime90/mrh/2015/20150609/Images\MRH_X_20150610_082311_169.img reduced chisqr: 1.3497.
			Message:"Tolerance seems to be too small."
04/07/2021 21:40:14 PM: minime90/mrh/2015/20150609/Images\MRH_X_20150610_082707_170.img reduced chisqr: 1.2473.
			Message:"Tolerance seems to be too small."
04/07/2021 21:40:20 PM: minime90/mrh/2015/20150609/Images\MRH_X_20150610_083019_171.img reduced chisqr: 1.4371.
			Message:"Tolerance seems to be too small."
04/07/2021 21:40:26 PM: minime90/mrh/2015/20150609/Images\MRH_X_20150610_083637_173.img reduced chisqr: 1.2453.
			Message:"Tolerance seems to be too small."
04/07/2021 21:40:33 PM: minime90/mrh/2015/20150609/Images\MRH_X_20150610_083947_174.img reduced chisqr: 1.4498.
			Message:"Tolerance seems to be too small."
04/07/2021 21:40:39 PM: minime90/mrh/2015/20150609/Images\MRH_X_20150610_084256_175.img reduced chisqr: 1.4843.
			Message:"Tolerance seems to be too small."
04/07/2021 21:40:46 PM: minime90/mrh/2015/20150609/Images\MRH_X_20150610_084606_176.img reduced chisqr: 1.4622.
			Message:"Tolerance seems to be too small."
04/07/2021 21:40:52 PM: minime90/mrh/2015/20150609/Images\MRH_X_20150610_084914_177.img reduced chisqr: 1.5249.
			Message:"Tolerance seems to be too small."
04/07/2021 21:40:58 PM: minime90/mrh/2015/20150609/Images\MRH_X_20150610_085222_178.img reduced chisqr: 1.2913.
			Message:"Tolerance seems to be too small."
04/07/2021 21:41:05 PM: minime90/mrh/2015/20150609/Images\MRH_X_20150610_085530_179.img reduced chisqr: 1.5954.
			Message:"Tolerance seems to be too small."
04/07/2021 21:41:11 PM: minime90/mrh/2015/20150609/Images\MRH_X_20150610_085926_180.img reduced chisqr: 1.7489.
			Message:"Tolerance seems to be too small."
04/07/2021 21:41:18 PM: minime90/mrh/2015/20150609/Images\MRH_X_20150610_090238_181.img reduced chisqr: 1.5625.
			Message:"Tolerance seems to be too small."
04/07/2021 21:41:24 PM: minime90/mrh/2015/20150609/Images\MRH_X_20150610_090856_183.img reduced chisqr: 1.6755.
			Message:"Tolerance seems to be too small."
04/07/2021 21:41:30 PM: minime90/mrh/2015/20150609/Images\MRH_X_20150610_091206_184.img reduced chisqr: 2.0415.
			Message:"Tolerance seems to be too small."
04/07/2021 21:41:37 PM: minime90/mrh/2015/20150609/Images\MRH_X_20150610_091515_185.img reduced chisqr: 2.0916.
			Message:"Tolerance seems to be too small."
04/07/2021 21:41:43 PM: minime90/mrh/2015/20150609/Images\MRH_X_20150610_091825_186.img reduced chisqr: 1.6314.
			Message:"Tolerance seems to be too small."
04/07/2021 21:41:49 PM: minime90/mrh/2015/20150609/Images\MRH_X_20150610_092133_187.img reduced chisqr: 1.8222.
			Message:"Tolerance seems to be too small."
04/07/2021 21:41:55 PM: minime90/mrh/2015/20150609/Images\MRH_X_20150610_092441_188.img reduced chisqr: 1.7513.
			Message:"Tolerance seems to be too small."
04/07/2021 21:42:02 PM: minime90/mrh/2015/20150609/Images\MRH_X_20150610_092749_189.img reduced chisqr: 1.9207.
			Message:"Tolerance seems to be too small."
04/07/2021 21:42:08 PM: minime90/mrh/2015/20150609/Images\MRH_X_20150610_093145_190.img reduced chisqr: 1.6975.
			Message:"Tolerance seems to be too small."
04/07/2021 21:42:14 PM: minime90/mrh/2015/20150609/Images\MRH_X_20150610_093456_191.img reduced chisqr: 1.6715.
			Message:"Tolerance seems to be too small."
04/07/2021 21:42:20 PM: minime90/mrh/2015/20150609/Images\MRH_X_20150610_094424_194.img reduced chisqr: 1.2931.
			Message:"Tolerance seems to be too small."
04/07/2021 21:42:27 PM: minime90/mrh/2015/20150609/Images\MRH_X_20150610_094734_195.img reduced chisqr: 1.3791.
			Message:"Tolerance seems to be too small."
04/07/2021 21:42:33 PM: minime90/mrh/2015/20150609/Images\MRH_X_20150610_095043_196.img reduced chisqr: 1.2126.
			Message:"Tolerance seems to be too small."
04/07/2021 21:42:39 PM: minime90/mrh/2015/20150609/Images\MRH_X_20150610_095351_197.img reduced chisqr: 1.0952.
			Message:"Tolerance seems to be too small."
04/07/2021 21:42:46 PM: minime90/mrh/2015/20150609/Images\MRH_X_20150610_095659_198.img reduced chisqr: 1.0061.
			Message:"Tolerance seems to be too small."
04/07/2021 21:42:52 PM: minime90/mrh/2015/20150609/Images\MRH_X_20150610_100007_199.img reduced chisqr: 1.0640.
			Message:"Tolerance seems to be too small."
04/07/2021 21:42:58 PM: minime90/mrh/2015/20150609/Images\MRH_X_20150610_100403_200.img reduced chisqr: 1.2951.
			Message:"Tolerance seems to be too small."
04/07/2021 21:43:04 PM: minime90/mrh/2015/20150609/Images\MRH_X_20150610_100715_201.img reduced chisqr: 1.1841.
			Message:"Tolerance seems to be too small."
04/07/2021 21:43:11 PM: minime90/mrh/2015/20150609/Images\MRH_X_20150610_101643_204.img reduced chisqr: 1.1887.
			Message:"Tolerance seems to be too small."
04/07/2021 21:43:17 PM: minime90/mrh/2015/20150609/Images\MRH_X_20150610_101952_205.img reduced chisqr: 1.4311.
			Message:"Tolerance seems to be too small."
04/07/2021 21:43:23 PM: minime90/mrh/2015/20150609/Images\MRH_X_20150610_102301_206.img reduced chisqr: 1.1752.
			Message:"Tolerance seems to be too small."
04/07/2021 21:43:30 PM: minime90/mrh/2015/20150609/Images\MRH_X_20150610_102609_207.img reduced chisqr: 1.2393.
			Message:"Tolerance seems to be too small."
04/07/2021 21:43:37 PM: minime90/mrh/2015/20150609/Images\MRH_X_20150610_102917_208.img reduced chisqr: 1.3210.
			Message:"Tolerance seems to be too small."
04/07/2021 21:43:43 PM: minime90/mrh/2015/20150609/Images\MRH_X_20150610_103225_209.img reduced chisqr: 1.2736.
			Message:"Tolerance seems to be too small."
04/07/2021 21:43:50 PM: minime90/mrh/2015/20150609/Images\MRH_X_20150610_103622_210.img reduced chisqr: 1.6413.
			Message:"Tolerance seems to be too small."
04/07/2021 21:43:56 PM: minime90/mrh/2015/20150609/Images\MRH_X_20150610_103933_211.img reduced chisqr: 2.0083.
			Message:"Tolerance seems to be too small."
04/07/2021 21:43:56 PM: WARNING: Exposure time is not changing.
04/07/2021 21:43:56 PM: Created diagnostic plots.
04/07/2021 21:43:56 PM: Laser and sky image analysis complete.
04/07/2021 21:43:56 PM: No Boltwood cloud sensor data found.
04/07/2021 21:43:56 PM: No X300 temperature sensor data found.
04/07/2021 21:43:56 PM:  Quality Flag Calculation:
		Manual Wind Flag: 0
		Manual Temperature Flag: 0
		Laser Drift: False
		Sample-specific flags:
		Images\MRH_X_20150609_235014_010.img [no cloud data W1T1] [FINAL: W1T1]
		Images\MRH_X_20150609_235326_011.img [no cloud data W1T1] [FINAL: W1T1]
		Images\MRH_X_20150609_235635_012.img [no cloud data W1T1] [FINAL: W1T1]
		Images\MRH_X_20150609_235944_013.img [no cloud data W1T1] [FINAL: W1T1]
		Images\MRH_X_20150610_000254_014.img [no cloud data W1T1] [FINAL: W1T1]
		Images\MRH_X_20150610_000603_015.img [no cloud data W1T1] [FINAL: W1T1]
		Images\MRH_X_20150610_000912_016.img [no cloud data W1T1] [FINAL: W1T1]
		Images\MRH_X_20150610_001220_017.img [no cloud data W1T1] [FINAL: W1T1]
		Images\MRH_X_20150610_001528_018.img [no cloud data W1T1] [FINAL: W1T1]
		Images\MRH_X_20150610_001836_019.img [no cloud data W1T1] [FINAL: W1T1]
		Images\MRH_X_20150610_002232_020.img [no cloud data W1T1] [FINAL: W1T1]
		Images\MRH_X_20150610_002543_021.img [no cloud data W1T1] [FINAL: W1T1]
		Images\MRH_X_20150610_002853_022.img [no cloud data W1T1] [FINAL: W1T1]
		Images\MRH_X_20150610_003202_023.img [no cloud data W1T1] [FINAL: W1T1]
		Images\MRH_X_20150610_003512_024.img [no cloud data W1T1] [FINAL: W1T1]
		Images\MRH_X_20150610_003821_025.img [no cloud data W1T1] [FINAL: W1T1]
		Images\MRH_X_20150610_004130_026.img [no cloud data W1T1] [FINAL: W1T1]
		Images\MRH_X_20150610_004438_027.img [no cloud data W1T1] [FINAL: W1T1]
		Images\MRH_X_20150610_004746_028.img [no cloud data W1T1] [FINAL: W1T1]
		Images\MRH_X_20150610_005054_029.img [no cloud data W1T1] [FINAL: W1T1]
		Images\MRH_X_20150610_005450_030.img [no cloud data W1T1] [FINAL: W1T1]
		Images\MRH_X_20150610_005802_031.img [no cloud data W1T1] [FINAL: W1T1]
		Images\MRH_X_20150610_010111_032.img [no cloud data W1T1] [FINAL: W1T1]
		Images\MRH_X_20150610_010420_033.img [no cloud data W1T1] [FINAL: W1T1]
		Images\MRH_X_20150610_010730_034.img [no cloud data W1T1] [FINAL: W1T1]
		Images\MRH_X_20150610_011039_035.img [no cloud data W1T1] [FINAL: W1T1]
		Images\MRH_X_20150610_011348_036.img [no cloud data W1T1] [FINAL: W1T1]
		Images\MRH_X_20150610_011656_037.img [no cloud data W1T1] [FINAL: W1T1]
		Images\MRH_X_20150610_012004_038.img [no cloud data W1T1] [FINAL: W1T1]
		Images\MRH_X_20150610_012312_039.img [no cloud data W1T1] [FINAL: W1T1]
		Images\MRH_X_20150610_012709_040.img [no cloud data W1T1] [FINAL: W1T1]
		Images\MRH_X_20150610_013020_041.img [no cloud data W1T1] [FINAL: W1T1]
		Images\MRH_X_20150610_013329_042.img [no cloud data W1T1] [FINAL: W1T1]
		Images\MRH_X_20150610_013638_043.img [no cloud data W1T1] [FINAL: W1T1]
		Images\MRH_X_20150610_013948_044.img [no cloud data W1T1] [FINAL: W1T1]
		Images\MRH_X_20150610_014257_045.img [no cloud data W1T1] [FINAL: W1T1]
		Images\MRH_X_20150610_014607_046.img [no cloud data W1T1] [FINAL: W1T1]
		Images\MRH_X_20150610_014915_047.img [no cloud data W1T1] [FINAL: W1T1]
		Images\MRH_X_20150610_015223_048.img [no cloud data W1T1] [FINAL: W1T1]
		Images\MRH_X_20150610_015531_049.img [no cloud data W1T1] [FINAL: W1T1]
		Images\MRH_X_20150610_015927_050.img [no cloud data W1T1] [FINAL: W1T1]
		Images\MRH_X_20150610_020238_051.img [no cloud data W1T1] [FINAL: W1T1]
		Images\MRH_X_20150610_020548_052.img [no cloud data W1T1] [FINAL: W1T1]
		Images\MRH_X_20150610_020857_053.img [no cloud data W1T1] [FINAL: W1T1]
		Images\MRH_X_20150610_021207_054.img [no cloud data W1T1] [FINAL: W1T1]
		Images\MRH_X_20150610_021516_055.img [no cloud data W1T1] [FINAL: W1T1]
		Images\MRH_X_20150610_021825_056.img [no cloud data W1T1] [FINAL: W1T1]
		Images\MRH_X_20150610_022133_057.img [no cloud data W1T1] [FINAL: W1T1]
		Images\MRH_X_20150610_022441_058.img [no cloud data W1T1] [FINAL: W1T1]
		Images\MRH_X_20150610_022749_059.img [no cloud data W1T1] [FINAL: W1T1]
		Images\MRH_X_20150610_023145_060.img [no cloud data W1T1] [FINAL: W1T1]
		Images\MRH_X_20150610_023456_061.img [no cloud data W1T1] [FINAL: W1T1]
		Images\MRH_X_20150610_023806_062.img [no cloud data W1T1] [FINAL: W1T1]
		Images\MRH_X_20150610_024115_063.img [no cloud data W1T1] [FINAL: W1T1]
		Images\MRH_X_20150610_024425_064.img [no cloud data W1T1] [FINAL: W1T1]
		Images\MRH_X_20150610_024734_065.img [no cloud data W1T1] [FINAL: W1T1]
		Images\MRH_X_20150610_025043_066.img [no cloud data W1T1] [FINAL: W1T1]
		Images\MRH_X_20150610_025351_067.img [no cloud data W1T1] [FINAL: W1T1]
		Images\MRH_X_20150610_025659_068.img [no cloud data W1T1] [FINAL: W1T1]
		Images\MRH_X_20150610_030007_069.img [no cloud data W1T1] [FINAL: W1T1]
		Images\MRH_X_20150610_030403_070.img [no cloud data W1T1] [FINAL: W1T1]
		Images\MRH_X_20150610_030715_071.img [no cloud data W1T1] [FINAL: W1T1]
		Images\MRH_X_20150610_031024_072.img [no cloud data W1T1] [FINAL: W1T1]
		Images\MRH_X_20150610_031333_073.img [no cloud data W1T1] [FINAL: W1T1]
		Images\MRH_X_20150610_031643_074.img [no cloud data W1T1] [FINAL: W1T1]
		Images\MRH_X_20150610_031952_075.img [no cloud data W1T1] [FINAL: W1T1]
		Images\MRH_X_20150610_032301_076.img [no cloud data W1T1] [FINAL: W1T1]
		Images\MRH_X_20150610_032609_077.img [no cloud data W1T1] [FINAL: W1T1]
		Images\MRH_X_20150610_032917_078.img [no cloud data W1T1] [FINAL: W1T1]
		Images\MRH_X_20150610_033225_079.img [no cloud data W1T1] [FINAL: W1T1]
		Images\MRH_X_20150610_033621_080.img [no cloud data W1T1] [FINAL: W1T1]
		Images\MRH_X_20150610_033933_081.img [no cloud data W1T1] [FINAL: W1T1]
		Images\MRH_X_20150610_034242_082.img [no cloud data W1T1] [FINAL: W1T1]
		Images\MRH_X_20150610_034551_083.img [no cloud data W1T1] [FINAL: W1T1]
		Images\MRH_X_20150610_034901_084.img [no cloud data W1T1] [FINAL: W1T1]
		Images\MRH_X_20150610_035210_085.img [no cloud data W1T1] [FINAL: W1T1]
		Images\MRH_X_20150610_035519_086.img [no cloud data W1T1] [FINAL: W1T1]
		Images\MRH_X_20150610_035827_087.img [no cloud data W1T1] [FINAL: W1T1]
		Images\MRH_X_20150610_040135_088.img [no cloud data W1T1] [FINAL: W1T1]
		Images\MRH_X_20150610_040443_089.img [no cloud data W1T1] [FINAL: W1T1]
		Images\MRH_X_20150610_040839_090.img [no cloud data W1T1] [FINAL: W1T1]
		Images\MRH_X_20150610_041151_091.img [no cloud data W1T1] [FINAL: W1T1]
		Images\MRH_X_20150610_041500_092.img [no cloud data W1T1] [FINAL: W1T1]
		Images\MRH_X_20150610_041809_093.img [no cloud data W1T1] [FINAL: W1T1]
		Images\MRH_X_20150610_042119_094.img [no cloud data W1T1] [FINAL: W1T1]
		Images\MRH_X_20150610_042428_095.img [no cloud data W1T1] [FINAL: W1T1]
		Images\MRH_X_20150610_042737_096.img [no cloud data W1T1] [FINAL: W1T1]
		Images\MRH_X_20150610_043046_097.img [no cloud data W1T1] [FINAL: W1T1]
		Images\MRH_X_20150610_043354_098.img [no cloud data W1T1] [FINAL: W1T1]
		Images\MRH_X_20150610_043702_099.img [no cloud data W1T1] [FINAL: W1T1]
		Images\MRH_X_20150610_044058_100.img [no cloud data W1T1] [FINAL: W1T1]
		Images\MRH_X_20150610_044410_101.img [no cloud data W1T1] [FINAL: W1T1]
		Images\MRH_X_20150610_044719_102.img [no cloud data W1T1] [FINAL: W1T1]
		Images\MRH_X_20150610_045028_103.img [no cloud data W1T1] [FINAL: W1T1]
		Images\MRH_X_20150610_045338_104.img [no cloud data W1T1] [FINAL: W1T1]
		Images\MRH_X_20150610_045647_105.img [no cloud data W1T1] [FINAL: W1T1]
		Images\MRH_X_20150610_045956_106.img [no cloud data W1T1] [FINAL: W1T1]
		Images\MRH_X_20150610_050304_107.img [no cloud data W1T1] [FINAL: W1T1]
		Images\MRH_X_20150610_050612_108.img [no cloud data W1T1] [FINAL: W1T1]
		Images\MRH_X_20150610_050920_109.img [no cloud data W1T1] [FINAL: W1T1]
		Images\MRH_X_20150610_051317_110.img [no cloud data W1T1] [FINAL: W1T1]
		Images\MRH_X_20150610_051628_111.img [no cloud data W1T1] [FINAL: W1T1]
		Images\MRH_X_20150610_051937_112.img [no cloud data W1T1] [FINAL: W1T1]
		Images\MRH_X_20150610_052247_113.img [no cloud data W1T1] [FINAL: W1T1]
		Images\MRH_X_20150610_052556_114.img [no cloud data W1T1] [FINAL: W1T1]
		Images\MRH_X_20150610_052906_115.img [no cloud data W1T1] [FINAL: W1T1]
		Images\MRH_X_20150610_053215_116.img [no cloud data W1T1] [FINAL: W1T1]
		Images\MRH_X_20150610_053523_117.img [no cloud data W1T1] [FINAL: W1T1]
		Images\MRH_X_20150610_053831_118.img [no cloud data W1T1] [FINAL: W1T1]
		Images\MRH_X_20150610_054139_119.img [no cloud data W1T1] [FINAL: W1T1]
		Images\MRH_X_20150610_054535_120.img [no cloud data W1T1] [FINAL: W1T1]
		Images\MRH_X_20150610_054847_121.img [no cloud data W1T1] [FINAL: W1T1]
		Images\MRH_X_20150610_055156_122.img [no cloud data W1T1] [FINAL: W1T1]
		Images\MRH_X_20150610_055505_123.img [no cloud data W1T1] [FINAL: W1T1]
		Images\MRH_X_20150610_055815_124.img [no cloud data W1T1] [FINAL: W1T1]
		Images\MRH_X_20150610_060124_125.img [no cloud data W1T1] [FINAL: W1T1]
		Images\MRH_X_20150610_060433_126.img [no cloud data W1T1] [FINAL: W1T1]
		Images\MRH_X_20150610_060742_127.img [no cloud data W1T1] [FINAL: W1T1]
		Images\MRH_X_20150610_061050_128.img [no cloud data W1T1] [FINAL: W1T1]
		Images\MRH_X_20150610_061358_129.img [no cloud data W1T1] [FINAL: W1T1]
		Images\MRH_X_20150610_061754_130.img [no cloud data W1T1] [FINAL: W1T1]
		Images\MRH_X_20150610_062105_131.img [no cloud data W1T1] [FINAL: W1T1]
		Images\MRH_X_20150610_062724_133.img [no cloud data W1T1] [FINAL: W1T1]
		Images\MRH_X_20150610_063033_134.img [no cloud data W1T1] [FINAL: W1T1]
		Images\MRH_X_20150610_063343_135.img [no cloud data W1T1] [FINAL: W1T1]
		Images\MRH_X_20150610_063652_136.img [no cloud data W1T1] [FINAL: W1T1]
		Images\MRH_X_20150610_064000_137.img [no cloud data W1T1] [FINAL: W1T1]
		Images\MRH_X_20150610_064308_138.img [no cloud data W1T1] [FINAL: W1T1]
		Images\MRH_X_20150610_064616_139.img [no cloud data W1T1] [FINAL: W1T1]
		Images\MRH_X_20150610_065012_140.img [no cloud data W1T1] [FINAL: W1T1]
		Images\MRH_X_20150610_065324_141.img [no cloud data W1T1] [FINAL: W1T1]
		Images\MRH_X_20150610_065942_143.img [no cloud data W1T1] [FINAL: W1T1]
		Images\MRH_X_20150610_070252_144.img [no cloud data W1T1] [FINAL: W1T1]
		Images\MRH_X_20150610_070601_145.img [no cloud data W1T1] [FINAL: W1T1]
		Images\MRH_X_20150610_070910_146.img [no cloud data W1T1] [FINAL: W1T1]
		Images\MRH_X_20150610_071218_147.img [no cloud data W1T1] [FINAL: W1T1]
		Images\MRH_X_20150610_071526_148.img [no cloud data W1T1] [FINAL: W1T1]
		Images\MRH_X_20150610_071834_149.img [no cloud data W1T1] [FINAL: W1T1]
		Images\MRH_X_20150610_072230_150.img [no cloud data W1T1] [FINAL: W1T1]
		Images\MRH_X_20150610_072542_151.img [no cloud data W1T1] [FINAL: W1T1]
		Images\MRH_X_20150610_073200_153.img [no cloud data W1T1] [FINAL: W1T1]
		Images\MRH_X_20150610_073510_154.img [no cloud data W1T1] [FINAL: W1T1]
		Images\MRH_X_20150610_073819_155.img [no cloud data W1T1] [FINAL: W1T1]
		Images\MRH_X_20150610_074128_156.img [no cloud data W1T1] [FINAL: W1T1]
		Images\MRH_X_20150610_074436_157.img [no cloud data W1T1] [FINAL: W1T1]
		Images\MRH_X_20150610_074744_158.img [no cloud data W1T1] [FINAL: W1T1]
		Images\MRH_X_20150610_075053_159.img [no cloud data W1T1] [FINAL: W1T1]
		Images\MRH_X_20150610_075449_160.img [no cloud data W1T1] [FINAL: W1T1]
		Images\MRH_X_20150610_075800_161.img [no cloud data W1T1] [FINAL: W1T1]
		Images\MRH_X_20150610_080419_163.img [no cloud data W1T1] [FINAL: W1T1]
		Images\MRH_X_20150610_080729_164.img [no cloud data W1T1] [FINAL: W1T1]
		Images\MRH_X_20150610_081038_165.img [no cloud data W1T1] [FINAL: W1T1]
		Images\MRH_X_20150610_081347_166.img [no cloud data W1T1] [FINAL: W1T1]
		Images\MRH_X_20150610_081655_167.img [no cloud data W1T1] [FINAL: W1T1]
		Images\MRH_X_20150610_082003_168.img [no cloud data W1T1] [FINAL: W1T1]
		Images\MRH_X_20150610_082311_169.img [no cloud data W1T1] [FINAL: W1T1]
		Images\MRH_X_20150610_082707_170.img [no cloud data W1T1] [FINAL: W1T1]
		Images\MRH_X_20150610_083019_171.img [no cloud data W1T1] [FINAL: W1T1]
		Images\MRH_X_20150610_083637_173.img [no cloud data W1T1] [FINAL: W1T1]
		Images\MRH_X_20150610_083947_174.img [no cloud data W1T1] [FINAL: W1T1]
		Images\MRH_X_20150610_084256_175.img [no cloud data W1T1] [FINAL: W1T1]
		Images\MRH_X_20150610_084606_176.img [no cloud data W1T1] [FINAL: W1T1]
		Images\MRH_X_20150610_084914_177.img [no cloud data W1T1] [FINAL: W1T1]
		Images\MRH_X_20150610_085222_178.img [no cloud data W1T1] [FINAL: W1T1]
		Images\MRH_X_20150610_085530_179.img [no cloud data W1T1] [FINAL: W1T1]
		Images\MRH_X_20150610_085926_180.img [no cloud data W1T1] [FINAL: W1T1]
		Images\MRH_X_20150610_090238_181.img [no cloud data W1T1] [FINAL: W1T1]
		Images\MRH_X_20150610_090856_183.img [no cloud data W1T1] [FINAL: W1T1]
		Images\MRH_X_20150610_091206_184.img [no cloud data W1T1] [FINAL: W1T1]
		Images\MRH_X_20150610_091515_185.img [no cloud data W1T1] [FINAL: W1T1]
		Images\MRH_X_20150610_091825_186.img [no cloud data W1T1] [FINAL: W1T1]
		Images\MRH_X_20150610_092133_187.img [no cloud data W1T1] [FINAL: W1T1]
		Images\MRH_X_20150610_092441_188.img [no cloud data W1T1] [FINAL: W1T1]
		Images\MRH_X_20150610_092749_189.img [no cloud data W1T1] [FINAL: W1T1]
		Images\MRH_X_20150610_093145_190.img [no cloud data W1T1] [FINAL: W1T1]
		Images\MRH_X_20150610_093456_191.img [no cloud data W1T1] [FINAL: W1T1]
		Images\MRH_X_20150610_094424_194.img [no cloud data W1T1] [FINAL: W1T1]
		Images\MRH_X_20150610_094734_195.img [no cloud data W1T1] [FINAL: W1T1]
		Images\MRH_X_20150610_095043_196.img [no cloud data W1T1] [FINAL: W1T1]
		Images\MRH_X_20150610_095351_197.img [no cloud data W1T1] [FINAL: W1T1]
		Images\MRH_X_20150610_095659_198.img [no cloud data W1T1] [FINAL: W1T1]
		Images\MRH_X_20150610_100007_199.img [no cloud data W1T1] [FINAL: W1T1]
		Images\MRH_X_20150610_100403_200.img [no cloud data W1T1] [FINAL: W1T1]
		Images\MRH_X_20150610_100715_201.img [no cloud data W1T1] [FINAL: W1T1]
		Images\MRH_X_20150610_101643_204.img [no cloud data W1T1] [FINAL: W1T1]
		Images\MRH_X_20150610_101952_205.img [no cloud data W1T1] [FINAL: W1T1]
		Images\MRH_X_20150610_102301_206.img [no cloud data W1T1] [FINAL: W1T1]
		Images\MRH_X_20150610_102609_207.img [no cloud data W1T1] [FINAL: W1T1]
		Images\MRH_X_20150610_102917_208.img [no cloud data W1T1] [FINAL: W1T1]
		Images\MRH_X_20150610_103225_209.img [no cloud data W1T1] [FINAL: W1T1]
		Images\MRH_X_20150610_103622_210.img [no cloud data W1T1] [FINAL: W1T1]
		Images\MRH_X_20150610_103933_211.img [no cloud data W1T1] [FINAL: W1T1]
04/07/2021 21:43:56 PM: Results saved to results/minime90_mrh_20150609.npz
