04/08/2021 03:36:40 AM: Logfile Created
04/08/2021 03:36:40 AM: Sun up during minime90/mrh/2015/20150627/Images\MRH_L_20150627_231622_001.img. Ignoring this image...
04/08/2021 03:36:41 AM: minime90/mrh/2015/20150627/Images\MRH_L_20150627_235253_002.img center: 257.31, 254.50
04/08/2021 03:36:41 AM: minime90/mrh/2015/20150627/Images\MRH_L_20150628_002511_003.img center: 257.37, 254.50
04/08/2021 03:36:41 AM: minime90/mrh/2015/20150627/Images\MRH_L_20150628_005729_004.img center: 257.31, 254.53
04/08/2021 03:36:41 AM: minime90/mrh/2015/20150627/Images\MRH_L_20150628_012947_005.img center: 257.25, 254.57
04/08/2021 03:36:42 AM: minime90/mrh/2015/20150627/Images\MRH_L_20150628_020205_006.img center: 257.24, 254.55
04/08/2021 03:36:42 AM: minime90/mrh/2015/20150627/Images\MRH_L_20150628_023423_007.img center: 257.26, 254.57
04/08/2021 03:36:42 AM: minime90/mrh/2015/20150627/Images\MRH_L_20150628_030640_008.img center: 257.25, 254.63
04/08/2021 03:36:42 AM: minime90/mrh/2015/20150627/Images\MRH_L_20150628_033858_009.img center: 257.24, 254.62
04/08/2021 03:36:43 AM: minime90/mrh/2015/20150627/Images\MRH_L_20150628_041116_010.img center: 257.22, 254.60
04/08/2021 03:36:43 AM: minime90/mrh/2015/20150627/Images\MRH_L_20150628_044335_011.img center: 257.22, 254.62
04/08/2021 03:36:43 AM: minime90/mrh/2015/20150627/Images\MRH_L_20150628_051553_012.img center: 257.22, 254.60
04/08/2021 03:36:43 AM: minime90/mrh/2015/20150627/Images\MRH_L_20150628_054811_013.img center: 257.16, 254.63
04/08/2021 03:36:44 AM: minime90/mrh/2015/20150627/Images\MRH_L_20150628_062029_014.img center: 257.19, 254.58
04/08/2021 03:36:44 AM: minime90/mrh/2015/20150627/Images\MRH_L_20150628_065246_015.img center: 257.19, 254.64
04/08/2021 03:36:44 AM: minime90/mrh/2015/20150627/Images\MRH_L_20150628_072504_016.img center: 257.14, 254.66
04/08/2021 03:36:44 AM: minime90/mrh/2015/20150627/Images\MRH_L_20150628_075722_017.img center: 257.19, 254.65
04/08/2021 03:36:45 AM: minime90/mrh/2015/20150627/Images\MRH_L_20150628_082940_018.img center: 257.14, 254.64
04/08/2021 03:36:45 AM: minime90/mrh/2015/20150627/Images\MRH_L_20150628_090157_019.img center: 257.18, 254.62
04/08/2021 03:36:45 AM: minime90/mrh/2015/20150627/Images\MRH_L_20150628_093415_020.img center: 257.22, 254.65
04/08/2021 03:36:45 AM: minime90/mrh/2015/20150627/Images\MRH_L_20150628_100633_021.img center: 257.15, 254.64
04/08/2021 03:36:46 AM: minime90/mrh/2015/20150627/Images\MRH_L_20150628_103851_022.img center: 257.16, 254.61
04/08/2021 03:36:46 AM: minime90/mrh/2015/20150627/Images\MRH_L_20150628_104911_212.img center: 257.20, 254.61
04/08/2021 03:36:48 AM: minime90/mrh/2015/20150627/Images\MRH_L_20150627_235253_002.img reduced chisqr: 4.9505
04/08/2021 03:36:51 AM: minime90/mrh/2015/20150627/Images\MRH_L_20150628_002511_003.img reduced chisqr: 4.7112
04/08/2021 03:36:54 AM: minime90/mrh/2015/20150627/Images\MRH_L_20150628_005729_004.img reduced chisqr: 5.1780
04/08/2021 03:36:57 AM: minime90/mrh/2015/20150627/Images\MRH_L_20150628_012947_005.img reduced chisqr: 4.4276
04/08/2021 03:37:00 AM: minime90/mrh/2015/20150627/Images\MRH_L_20150628_020205_006.img reduced chisqr: 4.3301
04/08/2021 03:37:02 AM: minime90/mrh/2015/20150627/Images\MRH_L_20150628_023423_007.img reduced chisqr: 4.7231
04/08/2021 03:37:05 AM: minime90/mrh/2015/20150627/Images\MRH_L_20150628_030640_008.img reduced chisqr: 4.9413
04/08/2021 03:37:08 AM: minime90/mrh/2015/20150627/Images\MRH_L_20150628_033858_009.img reduced chisqr: 5.7783
04/08/2021 03:37:11 AM: minime90/mrh/2015/20150627/Images\MRH_L_20150628_041116_010.img reduced chisqr: 4.4897
04/08/2021 03:37:13 AM: minime90/mrh/2015/20150627/Images\MRH_L_20150628_044335_011.img reduced chisqr: 5.8875
04/08/2021 03:37:16 AM: minime90/mrh/2015/20150627/Images\MRH_L_20150628_051553_012.img reduced chisqr: 4.5621
04/08/2021 03:37:19 AM: minime90/mrh/2015/20150627/Images\MRH_L_20150628_054811_013.img reduced chisqr: 3.9805
04/08/2021 03:37:22 AM: minime90/mrh/2015/20150627/Images\MRH_L_20150628_062029_014.img reduced chisqr: 4.2640
04/08/2021 03:37:24 AM: minime90/mrh/2015/20150627/Images\MRH_L_20150628_065246_015.img reduced chisqr: 4.1866
04/08/2021 03:37:27 AM: minime90/mrh/2015/20150627/Images\MRH_L_20150628_072504_016.img reduced chisqr: 4.7292
04/08/2021 03:37:30 AM: minime90/mrh/2015/20150627/Images\MRH_L_20150628_075722_017.img reduced chisqr: 4.7151
04/08/2021 03:37:33 AM: minime90/mrh/2015/20150627/Images\MRH_L_20150628_082940_018.img reduced chisqr: 4.8134
04/08/2021 03:37:35 AM: minime90/mrh/2015/20150627/Images\MRH_L_20150628_090157_019.img reduced chisqr: 4.3809
04/08/2021 03:37:38 AM: minime90/mrh/2015/20150627/Images\MRH_L_20150628_093415_020.img reduced chisqr: 4.5462
04/08/2021 03:37:41 AM: minime90/mrh/2015/20150627/Images\MRH_L_20150628_100633_021.img reduced chisqr: 5.1232
04/08/2021 03:37:44 AM: minime90/mrh/2015/20150627/Images\MRH_L_20150628_103851_022.img reduced chisqr: 4.6452
04/08/2021 03:37:46 AM: minime90/mrh/2015/20150627/Images\MRH_L_20150628_104911_212.img reduced chisqr: 4.5524
04/08/2021 03:37:46 AM: minime90/mrh/2015/20150627/Images\MRH_X_20150627_232426_001.img not bounded by laser images. Ignoring this image...
04/08/2021 03:37:46 AM: minime90/mrh/2015/20150627/Images\MRH_X_20150627_232736_002.img not bounded by laser images. Ignoring this image...
04/08/2021 03:37:46 AM: minime90/mrh/2015/20150627/Images\MRH_X_20150627_233046_003.img not bounded by laser images. Ignoring this image...
04/08/2021 03:37:46 AM: minime90/mrh/2015/20150627/Images\MRH_X_20150627_233355_004.img not bounded by laser images. Ignoring this image...
04/08/2021 03:37:46 AM: minime90/mrh/2015/20150627/Images\MRH_X_20150627_233705_005.img not bounded by laser images. Ignoring this image...
04/08/2021 03:37:46 AM: minime90/mrh/2015/20150627/Images\MRH_X_20150627_234014_006.img not bounded by laser images. Ignoring this image...
04/08/2021 03:37:46 AM: minime90/mrh/2015/20150627/Images\MRH_X_20150627_234322_007.img not bounded by laser images. Ignoring this image...
04/08/2021 03:37:46 AM: minime90/mrh/2015/20150627/Images\MRH_X_20150627_234630_008.img not bounded by laser images. Ignoring this image...
04/08/2021 03:37:46 AM: minime90/mrh/2015/20150627/Images\MRH_X_20150627_234938_009.img not bounded by laser images. Ignoring this image...
04/08/2021 03:37:46 AM: minime90/mrh/2015/20150627/Images\MRH_X_20150627_235645_011.img is looking too close to the moon (30.2 deg). Ignoring this image...
04/08/2021 03:37:46 AM: minime90/mrh/2015/20150627/Images\MRH_X_20150627_235954_012.img is looking too close to the moon (25.6 deg). Ignoring this image...
04/08/2021 03:37:46 AM: minime90/mrh/2015/20150627/Images\MRH_X_20150628_000304_013.img is looking too close to the moon (24.2 deg). Ignoring this image...
04/08/2021 03:37:46 AM: minime90/mrh/2015/20150627/Images\MRH_X_20150628_002904_021.img is looking too close to the moon (31.3 deg). Ignoring this image...
04/08/2021 03:37:46 AM: minime90/mrh/2015/20150627/Images\MRH_X_20150628_003213_022.img is looking too close to the moon (33.1 deg). Ignoring this image...
04/08/2021 03:37:46 AM: minime90/mrh/2015/20150627/Images\MRH_X_20150628_003522_023.img is looking too close to the moon (16.5 deg). Ignoring this image...
04/08/2021 03:37:46 AM: minime90/mrh/2015/20150627/Images\MRH_X_20150628_010122_031.img is looking too close to the moon (33.7 deg). Ignoring this image...
04/08/2021 03:37:46 AM: minime90/mrh/2015/20150627/Images\MRH_X_20150628_010740_033.img is looking too close to the moon (8.8 deg). Ignoring this image...
04/08/2021 03:37:46 AM: minime90/mrh/2015/20150627/Images\MRH_X_20150628_013958_043.img is looking too close to the moon (1.9 deg). Ignoring this image...
04/08/2021 03:37:46 AM: minime90/mrh/2015/20150627/Images\MRH_X_20150628_021215_053.img is looking too close to the moon (7.1 deg). Ignoring this image...
04/08/2021 03:37:46 AM: minime90/mrh/2015/20150627/Images\MRH_X_20150628_021834_055.img is looking too close to the moon (36.7 deg). Ignoring this image...
04/08/2021 03:37:47 AM: minime90/mrh/2015/20150627/Images\MRH_X_20150628_024433_063.img is looking too close to the moon (14.7 deg). Ignoring this image...
04/08/2021 03:37:47 AM: minime90/mrh/2015/20150627/Images\MRH_X_20150628_024743_064.img is looking too close to the moon (33.6 deg). Ignoring this image...
04/08/2021 03:37:47 AM: minime90/mrh/2015/20150627/Images\MRH_X_20150628_025052_065.img is looking too close to the moon (29.0 deg). Ignoring this image...
04/08/2021 03:37:47 AM: minime90/mrh/2015/20150627/Images\MRH_X_20150628_025401_066.img is looking too close to the moon (36.8 deg). Ignoring this image...
04/08/2021 03:37:47 AM: minime90/mrh/2015/20150627/Images\MRH_X_20150628_025709_067.img is looking too close to the moon (36.5 deg). Ignoring this image...
04/08/2021 03:37:47 AM: minime90/mrh/2015/20150627/Images\MRH_X_20150628_030017_068.img is looking too close to the moon (36.2 deg). Ignoring this image...
04/08/2021 03:37:47 AM: minime90/mrh/2015/20150627/Images\MRH_X_20150628_030325_069.img is looking too close to the moon (35.9 deg). Ignoring this image...
04/08/2021 03:37:47 AM: minime90/mrh/2015/20150627/Images\MRH_X_20150628_031651_073.img is looking too close to the moon (22.4 deg). Ignoring this image...
04/08/2021 03:37:47 AM: minime90/mrh/2015/20150627/Images\MRH_X_20150628_032001_074.img is looking too close to the moon (29.6 deg). Ignoring this image...
04/08/2021 03:37:47 AM: minime90/mrh/2015/20150627/Images\MRH_X_20150628_032310_075.img is looking too close to the moon (21.4 deg). Ignoring this image...
04/08/2021 03:37:47 AM: minime90/mrh/2015/20150627/Images\MRH_X_20150628_032619_076.img is looking too close to the moon (34.5 deg). Ignoring this image...
04/08/2021 03:37:47 AM: minime90/mrh/2015/20150627/Images\MRH_X_20150628_032927_077.img is looking too close to the moon (34.3 deg). Ignoring this image...
04/08/2021 03:37:47 AM: minime90/mrh/2015/20150627/Images\MRH_X_20150628_033235_078.img is looking too close to the moon (34.2 deg). Ignoring this image...
04/08/2021 03:37:47 AM: minime90/mrh/2015/20150627/Images\MRH_X_20150628_033543_079.img is looking too close to the moon (34.1 deg). Ignoring this image...
04/08/2021 03:37:47 AM: minime90/mrh/2015/20150627/Images\MRH_X_20150628_034909_083.img is looking too close to the moon (30.0 deg). Ignoring this image...
04/08/2021 03:37:47 AM: minime90/mrh/2015/20150627/Images\MRH_X_20150628_035219_084.img is looking too close to the moon (26.8 deg). Ignoring this image...
04/08/2021 03:37:47 AM: minime90/mrh/2015/20150627/Images\MRH_X_20150628_035528_085.img is looking too close to the moon (14.0 deg). Ignoring this image...
04/08/2021 03:37:47 AM: minime90/mrh/2015/20150627/Images\MRH_X_20150628_035837_086.img is looking too close to the moon (33.8 deg). Ignoring this image...
04/08/2021 03:37:47 AM: minime90/mrh/2015/20150627/Images\MRH_X_20150628_040145_087.img is looking too close to the moon (33.9 deg). Ignoring this image...
04/08/2021 03:37:47 AM: minime90/mrh/2015/20150627/Images\MRH_X_20150628_040453_088.img is looking too close to the moon (33.9 deg). Ignoring this image...
04/08/2021 03:37:47 AM: minime90/mrh/2015/20150627/Images\MRH_X_20150628_040801_089.img is looking too close to the moon (34.0 deg). Ignoring this image...
04/08/2021 03:37:47 AM: minime90/mrh/2015/20150627/Images\MRH_X_20150628_042437_094.img is looking too close to the moon (25.6 deg). Ignoring this image...
04/08/2021 03:37:47 AM: minime90/mrh/2015/20150627/Images\MRH_X_20150628_042746_095.img is looking too close to the moon (7.5 deg). Ignoring this image...
04/08/2021 03:37:47 AM: minime90/mrh/2015/20150627/Images\MRH_X_20150628_043056_096.img is looking too close to the moon (34.9 deg). Ignoring this image...
04/08/2021 03:37:47 AM: minime90/mrh/2015/20150627/Images\MRH_X_20150628_043404_097.img is looking too close to the moon (35.2 deg). Ignoring this image...
04/08/2021 03:37:47 AM: minime90/mrh/2015/20150627/Images\MRH_X_20150628_043712_098.img is looking too close to the moon (35.4 deg). Ignoring this image...
04/08/2021 03:37:47 AM: minime90/mrh/2015/20150627/Images\MRH_X_20150628_044020_099.img is looking too close to the moon (35.6 deg). Ignoring this image...
04/08/2021 03:37:47 AM: minime90/mrh/2015/20150627/Images\MRH_X_20150628_045655_104.img is looking too close to the moon (26.3 deg). Ignoring this image...
04/08/2021 03:37:47 AM: minime90/mrh/2015/20150627/Images\MRH_X_20150628_050005_105.img is looking too close to the moon (6.0 deg). Ignoring this image...
04/08/2021 03:37:47 AM: minime90/mrh/2015/20150627/Images\MRH_X_20150628_052914_114.img is looking too close to the moon (28.7 deg). Ignoring this image...
04/08/2021 03:37:47 AM: minime90/mrh/2015/20150627/Images\MRH_X_20150628_053223_115.img is looking too close to the moon (11.6 deg). Ignoring this image...
04/08/2021 03:37:47 AM: minime90/mrh/2015/20150627/Images\MRH_X_20150628_060131_124.img is looking too close to the moon (32.4 deg). Ignoring this image...
04/08/2021 03:37:47 AM: minime90/mrh/2015/20150627/Images\MRH_X_20150628_060440_125.img is looking too close to the moon (18.8 deg). Ignoring this image...
04/08/2021 03:37:47 AM: minime90/mrh/2015/20150627/Images\MRH_X_20150628_063658_135.img is looking too close to the moon (26.2 deg). Ignoring this image...
04/08/2021 03:37:47 AM: minime90/mrh/2015/20150627/Images\MRH_X_20150628_070916_145.img is looking too close to the moon (33.8 deg). Ignoring this image...
04/08/2021 03:37:53 AM: minime90/mrh/2015/20150627/Images\MRH_X_20150627_235334_010.img reduced chisqr: 1.4064.
			Message:"Tolerance seems to be too small."
04/08/2021 03:38:00 AM: minime90/mrh/2015/20150627/Images\MRH_X_20150628_000614_014.img reduced chisqr: 1.3366.
			Message:"Tolerance seems to be too small."
04/08/2021 03:38:06 AM: minime90/mrh/2015/20150627/Images\MRH_X_20150628_000923_015.img reduced chisqr: 1.3660.
			Message:"Tolerance seems to be too small."
04/08/2021 03:38:13 AM: minime90/mrh/2015/20150627/Images\MRH_X_20150628_001232_016.img reduced chisqr: 1.3839.
			Message:"Tolerance seems to be too small."
04/08/2021 03:38:19 AM: minime90/mrh/2015/20150627/Images\MRH_X_20150628_001540_017.img reduced chisqr: 1.3636.
			Message:"Tolerance seems to be too small."
04/08/2021 03:38:25 AM: minime90/mrh/2015/20150627/Images\MRH_X_20150628_001848_018.img reduced chisqr: 1.1722.
			Message:"Tolerance seems to be too small."
04/08/2021 03:38:32 AM: minime90/mrh/2015/20150627/Images\MRH_X_20150628_002156_019.img reduced chisqr: 1.2107.
			Message:"Tolerance seems to be too small."
04/08/2021 03:38:38 AM: minime90/mrh/2015/20150627/Images\MRH_X_20150628_002552_020.img reduced chisqr: 1.2331.
			Message:"Tolerance seems to be too small."
04/08/2021 03:38:45 AM: minime90/mrh/2015/20150627/Images\MRH_X_20150628_003832_024.img reduced chisqr: 1.3111.
			Message:"Tolerance seems to be too small."
04/08/2021 03:38:51 AM: minime90/mrh/2015/20150627/Images\MRH_X_20150628_004141_025.img reduced chisqr: 1.1108.
			Message:"Tolerance seems to be too small."
04/08/2021 03:38:57 AM: minime90/mrh/2015/20150627/Images\MRH_X_20150628_004450_026.img reduced chisqr: 1.2160.
			Message:"Tolerance seems to be too small."
04/08/2021 03:39:04 AM: minime90/mrh/2015/20150627/Images\MRH_X_20150628_004758_027.img reduced chisqr: 1.1674.
			Message:"Tolerance seems to be too small."
04/08/2021 03:39:10 AM: minime90/mrh/2015/20150627/Images\MRH_X_20150628_005106_028.img reduced chisqr: 1.0608.
			Message:"Tolerance seems to be too small."
04/08/2021 03:39:17 AM: minime90/mrh/2015/20150627/Images\MRH_X_20150628_005414_029.img reduced chisqr: 1.6300.
			Message:"Tolerance seems to be too small."
04/08/2021 03:39:23 AM: minime90/mrh/2015/20150627/Images\MRH_X_20150628_005810_030.img reduced chisqr: 1.1216.
			Message:"Tolerance seems to be too small."
04/08/2021 03:39:30 AM: minime90/mrh/2015/20150627/Images\MRH_X_20150628_010431_032.img reduced chisqr: 1.2591.
			Message:"Tolerance seems to be too small."
04/08/2021 03:39:36 AM: minime90/mrh/2015/20150627/Images\MRH_X_20150628_011050_034.img reduced chisqr: 1.3115.
			Message:"Tolerance seems to be too small."
04/08/2021 03:39:42 AM: minime90/mrh/2015/20150627/Images\MRH_X_20150628_011359_035.img reduced chisqr: 1.4676.
			Message:"Tolerance seems to be too small."
04/08/2021 03:39:49 AM: minime90/mrh/2015/20150627/Images\MRH_X_20150628_011708_036.img reduced chisqr: 1.2102.
			Message:"Tolerance seems to be too small."
04/08/2021 03:39:55 AM: minime90/mrh/2015/20150627/Images\MRH_X_20150628_012016_037.img reduced chisqr: 1.4284.
			Message:"Tolerance seems to be too small."
04/08/2021 03:40:02 AM: minime90/mrh/2015/20150627/Images\MRH_X_20150628_012324_038.img reduced chisqr: 1.4712.
			Message:"Tolerance seems to be too small."
04/08/2021 03:40:08 AM: minime90/mrh/2015/20150627/Images\MRH_X_20150628_012632_039.img reduced chisqr: 1.4717.
			Message:"Tolerance seems to be too small."
04/08/2021 03:40:15 AM: minime90/mrh/2015/20150627/Images\MRH_X_20150628_013028_040.img reduced chisqr: 1.2381.
			Message:"Tolerance seems to be too small."
04/08/2021 03:40:21 AM: minime90/mrh/2015/20150627/Images\MRH_X_20150628_013339_041.img reduced chisqr: 1.3764.
			Message:"Tolerance seems to be too small."
04/08/2021 03:40:28 AM: minime90/mrh/2015/20150627/Images\MRH_X_20150628_013648_042.img reduced chisqr: 0.9918.
			Message:"Tolerance seems to be too small."
04/08/2021 03:40:34 AM: minime90/mrh/2015/20150627/Images\MRH_X_20150628_014307_044.img reduced chisqr: 1.5516.
			Message:"Tolerance seems to be too small."
04/08/2021 03:40:40 AM: minime90/mrh/2015/20150627/Images\MRH_X_20150628_014616_045.img reduced chisqr: 1.4001.
			Message:"Tolerance seems to be too small."
04/08/2021 03:40:47 AM: minime90/mrh/2015/20150627/Images\MRH_X_20150628_014926_046.img reduced chisqr: 1.4108.
			Message:"Tolerance seems to be too small."
04/08/2021 03:40:53 AM: minime90/mrh/2015/20150627/Images\MRH_X_20150628_015234_047.img reduced chisqr: 1.4698.
			Message:"Tolerance seems to be too small."
04/08/2021 03:41:00 AM: minime90/mrh/2015/20150627/Images\MRH_X_20150628_015542_048.img reduced chisqr: 1.4389.
			Message:"Tolerance seems to be too small."
04/08/2021 03:41:06 AM: minime90/mrh/2015/20150627/Images\MRH_X_20150628_015850_049.img reduced chisqr: 1.3472.
			Message:"Tolerance seems to be too small."
04/08/2021 03:41:13 AM: minime90/mrh/2015/20150627/Images\MRH_X_20150628_020245_050.img reduced chisqr: 1.3975.
			Message:"Tolerance seems to be too small."
04/08/2021 03:41:19 AM: minime90/mrh/2015/20150627/Images\MRH_X_20150628_020557_051.img reduced chisqr: 1.2938.
			Message:"Tolerance seems to be too small."
04/08/2021 03:41:26 AM: minime90/mrh/2015/20150627/Images\MRH_X_20150628_020906_052.img reduced chisqr: 1.3558.
			Message:"Tolerance seems to be too small."
04/08/2021 03:41:32 AM: minime90/mrh/2015/20150627/Images\MRH_X_20150628_021525_054.img reduced chisqr: 1.5184.
			Message:"Tolerance seems to be too small."
04/08/2021 03:41:39 AM: minime90/mrh/2015/20150627/Images\MRH_X_20150628_022143_056.img reduced chisqr: 1.5242.
			Message:"Tolerance seems to be too small."
04/08/2021 03:41:45 AM: minime90/mrh/2015/20150627/Images\MRH_X_20150628_022451_057.img reduced chisqr: 1.4850.
			Message:"Tolerance seems to be too small."
04/08/2021 03:41:52 AM: minime90/mrh/2015/20150627/Images\MRH_X_20150628_022800_058.img reduced chisqr: 1.5871.
			Message:"Tolerance seems to be too small."
04/08/2021 03:41:58 AM: minime90/mrh/2015/20150627/Images\MRH_X_20150628_023108_059.img reduced chisqr: 1.3934.
			Message:"Tolerance seems to be too small."
04/08/2021 03:42:05 AM: minime90/mrh/2015/20150627/Images\MRH_X_20150628_023503_060.img reduced chisqr: 1.4548.
			Message:"Tolerance seems to be too small."
04/08/2021 03:42:11 AM: minime90/mrh/2015/20150627/Images\MRH_X_20150628_023815_061.img reduced chisqr: 1.1957.
			Message:"Tolerance seems to be too small."
04/08/2021 03:42:18 AM: minime90/mrh/2015/20150627/Images\MRH_X_20150628_024124_062.img reduced chisqr: 1.1951.
			Message:"Tolerance seems to be too small."
04/08/2021 03:42:24 AM: minime90/mrh/2015/20150627/Images\MRH_X_20150628_030721_070.img reduced chisqr: 1.6087.
			Message:"Tolerance seems to be too small."
04/08/2021 03:42:31 AM: minime90/mrh/2015/20150627/Images\MRH_X_20150628_031033_071.img reduced chisqr: 1.4635.
			Message:"Tolerance seems to be too small."
04/08/2021 03:42:37 AM: minime90/mrh/2015/20150627/Images\MRH_X_20150628_031342_072.img reduced chisqr: 1.2901.
			Message:"Tolerance seems to be too small."
04/08/2021 03:42:44 AM: minime90/mrh/2015/20150627/Images\MRH_X_20150628_033939_080.img reduced chisqr: 1.9539.
			Message:"Tolerance seems to be too small."
04/08/2021 03:42:50 AM: minime90/mrh/2015/20150627/Images\MRH_X_20150628_034251_081.img reduced chisqr: 1.5580.
			Message:"Tolerance seems to be too small."
04/08/2021 03:42:56 AM: minime90/mrh/2015/20150627/Images\MRH_X_20150628_034600_082.img reduced chisqr: 1.2451.
			Message:"Tolerance seems to be too small."
04/08/2021 03:43:03 AM: minime90/mrh/2015/20150627/Images\MRH_X_20150628_041158_090.img reduced chisqr: 1.3133.
			Message:"Tolerance seems to be too small."
04/08/2021 03:43:09 AM: minime90/mrh/2015/20150627/Images\MRH_X_20150628_041509_091.img reduced chisqr: 1.2446.
			Message:"Tolerance seems to be too small."
04/08/2021 03:43:16 AM: minime90/mrh/2015/20150627/Images\MRH_X_20150628_041818_092.img reduced chisqr: 1.1669.
			Message:"Tolerance seems to be too small."
04/08/2021 03:43:22 AM: minime90/mrh/2015/20150627/Images\MRH_X_20150628_042127_093.img reduced chisqr: 1.3262.
			Message:"Tolerance seems to be too small."
04/08/2021 03:43:29 AM: minime90/mrh/2015/20150627/Images\MRH_X_20150628_044416_100.img reduced chisqr: 1.4618.
			Message:"Tolerance seems to be too small."
04/08/2021 03:43:35 AM: minime90/mrh/2015/20150627/Images\MRH_X_20150628_044727_101.img reduced chisqr: 1.3394.
			Message:"Tolerance seems to be too small."
04/08/2021 03:43:42 AM: minime90/mrh/2015/20150627/Images\MRH_X_20150628_045036_102.img reduced chisqr: 0.8984.
			Message:"Tolerance seems to be too small."
04/08/2021 03:43:48 AM: minime90/mrh/2015/20150627/Images\MRH_X_20150628_045346_103.img reduced chisqr: 1.3922.
			Message:"Tolerance seems to be too small."
04/08/2021 03:43:54 AM: minime90/mrh/2015/20150627/Images\MRH_X_20150628_050314_106.img reduced chisqr: 1.3975.
			Message:"Tolerance seems to be too small."
04/08/2021 03:44:01 AM: minime90/mrh/2015/20150627/Images\MRH_X_20150628_050622_107.img reduced chisqr: 1.5343.
			Message:"Tolerance seems to be too small."
04/08/2021 03:44:07 AM: minime90/mrh/2015/20150627/Images\MRH_X_20150628_050930_108.img reduced chisqr: 1.3996.
			Message:"Tolerance seems to be too small."
04/08/2021 03:44:14 AM: minime90/mrh/2015/20150627/Images\MRH_X_20150628_051238_109.img reduced chisqr: 1.3894.
			Message:"Tolerance seems to be too small."
04/08/2021 03:44:20 AM: minime90/mrh/2015/20150627/Images\MRH_X_20150628_051634_110.img reduced chisqr: 1.2885.
			Message:"Tolerance seems to be too small."
04/08/2021 03:44:26 AM: minime90/mrh/2015/20150627/Images\MRH_X_20150628_051946_111.img reduced chisqr: 1.0816.
			Message:"Tolerance seems to be too small."
04/08/2021 03:44:33 AM: minime90/mrh/2015/20150627/Images\MRH_X_20150628_052255_112.img reduced chisqr: 1.3895.
			Message:"Tolerance seems to be too small."
04/08/2021 03:44:39 AM: minime90/mrh/2015/20150627/Images\MRH_X_20150628_052604_113.img reduced chisqr: 1.4348.
			Message:"Tolerance seems to be too small."
04/08/2021 03:44:46 AM: minime90/mrh/2015/20150627/Images\MRH_X_20150628_053532_116.img reduced chisqr: 1.3442.
			Message:"Tolerance seems to be too small."
04/08/2021 03:44:52 AM: minime90/mrh/2015/20150627/Images\MRH_X_20150628_053840_117.img reduced chisqr: 1.4515.
			Message:"Tolerance seems to be too small."
04/08/2021 03:44:59 AM: minime90/mrh/2015/20150627/Images\MRH_X_20150628_054148_118.img reduced chisqr: 1.3417.
			Message:"Tolerance seems to be too small."
04/08/2021 03:45:05 AM: minime90/mrh/2015/20150627/Images\MRH_X_20150628_054456_119.img reduced chisqr: 1.4279.
			Message:"Tolerance seems to be too small."
04/08/2021 03:45:11 AM: minime90/mrh/2015/20150627/Images\MRH_X_20150628_054852_120.img reduced chisqr: 1.2425.
			Message:"Tolerance seems to be too small."
04/08/2021 03:45:18 AM: minime90/mrh/2015/20150627/Images\MRH_X_20150628_055203_121.img reduced chisqr: 1.2361.
			Message:"Tolerance seems to be too small."
04/08/2021 03:45:24 AM: minime90/mrh/2015/20150627/Images\MRH_X_20150628_055512_122.img reduced chisqr: 1.2158.
			Message:"Tolerance seems to be too small."
04/08/2021 03:45:31 AM: minime90/mrh/2015/20150627/Images\MRH_X_20150628_055821_123.img reduced chisqr: 1.0817.
			Message:"Tolerance seems to be too small."
04/08/2021 03:45:37 AM: minime90/mrh/2015/20150627/Images\MRH_X_20150628_060749_126.img reduced chisqr: 1.2090.
			Message:"Tolerance seems to be too small."
04/08/2021 03:45:44 AM: minime90/mrh/2015/20150627/Images\MRH_X_20150628_061057_127.img reduced chisqr: 1.3725.
			Message:"Tolerance seems to be too small."
04/08/2021 03:45:50 AM: minime90/mrh/2015/20150627/Images\MRH_X_20150628_061405_128.img reduced chisqr: 1.1314.
			Message:"Tolerance seems to be too small."
04/08/2021 03:45:56 AM: minime90/mrh/2015/20150627/Images\MRH_X_20150628_061714_129.img reduced chisqr: 1.3360.
			Message:"Tolerance seems to be too small."
04/08/2021 03:46:03 AM: minime90/mrh/2015/20150627/Images\MRH_X_20150628_062109_130.img reduced chisqr: 1.1673.
			Message:"Tolerance seems to be too small."
04/08/2021 03:46:09 AM: minime90/mrh/2015/20150627/Images\MRH_X_20150628_062421_131.img reduced chisqr: 1.0836.
			Message:"Tolerance seems to be too small."
04/08/2021 03:46:16 AM: minime90/mrh/2015/20150627/Images\MRH_X_20150628_062730_132.img reduced chisqr: 1.1573.
			Message:"Tolerance seems to be too small."
04/08/2021 03:46:22 AM: minime90/mrh/2015/20150627/Images\MRH_X_20150628_063039_133.img reduced chisqr: 1.1182.
			Message:"Tolerance seems to be too small."
04/08/2021 03:46:28 AM: minime90/mrh/2015/20150627/Images\MRH_X_20150628_063349_134.img reduced chisqr: 1.2101.
			Message:"Tolerance seems to be too small."
04/08/2021 03:46:35 AM: minime90/mrh/2015/20150627/Images\MRH_X_20150628_064007_136.img reduced chisqr: 1.2504.
			Message:"Tolerance seems to be too small."
04/08/2021 03:46:41 AM: minime90/mrh/2015/20150627/Images\MRH_X_20150628_064315_137.img reduced chisqr: 1.1065.
			Message:"Tolerance seems to be too small."
04/08/2021 03:46:48 AM: minime90/mrh/2015/20150627/Images\MRH_X_20150628_064623_138.img reduced chisqr: 1.4031.
			Message:"Tolerance seems to be too small."
04/08/2021 03:46:54 AM: minime90/mrh/2015/20150627/Images\MRH_X_20150628_064931_139.img reduced chisqr: 1.1093.
			Message:"Tolerance seems to be too small."
04/08/2021 03:47:01 AM: minime90/mrh/2015/20150627/Images\MRH_X_20150628_065327_140.img reduced chisqr: 1.0904.
			Message:"Tolerance seems to be too small."
04/08/2021 03:47:07 AM: minime90/mrh/2015/20150627/Images\MRH_X_20150628_065639_141.img reduced chisqr: 1.1905.
			Message:"Tolerance seems to be too small."
04/08/2021 03:47:14 AM: minime90/mrh/2015/20150627/Images\MRH_X_20150628_065948_142.img reduced chisqr: 0.9767.
			Message:"Tolerance seems to be too small."
04/08/2021 03:47:20 AM: minime90/mrh/2015/20150627/Images\MRH_X_20150628_070257_143.img reduced chisqr: 1.0409.
			Message:"Tolerance seems to be too small."
04/08/2021 03:47:26 AM: minime90/mrh/2015/20150627/Images\MRH_X_20150628_070607_144.img reduced chisqr: 1.1275.
			Message:"Tolerance seems to be too small."
04/08/2021 03:47:33 AM: minime90/mrh/2015/20150627/Images\MRH_X_20150628_071225_146.img reduced chisqr: 1.3389.
			Message:"Tolerance seems to be too small."
04/08/2021 03:47:39 AM: minime90/mrh/2015/20150627/Images\MRH_X_20150628_071533_147.img reduced chisqr: 1.0019.
			Message:"Tolerance seems to be too small."
04/08/2021 03:47:45 AM: minime90/mrh/2015/20150627/Images\MRH_X_20150628_071841_148.img reduced chisqr: 1.0454.
			Message:"Tolerance seems to be too small."
04/08/2021 03:47:52 AM: minime90/mrh/2015/20150627/Images\MRH_X_20150628_072149_149.img reduced chisqr: 1.0964.
			Message:"Tolerance seems to be too small."
04/08/2021 03:47:58 AM: minime90/mrh/2015/20150627/Images\MRH_X_20150628_072545_150.img reduced chisqr: 0.9617.
			Message:"Tolerance seems to be too small."
04/08/2021 03:48:05 AM: minime90/mrh/2015/20150627/Images\MRH_X_20150628_072856_151.img reduced chisqr: 1.0407.
			Message:"Tolerance seems to be too small."
04/08/2021 03:48:11 AM: minime90/mrh/2015/20150627/Images\MRH_X_20150628_073206_152.img reduced chisqr: 1.0557.
			Message:"Tolerance seems to be too small."
04/08/2021 03:48:17 AM: minime90/mrh/2015/20150627/Images\MRH_X_20150628_073515_153.img reduced chisqr: 1.1289.
			Message:"Tolerance seems to be too small."
04/08/2021 03:48:24 AM: minime90/mrh/2015/20150627/Images\MRH_X_20150628_073824_154.img reduced chisqr: 0.9950.
			Message:"Tolerance seems to be too small."
04/08/2021 03:48:30 AM: minime90/mrh/2015/20150627/Images\MRH_X_20150628_074134_155.img reduced chisqr: 1.0652.
			Message:"Tolerance seems to be too small."
04/08/2021 03:48:39 AM: minime90/mrh/2015/20150627/Images\MRH_X_20150628_074443_156.img reduced chisqr: 1.0557.
			Message:"Tolerance seems to be too small."
04/08/2021 03:48:48 AM: minime90/mrh/2015/20150627/Images\MRH_X_20150628_074751_157.img reduced chisqr: 1.1849.
			Message:"Tolerance seems to be too small."
04/08/2021 03:48:55 AM: minime90/mrh/2015/20150627/Images\MRH_X_20150628_075059_158.img reduced chisqr: 1.0032.
			Message:"Tolerance seems to be too small."
04/08/2021 03:49:02 AM: minime90/mrh/2015/20150627/Images\MRH_X_20150628_075407_159.img reduced chisqr: 0.9450.
			Message:"Tolerance seems to be too small."
04/08/2021 03:49:08 AM: minime90/mrh/2015/20150627/Images\MRH_X_20150628_075803_160.img reduced chisqr: 0.8976.
			Message:"Tolerance seems to be too small."
04/08/2021 03:49:14 AM: minime90/mrh/2015/20150627/Images\MRH_X_20150628_080114_161.img reduced chisqr: 1.1482.
			Message:"Tolerance seems to be too small."
04/08/2021 03:49:21 AM: minime90/mrh/2015/20150627/Images\MRH_X_20150628_080423_162.img reduced chisqr: 0.9707.
			Message:"Tolerance seems to be too small."
04/08/2021 03:49:27 AM: minime90/mrh/2015/20150627/Images\MRH_X_20150628_080733_163.img reduced chisqr: 1.1281.
			Message:"Tolerance seems to be too small."
04/08/2021 03:49:33 AM: minime90/mrh/2015/20150627/Images\MRH_X_20150628_081042_164.img reduced chisqr: 1.0486.
			Message:"Tolerance seems to be too small."
04/08/2021 03:49:40 AM: minime90/mrh/2015/20150627/Images\MRH_X_20150628_081351_165.img reduced chisqr: 1.1861.
			Message:"Tolerance seems to be too small."
04/08/2021 03:49:46 AM: minime90/mrh/2015/20150627/Images\MRH_X_20150628_081701_166.img reduced chisqr: 1.1721.
			Message:"Tolerance seems to be too small."
04/08/2021 03:49:53 AM: minime90/mrh/2015/20150627/Images\MRH_X_20150628_082008_167.img reduced chisqr: 1.1179.
			Message:"Tolerance seems to be too small."
04/08/2021 03:49:59 AM: minime90/mrh/2015/20150627/Images\MRH_X_20150628_082317_168.img reduced chisqr: 1.2199.
			Message:"Tolerance seems to be too small."
04/08/2021 03:50:06 AM: minime90/mrh/2015/20150627/Images\MRH_X_20150628_082625_169.img reduced chisqr: 0.9764.
			Message:"Tolerance seems to be too small."
04/08/2021 03:50:12 AM: minime90/mrh/2015/20150627/Images\MRH_X_20150628_083021_170.img reduced chisqr: 1.0227.
			Message:"Tolerance seems to be too small."
04/08/2021 03:50:18 AM: minime90/mrh/2015/20150627/Images\MRH_X_20150628_083332_171.img reduced chisqr: 0.9903.
			Message:"Tolerance seems to be too small."
04/08/2021 03:50:25 AM: minime90/mrh/2015/20150627/Images\MRH_X_20150628_083641_172.img reduced chisqr: 0.9997.
			Message:"Tolerance seems to be too small."
04/08/2021 03:50:31 AM: minime90/mrh/2015/20150627/Images\MRH_X_20150628_083950_173.img reduced chisqr: 0.9693.
			Message:"Tolerance seems to be too small."
04/08/2021 03:50:38 AM: minime90/mrh/2015/20150627/Images\MRH_X_20150628_084300_174.img reduced chisqr: 0.9475.
			Message:"Tolerance seems to be too small."
04/08/2021 03:50:44 AM: minime90/mrh/2015/20150627/Images\MRH_X_20150628_084609_175.img reduced chisqr: 1.0764.
			Message:"Tolerance seems to be too small."
04/08/2021 03:50:50 AM: minime90/mrh/2015/20150627/Images\MRH_X_20150628_084918_176.img reduced chisqr: 1.3520.
			Message:"Tolerance seems to be too small."
04/08/2021 03:50:57 AM: minime90/mrh/2015/20150627/Images\MRH_X_20150628_085226_177.img reduced chisqr: 1.0381.
			Message:"Tolerance seems to be too small."
04/08/2021 03:51:03 AM: minime90/mrh/2015/20150627/Images\MRH_X_20150628_085534_178.img reduced chisqr: 0.9836.
			Message:"Tolerance seems to be too small."
04/08/2021 03:51:10 AM: minime90/mrh/2015/20150627/Images\MRH_X_20150628_085842_179.img reduced chisqr: 0.9902.
			Message:"Tolerance seems to be too small."
04/08/2021 03:51:16 AM: minime90/mrh/2015/20150627/Images\MRH_X_20150628_090238_180.img reduced chisqr: 1.3444.
			Message:"Tolerance seems to be too small."
04/08/2021 03:51:23 AM: minime90/mrh/2015/20150627/Images\MRH_X_20150628_090550_181.img reduced chisqr: 1.1623.
			Message:"Tolerance seems to be too small."
04/08/2021 03:51:29 AM: minime90/mrh/2015/20150627/Images\MRH_X_20150628_090859_182.img reduced chisqr: 1.1432.
			Message:"Tolerance seems to be too small."
04/08/2021 03:51:35 AM: minime90/mrh/2015/20150627/Images\MRH_X_20150628_091208_183.img reduced chisqr: 0.9861.
			Message:"Tolerance seems to be too small."
04/08/2021 03:51:42 AM: minime90/mrh/2015/20150627/Images\MRH_X_20150628_091518_184.img reduced chisqr: 0.9018.
			Message:"Tolerance seems to be too small."
04/08/2021 03:51:48 AM: minime90/mrh/2015/20150627/Images\MRH_X_20150628_091827_185.img reduced chisqr: 1.0445.
			Message:"Tolerance seems to be too small."
04/08/2021 03:51:55 AM: minime90/mrh/2015/20150627/Images\MRH_X_20150628_092136_186.img reduced chisqr: 0.9973.
			Message:"Tolerance seems to be too small."
04/08/2021 03:52:01 AM: minime90/mrh/2015/20150627/Images\MRH_X_20150628_092444_187.img reduced chisqr: 1.0288.
			Message:"Tolerance seems to be too small."
04/08/2021 03:52:07 AM: minime90/mrh/2015/20150627/Images\MRH_X_20150628_092752_188.img reduced chisqr: 1.6068.
			Message:"Tolerance seems to be too small."
04/08/2021 03:52:14 AM: minime90/mrh/2015/20150627/Images\MRH_X_20150628_093100_189.img reduced chisqr: 1.0159.
			Message:"Tolerance seems to be too small."
04/08/2021 03:52:20 AM: minime90/mrh/2015/20150627/Images\MRH_X_20150628_093456_190.img reduced chisqr: 1.0247.
			Message:"Tolerance seems to be too small."
04/08/2021 03:52:26 AM: minime90/mrh/2015/20150627/Images\MRH_X_20150628_093807_191.img reduced chisqr: 1.1071.
			Message:"Tolerance seems to be too small."
04/08/2021 03:52:33 AM: minime90/mrh/2015/20150627/Images\MRH_X_20150628_094116_192.img reduced chisqr: 1.0596.
			Message:"Tolerance seems to be too small."
04/08/2021 03:52:39 AM: minime90/mrh/2015/20150627/Images\MRH_X_20150628_094425_193.img reduced chisqr: 1.1605.
			Message:"Tolerance seems to be too small."
04/08/2021 03:52:46 AM: minime90/mrh/2015/20150627/Images\MRH_X_20150628_094735_194.img reduced chisqr: 0.9698.
			Message:"Tolerance seems to be too small."
04/08/2021 03:52:52 AM: minime90/mrh/2015/20150627/Images\MRH_X_20150628_095044_195.img reduced chisqr: 1.1429.
			Message:"Tolerance seems to be too small."
04/08/2021 03:52:58 AM: minime90/mrh/2015/20150627/Images\MRH_X_20150628_095353_196.img reduced chisqr: 1.1404.
			Message:"Tolerance seems to be too small."
04/08/2021 03:53:05 AM: minime90/mrh/2015/20150627/Images\MRH_X_20150628_095702_197.img reduced chisqr: 1.0352.
			Message:"Tolerance seems to be too small."
04/08/2021 03:53:11 AM: minime90/mrh/2015/20150627/Images\MRH_X_20150628_100010_198.img reduced chisqr: 1.1726.
			Message:"Tolerance seems to be too small."
04/08/2021 03:53:17 AM: minime90/mrh/2015/20150627/Images\MRH_X_20150628_100317_199.img reduced chisqr: 0.9607.
			Message:"Tolerance seems to be too small."
04/08/2021 03:53:23 AM: minime90/mrh/2015/20150627/Images\MRH_X_20150628_100714_200.img reduced chisqr: 1.2284.
			Message:"Tolerance seems to be too small."
04/08/2021 03:53:30 AM: minime90/mrh/2015/20150627/Images\MRH_X_20150628_101025_201.img reduced chisqr: 1.1250.
			Message:"Tolerance seems to be too small."
04/08/2021 03:53:36 AM: minime90/mrh/2015/20150627/Images\MRH_X_20150628_101334_202.img reduced chisqr: 1.0366.
			Message:"Tolerance seems to be too small."
04/08/2021 03:53:42 AM: minime90/mrh/2015/20150627/Images\MRH_X_20150628_101644_203.img reduced chisqr: 1.1492.
			Message:"Tolerance seems to be too small."
04/08/2021 03:53:49 AM: minime90/mrh/2015/20150627/Images\MRH_X_20150628_101953_204.img reduced chisqr: 1.1096.
			Message:"Tolerance seems to be too small."
04/08/2021 03:53:55 AM: minime90/mrh/2015/20150627/Images\MRH_X_20150628_102303_205.img reduced chisqr: 1.0156.
			Message:"Tolerance seems to be too small."
04/08/2021 03:54:01 AM: minime90/mrh/2015/20150627/Images\MRH_X_20150628_102612_206.img reduced chisqr: 1.0522.
			Message:"Tolerance seems to be too small."
04/08/2021 03:54:08 AM: minime90/mrh/2015/20150627/Images\MRH_X_20150628_102920_207.img reduced chisqr: 1.0758.
			Message:"Tolerance seems to be too small."
04/08/2021 03:54:14 AM: minime90/mrh/2015/20150627/Images\MRH_X_20150628_103228_208.img reduced chisqr: 1.1818.
			Message:"Tolerance seems to be too small."
04/08/2021 03:54:21 AM: minime90/mrh/2015/20150627/Images\MRH_X_20150628_103536_209.img reduced chisqr: 1.2005.
			Message:"Tolerance seems to be too small."
04/08/2021 03:54:27 AM: minime90/mrh/2015/20150627/Images\MRH_X_20150628_103932_210.img reduced chisqr: 1.3959.
			Message:"Tolerance seems to be too small."
04/08/2021 03:54:33 AM: minime90/mrh/2015/20150627/Images\MRH_X_20150628_104243_211.img reduced chisqr: 1.7930.
			Message:"Tolerance seems to be too small."
04/08/2021 03:54:40 AM: minime90/mrh/2015/20150627/Images\MRH_X_20150628_104552_212.img reduced chisqr: 2.2567.
			Message:"Tolerance seems to be too small."
04/08/2021 03:54:40 AM: WARNING: Exposure time is not changing.
04/08/2021 03:54:40 AM: Created diagnostic plots.
04/08/2021 03:54:40 AM: Laser and sky image analysis complete.
04/08/2021 03:54:40 AM: No Boltwood cloud sensor data found.
04/08/2021 03:54:40 AM: No X300 temperature sensor data found.
04/08/2021 03:54:40 AM:  Quality Flag Calculation:
		Manual Wind Flag: 0
		Manual Temperature Flag: 0
		Laser Drift: False
		Sample-specific flags:
		Images\MRH_X_20150627_235334_010.img [no cloud data W1T1] [FINAL: W1T1]
		Images\MRH_X_20150628_000614_014.img [no cloud data W1T1] [FINAL: W1T1]
		Images\MRH_X_20150628_000923_015.img [no cloud data W1T1] [FINAL: W1T1]
		Images\MRH_X_20150628_001232_016.img [no cloud data W1T1] [FINAL: W1T1]
		Images\MRH_X_20150628_001540_017.img [no cloud data W1T1] [FINAL: W1T1]
		Images\MRH_X_20150628_001848_018.img [no cloud data W1T1] [FINAL: W1T1]
		Images\MRH_X_20150628_002156_019.img [no cloud data W1T1] [FINAL: W1T1]
		Images\MRH_X_20150628_002552_020.img [no cloud data W1T1] [FINAL: W1T1]
		Images\MRH_X_20150628_003832_024.img [no cloud data W1T1] [FINAL: W1T1]
		Images\MRH_X_20150628_004141_025.img [no cloud data W1T1] [FINAL: W1T1]
		Images\MRH_X_20150628_004450_026.img [no cloud data W1T1] [FINAL: W1T1]
		Images\MRH_X_20150628_004758_027.img [no cloud data W1T1] [FINAL: W1T1]
		Images\MRH_X_20150628_005106_028.img [no cloud data W1T1] [FINAL: W1T1]
		Images\MRH_X_20150628_005414_029.img [no cloud data W1T1] [FINAL: W1T1]
		Images\MRH_X_20150628_005810_030.img [no cloud data W1T1] [FINAL: W1T1]
		Images\MRH_X_20150628_010431_032.img [no cloud data W1T1] [FINAL: W1T1]
		Images\MRH_X_20150628_011050_034.img [no cloud data W1T1] [FINAL: W1T1]
		Images\MRH_X_20150628_011359_035.img [no cloud data W1T1] [FINAL: W1T1]
		Images\MRH_X_20150628_011708_036.img [no cloud data W1T1] [FINAL: W1T1]
		Images\MRH_X_20150628_012016_037.img [no cloud data W1T1] [FINAL: W1T1]
		Images\MRH_X_20150628_012324_038.img [no cloud data W1T1] [FINAL: W1T1]
		Images\MRH_X_20150628_012632_039.img [no cloud data W1T1] [FINAL: W1T1]
		Images\MRH_X_20150628_013028_040.img [no cloud data W1T1] [FINAL: W1T1]
		Images\MRH_X_20150628_013339_041.img [no cloud data W1T1] [FINAL: W1T1]
		Images\MRH_X_20150628_013648_042.img [no cloud data W1T1] [FINAL: W1T1]
		Images\MRH_X_20150628_014307_044.img [no cloud data W1T1] [FINAL: W1T1]
		Images\MRH_X_20150628_014616_045.img [no cloud data W1T1] [FINAL: W1T1]
		Images\MRH_X_20150628_014926_046.img [no cloud data W1T1] [FINAL: W1T1]
		Images\MRH_X_20150628_015234_047.img [no cloud data W1T1] [FINAL: W1T1]
		Images\MRH_X_20150628_015542_048.img [no cloud data W1T1] [FINAL: W1T1]
		Images\MRH_X_20150628_015850_049.img [no cloud data W1T1] [FINAL: W1T1]
		Images\MRH_X_20150628_020245_050.img [no cloud data W1T1] [FINAL: W1T1]
		Images\MRH_X_20150628_020557_051.img [no cloud data W1T1] [FINAL: W1T1]
		Images\MRH_X_20150628_020906_052.img [no cloud data W1T1] [FINAL: W1T1]
		Images\MRH_X_20150628_021525_054.img [no cloud data W1T1] [FINAL: W1T1]
		Images\MRH_X_20150628_022143_056.img [no cloud data W1T1] [FINAL: W1T1]
		Images\MRH_X_20150628_022451_057.img [no cloud data W1T1] [FINAL: W1T1]
		Images\MRH_X_20150628_022800_058.img [no cloud data W1T1] [FINAL: W1T1]
		Images\MRH_X_20150628_023108_059.img [no cloud data W1T1] [FINAL: W1T1]
		Images\MRH_X_20150628_023503_060.img [no cloud data W1T1] [FINAL: W1T1]
		Images\MRH_X_20150628_023815_061.img [no cloud data W1T1] [FINAL: W1T1]
		Images\MRH_X_20150628_024124_062.img [no cloud data W1T1] [FINAL: W1T1]
		Images\MRH_X_20150628_030721_070.img [no cloud data W1T1] [FINAL: W1T1]
		Images\MRH_X_20150628_031033_071.img [no cloud data W1T1] [FINAL: W1T1]
		Images\MRH_X_20150628_031342_072.img [no cloud data W1T1] [FINAL: W1T1]
		Images\MRH_X_20150628_033939_080.img [no cloud data W1T1] [FINAL: W1T1]
		Images\MRH_X_20150628_034251_081.img [no cloud data W1T1] [FINAL: W1T1]
		Images\MRH_X_20150628_034600_082.img [no cloud data W1T1] [FINAL: W1T1]
		Images\MRH_X_20150628_041158_090.img [no cloud data W1T1] [FINAL: W1T1]
		Images\MRH_X_20150628_041509_091.img [no cloud data W1T1] [FINAL: W1T1]
		Images\MRH_X_20150628_041818_092.img [no cloud data W1T1] [FINAL: W1T1]
		Images\MRH_X_20150628_042127_093.img [no cloud data W1T1] [FINAL: W1T1]
		Images\MRH_X_20150628_044416_100.img [no cloud data W1T1] [FINAL: W1T1]
		Images\MRH_X_20150628_044727_101.img [no cloud data W1T1] [FINAL: W1T1]
		Images\MRH_X_20150628_045036_102.img [no cloud data W1T1] [FINAL: W1T1]
		Images\MRH_X_20150628_045346_103.img [no cloud data W1T1] [FINAL: W1T1]
		Images\MRH_X_20150628_050314_106.img [no cloud data W1T1] [FINAL: W1T1]
		Images\MRH_X_20150628_050622_107.img [no cloud data W1T1] [FINAL: W1T1]
		Images\MRH_X_20150628_050930_108.img [no cloud data W1T1] [FINAL: W1T1]
		Images\MRH_X_20150628_051238_109.img [no cloud data W1T1] [FINAL: W1T1]
		Images\MRH_X_20150628_051634_110.img [no cloud data W1T1] [FINAL: W1T1]
		Images\MRH_X_20150628_051946_111.img [no cloud data W1T1] [FINAL: W1T1]
		Images\MRH_X_20150628_052255_112.img [no cloud data W1T1] [FINAL: W1T1]
		Images\MRH_X_20150628_052604_113.img [no cloud data W1T1] [FINAL: W1T1]
		Images\MRH_X_20150628_053532_116.img [no cloud data W1T1] [FINAL: W1T1]
		Images\MRH_X_20150628_053840_117.img [no cloud data W1T1] [FINAL: W1T1]
		Images\MRH_X_20150628_054148_118.img [no cloud data W1T1] [FINAL: W1T1]
		Images\MRH_X_20150628_054456_119.img [no cloud data W1T1] [FINAL: W1T1]
		Images\MRH_X_20150628_054852_120.img [no cloud data W1T1] [FINAL: W1T1]
		Images\MRH_X_20150628_055203_121.img [no cloud data W1T1] [FINAL: W1T1]
		Images\MRH_X_20150628_055512_122.img [no cloud data W1T1] [FINAL: W1T1]
		Images\MRH_X_20150628_055821_123.img [no cloud data W1T1] [FINAL: W1T1]
		Images\MRH_X_20150628_060749_126.img [no cloud data W1T1] [FINAL: W1T1]
		Images\MRH_X_20150628_061057_127.img [no cloud data W1T1] [FINAL: W1T1]
		Images\MRH_X_20150628_061405_128.img [no cloud data W1T1] [FINAL: W1T1]
		Images\MRH_X_20150628_061714_129.img [no cloud data W1T1] [FINAL: W1T1]
		Images\MRH_X_20150628_062109_130.img [no cloud data W1T1] [FINAL: W1T1]
		Images\MRH_X_20150628_062421_131.img [no cloud data W1T1] [FINAL: W1T1]
		Images\MRH_X_20150628_062730_132.img [no cloud data W1T1] [FINAL: W1T1]
		Images\MRH_X_20150628_063039_133.img [no cloud data W1T1] [FINAL: W1T1]
		Images\MRH_X_20150628_063349_134.img [no cloud data W1T1] [FINAL: W1T1]
		Images\MRH_X_20150628_064007_136.img [no cloud data W1T1] [FINAL: W1T1]
		Images\MRH_X_20150628_064315_137.img [no cloud data W1T1] [FINAL: W1T1]
		Images\MRH_X_20150628_064623_138.img [no cloud data W1T1] [FINAL: W1T1]
		Images\MRH_X_20150628_064931_139.img [no cloud data W1T1] [FINAL: W1T1]
		Images\MRH_X_20150628_065327_140.img [no cloud data W1T1] [FINAL: W1T1]
		Images\MRH_X_20150628_065639_141.img [no cloud data W1T1] [FINAL: W1T1]
		Images\MRH_X_20150628_065948_142.img [no cloud data W1T1] [FINAL: W1T1]
		Images\MRH_X_20150628_070257_143.img [no cloud data W1T1] [FINAL: W1T1]
		Images\MRH_X_20150628_070607_144.img [no cloud data W1T1] [FINAL: W1T1]
		Images\MRH_X_20150628_071225_146.img [no cloud data W1T1] [FINAL: W1T1]
		Images\MRH_X_20150628_071533_147.img [no cloud data W1T1] [FINAL: W1T1]
		Images\MRH_X_20150628_071841_148.img [no cloud data W1T1] [FINAL: W1T1]
		Images\MRH_X_20150628_072149_149.img [no cloud data W1T1] [FINAL: W1T1]
		Images\MRH_X_20150628_072545_150.img [no cloud data W1T1] [sigma_T large: W2T2] [FINAL: W2T2]
		Images\MRH_X_20150628_072856_151.img [no cloud data W1T1] [FINAL: W1T1]
		Images\MRH_X_20150628_073206_152.img [no cloud data W1T1] [FINAL: W1T1]
		Images\MRH_X_20150628_073515_153.img [no cloud data W1T1] [FINAL: W1T1]
		Images\MRH_X_20150628_073824_154.img [no cloud data W1T1] [sigma_T large: W2T2] [FINAL: W2T2]
		Images\MRH_X_20150628_074134_155.img [no cloud data W1T1] [FINAL: W1T1]
		Images\MRH_X_20150628_074443_156.img [no cloud data W1T1] [FINAL: W1T1]
		Images\MRH_X_20150628_074751_157.img [no cloud data W1T1] [FINAL: W1T1]
		Images\MRH_X_20150628_075059_158.img [no cloud data W1T1] [FINAL: W1T1]
		Images\MRH_X_20150628_075407_159.img [no cloud data W1T1] [FINAL: W1T1]
		Images\MRH_X_20150628_075803_160.img [no cloud data W1T1] [FINAL: W1T1]
		Images\MRH_X_20150628_080114_161.img [no cloud data W1T1] [FINAL: W1T1]
		Images\MRH_X_20150628_080423_162.img [no cloud data W1T1] [FINAL: W1T1]
		Images\MRH_X_20150628_080733_163.img [no cloud data W1T1] [FINAL: W1T1]
		Images\MRH_X_20150628_081042_164.img [no cloud data W1T1] [sigma_T large: W2T2] [FINAL: W2T2]
		Images\MRH_X_20150628_081351_165.img [no cloud data W1T1] [FINAL: W1T1]
		Images\MRH_X_20150628_081701_166.img [no cloud data W1T1] [FINAL: W1T1]
		Images\MRH_X_20150628_082008_167.img [no cloud data W1T1] [FINAL: W1T1]
		Images\MRH_X_20150628_082317_168.img [no cloud data W1T1] [FINAL: W1T1]
		Images\MRH_X_20150628_082625_169.img [no cloud data W1T1] [FINAL: W1T1]
		Images\MRH_X_20150628_083021_170.img [no cloud data W1T1] [FINAL: W1T1]
		Images\MRH_X_20150628_083332_171.img [no cloud data W1T1] [FINAL: W1T1]
		Images\MRH_X_20150628_083641_172.img [no cloud data W1T1] [FINAL: W1T1]
		Images\MRH_X_20150628_083950_173.img [no cloud data W1T1] [FINAL: W1T1]
		Images\MRH_X_20150628_084300_174.img [no cloud data W1T1] [FINAL: W1T1]
		Images\MRH_X_20150628_084609_175.img [no cloud data W1T1] [FINAL: W1T1]
		Images\MRH_X_20150628_084918_176.img [no cloud data W1T1] [FINAL: W1T1]
		Images\MRH_X_20150628_085226_177.img [no cloud data W1T1] [FINAL: W1T1]
		Images\MRH_X_20150628_085534_178.img [no cloud data W1T1] [FINAL: W1T1]
		Images\MRH_X_20150628_085842_179.img [no cloud data W1T1] [FINAL: W1T1]
		Images\MRH_X_20150628_090238_180.img [no cloud data W1T1] [FINAL: W1T1]
		Images\MRH_X_20150628_090550_181.img [no cloud data W1T1] [FINAL: W1T1]
		Images\MRH_X_20150628_090859_182.img [no cloud data W1T1] [FINAL: W1T1]
		Images\MRH_X_20150628_091208_183.img [no cloud data W1T1] [FINAL: W1T1]
		Images\MRH_X_20150628_091518_184.img [no cloud data W1T1] [FINAL: W1T1]
		Images\MRH_X_20150628_091827_185.img [no cloud data W1T1] [FINAL: W1T1]
		Images\MRH_X_20150628_092136_186.img [no cloud data W1T1] [FINAL: W1T1]
		Images\MRH_X_20150628_092444_187.img [no cloud data W1T1] [FINAL: W1T1]
		Images\MRH_X_20150628_092752_188.img [no cloud data W1T1] [FINAL: W1T1]
		Images\MRH_X_20150628_093100_189.img [no cloud data W1T1] [FINAL: W1T1]
		Images\MRH_X_20150628_093456_190.img [no cloud data W1T1] [FINAL: W1T1]
		Images\MRH_X_20150628_093807_191.img [no cloud data W1T1] [FINAL: W1T1]
		Images\MRH_X_20150628_094116_192.img [no cloud data W1T1] [FINAL: W1T1]
		Images\MRH_X_20150628_094425_193.img [no cloud data W1T1] [FINAL: W1T1]
		Images\MRH_X_20150628_094735_194.img [no cloud data W1T1] [FINAL: W1T1]
		Images\MRH_X_20150628_095044_195.img [no cloud data W1T1] [FINAL: W1T1]
		Images\MRH_X_20150628_095353_196.img [no cloud data W1T1] [FINAL: W1T1]
		Images\MRH_X_20150628_095702_197.img [no cloud data W1T1] [FINAL: W1T1]
		Images\MRH_X_20150628_100010_198.img [no cloud data W1T1] [FINAL: W1T1]
		Images\MRH_X_20150628_100317_199.img [no cloud data W1T1] [FINAL: W1T1]
		Images\MRH_X_20150628_100714_200.img [no cloud data W1T1] [FINAL: W1T1]
		Images\MRH_X_20150628_101025_201.img [no cloud data W1T1] [FINAL: W1T1]
		Images\MRH_X_20150628_101334_202.img [no cloud data W1T1] [FINAL: W1T1]
		Images\MRH_X_20150628_101644_203.img [no cloud data W1T1] [FINAL: W1T1]
		Images\MRH_X_20150628_101953_204.img [no cloud data W1T1] [FINAL: W1T1]
		Images\MRH_X_20150628_102303_205.img [no cloud data W1T1] [FINAL: W1T1]
		Images\MRH_X_20150628_102612_206.img [no cloud data W1T1] [FINAL: W1T1]
		Images\MRH_X_20150628_102920_207.img [no cloud data W1T1] [FINAL: W1T1]
		Images\MRH_X_20150628_103228_208.img [no cloud data W1T1] [FINAL: W1T1]
		Images\MRH_X_20150628_103536_209.img [no cloud data W1T1] [FINAL: W1T1]
		Images\MRH_X_20150628_103932_210.img [no cloud data W1T1] [FINAL: W1T1]
		Images\MRH_X_20150628_104243_211.img [no cloud data W1T1] [FINAL: W1T1]
		Images\MRH_X_20150628_104552_212.img [no cloud data W1T1] [FINAL: W1T1]
04/08/2021 03:54:40 AM: Results saved to results/minime90_mrh_20150627.npz
