04/07/2021 19:55:30 PM: Logfile Created
04/07/2021 19:55:31 PM: Sun up during minime90/mrh/2015/20150602/Images\MRH_L_20150602_231130_001.img. Ignoring this image...
04/07/2021 19:55:31 PM: minime90/mrh/2015/20150602/Images\MRH_L_20150602_234800_002.img center: 256.89, 255.13
04/07/2021 19:55:31 PM: minime90/mrh/2015/20150602/Images\MRH_L_20150603_002016_003.img center: 256.94, 255.18
04/07/2021 19:55:31 PM: minime90/mrh/2015/20150602/Images\MRH_L_20150603_005233_004.img center: 256.94, 255.19
04/07/2021 19:55:32 PM: minime90/mrh/2015/20150602/Images\MRH_L_20150603_012450_005.img center: 256.94, 255.17
04/07/2021 19:55:32 PM: minime90/mrh/2015/20150602/Images\MRH_L_20150603_015706_006.img center: 256.88, 255.11
04/07/2021 19:55:32 PM: minime90/mrh/2015/20150602/Images\MRH_L_20150603_022923_007.img center: 256.94, 255.16
04/07/2021 19:55:32 PM: minime90/mrh/2015/20150602/Images\MRH_L_20150603_030140_008.img center: 256.92, 255.11
04/07/2021 19:55:33 PM: minime90/mrh/2015/20150602/Images\MRH_L_20150603_033358_009.img center: 256.97, 255.15
04/07/2021 19:55:33 PM: minime90/mrh/2015/20150602/Images\MRH_L_20150603_040616_010.img center: 256.78, 255.16
04/07/2021 19:55:33 PM: minime90/mrh/2015/20150602/Images\MRH_L_20150603_043834_011.img center: 256.88, 255.25
04/07/2021 19:55:33 PM: minime90/mrh/2015/20150602/Images\MRH_L_20150603_051052_012.img center: 256.93, 255.22
04/07/2021 19:55:34 PM: minime90/mrh/2015/20150602/Images\MRH_L_20150603_054311_013.img center: 256.94, 255.21
04/07/2021 19:55:34 PM: minime90/mrh/2015/20150602/Images\MRH_L_20150603_061529_014.img center: 256.89, 255.27
04/07/2021 19:55:34 PM: minime90/mrh/2015/20150602/Images\MRH_L_20150603_064746_015.img center: 256.97, 255.25
04/07/2021 19:55:34 PM: minime90/mrh/2015/20150602/Images\MRH_L_20150603_072004_016.img center: 256.98, 255.27
04/07/2021 19:55:35 PM: minime90/mrh/2015/20150602/Images\MRH_L_20150603_075221_017.img center: 256.93, 255.23
04/07/2021 19:55:35 PM: minime90/mrh/2015/20150602/Images\MRH_L_20150603_082439_018.img center: 256.87, 255.27
04/07/2021 19:55:35 PM: minime90/mrh/2015/20150602/Images\MRH_L_20150603_085655_019.img center: 256.96, 255.29
04/07/2021 19:55:35 PM: minime90/mrh/2015/20150602/Images\MRH_L_20150603_092912_020.img center: 256.95, 255.27
04/07/2021 19:55:36 PM: minime90/mrh/2015/20150602/Images\MRH_L_20150603_100128_021.img center: 256.92, 255.37
04/07/2021 19:55:36 PM: minime90/mrh/2015/20150602/Images\MRH_L_20150603_103345_022.img center: 256.93, 255.35
04/07/2021 19:55:36 PM: minime90/mrh/2015/20150602/Images\MRH_L_20150603_104054_211.img center: 257.02, 255.31
04/07/2021 19:55:39 PM: minime90/mrh/2015/20150602/Images\MRH_L_20150602_234800_002.img reduced chisqr: 3.8019
04/07/2021 19:55:42 PM: minime90/mrh/2015/20150602/Images\MRH_L_20150603_002016_003.img reduced chisqr: 4.0600
04/07/2021 19:55:44 PM: minime90/mrh/2015/20150602/Images\MRH_L_20150603_005233_004.img reduced chisqr: 3.5870
04/07/2021 19:55:47 PM: minime90/mrh/2015/20150602/Images\MRH_L_20150603_012450_005.img reduced chisqr: 3.6987
04/07/2021 19:55:50 PM: minime90/mrh/2015/20150602/Images\MRH_L_20150603_015706_006.img reduced chisqr: 4.0303
04/07/2021 19:55:53 PM: minime90/mrh/2015/20150602/Images\MRH_L_20150603_022923_007.img reduced chisqr: 3.9254
04/07/2021 19:55:55 PM: minime90/mrh/2015/20150602/Images\MRH_L_20150603_030140_008.img reduced chisqr: 4.1475
04/07/2021 19:55:58 PM: minime90/mrh/2015/20150602/Images\MRH_L_20150603_033358_009.img reduced chisqr: 4.0758
04/07/2021 19:56:01 PM: minime90/mrh/2015/20150602/Images\MRH_L_20150603_040616_010.img reduced chisqr: 3.4378
04/07/2021 19:56:04 PM: minime90/mrh/2015/20150602/Images\MRH_L_20150603_043834_011.img reduced chisqr: 3.4306
04/07/2021 19:56:06 PM: minime90/mrh/2015/20150602/Images\MRH_L_20150603_051052_012.img reduced chisqr: 3.7776
04/07/2021 19:56:09 PM: minime90/mrh/2015/20150602/Images\MRH_L_20150603_054311_013.img reduced chisqr: 3.6207
04/07/2021 19:56:12 PM: minime90/mrh/2015/20150602/Images\MRH_L_20150603_061529_014.img reduced chisqr: 3.6819
04/07/2021 19:56:14 PM: minime90/mrh/2015/20150602/Images\MRH_L_20150603_064746_015.img reduced chisqr: 3.6731
04/07/2021 19:56:17 PM: minime90/mrh/2015/20150602/Images\MRH_L_20150603_072004_016.img reduced chisqr: 3.3247
04/07/2021 19:56:20 PM: minime90/mrh/2015/20150602/Images\MRH_L_20150603_075221_017.img reduced chisqr: 3.5170
04/07/2021 19:56:23 PM: minime90/mrh/2015/20150602/Images\MRH_L_20150603_082439_018.img reduced chisqr: 3.3213
04/07/2021 19:56:25 PM: minime90/mrh/2015/20150602/Images\MRH_L_20150603_085655_019.img reduced chisqr: 3.5830
04/07/2021 19:56:28 PM: minime90/mrh/2015/20150602/Images\MRH_L_20150603_092912_020.img reduced chisqr: 3.7655
04/07/2021 19:56:31 PM: minime90/mrh/2015/20150602/Images\MRH_L_20150603_100128_021.img reduced chisqr: 3.3073
04/07/2021 19:56:33 PM: minime90/mrh/2015/20150602/Images\MRH_L_20150603_103345_022.img reduced chisqr: 3.2370
04/07/2021 19:56:36 PM: minime90/mrh/2015/20150602/Images\MRH_L_20150603_104054_211.img reduced chisqr: 3.9362
04/07/2021 19:56:36 PM: minime90/mrh/2015/20150602/Images\MRH_X_20150602_231934_001.img not bounded by laser images. Ignoring this image...
04/07/2021 19:56:36 PM: minime90/mrh/2015/20150602/Images\MRH_X_20150602_232245_002.img not bounded by laser images. Ignoring this image...
04/07/2021 19:56:36 PM: minime90/mrh/2015/20150602/Images\MRH_X_20150602_232554_003.img not bounded by laser images. Ignoring this image...
04/07/2021 19:56:36 PM: minime90/mrh/2015/20150602/Images\MRH_X_20150602_232903_004.img not bounded by laser images. Ignoring this image...
04/07/2021 19:56:36 PM: minime90/mrh/2015/20150602/Images\MRH_X_20150602_233212_005.img not bounded by laser images. Ignoring this image...
04/07/2021 19:56:36 PM: minime90/mrh/2015/20150602/Images\MRH_X_20150602_233521_006.img not bounded by laser images. Ignoring this image...
04/07/2021 19:56:36 PM: minime90/mrh/2015/20150602/Images\MRH_X_20150602_233829_007.img not bounded by laser images. Ignoring this image...
04/07/2021 19:56:36 PM: minime90/mrh/2015/20150602/Images\MRH_X_20150602_234137_008.img not bounded by laser images. Ignoring this image...
04/07/2021 19:56:36 PM: minime90/mrh/2015/20150602/Images\MRH_X_20150602_234445_009.img not bounded by laser images. Ignoring this image...
04/07/2021 19:56:36 PM: minime90/mrh/2015/20150602/Images\MRH_X_20150602_235501_012.img is looking too close to the moon (30.0 deg). Ignoring this image...
04/07/2021 19:56:36 PM: minime90/mrh/2015/20150602/Images\MRH_X_20150603_002718_022.img is looking too close to the moon (22.6 deg). Ignoring this image...
04/07/2021 19:56:36 PM: minime90/mrh/2015/20150602/Images\MRH_X_20150603_005934_032.img is looking too close to the moon (15.2 deg). Ignoring this image...
04/07/2021 19:56:36 PM: minime90/mrh/2015/20150602/Images\MRH_X_20150603_013151_042.img is looking too close to the moon (7.8 deg). Ignoring this image...
04/07/2021 19:56:36 PM: minime90/mrh/2015/20150602/Images\MRH_X_20150603_020058_051.img is looking too close to the moon (32.6 deg). Ignoring this image...
04/07/2021 19:56:36 PM: minime90/mrh/2015/20150602/Images\MRH_X_20150603_020407_052.img is looking too close to the moon (0.9 deg). Ignoring this image...
04/07/2021 19:56:36 PM: minime90/mrh/2015/20150602/Images\MRH_X_20150603_023315_061.img is looking too close to the moon (28.9 deg). Ignoring this image...
04/07/2021 19:56:36 PM: minime90/mrh/2015/20150602/Images\MRH_X_20150603_023625_062.img is looking too close to the moon (7.3 deg). Ignoring this image...
04/07/2021 19:56:36 PM: minime90/mrh/2015/20150602/Images\MRH_X_20150603_030533_071.img is looking too close to the moon (26.3 deg). Ignoring this image...
04/07/2021 19:56:36 PM: minime90/mrh/2015/20150602/Images\MRH_X_20150603_030842_072.img is looking too close to the moon (14.8 deg). Ignoring this image...
04/07/2021 19:56:36 PM: minime90/mrh/2015/20150602/Images\MRH_X_20150603_031151_073.img is looking too close to the moon (34.8 deg). Ignoring this image...
04/07/2021 19:56:36 PM: minime90/mrh/2015/20150602/Images\MRH_X_20150603_033750_081.img is looking too close to the moon (25.3 deg). Ignoring this image...
04/07/2021 19:56:36 PM: minime90/mrh/2015/20150602/Images\MRH_X_20150603_034059_082.img is looking too close to the moon (22.3 deg). Ignoring this image...
04/07/2021 19:56:36 PM: minime90/mrh/2015/20150602/Images\MRH_X_20150603_034409_083.img is looking too close to the moon (27.3 deg). Ignoring this image...
04/07/2021 19:56:36 PM: minime90/mrh/2015/20150602/Images\MRH_X_20150603_041008_091.img is looking too close to the moon (26.0 deg). Ignoring this image...
04/07/2021 19:56:36 PM: minime90/mrh/2015/20150602/Images\MRH_X_20150603_041317_092.img is looking too close to the moon (29.8 deg). Ignoring this image...
04/07/2021 19:56:36 PM: minime90/mrh/2015/20150602/Images\MRH_X_20150603_041627_093.img is looking too close to the moon (20.0 deg). Ignoring this image...
04/07/2021 19:56:36 PM: minime90/mrh/2015/20150602/Images\MRH_X_20150603_044226_101.img is looking too close to the moon (28.3 deg). Ignoring this image...
04/07/2021 19:56:36 PM: minime90/mrh/2015/20150602/Images\MRH_X_20150603_044845_103.img is looking too close to the moon (13.0 deg). Ignoring this image...
04/07/2021 19:56:36 PM: minime90/mrh/2015/20150602/Images\MRH_X_20150603_051444_111.img is looking too close to the moon (31.8 deg). Ignoring this image...
04/07/2021 19:56:36 PM: minime90/mrh/2015/20150602/Images\MRH_X_20150603_052103_113.img is looking too close to the moon (7.4 deg). Ignoring this image...
04/07/2021 19:56:36 PM: minime90/mrh/2015/20150602/Images\MRH_X_20150603_054703_121.img is looking too close to the moon (36.2 deg). Ignoring this image...
04/07/2021 19:56:36 PM: minime90/mrh/2015/20150602/Images\MRH_X_20150603_055321_123.img is looking too close to the moon (7.5 deg). Ignoring this image...
04/07/2021 19:56:36 PM: minime90/mrh/2015/20150602/Images\MRH_X_20150603_062539_133.img is looking too close to the moon (13.2 deg). Ignoring this image...
04/07/2021 19:56:36 PM: minime90/mrh/2015/20150602/Images\MRH_X_20150603_062849_134.img is looking too close to the moon (31.8 deg). Ignoring this image...
04/07/2021 19:56:36 PM: minime90/mrh/2015/20150602/Images\MRH_X_20150603_063158_135.img is looking too close to the moon (32.7 deg). Ignoring this image...
04/07/2021 19:56:36 PM: minime90/mrh/2015/20150602/Images\MRH_X_20150603_065757_143.img is looking too close to the moon (20.2 deg). Ignoring this image...
04/07/2021 19:56:36 PM: minime90/mrh/2015/20150602/Images\MRH_X_20150603_070107_144.img is looking too close to the moon (27.1 deg). Ignoring this image...
04/07/2021 19:56:36 PM: minime90/mrh/2015/20150602/Images\MRH_X_20150603_070416_145.img is looking too close to the moon (25.5 deg). Ignoring this image...
04/07/2021 19:56:36 PM: minime90/mrh/2015/20150602/Images\MRH_X_20150603_073015_153.img is looking too close to the moon (27.5 deg). Ignoring this image...
04/07/2021 19:56:36 PM: minime90/mrh/2015/20150602/Images\MRH_X_20150603_073324_154.img is looking too close to the moon (23.5 deg). Ignoring this image...
04/07/2021 19:56:36 PM: minime90/mrh/2015/20150602/Images\MRH_X_20150603_073633_155.img is looking too close to the moon (18.6 deg). Ignoring this image...
04/07/2021 19:56:36 PM: minime90/mrh/2015/20150602/Images\MRH_X_20150603_080232_163.img is looking too close to the moon (35.0 deg). Ignoring this image...
04/07/2021 19:56:36 PM: minime90/mrh/2015/20150602/Images\MRH_X_20150603_080541_164.img is looking too close to the moon (21.4 deg). Ignoring this image...
04/07/2021 19:56:36 PM: minime90/mrh/2015/20150602/Images\MRH_X_20150603_080851_165.img is looking too close to the moon (12.8 deg). Ignoring this image...
04/07/2021 19:56:36 PM: minime90/mrh/2015/20150602/Images\MRH_X_20150603_083758_174.img is looking too close to the moon (21.4 deg). Ignoring this image...
04/07/2021 19:56:36 PM: minime90/mrh/2015/20150602/Images\MRH_X_20150603_084107_175.img is looking too close to the moon (9.9 deg). Ignoring this image...
04/07/2021 19:56:36 PM: minime90/mrh/2015/20150602/Images\MRH_X_20150603_091015_184.img is looking too close to the moon (23.5 deg). Ignoring this image...
04/07/2021 19:56:36 PM: minime90/mrh/2015/20150602/Images\MRH_X_20150603_091324_185.img is looking too close to the moon (12.2 deg). Ignoring this image...
04/07/2021 19:56:36 PM: minime90/mrh/2015/20150602/Images\MRH_X_20150603_094232_194.img is looking too close to the moon (27.2 deg). Ignoring this image...
04/07/2021 19:56:36 PM: minime90/mrh/2015/20150602/Images\MRH_X_20150603_094541_195.img is looking too close to the moon (17.7 deg). Ignoring this image...
04/07/2021 19:56:36 PM: minime90/mrh/2015/20150602/Images\MRH_X_20150603_101448_204.img is looking too close to the moon (31.9 deg). Ignoring this image...
04/07/2021 19:56:36 PM: minime90/mrh/2015/20150602/Images\MRH_X_20150603_101757_205.img is looking too close to the moon (24.4 deg). Ignoring this image...
04/07/2021 19:56:43 PM: minime90/mrh/2015/20150602/Images\MRH_X_20150602_234841_010.img reduced chisqr: 1.1958.
			Message:"Tolerance seems to be too small."
04/07/2021 19:56:50 PM: minime90/mrh/2015/20150602/Images\MRH_X_20150602_235152_011.img reduced chisqr: 1.6925.
			Message:"Tolerance seems to be too small."
04/07/2021 19:56:58 PM: minime90/mrh/2015/20150602/Images\MRH_X_20150602_235810_013.img reduced chisqr: 1.3752.
			Message:"Tolerance seems to be too small."
04/07/2021 19:57:04 PM: minime90/mrh/2015/20150602/Images\MRH_X_20150603_000120_014.img reduced chisqr: 1.2742.
			Message:"Tolerance seems to be too small."
04/07/2021 19:57:11 PM: minime90/mrh/2015/20150602/Images\MRH_X_20150603_000429_015.img reduced chisqr: 1.2864.
			Message:"Tolerance seems to be too small."
04/07/2021 19:57:18 PM: minime90/mrh/2015/20150602/Images\MRH_X_20150603_000738_016.img reduced chisqr: 1.5022.
			Message:"Tolerance seems to be too small."
04/07/2021 19:57:25 PM: minime90/mrh/2015/20150602/Images\MRH_X_20150603_001046_017.img reduced chisqr: 1.5205.
			Message:"Tolerance seems to be too small."
04/07/2021 19:57:32 PM: minime90/mrh/2015/20150602/Images\MRH_X_20150603_001354_018.img reduced chisqr: 1.8631.
			Message:"Tolerance seems to be too small."
04/07/2021 19:57:38 PM: minime90/mrh/2015/20150602/Images\MRH_X_20150603_001701_019.img reduced chisqr: 2.3180.
			Message:"Tolerance seems to be too small."
04/07/2021 19:57:45 PM: minime90/mrh/2015/20150602/Images\MRH_X_20150603_002058_020.img reduced chisqr: 1.3752.
			Message:"Tolerance seems to be too small."
04/07/2021 19:57:52 PM: minime90/mrh/2015/20150602/Images\MRH_X_20150603_002409_021.img reduced chisqr: 1.3732.
			Message:"Tolerance seems to be too small."
04/07/2021 19:57:58 PM: minime90/mrh/2015/20150602/Images\MRH_X_20150603_003027_023.img reduced chisqr: 1.3247.
			Message:"Tolerance seems to be too small."
04/07/2021 19:58:05 PM: minime90/mrh/2015/20150602/Images\MRH_X_20150603_003337_024.img reduced chisqr: 1.3271.
			Message:"Tolerance seems to be too small."
04/07/2021 19:58:11 PM: minime90/mrh/2015/20150602/Images\MRH_X_20150603_003645_025.img reduced chisqr: 1.5562.
			Message:"Tolerance seems to be too small."
04/07/2021 19:58:18 PM: minime90/mrh/2015/20150602/Images\MRH_X_20150603_003955_026.img reduced chisqr: 1.3951.
			Message:"Tolerance seems to be too small."
04/07/2021 19:58:25 PM: minime90/mrh/2015/20150602/Images\MRH_X_20150603_004302_027.img reduced chisqr: 1.1686.
			Message:"Tolerance seems to be too small."
04/07/2021 19:58:31 PM: minime90/mrh/2015/20150602/Images\MRH_X_20150603_004610_028.img reduced chisqr: 1.1165.
			Message:"Tolerance seems to be too small."
04/07/2021 19:58:38 PM: minime90/mrh/2015/20150602/Images\MRH_X_20150603_004918_029.img reduced chisqr: 1.2565.
			Message:"Tolerance seems to be too small."
04/07/2021 19:58:44 PM: minime90/mrh/2015/20150602/Images\MRH_X_20150603_005314_030.img reduced chisqr: 1.6120.
			Message:"Tolerance seems to be too small."
04/07/2021 19:58:51 PM: minime90/mrh/2015/20150602/Images\MRH_X_20150603_005625_031.img reduced chisqr: 1.7692.
			Message:"Tolerance seems to be too small."
04/07/2021 19:58:57 PM: minime90/mrh/2015/20150602/Images\MRH_X_20150603_010243_033.img reduced chisqr: 1.4059.
			Message:"Tolerance seems to be too small."
04/07/2021 19:59:04 PM: minime90/mrh/2015/20150602/Images\MRH_X_20150603_010553_034.img reduced chisqr: 1.3286.
			Message:"Tolerance seems to be too small."
04/07/2021 19:59:11 PM: minime90/mrh/2015/20150602/Images\MRH_X_20150603_010902_035.img reduced chisqr: 1.2651.
			Message:"Tolerance seems to be too small."
04/07/2021 19:59:17 PM: minime90/mrh/2015/20150602/Images\MRH_X_20150603_011211_036.img reduced chisqr: 1.1220.
			Message:"Tolerance seems to be too small."
04/07/2021 19:59:24 PM: minime90/mrh/2015/20150602/Images\MRH_X_20150603_011519_037.img reduced chisqr: 1.3354.
			Message:"Tolerance seems to be too small."
04/07/2021 19:59:31 PM: minime90/mrh/2015/20150602/Images\MRH_X_20150603_011827_038.img reduced chisqr: 1.3009.
			Message:"Tolerance seems to be too small."
04/07/2021 19:59:37 PM: minime90/mrh/2015/20150602/Images\MRH_X_20150603_012135_039.img reduced chisqr: 1.1350.
			Message:"Tolerance seems to be too small."
04/07/2021 19:59:44 PM: minime90/mrh/2015/20150602/Images\MRH_X_20150603_012530_040.img reduced chisqr: 1.5077.
			Message:"Tolerance seems to be too small."
04/07/2021 19:59:51 PM: minime90/mrh/2015/20150602/Images\MRH_X_20150603_012842_041.img reduced chisqr: 1.6174.
			Message:"Tolerance seems to be too small."
04/07/2021 19:59:57 PM: minime90/mrh/2015/20150602/Images\MRH_X_20150603_013500_043.img reduced chisqr: 1.0973.
			Message:"Tolerance seems to be too small."
04/07/2021 20:00:04 PM: minime90/mrh/2015/20150602/Images\MRH_X_20150603_013810_044.img reduced chisqr: 1.3797.
			Message:"Tolerance seems to be too small."
04/07/2021 20:00:11 PM: minime90/mrh/2015/20150602/Images\MRH_X_20150603_014119_045.img reduced chisqr: 1.1178.
			Message:"Tolerance seems to be too small."
04/07/2021 20:00:17 PM: minime90/mrh/2015/20150602/Images\MRH_X_20150603_014428_046.img reduced chisqr: 1.2321.
			Message:"Tolerance seems to be too small."
04/07/2021 20:00:24 PM: minime90/mrh/2015/20150602/Images\MRH_X_20150603_014735_047.img reduced chisqr: 1.5044.
			Message:"Tolerance seems to be too small."
04/07/2021 20:00:30 PM: minime90/mrh/2015/20150602/Images\MRH_X_20150603_015043_048.img reduced chisqr: 1.1791.
			Message:"Tolerance seems to be too small."
04/07/2021 20:00:37 PM: minime90/mrh/2015/20150602/Images\MRH_X_20150603_015351_049.img reduced chisqr: 1.2263.
			Message:"Tolerance seems to be too small."
04/07/2021 20:00:44 PM: minime90/mrh/2015/20150602/Images\MRH_X_20150603_015747_050.img reduced chisqr: 1.8119.
			Message:"Tolerance seems to be too small."
04/07/2021 20:00:50 PM: minime90/mrh/2015/20150602/Images\MRH_X_20150603_020717_053.img reduced chisqr: 1.6062.
			Message:"Tolerance seems to be too small."
04/07/2021 20:00:57 PM: minime90/mrh/2015/20150602/Images\MRH_X_20150603_021026_054.img reduced chisqr: 1.4180.
			Message:"Tolerance seems to be too small."
04/07/2021 20:01:03 PM: minime90/mrh/2015/20150602/Images\MRH_X_20150603_021335_055.img reduced chisqr: 1.3114.
			Message:"Tolerance seems to be too small."
04/07/2021 20:01:10 PM: minime90/mrh/2015/20150602/Images\MRH_X_20150603_021644_056.img reduced chisqr: 1.5929.
			Message:"Tolerance seems to be too small."
04/07/2021 20:01:16 PM: minime90/mrh/2015/20150602/Images\MRH_X_20150603_021952_057.img reduced chisqr: 1.5239.
			Message:"Tolerance seems to be too small."
04/07/2021 20:01:23 PM: minime90/mrh/2015/20150602/Images\MRH_X_20150603_022300_058.img reduced chisqr: 1.3412.
			Message:"Tolerance seems to be too small."
04/07/2021 20:01:29 PM: minime90/mrh/2015/20150602/Images\MRH_X_20150603_022608_059.img reduced chisqr: 1.5336.
			Message:"Tolerance seems to be too small."
04/07/2021 20:01:36 PM: minime90/mrh/2015/20150602/Images\MRH_X_20150603_023004_060.img reduced chisqr: 1.8047.
			Message:"Tolerance seems to be too small."
04/07/2021 20:01:42 PM: minime90/mrh/2015/20150602/Images\MRH_X_20150603_023934_063.img reduced chisqr: 1.6286.
			Message:"Tolerance seems to be too small."
04/07/2021 20:01:49 PM: minime90/mrh/2015/20150602/Images\MRH_X_20150603_024243_064.img reduced chisqr: 1.6936.
			Message:"Tolerance seems to be too small."
04/07/2021 20:01:56 PM: minime90/mrh/2015/20150602/Images\MRH_X_20150603_024552_065.img reduced chisqr: 1.8586.
			Message:"Tolerance seems to be too small."
04/07/2021 20:02:02 PM: minime90/mrh/2015/20150602/Images\MRH_X_20150603_024901_066.img reduced chisqr: 2.0228.
			Message:"Tolerance seems to be too small."
04/07/2021 20:02:09 PM: minime90/mrh/2015/20150602/Images\MRH_X_20150603_025209_067.img reduced chisqr: 1.5279.
			Message:"Tolerance seems to be too small."
04/07/2021 20:02:15 PM: minime90/mrh/2015/20150602/Images\MRH_X_20150603_025517_068.img reduced chisqr: 2.0410.
			Message:"Tolerance seems to be too small."
04/07/2021 20:02:22 PM: minime90/mrh/2015/20150602/Images\MRH_X_20150603_025825_069.img reduced chisqr: 1.5113.
			Message:"Tolerance seems to be too small."
04/07/2021 20:02:29 PM: minime90/mrh/2015/20150602/Images\MRH_X_20150603_030221_070.img reduced chisqr: 2.2730.
			Message:"Tolerance seems to be too small."
04/07/2021 20:02:35 PM: minime90/mrh/2015/20150602/Images\MRH_X_20150603_031501_074.img reduced chisqr: 1.6507.
			Message:"Tolerance seems to be too small."
04/07/2021 20:02:42 PM: minime90/mrh/2015/20150602/Images\MRH_X_20150603_031810_075.img reduced chisqr: 1.4274.
			Message:"Tolerance seems to be too small."
04/07/2021 20:02:48 PM: minime90/mrh/2015/20150602/Images\MRH_X_20150603_032119_076.img reduced chisqr: 1.7659.
			Message:"Tolerance seems to be too small."
04/07/2021 20:02:55 PM: minime90/mrh/2015/20150602/Images\MRH_X_20150603_032427_077.img reduced chisqr: 1.7436.
			Message:"Tolerance seems to be too small."
04/07/2021 20:03:01 PM: minime90/mrh/2015/20150602/Images\MRH_X_20150603_032735_078.img reduced chisqr: 1.7843.
			Message:"Tolerance seems to be too small."
04/07/2021 20:03:08 PM: minime90/mrh/2015/20150602/Images\MRH_X_20150603_033043_079.img reduced chisqr: 1.6688.
			Message:"Tolerance seems to be too small."
04/07/2021 20:03:14 PM: minime90/mrh/2015/20150602/Images\MRH_X_20150603_033439_080.img reduced chisqr: 2.1386.
			Message:"Tolerance seems to be too small."
04/07/2021 20:03:21 PM: minime90/mrh/2015/20150602/Images\MRH_X_20150603_034718_084.img reduced chisqr: 1.9473.
			Message:"Tolerance seems to be too small."
04/07/2021 20:03:27 PM: minime90/mrh/2015/20150602/Images\MRH_X_20150603_035028_085.img reduced chisqr: 2.0892.
			Message:"Tolerance seems to be too small."
04/07/2021 20:03:34 PM: minime90/mrh/2015/20150602/Images\MRH_X_20150603_035337_086.img reduced chisqr: 1.8662.
			Message:"Tolerance seems to be too small."
04/07/2021 20:03:41 PM: minime90/mrh/2015/20150602/Images\MRH_X_20150603_035645_087.img reduced chisqr: 2.0742.
			Message:"Tolerance seems to be too small."
04/07/2021 20:03:47 PM: minime90/mrh/2015/20150602/Images\MRH_X_20150603_035953_088.img reduced chisqr: 2.1631.
			Message:"Tolerance seems to be too small."
04/07/2021 20:03:54 PM: minime90/mrh/2015/20150602/Images\MRH_X_20150603_040301_089.img reduced chisqr: 2.0831.
			Message:"Tolerance seems to be too small."
04/07/2021 20:04:01 PM: minime90/mrh/2015/20150602/Images\MRH_X_20150603_040657_090.img reduced chisqr: 2.2106.
			Message:"Tolerance seems to be too small."
04/07/2021 20:04:07 PM: minime90/mrh/2015/20150602/Images\MRH_X_20150603_041936_094.img reduced chisqr: 2.1701.
			Message:"Tolerance seems to be too small."
04/07/2021 20:04:14 PM: minime90/mrh/2015/20150602/Images\MRH_X_20150603_042246_095.img reduced chisqr: 2.0159.
			Message:"Tolerance seems to be too small."
04/07/2021 20:04:21 PM: minime90/mrh/2015/20150602/Images\MRH_X_20150603_042555_096.img reduced chisqr: 2.2951.
			Message:"Tolerance seems to be too small."
04/07/2021 20:04:27 PM: minime90/mrh/2015/20150602/Images\MRH_X_20150603_042903_097.img reduced chisqr: 2.2021.
			Message:"Tolerance seems to be too small."
04/07/2021 20:04:34 PM: minime90/mrh/2015/20150602/Images\MRH_X_20150603_043211_098.img reduced chisqr: 2.1385.
			Message:"Tolerance seems to be too small."
04/07/2021 20:04:41 PM: minime90/mrh/2015/20150602/Images\MRH_X_20150603_043519_099.img reduced chisqr: 2.0480.
			Message:"Tolerance seems to be too small."
04/07/2021 20:04:47 PM: minime90/mrh/2015/20150602/Images\MRH_X_20150603_043915_100.img reduced chisqr: 2.3750.
			Message:"Tolerance seems to be too small."
04/07/2021 20:04:54 PM: minime90/mrh/2015/20150602/Images\MRH_X_20150603_044536_102.img reduced chisqr: 1.7752.
			Message:"Tolerance seems to be too small."
04/07/2021 20:05:01 PM: minime90/mrh/2015/20150602/Images\MRH_X_20150603_045155_104.img reduced chisqr: 2.1498.
			Message:"Tolerance seems to be too small."
04/07/2021 20:05:07 PM: minime90/mrh/2015/20150602/Images\MRH_X_20150603_045504_105.img reduced chisqr: 2.6637.
			Message:"Tolerance seems to be too small."
04/07/2021 20:05:14 PM: minime90/mrh/2015/20150602/Images\MRH_X_20150603_045813_106.img reduced chisqr: 2.2860.
			Message:"Tolerance seems to be too small."
04/07/2021 20:05:21 PM: minime90/mrh/2015/20150602/Images\MRH_X_20150603_050121_107.img reduced chisqr: 2.1575.
			Message:"Tolerance seems to be too small."
04/07/2021 20:05:28 PM: minime90/mrh/2015/20150602/Images\MRH_X_20150603_050429_108.img reduced chisqr: 2.3309.
			Message:"Tolerance seems to be too small."
04/07/2021 20:05:35 PM: minime90/mrh/2015/20150602/Images\MRH_X_20150603_050737_109.img reduced chisqr: 2.2098.
			Message:"Tolerance seems to be too small."
04/07/2021 20:05:41 PM: minime90/mrh/2015/20150602/Images\MRH_X_20150603_051133_110.img reduced chisqr: 2.1799.
			Message:"Tolerance seems to be too small."
04/07/2021 20:05:48 PM: minime90/mrh/2015/20150602/Images\MRH_X_20150603_051754_112.img reduced chisqr: 2.1610.
			Message:"Tolerance seems to be too small."
04/07/2021 20:05:54 PM: minime90/mrh/2015/20150602/Images\MRH_X_20150603_052413_114.img reduced chisqr: 2.2754.
			Message:"Tolerance seems to be too small."
04/07/2021 20:06:01 PM: minime90/mrh/2015/20150602/Images\MRH_X_20150603_052722_115.img reduced chisqr: 2.2614.
			Message:"Tolerance seems to be too small."
04/07/2021 20:06:08 PM: minime90/mrh/2015/20150602/Images\MRH_X_20150603_053031_116.img reduced chisqr: 2.0701.
			Message:"Tolerance seems to be too small."
04/07/2021 20:06:14 PM: minime90/mrh/2015/20150602/Images\MRH_X_20150603_053339_117.img reduced chisqr: 1.9905.
			Message:"Tolerance seems to be too small."
04/07/2021 20:06:21 PM: minime90/mrh/2015/20150602/Images\MRH_X_20150603_053647_118.img reduced chisqr: 1.9635.
			Message:"Tolerance seems to be too small."
04/07/2021 20:06:27 PM: minime90/mrh/2015/20150602/Images\MRH_X_20150603_053956_119.img reduced chisqr: 1.9020.
			Message:"Tolerance seems to be too small."
04/07/2021 20:06:33 PM: minime90/mrh/2015/20150602/Images\MRH_X_20150603_054351_120.img reduced chisqr: 1.8902.
			Message:"Tolerance seems to be too small."
04/07/2021 20:06:40 PM: minime90/mrh/2015/20150602/Images\MRH_X_20150603_055012_122.img reduced chisqr: 1.7143.
			Message:"Tolerance seems to be too small."
04/07/2021 20:06:46 PM: minime90/mrh/2015/20150602/Images\MRH_X_20150603_055631_124.img reduced chisqr: 1.9944.
			Message:"Tolerance seems to be too small."
04/07/2021 20:06:53 PM: minime90/mrh/2015/20150602/Images\MRH_X_20150603_055940_125.img reduced chisqr: 1.8354.
			Message:"Tolerance seems to be too small."
04/07/2021 20:06:59 PM: minime90/mrh/2015/20150602/Images\MRH_X_20150603_060249_126.img reduced chisqr: 1.8576.
			Message:"Tolerance seems to be too small."
04/07/2021 20:07:06 PM: minime90/mrh/2015/20150602/Images\MRH_X_20150603_060558_127.img reduced chisqr: 1.8054.
			Message:"Tolerance seems to be too small."
04/07/2021 20:07:12 PM: minime90/mrh/2015/20150602/Images\MRH_X_20150603_060906_128.img reduced chisqr: 1.7160.
			Message:"Tolerance seems to be too small."
04/07/2021 20:07:19 PM: minime90/mrh/2015/20150602/Images\MRH_X_20150603_061214_129.img reduced chisqr: 1.5746.
			Message:"Tolerance seems to be too small."
04/07/2021 20:07:25 PM: minime90/mrh/2015/20150602/Images\MRH_X_20150603_061610_130.img reduced chisqr: 1.8134.
			Message:"Tolerance seems to be too small."
04/07/2021 20:07:32 PM: minime90/mrh/2015/20150602/Images\MRH_X_20150603_061921_131.img reduced chisqr: 1.5997.
			Message:"Tolerance seems to be too small."
04/07/2021 20:07:38 PM: minime90/mrh/2015/20150602/Images\MRH_X_20150603_062230_132.img reduced chisqr: 1.8975.
			Message:"Tolerance seems to be too small."
04/07/2021 20:07:45 PM: minime90/mrh/2015/20150602/Images\MRH_X_20150603_063507_136.img reduced chisqr: 1.9226.
			Message:"Tolerance seems to be too small."
04/07/2021 20:07:52 PM: minime90/mrh/2015/20150602/Images\MRH_X_20150603_063815_137.img reduced chisqr: 1.8162.
			Message:"Tolerance seems to be too small."
04/07/2021 20:07:59 PM: minime90/mrh/2015/20150602/Images\MRH_X_20150603_064123_138.img reduced chisqr: 2.0110.
			Message:"Tolerance seems to be too small."
04/07/2021 20:08:06 PM: minime90/mrh/2015/20150602/Images\MRH_X_20150603_064432_139.img reduced chisqr: 1.9550.
			Message:"Tolerance seems to be too small."
04/07/2021 20:08:13 PM: minime90/mrh/2015/20150602/Images\MRH_X_20150603_064828_140.img reduced chisqr: 2.1195.
			Message:"Tolerance seems to be too small."
04/07/2021 20:08:20 PM: minime90/mrh/2015/20150602/Images\MRH_X_20150603_065139_141.img reduced chisqr: 1.6893.
			Message:"Tolerance seems to be too small."
04/07/2021 20:08:27 PM: minime90/mrh/2015/20150602/Images\MRH_X_20150603_065448_142.img reduced chisqr: 1.5773.
			Message:"Tolerance seems to be too small."
04/07/2021 20:08:34 PM: minime90/mrh/2015/20150602/Images\MRH_X_20150603_070725_146.img reduced chisqr: 1.7152.
			Message:"Tolerance seems to be too small."
04/07/2021 20:08:40 PM: minime90/mrh/2015/20150602/Images\MRH_X_20150603_071033_147.img reduced chisqr: 1.6823.
			Message:"Tolerance seems to be too small."
04/07/2021 20:08:47 PM: minime90/mrh/2015/20150602/Images\MRH_X_20150603_071341_148.img reduced chisqr: 1.6295.
			Message:"Tolerance seems to be too small."
04/07/2021 20:08:53 PM: minime90/mrh/2015/20150602/Images\MRH_X_20150603_071649_149.img reduced chisqr: 1.6591.
			Message:"Tolerance seems to be too small."
04/07/2021 20:08:59 PM: minime90/mrh/2015/20150602/Images\MRH_X_20150603_072045_150.img reduced chisqr: 1.5621.
			Message:"Tolerance seems to be too small."
04/07/2021 20:09:06 PM: minime90/mrh/2015/20150602/Images\MRH_X_20150603_072356_151.img reduced chisqr: 1.4758.
			Message:"Tolerance seems to be too small."
04/07/2021 20:09:12 PM: minime90/mrh/2015/20150602/Images\MRH_X_20150603_072705_152.img reduced chisqr: 1.6234.
			Message:"Tolerance seems to be too small."
04/07/2021 20:09:19 PM: minime90/mrh/2015/20150602/Images\MRH_X_20150603_073942_156.img reduced chisqr: 1.4241.
			Message:"Tolerance seems to be too small."
04/07/2021 20:09:25 PM: minime90/mrh/2015/20150602/Images\MRH_X_20150603_074250_157.img reduced chisqr: 1.6527.
			Message:"Tolerance seems to be too small."
04/07/2021 20:09:32 PM: minime90/mrh/2015/20150602/Images\MRH_X_20150603_074558_158.img reduced chisqr: 1.8515.
			Message:"Tolerance seems to be too small."
04/07/2021 20:09:38 PM: minime90/mrh/2015/20150602/Images\MRH_X_20150603_074906_159.img reduced chisqr: 1.6993.
			Message:"Tolerance seems to be too small."
04/07/2021 20:09:44 PM: minime90/mrh/2015/20150602/Images\MRH_X_20150603_075302_160.img reduced chisqr: 1.8700.
			Message:"Tolerance seems to be too small."
04/07/2021 20:09:51 PM: minime90/mrh/2015/20150602/Images\MRH_X_20150603_075613_161.img reduced chisqr: 1.5494.
			Message:"Tolerance seems to be too small."
04/07/2021 20:09:57 PM: minime90/mrh/2015/20150602/Images\MRH_X_20150603_075923_162.img reduced chisqr: 1.8420.
			Message:"Tolerance seems to be too small."
04/07/2021 20:10:04 PM: minime90/mrh/2015/20150602/Images\MRH_X_20150603_081200_166.img reduced chisqr: 1.7983.
			Message:"Tolerance seems to be too small."
04/07/2021 20:10:10 PM: minime90/mrh/2015/20150602/Images\MRH_X_20150603_081508_167.img reduced chisqr: 1.6165.
			Message:"Tolerance seems to be too small."
04/07/2021 20:10:16 PM: minime90/mrh/2015/20150602/Images\MRH_X_20150603_081816_168.img reduced chisqr: 1.8621.
			Message:"Tolerance seems to be too small."
04/07/2021 20:10:23 PM: minime90/mrh/2015/20150602/Images\MRH_X_20150603_082124_169.img reduced chisqr: 1.6692.
			Message:"Tolerance seems to be too small."
04/07/2021 20:10:30 PM: minime90/mrh/2015/20150602/Images\MRH_X_20150603_082519_170.img reduced chisqr: 1.5566.
			Message:"Tolerance seems to be too small."
04/07/2021 20:10:36 PM: minime90/mrh/2015/20150602/Images\MRH_X_20150603_082831_171.img reduced chisqr: 1.4689.
			Message:"Tolerance seems to be too small."
04/07/2021 20:10:42 PM: minime90/mrh/2015/20150602/Images\MRH_X_20150603_083140_172.img reduced chisqr: 1.3493.
			Message:"Tolerance seems to be too small."
04/07/2021 20:10:49 PM: minime90/mrh/2015/20150602/Images\MRH_X_20150603_083449_173.img reduced chisqr: 1.3550.
			Message:"Tolerance seems to be too small."
04/07/2021 20:10:55 PM: minime90/mrh/2015/20150602/Images\MRH_X_20150603_084416_176.img reduced chisqr: 1.6650.
			Message:"Tolerance seems to be too small."
04/07/2021 20:11:02 PM: minime90/mrh/2015/20150602/Images\MRH_X_20150603_084724_177.img reduced chisqr: 1.6258.
			Message:"Tolerance seems to be too small."
04/07/2021 20:11:09 PM: minime90/mrh/2015/20150602/Images\MRH_X_20150603_085032_178.img reduced chisqr: 1.2834.
			Message:"Tolerance seems to be too small."
04/07/2021 20:11:15 PM: minime90/mrh/2015/20150602/Images\MRH_X_20150603_085340_179.img reduced chisqr: 1.3572.
			Message:"Tolerance seems to be too small."
04/07/2021 20:11:22 PM: minime90/mrh/2015/20150602/Images\MRH_X_20150603_085736_180.img reduced chisqr: 1.3771.
			Message:"Tolerance seems to be too small."
04/07/2021 20:11:28 PM: minime90/mrh/2015/20150602/Images\MRH_X_20150603_090047_181.img reduced chisqr: 1.5803.
			Message:"Tolerance seems to be too small."
04/07/2021 20:11:35 PM: minime90/mrh/2015/20150602/Images\MRH_X_20150603_090356_182.img reduced chisqr: 1.3109.
			Message:"Tolerance seems to be too small."
04/07/2021 20:11:41 PM: minime90/mrh/2015/20150602/Images\MRH_X_20150603_090705_183.img reduced chisqr: 1.4904.
			Message:"Tolerance seems to be too small."
04/07/2021 20:11:47 PM: minime90/mrh/2015/20150602/Images\MRH_X_20150603_091633_186.img reduced chisqr: 1.4036.
			Message:"Tolerance seems to be too small."
04/07/2021 20:11:54 PM: minime90/mrh/2015/20150602/Images\MRH_X_20150603_091941_187.img reduced chisqr: 1.3430.
			Message:"Tolerance seems to be too small."
04/07/2021 20:12:00 PM: minime90/mrh/2015/20150602/Images\MRH_X_20150603_092249_188.img reduced chisqr: 1.3561.
			Message:"Tolerance seems to be too small."
04/07/2021 20:12:06 PM: minime90/mrh/2015/20150602/Images\MRH_X_20150603_092557_189.img reduced chisqr: 1.2925.
			Message:"Tolerance seems to be too small."
04/07/2021 20:12:13 PM: minime90/mrh/2015/20150602/Images\MRH_X_20150603_092953_190.img reduced chisqr: 1.2493.
			Message:"Tolerance seems to be too small."
04/07/2021 20:12:19 PM: minime90/mrh/2015/20150602/Images\MRH_X_20150603_093304_191.img reduced chisqr: 1.2592.
			Message:"Tolerance seems to be too small."
04/07/2021 20:12:26 PM: minime90/mrh/2015/20150602/Images\MRH_X_20150603_093613_192.img reduced chisqr: 1.2705.
			Message:"Tolerance seems to be too small."
04/07/2021 20:12:33 PM: minime90/mrh/2015/20150602/Images\MRH_X_20150603_093922_193.img reduced chisqr: 1.1803.
			Message:"Tolerance seems to be too small."
04/07/2021 20:12:40 PM: minime90/mrh/2015/20150602/Images\MRH_X_20150603_094850_196.img reduced chisqr: 1.2679.
			Message:"Tolerance seems to be too small."
04/07/2021 20:12:47 PM: minime90/mrh/2015/20150602/Images\MRH_X_20150603_095158_197.img reduced chisqr: 1.1322.
			Message:"Tolerance seems to be too small."
04/07/2021 20:12:54 PM: minime90/mrh/2015/20150602/Images\MRH_X_20150603_095506_198.img reduced chisqr: 1.2430.
			Message:"Tolerance seems to be too small."
04/07/2021 20:13:02 PM: minime90/mrh/2015/20150602/Images\MRH_X_20150603_095814_199.img reduced chisqr: 1.0510.
			Message:"Tolerance seems to be too small."
04/07/2021 20:13:11 PM: minime90/mrh/2015/20150602/Images\MRH_X_20150603_100209_200.img reduced chisqr: 1.3788.
			Message:"Tolerance seems to be too small."
04/07/2021 20:13:18 PM: minime90/mrh/2015/20150602/Images\MRH_X_20150603_100520_201.img reduced chisqr: 1.2575.
			Message:"Tolerance seems to be too small."
04/07/2021 20:13:25 PM: minime90/mrh/2015/20150602/Images\MRH_X_20150603_100829_202.img reduced chisqr: 1.0919.
			Message:"Tolerance seems to be too small."
04/07/2021 20:13:31 PM: minime90/mrh/2015/20150602/Images\MRH_X_20150603_101139_203.img reduced chisqr: 1.1280.
			Message:"Tolerance seems to be too small."
04/07/2021 20:13:38 PM: minime90/mrh/2015/20150602/Images\MRH_X_20150603_102106_206.img reduced chisqr: 1.1434.
			Message:"Tolerance seems to be too small."
04/07/2021 20:13:45 PM: minime90/mrh/2015/20150602/Images\MRH_X_20150603_102414_207.img reduced chisqr: 1.0956.
			Message:"Tolerance seems to be too small."
04/07/2021 20:13:51 PM: minime90/mrh/2015/20150602/Images\MRH_X_20150603_102722_208.img reduced chisqr: 1.0982.
			Message:"Tolerance seems to be too small."
04/07/2021 20:13:58 PM: minime90/mrh/2015/20150602/Images\MRH_X_20150603_103030_209.img reduced chisqr: 1.1951.
			Message:"Tolerance seems to be too small."
04/07/2021 20:14:04 PM: minime90/mrh/2015/20150602/Images\MRH_X_20150603_103426_210.img reduced chisqr: 1.2500.
			Message:"Tolerance seems to be too small."
04/07/2021 20:14:11 PM: minime90/mrh/2015/20150602/Images\MRH_X_20150603_103737_211.img reduced chisqr: 1.2019.
			Message:"Tolerance seems to be too small."
04/07/2021 20:14:11 PM: WARNING: Exposure time is not changing.
04/07/2021 20:14:11 PM: Created diagnostic plots.
04/07/2021 20:14:11 PM: Laser and sky image analysis complete.
04/07/2021 20:14:11 PM: No Boltwood cloud sensor data found.
04/07/2021 20:14:11 PM: No X300 temperature sensor data found.
04/07/2021 20:14:11 PM:  Quality Flag Calculation:
		Manual Wind Flag: 0
		Manual Temperature Flag: 0
		Laser Drift: False
		Sample-specific flags:
		Images\MRH_X_20150602_234841_010.img [no cloud data W1T1] [FINAL: W1T1]
		Images\MRH_X_20150602_235152_011.img [no cloud data W1T1] [FINAL: W1T1]
		Images\MRH_X_20150602_235810_013.img [no cloud data W1T1] [FINAL: W1T1]
		Images\MRH_X_20150603_000120_014.img [no cloud data W1T1] [FINAL: W1T1]
		Images\MRH_X_20150603_000429_015.img [no cloud data W1T1] [FINAL: W1T1]
		Images\MRH_X_20150603_000738_016.img [no cloud data W1T1] [FINAL: W1T1]
		Images\MRH_X_20150603_001046_017.img [no cloud data W1T1] [FINAL: W1T1]
		Images\MRH_X_20150603_001354_018.img [no cloud data W1T1] [FINAL: W1T1]
		Images\MRH_X_20150603_001701_019.img [no cloud data W1T1] [FINAL: W1T1]
		Images\MRH_X_20150603_002058_020.img [no cloud data W1T1] [FINAL: W1T1]
		Images\MRH_X_20150603_002409_021.img [no cloud data W1T1] [FINAL: W1T1]
		Images\MRH_X_20150603_003027_023.img [no cloud data W1T1] [FINAL: W1T1]
		Images\MRH_X_20150603_003337_024.img [no cloud data W1T1] [FINAL: W1T1]
		Images\MRH_X_20150603_003645_025.img [no cloud data W1T1] [FINAL: W1T1]
		Images\MRH_X_20150603_003955_026.img [no cloud data W1T1] [FINAL: W1T1]
		Images\MRH_X_20150603_004302_027.img [no cloud data W1T1] [FINAL: W1T1]
		Images\MRH_X_20150603_004610_028.img [no cloud data W1T1] [FINAL: W1T1]
		Images\MRH_X_20150603_004918_029.img [no cloud data W1T1] [FINAL: W1T1]
		Images\MRH_X_20150603_005314_030.img [no cloud data W1T1] [FINAL: W1T1]
		Images\MRH_X_20150603_005625_031.img [no cloud data W1T1] [FINAL: W1T1]
		Images\MRH_X_20150603_010243_033.img [no cloud data W1T1] [FINAL: W1T1]
		Images\MRH_X_20150603_010553_034.img [no cloud data W1T1] [FINAL: W1T1]
		Images\MRH_X_20150603_010902_035.img [no cloud data W1T1] [FINAL: W1T1]
		Images\MRH_X_20150603_011211_036.img [no cloud data W1T1] [FINAL: W1T1]
		Images\MRH_X_20150603_011519_037.img [no cloud data W1T1] [FINAL: W1T1]
		Images\MRH_X_20150603_011827_038.img [no cloud data W1T1] [FINAL: W1T1]
		Images\MRH_X_20150603_012135_039.img [no cloud data W1T1] [FINAL: W1T1]
		Images\MRH_X_20150603_012530_040.img [no cloud data W1T1] [FINAL: W1T1]
		Images\MRH_X_20150603_012842_041.img [no cloud data W1T1] [FINAL: W1T1]
		Images\MRH_X_20150603_013500_043.img [no cloud data W1T1] [FINAL: W1T1]
		Images\MRH_X_20150603_013810_044.img [no cloud data W1T1] [FINAL: W1T1]
		Images\MRH_X_20150603_014119_045.img [no cloud data W1T1] [FINAL: W1T1]
		Images\MRH_X_20150603_014428_046.img [no cloud data W1T1] [FINAL: W1T1]
		Images\MRH_X_20150603_014735_047.img [no cloud data W1T1] [FINAL: W1T1]
		Images\MRH_X_20150603_015043_048.img [no cloud data W1T1] [FINAL: W1T1]
		Images\MRH_X_20150603_015351_049.img [no cloud data W1T1] [FINAL: W1T1]
		Images\MRH_X_20150603_015747_050.img [no cloud data W1T1] [FINAL: W1T1]
		Images\MRH_X_20150603_020717_053.img [no cloud data W1T1] [FINAL: W1T1]
		Images\MRH_X_20150603_021026_054.img [no cloud data W1T1] [FINAL: W1T1]
		Images\MRH_X_20150603_021335_055.img [no cloud data W1T1] [FINAL: W1T1]
		Images\MRH_X_20150603_021644_056.img [no cloud data W1T1] [FINAL: W1T1]
		Images\MRH_X_20150603_021952_057.img [no cloud data W1T1] [FINAL: W1T1]
		Images\MRH_X_20150603_022300_058.img [no cloud data W1T1] [FINAL: W1T1]
		Images\MRH_X_20150603_022608_059.img [no cloud data W1T1] [FINAL: W1T1]
		Images\MRH_X_20150603_023004_060.img [no cloud data W1T1] [FINAL: W1T1]
		Images\MRH_X_20150603_023934_063.img [no cloud data W1T1] [FINAL: W1T1]
		Images\MRH_X_20150603_024243_064.img [no cloud data W1T1] [FINAL: W1T1]
		Images\MRH_X_20150603_024552_065.img [no cloud data W1T1] [FINAL: W1T1]
		Images\MRH_X_20150603_024901_066.img [no cloud data W1T1] [FINAL: W1T1]
		Images\MRH_X_20150603_025209_067.img [no cloud data W1T1] [FINAL: W1T1]
		Images\MRH_X_20150603_025517_068.img [no cloud data W1T1] [FINAL: W1T1]
		Images\MRH_X_20150603_025825_069.img [no cloud data W1T1] [FINAL: W1T1]
		Images\MRH_X_20150603_030221_070.img [no cloud data W1T1] [FINAL: W1T1]
		Images\MRH_X_20150603_031501_074.img [no cloud data W1T1] [FINAL: W1T1]
		Images\MRH_X_20150603_031810_075.img [no cloud data W1T1] [FINAL: W1T1]
		Images\MRH_X_20150603_032119_076.img [no cloud data W1T1] [FINAL: W1T1]
		Images\MRH_X_20150603_032427_077.img [no cloud data W1T1] [FINAL: W1T1]
		Images\MRH_X_20150603_032735_078.img [no cloud data W1T1] [FINAL: W1T1]
		Images\MRH_X_20150603_033043_079.img [no cloud data W1T1] [FINAL: W1T1]
		Images\MRH_X_20150603_033439_080.img [no cloud data W1T1] [FINAL: W1T1]
		Images\MRH_X_20150603_034718_084.img [no cloud data W1T1] [FINAL: W1T1]
		Images\MRH_X_20150603_035028_085.img [no cloud data W1T1] [FINAL: W1T1]
		Images\MRH_X_20150603_035337_086.img [no cloud data W1T1] [FINAL: W1T1]
		Images\MRH_X_20150603_035645_087.img [no cloud data W1T1] [FINAL: W1T1]
		Images\MRH_X_20150603_035953_088.img [no cloud data W1T1] [FINAL: W1T1]
		Images\MRH_X_20150603_040301_089.img [no cloud data W1T1] [FINAL: W1T1]
		Images\MRH_X_20150603_040657_090.img [no cloud data W1T1] [FINAL: W1T1]
		Images\MRH_X_20150603_041936_094.img [no cloud data W1T1] [FINAL: W1T1]
		Images\MRH_X_20150603_042246_095.img [no cloud data W1T1] [FINAL: W1T1]
		Images\MRH_X_20150603_042555_096.img [no cloud data W1T1] [FINAL: W1T1]
		Images\MRH_X_20150603_042903_097.img [no cloud data W1T1] [FINAL: W1T1]
		Images\MRH_X_20150603_043211_098.img [no cloud data W1T1] [FINAL: W1T1]
		Images\MRH_X_20150603_043519_099.img [no cloud data W1T1] [FINAL: W1T1]
		Images\MRH_X_20150603_043915_100.img [no cloud data W1T1] [FINAL: W1T1]
		Images\MRH_X_20150603_044536_102.img [no cloud data W1T1] [FINAL: W1T1]
		Images\MRH_X_20150603_045155_104.img [no cloud data W1T1] [FINAL: W1T1]
		Images\MRH_X_20150603_045504_105.img [no cloud data W1T1] [FINAL: W1T1]
		Images\MRH_X_20150603_045813_106.img [no cloud data W1T1] [FINAL: W1T1]
		Images\MRH_X_20150603_050121_107.img [no cloud data W1T1] [FINAL: W1T1]
		Images\MRH_X_20150603_050429_108.img [no cloud data W1T1] [FINAL: W1T1]
		Images\MRH_X_20150603_050737_109.img [no cloud data W1T1] [FINAL: W1T1]
		Images\MRH_X_20150603_051133_110.img [no cloud data W1T1] [FINAL: W1T1]
		Images\MRH_X_20150603_051754_112.img [no cloud data W1T1] [FINAL: W1T1]
		Images\MRH_X_20150603_052413_114.img [no cloud data W1T1] [sigma_T large: W2T2] [FINAL: W2T2]
		Images\MRH_X_20150603_052722_115.img [no cloud data W1T1] [sigma_T large: W2T2] [FINAL: W2T2]
		Images\MRH_X_20150603_053031_116.img [no cloud data W1T1] [FINAL: W1T1]
		Images\MRH_X_20150603_053339_117.img [no cloud data W1T1] [FINAL: W1T1]
		Images\MRH_X_20150603_053647_118.img [no cloud data W1T1] [FINAL: W1T1]
		Images\MRH_X_20150603_053956_119.img [no cloud data W1T1] [sigma_T large: W2T2] [FINAL: W2T2]
		Images\MRH_X_20150603_054351_120.img [no cloud data W1T1] [sigma_T large: W2T2] [FINAL: W2T2]
		Images\MRH_X_20150603_055012_122.img [no cloud data W1T1] [sigma_T large: W2T2] [FINAL: W2T2]
		Images\MRH_X_20150603_055631_124.img [no cloud data W1T1] [sigma_T large: W2T2] [FINAL: W2T2]
		Images\MRH_X_20150603_055940_125.img [no cloud data W1T1] [sigma_T large: W2T2] [FINAL: W2T2]
		Images\MRH_X_20150603_060249_126.img [no cloud data W1T1] [sigma_T large: W2T2] [FINAL: W2T2]
		Images\MRH_X_20150603_060558_127.img [no cloud data W1T1] [sigma_T large: W2T2] [FINAL: W2T2]
		Images\MRH_X_20150603_060906_128.img [no cloud data W1T1] [sigma_T large: W2T2] [FINAL: W2T2]
		Images\MRH_X_20150603_061214_129.img [no cloud data W1T1] [sigma_T large: W2T2] [FINAL: W2T2]
		Images\MRH_X_20150603_061610_130.img [no cloud data W1T1] [sigma_T large: W2T2] [FINAL: W2T2]
		Images\MRH_X_20150603_061921_131.img [no cloud data W1T1] [sigma_T large: W2T2] [FINAL: W2T2]
		Images\MRH_X_20150603_062230_132.img [no cloud data W1T1] [sigma_T large: W2T2] [FINAL: W2T2]
		Images\MRH_X_20150603_063507_136.img [no cloud data W1T1] [sigma_T large: W2T2] [FINAL: W2T2]
		Images\MRH_X_20150603_063815_137.img [no cloud data W1T1] [sigma_T large: W2T2] [FINAL: W2T2]
		Images\MRH_X_20150603_064123_138.img [no cloud data W1T1] [sigma_T large: W2T2] [FINAL: W2T2]
		Images\MRH_X_20150603_064432_139.img [no cloud data W1T1] [sigma_T large: W2T2] [FINAL: W2T2]
		Images\MRH_X_20150603_064828_140.img [no cloud data W1T1] [sigma_T large: W2T2] [FINAL: W2T2]
		Images\MRH_X_20150603_065139_141.img [no cloud data W1T1] [sigma_T large: W2T2] [FINAL: W2T2]
		Images\MRH_X_20150603_065448_142.img [no cloud data W1T1] [sigma_T large: W2T2] [FINAL: W2T2]
		Images\MRH_X_20150603_070725_146.img [no cloud data W1T1] [sigma_T large: W2T2] [FINAL: W2T2]
		Images\MRH_X_20150603_071033_147.img [no cloud data W1T1] [sigma_T large: W2T2] [FINAL: W2T2]
		Images\MRH_X_20150603_071341_148.img [no cloud data W1T1] [sigma_T large: W2T2] [FINAL: W2T2]
		Images\MRH_X_20150603_071649_149.img [no cloud data W1T1] [sigma_T large: W2T2] [FINAL: W2T2]
		Images\MRH_X_20150603_072045_150.img [no cloud data W1T1] [sigma_T large: W2T2] [FINAL: W2T2]
		Images\MRH_X_20150603_072356_151.img [no cloud data W1T1] [sigma_T large: W2T2] [FINAL: W2T2]
		Images\MRH_X_20150603_072705_152.img [no cloud data W1T1] [sigma_T large: W2T2] [FINAL: W2T2]
		Images\MRH_X_20150603_073942_156.img [no cloud data W1T1] [sigma_T large: W2T2] [FINAL: W2T2]
		Images\MRH_X_20150603_074250_157.img [no cloud data W1T1] [sigma_T large: W2T2] [FINAL: W2T2]
		Images\MRH_X_20150603_074558_158.img [no cloud data W1T1] [sigma_T large: W2T2] [FINAL: W2T2]
		Images\MRH_X_20150603_074906_159.img [no cloud data W1T1] [sigma_T large: W2T2] [FINAL: W2T2]
		Images\MRH_X_20150603_075302_160.img [no cloud data W1T1] [sigma_T large: W2T2] [FINAL: W2T2]
		Images\MRH_X_20150603_075613_161.img [no cloud data W1T1] [sigma_T large: W2T2] [FINAL: W2T2]
		Images\MRH_X_20150603_075923_162.img [no cloud data W1T1] [sigma_T large: W2T2] [FINAL: W2T2]
		Images\MRH_X_20150603_081200_166.img [no cloud data W1T1] [sigma_T large: W2T2] [FINAL: W2T2]
		Images\MRH_X_20150603_081508_167.img [no cloud data W1T1] [sigma_T large: W2T2] [FINAL: W2T2]
		Images\MRH_X_20150603_081816_168.img [no cloud data W1T1] [sigma_T large: W2T2] [FINAL: W2T2]
		Images\MRH_X_20150603_082124_169.img [no cloud data W1T1] [sigma_T large: W2T2] [FINAL: W2T2]
		Images\MRH_X_20150603_082519_170.img [no cloud data W1T1] [sigma_T large: W2T2] [FINAL: W2T2]
		Images\MRH_X_20150603_082831_171.img [no cloud data W1T1] [sigma_T large: W2T2] [FINAL: W2T2]
		Images\MRH_X_20150603_083140_172.img [no cloud data W1T1] [sigma_T large: W2T2] [FINAL: W2T2]
		Images\MRH_X_20150603_083449_173.img [no cloud data W1T1] [sigma_T large: W2T2] [FINAL: W2T2]
		Images\MRH_X_20150603_084416_176.img [no cloud data W1T1] [sigma_T large: W2T2] [FINAL: W2T2]
		Images\MRH_X_20150603_084724_177.img [no cloud data W1T1] [sigma_T large: W2T2] [FINAL: W2T2]
		Images\MRH_X_20150603_085032_178.img [no cloud data W1T1] [sigma_T large: W2T2] [FINAL: W2T2]
		Images\MRH_X_20150603_085340_179.img [no cloud data W1T1] [sigma_T large: W2T2] [FINAL: W2T2]
		Images\MRH_X_20150603_085736_180.img [no cloud data W1T1] [sigma_T large: W2T2] [FINAL: W2T2]
		Images\MRH_X_20150603_090047_181.img [no cloud data W1T1] [sigma_T large: W2T2] [FINAL: W2T2]
		Images\MRH_X_20150603_090356_182.img [no cloud data W1T1] [sigma_T large: W2T2] [FINAL: W2T2]
		Images\MRH_X_20150603_090705_183.img [no cloud data W1T1] [sigma_T large: W2T2] [FINAL: W2T2]
		Images\MRH_X_20150603_091633_186.img [no cloud data W1T1] [sigma_T large: W2T2] [FINAL: W2T2]
		Images\MRH_X_20150603_091941_187.img [no cloud data W1T1] [sigma_T large: W2T2] [FINAL: W2T2]
		Images\MRH_X_20150603_092249_188.img [no cloud data W1T1] [sigma_T large: W2T2] [FINAL: W2T2]
		Images\MRH_X_20150603_092557_189.img [no cloud data W1T1] [sigma_T large: W2T2] [FINAL: W2T2]
		Images\MRH_X_20150603_092953_190.img [no cloud data W1T1] [sigma_T large: W2T2] [FINAL: W2T2]
		Images\MRH_X_20150603_093304_191.img [no cloud data W1T1] [sigma_T large: W2T2] [FINAL: W2T2]
		Images\MRH_X_20150603_093613_192.img [no cloud data W1T1] [sigma_T large: W2T2] [FINAL: W2T2]
		Images\MRH_X_20150603_093922_193.img [no cloud data W1T1] [sigma_T large: W2T2] [FINAL: W2T2]
		Images\MRH_X_20150603_094850_196.img [no cloud data W1T1] [sigma_T large: W2T2] [FINAL: W2T2]
		Images\MRH_X_20150603_095158_197.img [no cloud data W1T1] [sigma_T large: W2T2] [FINAL: W2T2]
		Images\MRH_X_20150603_095506_198.img [no cloud data W1T1] [sigma_T large: W2T2] [FINAL: W2T2]
		Images\MRH_X_20150603_095814_199.img [no cloud data W1T1] [sigma_T large: W2T2] [FINAL: W2T2]
		Images\MRH_X_20150603_100209_200.img [no cloud data W1T1] [sigma_T large: W2T2] [FINAL: W2T2]
		Images\MRH_X_20150603_100520_201.img [no cloud data W1T1] [sigma_T large: W2T2] [FINAL: W2T2]
		Images\MRH_X_20150603_100829_202.img [no cloud data W1T1] [sigma_T large: W2T2] [FINAL: W2T2]
		Images\MRH_X_20150603_101139_203.img [no cloud data W1T1] [sigma_T large: W2T2] [FINAL: W2T2]
		Images\MRH_X_20150603_102106_206.img [no cloud data W1T1] [FINAL: W1T1]
		Images\MRH_X_20150603_102414_207.img [no cloud data W1T1] [FINAL: W1T1]
		Images\MRH_X_20150603_102722_208.img [no cloud data W1T1] [FINAL: W1T1]
		Images\MRH_X_20150603_103030_209.img [no cloud data W1T1] [FINAL: W1T1]
		Images\MRH_X_20150603_103426_210.img [no cloud data W1T1] [FINAL: W1T1]
		Images\MRH_X_20150603_103737_211.img [no cloud data W1T1] [FINAL: W1T1]
04/07/2021 20:14:11 PM: Results saved to results/minime90_mrh_20150602.npz
