04/08/2021 02:03:44 AM: Logfile Created
04/08/2021 02:03:44 AM: Sun up during minime90/mrh/2015/20150622/Images\MRH_L_20150622_231508_001.img. Ignoring this image...
04/08/2021 02:03:44 AM: minime90/mrh/2015/20150622/Images\MRH_L_20150622_235139_002.img center: 257.46, 254.48
04/08/2021 02:03:45 AM: minime90/mrh/2015/20150622/Images\MRH_L_20150623_002357_003.img center: 257.47, 254.49
04/08/2021 02:03:45 AM: minime90/mrh/2015/20150622/Images\MRH_L_20150623_005615_004.img center: 257.49, 254.50
04/08/2021 02:03:45 AM: minime90/mrh/2015/20150622/Images\MRH_L_20150623_012833_005.img center: 257.49, 254.51
04/08/2021 02:03:45 AM: minime90/mrh/2015/20150622/Images\MRH_L_20150623_020050_006.img center: 257.50, 254.52
04/08/2021 02:03:46 AM: minime90/mrh/2015/20150622/Images\MRH_L_20150623_023308_007.img center: 257.51, 254.53
04/08/2021 02:03:46 AM: minime90/mrh/2015/20150622/Images\MRH_L_20150623_030526_008.img center: 257.57, 254.53
04/08/2021 02:03:46 AM: minime90/mrh/2015/20150622/Images\MRH_L_20150623_033744_009.img center: 257.54, 254.53
04/08/2021 02:03:47 AM: minime90/mrh/2015/20150622/Images\MRH_L_20150623_041002_010.img center: 257.49, 254.52
04/08/2021 02:03:47 AM: minime90/mrh/2015/20150622/Images\MRH_L_20150623_044220_011.img center: 257.50, 254.54
04/08/2021 02:03:47 AM: minime90/mrh/2015/20150622/Images\MRH_L_20150623_051437_012.img center: 257.46, 254.54
04/08/2021 02:03:47 AM: minime90/mrh/2015/20150622/Images\MRH_L_20150623_054655_013.img center: 257.42, 254.57
04/08/2021 02:03:48 AM: minime90/mrh/2015/20150622/Images\MRH_L_20150623_061913_014.img center: 257.50, 254.53
04/08/2021 02:03:48 AM: minime90/mrh/2015/20150622/Images\MRH_L_20150623_065131_015.img center: 257.49, 254.55
04/08/2021 02:03:48 AM: minime90/mrh/2015/20150622/Images\MRH_L_20150623_072349_016.img center: 257.50, 254.54
04/08/2021 02:03:48 AM: minime90/mrh/2015/20150622/Images\MRH_L_20150623_075606_017.img center: 257.50, 254.58
04/08/2021 02:03:49 AM: minime90/mrh/2015/20150622/Images\MRH_L_20150623_082824_018.img center: 257.47, 254.63
04/08/2021 02:03:49 AM: minime90/mrh/2015/20150622/Images\MRH_L_20150623_090042_019.img center: 257.46, 254.62
04/08/2021 02:03:49 AM: minime90/mrh/2015/20150622/Images\MRH_L_20150623_093300_020.img center: 257.42, 254.61
04/08/2021 02:03:49 AM: minime90/mrh/2015/20150622/Images\MRH_L_20150623_100518_021.img center: 257.46, 254.62
04/08/2021 02:03:50 AM: minime90/mrh/2015/20150622/Images\MRH_L_20150623_103736_022.img center: 257.36, 254.64
04/08/2021 02:03:50 AM: minime90/mrh/2015/20150622/Images\MRH_L_20150623_104756_212.img center: 257.41, 254.62
04/08/2021 02:03:52 AM: minime90/mrh/2015/20150622/Images\MRH_L_20150622_235139_002.img reduced chisqr: 4.7846
04/08/2021 02:03:55 AM: minime90/mrh/2015/20150622/Images\MRH_L_20150623_002357_003.img reduced chisqr: 4.1004
04/08/2021 02:03:58 AM: minime90/mrh/2015/20150622/Images\MRH_L_20150623_005615_004.img reduced chisqr: 4.2593
04/08/2021 02:04:01 AM: minime90/mrh/2015/20150622/Images\MRH_L_20150623_012833_005.img reduced chisqr: 4.8012
04/08/2021 02:04:04 AM: minime90/mrh/2015/20150622/Images\MRH_L_20150623_020050_006.img reduced chisqr: 4.7209
04/08/2021 02:04:06 AM: minime90/mrh/2015/20150622/Images\MRH_L_20150623_023308_007.img reduced chisqr: 4.8335
04/08/2021 02:04:09 AM: minime90/mrh/2015/20150622/Images\MRH_L_20150623_030526_008.img reduced chisqr: 5.7922
04/08/2021 02:04:12 AM: minime90/mrh/2015/20150622/Images\MRH_L_20150623_033744_009.img reduced chisqr: 4.3189
04/08/2021 02:04:15 AM: minime90/mrh/2015/20150622/Images\MRH_L_20150623_041002_010.img reduced chisqr: 4.5669
04/08/2021 02:04:17 AM: minime90/mrh/2015/20150622/Images\MRH_L_20150623_044220_011.img reduced chisqr: 5.1971
04/08/2021 02:04:20 AM: minime90/mrh/2015/20150622/Images\MRH_L_20150623_051437_012.img reduced chisqr: 5.0787
04/08/2021 02:04:23 AM: minime90/mrh/2015/20150622/Images\MRH_L_20150623_054655_013.img reduced chisqr: 4.7921
04/08/2021 02:04:26 AM: minime90/mrh/2015/20150622/Images\MRH_L_20150623_061913_014.img reduced chisqr: 5.1723
04/08/2021 02:04:29 AM: minime90/mrh/2015/20150622/Images\MRH_L_20150623_065131_015.img reduced chisqr: 6.0481
04/08/2021 02:04:32 AM: minime90/mrh/2015/20150622/Images\MRH_L_20150623_072349_016.img reduced chisqr: 5.0560
04/08/2021 02:04:35 AM: minime90/mrh/2015/20150622/Images\MRH_L_20150623_075606_017.img reduced chisqr: 7.6923
04/08/2021 02:04:37 AM: minime90/mrh/2015/20150622/Images\MRH_L_20150623_082824_018.img reduced chisqr: 4.5835
04/08/2021 02:04:40 AM: minime90/mrh/2015/20150622/Images\MRH_L_20150623_090042_019.img reduced chisqr: 5.2951
04/08/2021 02:04:43 AM: minime90/mrh/2015/20150622/Images\MRH_L_20150623_093300_020.img reduced chisqr: 4.0081
04/08/2021 02:04:45 AM: minime90/mrh/2015/20150622/Images\MRH_L_20150623_100518_021.img reduced chisqr: 5.4234
04/08/2021 02:04:48 AM: minime90/mrh/2015/20150622/Images\MRH_L_20150623_103736_022.img reduced chisqr: 4.1457
04/08/2021 02:04:51 AM: minime90/mrh/2015/20150622/Images\MRH_L_20150623_104756_212.img reduced chisqr: 4.3142
04/08/2021 02:04:51 AM: minime90/mrh/2015/20150622/Images\MRH_X_20150622_232312_001.img not bounded by laser images. Ignoring this image...
04/08/2021 02:04:51 AM: minime90/mrh/2015/20150622/Images\MRH_X_20150622_232622_002.img not bounded by laser images. Ignoring this image...
04/08/2021 02:04:51 AM: minime90/mrh/2015/20150622/Images\MRH_X_20150622_232931_003.img not bounded by laser images. Ignoring this image...
04/08/2021 02:04:51 AM: minime90/mrh/2015/20150622/Images\MRH_X_20150622_233241_004.img not bounded by laser images. Ignoring this image...
04/08/2021 02:04:51 AM: minime90/mrh/2015/20150622/Images\MRH_X_20150622_233550_005.img not bounded by laser images. Ignoring this image...
04/08/2021 02:04:51 AM: minime90/mrh/2015/20150622/Images\MRH_X_20150622_233859_006.img not bounded by laser images. Ignoring this image...
04/08/2021 02:04:51 AM: minime90/mrh/2015/20150622/Images\MRH_X_20150622_234207_007.img not bounded by laser images. Ignoring this image...
04/08/2021 02:04:51 AM: minime90/mrh/2015/20150622/Images\MRH_X_20150622_234516_008.img not bounded by laser images. Ignoring this image...
04/08/2021 02:04:51 AM: minime90/mrh/2015/20150622/Images\MRH_X_20150622_234824_009.img not bounded by laser images. Ignoring this image...
04/08/2021 02:04:51 AM: minime90/mrh/2015/20150622/Images\MRH_X_20150623_000150_013.img is looking too close to the moon (33.1 deg). Ignoring this image...
04/08/2021 02:04:51 AM: minime90/mrh/2015/20150622/Images\MRH_X_20150623_000808_015.img is looking too close to the moon (19.8 deg). Ignoring this image...
04/08/2021 02:04:51 AM: minime90/mrh/2015/20150622/Images\MRH_X_20150623_001117_016.img is looking too close to the moon (15.6 deg). Ignoring this image...
04/08/2021 02:04:51 AM: minime90/mrh/2015/20150622/Images\MRH_X_20150623_001425_017.img is looking too close to the moon (15.6 deg). Ignoring this image...
04/08/2021 02:04:51 AM: minime90/mrh/2015/20150622/Images\MRH_X_20150623_001734_018.img is looking too close to the moon (15.6 deg). Ignoring this image...
04/08/2021 02:04:51 AM: minime90/mrh/2015/20150622/Images\MRH_X_20150623_002042_019.img is looking too close to the moon (15.7 deg). Ignoring this image...
04/08/2021 02:04:51 AM: minime90/mrh/2015/20150622/Images\MRH_X_20150623_004026_025.img is looking too close to the moon (14.6 deg). Ignoring this image...
04/08/2021 02:04:51 AM: minime90/mrh/2015/20150622/Images\MRH_X_20150623_004336_026.img is looking too close to the moon (17.1 deg). Ignoring this image...
04/08/2021 02:04:51 AM: minime90/mrh/2015/20150622/Images\MRH_X_20150623_004644_027.img is looking too close to the moon (17.5 deg). Ignoring this image...
04/08/2021 02:04:51 AM: minime90/mrh/2015/20150622/Images\MRH_X_20150623_004952_028.img is looking too close to the moon (17.8 deg). Ignoring this image...
04/08/2021 02:04:51 AM: minime90/mrh/2015/20150622/Images\MRH_X_20150623_005300_029.img is looking too close to the moon (18.2 deg). Ignoring this image...
04/08/2021 02:04:51 AM: minime90/mrh/2015/20150622/Images\MRH_X_20150623_011245_035.img is looking too close to the moon (12.7 deg). Ignoring this image...
04/08/2021 02:04:51 AM: minime90/mrh/2015/20150622/Images\MRH_X_20150623_011554_036.img is looking too close to the moon (21.4 deg). Ignoring this image...
04/08/2021 02:04:51 AM: minime90/mrh/2015/20150622/Images\MRH_X_20150623_011902_037.img is looking too close to the moon (22.0 deg). Ignoring this image...
04/08/2021 02:04:51 AM: minime90/mrh/2015/20150622/Images\MRH_X_20150623_012210_038.img is looking too close to the moon (22.5 deg). Ignoring this image...
04/08/2021 02:04:51 AM: minime90/mrh/2015/20150622/Images\MRH_X_20150623_012518_039.img is looking too close to the moon (23.0 deg). Ignoring this image...
04/08/2021 02:04:51 AM: minime90/mrh/2015/20150622/Images\MRH_X_20150623_014502_045.img is looking too close to the moon (15.3 deg). Ignoring this image...
04/08/2021 02:04:51 AM: minime90/mrh/2015/20150622/Images\MRH_X_20150623_014811_046.img is looking too close to the moon (27.4 deg). Ignoring this image...
04/08/2021 02:04:51 AM: minime90/mrh/2015/20150622/Images\MRH_X_20150623_015119_047.img is looking too close to the moon (28.0 deg). Ignoring this image...
04/08/2021 02:04:51 AM: minime90/mrh/2015/20150622/Images\MRH_X_20150623_015427_048.img is looking too close to the moon (28.6 deg). Ignoring this image...
04/08/2021 02:04:51 AM: minime90/mrh/2015/20150622/Images\MRH_X_20150623_015735_049.img is looking too close to the moon (29.3 deg). Ignoring this image...
04/08/2021 02:04:51 AM: minime90/mrh/2015/20150622/Images\MRH_X_20150623_021720_055.img is looking too close to the moon (20.7 deg). Ignoring this image...
04/08/2021 02:04:51 AM: minime90/mrh/2015/20150622/Images\MRH_X_20150623_022029_056.img is looking too close to the moon (33.9 deg). Ignoring this image...
04/08/2021 02:04:51 AM: minime90/mrh/2015/20150622/Images\MRH_X_20150623_022337_057.img is looking too close to the moon (34.6 deg). Ignoring this image...
04/08/2021 02:04:51 AM: minime90/mrh/2015/20150622/Images\MRH_X_20150623_022645_058.img is looking too close to the moon (35.3 deg). Ignoring this image...
04/08/2021 02:04:51 AM: minime90/mrh/2015/20150622/Images\MRH_X_20150623_022953_059.img is looking too close to the moon (35.9 deg). Ignoring this image...
04/08/2021 02:04:51 AM: minime90/mrh/2015/20150622/Images\MRH_X_20150623_024938_065.img is looking too close to the moon (27.4 deg). Ignoring this image...
04/08/2021 02:04:51 AM: minime90/mrh/2015/20150622/Images\MRH_X_20150623_032156_075.img is looking too close to the moon (34.5 deg). Ignoring this image...
04/08/2021 02:04:58 AM: minime90/mrh/2015/20150622/Images\MRH_X_20150622_235220_010.img reduced chisqr: 1.4907.
			Message:"Tolerance seems to be too small."
04/08/2021 02:05:04 AM: minime90/mrh/2015/20150622/Images\MRH_X_20150622_235531_011.img reduced chisqr: 1.4759.
			Message:"Tolerance seems to be too small."
04/08/2021 02:05:11 AM: minime90/mrh/2015/20150622/Images\MRH_X_20150622_235840_012.img reduced chisqr: 1.3108.
			Message:"Tolerance seems to be too small."
04/08/2021 02:05:17 AM: minime90/mrh/2015/20150622/Images\MRH_X_20150623_000459_014.img reduced chisqr: 1.5151.
			Message:"Tolerance seems to be too small."
04/08/2021 02:05:23 AM: minime90/mrh/2015/20150622/Images\MRH_X_20150623_002438_020.img reduced chisqr: 1.5110.
			Message:"Tolerance seems to be too small."
04/08/2021 02:05:30 AM: minime90/mrh/2015/20150622/Images\MRH_X_20150623_002749_021.img reduced chisqr: 1.6316.
			Message:"Tolerance seems to be too small."
04/08/2021 02:05:36 AM: minime90/mrh/2015/20150622/Images\MRH_X_20150623_003059_022.img reduced chisqr: 1.3298.
			Message:"Tolerance seems to be too small."
04/08/2021 02:05:43 AM: minime90/mrh/2015/20150622/Images\MRH_X_20150623_003408_023.img reduced chisqr: 1.9134.
			Message:"Tolerance seems to be too small."
04/08/2021 02:05:49 AM: minime90/mrh/2015/20150622/Images\MRH_X_20150623_003717_024.img reduced chisqr: 1.5740.
			Message:"Tolerance seems to be too small."
04/08/2021 02:05:56 AM: minime90/mrh/2015/20150622/Images\MRH_X_20150623_005656_030.img reduced chisqr: 1.5432.
			Message:"Tolerance seems to be too small."
04/08/2021 02:06:02 AM: minime90/mrh/2015/20150622/Images\MRH_X_20150623_010008_031.img reduced chisqr: 1.3670.
			Message:"Tolerance seems to be too small."
04/08/2021 02:06:09 AM: minime90/mrh/2015/20150622/Images\MRH_X_20150623_010317_032.img reduced chisqr: 1.2050.
			Message:"Tolerance seems to be too small."
04/08/2021 02:06:15 AM: minime90/mrh/2015/20150622/Images\MRH_X_20150623_010626_033.img reduced chisqr: 1.2307.
			Message:"Tolerance seems to be too small."
04/08/2021 02:06:22 AM: minime90/mrh/2015/20150622/Images\MRH_X_20150623_010936_034.img reduced chisqr: 1.1877.
			Message:"Tolerance seems to be too small."
04/08/2021 02:06:28 AM: minime90/mrh/2015/20150622/Images\MRH_X_20150623_012914_040.img reduced chisqr: 1.0531.
			Message:"Tolerance seems to be too small."
04/08/2021 02:06:35 AM: minime90/mrh/2015/20150622/Images\MRH_X_20150623_013225_041.img reduced chisqr: 1.1470.
			Message:"Tolerance seems to be too small."
04/08/2021 02:06:41 AM: minime90/mrh/2015/20150622/Images\MRH_X_20150623_013534_042.img reduced chisqr: 1.2053.
			Message:"Tolerance seems to be too small."
04/08/2021 02:06:48 AM: minime90/mrh/2015/20150622/Images\MRH_X_20150623_013844_043.img reduced chisqr: 1.0957.
			Message:"Tolerance seems to be too small."
04/08/2021 02:06:54 AM: minime90/mrh/2015/20150622/Images\MRH_X_20150623_014153_044.img reduced chisqr: 1.0486.
			Message:"Tolerance seems to be too small."
04/08/2021 02:07:01 AM: minime90/mrh/2015/20150622/Images\MRH_X_20150623_020132_050.img reduced chisqr: 0.9064.
			Message:"Tolerance seems to be too small."
04/08/2021 02:07:07 AM: minime90/mrh/2015/20150622/Images\MRH_X_20150623_020443_051.img reduced chisqr: 0.9776.
			Message:"Tolerance seems to be too small."
04/08/2021 02:07:13 AM: minime90/mrh/2015/20150622/Images\MRH_X_20150623_020752_052.img reduced chisqr: 1.0286.
			Message:"Tolerance seems to be too small."
04/08/2021 02:07:20 AM: minime90/mrh/2015/20150622/Images\MRH_X_20150623_021101_053.img reduced chisqr: 1.1230.
			Message:"Tolerance seems to be too small."
04/08/2021 02:07:26 AM: minime90/mrh/2015/20150622/Images\MRH_X_20150623_021411_054.img reduced chisqr: 1.1802.
			Message:"Tolerance seems to be too small."
04/08/2021 02:07:32 AM: minime90/mrh/2015/20150622/Images\MRH_X_20150623_023349_060.img reduced chisqr: 1.2620.
			Message:"Tolerance seems to be too small."
04/08/2021 02:07:39 AM: minime90/mrh/2015/20150622/Images\MRH_X_20150623_023701_061.img reduced chisqr: 1.0884.
			Message:"Tolerance seems to be too small."
04/08/2021 02:07:45 AM: minime90/mrh/2015/20150622/Images\MRH_X_20150623_024010_062.img reduced chisqr: 1.3953.
			Message:"Tolerance seems to be too small."
04/08/2021 02:07:51 AM: minime90/mrh/2015/20150622/Images\MRH_X_20150623_024319_063.img reduced chisqr: 1.0633.
			Message:"Tolerance seems to be too small."
04/08/2021 02:07:58 AM: minime90/mrh/2015/20150622/Images\MRH_X_20150623_024629_064.img reduced chisqr: 1.2538.
			Message:"Tolerance seems to be too small."
04/08/2021 02:08:04 AM: minime90/mrh/2015/20150622/Images\MRH_X_20150623_025247_066.img reduced chisqr: 1.3339.
			Message:"Tolerance seems to be too small."
04/08/2021 02:08:10 AM: minime90/mrh/2015/20150622/Images\MRH_X_20150623_025555_067.img reduced chisqr: 1.0805.
			Message:"Tolerance seems to be too small."
04/08/2021 02:08:17 AM: minime90/mrh/2015/20150622/Images\MRH_X_20150623_025903_068.img reduced chisqr: 0.9976.
			Message:"Tolerance seems to be too small."
04/08/2021 02:08:23 AM: minime90/mrh/2015/20150622/Images\MRH_X_20150623_030211_069.img reduced chisqr: 1.1435.
			Message:"Tolerance seems to be too small."
04/08/2021 02:08:30 AM: minime90/mrh/2015/20150622/Images\MRH_X_20150623_030607_070.img reduced chisqr: 1.1257.
			Message:"Tolerance seems to be too small."
04/08/2021 02:08:36 AM: minime90/mrh/2015/20150622/Images\MRH_X_20150623_030919_071.img reduced chisqr: 0.8925.
			Message:"Tolerance seems to be too small."
04/08/2021 02:08:43 AM: minime90/mrh/2015/20150622/Images\MRH_X_20150623_031228_072.img reduced chisqr: 1.0974.
			Message:"Tolerance seems to be too small."
04/08/2021 02:08:49 AM: minime90/mrh/2015/20150622/Images\MRH_X_20150623_031537_073.img reduced chisqr: 1.1033.
			Message:"Tolerance seems to be too small."
04/08/2021 02:08:55 AM: minime90/mrh/2015/20150622/Images\MRH_X_20150623_031847_074.img reduced chisqr: 1.0895.
			Message:"Tolerance seems to be too small."
04/08/2021 02:09:02 AM: minime90/mrh/2015/20150622/Images\MRH_X_20150623_032505_076.img reduced chisqr: 1.1940.
			Message:"Tolerance seems to be too small."
04/08/2021 02:09:08 AM: minime90/mrh/2015/20150622/Images\MRH_X_20150623_032813_077.img reduced chisqr: 1.2941.
			Message:"Tolerance seems to be too small."
04/08/2021 02:09:15 AM: minime90/mrh/2015/20150622/Images\MRH_X_20150623_033121_078.img reduced chisqr: 1.2271.
			Message:"Tolerance seems to be too small."
04/08/2021 02:09:21 AM: minime90/mrh/2015/20150622/Images\MRH_X_20150623_033429_079.img reduced chisqr: 1.2896.
			Message:"Tolerance seems to be too small."
04/08/2021 02:09:28 AM: minime90/mrh/2015/20150622/Images\MRH_X_20150623_033825_080.img reduced chisqr: 1.4227.
			Message:"Tolerance seems to be too small."
04/08/2021 02:09:34 AM: minime90/mrh/2015/20150622/Images\MRH_X_20150623_034137_081.img reduced chisqr: 1.2271.
			Message:"Tolerance seems to be too small."
04/08/2021 02:09:41 AM: minime90/mrh/2015/20150622/Images\MRH_X_20150623_034446_082.img reduced chisqr: 1.2182.
			Message:"Tolerance seems to be too small."
04/08/2021 02:09:47 AM: minime90/mrh/2015/20150622/Images\MRH_X_20150623_034755_083.img reduced chisqr: 1.1915.
			Message:"Tolerance seems to be too small."
04/08/2021 02:09:53 AM: minime90/mrh/2015/20150622/Images\MRH_X_20150623_035105_084.img reduced chisqr: 1.3648.
			Message:"Tolerance seems to be too small."
04/08/2021 02:10:00 AM: minime90/mrh/2015/20150622/Images\MRH_X_20150623_035414_085.img reduced chisqr: 1.1125.
			Message:"Tolerance seems to be too small."
04/08/2021 02:10:06 AM: minime90/mrh/2015/20150622/Images\MRH_X_20150623_035723_086.img reduced chisqr: 1.1268.
			Message:"Tolerance seems to be too small."
04/08/2021 02:10:13 AM: minime90/mrh/2015/20150622/Images\MRH_X_20150623_040031_087.img reduced chisqr: 1.6639.
			Message:"Tolerance seems to be too small."
04/08/2021 02:10:19 AM: minime90/mrh/2015/20150622/Images\MRH_X_20150623_040339_088.img reduced chisqr: 1.1841.
			Message:"Tolerance seems to be too small."
04/08/2021 02:10:26 AM: minime90/mrh/2015/20150622/Images\MRH_X_20150623_040647_089.img reduced chisqr: 1.0691.
			Message:"Tolerance seems to be too small."
04/08/2021 02:10:32 AM: minime90/mrh/2015/20150622/Images\MRH_X_20150623_041043_090.img reduced chisqr: 1.1926.
			Message:"Tolerance seems to be too small."
04/08/2021 02:10:38 AM: minime90/mrh/2015/20150622/Images\MRH_X_20150623_041354_091.img reduced chisqr: 1.1455.
			Message:"Tolerance seems to be too small."
04/08/2021 02:10:45 AM: minime90/mrh/2015/20150622/Images\MRH_X_20150623_041704_092.img reduced chisqr: 1.4360.
			Message:"Tolerance seems to be too small."
04/08/2021 02:10:51 AM: minime90/mrh/2015/20150622/Images\MRH_X_20150623_042013_093.img reduced chisqr: 1.0739.
			Message:"Tolerance seems to be too small."
04/08/2021 02:10:58 AM: minime90/mrh/2015/20150622/Images\MRH_X_20150623_042322_094.img reduced chisqr: 1.1007.
			Message:"Tolerance seems to be too small."
04/08/2021 02:11:04 AM: minime90/mrh/2015/20150622/Images\MRH_X_20150623_042632_095.img reduced chisqr: 1.1391.
			Message:"Tolerance seems to be too small."
04/08/2021 02:11:10 AM: minime90/mrh/2015/20150622/Images\MRH_X_20150623_042941_096.img reduced chisqr: 1.0910.
			Message:"Tolerance seems to be too small."
04/08/2021 02:11:17 AM: minime90/mrh/2015/20150622/Images\MRH_X_20150623_043249_097.img reduced chisqr: 0.9085.
			Message:"Tolerance seems to be too small."
04/08/2021 02:11:23 AM: minime90/mrh/2015/20150622/Images\MRH_X_20150623_043557_098.img reduced chisqr: 1.0261.
			Message:"Tolerance seems to be too small."
04/08/2021 02:11:29 AM: minime90/mrh/2015/20150622/Images\MRH_X_20150623_043905_099.img reduced chisqr: 1.0354.
			Message:"Tolerance seems to be too small."
04/08/2021 02:11:36 AM: minime90/mrh/2015/20150622/Images\MRH_X_20150623_044301_100.img reduced chisqr: 1.0118.
			Message:"Tolerance seems to be too small."
04/08/2021 02:11:42 AM: minime90/mrh/2015/20150622/Images\MRH_X_20150623_044612_101.img reduced chisqr: 1.0371.
			Message:"Tolerance seems to be too small."
04/08/2021 02:11:48 AM: minime90/mrh/2015/20150622/Images\MRH_X_20150623_044921_102.img reduced chisqr: 1.1117.
			Message:"Tolerance seems to be too small."
04/08/2021 02:11:55 AM: minime90/mrh/2015/20150622/Images\MRH_X_20150623_045230_103.img reduced chisqr: 1.1562.
			Message:"Tolerance seems to be too small."
04/08/2021 02:12:01 AM: minime90/mrh/2015/20150622/Images\MRH_X_20150623_045540_104.img reduced chisqr: 1.1355.
			Message:"Tolerance seems to be too small."
04/08/2021 02:12:07 AM: minime90/mrh/2015/20150622/Images\MRH_X_20150623_045849_105.img reduced chisqr: 1.2593.
			Message:"Tolerance seems to be too small."
04/08/2021 02:12:14 AM: minime90/mrh/2015/20150622/Images\MRH_X_20150623_050158_106.img reduced chisqr: 1.0336.
			Message:"Tolerance seems to be too small."
04/08/2021 02:12:20 AM: minime90/mrh/2015/20150622/Images\MRH_X_20150623_050506_107.img reduced chisqr: 1.2514.
			Message:"Tolerance seems to be too small."
04/08/2021 02:12:26 AM: minime90/mrh/2015/20150622/Images\MRH_X_20150623_050814_108.img reduced chisqr: 1.2346.
			Message:"Tolerance seems to be too small."
04/08/2021 02:12:33 AM: minime90/mrh/2015/20150622/Images\MRH_X_20150623_051122_109.img reduced chisqr: 1.1940.
			Message:"Tolerance seems to be too small."
04/08/2021 02:12:39 AM: minime90/mrh/2015/20150622/Images\MRH_X_20150623_051518_110.img reduced chisqr: 1.0830.
			Message:"Tolerance seems to be too small."
04/08/2021 02:12:46 AM: minime90/mrh/2015/20150622/Images\MRH_X_20150623_051830_111.img reduced chisqr: 1.2485.
			Message:"Tolerance seems to be too small."
04/08/2021 02:12:52 AM: minime90/mrh/2015/20150622/Images\MRH_X_20150623_052139_112.img reduced chisqr: 1.0649.
			Message:"Tolerance seems to be too small."
04/08/2021 02:12:58 AM: minime90/mrh/2015/20150622/Images\MRH_X_20150623_052448_113.img reduced chisqr: 1.1297.
			Message:"Tolerance seems to be too small."
04/08/2021 02:13:05 AM: minime90/mrh/2015/20150622/Images\MRH_X_20150623_052758_114.img reduced chisqr: 1.1606.
			Message:"Tolerance seems to be too small."
04/08/2021 02:13:11 AM: minime90/mrh/2015/20150622/Images\MRH_X_20150623_053107_115.img reduced chisqr: 0.9248.
			Message:"Tolerance seems to be too small."
04/08/2021 02:13:17 AM: minime90/mrh/2015/20150622/Images\MRH_X_20150623_053416_116.img reduced chisqr: 1.0737.
			Message:"Tolerance seems to be too small."
04/08/2021 02:13:24 AM: minime90/mrh/2015/20150622/Images\MRH_X_20150623_053724_117.img reduced chisqr: 0.9270.
			Message:"Tolerance seems to be too small."
04/08/2021 02:13:30 AM: minime90/mrh/2015/20150622/Images\MRH_X_20150623_054032_118.img reduced chisqr: 1.1163.
			Message:"Tolerance seems to be too small."
04/08/2021 02:13:36 AM: minime90/mrh/2015/20150622/Images\MRH_X_20150623_054340_119.img reduced chisqr: 0.9810.
			Message:"Tolerance seems to be too small."
04/08/2021 02:13:43 AM: minime90/mrh/2015/20150622/Images\MRH_X_20150623_054736_120.img reduced chisqr: 1.0725.
			Message:"Tolerance seems to be too small."
04/08/2021 02:13:49 AM: minime90/mrh/2015/20150622/Images\MRH_X_20150623_055048_121.img reduced chisqr: 0.9437.
			Message:"Tolerance seems to be too small."
04/08/2021 02:13:56 AM: minime90/mrh/2015/20150622/Images\MRH_X_20150623_055357_122.img reduced chisqr: 1.1187.
			Message:"Tolerance seems to be too small."
04/08/2021 02:14:02 AM: minime90/mrh/2015/20150622/Images\MRH_X_20150623_055706_123.img reduced chisqr: 0.9945.
			Message:"Tolerance seems to be too small."
04/08/2021 02:14:08 AM: minime90/mrh/2015/20150622/Images\MRH_X_20150623_060016_124.img reduced chisqr: 1.2728.
			Message:"Tolerance seems to be too small."
04/08/2021 02:14:15 AM: minime90/mrh/2015/20150622/Images\MRH_X_20150623_060325_125.img reduced chisqr: 1.1155.
			Message:"Tolerance seems to be too small."
04/08/2021 02:14:21 AM: minime90/mrh/2015/20150622/Images\MRH_X_20150623_060634_126.img reduced chisqr: 1.2460.
			Message:"Tolerance seems to be too small."
04/08/2021 02:14:27 AM: minime90/mrh/2015/20150622/Images\MRH_X_20150623_060942_127.img reduced chisqr: 1.2963.
			Message:"Tolerance seems to be too small."
04/08/2021 02:14:33 AM: minime90/mrh/2015/20150622/Images\MRH_X_20150623_061250_128.img reduced chisqr: 1.0429.
			Message:"Tolerance seems to be too small."
04/08/2021 02:14:40 AM: minime90/mrh/2015/20150622/Images\MRH_X_20150623_061558_129.img reduced chisqr: 1.2019.
			Message:"Tolerance seems to be too small."
04/08/2021 02:14:46 AM: minime90/mrh/2015/20150622/Images\MRH_X_20150623_061954_130.img reduced chisqr: 1.0923.
			Message:"Tolerance seems to be too small."
04/08/2021 02:14:52 AM: minime90/mrh/2015/20150622/Images\MRH_X_20150623_062305_131.img reduced chisqr: 1.1089.
			Message:"Tolerance seems to be too small."
04/08/2021 02:14:58 AM: minime90/mrh/2015/20150622/Images\MRH_X_20150623_062615_132.img reduced chisqr: 1.0618.
			Message:"Tolerance seems to be too small."
04/08/2021 02:15:05 AM: minime90/mrh/2015/20150622/Images\MRH_X_20150623_062924_133.img reduced chisqr: 1.2296.
			Message:"Tolerance seems to be too small."
04/08/2021 02:15:11 AM: minime90/mrh/2015/20150622/Images\MRH_X_20150623_063233_134.img reduced chisqr: 1.2206.
			Message:"Tolerance seems to be too small."
04/08/2021 02:15:17 AM: minime90/mrh/2015/20150622/Images\MRH_X_20150623_063543_135.img reduced chisqr: 0.9024.
			Message:"Tolerance seems to be too small."
04/08/2021 02:15:23 AM: minime90/mrh/2015/20150622/Images\MRH_X_20150623_063852_136.img reduced chisqr: 1.0480.
			Message:"Tolerance seems to be too small."
04/08/2021 02:15:30 AM: minime90/mrh/2015/20150622/Images\MRH_X_20150623_064200_137.img reduced chisqr: 1.0650.
			Message:"Tolerance seems to be too small."
04/08/2021 02:15:36 AM: minime90/mrh/2015/20150622/Images\MRH_X_20150623_064508_138.img reduced chisqr: 1.0940.
			Message:"Tolerance seems to be too small."
04/08/2021 02:15:42 AM: minime90/mrh/2015/20150622/Images\MRH_X_20150623_064816_139.img reduced chisqr: 1.0072.
			Message:"Tolerance seems to be too small."
04/08/2021 02:15:48 AM: minime90/mrh/2015/20150622/Images\MRH_X_20150623_065212_140.img reduced chisqr: 1.2755.
			Message:"Tolerance seems to be too small."
04/08/2021 02:15:54 AM: minime90/mrh/2015/20150622/Images\MRH_X_20150623_065523_141.img reduced chisqr: 1.1238.
			Message:"Tolerance seems to be too small."
04/08/2021 02:16:01 AM: minime90/mrh/2015/20150622/Images\MRH_X_20150623_065832_142.img reduced chisqr: 1.1766.
			Message:"Tolerance seems to be too small."
04/08/2021 02:16:07 AM: minime90/mrh/2015/20150622/Images\MRH_X_20150623_070142_143.img reduced chisqr: 0.8912.
			Message:"Tolerance seems to be too small."
04/08/2021 02:16:13 AM: minime90/mrh/2015/20150622/Images\MRH_X_20150623_070451_144.img reduced chisqr: 1.1829.
			Message:"Tolerance seems to be too small."
04/08/2021 02:16:19 AM: minime90/mrh/2015/20150622/Images\MRH_X_20150623_070801_145.img reduced chisqr: 1.2035.
			Message:"Tolerance seems to be too small."
04/08/2021 02:16:26 AM: minime90/mrh/2015/20150622/Images\MRH_X_20150623_071110_146.img reduced chisqr: 1.0163.
			Message:"Tolerance seems to be too small."
04/08/2021 02:16:32 AM: minime90/mrh/2015/20150622/Images\MRH_X_20150623_071418_147.img reduced chisqr: 1.0784.
			Message:"Tolerance seems to be too small."
04/08/2021 02:16:38 AM: minime90/mrh/2015/20150622/Images\MRH_X_20150623_071726_148.img reduced chisqr: 1.1157.
			Message:"Tolerance seems to be too small."
04/08/2021 02:16:45 AM: minime90/mrh/2015/20150622/Images\MRH_X_20150623_072033_149.img reduced chisqr: 1.0481.
			Message:"Tolerance seems to be too small."
04/08/2021 02:16:51 AM: minime90/mrh/2015/20150622/Images\MRH_X_20150623_072430_150.img reduced chisqr: 1.1382.
			Message:"Tolerance seems to be too small."
04/08/2021 02:16:57 AM: minime90/mrh/2015/20150622/Images\MRH_X_20150623_072741_151.img reduced chisqr: 1.1362.
			Message:"Tolerance seems to be too small."
04/08/2021 02:17:03 AM: minime90/mrh/2015/20150622/Images\MRH_X_20150623_073050_152.img reduced chisqr: 1.1465.
			Message:"Tolerance seems to be too small."
04/08/2021 02:17:10 AM: minime90/mrh/2015/20150622/Images\MRH_X_20150623_073359_153.img reduced chisqr: 1.0673.
			Message:"Tolerance seems to be too small."
04/08/2021 02:17:16 AM: minime90/mrh/2015/20150622/Images\MRH_X_20150623_073709_154.img reduced chisqr: 1.0449.
			Message:"Tolerance seems to be too small."
04/08/2021 02:17:22 AM: minime90/mrh/2015/20150622/Images\MRH_X_20150623_074018_155.img reduced chisqr: 1.0689.
			Message:"Tolerance seems to be too small."
04/08/2021 02:17:28 AM: minime90/mrh/2015/20150622/Images\MRH_X_20150623_074327_156.img reduced chisqr: 1.2499.
			Message:"Tolerance seems to be too small."
04/08/2021 02:17:34 AM: minime90/mrh/2015/20150622/Images\MRH_X_20150623_074635_157.img reduced chisqr: 0.9913.
			Message:"Tolerance seems to be too small."
04/08/2021 02:17:41 AM: minime90/mrh/2015/20150622/Images\MRH_X_20150623_074943_158.img reduced chisqr: 1.1597.
			Message:"Tolerance seems to be too small."
04/08/2021 02:17:47 AM: minime90/mrh/2015/20150622/Images\MRH_X_20150623_075251_159.img reduced chisqr: 0.9502.
			Message:"Tolerance seems to be too small."
04/08/2021 02:17:53 AM: minime90/mrh/2015/20150622/Images\MRH_X_20150623_075647_160.img reduced chisqr: 1.1857.
			Message:"Tolerance seems to be too small."
04/08/2021 02:17:59 AM: minime90/mrh/2015/20150622/Images\MRH_X_20150623_075959_161.img reduced chisqr: 1.0496.
			Message:"Tolerance seems to be too small."
04/08/2021 02:18:06 AM: minime90/mrh/2015/20150622/Images\MRH_X_20150623_080308_162.img reduced chisqr: 0.8912.
			Message:"Tolerance seems to be too small."
04/08/2021 02:18:12 AM: minime90/mrh/2015/20150622/Images\MRH_X_20150623_080617_163.img reduced chisqr: 1.1602.
			Message:"Tolerance seems to be too small."
04/08/2021 02:18:18 AM: minime90/mrh/2015/20150622/Images\MRH_X_20150623_080927_164.img reduced chisqr: 1.2910.
			Message:"Tolerance seems to be too small."
04/08/2021 02:18:24 AM: minime90/mrh/2015/20150622/Images\MRH_X_20150623_081236_165.img reduced chisqr: 1.1293.
			Message:"Tolerance seems to be too small."
04/08/2021 02:18:31 AM: minime90/mrh/2015/20150622/Images\MRH_X_20150623_081545_166.img reduced chisqr: 1.0904.
			Message:"Tolerance seems to be too small."
04/08/2021 02:18:37 AM: minime90/mrh/2015/20150622/Images\MRH_X_20150623_081853_167.img reduced chisqr: 1.1636.
			Message:"Tolerance seems to be too small."
04/08/2021 02:18:44 AM: minime90/mrh/2015/20150622/Images\MRH_X_20150623_082201_168.img reduced chisqr: 1.1662.
			Message:"Tolerance seems to be too small."
04/08/2021 02:18:50 AM: minime90/mrh/2015/20150622/Images\MRH_X_20150623_082509_169.img reduced chisqr: 1.1958.
			Message:"Tolerance seems to be too small."
04/08/2021 02:18:56 AM: minime90/mrh/2015/20150622/Images\MRH_X_20150623_082905_170.img reduced chisqr: 1.0382.
			Message:"Tolerance seems to be too small."
04/08/2021 02:19:03 AM: minime90/mrh/2015/20150622/Images\MRH_X_20150623_083217_171.img reduced chisqr: 1.0757.
			Message:"Tolerance seems to be too small."
04/08/2021 02:19:09 AM: minime90/mrh/2015/20150622/Images\MRH_X_20150623_083526_172.img reduced chisqr: 1.1947.
			Message:"Tolerance seems to be too small."
04/08/2021 02:19:16 AM: minime90/mrh/2015/20150622/Images\MRH_X_20150623_083835_173.img reduced chisqr: 1.2715.
			Message:"Tolerance seems to be too small."
04/08/2021 02:19:22 AM: minime90/mrh/2015/20150622/Images\MRH_X_20150623_084145_174.img reduced chisqr: 1.0388.
			Message:"Tolerance seems to be too small."
04/08/2021 02:19:28 AM: minime90/mrh/2015/20150622/Images\MRH_X_20150623_084454_175.img reduced chisqr: 1.0664.
			Message:"Tolerance seems to be too small."
04/08/2021 02:19:35 AM: minime90/mrh/2015/20150622/Images\MRH_X_20150623_084803_176.img reduced chisqr: 1.3450.
			Message:"Tolerance seems to be too small."
04/08/2021 02:19:41 AM: minime90/mrh/2015/20150622/Images\MRH_X_20150623_085111_177.img reduced chisqr: 1.1008.
			Message:"Tolerance seems to be too small."
04/08/2021 02:19:48 AM: minime90/mrh/2015/20150622/Images\MRH_X_20150623_085419_178.img reduced chisqr: 1.1944.
			Message:"Tolerance seems to be too small."
04/08/2021 02:19:54 AM: minime90/mrh/2015/20150622/Images\MRH_X_20150623_085727_179.img reduced chisqr: 1.0027.
			Message:"Tolerance seems to be too small."
04/08/2021 02:20:00 AM: minime90/mrh/2015/20150622/Images\MRH_X_20150623_090123_180.img reduced chisqr: 1.1329.
			Message:"Tolerance seems to be too small."
04/08/2021 02:20:07 AM: minime90/mrh/2015/20150622/Images\MRH_X_20150623_090434_181.img reduced chisqr: 1.2236.
			Message:"Tolerance seems to be too small."
04/08/2021 02:20:13 AM: minime90/mrh/2015/20150622/Images\MRH_X_20150623_090744_182.img reduced chisqr: 1.0425.
			Message:"Tolerance seems to be too small."
04/08/2021 02:20:19 AM: minime90/mrh/2015/20150622/Images\MRH_X_20150623_091053_183.img reduced chisqr: 1.1659.
			Message:"Tolerance seems to be too small."
04/08/2021 02:20:26 AM: minime90/mrh/2015/20150622/Images\MRH_X_20150623_091402_184.img reduced chisqr: 1.0938.
			Message:"Tolerance seems to be too small."
04/08/2021 02:20:32 AM: minime90/mrh/2015/20150622/Images\MRH_X_20150623_091712_185.img reduced chisqr: 1.0486.
			Message:"Tolerance seems to be too small."
04/08/2021 02:20:39 AM: minime90/mrh/2015/20150622/Images\MRH_X_20150623_092021_186.img reduced chisqr: 1.1146.
			Message:"Tolerance seems to be too small."
04/08/2021 02:20:45 AM: minime90/mrh/2015/20150622/Images\MRH_X_20150623_092329_187.img reduced chisqr: 0.9468.
			Message:"Tolerance seems to be too small."
04/08/2021 02:20:51 AM: minime90/mrh/2015/20150622/Images\MRH_X_20150623_092637_188.img reduced chisqr: 0.8876.
			Message:"Tolerance seems to be too small."
04/08/2021 02:20:58 AM: minime90/mrh/2015/20150622/Images\MRH_X_20150623_092945_189.img reduced chisqr: 1.2332.
			Message:"Tolerance seems to be too small."
04/08/2021 02:21:04 AM: minime90/mrh/2015/20150622/Images\MRH_X_20150623_093341_190.img reduced chisqr: 1.2366.
			Message:"Tolerance seems to be too small."
04/08/2021 02:21:11 AM: minime90/mrh/2015/20150622/Images\MRH_X_20150623_093652_191.img reduced chisqr: 1.3044.
			Message:"Tolerance seems to be too small."
04/08/2021 02:21:17 AM: minime90/mrh/2015/20150622/Images\MRH_X_20150623_094001_192.img reduced chisqr: 1.1454.
			Message:"Tolerance seems to be too small."
04/08/2021 02:21:23 AM: minime90/mrh/2015/20150622/Images\MRH_X_20150623_094310_193.img reduced chisqr: 1.1446.
			Message:"Tolerance seems to be too small."
04/08/2021 02:21:30 AM: minime90/mrh/2015/20150622/Images\MRH_X_20150623_094620_194.img reduced chisqr: 1.0778.
			Message:"Tolerance seems to be too small."
04/08/2021 02:21:36 AM: minime90/mrh/2015/20150622/Images\MRH_X_20150623_094929_195.img reduced chisqr: 1.0675.
			Message:"Tolerance seems to be too small."
04/08/2021 02:21:42 AM: minime90/mrh/2015/20150622/Images\MRH_X_20150623_095238_196.img reduced chisqr: 1.2226.
			Message:"Tolerance seems to be too small."
04/08/2021 02:21:49 AM: minime90/mrh/2015/20150622/Images\MRH_X_20150623_095547_197.img reduced chisqr: 1.1202.
			Message:"Tolerance seems to be too small."
04/08/2021 02:21:55 AM: minime90/mrh/2015/20150622/Images\MRH_X_20150623_095855_198.img reduced chisqr: 1.1476.
			Message:"Tolerance seems to be too small."
04/08/2021 02:22:01 AM: minime90/mrh/2015/20150622/Images\MRH_X_20150623_100203_199.img reduced chisqr: 1.0135.
			Message:"Tolerance seems to be too small."
04/08/2021 02:22:08 AM: minime90/mrh/2015/20150622/Images\MRH_X_20150623_100559_200.img reduced chisqr: 1.0724.
			Message:"Tolerance seems to be too small."
04/08/2021 02:22:14 AM: minime90/mrh/2015/20150622/Images\MRH_X_20150623_100910_201.img reduced chisqr: 1.2133.
			Message:"Tolerance seems to be too small."
04/08/2021 02:22:20 AM: minime90/mrh/2015/20150622/Images\MRH_X_20150623_101219_202.img reduced chisqr: 1.0488.
			Message:"Tolerance seems to be too small."
04/08/2021 02:22:27 AM: minime90/mrh/2015/20150622/Images\MRH_X_20150623_101528_203.img reduced chisqr: 1.1697.
			Message:"Tolerance seems to be too small."
04/08/2021 02:22:33 AM: minime90/mrh/2015/20150622/Images\MRH_X_20150623_101838_204.img reduced chisqr: 1.0936.
			Message:"Tolerance seems to be too small."
04/08/2021 02:22:39 AM: minime90/mrh/2015/20150622/Images\MRH_X_20150623_102147_205.img reduced chisqr: 1.2255.
			Message:"Tolerance seems to be too small."
04/08/2021 02:22:46 AM: minime90/mrh/2015/20150622/Images\MRH_X_20150623_102457_206.img reduced chisqr: 1.0470.
			Message:"Tolerance seems to be too small."
04/08/2021 02:22:52 AM: minime90/mrh/2015/20150622/Images\MRH_X_20150623_102805_207.img reduced chisqr: 1.0228.
			Message:"Tolerance seems to be too small."
04/08/2021 02:22:58 AM: minime90/mrh/2015/20150622/Images\MRH_X_20150623_103113_208.img reduced chisqr: 1.0570.
			Message:"Tolerance seems to be too small."
04/08/2021 02:23:05 AM: minime90/mrh/2015/20150622/Images\MRH_X_20150623_103421_209.img reduced chisqr: 1.1503.
			Message:"Tolerance seems to be too small."
04/08/2021 02:23:11 AM: minime90/mrh/2015/20150622/Images\MRH_X_20150623_103817_210.img reduced chisqr: 1.3861.
			Message:"Tolerance seems to be too small."
04/08/2021 02:23:18 AM: minime90/mrh/2015/20150622/Images\MRH_X_20150623_104128_211.img reduced chisqr: 1.8735.
			Message:"Tolerance seems to be too small."
04/08/2021 02:23:24 AM: minime90/mrh/2015/20150622/Images\MRH_X_20150623_104437_212.img reduced chisqr: 2.1980.
			Message:"Tolerance seems to be too small."
04/08/2021 02:23:24 AM: WARNING: Exposure time is not changing.
04/08/2021 02:23:24 AM: Created diagnostic plots.
04/08/2021 02:23:24 AM: Laser and sky image analysis complete.
04/08/2021 02:23:24 AM: No Boltwood cloud sensor data found.
04/08/2021 02:23:24 AM: No X300 temperature sensor data found.
04/08/2021 02:23:24 AM:  Quality Flag Calculation:
		Manual Wind Flag: 0
		Manual Temperature Flag: 0
		Laser Drift: False
		Sample-specific flags:
		Images\MRH_X_20150622_235220_010.img [no cloud data W1T1] [FINAL: W1T1]
		Images\MRH_X_20150622_235531_011.img [no cloud data W1T1] [FINAL: W1T1]
		Images\MRH_X_20150622_235840_012.img [no cloud data W1T1] [FINAL: W1T1]
		Images\MRH_X_20150623_000459_014.img [no cloud data W1T1] [FINAL: W1T1]
		Images\MRH_X_20150623_002438_020.img [no cloud data W1T1] [FINAL: W1T1]
		Images\MRH_X_20150623_002749_021.img [no cloud data W1T1] [FINAL: W1T1]
		Images\MRH_X_20150623_003059_022.img [no cloud data W1T1] [FINAL: W1T1]
		Images\MRH_X_20150623_003408_023.img [no cloud data W1T1] [FINAL: W1T1]
		Images\MRH_X_20150623_003717_024.img [no cloud data W1T1] [FINAL: W1T1]
		Images\MRH_X_20150623_005656_030.img [no cloud data W1T1] [FINAL: W1T1]
		Images\MRH_X_20150623_010008_031.img [no cloud data W1T1] [FINAL: W1T1]
		Images\MRH_X_20150623_010317_032.img [no cloud data W1T1] [FINAL: W1T1]
		Images\MRH_X_20150623_010626_033.img [no cloud data W1T1] [FINAL: W1T1]
		Images\MRH_X_20150623_010936_034.img [no cloud data W1T1] [FINAL: W1T1]
		Images\MRH_X_20150623_012914_040.img [no cloud data W1T1] [FINAL: W1T1]
		Images\MRH_X_20150623_013225_041.img [no cloud data W1T1] [FINAL: W1T1]
		Images\MRH_X_20150623_013534_042.img [no cloud data W1T1] [FINAL: W1T1]
		Images\MRH_X_20150623_013844_043.img [no cloud data W1T1] [FINAL: W1T1]
		Images\MRH_X_20150623_014153_044.img [no cloud data W1T1] [FINAL: W1T1]
		Images\MRH_X_20150623_020132_050.img [no cloud data W1T1] [FINAL: W1T1]
		Images\MRH_X_20150623_020443_051.img [no cloud data W1T1] [FINAL: W1T1]
		Images\MRH_X_20150623_020752_052.img [no cloud data W1T1] [FINAL: W1T1]
		Images\MRH_X_20150623_021101_053.img [no cloud data W1T1] [FINAL: W1T1]
		Images\MRH_X_20150623_021411_054.img [no cloud data W1T1] [FINAL: W1T1]
		Images\MRH_X_20150623_023349_060.img [no cloud data W1T1] [FINAL: W1T1]
		Images\MRH_X_20150623_023701_061.img [no cloud data W1T1] [FINAL: W1T1]
		Images\MRH_X_20150623_024010_062.img [no cloud data W1T1] [FINAL: W1T1]
		Images\MRH_X_20150623_024319_063.img [no cloud data W1T1] [sigma_T large: W2T2] [FINAL: W2T2]
		Images\MRH_X_20150623_024629_064.img [no cloud data W1T1] [FINAL: W1T1]
		Images\MRH_X_20150623_025247_066.img [no cloud data W1T1] [sigma_T large: W2T2] [FINAL: W2T2]
		Images\MRH_X_20150623_025555_067.img [no cloud data W1T1] [sigma_T large: W2T2] [FINAL: W2T2]
		Images\MRH_X_20150623_025903_068.img [no cloud data W1T1] [sigma_T large: W2T2] [FINAL: W2T2]
		Images\MRH_X_20150623_030211_069.img [no cloud data W1T1] [FINAL: W1T1]
		Images\MRH_X_20150623_030607_070.img [no cloud data W1T1] [sigma_T large: W2T2] [FINAL: W2T2]
		Images\MRH_X_20150623_030919_071.img [no cloud data W1T1] [sigma_T large: W2T2] [FINAL: W2T2]
		Images\MRH_X_20150623_031228_072.img [no cloud data W1T1] [sigma_T large: W2T2] [FINAL: W2T2]
		Images\MRH_X_20150623_031537_073.img [no cloud data W1T1] [sigma_T large: W2T2] [FINAL: W2T2]
		Images\MRH_X_20150623_031847_074.img [no cloud data W1T1] [FINAL: W1T1]
		Images\MRH_X_20150623_032505_076.img [no cloud data W1T1] [sigma_T large: W2T2] [FINAL: W2T2]
		Images\MRH_X_20150623_032813_077.img [no cloud data W1T1] [sigma_T large: W2T2] [FINAL: W2T2]
		Images\MRH_X_20150623_033121_078.img [no cloud data W1T1] [sigma_T large: W2T2] [FINAL: W2T2]
		Images\MRH_X_20150623_033429_079.img [no cloud data W1T1] [sigma_T large: W2T2] [FINAL: W2T2]
		Images\MRH_X_20150623_033825_080.img [no cloud data W1T1] [FINAL: W1T1]
		Images\MRH_X_20150623_034137_081.img [no cloud data W1T1] [FINAL: W1T1]
		Images\MRH_X_20150623_034446_082.img [no cloud data W1T1] [sigma_T large: W2T2] [FINAL: W2T2]
		Images\MRH_X_20150623_034755_083.img [no cloud data W1T1] [sigma_T large: W2T2] [FINAL: W2T2]
		Images\MRH_X_20150623_035105_084.img [no cloud data W1T1] [sigma_T large: W2T2] [FINAL: W2T2]
		Images\MRH_X_20150623_035414_085.img [no cloud data W1T1] [sigma_T large: W2T2] [FINAL: W2T2]
		Images\MRH_X_20150623_035723_086.img [no cloud data W1T1] [FINAL: W1T1]
		Images\MRH_X_20150623_040031_087.img [no cloud data W1T1] [sigma_T large: W2T2] [FINAL: W2T2]
		Images\MRH_X_20150623_040339_088.img [no cloud data W1T1] [sigma_T large: W2T2] [FINAL: W2T2]
		Images\MRH_X_20150623_040647_089.img [no cloud data W1T1] [sigma_T large: W2T2] [FINAL: W2T2]
		Images\MRH_X_20150623_041043_090.img [no cloud data W1T1] [FINAL: W1T1]
		Images\MRH_X_20150623_041354_091.img [no cloud data W1T1] [sigma_T large: W2T2] [FINAL: W2T2]
		Images\MRH_X_20150623_041704_092.img [no cloud data W1T1] [sigma_T large: W2T2] [FINAL: W2T2]
		Images\MRH_X_20150623_042013_093.img [no cloud data W1T1] [sigma_T large: W2T2] [FINAL: W2T2]
		Images\MRH_X_20150623_042322_094.img [no cloud data W1T1] [sigma_T large: W2T2] [FINAL: W2T2]
		Images\MRH_X_20150623_042632_095.img [no cloud data W1T1] [sigma_T large: W2T2] [FINAL: W2T2]
		Images\MRH_X_20150623_042941_096.img [no cloud data W1T1] [sigma_T large: W2T2] [FINAL: W2T2]
		Images\MRH_X_20150623_043249_097.img [no cloud data W1T1] [sigma_T large: W2T2] [FINAL: W2T2]
		Images\MRH_X_20150623_043557_098.img [no cloud data W1T1] [sigma_T large: W2T2] [FINAL: W2T2]
		Images\MRH_X_20150623_043905_099.img [no cloud data W1T1] [FINAL: W1T1]
		Images\MRH_X_20150623_044301_100.img [no cloud data W1T1] [sigma_T large: W2T2] [FINAL: W2T2]
		Images\MRH_X_20150623_044612_101.img [no cloud data W1T1] [sigma_T large: W2T2] [FINAL: W2T2]
		Images\MRH_X_20150623_044921_102.img [no cloud data W1T1] [sigma_T large: W2T2] [FINAL: W2T2]
		Images\MRH_X_20150623_045230_103.img [no cloud data W1T1] [sigma_T large: W2T2] [FINAL: W2T2]
		Images\MRH_X_20150623_045540_104.img [no cloud data W1T1] [sigma_T large: W2T2] [FINAL: W2T2]
		Images\MRH_X_20150623_045849_105.img [no cloud data W1T1] [sigma_T large: W2T2] [FINAL: W2T2]
		Images\MRH_X_20150623_050158_106.img [no cloud data W1T1] [sigma_T large: W2T2] [FINAL: W2T2]
		Images\MRH_X_20150623_050506_107.img [no cloud data W1T1] [sigma_T large: W2T2] [FINAL: W2T2]
		Images\MRH_X_20150623_050814_108.img [no cloud data W1T1] [sigma_T large: W2T2] [FINAL: W2T2]
		Images\MRH_X_20150623_051122_109.img [no cloud data W1T1] [sigma_T large: W2T2] [FINAL: W2T2]
		Images\MRH_X_20150623_051518_110.img [no cloud data W1T1] [FINAL: W1T1]
		Images\MRH_X_20150623_051830_111.img [no cloud data W1T1] [sigma_T large: W2T2] [FINAL: W2T2]
		Images\MRH_X_20150623_052139_112.img [no cloud data W1T1] [sigma_T large: W2T2] [FINAL: W2T2]
		Images\MRH_X_20150623_052448_113.img [no cloud data W1T1] [sigma_T large: W2T2] [FINAL: W2T2]
		Images\MRH_X_20150623_052758_114.img [no cloud data W1T1] [FINAL: W1T1]
		Images\MRH_X_20150623_053107_115.img [no cloud data W1T1] [FINAL: W1T1]
		Images\MRH_X_20150623_053416_116.img [no cloud data W1T1] [FINAL: W1T1]
		Images\MRH_X_20150623_053724_117.img [no cloud data W1T1] [sigma_T large: W2T2] [FINAL: W2T2]
		Images\MRH_X_20150623_054032_118.img [no cloud data W1T1] [sigma_T large: W2T2] [FINAL: W2T2]
		Images\MRH_X_20150623_054340_119.img [no cloud data W1T1] [sigma_T large: W2T2] [FINAL: W2T2]
		Images\MRH_X_20150623_054736_120.img [no cloud data W1T1] [sigma_T large: W2T2] [FINAL: W2T2]
		Images\MRH_X_20150623_055048_121.img [no cloud data W1T1] [sigma_T large: W2T2] [FINAL: W2T2]
		Images\MRH_X_20150623_055357_122.img [no cloud data W1T1] [sigma_T large: W2T2] [FINAL: W2T2]
		Images\MRH_X_20150623_055706_123.img [no cloud data W1T1] [sigma_T large: W2T2] [FINAL: W2T2]
		Images\MRH_X_20150623_060016_124.img [no cloud data W1T1] [sigma_T large: W2T2] [FINAL: W2T2]
		Images\MRH_X_20150623_060325_125.img [no cloud data W1T1] [sigma_T large: W2T2] [FINAL: W2T2]
		Images\MRH_X_20150623_060634_126.img [no cloud data W1T1] [sigma_T large: W2T2] [FINAL: W2T2]
		Images\MRH_X_20150623_060942_127.img [no cloud data W1T1] [sigma_T large: W2T2] [FINAL: W2T2]
		Images\MRH_X_20150623_061250_128.img [no cloud data W1T1] [sigma_T large: W2T2] [FINAL: W2T2]
		Images\MRH_X_20150623_061558_129.img [no cloud data W1T1] [sigma_T large: W2T2] [FINAL: W2T2]
		Images\MRH_X_20150623_061954_130.img [no cloud data W1T1] [sigma_T large: W2T2] [FINAL: W2T2]
		Images\MRH_X_20150623_062305_131.img [no cloud data W1T1] [sigma_T large: W2T2] [FINAL: W2T2]
		Images\MRH_X_20150623_062615_132.img [no cloud data W1T1] [sigma_T large: W2T2] [FINAL: W2T2]
		Images\MRH_X_20150623_062924_133.img [no cloud data W1T1] [sigma_T large: W2T2] [FINAL: W2T2]
		Images\MRH_X_20150623_063233_134.img [no cloud data W1T1] [sigma_T large: W2T2] [FINAL: W2T2]
		Images\MRH_X_20150623_063543_135.img [no cloud data W1T1] [sigma_T large: W2T2] [FINAL: W2T2]
		Images\MRH_X_20150623_063852_136.img [no cloud data W1T1] [sigma_T large: W2T2] [FINAL: W2T2]
		Images\MRH_X_20150623_064200_137.img [no cloud data W1T1] [sigma_T large: W2T2] [FINAL: W2T2]
		Images\MRH_X_20150623_064508_138.img [no cloud data W1T1] [sigma_T large: W2T2] [FINAL: W2T2]
		Images\MRH_X_20150623_064816_139.img [no cloud data W1T1] [sigma_T large: W2T2] [FINAL: W2T2]
		Images\MRH_X_20150623_065212_140.img [no cloud data W1T1] [sigma_T large: W2T2] [FINAL: W2T2]
		Images\MRH_X_20150623_065523_141.img [no cloud data W1T1] [sigma_T large: W2T2] [FINAL: W2T2]
		Images\MRH_X_20150623_065832_142.img [no cloud data W1T1] [sigma_T large: W2T2] [FINAL: W2T2]
		Images\MRH_X_20150623_070142_143.img [no cloud data W1T1] [sigma_T large: W2T2] [FINAL: W2T2]
		Images\MRH_X_20150623_070451_144.img [no cloud data W1T1] [sigma_T large: W2T2] [FINAL: W2T2]
		Images\MRH_X_20150623_070801_145.img [no cloud data W1T1] [sigma_T large: W2T2] [FINAL: W2T2]
		Images\MRH_X_20150623_071110_146.img [no cloud data W1T1] [sigma_T large: W2T2] [FINAL: W2T2]
		Images\MRH_X_20150623_071418_147.img [no cloud data W1T1] [sigma_T large: W2T2] [FINAL: W2T2]
		Images\MRH_X_20150623_071726_148.img [no cloud data W1T1] [sigma_T large: W2T2] [FINAL: W2T2]
		Images\MRH_X_20150623_072033_149.img [no cloud data W1T1] [sigma_T large: W2T2] [FINAL: W2T2]
		Images\MRH_X_20150623_072430_150.img [no cloud data W1T1] [sigma_T large: W2T2] [FINAL: W2T2]
		Images\MRH_X_20150623_072741_151.img [no cloud data W1T1] [sigma_T large: W2T2] [FINAL: W2T2]
		Images\MRH_X_20150623_073050_152.img [no cloud data W1T1] [sigma_T large: W2T2] [FINAL: W2T2]
		Images\MRH_X_20150623_073359_153.img [no cloud data W1T1] [sigma_T large: W2T2] [FINAL: W2T2]
		Images\MRH_X_20150623_073709_154.img [no cloud data W1T1] [sigma_T large: W2T2] [FINAL: W2T2]
		Images\MRH_X_20150623_074018_155.img [no cloud data W1T1] [sigma_T large: W2T2] [FINAL: W2T2]
		Images\MRH_X_20150623_074327_156.img [no cloud data W1T1] [sigma_T large: W2T2] [FINAL: W2T2]
		Images\MRH_X_20150623_074635_157.img [no cloud data W1T1] [sigma_T large: W2T2] [FINAL: W2T2]
		Images\MRH_X_20150623_074943_158.img [no cloud data W1T1] [sigma_T large: W2T2] [FINAL: W2T2]
		Images\MRH_X_20150623_075251_159.img [no cloud data W1T1] [sigma_T large: W2T2] [FINAL: W2T2]
		Images\MRH_X_20150623_075647_160.img [no cloud data W1T1] [sigma_T large: W2T2] [FINAL: W2T2]
		Images\MRH_X_20150623_075959_161.img [no cloud data W1T1] [sigma_T large: W2T2] [FINAL: W2T2]
		Images\MRH_X_20150623_080308_162.img [no cloud data W1T1] [sigma_T large: W2T2] [FINAL: W2T2]
		Images\MRH_X_20150623_080617_163.img [no cloud data W1T1] [sigma_T large: W2T2] [FINAL: W2T2]
		Images\MRH_X_20150623_080927_164.img [no cloud data W1T1] [sigma_T large: W2T2] [FINAL: W2T2]
		Images\MRH_X_20150623_081236_165.img [no cloud data W1T1] [sigma_T large: W2T2] [FINAL: W2T2]
		Images\MRH_X_20150623_081545_166.img [no cloud data W1T1] [sigma_T large: W2T2] [FINAL: W2T2]
		Images\MRH_X_20150623_081853_167.img [no cloud data W1T1] [sigma_T large: W2T2] [FINAL: W2T2]
		Images\MRH_X_20150623_082201_168.img [no cloud data W1T1] [sigma_T large: W2T2] [FINAL: W2T2]
		Images\MRH_X_20150623_082509_169.img [no cloud data W1T1] [sigma_T large: W2T2] [FINAL: W2T2]
		Images\MRH_X_20150623_082905_170.img [no cloud data W1T1] [sigma_T large: W2T2] [FINAL: W2T2]
		Images\MRH_X_20150623_083217_171.img [no cloud data W1T1] [sigma_T large: W2T2] [FINAL: W2T2]
		Images\MRH_X_20150623_083526_172.img [no cloud data W1T1] [sigma_T large: W2T2] [FINAL: W2T2]
		Images\MRH_X_20150623_083835_173.img [no cloud data W1T1] [sigma_T large: W2T2] [FINAL: W2T2]
		Images\MRH_X_20150623_084145_174.img [no cloud data W1T1] [sigma_T large: W2T2] [FINAL: W2T2]
		Images\MRH_X_20150623_084454_175.img [no cloud data W1T1] [sigma_T large: W2T2] [FINAL: W2T2]
		Images\MRH_X_20150623_084803_176.img [no cloud data W1T1] [sigma_T large: W2T2] [FINAL: W2T2]
		Images\MRH_X_20150623_085111_177.img [no cloud data W1T1] [FINAL: W1T1]
		Images\MRH_X_20150623_085419_178.img [no cloud data W1T1] [sigma_T large: W2T2] [FINAL: W2T2]
		Images\MRH_X_20150623_085727_179.img [no cloud data W1T1] [sigma_T large: W2T2] [FINAL: W2T2]
		Images\MRH_X_20150623_090123_180.img [no cloud data W1T1] [sigma_T large: W2T2] [FINAL: W2T2]
		Images\MRH_X_20150623_090434_181.img [no cloud data W1T1] [sigma_T large: W2T2] [FINAL: W2T2]
		Images\MRH_X_20150623_090744_182.img [no cloud data W1T1] [sigma_T large: W2T2] [FINAL: W2T2]
		Images\MRH_X_20150623_091053_183.img [no cloud data W1T1] [sigma_T large: W2T2] [FINAL: W2T2]
		Images\MRH_X_20150623_091402_184.img [no cloud data W1T1] [sigma_T large: W2T2] [FINAL: W2T2]
		Images\MRH_X_20150623_091712_185.img [no cloud data W1T1] [FINAL: W1T1]
		Images\MRH_X_20150623_092021_186.img [no cloud data W1T1] [FINAL: W1T1]
		Images\MRH_X_20150623_092329_187.img [no cloud data W1T1] [sigma_T large: W2T2] [FINAL: W2T2]
		Images\MRH_X_20150623_092637_188.img [no cloud data W1T1] [sigma_T large: W2T2] [FINAL: W2T2]
		Images\MRH_X_20150623_092945_189.img [no cloud data W1T1] [sigma_T large: W2T2] [FINAL: W2T2]
		Images\MRH_X_20150623_093341_190.img [no cloud data W1T1] [sigma_T large: W2T2] [FINAL: W2T2]
		Images\MRH_X_20150623_093652_191.img [no cloud data W1T1] [sigma_T large: W2T2] [FINAL: W2T2]
		Images\MRH_X_20150623_094001_192.img [no cloud data W1T1] [sigma_T large: W2T2] [FINAL: W2T2]
		Images\MRH_X_20150623_094310_193.img [no cloud data W1T1] [sigma_T large: W2T2] [FINAL: W2T2]
		Images\MRH_X_20150623_094620_194.img [no cloud data W1T1] [sigma_T large: W2T2] [FINAL: W2T2]
		Images\MRH_X_20150623_094929_195.img [no cloud data W1T1] [sigma_T large: W2T2] [FINAL: W2T2]
		Images\MRH_X_20150623_095238_196.img [no cloud data W1T1] [sigma_T large: W2T2] [FINAL: W2T2]
		Images\MRH_X_20150623_095547_197.img [no cloud data W1T1] [sigma_T large: W2T2] [FINAL: W2T2]
		Images\MRH_X_20150623_095855_198.img [no cloud data W1T1] [sigma_T large: W2T2] [FINAL: W2T2]
		Images\MRH_X_20150623_100203_199.img [no cloud data W1T1] [sigma_T large: W2T2] [FINAL: W2T2]
		Images\MRH_X_20150623_100559_200.img [no cloud data W1T1] [sigma_T large: W2T2] [FINAL: W2T2]
		Images\MRH_X_20150623_100910_201.img [no cloud data W1T1] [FINAL: W1T1]
		Images\MRH_X_20150623_101219_202.img [no cloud data W1T1] [FINAL: W1T1]
		Images\MRH_X_20150623_101528_203.img [no cloud data W1T1] [FINAL: W1T1]
		Images\MRH_X_20150623_101838_204.img [no cloud data W1T1] [FINAL: W1T1]
		Images\MRH_X_20150623_102147_205.img [no cloud data W1T1] [FINAL: W1T1]
		Images\MRH_X_20150623_102457_206.img [no cloud data W1T1] [FINAL: W1T1]
		Images\MRH_X_20150623_102805_207.img [no cloud data W1T1] [FINAL: W1T1]
		Images\MRH_X_20150623_103113_208.img [no cloud data W1T1] [FINAL: W1T1]
		Images\MRH_X_20150623_103421_209.img [no cloud data W1T1] [FINAL: W1T1]
		Images\MRH_X_20150623_103817_210.img [no cloud data W1T1] [FINAL: W1T1]
		Images\MRH_X_20150623_104128_211.img [no cloud data W1T1] [FINAL: W1T1]
		Images\MRH_X_20150623_104437_212.img [no cloud data W1T1] [FINAL: W1T1]
04/08/2021 02:23:24 AM: Results saved to results/minime90_mrh_20150622.npz
