04/08/2021 02:42:43 AM: Logfile Created
04/08/2021 02:42:43 AM: Sun up during minime90/mrh/2015/20150624/Images\MRH_L_20150624_231524_001.img. Ignoring this image...
04/08/2021 02:42:44 AM: minime90/mrh/2015/20150624/Images\MRH_L_20150624_235152_002.img center: 257.45, 254.35
04/08/2021 02:42:44 AM: minime90/mrh/2015/20150624/Images\MRH_L_20150625_002410_003.img center: 257.56, 254.36
04/08/2021 02:42:44 AM: minime90/mrh/2015/20150624/Images\MRH_L_20150625_005628_004.img center: 257.57, 254.36
04/08/2021 02:42:44 AM: minime90/mrh/2015/20150624/Images\MRH_L_20150625_012846_005.img center: 257.56, 254.39
04/08/2021 02:42:45 AM: minime90/mrh/2015/20150624/Images\MRH_L_20150625_020104_006.img center: 257.52, 254.39
04/08/2021 02:42:45 AM: minime90/mrh/2015/20150624/Images\MRH_L_20150625_023322_007.img center: 257.48, 254.43
04/08/2021 02:42:45 AM: minime90/mrh/2015/20150624/Images\MRH_L_20150625_030540_008.img center: 257.51, 254.45
04/08/2021 02:42:45 AM: minime90/mrh/2015/20150624/Images\MRH_L_20150625_033759_009.img center: 257.51, 254.45
04/08/2021 02:42:45 AM: minime90/mrh/2015/20150624/Images\MRH_L_20150625_041017_010.img center: 257.50, 254.43
04/08/2021 02:42:46 AM: minime90/mrh/2015/20150624/Images\MRH_L_20150625_044234_011.img center: 257.45, 254.45
04/08/2021 02:42:46 AM: minime90/mrh/2015/20150624/Images\MRH_L_20150625_051452_012.img center: 257.45, 254.45
04/08/2021 02:42:46 AM: minime90/mrh/2015/20150624/Images\MRH_L_20150625_054710_013.img center: 257.41, 254.50
04/08/2021 02:42:47 AM: minime90/mrh/2015/20150624/Images\MRH_L_20150625_061928_014.img center: 257.48, 254.54
04/08/2021 02:42:47 AM: minime90/mrh/2015/20150624/Images\MRH_L_20150625_065146_015.img center: 257.46, 254.53
04/08/2021 02:42:47 AM: minime90/mrh/2015/20150624/Images\MRH_L_20150625_072404_016.img center: 257.39, 254.53
04/08/2021 02:42:47 AM: minime90/mrh/2015/20150624/Images\MRH_L_20150625_075622_017.img center: 257.39, 254.53
04/08/2021 02:42:47 AM: minime90/mrh/2015/20150624/Images\MRH_L_20150625_082841_018.img center: 257.38, 254.55
04/08/2021 02:42:48 AM: minime90/mrh/2015/20150624/Images\MRH_L_20150625_090058_019.img center: 257.37, 254.55
04/08/2021 02:42:48 AM: minime90/mrh/2015/20150624/Images\MRH_L_20150625_093316_020.img center: 257.39, 254.54
04/08/2021 02:42:48 AM: minime90/mrh/2015/20150624/Images\MRH_L_20150625_100534_021.img center: 257.41, 254.59
04/08/2021 02:42:48 AM: minime90/mrh/2015/20150624/Images\MRH_L_20150625_103752_022.img center: 257.39, 254.62
04/08/2021 02:42:49 AM: minime90/mrh/2015/20150624/Images\MRH_L_20150625_104812_212.img center: 257.35, 254.58
04/08/2021 02:42:52 AM: minime90/mrh/2015/20150624/Images\MRH_L_20150624_235152_002.img reduced chisqr: 3.3598
04/08/2021 02:42:54 AM: minime90/mrh/2015/20150624/Images\MRH_L_20150625_002410_003.img reduced chisqr: 4.3601
04/08/2021 02:42:57 AM: minime90/mrh/2015/20150624/Images\MRH_L_20150625_005628_004.img reduced chisqr: 3.3162
04/08/2021 02:43:00 AM: minime90/mrh/2015/20150624/Images\MRH_L_20150625_012846_005.img reduced chisqr: 4.5585
04/08/2021 02:43:03 AM: minime90/mrh/2015/20150624/Images\MRH_L_20150625_020104_006.img reduced chisqr: 4.3206
04/08/2021 02:43:05 AM: minime90/mrh/2015/20150624/Images\MRH_L_20150625_023322_007.img reduced chisqr: 4.8399
04/08/2021 02:43:08 AM: minime90/mrh/2015/20150624/Images\MRH_L_20150625_030540_008.img reduced chisqr: 4.8083
04/08/2021 02:43:11 AM: minime90/mrh/2015/20150624/Images\MRH_L_20150625_033759_009.img reduced chisqr: 4.7931
04/08/2021 02:43:14 AM: minime90/mrh/2015/20150624/Images\MRH_L_20150625_041017_010.img reduced chisqr: 5.8702
04/08/2021 02:43:17 AM: minime90/mrh/2015/20150624/Images\MRH_L_20150625_044234_011.img reduced chisqr: 6.0214
04/08/2021 02:43:19 AM: minime90/mrh/2015/20150624/Images\MRH_L_20150625_051452_012.img reduced chisqr: 4.7554
04/08/2021 02:43:22 AM: minime90/mrh/2015/20150624/Images\MRH_L_20150625_054710_013.img reduced chisqr: 4.1063
04/08/2021 02:43:25 AM: minime90/mrh/2015/20150624/Images\MRH_L_20150625_061928_014.img reduced chisqr: 4.6067
04/08/2021 02:43:28 AM: minime90/mrh/2015/20150624/Images\MRH_L_20150625_065146_015.img reduced chisqr: 5.0993
04/08/2021 02:43:31 AM: minime90/mrh/2015/20150624/Images\MRH_L_20150625_072404_016.img reduced chisqr: 4.6613
04/08/2021 02:43:33 AM: minime90/mrh/2015/20150624/Images\MRH_L_20150625_075622_017.img reduced chisqr: 3.4178
04/08/2021 02:43:36 AM: minime90/mrh/2015/20150624/Images\MRH_L_20150625_082841_018.img reduced chisqr: 5.9586
04/08/2021 02:43:39 AM: minime90/mrh/2015/20150624/Images\MRH_L_20150625_090058_019.img reduced chisqr: 3.8985
04/08/2021 02:43:42 AM: minime90/mrh/2015/20150624/Images\MRH_L_20150625_093316_020.img reduced chisqr: 4.8041
04/08/2021 02:43:44 AM: minime90/mrh/2015/20150624/Images\MRH_L_20150625_100534_021.img reduced chisqr: 5.7379
04/08/2021 02:43:47 AM: minime90/mrh/2015/20150624/Images\MRH_L_20150625_103752_022.img reduced chisqr: 4.8853
04/08/2021 02:43:50 AM: minime90/mrh/2015/20150624/Images\MRH_L_20150625_104812_212.img reduced chisqr: 4.8594
04/08/2021 02:43:50 AM: minime90/mrh/2015/20150624/Images\MRH_X_20150624_232325_001.img not bounded by laser images. Ignoring this image...
04/08/2021 02:43:50 AM: minime90/mrh/2015/20150624/Images\MRH_X_20150624_232636_002.img not bounded by laser images. Ignoring this image...
04/08/2021 02:43:50 AM: minime90/mrh/2015/20150624/Images\MRH_X_20150624_232945_003.img not bounded by laser images. Ignoring this image...
04/08/2021 02:43:50 AM: minime90/mrh/2015/20150624/Images\MRH_X_20150624_233255_004.img not bounded by laser images. Ignoring this image...
04/08/2021 02:43:50 AM: minime90/mrh/2015/20150624/Images\MRH_X_20150624_233604_005.img not bounded by laser images. Ignoring this image...
04/08/2021 02:43:50 AM: minime90/mrh/2015/20150624/Images\MRH_X_20150624_233913_006.img not bounded by laser images. Ignoring this image...
04/08/2021 02:43:50 AM: minime90/mrh/2015/20150624/Images\MRH_X_20150624_234221_007.img not bounded by laser images. Ignoring this image...
04/08/2021 02:43:50 AM: minime90/mrh/2015/20150624/Images\MRH_X_20150624_234529_008.img not bounded by laser images. Ignoring this image...
04/08/2021 02:43:50 AM: minime90/mrh/2015/20150624/Images\MRH_X_20150624_234837_009.img not bounded by laser images. Ignoring this image...
04/08/2021 02:43:50 AM: minime90/mrh/2015/20150624/Images\MRH_X_20150625_000203_013.img is looking too close to the moon (11.9 deg). Ignoring this image...
04/08/2021 02:43:50 AM: minime90/mrh/2015/20150624/Images\MRH_X_20150625_000822_015.img is looking too close to the moon (36.1 deg). Ignoring this image...
04/08/2021 02:43:50 AM: minime90/mrh/2015/20150624/Images\MRH_X_20150625_001131_016.img is looking too close to the moon (31.5 deg). Ignoring this image...
04/08/2021 02:43:50 AM: minime90/mrh/2015/20150624/Images\MRH_X_20150625_001439_017.img is looking too close to the moon (31.0 deg). Ignoring this image...
04/08/2021 02:43:50 AM: minime90/mrh/2015/20150624/Images\MRH_X_20150625_001747_018.img is looking too close to the moon (30.5 deg). Ignoring this image...
04/08/2021 02:43:50 AM: minime90/mrh/2015/20150624/Images\MRH_X_20150625_002055_019.img is looking too close to the moon (30.0 deg). Ignoring this image...
04/08/2021 02:43:50 AM: minime90/mrh/2015/20150624/Images\MRH_X_20150625_003421_023.img is looking too close to the moon (18.2 deg). Ignoring this image...
04/08/2021 02:43:50 AM: minime90/mrh/2015/20150624/Images\MRH_X_20150625_004040_025.img is looking too close to the moon (28.3 deg). Ignoring this image...
04/08/2021 02:43:50 AM: minime90/mrh/2015/20150624/Images\MRH_X_20150625_004349_026.img is looking too close to the moon (26.9 deg). Ignoring this image...
04/08/2021 02:43:50 AM: minime90/mrh/2015/20150624/Images\MRH_X_20150625_004657_027.img is looking too close to the moon (26.5 deg). Ignoring this image...
04/08/2021 02:43:50 AM: minime90/mrh/2015/20150624/Images\MRH_X_20150625_005005_028.img is looking too close to the moon (26.2 deg). Ignoring this image...
04/08/2021 02:43:50 AM: minime90/mrh/2015/20150624/Images\MRH_X_20150625_005313_029.img is looking too close to the moon (25.8 deg). Ignoring this image...
04/08/2021 02:43:50 AM: minime90/mrh/2015/20150624/Images\MRH_X_20150625_010639_033.img is looking too close to the moon (25.4 deg). Ignoring this image...
04/08/2021 02:43:50 AM: minime90/mrh/2015/20150624/Images\MRH_X_20150625_011258_035.img is looking too close to the moon (20.5 deg). Ignoring this image...
04/08/2021 02:43:50 AM: minime90/mrh/2015/20150624/Images\MRH_X_20150625_011607_036.img is looking too close to the moon (24.0 deg). Ignoring this image...
04/08/2021 02:43:50 AM: minime90/mrh/2015/20150624/Images\MRH_X_20150625_011915_037.img is looking too close to the moon (23.8 deg). Ignoring this image...
04/08/2021 02:43:50 AM: minime90/mrh/2015/20150624/Images\MRH_X_20150625_012223_038.img is looking too close to the moon (23.7 deg). Ignoring this image...
04/08/2021 02:43:50 AM: minime90/mrh/2015/20150624/Images\MRH_X_20150625_012531_039.img is looking too close to the moon (23.6 deg). Ignoring this image...
04/08/2021 02:43:50 AM: minime90/mrh/2015/20150624/Images\MRH_X_20150625_013857_043.img is looking too close to the moon (32.8 deg). Ignoring this image...
04/08/2021 02:43:50 AM: minime90/mrh/2015/20150624/Images\MRH_X_20150625_014207_044.img is looking too close to the moon (36.7 deg). Ignoring this image...
04/08/2021 02:43:50 AM: minime90/mrh/2015/20150624/Images\MRH_X_20150625_014516_045.img is looking too close to the moon (13.0 deg). Ignoring this image...
04/08/2021 02:43:50 AM: minime90/mrh/2015/20150624/Images\MRH_X_20150625_014825_046.img is looking too close to the moon (23.5 deg). Ignoring this image...
04/08/2021 02:43:50 AM: minime90/mrh/2015/20150624/Images\MRH_X_20150625_015133_047.img is looking too close to the moon (23.6 deg). Ignoring this image...
04/08/2021 02:43:50 AM: minime90/mrh/2015/20150624/Images\MRH_X_20150625_015441_048.img is looking too close to the moon (23.7 deg). Ignoring this image...
04/08/2021 02:43:50 AM: minime90/mrh/2015/20150624/Images\MRH_X_20150625_015749_049.img is looking too close to the moon (23.9 deg). Ignoring this image...
04/08/2021 02:43:50 AM: minime90/mrh/2015/20150624/Images\MRH_X_20150625_021425_054.img is looking too close to the moon (36.0 deg). Ignoring this image...
04/08/2021 02:43:50 AM: minime90/mrh/2015/20150624/Images\MRH_X_20150625_021734_055.img is looking too close to the moon (6.4 deg). Ignoring this image...
04/08/2021 02:43:50 AM: minime90/mrh/2015/20150624/Images\MRH_X_20150625_022043_056.img is looking too close to the moon (25.4 deg). Ignoring this image...
04/08/2021 02:43:50 AM: minime90/mrh/2015/20150624/Images\MRH_X_20150625_022351_057.img is looking too close to the moon (25.7 deg). Ignoring this image...
04/08/2021 02:43:50 AM: minime90/mrh/2015/20150624/Images\MRH_X_20150625_022659_058.img is looking too close to the moon (26.1 deg). Ignoring this image...
04/08/2021 02:43:50 AM: minime90/mrh/2015/20150624/Images\MRH_X_20150625_023007_059.img is looking too close to the moon (26.4 deg). Ignoring this image...
04/08/2021 02:43:50 AM: minime90/mrh/2015/20150624/Images\MRH_X_20150625_024643_064.img is looking too close to the moon (36.7 deg). Ignoring this image...
04/08/2021 02:43:50 AM: minime90/mrh/2015/20150624/Images\MRH_X_20150625_024952_065.img is looking too close to the moon (6.2 deg). Ignoring this image...
04/08/2021 02:43:50 AM: minime90/mrh/2015/20150624/Images\MRH_X_20150625_025301_066.img is looking too close to the moon (29.5 deg). Ignoring this image...
04/08/2021 02:43:50 AM: minime90/mrh/2015/20150624/Images\MRH_X_20150625_025609_067.img is looking too close to the moon (30.0 deg). Ignoring this image...
04/08/2021 02:43:50 AM: minime90/mrh/2015/20150624/Images\MRH_X_20150625_025917_068.img is looking too close to the moon (30.5 deg). Ignoring this image...
04/08/2021 02:43:50 AM: minime90/mrh/2015/20150624/Images\MRH_X_20150625_030225_069.img is looking too close to the moon (30.9 deg). Ignoring this image...
04/08/2021 02:43:50 AM: minime90/mrh/2015/20150624/Images\MRH_X_20150625_032210_075.img is looking too close to the moon (12.6 deg). Ignoring this image...
04/08/2021 02:43:50 AM: minime90/mrh/2015/20150624/Images\MRH_X_20150625_032519_076.img is looking too close to the moon (34.8 deg). Ignoring this image...
04/08/2021 02:43:50 AM: minime90/mrh/2015/20150624/Images\MRH_X_20150625_032827_077.img is looking too close to the moon (35.3 deg). Ignoring this image...
04/08/2021 02:43:50 AM: minime90/mrh/2015/20150624/Images\MRH_X_20150625_033135_078.img is looking too close to the moon (35.9 deg). Ignoring this image...
04/08/2021 02:43:50 AM: minime90/mrh/2015/20150624/Images\MRH_X_20150625_033443_079.img is looking too close to the moon (36.5 deg). Ignoring this image...
04/08/2021 02:43:50 AM: minime90/mrh/2015/20150624/Images\MRH_X_20150625_035428_085.img is looking too close to the moon (20.1 deg). Ignoring this image...
04/08/2021 02:43:50 AM: minime90/mrh/2015/20150624/Images\MRH_X_20150625_042646_095.img is looking too close to the moon (27.7 deg). Ignoring this image...
04/08/2021 02:43:50 AM: minime90/mrh/2015/20150624/Images\MRH_X_20150625_045904_105.img is looking too close to the moon (35.4 deg). Ignoring this image...
04/08/2021 02:43:57 AM: minime90/mrh/2015/20150624/Images\MRH_X_20150624_235234_010.img reduced chisqr: 1.3390.
			Message:"Tolerance seems to be too small."
04/08/2021 02:44:04 AM: minime90/mrh/2015/20150624/Images\MRH_X_20150624_235545_011.img reduced chisqr: 1.3364.
			Message:"Tolerance seems to be too small."
04/08/2021 02:44:10 AM: minime90/mrh/2015/20150624/Images\MRH_X_20150624_235854_012.img reduced chisqr: 1.3659.
			Message:"Tolerance seems to be too small."
04/08/2021 02:44:17 AM: minime90/mrh/2015/20150624/Images\MRH_X_20150625_000513_014.img reduced chisqr: 1.1949.
			Message:"Tolerance seems to be too small."
04/08/2021 02:44:23 AM: minime90/mrh/2015/20150624/Images\MRH_X_20150625_002452_020.img reduced chisqr: 1.5232.
			Message:"Tolerance seems to be too small."
04/08/2021 02:44:30 AM: minime90/mrh/2015/20150624/Images\MRH_X_20150625_002803_021.img reduced chisqr: 2.3877.
			Message:"Tolerance seems to be too small."
04/08/2021 02:44:36 AM: minime90/mrh/2015/20150624/Images\MRH_X_20150625_003112_022.img reduced chisqr: 1.1736.
			Message:"Tolerance seems to be too small."
04/08/2021 02:44:43 AM: minime90/mrh/2015/20150624/Images\MRH_X_20150625_003731_024.img reduced chisqr: 1.4185.
			Message:"Tolerance seems to be too small."
04/08/2021 02:44:49 AM: minime90/mrh/2015/20150624/Images\MRH_X_20150625_005710_030.img reduced chisqr: 1.5611.
			Message:"Tolerance seems to be too small."
04/08/2021 02:44:56 AM: minime90/mrh/2015/20150624/Images\MRH_X_20150625_010021_031.img reduced chisqr: 1.2426.
			Message:"Tolerance seems to be too small."
04/08/2021 02:45:03 AM: minime90/mrh/2015/20150624/Images\MRH_X_20150625_010330_032.img reduced chisqr: 1.1474.
			Message:"Tolerance seems to be too small."
04/08/2021 02:45:09 AM: minime90/mrh/2015/20150624/Images\MRH_X_20150625_010949_034.img reduced chisqr: 1.1730.
			Message:"Tolerance seems to be too small."
04/08/2021 02:45:16 AM: minime90/mrh/2015/20150624/Images\MRH_X_20150625_012927_040.img reduced chisqr: 1.1440.
			Message:"Tolerance seems to be too small."
04/08/2021 02:45:22 AM: minime90/mrh/2015/20150624/Images\MRH_X_20150625_013239_041.img reduced chisqr: 1.2244.
			Message:"Tolerance seems to be too small."
04/08/2021 02:45:29 AM: minime90/mrh/2015/20150624/Images\MRH_X_20150625_013548_042.img reduced chisqr: 1.3297.
			Message:"Tolerance seems to be too small."
04/08/2021 02:45:35 AM: minime90/mrh/2015/20150624/Images\MRH_X_20150625_020145_050.img reduced chisqr: 1.3624.
			Message:"Tolerance seems to be too small."
04/08/2021 02:45:41 AM: minime90/mrh/2015/20150624/Images\MRH_X_20150625_020457_051.img reduced chisqr: 1.2326.
			Message:"Tolerance seems to be too small."
04/08/2021 02:45:48 AM: minime90/mrh/2015/20150624/Images\MRH_X_20150625_020806_052.img reduced chisqr: 1.2070.
			Message:"Tolerance seems to be too small."
04/08/2021 02:45:54 AM: minime90/mrh/2015/20150624/Images\MRH_X_20150625_021115_053.img reduced chisqr: 1.3537.
			Message:"Tolerance seems to be too small."
04/08/2021 02:46:01 AM: minime90/mrh/2015/20150624/Images\MRH_X_20150625_023404_060.img reduced chisqr: 1.5187.
			Message:"Tolerance seems to be too small."
04/08/2021 02:46:07 AM: minime90/mrh/2015/20150624/Images\MRH_X_20150625_023715_061.img reduced chisqr: 1.1349.
			Message:"Tolerance seems to be too small."
04/08/2021 02:46:14 AM: minime90/mrh/2015/20150624/Images\MRH_X_20150625_024024_062.img reduced chisqr: 1.5534.
			Message:"Tolerance seems to be too small."
04/08/2021 02:46:20 AM: minime90/mrh/2015/20150624/Images\MRH_X_20150625_024333_063.img reduced chisqr: 1.4930.
			Message:"Tolerance seems to be too small."
04/08/2021 02:46:26 AM: minime90/mrh/2015/20150624/Images\MRH_X_20150625_030622_070.img reduced chisqr: 1.7163.
			Message:"Tolerance seems to be too small."
04/08/2021 02:46:33 AM: minime90/mrh/2015/20150624/Images\MRH_X_20150625_030933_071.img reduced chisqr: 1.6308.
			Message:"Tolerance seems to be too small."
04/08/2021 02:46:39 AM: minime90/mrh/2015/20150624/Images\MRH_X_20150625_031242_072.img reduced chisqr: 1.4580.
			Message:"Tolerance seems to be too small."
04/08/2021 02:46:46 AM: minime90/mrh/2015/20150624/Images\MRH_X_20150625_031551_073.img reduced chisqr: 1.2641.
			Message:"Tolerance seems to be too small."
04/08/2021 02:46:52 AM: minime90/mrh/2015/20150624/Images\MRH_X_20150625_031901_074.img reduced chisqr: 1.4925.
			Message:"Tolerance seems to be too small."
04/08/2021 02:46:59 AM: minime90/mrh/2015/20150624/Images\MRH_X_20150625_033840_080.img reduced chisqr: 1.5738.
			Message:"Tolerance seems to be too small."
04/08/2021 02:47:05 AM: minime90/mrh/2015/20150624/Images\MRH_X_20150625_034151_081.img reduced chisqr: 1.2900.
			Message:"Tolerance seems to be too small."
04/08/2021 02:47:12 AM: minime90/mrh/2015/20150624/Images\MRH_X_20150625_034500_082.img reduced chisqr: 1.4958.
			Message:"Tolerance seems to be too small."
04/08/2021 02:47:18 AM: minime90/mrh/2015/20150624/Images\MRH_X_20150625_034810_083.img reduced chisqr: 1.3278.
			Message:"Tolerance seems to be too small."
04/08/2021 02:47:24 AM: minime90/mrh/2015/20150624/Images\MRH_X_20150625_035119_084.img reduced chisqr: 1.6739.
			Message:"Tolerance seems to be too small."
04/08/2021 02:47:31 AM: minime90/mrh/2015/20150624/Images\MRH_X_20150625_035738_086.img reduced chisqr: 1.5918.
			Message:"Tolerance seems to be too small."
04/08/2021 02:47:37 AM: minime90/mrh/2015/20150624/Images\MRH_X_20150625_040046_087.img reduced chisqr: 1.3312.
			Message:"Tolerance seems to be too small."
04/08/2021 02:47:44 AM: minime90/mrh/2015/20150624/Images\MRH_X_20150625_040354_088.img reduced chisqr: 1.5699.
			Message:"Tolerance seems to be too small."
04/08/2021 02:47:50 AM: minime90/mrh/2015/20150624/Images\MRH_X_20150625_040701_089.img reduced chisqr: 1.4185.
			Message:"Tolerance seems to be too small."
04/08/2021 02:47:56 AM: minime90/mrh/2015/20150624/Images\MRH_X_20150625_041058_090.img reduced chisqr: 1.7389.
			Message:"Tolerance seems to be too small."
04/08/2021 02:48:03 AM: minime90/mrh/2015/20150624/Images\MRH_X_20150625_041409_091.img reduced chisqr: 1.4760.
			Message:"Tolerance seems to be too small."
04/08/2021 02:48:09 AM: minime90/mrh/2015/20150624/Images\MRH_X_20150625_041718_092.img reduced chisqr: 1.3312.
			Message:"Tolerance seems to be too small."
04/08/2021 02:48:15 AM: minime90/mrh/2015/20150624/Images\MRH_X_20150625_042027_093.img reduced chisqr: 1.4190.
			Message:"Tolerance seems to be too small."
04/08/2021 02:48:22 AM: minime90/mrh/2015/20150624/Images\MRH_X_20150625_042337_094.img reduced chisqr: 1.4106.
			Message:"Tolerance seems to be too small."
04/08/2021 02:48:28 AM: minime90/mrh/2015/20150624/Images\MRH_X_20150625_042955_096.img reduced chisqr: 1.4827.
			Message:"Tolerance seems to be too small."
04/08/2021 02:48:34 AM: minime90/mrh/2015/20150624/Images\MRH_X_20150625_043303_097.img reduced chisqr: 1.4844.
			Message:"Tolerance seems to be too small."
04/08/2021 02:48:41 AM: minime90/mrh/2015/20150624/Images\MRH_X_20150625_043611_098.img reduced chisqr: 1.4492.
			Message:"Tolerance seems to be too small."
04/08/2021 02:48:47 AM: minime90/mrh/2015/20150624/Images\MRH_X_20150625_043919_099.img reduced chisqr: 1.4685.
			Message:"Tolerance seems to be too small."
04/08/2021 02:48:53 AM: minime90/mrh/2015/20150624/Images\MRH_X_20150625_044315_100.img reduced chisqr: 1.3015.
			Message:"Tolerance seems to be too small."
04/08/2021 02:48:59 AM: minime90/mrh/2015/20150624/Images\MRH_X_20150625_044627_101.img reduced chisqr: 1.3686.
			Message:"Tolerance seems to be too small."
04/08/2021 02:49:06 AM: minime90/mrh/2015/20150624/Images\MRH_X_20150625_044936_102.img reduced chisqr: 1.2396.
			Message:"Tolerance seems to be too small."
04/08/2021 02:49:12 AM: minime90/mrh/2015/20150624/Images\MRH_X_20150625_045245_103.img reduced chisqr: 1.4469.
			Message:"Tolerance seems to be too small."
04/08/2021 02:49:18 AM: minime90/mrh/2015/20150624/Images\MRH_X_20150625_045555_104.img reduced chisqr: 1.2533.
			Message:"Tolerance seems to be too small."
04/08/2021 02:49:25 AM: minime90/mrh/2015/20150624/Images\MRH_X_20150625_050213_106.img reduced chisqr: 1.3285.
			Message:"Tolerance seems to be too small."
04/08/2021 02:49:31 AM: minime90/mrh/2015/20150624/Images\MRH_X_20150625_050521_107.img reduced chisqr: 1.4634.
			Message:"Tolerance seems to be too small."
04/08/2021 02:49:37 AM: minime90/mrh/2015/20150624/Images\MRH_X_20150625_050829_108.img reduced chisqr: 1.5739.
			Message:"Tolerance seems to be too small."
04/08/2021 02:49:44 AM: minime90/mrh/2015/20150624/Images\MRH_X_20150625_051137_109.img reduced chisqr: 1.3776.
			Message:"Tolerance seems to be too small."
04/08/2021 02:49:50 AM: minime90/mrh/2015/20150624/Images\MRH_X_20150625_051533_110.img reduced chisqr: 1.1739.
			Message:"Tolerance seems to be too small."
04/08/2021 02:49:57 AM: minime90/mrh/2015/20150624/Images\MRH_X_20150625_051845_111.img reduced chisqr: 1.3213.
			Message:"Tolerance seems to be too small."
04/08/2021 02:50:03 AM: minime90/mrh/2015/20150624/Images\MRH_X_20150625_052154_112.img reduced chisqr: 1.4233.
			Message:"Tolerance seems to be too small."
04/08/2021 02:50:10 AM: minime90/mrh/2015/20150624/Images\MRH_X_20150625_052503_113.img reduced chisqr: 1.5334.
			Message:"Tolerance seems to be too small."
04/08/2021 02:50:16 AM: minime90/mrh/2015/20150624/Images\MRH_X_20150625_052813_114.img reduced chisqr: 1.3462.
			Message:"Tolerance seems to be too small."
04/08/2021 02:50:22 AM: minime90/mrh/2015/20150624/Images\MRH_X_20150625_053122_115.img reduced chisqr: 1.3488.
			Message:"Tolerance seems to be too small."
04/08/2021 02:50:29 AM: minime90/mrh/2015/20150624/Images\MRH_X_20150625_053431_116.img reduced chisqr: 1.2076.
			Message:"Tolerance seems to be too small."
04/08/2021 02:50:35 AM: minime90/mrh/2015/20150624/Images\MRH_X_20150625_053739_117.img reduced chisqr: 1.4396.
			Message:"Tolerance seems to be too small."
04/08/2021 02:50:42 AM: minime90/mrh/2015/20150624/Images\MRH_X_20150625_054047_118.img reduced chisqr: 1.1426.
			Message:"Tolerance seems to be too small."
04/08/2021 02:50:48 AM: minime90/mrh/2015/20150624/Images\MRH_X_20150625_054355_119.img reduced chisqr: 1.1957.
			Message:"Tolerance seems to be too small."
04/08/2021 02:50:55 AM: minime90/mrh/2015/20150624/Images\MRH_X_20150625_054751_120.img reduced chisqr: 1.3751.
			Message:"Tolerance seems to be too small."
04/08/2021 02:51:02 AM: minime90/mrh/2015/20150624/Images\MRH_X_20150625_055103_121.img reduced chisqr: 1.2922.
			Message:"Tolerance seems to be too small."
04/08/2021 02:51:08 AM: minime90/mrh/2015/20150624/Images\MRH_X_20150625_055412_122.img reduced chisqr: 1.1820.
			Message:"Tolerance seems to be too small."
04/08/2021 02:51:15 AM: minime90/mrh/2015/20150624/Images\MRH_X_20150625_055721_123.img reduced chisqr: 1.2593.
			Message:"Tolerance seems to be too small."
04/08/2021 02:51:21 AM: minime90/mrh/2015/20150624/Images\MRH_X_20150625_060031_124.img reduced chisqr: 1.3192.
			Message:"Tolerance seems to be too small."
04/08/2021 02:51:28 AM: minime90/mrh/2015/20150624/Images\MRH_X_20150625_060340_125.img reduced chisqr: 1.2614.
			Message:"Tolerance seems to be too small."
04/08/2021 02:51:34 AM: minime90/mrh/2015/20150624/Images\MRH_X_20150625_060649_126.img reduced chisqr: 1.2515.
			Message:"Tolerance seems to be too small."
04/08/2021 02:51:41 AM: minime90/mrh/2015/20150624/Images\MRH_X_20150625_060957_127.img reduced chisqr: 1.4921.
			Message:"Tolerance seems to be too small."
04/08/2021 02:51:47 AM: minime90/mrh/2015/20150624/Images\MRH_X_20150625_061305_128.img reduced chisqr: 1.3414.
			Message:"Tolerance seems to be too small."
04/08/2021 02:51:54 AM: minime90/mrh/2015/20150624/Images\MRH_X_20150625_061613_129.img reduced chisqr: 1.2634.
			Message:"Tolerance seems to be too small."
04/08/2021 02:52:00 AM: minime90/mrh/2015/20150624/Images\MRH_X_20150625_062009_130.img reduced chisqr: 1.3014.
			Message:"Tolerance seems to be too small."
04/08/2021 02:52:06 AM: minime90/mrh/2015/20150624/Images\MRH_X_20150625_062321_131.img reduced chisqr: 1.3864.
			Message:"Tolerance seems to be too small."
04/08/2021 02:52:13 AM: minime90/mrh/2015/20150624/Images\MRH_X_20150625_062630_132.img reduced chisqr: 1.3450.
			Message:"Tolerance seems to be too small."
04/08/2021 02:52:19 AM: minime90/mrh/2015/20150624/Images\MRH_X_20150625_062939_133.img reduced chisqr: 1.2244.
			Message:"Tolerance seems to be too small."
04/08/2021 02:52:25 AM: minime90/mrh/2015/20150624/Images\MRH_X_20150625_063249_134.img reduced chisqr: 1.2214.
			Message:"Tolerance seems to be too small."
04/08/2021 02:52:32 AM: minime90/mrh/2015/20150624/Images\MRH_X_20150625_063558_135.img reduced chisqr: 1.2906.
			Message:"Tolerance seems to be too small."
04/08/2021 02:52:38 AM: minime90/mrh/2015/20150624/Images\MRH_X_20150625_063907_136.img reduced chisqr: 1.2523.
			Message:"Tolerance seems to be too small."
04/08/2021 02:52:45 AM: minime90/mrh/2015/20150624/Images\MRH_X_20150625_064215_137.img reduced chisqr: 1.2045.
			Message:"Tolerance seems to be too small."
04/08/2021 02:52:51 AM: minime90/mrh/2015/20150624/Images\MRH_X_20150625_064523_138.img reduced chisqr: 1.1873.
			Message:"Tolerance seems to be too small."
04/08/2021 02:52:57 AM: minime90/mrh/2015/20150624/Images\MRH_X_20150625_064831_139.img reduced chisqr: 1.2829.
			Message:"Tolerance seems to be too small."
04/08/2021 02:53:04 AM: minime90/mrh/2015/20150624/Images\MRH_X_20150625_065227_140.img reduced chisqr: 1.4205.
			Message:"Tolerance seems to be too small."
04/08/2021 02:53:10 AM: minime90/mrh/2015/20150624/Images\MRH_X_20150625_065539_141.img reduced chisqr: 1.2825.
			Message:"Tolerance seems to be too small."
04/08/2021 02:53:17 AM: minime90/mrh/2015/20150624/Images\MRH_X_20150625_065848_142.img reduced chisqr: 1.3746.
			Message:"Tolerance seems to be too small."
04/08/2021 02:53:23 AM: minime90/mrh/2015/20150624/Images\MRH_X_20150625_070157_143.img reduced chisqr: 1.1498.
			Message:"Tolerance seems to be too small."
04/08/2021 02:53:29 AM: minime90/mrh/2015/20150624/Images\MRH_X_20150625_070507_144.img reduced chisqr: 1.5899.
			Message:"Tolerance seems to be too small."
04/08/2021 02:53:36 AM: minime90/mrh/2015/20150624/Images\MRH_X_20150625_070816_145.img reduced chisqr: 1.4737.
			Message:"Tolerance seems to be too small."
04/08/2021 02:53:42 AM: minime90/mrh/2015/20150624/Images\MRH_X_20150625_071125_146.img reduced chisqr: 1.3821.
			Message:"Tolerance seems to be too small."
04/08/2021 02:53:49 AM: minime90/mrh/2015/20150624/Images\MRH_X_20150625_071433_147.img reduced chisqr: 1.3808.
			Message:"Tolerance seems to be too small."
04/08/2021 02:53:55 AM: minime90/mrh/2015/20150624/Images\MRH_X_20150625_071741_148.img reduced chisqr: 1.6575.
			Message:"Tolerance seems to be too small."
04/08/2021 02:54:02 AM: minime90/mrh/2015/20150624/Images\MRH_X_20150625_072049_149.img reduced chisqr: 1.5679.
			Message:"Tolerance seems to be too small."
04/08/2021 02:54:08 AM: minime90/mrh/2015/20150624/Images\MRH_X_20150625_072445_150.img reduced chisqr: 1.6885.
			Message:"Tolerance seems to be too small."
04/08/2021 02:54:14 AM: minime90/mrh/2015/20150624/Images\MRH_X_20150625_072756_151.img reduced chisqr: 1.4901.
			Message:"Tolerance seems to be too small."
04/08/2021 02:54:21 AM: minime90/mrh/2015/20150624/Images\MRH_X_20150625_073106_152.img reduced chisqr: 1.3877.
			Message:"Tolerance seems to be too small."
04/08/2021 02:54:27 AM: minime90/mrh/2015/20150624/Images\MRH_X_20150625_073415_153.img reduced chisqr: 1.3847.
			Message:"Tolerance seems to be too small."
04/08/2021 02:54:34 AM: minime90/mrh/2015/20150624/Images\MRH_X_20150625_073724_154.img reduced chisqr: 1.4021.
			Message:"Tolerance seems to be too small."
04/08/2021 02:54:40 AM: minime90/mrh/2015/20150624/Images\MRH_X_20150625_074034_155.img reduced chisqr: 1.6020.
			Message:"Tolerance seems to be too small."
04/08/2021 02:54:47 AM: minime90/mrh/2015/20150624/Images\MRH_X_20150625_074343_156.img reduced chisqr: 1.3279.
			Message:"Tolerance seems to be too small."
04/08/2021 02:54:53 AM: minime90/mrh/2015/20150624/Images\MRH_X_20150625_074651_157.img reduced chisqr: 1.0926.
			Message:"Tolerance seems to be too small."
04/08/2021 02:55:00 AM: minime90/mrh/2015/20150624/Images\MRH_X_20150625_074959_158.img reduced chisqr: 1.4028.
			Message:"Tolerance seems to be too small."
04/08/2021 02:55:06 AM: minime90/mrh/2015/20150624/Images\MRH_X_20150625_075307_159.img reduced chisqr: 1.4953.
			Message:"Tolerance seems to be too small."
04/08/2021 02:55:13 AM: minime90/mrh/2015/20150624/Images\MRH_X_20150625_075703_160.img reduced chisqr: 1.7502.
			Message:"Tolerance seems to be too small."
04/08/2021 02:55:19 AM: minime90/mrh/2015/20150624/Images\MRH_X_20150625_080014_161.img reduced chisqr: 1.2536.
			Message:"Tolerance seems to be too small."
04/08/2021 02:55:26 AM: minime90/mrh/2015/20150624/Images\MRH_X_20150625_080323_162.img reduced chisqr: 1.2263.
			Message:"Tolerance seems to be too small."
04/08/2021 02:55:32 AM: minime90/mrh/2015/20150624/Images\MRH_X_20150625_080632_163.img reduced chisqr: 1.5461.
			Message:"Tolerance seems to be too small."
04/08/2021 02:55:39 AM: minime90/mrh/2015/20150624/Images\MRH_X_20150625_080942_164.img reduced chisqr: 1.2643.
			Message:"Tolerance seems to be too small."
04/08/2021 02:55:45 AM: minime90/mrh/2015/20150624/Images\MRH_X_20150625_081251_165.img reduced chisqr: 1.3385.
			Message:"Tolerance seems to be too small."
04/08/2021 02:55:52 AM: minime90/mrh/2015/20150624/Images\MRH_X_20150625_081600_166.img reduced chisqr: 1.3866.
			Message:"Tolerance seems to be too small."
04/08/2021 02:55:58 AM: minime90/mrh/2015/20150624/Images\MRH_X_20150625_081909_167.img reduced chisqr: 1.0516.
			Message:"Tolerance seems to be too small."
04/08/2021 02:56:04 AM: minime90/mrh/2015/20150624/Images\MRH_X_20150625_082218_168.img reduced chisqr: 1.2680.
			Message:"Tolerance seems to be too small."
04/08/2021 02:56:11 AM: minime90/mrh/2015/20150624/Images\MRH_X_20150625_082526_169.img reduced chisqr: 1.1228.
			Message:"Tolerance seems to be too small."
04/08/2021 02:56:17 AM: minime90/mrh/2015/20150624/Images\MRH_X_20150625_082922_170.img reduced chisqr: 1.0880.
			Message:"Tolerance seems to be too small."
04/08/2021 02:56:23 AM: minime90/mrh/2015/20150624/Images\MRH_X_20150625_083233_171.img reduced chisqr: 1.0482.
			Message:"Tolerance seems to be too small."
04/08/2021 02:56:30 AM: minime90/mrh/2015/20150624/Images\MRH_X_20150625_083542_172.img reduced chisqr: 0.9869.
			Message:"Tolerance seems to be too small."
04/08/2021 02:56:36 AM: minime90/mrh/2015/20150624/Images\MRH_X_20150625_083851_173.img reduced chisqr: 1.0729.
			Message:"Tolerance seems to be too small."
04/08/2021 02:56:42 AM: minime90/mrh/2015/20150624/Images\MRH_X_20150625_084201_174.img reduced chisqr: 0.9914.
			Message:"Tolerance seems to be too small."
04/08/2021 02:56:49 AM: minime90/mrh/2015/20150624/Images\MRH_X_20150625_084510_175.img reduced chisqr: 1.1412.
			Message:"Tolerance seems to be too small."
04/08/2021 02:56:55 AM: minime90/mrh/2015/20150624/Images\MRH_X_20150625_084819_176.img reduced chisqr: 0.9826.
			Message:"Tolerance seems to be too small."
04/08/2021 02:57:02 AM: minime90/mrh/2015/20150624/Images\MRH_X_20150625_085127_177.img reduced chisqr: 1.2068.
			Message:"Tolerance seems to be too small."
04/08/2021 02:57:08 AM: minime90/mrh/2015/20150624/Images\MRH_X_20150625_085435_178.img reduced chisqr: 1.0746.
			Message:"Tolerance seems to be too small."
04/08/2021 02:57:15 AM: minime90/mrh/2015/20150624/Images\MRH_X_20150625_085743_179.img reduced chisqr: 1.2305.
			Message:"Tolerance seems to be too small."
04/08/2021 02:57:21 AM: minime90/mrh/2015/20150624/Images\MRH_X_20150625_090140_180.img reduced chisqr: 1.0835.
			Message:"Tolerance seems to be too small."
04/08/2021 02:57:28 AM: minime90/mrh/2015/20150624/Images\MRH_X_20150625_090451_181.img reduced chisqr: 1.2091.
			Message:"Tolerance seems to be too small."
04/08/2021 02:57:34 AM: minime90/mrh/2015/20150624/Images\MRH_X_20150625_090800_182.img reduced chisqr: 1.0847.
			Message:"Tolerance seems to be too small."
04/08/2021 02:57:40 AM: minime90/mrh/2015/20150624/Images\MRH_X_20150625_091109_183.img reduced chisqr: 0.9780.
			Message:"Tolerance seems to be too small."
04/08/2021 02:57:47 AM: minime90/mrh/2015/20150624/Images\MRH_X_20150625_091419_184.img reduced chisqr: 1.0833.
			Message:"Tolerance seems to be too small."
04/08/2021 02:57:53 AM: minime90/mrh/2015/20150624/Images\MRH_X_20150625_091728_185.img reduced chisqr: 0.9338.
			Message:"Tolerance seems to be too small."
04/08/2021 02:58:00 AM: minime90/mrh/2015/20150624/Images\MRH_X_20150625_092037_186.img reduced chisqr: 1.0410.
			Message:"Tolerance seems to be too small."
04/08/2021 02:58:06 AM: minime90/mrh/2015/20150624/Images\MRH_X_20150625_092345_187.img reduced chisqr: 0.9957.
			Message:"Tolerance seems to be too small."
04/08/2021 02:58:13 AM: minime90/mrh/2015/20150624/Images\MRH_X_20150625_092653_188.img reduced chisqr: 1.0262.
			Message:"Tolerance seems to be too small."
04/08/2021 02:58:19 AM: minime90/mrh/2015/20150624/Images\MRH_X_20150625_093001_189.img reduced chisqr: 1.0374.
			Message:"Tolerance seems to be too small."
04/08/2021 02:58:25 AM: minime90/mrh/2015/20150624/Images\MRH_X_20150625_093357_190.img reduced chisqr: 0.9727.
			Message:"Tolerance seems to be too small."
04/08/2021 02:58:32 AM: minime90/mrh/2015/20150624/Images\MRH_X_20150625_093709_191.img reduced chisqr: 1.0987.
			Message:"Tolerance seems to be too small."
04/08/2021 02:58:38 AM: minime90/mrh/2015/20150624/Images\MRH_X_20150625_094018_192.img reduced chisqr: 1.2492.
			Message:"Tolerance seems to be too small."
04/08/2021 02:58:45 AM: minime90/mrh/2015/20150624/Images\MRH_X_20150625_094327_193.img reduced chisqr: 1.1678.
			Message:"Tolerance seems to be too small."
04/08/2021 02:58:51 AM: minime90/mrh/2015/20150624/Images\MRH_X_20150625_094637_194.img reduced chisqr: 1.0408.
			Message:"Tolerance seems to be too small."
04/08/2021 02:58:57 AM: minime90/mrh/2015/20150624/Images\MRH_X_20150625_094946_195.img reduced chisqr: 1.2101.
			Message:"Tolerance seems to be too small."
04/08/2021 02:59:04 AM: minime90/mrh/2015/20150624/Images\MRH_X_20150625_095255_196.img reduced chisqr: 1.4028.
			Message:"Tolerance seems to be too small."
04/08/2021 02:59:10 AM: minime90/mrh/2015/20150624/Images\MRH_X_20150625_095603_197.img reduced chisqr: 1.1622.
			Message:"Tolerance seems to be too small."
04/08/2021 02:59:16 AM: minime90/mrh/2015/20150624/Images\MRH_X_20150625_095911_198.img reduced chisqr: 1.1575.
			Message:"Tolerance seems to be too small."
04/08/2021 02:59:23 AM: minime90/mrh/2015/20150624/Images\MRH_X_20150625_100219_199.img reduced chisqr: 1.2973.
			Message:"Tolerance seems to be too small."
04/08/2021 02:59:29 AM: minime90/mrh/2015/20150624/Images\MRH_X_20150625_100615_200.img reduced chisqr: 0.9912.
			Message:"Tolerance seems to be too small."
04/08/2021 02:59:35 AM: minime90/mrh/2015/20150624/Images\MRH_X_20150625_100927_201.img reduced chisqr: 1.1276.
			Message:"Tolerance seems to be too small."
04/08/2021 02:59:41 AM: minime90/mrh/2015/20150624/Images\MRH_X_20150625_101236_202.img reduced chisqr: 1.2592.
			Message:"Tolerance seems to be too small."
04/08/2021 02:59:48 AM: minime90/mrh/2015/20150624/Images\MRH_X_20150625_101545_203.img reduced chisqr: 1.3942.
			Message:"Tolerance seems to be too small."
04/08/2021 02:59:54 AM: minime90/mrh/2015/20150624/Images\MRH_X_20150625_101855_204.img reduced chisqr: 1.2706.
			Message:"Tolerance seems to be too small."
04/08/2021 03:00:01 AM: minime90/mrh/2015/20150624/Images\MRH_X_20150625_102204_205.img reduced chisqr: 1.1756.
			Message:"Tolerance seems to be too small."
04/08/2021 03:00:07 AM: minime90/mrh/2015/20150624/Images\MRH_X_20150625_102513_206.img reduced chisqr: 1.0597.
			Message:"Tolerance seems to be too small."
04/08/2021 03:00:13 AM: minime90/mrh/2015/20150624/Images\MRH_X_20150625_102821_207.img reduced chisqr: 1.2117.
			Message:"Tolerance seems to be too small."
04/08/2021 03:00:20 AM: minime90/mrh/2015/20150624/Images\MRH_X_20150625_103129_208.img reduced chisqr: 0.9876.
			Message:"Tolerance seems to be too small."
04/08/2021 03:00:26 AM: minime90/mrh/2015/20150624/Images\MRH_X_20150625_103437_209.img reduced chisqr: 1.2607.
			Message:"Tolerance seems to be too small."
04/08/2021 03:00:33 AM: minime90/mrh/2015/20150624/Images\MRH_X_20150625_103833_210.img reduced chisqr: 1.4403.
			Message:"Tolerance seems to be too small."
04/08/2021 03:00:39 AM: minime90/mrh/2015/20150624/Images\MRH_X_20150625_104145_211.img reduced chisqr: 1.9009.
			Message:"Tolerance seems to be too small."
04/08/2021 03:00:45 AM: minime90/mrh/2015/20150624/Images\MRH_X_20150625_104454_212.img reduced chisqr: 2.7743.
			Message:"Tolerance seems to be too small."
04/08/2021 03:00:45 AM: WARNING: Exposure time is not changing.
04/08/2021 03:00:46 AM: Created diagnostic plots.
04/08/2021 03:00:46 AM: Laser and sky image analysis complete.
04/08/2021 03:00:46 AM: No Boltwood cloud sensor data found.
04/08/2021 03:00:46 AM: No X300 temperature sensor data found.
04/08/2021 03:00:46 AM:  Quality Flag Calculation:
		Manual Wind Flag: 0
		Manual Temperature Flag: 0
		Laser Drift: False
		Sample-specific flags:
		Images\MRH_X_20150624_235234_010.img [no cloud data W1T1] [FINAL: W1T1]
		Images\MRH_X_20150624_235545_011.img [no cloud data W1T1] [FINAL: W1T1]
		Images\MRH_X_20150624_235854_012.img [no cloud data W1T1] [FINAL: W1T1]
		Images\MRH_X_20150625_000513_014.img [no cloud data W1T1] [FINAL: W1T1]
		Images\MRH_X_20150625_002452_020.img [no cloud data W1T1] [FINAL: W1T1]
		Images\MRH_X_20150625_002803_021.img [no cloud data W1T1] [FINAL: W1T1]
		Images\MRH_X_20150625_003112_022.img [no cloud data W1T1] [FINAL: W1T1]
		Images\MRH_X_20150625_003731_024.img [no cloud data W1T1] [FINAL: W1T1]
		Images\MRH_X_20150625_005710_030.img [no cloud data W1T1] [FINAL: W1T1]
		Images\MRH_X_20150625_010021_031.img [no cloud data W1T1] [FINAL: W1T1]
		Images\MRH_X_20150625_010330_032.img [no cloud data W1T1] [FINAL: W1T1]
		Images\MRH_X_20150625_010949_034.img [no cloud data W1T1] [FINAL: W1T1]
		Images\MRH_X_20150625_012927_040.img [no cloud data W1T1] [FINAL: W1T1]
		Images\MRH_X_20150625_013239_041.img [no cloud data W1T1] [FINAL: W1T1]
		Images\MRH_X_20150625_013548_042.img [no cloud data W1T1] [FINAL: W1T1]
		Images\MRH_X_20150625_020145_050.img [no cloud data W1T1] [FINAL: W1T1]
		Images\MRH_X_20150625_020457_051.img [no cloud data W1T1] [FINAL: W1T1]
		Images\MRH_X_20150625_020806_052.img [no cloud data W1T1] [FINAL: W1T1]
		Images\MRH_X_20150625_021115_053.img [no cloud data W1T1] [FINAL: W1T1]
		Images\MRH_X_20150625_023404_060.img [no cloud data W1T1] [FINAL: W1T1]
		Images\MRH_X_20150625_023715_061.img [no cloud data W1T1] [FINAL: W1T1]
		Images\MRH_X_20150625_024024_062.img [no cloud data W1T1] [FINAL: W1T1]
		Images\MRH_X_20150625_024333_063.img [no cloud data W1T1] [FINAL: W1T1]
		Images\MRH_X_20150625_030622_070.img [no cloud data W1T1] [FINAL: W1T1]
		Images\MRH_X_20150625_030933_071.img [no cloud data W1T1] [FINAL: W1T1]
		Images\MRH_X_20150625_031242_072.img [no cloud data W1T1] [FINAL: W1T1]
		Images\MRH_X_20150625_031551_073.img [no cloud data W1T1] [FINAL: W1T1]
		Images\MRH_X_20150625_031901_074.img [no cloud data W1T1] [FINAL: W1T1]
		Images\MRH_X_20150625_033840_080.img [no cloud data W1T1] [FINAL: W1T1]
		Images\MRH_X_20150625_034151_081.img [no cloud data W1T1] [FINAL: W1T1]
		Images\MRH_X_20150625_034500_082.img [no cloud data W1T1] [FINAL: W1T1]
		Images\MRH_X_20150625_034810_083.img [no cloud data W1T1] [FINAL: W1T1]
		Images\MRH_X_20150625_035119_084.img [no cloud data W1T1] [FINAL: W1T1]
		Images\MRH_X_20150625_035738_086.img [no cloud data W1T1] [FINAL: W1T1]
		Images\MRH_X_20150625_040046_087.img [no cloud data W1T1] [FINAL: W1T1]
		Images\MRH_X_20150625_040354_088.img [no cloud data W1T1] [FINAL: W1T1]
		Images\MRH_X_20150625_040701_089.img [no cloud data W1T1] [FINAL: W1T1]
		Images\MRH_X_20150625_041058_090.img [no cloud data W1T1] [FINAL: W1T1]
		Images\MRH_X_20150625_041409_091.img [no cloud data W1T1] [FINAL: W1T1]
		Images\MRH_X_20150625_041718_092.img [no cloud data W1T1] [FINAL: W1T1]
		Images\MRH_X_20150625_042027_093.img [no cloud data W1T1] [FINAL: W1T1]
		Images\MRH_X_20150625_042337_094.img [no cloud data W1T1] [FINAL: W1T1]
		Images\MRH_X_20150625_042955_096.img [no cloud data W1T1] [FINAL: W1T1]
		Images\MRH_X_20150625_043303_097.img [no cloud data W1T1] [FINAL: W1T1]
		Images\MRH_X_20150625_043611_098.img [no cloud data W1T1] [FINAL: W1T1]
		Images\MRH_X_20150625_043919_099.img [no cloud data W1T1] [FINAL: W1T1]
		Images\MRH_X_20150625_044315_100.img [no cloud data W1T1] [FINAL: W1T1]
		Images\MRH_X_20150625_044627_101.img [no cloud data W1T1] [FINAL: W1T1]
		Images\MRH_X_20150625_044936_102.img [no cloud data W1T1] [FINAL: W1T1]
		Images\MRH_X_20150625_045245_103.img [no cloud data W1T1] [FINAL: W1T1]
		Images\MRH_X_20150625_045555_104.img [no cloud data W1T1] [FINAL: W1T1]
		Images\MRH_X_20150625_050213_106.img [no cloud data W1T1] [FINAL: W1T1]
		Images\MRH_X_20150625_050521_107.img [no cloud data W1T1] [FINAL: W1T1]
		Images\MRH_X_20150625_050829_108.img [no cloud data W1T1] [FINAL: W1T1]
		Images\MRH_X_20150625_051137_109.img [no cloud data W1T1] [FINAL: W1T1]
		Images\MRH_X_20150625_051533_110.img [no cloud data W1T1] [FINAL: W1T1]
		Images\MRH_X_20150625_051845_111.img [no cloud data W1T1] [FINAL: W1T1]
		Images\MRH_X_20150625_052154_112.img [no cloud data W1T1] [FINAL: W1T1]
		Images\MRH_X_20150625_052503_113.img [no cloud data W1T1] [FINAL: W1T1]
		Images\MRH_X_20150625_052813_114.img [no cloud data W1T1] [FINAL: W1T1]
		Images\MRH_X_20150625_053122_115.img [no cloud data W1T1] [FINAL: W1T1]
		Images\MRH_X_20150625_053431_116.img [no cloud data W1T1] [FINAL: W1T1]
		Images\MRH_X_20150625_053739_117.img [no cloud data W1T1] [FINAL: W1T1]
		Images\MRH_X_20150625_054047_118.img [no cloud data W1T1] [FINAL: W1T1]
		Images\MRH_X_20150625_054355_119.img [no cloud data W1T1] [FINAL: W1T1]
		Images\MRH_X_20150625_054751_120.img [no cloud data W1T1] [FINAL: W1T1]
		Images\MRH_X_20150625_055103_121.img [no cloud data W1T1] [FINAL: W1T1]
		Images\MRH_X_20150625_055412_122.img [no cloud data W1T1] [FINAL: W1T1]
		Images\MRH_X_20150625_055721_123.img [no cloud data W1T1] [FINAL: W1T1]
		Images\MRH_X_20150625_060031_124.img [no cloud data W1T1] [FINAL: W1T1]
		Images\MRH_X_20150625_060340_125.img [no cloud data W1T1] [FINAL: W1T1]
		Images\MRH_X_20150625_060649_126.img [no cloud data W1T1] [FINAL: W1T1]
		Images\MRH_X_20150625_060957_127.img [no cloud data W1T1] [FINAL: W1T1]
		Images\MRH_X_20150625_061305_128.img [no cloud data W1T1] [FINAL: W1T1]
		Images\MRH_X_20150625_061613_129.img [no cloud data W1T1] [FINAL: W1T1]
		Images\MRH_X_20150625_062009_130.img [no cloud data W1T1] [FINAL: W1T1]
		Images\MRH_X_20150625_062321_131.img [no cloud data W1T1] [FINAL: W1T1]
		Images\MRH_X_20150625_062630_132.img [no cloud data W1T1] [FINAL: W1T1]
		Images\MRH_X_20150625_062939_133.img [no cloud data W1T1] [FINAL: W1T1]
		Images\MRH_X_20150625_063249_134.img [no cloud data W1T1] [FINAL: W1T1]
		Images\MRH_X_20150625_063558_135.img [no cloud data W1T1] [FINAL: W1T1]
		Images\MRH_X_20150625_063907_136.img [no cloud data W1T1] [FINAL: W1T1]
		Images\MRH_X_20150625_064215_137.img [no cloud data W1T1] [FINAL: W1T1]
		Images\MRH_X_20150625_064523_138.img [no cloud data W1T1] [FINAL: W1T1]
		Images\MRH_X_20150625_064831_139.img [no cloud data W1T1] [FINAL: W1T1]
		Images\MRH_X_20150625_065227_140.img [no cloud data W1T1] [FINAL: W1T1]
		Images\MRH_X_20150625_065539_141.img [no cloud data W1T1] [FINAL: W1T1]
		Images\MRH_X_20150625_065848_142.img [no cloud data W1T1] [FINAL: W1T1]
		Images\MRH_X_20150625_070157_143.img [no cloud data W1T1] [FINAL: W1T1]
		Images\MRH_X_20150625_070507_144.img [no cloud data W1T1] [FINAL: W1T1]
		Images\MRH_X_20150625_070816_145.img [no cloud data W1T1] [FINAL: W1T1]
		Images\MRH_X_20150625_071125_146.img [no cloud data W1T1] [FINAL: W1T1]
		Images\MRH_X_20150625_071433_147.img [no cloud data W1T1] [FINAL: W1T1]
		Images\MRH_X_20150625_071741_148.img [no cloud data W1T1] [FINAL: W1T1]
		Images\MRH_X_20150625_072049_149.img [no cloud data W1T1] [FINAL: W1T1]
		Images\MRH_X_20150625_072445_150.img [no cloud data W1T1] [FINAL: W1T1]
		Images\MRH_X_20150625_072756_151.img [no cloud data W1T1] [FINAL: W1T1]
		Images\MRH_X_20150625_073106_152.img [no cloud data W1T1] [FINAL: W1T1]
		Images\MRH_X_20150625_073415_153.img [no cloud data W1T1] [FINAL: W1T1]
		Images\MRH_X_20150625_073724_154.img [no cloud data W1T1] [FINAL: W1T1]
		Images\MRH_X_20150625_074034_155.img [no cloud data W1T1] [FINAL: W1T1]
		Images\MRH_X_20150625_074343_156.img [no cloud data W1T1] [FINAL: W1T1]
		Images\MRH_X_20150625_074651_157.img [no cloud data W1T1] [FINAL: W1T1]
		Images\MRH_X_20150625_074959_158.img [no cloud data W1T1] [FINAL: W1T1]
		Images\MRH_X_20150625_075307_159.img [no cloud data W1T1] [FINAL: W1T1]
		Images\MRH_X_20150625_075703_160.img [no cloud data W1T1] [FINAL: W1T1]
		Images\MRH_X_20150625_080014_161.img [no cloud data W1T1] [FINAL: W1T1]
		Images\MRH_X_20150625_080323_162.img [no cloud data W1T1] [FINAL: W1T1]
		Images\MRH_X_20150625_080632_163.img [no cloud data W1T1] [FINAL: W1T1]
		Images\MRH_X_20150625_080942_164.img [no cloud data W1T1] [FINAL: W1T1]
		Images\MRH_X_20150625_081251_165.img [no cloud data W1T1] [FINAL: W1T1]
		Images\MRH_X_20150625_081600_166.img [no cloud data W1T1] [FINAL: W1T1]
		Images\MRH_X_20150625_081909_167.img [no cloud data W1T1] [FINAL: W1T1]
		Images\MRH_X_20150625_082218_168.img [no cloud data W1T1] [FINAL: W1T1]
		Images\MRH_X_20150625_082526_169.img [no cloud data W1T1] [FINAL: W1T1]
		Images\MRH_X_20150625_082922_170.img [no cloud data W1T1] [FINAL: W1T1]
		Images\MRH_X_20150625_083233_171.img [no cloud data W1T1] [FINAL: W1T1]
		Images\MRH_X_20150625_083542_172.img [no cloud data W1T1] [FINAL: W1T1]
		Images\MRH_X_20150625_083851_173.img [no cloud data W1T1] [FINAL: W1T1]
		Images\MRH_X_20150625_084201_174.img [no cloud data W1T1] [FINAL: W1T1]
		Images\MRH_X_20150625_084510_175.img [no cloud data W1T1] [FINAL: W1T1]
		Images\MRH_X_20150625_084819_176.img [no cloud data W1T1] [FINAL: W1T1]
		Images\MRH_X_20150625_085127_177.img [no cloud data W1T1] [FINAL: W1T1]
		Images\MRH_X_20150625_085435_178.img [no cloud data W1T1] [FINAL: W1T1]
		Images\MRH_X_20150625_085743_179.img [no cloud data W1T1] [FINAL: W1T1]
		Images\MRH_X_20150625_090140_180.img [no cloud data W1T1] [FINAL: W1T1]
		Images\MRH_X_20150625_090451_181.img [no cloud data W1T1] [FINAL: W1T1]
		Images\MRH_X_20150625_090800_182.img [no cloud data W1T1] [FINAL: W1T1]
		Images\MRH_X_20150625_091109_183.img [no cloud data W1T1] [FINAL: W1T1]
		Images\MRH_X_20150625_091419_184.img [no cloud data W1T1] [sigma_T large: W2T2] [FINAL: W2T2]
		Images\MRH_X_20150625_091728_185.img [no cloud data W1T1] [FINAL: W1T1]
		Images\MRH_X_20150625_092037_186.img [no cloud data W1T1] [FINAL: W1T1]
		Images\MRH_X_20150625_092345_187.img [no cloud data W1T1] [sigma_T large: W2T2] [FINAL: W2T2]
		Images\MRH_X_20150625_092653_188.img [no cloud data W1T1] [FINAL: W1T1]
		Images\MRH_X_20150625_093001_189.img [no cloud data W1T1] [sigma_T large: W2T2] [FINAL: W2T2]
		Images\MRH_X_20150625_093357_190.img [no cloud data W1T1] [sigma_T large: W2T2] [FINAL: W2T2]
		Images\MRH_X_20150625_093709_191.img [no cloud data W1T1] [sigma_T large: W2T2] [FINAL: W2T2]
		Images\MRH_X_20150625_094018_192.img [no cloud data W1T1] [sigma_T large: W2T2] [FINAL: W2T2]
		Images\MRH_X_20150625_094327_193.img [no cloud data W1T1] [sigma_T large: W2T2] [FINAL: W2T2]
		Images\MRH_X_20150625_094637_194.img [no cloud data W1T1] [sigma_T large: W2T2] [FINAL: W2T2]
		Images\MRH_X_20150625_094946_195.img [no cloud data W1T1] [sigma_T large: W2T2] [FINAL: W2T2]
		Images\MRH_X_20150625_095255_196.img [no cloud data W1T1] [sigma_T large: W2T2] [FINAL: W2T2]
		Images\MRH_X_20150625_095603_197.img [no cloud data W1T1] [sigma_T large: W2T2] [FINAL: W2T2]
		Images\MRH_X_20150625_095911_198.img [no cloud data W1T1] [sigma_T large: W2T2] [FINAL: W2T2]
		Images\MRH_X_20150625_100219_199.img [no cloud data W1T1] [sigma_T large: W2T2] [FINAL: W2T2]
		Images\MRH_X_20150625_100615_200.img [no cloud data W1T1] [sigma_T large: W2T2] [FINAL: W2T2]
		Images\MRH_X_20150625_100927_201.img [no cloud data W1T1] [sigma_T large: W2T2] [FINAL: W2T2]
		Images\MRH_X_20150625_101236_202.img [no cloud data W1T1] [FINAL: W1T1]
		Images\MRH_X_20150625_101545_203.img [no cloud data W1T1] [sigma_T large: W2T2] [FINAL: W2T2]
		Images\MRH_X_20150625_101855_204.img [no cloud data W1T1] [sigma_T large: W2T2] [FINAL: W2T2]
		Images\MRH_X_20150625_102204_205.img [no cloud data W1T1] [sigma_T large: W2T2] [FINAL: W2T2]
		Images\MRH_X_20150625_102513_206.img [no cloud data W1T1] [FINAL: W1T1]
		Images\MRH_X_20150625_102821_207.img [no cloud data W1T1] [FINAL: W1T1]
		Images\MRH_X_20150625_103129_208.img [no cloud data W1T1] [FINAL: W1T1]
		Images\MRH_X_20150625_103437_209.img [no cloud data W1T1] [FINAL: W1T1]
		Images\MRH_X_20150625_103833_210.img [no cloud data W1T1] [FINAL: W1T1]
		Images\MRH_X_20150625_104145_211.img [no cloud data W1T1] [FINAL: W1T1]
		Images\MRH_X_20150625_104454_212.img [no cloud data W1T1] [FINAL: W1T1]
04/08/2021 03:00:46 AM: Results saved to results/minime90_mrh_20150624.npz
