04/07/2021 23:29:03 PM: Logfile Created
04/07/2021 23:29:03 PM: Sun up during minime90/mrh/2015/20150615/Images\MRH_L_20150615_231355_001.img. Ignoring this image...
04/07/2021 23:29:03 PM: minime90/mrh/2015/20150615/Images\MRH_L_20150615_235023_002.img center: 257.47, 254.63
04/07/2021 23:29:03 PM: minime90/mrh/2015/20150615/Images\MRH_L_20150616_002227_003.img center: 257.48, 254.64
04/07/2021 23:29:04 PM: minime90/mrh/2015/20150615/Images\MRH_L_20150616_005429_004.img center: 257.50, 254.62
04/07/2021 23:29:04 PM: minime90/mrh/2015/20150615/Images\MRH_L_20150616_012632_005.img center: 257.49, 254.63
04/07/2021 23:29:04 PM: minime90/mrh/2015/20150615/Images\MRH_L_20150616_015835_006.img center: 257.50, 254.67
04/07/2021 23:29:04 PM: minime90/mrh/2015/20150615/Images\MRH_L_20150616_023037_007.img center: 257.43, 254.70
04/07/2021 23:29:05 PM: minime90/mrh/2015/20150615/Images\MRH_L_20150616_030240_008.img center: 257.49, 254.70
04/07/2021 23:29:05 PM: minime90/mrh/2015/20150615/Images\MRH_L_20150616_033442_009.img center: 257.49, 254.71
04/07/2021 23:29:05 PM: minime90/mrh/2015/20150615/Images\MRH_L_20150616_040645_010.img center: 257.50, 254.71
04/07/2021 23:29:05 PM: minime90/mrh/2015/20150615/Images\MRH_L_20150616_043848_011.img center: 257.54, 254.72
04/07/2021 23:29:06 PM: minime90/mrh/2015/20150615/Images\MRH_L_20150616_051051_012.img center: 257.47, 254.72
04/07/2021 23:29:06 PM: minime90/mrh/2015/20150615/Images\MRH_L_20150616_054253_013.img center: 257.55, 254.72
04/07/2021 23:29:06 PM: minime90/mrh/2015/20150615/Images\MRH_L_20150616_061456_014.img center: 257.48, 254.75
04/07/2021 23:29:06 PM: minime90/mrh/2015/20150615/Images\MRH_L_20150616_064658_015.img center: 257.53, 254.72
04/07/2021 23:29:07 PM: minime90/mrh/2015/20150615/Images\MRH_L_20150616_071901_016.img center: 257.50, 254.74
04/07/2021 23:29:07 PM: minime90/mrh/2015/20150615/Images\MRH_L_20150616_075103_017.img center: 257.55, 254.75
04/07/2021 23:29:07 PM: minime90/mrh/2015/20150615/Images\MRH_L_20150616_082306_018.img center: 257.58, 254.75
04/07/2021 23:29:07 PM: minime90/mrh/2015/20150615/Images\MRH_L_20150616_085509_019.img center: 257.48, 254.76
04/07/2021 23:29:08 PM: minime90/mrh/2015/20150615/Images\MRH_L_20150616_092711_020.img center: 257.51, 254.81
04/07/2021 23:29:08 PM: minime90/mrh/2015/20150615/Images\MRH_L_20150616_095914_021.img center: 257.54, 254.82
04/07/2021 23:29:08 PM: minime90/mrh/2015/20150615/Images\MRH_L_20150616_103116_022.img center: 257.48, 254.79
04/07/2021 23:29:08 PM: minime90/mrh/2015/20150615/Images\MRH_L_20150616_104438_213.img center: 257.53, 254.79
04/07/2021 23:29:11 PM: minime90/mrh/2015/20150615/Images\MRH_L_20150615_235023_002.img reduced chisqr: 5.0648
04/07/2021 23:29:14 PM: minime90/mrh/2015/20150615/Images\MRH_L_20150616_002227_003.img reduced chisqr: 4.8299
04/07/2021 23:29:16 PM: minime90/mrh/2015/20150615/Images\MRH_L_20150616_005429_004.img reduced chisqr: 5.0052
04/07/2021 23:29:19 PM: minime90/mrh/2015/20150615/Images\MRH_L_20150616_012632_005.img reduced chisqr: 4.7632
04/07/2021 23:29:22 PM: minime90/mrh/2015/20150615/Images\MRH_L_20150616_015835_006.img reduced chisqr: 7.6332
04/07/2021 23:29:24 PM: minime90/mrh/2015/20150615/Images\MRH_L_20150616_023037_007.img reduced chisqr: 3.9339
04/07/2021 23:29:27 PM: minime90/mrh/2015/20150615/Images\MRH_L_20150616_030240_008.img reduced chisqr: 5.3637
04/07/2021 23:29:30 PM: minime90/mrh/2015/20150615/Images\MRH_L_20150616_033442_009.img reduced chisqr: 4.7975
04/07/2021 23:29:33 PM: minime90/mrh/2015/20150615/Images\MRH_L_20150616_040645_010.img reduced chisqr: 5.4353
04/07/2021 23:29:35 PM: minime90/mrh/2015/20150615/Images\MRH_L_20150616_043848_011.img reduced chisqr: 4.7674
04/07/2021 23:29:38 PM: minime90/mrh/2015/20150615/Images\MRH_L_20150616_051051_012.img reduced chisqr: 4.8355
04/07/2021 23:29:41 PM: minime90/mrh/2015/20150615/Images\MRH_L_20150616_054253_013.img reduced chisqr: 4.3074
04/07/2021 23:29:44 PM: minime90/mrh/2015/20150615/Images\MRH_L_20150616_061456_014.img reduced chisqr: 5.0134
04/07/2021 23:29:46 PM: minime90/mrh/2015/20150615/Images\MRH_L_20150616_064658_015.img reduced chisqr: 4.5324
04/07/2021 23:29:49 PM: minime90/mrh/2015/20150615/Images\MRH_L_20150616_071901_016.img reduced chisqr: 4.6889
04/07/2021 23:29:52 PM: minime90/mrh/2015/20150615/Images\MRH_L_20150616_075103_017.img reduced chisqr: 4.2238
04/07/2021 23:29:54 PM: minime90/mrh/2015/20150615/Images\MRH_L_20150616_082306_018.img reduced chisqr: 5.0128
04/07/2021 23:29:57 PM: minime90/mrh/2015/20150615/Images\MRH_L_20150616_085509_019.img reduced chisqr: 4.2240
04/07/2021 23:30:00 PM: minime90/mrh/2015/20150615/Images\MRH_L_20150616_092711_020.img reduced chisqr: 4.9774
04/07/2021 23:30:03 PM: minime90/mrh/2015/20150615/Images\MRH_L_20150616_095914_021.img reduced chisqr: 4.8326
04/07/2021 23:30:05 PM: minime90/mrh/2015/20150615/Images\MRH_L_20150616_103116_022.img reduced chisqr: 4.8527
04/07/2021 23:30:08 PM: minime90/mrh/2015/20150615/Images\MRH_L_20150616_104438_213.img reduced chisqr: 4.5056
04/07/2021 23:30:08 PM: minime90/mrh/2015/20150615/Images\MRH_X_20150615_232158_001.img not bounded by laser images. Ignoring this image...
04/07/2021 23:30:08 PM: minime90/mrh/2015/20150615/Images\MRH_X_20150615_232508_002.img not bounded by laser images. Ignoring this image...
04/07/2021 23:30:08 PM: minime90/mrh/2015/20150615/Images\MRH_X_20150615_232817_003.img not bounded by laser images. Ignoring this image...
04/07/2021 23:30:08 PM: minime90/mrh/2015/20150615/Images\MRH_X_20150615_233126_004.img not bounded by laser images. Ignoring this image...
04/07/2021 23:30:08 PM: minime90/mrh/2015/20150615/Images\MRH_X_20150615_233435_005.img not bounded by laser images. Ignoring this image...
04/07/2021 23:30:08 PM: minime90/mrh/2015/20150615/Images\MRH_X_20150615_233744_006.img not bounded by laser images. Ignoring this image...
04/07/2021 23:30:08 PM: minime90/mrh/2015/20150615/Images\MRH_X_20150615_234052_007.img not bounded by laser images. Ignoring this image...
04/07/2021 23:30:08 PM: minime90/mrh/2015/20150615/Images\MRH_X_20150615_234400_008.img not bounded by laser images. Ignoring this image...
04/07/2021 23:30:08 PM: minime90/mrh/2015/20150615/Images\MRH_X_20150615_234708_009.img not bounded by laser images. Ignoring this image...
04/07/2021 23:30:15 PM: minime90/mrh/2015/20150615/Images\MRH_X_20150615_235104_010.img reduced chisqr: 1.3655.
			Message:"Tolerance seems to be too small."
04/07/2021 23:30:21 PM: minime90/mrh/2015/20150615/Images\MRH_X_20150615_235414_011.img reduced chisqr: 1.4168.
			Message:"Tolerance seems to be too small."
04/07/2021 23:30:27 PM: minime90/mrh/2015/20150615/Images\MRH_X_20150615_235721_012.img reduced chisqr: 1.2822.
			Message:"Tolerance seems to be too small."
04/07/2021 23:30:33 PM: minime90/mrh/2015/20150615/Images\MRH_X_20150616_000029_013.img reduced chisqr: 1.0387.
			Message:"Tolerance seems to be too small."
04/07/2021 23:30:40 PM: minime90/mrh/2015/20150615/Images\MRH_X_20150616_000337_014.img reduced chisqr: 1.1025.
			Message:"Tolerance seems to be too small."
04/07/2021 23:30:46 PM: minime90/mrh/2015/20150615/Images\MRH_X_20150616_000645_015.img reduced chisqr: 1.2250.
			Message:"Tolerance seems to be too small."
04/07/2021 23:30:52 PM: minime90/mrh/2015/20150615/Images\MRH_X_20150616_000953_016.img reduced chisqr: 1.1374.
			Message:"Tolerance seems to be too small."
04/07/2021 23:30:58 PM: minime90/mrh/2015/20150615/Images\MRH_X_20150616_001300_017.img reduced chisqr: 1.3208.
			Message:"Tolerance seems to be too small."
04/07/2021 23:31:05 PM: minime90/mrh/2015/20150615/Images\MRH_X_20150616_001606_018.img reduced chisqr: 0.9970.
			Message:"Tolerance seems to be too small."
04/07/2021 23:31:11 PM: minime90/mrh/2015/20150615/Images\MRH_X_20150616_001913_019.img reduced chisqr: 1.2407.
			Message:"Tolerance seems to be too small."
04/07/2021 23:31:17 PM: minime90/mrh/2015/20150615/Images\MRH_X_20150616_002306_020.img reduced chisqr: 1.1754.
			Message:"Tolerance seems to be too small."
04/07/2021 23:31:23 PM: minime90/mrh/2015/20150615/Images\MRH_X_20150616_002616_021.img reduced chisqr: 1.0758.
			Message:"Tolerance seems to be too small."
04/07/2021 23:31:30 PM: minime90/mrh/2015/20150615/Images\MRH_X_20150616_002924_022.img reduced chisqr: 1.1814.
			Message:"Tolerance seems to be too small."
04/07/2021 23:31:36 PM: minime90/mrh/2015/20150615/Images\MRH_X_20150616_003232_023.img reduced chisqr: 1.1864.
			Message:"Tolerance seems to be too small."
04/07/2021 23:31:43 PM: minime90/mrh/2015/20150615/Images\MRH_X_20150616_003540_024.img reduced chisqr: 1.3331.
			Message:"Tolerance seems to be too small."
04/07/2021 23:31:49 PM: minime90/mrh/2015/20150615/Images\MRH_X_20150616_003848_025.img reduced chisqr: 1.1537.
			Message:"Tolerance seems to be too small."
04/07/2021 23:31:55 PM: minime90/mrh/2015/20150615/Images\MRH_X_20150616_004156_026.img reduced chisqr: 1.1199.
			Message:"Tolerance seems to be too small."
04/07/2021 23:32:02 PM: minime90/mrh/2015/20150615/Images\MRH_X_20150616_004502_027.img reduced chisqr: 1.3663.
			Message:"Tolerance seems to be too small."
04/07/2021 23:32:08 PM: minime90/mrh/2015/20150615/Images\MRH_X_20150616_004809_028.img reduced chisqr: 1.0159.
			Message:"Tolerance seems to be too small."
04/07/2021 23:32:14 PM: minime90/mrh/2015/20150615/Images\MRH_X_20150616_005116_029.img reduced chisqr: 0.9641.
			Message:"Tolerance seems to be too small."
04/07/2021 23:32:21 PM: minime90/mrh/2015/20150615/Images\MRH_X_20150616_005509_030.img reduced chisqr: 1.3395.
			Message:"Tolerance seems to be too small."
04/07/2021 23:32:27 PM: minime90/mrh/2015/20150615/Images\MRH_X_20150616_005819_031.img reduced chisqr: 1.0204.
			Message:"Tolerance seems to be too small."
04/07/2021 23:32:34 PM: minime90/mrh/2015/20150615/Images\MRH_X_20150616_010127_032.img reduced chisqr: 1.0685.
			Message:"Tolerance seems to be too small."
04/07/2021 23:32:40 PM: minime90/mrh/2015/20150615/Images\MRH_X_20150616_010434_033.img reduced chisqr: 1.1561.
			Message:"Tolerance seems to be too small."
04/07/2021 23:32:47 PM: minime90/mrh/2015/20150615/Images\MRH_X_20150616_010743_034.img reduced chisqr: 1.2519.
			Message:"Tolerance seems to be too small."
04/07/2021 23:32:53 PM: minime90/mrh/2015/20150615/Images\MRH_X_20150616_011051_035.img reduced chisqr: 1.2937.
			Message:"Tolerance seems to be too small."
04/07/2021 23:32:59 PM: minime90/mrh/2015/20150615/Images\MRH_X_20150616_011358_036.img reduced chisqr: 1.0065.
			Message:"Tolerance seems to be too small."
04/07/2021 23:33:06 PM: minime90/mrh/2015/20150615/Images\MRH_X_20150616_011705_037.img reduced chisqr: 1.3602.
			Message:"Tolerance seems to be too small."
04/07/2021 23:33:12 PM: minime90/mrh/2015/20150615/Images\MRH_X_20150616_012012_038.img reduced chisqr: 1.4223.
			Message:"Tolerance seems to be too small."
04/07/2021 23:33:18 PM: minime90/mrh/2015/20150615/Images\MRH_X_20150616_012318_039.img reduced chisqr: 1.0944.
			Message:"Tolerance seems to be too small."
04/07/2021 23:33:24 PM: minime90/mrh/2015/20150615/Images\MRH_X_20150616_012711_040.img reduced chisqr: 1.3423.
			Message:"Tolerance seems to be too small."
04/07/2021 23:33:31 PM: minime90/mrh/2015/20150615/Images\MRH_X_20150616_013021_041.img reduced chisqr: 1.1747.
			Message:"Tolerance seems to be too small."
04/07/2021 23:33:37 PM: minime90/mrh/2015/20150615/Images\MRH_X_20150616_013329_042.img reduced chisqr: 1.1417.
			Message:"Tolerance seems to be too small."
04/07/2021 23:33:43 PM: minime90/mrh/2015/20150615/Images\MRH_X_20150616_013637_043.img reduced chisqr: 1.2547.
			Message:"Tolerance seems to be too small."
04/07/2021 23:33:50 PM: minime90/mrh/2015/20150615/Images\MRH_X_20150616_013945_044.img reduced chisqr: 1.3080.
			Message:"Tolerance seems to be too small."
04/07/2021 23:33:56 PM: minime90/mrh/2015/20150615/Images\MRH_X_20150616_014253_045.img reduced chisqr: 1.4429.
			Message:"Tolerance seems to be too small."
04/07/2021 23:34:02 PM: minime90/mrh/2015/20150615/Images\MRH_X_20150616_014601_046.img reduced chisqr: 1.3383.
			Message:"Tolerance seems to be too small."
04/07/2021 23:34:08 PM: minime90/mrh/2015/20150615/Images\MRH_X_20150616_014907_047.img reduced chisqr: 1.2581.
			Message:"Tolerance seems to be too small."
04/07/2021 23:34:15 PM: minime90/mrh/2015/20150615/Images\MRH_X_20150616_015214_048.img reduced chisqr: 1.9334.
			Message:"Tolerance seems to be too small."
04/07/2021 23:34:21 PM: minime90/mrh/2015/20150615/Images\MRH_X_20150616_015521_049.img reduced chisqr: 2.2770.
			Message:"Tolerance seems to be too small."
04/07/2021 23:34:27 PM: minime90/mrh/2015/20150615/Images\MRH_X_20150616_015914_050.img reduced chisqr: 2.5874.
			Message:"Tolerance seems to be too small."
04/07/2021 23:34:34 PM: minime90/mrh/2015/20150615/Images\MRH_X_20150616_020224_051.img reduced chisqr: 3.6325.
			Message:"Tolerance seems to be too small."
04/07/2021 23:34:40 PM: minime90/mrh/2015/20150615/Images\MRH_X_20150616_020532_052.img reduced chisqr: 5.3505.
			Message:"Tolerance seems to be too small."
04/07/2021 23:34:46 PM: minime90/mrh/2015/20150615/Images\MRH_X_20150616_020840_053.img reduced chisqr: 4.0944.
			Message:"Tolerance seems to be too small."
04/07/2021 23:34:53 PM: minime90/mrh/2015/20150615/Images\MRH_X_20150616_021148_054.img reduced chisqr: 1.7906.
			Message:"Tolerance seems to be too small."
04/07/2021 23:34:59 PM: minime90/mrh/2015/20150615/Images\MRH_X_20150616_021456_055.img reduced chisqr: 1.6277.
			Message:"Tolerance seems to be too small."
04/07/2021 23:35:05 PM: minime90/mrh/2015/20150615/Images\MRH_X_20150616_021803_056.img reduced chisqr: 1.2418.
			Message:"Tolerance seems to be too small."
04/07/2021 23:35:12 PM: minime90/mrh/2015/20150615/Images\MRH_X_20150616_022110_057.img reduced chisqr: 1.2815.
			Message:"Tolerance seems to be too small."
04/07/2021 23:35:18 PM: minime90/mrh/2015/20150615/Images\MRH_X_20150616_022417_058.img reduced chisqr: 1.0706.
			Message:"Tolerance seems to be too small."
04/07/2021 23:35:25 PM: minime90/mrh/2015/20150615/Images\MRH_X_20150616_022723_059.img reduced chisqr: 1.0979.
			Message:"Tolerance seems to be too small."
04/07/2021 23:35:31 PM: minime90/mrh/2015/20150615/Images\MRH_X_20150616_023116_060.img reduced chisqr: 2.0966.
			Message:"Tolerance seems to be too small."
04/07/2021 23:35:37 PM: minime90/mrh/2015/20150615/Images\MRH_X_20150616_023426_061.img reduced chisqr: 1.3779.
			Message:"Tolerance seems to be too small."
04/07/2021 23:35:44 PM: minime90/mrh/2015/20150615/Images\MRH_X_20150616_023734_062.img reduced chisqr: 1.4945.
			Message:"Tolerance seems to be too small."
04/07/2021 23:35:50 PM: minime90/mrh/2015/20150615/Images\MRH_X_20150616_024042_063.img reduced chisqr: 1.4650.
			Message:"Tolerance seems to be too small."
04/07/2021 23:35:56 PM: minime90/mrh/2015/20150615/Images\MRH_X_20150616_024350_064.img reduced chisqr: 1.5628.
			Message:"Tolerance seems to be too small."
04/07/2021 23:36:03 PM: minime90/mrh/2015/20150615/Images\MRH_X_20150616_024658_065.img reduced chisqr: 1.7714.
			Message:"Tolerance seems to be too small."
04/07/2021 23:36:09 PM: minime90/mrh/2015/20150615/Images\MRH_X_20150616_025006_066.img reduced chisqr: 1.5924.
			Message:"Tolerance seems to be too small."
04/07/2021 23:36:15 PM: minime90/mrh/2015/20150615/Images\MRH_X_20150616_025313_067.img reduced chisqr: 1.6159.
			Message:"Tolerance seems to be too small."
04/07/2021 23:36:22 PM: minime90/mrh/2015/20150615/Images\MRH_X_20150616_025619_068.img reduced chisqr: 1.6032.
			Message:"Tolerance seems to be too small."
04/07/2021 23:36:28 PM: minime90/mrh/2015/20150615/Images\MRH_X_20150616_025926_069.img reduced chisqr: 1.8109.
			Message:"Tolerance seems to be too small."
04/07/2021 23:36:34 PM: minime90/mrh/2015/20150615/Images\MRH_X_20150616_030319_070.img reduced chisqr: 2.0967.
			Message:"Tolerance seems to be too small."
04/07/2021 23:36:40 PM: minime90/mrh/2015/20150615/Images\MRH_X_20150616_030629_071.img reduced chisqr: 1.8647.
			Message:"Tolerance seems to be too small."
04/07/2021 23:36:47 PM: minime90/mrh/2015/20150615/Images\MRH_X_20150616_030937_072.img reduced chisqr: 1.7230.
			Message:"Tolerance seems to be too small."
04/07/2021 23:36:53 PM: minime90/mrh/2015/20150615/Images\MRH_X_20150616_031245_073.img reduced chisqr: 1.5221.
			Message:"Tolerance seems to be too small."
04/07/2021 23:36:59 PM: minime90/mrh/2015/20150615/Images\MRH_X_20150616_031553_074.img reduced chisqr: 1.8998.
			Message:"Tolerance seems to be too small."
04/07/2021 23:37:06 PM: minime90/mrh/2015/20150615/Images\MRH_X_20150616_031901_075.img reduced chisqr: 1.6405.
			Message:"Tolerance seems to be too small."
04/07/2021 23:37:12 PM: minime90/mrh/2015/20150615/Images\MRH_X_20150616_032208_076.img reduced chisqr: 1.5387.
			Message:"Tolerance seems to be too small."
04/07/2021 23:37:18 PM: minime90/mrh/2015/20150615/Images\MRH_X_20150616_032515_077.img reduced chisqr: 1.6694.
			Message:"Tolerance seems to be too small."
04/07/2021 23:37:25 PM: minime90/mrh/2015/20150615/Images\MRH_X_20150616_032822_078.img reduced chisqr: 1.6332.
			Message:"Tolerance seems to be too small."
04/07/2021 23:37:31 PM: minime90/mrh/2015/20150615/Images\MRH_X_20150616_033128_079.img reduced chisqr: 1.6242.
			Message:"Tolerance seems to be too small."
04/07/2021 23:37:37 PM: minime90/mrh/2015/20150615/Images\MRH_X_20150616_033521_080.img reduced chisqr: 1.6503.
			Message:"Tolerance seems to be too small."
04/07/2021 23:37:44 PM: minime90/mrh/2015/20150615/Images\MRH_X_20150616_033831_081.img reduced chisqr: 1.6458.
			Message:"Tolerance seems to be too small."
04/07/2021 23:37:50 PM: minime90/mrh/2015/20150615/Images\MRH_X_20150616_034139_082.img reduced chisqr: 1.5199.
			Message:"Tolerance seems to be too small."
04/07/2021 23:37:56 PM: minime90/mrh/2015/20150615/Images\MRH_X_20150616_034447_083.img reduced chisqr: 1.4927.
			Message:"Tolerance seems to be too small."
04/07/2021 23:38:02 PM: minime90/mrh/2015/20150615/Images\MRH_X_20150616_034755_084.img reduced chisqr: 1.8110.
			Message:"Tolerance seems to be too small."
04/07/2021 23:38:09 PM: minime90/mrh/2015/20150615/Images\MRH_X_20150616_035103_085.img reduced chisqr: 1.6539.
			Message:"Tolerance seems to be too small."
04/07/2021 23:38:15 PM: minime90/mrh/2015/20150615/Images\MRH_X_20150616_035411_086.img reduced chisqr: 1.8028.
			Message:"Tolerance seems to be too small."
04/07/2021 23:38:21 PM: minime90/mrh/2015/20150615/Images\MRH_X_20150616_035718_087.img reduced chisqr: 1.6938.
			Message:"Tolerance seems to be too small."
04/07/2021 23:38:27 PM: minime90/mrh/2015/20150615/Images\MRH_X_20150616_040024_088.img reduced chisqr: 1.8053.
			Message:"Tolerance seems to be too small."
04/07/2021 23:38:34 PM: minime90/mrh/2015/20150615/Images\MRH_X_20150616_040332_089.img reduced chisqr: 1.7220.
			Message:"Tolerance seems to be too small."
04/07/2021 23:38:40 PM: minime90/mrh/2015/20150615/Images\MRH_X_20150616_040725_090.img reduced chisqr: 1.8322.
			Message:"Tolerance seems to be too small."
04/07/2021 23:38:46 PM: minime90/mrh/2015/20150615/Images\MRH_X_20150616_041035_091.img reduced chisqr: 2.0608.
			Message:"Tolerance seems to be too small."
04/07/2021 23:38:52 PM: minime90/mrh/2015/20150615/Images\MRH_X_20150616_041343_092.img reduced chisqr: 1.8070.
			Message:"Tolerance seems to be too small."
04/07/2021 23:38:58 PM: minime90/mrh/2015/20150615/Images\MRH_X_20150616_041651_093.img reduced chisqr: 1.4936.
			Message:"Tolerance seems to be too small."
04/07/2021 23:39:05 PM: minime90/mrh/2015/20150615/Images\MRH_X_20150616_041959_094.img reduced chisqr: 1.8529.
			Message:"Tolerance seems to be too small."
04/07/2021 23:39:11 PM: minime90/mrh/2015/20150615/Images\MRH_X_20150616_042307_095.img reduced chisqr: 1.8538.
			Message:"Tolerance seems to be too small."
04/07/2021 23:39:17 PM: minime90/mrh/2015/20150615/Images\MRH_X_20150616_042615_096.img reduced chisqr: 1.9447.
			Message:"Tolerance seems to be too small."
04/07/2021 23:39:23 PM: minime90/mrh/2015/20150615/Images\MRH_X_20150616_042921_097.img reduced chisqr: 1.5882.
			Message:"Tolerance seems to be too small."
04/07/2021 23:39:29 PM: minime90/mrh/2015/20150615/Images\MRH_X_20150616_043228_098.img reduced chisqr: 1.7151.
			Message:"Tolerance seems to be too small."
04/07/2021 23:39:35 PM: minime90/mrh/2015/20150615/Images\MRH_X_20150616_043534_099.img reduced chisqr: 1.8776.
			Message:"Tolerance seems to be too small."
04/07/2021 23:39:42 PM: minime90/mrh/2015/20150615/Images\MRH_X_20150616_043928_100.img reduced chisqr: 1.3721.
			Message:"Tolerance seems to be too small."
04/07/2021 23:39:48 PM: minime90/mrh/2015/20150615/Images\MRH_X_20150616_044238_101.img reduced chisqr: 1.6706.
			Message:"Tolerance seems to be too small."
04/07/2021 23:39:54 PM: minime90/mrh/2015/20150615/Images\MRH_X_20150616_044545_102.img reduced chisqr: 1.5054.
			Message:"Tolerance seems to be too small."
04/07/2021 23:40:00 PM: minime90/mrh/2015/20150615/Images\MRH_X_20150616_044853_103.img reduced chisqr: 1.3248.
			Message:"Tolerance seems to be too small."
04/07/2021 23:40:07 PM: minime90/mrh/2015/20150615/Images\MRH_X_20150616_045202_104.img reduced chisqr: 1.6357.
			Message:"Tolerance seems to be too small."
04/07/2021 23:40:13 PM: minime90/mrh/2015/20150615/Images\MRH_X_20150616_045509_105.img reduced chisqr: 1.6481.
			Message:"Tolerance seems to be too small."
04/07/2021 23:40:19 PM: minime90/mrh/2015/20150615/Images\MRH_X_20150616_045817_106.img reduced chisqr: 1.6809.
			Message:"Tolerance seems to be too small."
04/07/2021 23:40:26 PM: minime90/mrh/2015/20150615/Images\MRH_X_20150616_050124_107.img reduced chisqr: 1.4180.
			Message:"Tolerance seems to be too small."
04/07/2021 23:40:32 PM: minime90/mrh/2015/20150615/Images\MRH_X_20150616_050430_108.img reduced chisqr: 1.2348.
			Message:"Tolerance seems to be too small."
04/07/2021 23:40:38 PM: minime90/mrh/2015/20150615/Images\MRH_X_20150616_050737_109.img reduced chisqr: 1.4906.
			Message:"Tolerance seems to be too small."
04/07/2021 23:40:45 PM: minime90/mrh/2015/20150615/Images\MRH_X_20150616_051130_110.img reduced chisqr: 1.4532.
			Message:"Tolerance seems to be too small."
04/07/2021 23:40:51 PM: minime90/mrh/2015/20150615/Images\MRH_X_20150616_051440_111.img reduced chisqr: 1.3945.
			Message:"Tolerance seems to be too small."
04/07/2021 23:40:57 PM: minime90/mrh/2015/20150615/Images\MRH_X_20150616_051748_112.img reduced chisqr: 1.2555.
			Message:"Tolerance seems to be too small."
04/07/2021 23:41:04 PM: minime90/mrh/2015/20150615/Images\MRH_X_20150616_052056_113.img reduced chisqr: 1.2909.
			Message:"Tolerance seems to be too small."
04/07/2021 23:41:10 PM: minime90/mrh/2015/20150615/Images\MRH_X_20150616_052404_114.img reduced chisqr: 1.3770.
			Message:"Tolerance seems to be too small."
04/07/2021 23:41:16 PM: minime90/mrh/2015/20150615/Images\MRH_X_20150616_052712_115.img reduced chisqr: 1.4619.
			Message:"Tolerance seems to be too small."
04/07/2021 23:41:23 PM: minime90/mrh/2015/20150615/Images\MRH_X_20150616_053020_116.img reduced chisqr: 1.3170.
			Message:"Tolerance seems to be too small."
04/07/2021 23:41:29 PM: minime90/mrh/2015/20150615/Images\MRH_X_20150616_053326_117.img reduced chisqr: 1.4847.
			Message:"Tolerance seems to be too small."
04/07/2021 23:41:35 PM: minime90/mrh/2015/20150615/Images\MRH_X_20150616_053633_118.img reduced chisqr: 1.3567.
			Message:"Tolerance seems to be too small."
04/07/2021 23:41:42 PM: minime90/mrh/2015/20150615/Images\MRH_X_20150616_053940_119.img reduced chisqr: 1.3193.
			Message:"Tolerance seems to be too small."
04/07/2021 23:41:48 PM: minime90/mrh/2015/20150615/Images\MRH_X_20150616_054333_120.img reduced chisqr: 1.1481.
			Message:"Tolerance seems to be too small."
04/07/2021 23:41:54 PM: minime90/mrh/2015/20150615/Images\MRH_X_20150616_054643_121.img reduced chisqr: 1.2159.
			Message:"Tolerance seems to be too small."
04/07/2021 23:42:00 PM: minime90/mrh/2015/20150615/Images\MRH_X_20150616_054951_122.img reduced chisqr: 1.1647.
			Message:"Tolerance seems to be too small."
04/07/2021 23:42:07 PM: minime90/mrh/2015/20150615/Images\MRH_X_20150616_055258_123.img reduced chisqr: 1.2336.
			Message:"Tolerance seems to be too small."
04/07/2021 23:42:13 PM: minime90/mrh/2015/20150615/Images\MRH_X_20150616_055607_124.img reduced chisqr: 1.2571.
			Message:"Tolerance seems to be too small."
04/07/2021 23:42:19 PM: minime90/mrh/2015/20150615/Images\MRH_X_20150616_055914_125.img reduced chisqr: 1.1947.
			Message:"Tolerance seems to be too small."
04/07/2021 23:42:25 PM: minime90/mrh/2015/20150615/Images\MRH_X_20150616_060222_126.img reduced chisqr: 1.5731.
			Message:"Tolerance seems to be too small."
04/07/2021 23:42:32 PM: minime90/mrh/2015/20150615/Images\MRH_X_20150616_060529_127.img reduced chisqr: 1.2961.
			Message:"Tolerance seems to be too small."
04/07/2021 23:42:38 PM: minime90/mrh/2015/20150615/Images\MRH_X_20150616_060835_128.img reduced chisqr: 1.2008.
			Message:"Tolerance seems to be too small."
04/07/2021 23:42:44 PM: minime90/mrh/2015/20150615/Images\MRH_X_20150616_061142_129.img reduced chisqr: 1.3389.
			Message:"Tolerance seems to be too small."
04/07/2021 23:42:50 PM: minime90/mrh/2015/20150615/Images\MRH_X_20150616_061535_130.img reduced chisqr: 1.2720.
			Message:"Tolerance seems to be too small."
04/07/2021 23:42:57 PM: minime90/mrh/2015/20150615/Images\MRH_X_20150616_061845_131.img reduced chisqr: 1.1273.
			Message:"Tolerance seems to be too small."
04/07/2021 23:43:03 PM: minime90/mrh/2015/20150615/Images\MRH_X_20150616_062153_132.img reduced chisqr: 1.1617.
			Message:"Tolerance seems to be too small."
04/07/2021 23:43:09 PM: minime90/mrh/2015/20150615/Images\MRH_X_20150616_062501_133.img reduced chisqr: 1.1012.
			Message:"Tolerance seems to be too small."
04/07/2021 23:43:15 PM: minime90/mrh/2015/20150615/Images\MRH_X_20150616_062809_134.img reduced chisqr: 1.1270.
			Message:"Tolerance seems to be too small."
04/07/2021 23:43:22 PM: minime90/mrh/2015/20150615/Images\MRH_X_20150616_063117_135.img reduced chisqr: 1.3058.
			Message:"Tolerance seems to be too small."
04/07/2021 23:43:28 PM: minime90/mrh/2015/20150615/Images\MRH_X_20150616_063425_136.img reduced chisqr: 1.1198.
			Message:"Tolerance seems to be too small."
04/07/2021 23:43:35 PM: minime90/mrh/2015/20150615/Images\MRH_X_20150616_063731_137.img reduced chisqr: 1.1519.
			Message:"Tolerance seems to be too small."
04/07/2021 23:43:41 PM: minime90/mrh/2015/20150615/Images\MRH_X_20150616_064038_138.img reduced chisqr: 1.3929.
			Message:"Tolerance seems to be too small."
04/07/2021 23:43:47 PM: minime90/mrh/2015/20150615/Images\MRH_X_20150616_064345_139.img reduced chisqr: 1.2513.
			Message:"Tolerance seems to be too small."
04/07/2021 23:43:54 PM: minime90/mrh/2015/20150615/Images\MRH_X_20150616_064738_140.img reduced chisqr: 1.2194.
			Message:"Tolerance seems to be too small."
04/07/2021 23:44:00 PM: minime90/mrh/2015/20150615/Images\MRH_X_20150616_065048_141.img reduced chisqr: 1.1050.
			Message:"Tolerance seems to be too small."
04/07/2021 23:44:06 PM: minime90/mrh/2015/20150615/Images\MRH_X_20150616_065356_142.img reduced chisqr: 1.2035.
			Message:"Tolerance seems to be too small."
04/07/2021 23:44:13 PM: minime90/mrh/2015/20150615/Images\MRH_X_20150616_065703_143.img reduced chisqr: 1.0053.
			Message:"Tolerance seems to be too small."
04/07/2021 23:44:19 PM: minime90/mrh/2015/20150615/Images\MRH_X_20150616_070012_144.img reduced chisqr: 1.1523.
			Message:"Tolerance seems to be too small."
04/07/2021 23:44:25 PM: minime90/mrh/2015/20150615/Images\MRH_X_20150616_070320_145.img reduced chisqr: 1.1613.
			Message:"Tolerance seems to be too small."
04/07/2021 23:44:32 PM: minime90/mrh/2015/20150615/Images\MRH_X_20150616_070627_146.img reduced chisqr: 1.0707.
			Message:"Tolerance seems to be too small."
04/07/2021 23:44:38 PM: minime90/mrh/2015/20150615/Images\MRH_X_20150616_070934_147.img reduced chisqr: 1.2179.
			Message:"Tolerance seems to be too small."
04/07/2021 23:44:44 PM: minime90/mrh/2015/20150615/Images\MRH_X_20150616_071241_148.img reduced chisqr: 1.1117.
			Message:"Tolerance seems to be too small."
04/07/2021 23:44:51 PM: minime90/mrh/2015/20150615/Images\MRH_X_20150616_071547_149.img reduced chisqr: 1.1589.
			Message:"Tolerance seems to be too small."
04/07/2021 23:44:57 PM: minime90/mrh/2015/20150615/Images\MRH_X_20150616_071940_150.img reduced chisqr: 1.2063.
			Message:"Tolerance seems to be too small."
04/07/2021 23:45:04 PM: minime90/mrh/2015/20150615/Images\MRH_X_20150616_072250_151.img reduced chisqr: 1.1997.
			Message:"Tolerance seems to be too small."
04/07/2021 23:45:10 PM: minime90/mrh/2015/20150615/Images\MRH_X_20150616_072558_152.img reduced chisqr: 1.1017.
			Message:"Tolerance seems to be too small."
04/07/2021 23:45:16 PM: minime90/mrh/2015/20150615/Images\MRH_X_20150616_072906_153.img reduced chisqr: 1.1794.
			Message:"Tolerance seems to be too small."
04/07/2021 23:45:22 PM: minime90/mrh/2015/20150615/Images\MRH_X_20150616_073214_154.img reduced chisqr: 1.6828.
			Message:"Tolerance seems to be too small."
04/07/2021 23:45:29 PM: minime90/mrh/2015/20150615/Images\MRH_X_20150616_073522_155.img reduced chisqr: 1.2702.
			Message:"Tolerance seems to be too small."
04/07/2021 23:45:35 PM: minime90/mrh/2015/20150615/Images\MRH_X_20150616_073830_156.img reduced chisqr: 1.0403.
			Message:"Tolerance seems to be too small."
04/07/2021 23:45:42 PM: minime90/mrh/2015/20150615/Images\MRH_X_20150616_074137_157.img reduced chisqr: 1.0497.
			Message:"Tolerance seems to be too small."
04/07/2021 23:45:48 PM: minime90/mrh/2015/20150615/Images\MRH_X_20150616_074443_158.img reduced chisqr: 1.2419.
			Message:"Tolerance seems to be too small."
04/07/2021 23:45:54 PM: minime90/mrh/2015/20150615/Images\MRH_X_20150616_074750_159.img reduced chisqr: 0.9821.
			Message:"Tolerance seems to be too small."
04/07/2021 23:46:01 PM: minime90/mrh/2015/20150615/Images\MRH_X_20150616_075143_160.img reduced chisqr: 1.1016.
			Message:"Tolerance seems to be too small."
04/07/2021 23:46:07 PM: minime90/mrh/2015/20150615/Images\MRH_X_20150616_075453_161.img reduced chisqr: 1.2057.
			Message:"Tolerance seems to be too small."
04/07/2021 23:46:13 PM: minime90/mrh/2015/20150615/Images\MRH_X_20150616_075801_162.img reduced chisqr: 1.2357.
			Message:"Tolerance seems to be too small."
04/07/2021 23:46:19 PM: minime90/mrh/2015/20150615/Images\MRH_X_20150616_080109_163.img reduced chisqr: 1.0882.
			Message:"Tolerance seems to be too small."
04/07/2021 23:46:26 PM: minime90/mrh/2015/20150615/Images\MRH_X_20150616_080417_164.img reduced chisqr: 1.1027.
			Message:"Tolerance seems to be too small."
04/07/2021 23:46:32 PM: minime90/mrh/2015/20150615/Images\MRH_X_20150616_080725_165.img reduced chisqr: 1.1812.
			Message:"Tolerance seems to be too small."
04/07/2021 23:46:38 PM: minime90/mrh/2015/20150615/Images\MRH_X_20150616_081033_166.img reduced chisqr: 1.0736.
			Message:"Tolerance seems to be too small."
04/07/2021 23:46:44 PM: minime90/mrh/2015/20150615/Images\MRH_X_20150616_081339_167.img reduced chisqr: 1.2841.
			Message:"Tolerance seems to be too small."
04/07/2021 23:46:50 PM: minime90/mrh/2015/20150615/Images\MRH_X_20150616_081646_168.img reduced chisqr: 0.9688.
			Message:"Tolerance seems to be too small."
04/07/2021 23:46:57 PM: minime90/mrh/2015/20150615/Images\MRH_X_20150616_081953_169.img reduced chisqr: 1.2564.
			Message:"Tolerance seems to be too small."
04/07/2021 23:47:03 PM: minime90/mrh/2015/20150615/Images\MRH_X_20150616_082346_170.img reduced chisqr: 1.2793.
			Message:"Tolerance seems to be too small."
04/07/2021 23:47:09 PM: minime90/mrh/2015/20150615/Images\MRH_X_20150616_082656_171.img reduced chisqr: 1.2950.
			Message:"Tolerance seems to be too small."
04/07/2021 23:47:15 PM: minime90/mrh/2015/20150615/Images\MRH_X_20150616_083004_172.img reduced chisqr: 1.3883.
			Message:"Tolerance seems to be too small."
04/07/2021 23:47:22 PM: minime90/mrh/2015/20150615/Images\MRH_X_20150616_083311_173.img reduced chisqr: 1.1806.
			Message:"Tolerance seems to be too small."
04/07/2021 23:47:28 PM: minime90/mrh/2015/20150615/Images\MRH_X_20150616_083620_174.img reduced chisqr: 1.1615.
			Message:"Tolerance seems to be too small."
04/07/2021 23:47:34 PM: minime90/mrh/2015/20150615/Images\MRH_X_20150616_083927_175.img reduced chisqr: 0.9990.
			Message:"Tolerance seems to be too small."
04/07/2021 23:47:40 PM: minime90/mrh/2015/20150615/Images\MRH_X_20150616_084235_176.img reduced chisqr: 1.2418.
			Message:"Tolerance seems to be too small."
04/07/2021 23:47:47 PM: minime90/mrh/2015/20150615/Images\MRH_X_20150616_084542_177.img reduced chisqr: 0.9677.
			Message:"Tolerance seems to be too small."
04/07/2021 23:47:53 PM: minime90/mrh/2015/20150615/Images\MRH_X_20150616_084849_178.img reduced chisqr: 1.2323.
			Message:"Tolerance seems to be too small."
04/07/2021 23:47:59 PM: minime90/mrh/2015/20150615/Images\MRH_X_20150616_085155_179.img reduced chisqr: 1.1722.
			Message:"Tolerance seems to be too small."
04/07/2021 23:48:06 PM: minime90/mrh/2015/20150615/Images\MRH_X_20150616_085548_180.img reduced chisqr: 0.9462.
			Message:"Tolerance seems to be too small."
04/07/2021 23:48:12 PM: minime90/mrh/2015/20150615/Images\MRH_X_20150616_085858_181.img reduced chisqr: 0.9950.
			Message:"Tolerance seems to be too small."
04/07/2021 23:48:18 PM: minime90/mrh/2015/20150615/Images\MRH_X_20150616_090206_182.img reduced chisqr: 1.0883.
			Message:"Tolerance seems to be too small."
04/07/2021 23:48:24 PM: minime90/mrh/2015/20150615/Images\MRH_X_20150616_090514_183.img reduced chisqr: 1.0493.
			Message:"Tolerance seems to be too small."
04/07/2021 23:48:31 PM: minime90/mrh/2015/20150615/Images\MRH_X_20150616_090822_184.img reduced chisqr: 1.1915.
			Message:"Tolerance seems to be too small."
04/07/2021 23:48:37 PM: minime90/mrh/2015/20150615/Images\MRH_X_20150616_091130_185.img reduced chisqr: 1.1239.
			Message:"Tolerance seems to be too small."
04/07/2021 23:48:43 PM: minime90/mrh/2015/20150615/Images\MRH_X_20150616_091438_186.img reduced chisqr: 0.9362.
			Message:"Tolerance seems to be too small."
04/07/2021 23:48:50 PM: minime90/mrh/2015/20150615/Images\MRH_X_20150616_091744_187.img reduced chisqr: 1.4221.
			Message:"Tolerance seems to be too small."
04/07/2021 23:48:56 PM: minime90/mrh/2015/20150615/Images\MRH_X_20150616_092051_188.img reduced chisqr: 1.0755.
			Message:"Tolerance seems to be too small."
04/07/2021 23:49:02 PM: minime90/mrh/2015/20150615/Images\MRH_X_20150616_092358_189.img reduced chisqr: 1.4990.
			Message:"Tolerance seems to be too small."
04/07/2021 23:49:09 PM: minime90/mrh/2015/20150615/Images\MRH_X_20150616_092751_190.img reduced chisqr: 1.1055.
			Message:"Tolerance seems to be too small."
04/07/2021 23:49:15 PM: minime90/mrh/2015/20150615/Images\MRH_X_20150616_093101_191.img reduced chisqr: 1.2350.
			Message:"Tolerance seems to be too small."
04/07/2021 23:49:21 PM: minime90/mrh/2015/20150615/Images\MRH_X_20150616_093409_192.img reduced chisqr: 1.3763.
			Message:"Tolerance seems to be too small."
04/07/2021 23:49:27 PM: minime90/mrh/2015/20150615/Images\MRH_X_20150616_093716_193.img reduced chisqr: 0.9967.
			Message:"Tolerance seems to be too small."
04/07/2021 23:49:33 PM: minime90/mrh/2015/20150615/Images\MRH_X_20150616_094025_194.img reduced chisqr: 1.0761.
			Message:"Tolerance seems to be too small."
04/07/2021 23:49:40 PM: minime90/mrh/2015/20150615/Images\MRH_X_20150616_094333_195.img reduced chisqr: 0.9484.
			Message:"Tolerance seems to be too small."
04/07/2021 23:49:46 PM: minime90/mrh/2015/20150615/Images\MRH_X_20150616_094640_196.img reduced chisqr: 1.2568.
			Message:"Tolerance seems to be too small."
04/07/2021 23:49:52 PM: minime90/mrh/2015/20150615/Images\MRH_X_20150616_094947_197.img reduced chisqr: 1.1211.
			Message:"Tolerance seems to be too small."
04/07/2021 23:49:58 PM: minime90/mrh/2015/20150615/Images\MRH_X_20150616_095254_198.img reduced chisqr: 1.0490.
			Message:"Tolerance seems to be too small."
04/07/2021 23:50:05 PM: minime90/mrh/2015/20150615/Images\MRH_X_20150616_095600_199.img reduced chisqr: 1.0716.
			Message:"Tolerance seems to be too small."
04/07/2021 23:50:11 PM: minime90/mrh/2015/20150615/Images\MRH_X_20150616_095953_200.img reduced chisqr: 1.2243.
			Message:"Tolerance seems to be too small."
04/07/2021 23:50:17 PM: minime90/mrh/2015/20150615/Images\MRH_X_20150616_100303_201.img reduced chisqr: 1.2103.
			Message:"Tolerance seems to be too small."
04/07/2021 23:50:24 PM: minime90/mrh/2015/20150615/Images\MRH_X_20150616_100611_202.img reduced chisqr: 1.0172.
			Message:"Tolerance seems to be too small."
04/07/2021 23:50:30 PM: minime90/mrh/2015/20150615/Images\MRH_X_20150616_100919_203.img reduced chisqr: 1.1491.
			Message:"Tolerance seems to be too small."
04/07/2021 23:50:36 PM: minime90/mrh/2015/20150615/Images\MRH_X_20150616_101227_204.img reduced chisqr: 1.0746.
			Message:"Tolerance seems to be too small."
04/07/2021 23:50:42 PM: minime90/mrh/2015/20150615/Images\MRH_X_20150616_101535_205.img reduced chisqr: 1.3604.
			Message:"Tolerance seems to be too small."
04/07/2021 23:50:48 PM: minime90/mrh/2015/20150615/Images\MRH_X_20150616_101843_206.img reduced chisqr: 1.0168.
			Message:"Tolerance seems to be too small."
04/07/2021 23:50:55 PM: minime90/mrh/2015/20150615/Images\MRH_X_20150616_102149_207.img reduced chisqr: 1.2216.
			Message:"Tolerance seems to be too small."
04/07/2021 23:51:01 PM: minime90/mrh/2015/20150615/Images\MRH_X_20150616_102456_208.img reduced chisqr: 1.0890.
			Message:"Tolerance seems to be too small."
04/07/2021 23:51:07 PM: minime90/mrh/2015/20150615/Images\MRH_X_20150616_102803_209.img reduced chisqr: 1.1750.
			Message:"Tolerance seems to be too small."
04/07/2021 23:51:13 PM: minime90/mrh/2015/20150615/Images\MRH_X_20150616_103156_210.img reduced chisqr: 1.1829.
			Message:"Tolerance seems to be too small."
04/07/2021 23:51:20 PM: minime90/mrh/2015/20150615/Images\MRH_X_20150616_103506_211.img reduced chisqr: 1.4604.
			Message:"Tolerance seems to be too small."
04/07/2021 23:51:26 PM: minime90/mrh/2015/20150615/Images\MRH_X_20150616_103814_212.img reduced chisqr: 1.4903.
			Message:"Tolerance seems to be too small."
04/07/2021 23:51:32 PM: minime90/mrh/2015/20150615/Images\MRH_X_20150616_104121_213.img reduced chisqr: 1.5587.
			Message:"Tolerance seems to be too small."
04/07/2021 23:51:32 PM: WARNING: Exposure time is not changing.
04/07/2021 23:51:32 PM: Created diagnostic plots.
04/07/2021 23:51:32 PM: Laser and sky image analysis complete.
04/07/2021 23:51:32 PM: No Boltwood cloud sensor data found.
04/07/2021 23:51:32 PM: No X300 temperature sensor data found.
04/07/2021 23:51:32 PM:  Quality Flag Calculation:
		Manual Wind Flag: 0
		Manual Temperature Flag: 0
		Laser Drift: False
		Sample-specific flags:
		Images\MRH_X_20150615_235104_010.img [no cloud data W1T1] [FINAL: W1T1]
		Images\MRH_X_20150615_235414_011.img [no cloud data W1T1] [FINAL: W1T1]
		Images\MRH_X_20150615_235721_012.img [no cloud data W1T1] [FINAL: W1T1]
		Images\MRH_X_20150616_000029_013.img [no cloud data W1T1] [FINAL: W1T1]
		Images\MRH_X_20150616_000337_014.img [no cloud data W1T1] [FINAL: W1T1]
		Images\MRH_X_20150616_000645_015.img [no cloud data W1T1] [FINAL: W1T1]
		Images\MRH_X_20150616_000953_016.img [no cloud data W1T1] [FINAL: W1T1]
		Images\MRH_X_20150616_001300_017.img [no cloud data W1T1] [FINAL: W1T1]
		Images\MRH_X_20150616_001606_018.img [no cloud data W1T1] [FINAL: W1T1]
		Images\MRH_X_20150616_001913_019.img [no cloud data W1T1] [FINAL: W1T1]
		Images\MRH_X_20150616_002306_020.img [no cloud data W1T1] [FINAL: W1T1]
		Images\MRH_X_20150616_002616_021.img [no cloud data W1T1] [FINAL: W1T1]
		Images\MRH_X_20150616_002924_022.img [no cloud data W1T1] [FINAL: W1T1]
		Images\MRH_X_20150616_003232_023.img [no cloud data W1T1] [FINAL: W1T1]
		Images\MRH_X_20150616_003540_024.img [no cloud data W1T1] [FINAL: W1T1]
		Images\MRH_X_20150616_003848_025.img [no cloud data W1T1] [FINAL: W1T1]
		Images\MRH_X_20150616_004156_026.img [no cloud data W1T1] [FINAL: W1T1]
		Images\MRH_X_20150616_004502_027.img [no cloud data W1T1] [FINAL: W1T1]
		Images\MRH_X_20150616_004809_028.img [no cloud data W1T1] [FINAL: W1T1]
		Images\MRH_X_20150616_005116_029.img [no cloud data W1T1] [FINAL: W1T1]
		Images\MRH_X_20150616_005509_030.img [no cloud data W1T1] [FINAL: W1T1]
		Images\MRH_X_20150616_005819_031.img [no cloud data W1T1] [FINAL: W1T1]
		Images\MRH_X_20150616_010127_032.img [no cloud data W1T1] [FINAL: W1T1]
		Images\MRH_X_20150616_010434_033.img [no cloud data W1T1] [FINAL: W1T1]
		Images\MRH_X_20150616_010743_034.img [no cloud data W1T1] [FINAL: W1T1]
		Images\MRH_X_20150616_011051_035.img [no cloud data W1T1] [FINAL: W1T1]
		Images\MRH_X_20150616_011358_036.img [no cloud data W1T1] [FINAL: W1T1]
		Images\MRH_X_20150616_011705_037.img [no cloud data W1T1] [FINAL: W1T1]
		Images\MRH_X_20150616_012012_038.img [no cloud data W1T1] [FINAL: W1T1]
		Images\MRH_X_20150616_012318_039.img [no cloud data W1T1] [FINAL: W1T1]
		Images\MRH_X_20150616_012711_040.img [no cloud data W1T1] [FINAL: W1T1]
		Images\MRH_X_20150616_013021_041.img [no cloud data W1T1] [FINAL: W1T1]
		Images\MRH_X_20150616_013329_042.img [no cloud data W1T1] [FINAL: W1T1]
		Images\MRH_X_20150616_013637_043.img [no cloud data W1T1] [FINAL: W1T1]
		Images\MRH_X_20150616_013945_044.img [no cloud data W1T1] [FINAL: W1T1]
		Images\MRH_X_20150616_014253_045.img [no cloud data W1T1] [FINAL: W1T1]
		Images\MRH_X_20150616_014601_046.img [no cloud data W1T1] [FINAL: W1T1]
		Images\MRH_X_20150616_014907_047.img [no cloud data W1T1] [FINAL: W1T1]
		Images\MRH_X_20150616_015214_048.img [no cloud data W1T1] [FINAL: W1T1]
		Images\MRH_X_20150616_015521_049.img [no cloud data W1T1] [FINAL: W1T1]
		Images\MRH_X_20150616_015914_050.img [no cloud data W1T1] [FINAL: W1T1]
		Images\MRH_X_20150616_020224_051.img [no cloud data W1T1] [FINAL: W1T1]
		Images\MRH_X_20150616_020532_052.img [no cloud data W1T1] [FINAL: W1T1]
		Images\MRH_X_20150616_020840_053.img [no cloud data W1T1] [FINAL: W1T1]
		Images\MRH_X_20150616_021148_054.img [no cloud data W1T1] [FINAL: W1T1]
		Images\MRH_X_20150616_021456_055.img [no cloud data W1T1] [FINAL: W1T1]
		Images\MRH_X_20150616_021803_056.img [no cloud data W1T1] [FINAL: W1T1]
		Images\MRH_X_20150616_022110_057.img [no cloud data W1T1] [FINAL: W1T1]
		Images\MRH_X_20150616_022417_058.img [no cloud data W1T1] [FINAL: W1T1]
		Images\MRH_X_20150616_022723_059.img [no cloud data W1T1] [FINAL: W1T1]
		Images\MRH_X_20150616_023116_060.img [no cloud data W1T1] [FINAL: W1T1]
		Images\MRH_X_20150616_023426_061.img [no cloud data W1T1] [FINAL: W1T1]
		Images\MRH_X_20150616_023734_062.img [no cloud data W1T1] [FINAL: W1T1]
		Images\MRH_X_20150616_024042_063.img [no cloud data W1T1] [FINAL: W1T1]
		Images\MRH_X_20150616_024350_064.img [no cloud data W1T1] [FINAL: W1T1]
		Images\MRH_X_20150616_024658_065.img [no cloud data W1T1] [FINAL: W1T1]
		Images\MRH_X_20150616_025006_066.img [no cloud data W1T1] [FINAL: W1T1]
		Images\MRH_X_20150616_025313_067.img [no cloud data W1T1] [FINAL: W1T1]
		Images\MRH_X_20150616_025619_068.img [no cloud data W1T1] [FINAL: W1T1]
		Images\MRH_X_20150616_025926_069.img [no cloud data W1T1] [FINAL: W1T1]
		Images\MRH_X_20150616_030319_070.img [no cloud data W1T1] [FINAL: W1T1]
		Images\MRH_X_20150616_030629_071.img [no cloud data W1T1] [FINAL: W1T1]
		Images\MRH_X_20150616_030937_072.img [no cloud data W1T1] [FINAL: W1T1]
		Images\MRH_X_20150616_031245_073.img [no cloud data W1T1] [FINAL: W1T1]
		Images\MRH_X_20150616_031553_074.img [no cloud data W1T1] [FINAL: W1T1]
		Images\MRH_X_20150616_031901_075.img [no cloud data W1T1] [FINAL: W1T1]
		Images\MRH_X_20150616_032208_076.img [no cloud data W1T1] [FINAL: W1T1]
		Images\MRH_X_20150616_032515_077.img [no cloud data W1T1] [FINAL: W1T1]
		Images\MRH_X_20150616_032822_078.img [no cloud data W1T1] [FINAL: W1T1]
		Images\MRH_X_20150616_033128_079.img [no cloud data W1T1] [FINAL: W1T1]
		Images\MRH_X_20150616_033521_080.img [no cloud data W1T1] [FINAL: W1T1]
		Images\MRH_X_20150616_033831_081.img [no cloud data W1T1] [FINAL: W1T1]
		Images\MRH_X_20150616_034139_082.img [no cloud data W1T1] [FINAL: W1T1]
		Images\MRH_X_20150616_034447_083.img [no cloud data W1T1] [FINAL: W1T1]
		Images\MRH_X_20150616_034755_084.img [no cloud data W1T1] [FINAL: W1T1]
		Images\MRH_X_20150616_035103_085.img [no cloud data W1T1] [FINAL: W1T1]
		Images\MRH_X_20150616_035411_086.img [no cloud data W1T1] [FINAL: W1T1]
		Images\MRH_X_20150616_035718_087.img [no cloud data W1T1] [FINAL: W1T1]
		Images\MRH_X_20150616_040024_088.img [no cloud data W1T1] [FINAL: W1T1]
		Images\MRH_X_20150616_040332_089.img [no cloud data W1T1] [FINAL: W1T1]
		Images\MRH_X_20150616_040725_090.img [no cloud data W1T1] [FINAL: W1T1]
		Images\MRH_X_20150616_041035_091.img [no cloud data W1T1] [FINAL: W1T1]
		Images\MRH_X_20150616_041343_092.img [no cloud data W1T1] [FINAL: W1T1]
		Images\MRH_X_20150616_041651_093.img [no cloud data W1T1] [FINAL: W1T1]
		Images\MRH_X_20150616_041959_094.img [no cloud data W1T1] [FINAL: W1T1]
		Images\MRH_X_20150616_042307_095.img [no cloud data W1T1] [FINAL: W1T1]
		Images\MRH_X_20150616_042615_096.img [no cloud data W1T1] [FINAL: W1T1]
		Images\MRH_X_20150616_042921_097.img [no cloud data W1T1] [FINAL: W1T1]
		Images\MRH_X_20150616_043228_098.img [no cloud data W1T1] [FINAL: W1T1]
		Images\MRH_X_20150616_043534_099.img [no cloud data W1T1] [FINAL: W1T1]
		Images\MRH_X_20150616_043928_100.img [no cloud data W1T1] [FINAL: W1T1]
		Images\MRH_X_20150616_044238_101.img [no cloud data W1T1] [FINAL: W1T1]
		Images\MRH_X_20150616_044545_102.img [no cloud data W1T1] [FINAL: W1T1]
		Images\MRH_X_20150616_044853_103.img [no cloud data W1T1] [FINAL: W1T1]
		Images\MRH_X_20150616_045202_104.img [no cloud data W1T1] [FINAL: W1T1]
		Images\MRH_X_20150616_045509_105.img [no cloud data W1T1] [FINAL: W1T1]
		Images\MRH_X_20150616_045817_106.img [no cloud data W1T1] [FINAL: W1T1]
		Images\MRH_X_20150616_050124_107.img [no cloud data W1T1] [FINAL: W1T1]
		Images\MRH_X_20150616_050430_108.img [no cloud data W1T1] [FINAL: W1T1]
		Images\MRH_X_20150616_050737_109.img [no cloud data W1T1] [FINAL: W1T1]
		Images\MRH_X_20150616_051130_110.img [no cloud data W1T1] [FINAL: W1T1]
		Images\MRH_X_20150616_051440_111.img [no cloud data W1T1] [FINAL: W1T1]
		Images\MRH_X_20150616_051748_112.img [no cloud data W1T1] [FINAL: W1T1]
		Images\MRH_X_20150616_052056_113.img [no cloud data W1T1] [FINAL: W1T1]
		Images\MRH_X_20150616_052404_114.img [no cloud data W1T1] [FINAL: W1T1]
		Images\MRH_X_20150616_052712_115.img [no cloud data W1T1] [FINAL: W1T1]
		Images\MRH_X_20150616_053020_116.img [no cloud data W1T1] [FINAL: W1T1]
		Images\MRH_X_20150616_053326_117.img [no cloud data W1T1] [FINAL: W1T1]
		Images\MRH_X_20150616_053633_118.img [no cloud data W1T1] [FINAL: W1T1]
		Images\MRH_X_20150616_053940_119.img [no cloud data W1T1] [FINAL: W1T1]
		Images\MRH_X_20150616_054333_120.img [no cloud data W1T1] [FINAL: W1T1]
		Images\MRH_X_20150616_054643_121.img [no cloud data W1T1] [FINAL: W1T1]
		Images\MRH_X_20150616_054951_122.img [no cloud data W1T1] [FINAL: W1T1]
		Images\MRH_X_20150616_055258_123.img [no cloud data W1T1] [FINAL: W1T1]
		Images\MRH_X_20150616_055607_124.img [no cloud data W1T1] [FINAL: W1T1]
		Images\MRH_X_20150616_055914_125.img [no cloud data W1T1] [FINAL: W1T1]
		Images\MRH_X_20150616_060222_126.img [no cloud data W1T1] [FINAL: W1T1]
		Images\MRH_X_20150616_060529_127.img [no cloud data W1T1] [FINAL: W1T1]
		Images\MRH_X_20150616_060835_128.img [no cloud data W1T1] [FINAL: W1T1]
		Images\MRH_X_20150616_061142_129.img [no cloud data W1T1] [FINAL: W1T1]
		Images\MRH_X_20150616_061535_130.img [no cloud data W1T1] [FINAL: W1T1]
		Images\MRH_X_20150616_061845_131.img [no cloud data W1T1] [FINAL: W1T1]
		Images\MRH_X_20150616_062153_132.img [no cloud data W1T1] [FINAL: W1T1]
		Images\MRH_X_20150616_062501_133.img [no cloud data W1T1] [FINAL: W1T1]
		Images\MRH_X_20150616_062809_134.img [no cloud data W1T1] [FINAL: W1T1]
		Images\MRH_X_20150616_063117_135.img [no cloud data W1T1] [FINAL: W1T1]
		Images\MRH_X_20150616_063425_136.img [no cloud data W1T1] [FINAL: W1T1]
		Images\MRH_X_20150616_063731_137.img [no cloud data W1T1] [FINAL: W1T1]
		Images\MRH_X_20150616_064038_138.img [no cloud data W1T1] [FINAL: W1T1]
		Images\MRH_X_20150616_064345_139.img [no cloud data W1T1] [FINAL: W1T1]
		Images\MRH_X_20150616_064738_140.img [no cloud data W1T1] [FINAL: W1T1]
		Images\MRH_X_20150616_065048_141.img [no cloud data W1T1] [FINAL: W1T1]
		Images\MRH_X_20150616_065356_142.img [no cloud data W1T1] [FINAL: W1T1]
		Images\MRH_X_20150616_065703_143.img [no cloud data W1T1] [FINAL: W1T1]
		Images\MRH_X_20150616_070012_144.img [no cloud data W1T1] [FINAL: W1T1]
		Images\MRH_X_20150616_070320_145.img [no cloud data W1T1] [FINAL: W1T1]
		Images\MRH_X_20150616_070627_146.img [no cloud data W1T1] [FINAL: W1T1]
		Images\MRH_X_20150616_070934_147.img [no cloud data W1T1] [FINAL: W1T1]
		Images\MRH_X_20150616_071241_148.img [no cloud data W1T1] [FINAL: W1T1]
		Images\MRH_X_20150616_071547_149.img [no cloud data W1T1] [FINAL: W1T1]
		Images\MRH_X_20150616_071940_150.img [no cloud data W1T1] [FINAL: W1T1]
		Images\MRH_X_20150616_072250_151.img [no cloud data W1T1] [FINAL: W1T1]
		Images\MRH_X_20150616_072558_152.img [no cloud data W1T1] [FINAL: W1T1]
		Images\MRH_X_20150616_072906_153.img [no cloud data W1T1] [FINAL: W1T1]
		Images\MRH_X_20150616_073214_154.img [no cloud data W1T1] [FINAL: W1T1]
		Images\MRH_X_20150616_073522_155.img [no cloud data W1T1] [FINAL: W1T1]
		Images\MRH_X_20150616_073830_156.img [no cloud data W1T1] [FINAL: W1T1]
		Images\MRH_X_20150616_074137_157.img [no cloud data W1T1] [FINAL: W1T1]
		Images\MRH_X_20150616_074443_158.img [no cloud data W1T1] [FINAL: W1T1]
		Images\MRH_X_20150616_074750_159.img [no cloud data W1T1] [FINAL: W1T1]
		Images\MRH_X_20150616_075143_160.img [no cloud data W1T1] [FINAL: W1T1]
		Images\MRH_X_20150616_075453_161.img [no cloud data W1T1] [FINAL: W1T1]
		Images\MRH_X_20150616_075801_162.img [no cloud data W1T1] [FINAL: W1T1]
		Images\MRH_X_20150616_080109_163.img [no cloud data W1T1] [FINAL: W1T1]
		Images\MRH_X_20150616_080417_164.img [no cloud data W1T1] [FINAL: W1T1]
		Images\MRH_X_20150616_080725_165.img [no cloud data W1T1] [FINAL: W1T1]
		Images\MRH_X_20150616_081033_166.img [no cloud data W1T1] [FINAL: W1T1]
		Images\MRH_X_20150616_081339_167.img [no cloud data W1T1] [FINAL: W1T1]
		Images\MRH_X_20150616_081646_168.img [no cloud data W1T1] [FINAL: W1T1]
		Images\MRH_X_20150616_081953_169.img [no cloud data W1T1] [FINAL: W1T1]
		Images\MRH_X_20150616_082346_170.img [no cloud data W1T1] [FINAL: W1T1]
		Images\MRH_X_20150616_082656_171.img [no cloud data W1T1] [FINAL: W1T1]
		Images\MRH_X_20150616_083004_172.img [no cloud data W1T1] [FINAL: W1T1]
		Images\MRH_X_20150616_083311_173.img [no cloud data W1T1] [FINAL: W1T1]
		Images\MRH_X_20150616_083620_174.img [no cloud data W1T1] [FINAL: W1T1]
		Images\MRH_X_20150616_083927_175.img [no cloud data W1T1] [FINAL: W1T1]
		Images\MRH_X_20150616_084235_176.img [no cloud data W1T1] [FINAL: W1T1]
		Images\MRH_X_20150616_084542_177.img [no cloud data W1T1] [FINAL: W1T1]
		Images\MRH_X_20150616_084849_178.img [no cloud data W1T1] [FINAL: W1T1]
		Images\MRH_X_20150616_085155_179.img [no cloud data W1T1] [FINAL: W1T1]
		Images\MRH_X_20150616_085548_180.img [no cloud data W1T1] [FINAL: W1T1]
		Images\MRH_X_20150616_085858_181.img [no cloud data W1T1] [FINAL: W1T1]
		Images\MRH_X_20150616_090206_182.img [no cloud data W1T1] [FINAL: W1T1]
		Images\MRH_X_20150616_090514_183.img [no cloud data W1T1] [FINAL: W1T1]
		Images\MRH_X_20150616_090822_184.img [no cloud data W1T1] [FINAL: W1T1]
		Images\MRH_X_20150616_091130_185.img [no cloud data W1T1] [FINAL: W1T1]
		Images\MRH_X_20150616_091438_186.img [no cloud data W1T1] [FINAL: W1T1]
		Images\MRH_X_20150616_091744_187.img [no cloud data W1T1] [FINAL: W1T1]
		Images\MRH_X_20150616_092051_188.img [no cloud data W1T1] [FINAL: W1T1]
		Images\MRH_X_20150616_092358_189.img [no cloud data W1T1] [sigma_T large: W2T2] [FINAL: W2T2]
		Images\MRH_X_20150616_092751_190.img [no cloud data W1T1] [sigma_T large: W2T2] [FINAL: W2T2]
		Images\MRH_X_20150616_093101_191.img [no cloud data W1T1] [sigma_T large: W2T2] [FINAL: W2T2]
		Images\MRH_X_20150616_093409_192.img [no cloud data W1T1] [sigma_T large: W2T2] [FINAL: W2T2]
		Images\MRH_X_20150616_093716_193.img [no cloud data W1T1] [sigma_T large: W2T2] [FINAL: W2T2]
		Images\MRH_X_20150616_094025_194.img [no cloud data W1T1] [FINAL: W1T1]
		Images\MRH_X_20150616_094333_195.img [no cloud data W1T1] [sigma_T large: W2T2] [FINAL: W2T2]
		Images\MRH_X_20150616_094640_196.img [no cloud data W1T1] [sigma_T large: W2T2] [FINAL: W2T2]
		Images\MRH_X_20150616_094947_197.img [no cloud data W1T1] [sigma_T large: W2T2] [FINAL: W2T2]
		Images\MRH_X_20150616_095254_198.img [no cloud data W1T1] [sigma_T large: W2T2] [FINAL: W2T2]
		Images\MRH_X_20150616_095600_199.img [no cloud data W1T1] [sigma_T large: W2T2] [FINAL: W2T2]
		Images\MRH_X_20150616_095953_200.img [no cloud data W1T1] [sigma_T large: W2T2] [FINAL: W2T2]
		Images\MRH_X_20150616_100303_201.img [no cloud data W1T1] [sigma_T large: W2T2] [FINAL: W2T2]
		Images\MRH_X_20150616_100611_202.img [no cloud data W1T1] [FINAL: W1T1]
		Images\MRH_X_20150616_100919_203.img [no cloud data W1T1] [FINAL: W1T1]
		Images\MRH_X_20150616_101227_204.img [no cloud data W1T1] [FINAL: W1T1]
		Images\MRH_X_20150616_101535_205.img [no cloud data W1T1] [FINAL: W1T1]
		Images\MRH_X_20150616_101843_206.img [no cloud data W1T1] [FINAL: W1T1]
		Images\MRH_X_20150616_102149_207.img [no cloud data W1T1] [FINAL: W1T1]
		Images\MRH_X_20150616_102456_208.img [no cloud data W1T1] [FINAL: W1T1]
		Images\MRH_X_20150616_102803_209.img [no cloud data W1T1] [FINAL: W1T1]
		Images\MRH_X_20150616_103156_210.img [no cloud data W1T1] [FINAL: W1T1]
		Images\MRH_X_20150616_103506_211.img [no cloud data W1T1] [FINAL: W1T1]
		Images\MRH_X_20150616_103814_212.img [no cloud data W1T1] [FINAL: W1T1]
		Images\MRH_X_20150616_104121_213.img [no cloud data W1T1] [FINAL: W1T1]
04/07/2021 23:51:32 PM: Results saved to results/minime90_mrh_20150615.npz
