04/07/2021 21:07:03 PM: Logfile Created
04/07/2021 21:07:03 PM: Sun up during minime90/mrh/2015/20150606/Images\MRH_L_20150606_231242_001.img. Ignoring this image...
04/07/2021 21:07:04 PM: minime90/mrh/2015/20150606/Images\MRH_L_20150606_234903_002.img center: 257.81, 254.81
04/07/2021 21:07:04 PM: minime90/mrh/2015/20150606/Images\MRH_L_20150607_002130_003.img center: 257.81, 254.81
04/07/2021 21:07:04 PM: minime90/mrh/2015/20150606/Images\MRH_L_20150607_005356_004.img center: 257.85, 254.84
04/07/2021 21:07:04 PM: minime90/mrh/2015/20150606/Images\MRH_L_20150607_012622_005.img center: 257.88, 254.88
04/07/2021 21:07:05 PM: minime90/mrh/2015/20150606/Images\MRH_L_20150607_015845_006.img center: 257.88, 254.83
04/07/2021 21:07:05 PM: minime90/mrh/2015/20150606/Images\MRH_L_20150607_023112_007.img center: 257.88, 254.82
04/07/2021 21:07:05 PM: minime90/mrh/2015/20150606/Images\MRH_L_20150607_030336_008.img center: 257.94, 254.89
04/07/2021 21:07:05 PM: minime90/mrh/2015/20150606/Images\MRH_L_20150607_033559_009.img center: 257.88, 254.87
04/07/2021 21:07:05 PM: minime90/mrh/2015/20150606/Images\MRH_L_20150607_040827_010.img center: 257.94, 254.89
04/07/2021 21:07:06 PM: minime90/mrh/2015/20150606/Images\MRH_L_20150607_044051_011.img center: 257.95, 254.90
04/07/2021 21:07:06 PM: minime90/mrh/2015/20150606/Images\MRH_L_20150607_051315_012.img center: 257.94, 254.88
04/07/2021 21:07:06 PM: minime90/mrh/2015/20150606/Images\MRH_L_20150607_054537_013.img center: 257.89, 254.91
04/07/2021 21:07:06 PM: minime90/mrh/2015/20150606/Images\MRH_L_20150607_061800_014.img center: 257.93, 254.92
04/07/2021 21:07:07 PM: minime90/mrh/2015/20150606/Images\MRH_L_20150607_065024_015.img center: 257.91, 254.92
04/07/2021 21:07:07 PM: minime90/mrh/2015/20150606/Images\MRH_L_20150607_072247_016.img center: 257.98, 254.91
04/07/2021 21:07:07 PM: minime90/mrh/2015/20150606/Images\MRH_L_20150607_075510_017.img center: 257.83, 254.92
04/07/2021 21:07:10 PM: minime90/mrh/2015/20150606/Images\MRH_L_20150606_234903_002.img reduced chisqr: 4.5386
04/07/2021 21:07:13 PM: minime90/mrh/2015/20150606/Images\MRH_L_20150607_002130_003.img reduced chisqr: 4.0448
04/07/2021 21:07:15 PM: minime90/mrh/2015/20150606/Images\MRH_L_20150607_005356_004.img reduced chisqr: 4.1120
04/07/2021 21:07:18 PM: minime90/mrh/2015/20150606/Images\MRH_L_20150607_012622_005.img reduced chisqr: 4.3824
04/07/2021 21:07:21 PM: minime90/mrh/2015/20150606/Images\MRH_L_20150607_015845_006.img reduced chisqr: 4.5779
04/07/2021 21:07:23 PM: minime90/mrh/2015/20150606/Images\MRH_L_20150607_023112_007.img reduced chisqr: 4.6092
04/07/2021 21:07:26 PM: minime90/mrh/2015/20150606/Images\MRH_L_20150607_030336_008.img reduced chisqr: 5.3812
04/07/2021 21:07:29 PM: minime90/mrh/2015/20150606/Images\MRH_L_20150607_033559_009.img reduced chisqr: 4.3199
04/07/2021 21:07:32 PM: minime90/mrh/2015/20150606/Images\MRH_L_20150607_040827_010.img reduced chisqr: 4.9691
04/07/2021 21:07:34 PM: minime90/mrh/2015/20150606/Images\MRH_L_20150607_044051_011.img reduced chisqr: 4.9461
04/07/2021 21:07:37 PM: minime90/mrh/2015/20150606/Images\MRH_L_20150607_051315_012.img reduced chisqr: 4.5195
04/07/2021 21:07:40 PM: minime90/mrh/2015/20150606/Images\MRH_L_20150607_054537_013.img reduced chisqr: 4.2270
04/07/2021 21:07:43 PM: minime90/mrh/2015/20150606/Images\MRH_L_20150607_061800_014.img reduced chisqr: 5.4481
04/07/2021 21:07:45 PM: minime90/mrh/2015/20150606/Images\MRH_L_20150607_065024_015.img reduced chisqr: 3.8935
04/07/2021 21:07:48 PM: minime90/mrh/2015/20150606/Images\MRH_L_20150607_072247_016.img reduced chisqr: 5.2812
04/07/2021 21:07:51 PM: minime90/mrh/2015/20150606/Images\MRH_L_20150607_075510_017.img reduced chisqr: 4.3355
04/07/2021 21:07:51 PM: minime90/mrh/2015/20150606/Images\MRH_X_20150606_232031_001.img not bounded by laser images. Ignoring this image...
04/07/2021 21:07:51 PM: minime90/mrh/2015/20150606/Images\MRH_X_20150606_232342_002.img not bounded by laser images. Ignoring this image...
04/07/2021 21:07:51 PM: minime90/mrh/2015/20150606/Images\MRH_X_20150606_232652_003.img not bounded by laser images. Ignoring this image...
04/07/2021 21:07:51 PM: minime90/mrh/2015/20150606/Images\MRH_X_20150606_233002_004.img not bounded by laser images. Ignoring this image...
04/07/2021 21:07:51 PM: minime90/mrh/2015/20150606/Images\MRH_X_20150606_233312_005.img not bounded by laser images. Ignoring this image...
04/07/2021 21:07:51 PM: minime90/mrh/2015/20150606/Images\MRH_X_20150606_233622_006.img not bounded by laser images. Ignoring this image...
04/07/2021 21:07:51 PM: minime90/mrh/2015/20150606/Images\MRH_X_20150606_233931_007.img not bounded by laser images. Ignoring this image...
04/07/2021 21:07:51 PM: minime90/mrh/2015/20150606/Images\MRH_X_20150606_234239_008.img not bounded by laser images. Ignoring this image...
04/07/2021 21:07:51 PM: minime90/mrh/2015/20150606/Images\MRH_X_20150606_234548_009.img not bounded by laser images. Ignoring this image...
04/07/2021 21:07:51 PM: minime90/mrh/2015/20150606/Images\MRH_X_20150607_031039_072.img is looking too close to the moon (36.2 deg). Ignoring this image...
04/07/2021 21:07:51 PM: minime90/mrh/2015/20150606/Images\MRH_X_20150607_034303_082.img is looking too close to the moon (28.9 deg). Ignoring this image...
04/07/2021 21:07:51 PM: minime90/mrh/2015/20150606/Images\MRH_X_20150607_041530_092.img is looking too close to the moon (21.5 deg). Ignoring this image...
04/07/2021 21:07:51 PM: minime90/mrh/2015/20150606/Images\MRH_X_20150607_044754_102.img is looking too close to the moon (14.2 deg). Ignoring this image...
04/07/2021 21:07:51 PM: minime90/mrh/2015/20150606/Images\MRH_X_20150607_052018_112.img is looking too close to the moon (7.4 deg). Ignoring this image...
04/07/2021 21:07:51 PM: minime90/mrh/2015/20150606/Images\MRH_X_20150607_054931_121.img is looking too close to the moon (36.3 deg). Ignoring this image...
04/07/2021 21:07:51 PM: minime90/mrh/2015/20150606/Images\MRH_X_20150607_055241_122.img is looking too close to the moon (5.0 deg). Ignoring this image...
04/07/2021 21:07:51 PM: minime90/mrh/2015/20150606/Images\MRH_X_20150607_062155_131.img is looking too close to the moon (33.3 deg). Ignoring this image...
04/07/2021 21:07:51 PM: minime90/mrh/2015/20150606/Images\MRH_X_20150607_062504_132.img is looking too close to the moon (10.5 deg). Ignoring this image...
04/07/2021 21:07:51 PM: minime90/mrh/2015/20150606/Images\MRH_X_20150607_065417_141.img is looking too close to the moon (31.6 deg). Ignoring this image...
04/07/2021 21:07:51 PM: minime90/mrh/2015/20150606/Images\MRH_X_20150607_065727_142.img is looking too close to the moon (17.7 deg). Ignoring this image...
04/07/2021 21:07:51 PM: minime90/mrh/2015/20150606/Images\MRH_X_20150607_070037_143.img is looking too close to the moon (32.6 deg). Ignoring this image...
04/07/2021 21:07:51 PM: minime90/mrh/2015/20150606/Images\MRH_X_20150607_072640_151.img is looking too close to the moon (31.1 deg). Ignoring this image...
04/07/2021 21:07:51 PM: minime90/mrh/2015/20150606/Images\MRH_X_20150607_072950_152.img is looking too close to the moon (25.1 deg). Ignoring this image...
04/07/2021 21:07:51 PM: minime90/mrh/2015/20150606/Images\MRH_X_20150607_073300_153.img is looking too close to the moon (24.8 deg). Ignoring this image...
04/07/2021 21:07:57 PM: minime90/mrh/2015/20150606/Images\MRH_X_20150606_234945_010.img reduced chisqr: 1.1865.
			Message:"Tolerance seems to be too small."
04/07/2021 21:08:04 PM: minime90/mrh/2015/20150606/Images\MRH_X_20150606_235257_011.img reduced chisqr: 1.1183.
			Message:"Tolerance seems to be too small."
04/07/2021 21:08:10 PM: minime90/mrh/2015/20150606/Images\MRH_X_20150606_235607_012.img reduced chisqr: 1.1454.
			Message:"Tolerance seems to be too small."
04/07/2021 21:08:17 PM: minime90/mrh/2015/20150606/Images\MRH_X_20150606_235917_013.img reduced chisqr: 1.0773.
			Message:"Tolerance seems to be too small."
04/07/2021 21:08:23 PM: minime90/mrh/2015/20150606/Images\MRH_X_20150607_000227_014.img reduced chisqr: 1.2333.
			Message:"Tolerance seems to be too small."
04/07/2021 21:08:30 PM: minime90/mrh/2015/20150606/Images\MRH_X_20150607_000538_015.img reduced chisqr: 1.3342.
			Message:"Tolerance seems to be too small."
04/07/2021 21:08:36 PM: minime90/mrh/2015/20150606/Images\MRH_X_20150607_000848_016.img reduced chisqr: 1.0228.
			Message:"Tolerance seems to be too small."
04/07/2021 21:08:42 PM: minime90/mrh/2015/20150606/Images\MRH_X_20150607_001157_017.img reduced chisqr: 1.1537.
			Message:"Tolerance seems to be too small."
04/07/2021 21:08:49 PM: minime90/mrh/2015/20150606/Images\MRH_X_20150607_001505_018.img reduced chisqr: 1.0578.
			Message:"Tolerance seems to be too small."
04/07/2021 21:08:55 PM: minime90/mrh/2015/20150606/Images\MRH_X_20150607_001814_019.img reduced chisqr: 1.0201.
			Message:"Tolerance seems to be too small."
04/07/2021 21:09:01 PM: minime90/mrh/2015/20150606/Images\MRH_X_20150607_002211_020.img reduced chisqr: 1.0995.
			Message:"Tolerance seems to be too small."
04/07/2021 21:09:08 PM: minime90/mrh/2015/20150606/Images\MRH_X_20150607_002523_021.img reduced chisqr: 1.2699.
			Message:"Tolerance seems to be too small."
04/07/2021 21:09:14 PM: minime90/mrh/2015/20150606/Images\MRH_X_20150607_002833_022.img reduced chisqr: 1.0089.
			Message:"Tolerance seems to be too small."
04/07/2021 21:09:21 PM: minime90/mrh/2015/20150606/Images\MRH_X_20150607_003143_023.img reduced chisqr: 1.2713.
			Message:"Tolerance seems to be too small."
04/07/2021 21:09:27 PM: minime90/mrh/2015/20150606/Images\MRH_X_20150607_003453_024.img reduced chisqr: 1.0430.
			Message:"Tolerance seems to be too small."
04/07/2021 21:09:33 PM: minime90/mrh/2015/20150606/Images\MRH_X_20150607_003804_025.img reduced chisqr: 1.0912.
			Message:"Tolerance seems to be too small."
04/07/2021 21:09:40 PM: minime90/mrh/2015/20150606/Images\MRH_X_20150607_004114_026.img reduced chisqr: 0.9468.
			Message:"Tolerance seems to be too small."
04/07/2021 21:09:46 PM: minime90/mrh/2015/20150606/Images\MRH_X_20150607_004423_027.img reduced chisqr: 1.0996.
			Message:"Tolerance seems to be too small."
04/07/2021 21:09:52 PM: minime90/mrh/2015/20150606/Images\MRH_X_20150607_004731_028.img reduced chisqr: 1.1369.
			Message:"Tolerance seems to be too small."
04/07/2021 21:09:59 PM: minime90/mrh/2015/20150606/Images\MRH_X_20150607_005040_029.img reduced chisqr: 1.0123.
			Message:"Tolerance seems to be too small."
04/07/2021 21:10:05 PM: minime90/mrh/2015/20150606/Images\MRH_X_20150607_005438_030.img reduced chisqr: 1.0676.
			Message:"Tolerance seems to be too small."
04/07/2021 21:10:12 PM: minime90/mrh/2015/20150606/Images\MRH_X_20150607_005750_031.img reduced chisqr: 1.1701.
			Message:"Tolerance seems to be too small."
04/07/2021 21:10:18 PM: minime90/mrh/2015/20150606/Images\MRH_X_20150607_010100_032.img reduced chisqr: 0.9079.
			Message:"Tolerance seems to be too small."
04/07/2021 21:10:24 PM: minime90/mrh/2015/20150606/Images\MRH_X_20150607_010410_033.img reduced chisqr: 1.0788.
			Message:"Tolerance seems to be too small."
04/07/2021 21:10:31 PM: minime90/mrh/2015/20150606/Images\MRH_X_20150607_010721_034.img reduced chisqr: 1.0359.
			Message:"Tolerance seems to be too small."
04/07/2021 21:10:37 PM: minime90/mrh/2015/20150606/Images\MRH_X_20150607_011030_035.img reduced chisqr: 0.9599.
			Message:"Tolerance seems to be too small."
04/07/2021 21:10:43 PM: minime90/mrh/2015/20150606/Images\MRH_X_20150607_011340_036.img reduced chisqr: 1.2231.
			Message:"Tolerance seems to be too small."
04/07/2021 21:10:50 PM: minime90/mrh/2015/20150606/Images\MRH_X_20150607_011649_037.img reduced chisqr: 1.1672.
			Message:"Tolerance seems to be too small."
04/07/2021 21:10:56 PM: minime90/mrh/2015/20150606/Images\MRH_X_20150607_011958_038.img reduced chisqr: 0.9365.
			Message:"Tolerance seems to be too small."
04/07/2021 21:11:02 PM: minime90/mrh/2015/20150606/Images\MRH_X_20150607_012306_039.img reduced chisqr: 1.1809.
			Message:"Tolerance seems to be too small."
04/07/2021 21:11:09 PM: minime90/mrh/2015/20150606/Images\MRH_X_20150607_012704_040.img reduced chisqr: 0.8988.
			Message:"Tolerance seems to be too small."
04/07/2021 21:11:15 PM: minime90/mrh/2015/20150606/Images\MRH_X_20150607_013015_041.img reduced chisqr: 1.0496.
			Message:"Tolerance seems to be too small."
04/07/2021 21:11:21 PM: minime90/mrh/2015/20150606/Images\MRH_X_20150607_013325_042.img reduced chisqr: 0.9859.
			Message:"Tolerance seems to be too small."
04/07/2021 21:11:28 PM: minime90/mrh/2015/20150606/Images\MRH_X_20150607_013634_043.img reduced chisqr: 0.9746.
			Message:"Tolerance seems to be too small."
04/07/2021 21:11:34 PM: minime90/mrh/2015/20150606/Images\MRH_X_20150607_013945_044.img reduced chisqr: 1.1229.
			Message:"Tolerance seems to be too small."
04/07/2021 21:11:40 PM: minime90/mrh/2015/20150606/Images\MRH_X_20150607_014254_045.img reduced chisqr: 1.0436.
			Message:"Tolerance seems to be too small."
04/07/2021 21:11:47 PM: minime90/mrh/2015/20150606/Images\MRH_X_20150607_014604_046.img reduced chisqr: 1.0072.
			Message:"Tolerance seems to be too small."
04/07/2021 21:11:53 PM: minime90/mrh/2015/20150606/Images\MRH_X_20150607_014913_047.img reduced chisqr: 1.0845.
			Message:"Tolerance seems to be too small."
04/07/2021 21:11:59 PM: minime90/mrh/2015/20150606/Images\MRH_X_20150607_015221_048.img reduced chisqr: 0.9974.
			Message:"Tolerance seems to be too small."
04/07/2021 21:12:06 PM: minime90/mrh/2015/20150606/Images\MRH_X_20150607_015530_049.img reduced chisqr: 1.1885.
			Message:"Tolerance seems to be too small."
04/07/2021 21:12:12 PM: minime90/mrh/2015/20150606/Images\MRH_X_20150607_015927_050.img reduced chisqr: 1.0541.
			Message:"Tolerance seems to be too small."
04/07/2021 21:12:18 PM: minime90/mrh/2015/20150606/Images\MRH_X_20150607_020239_051.img reduced chisqr: 1.0985.
			Message:"Tolerance seems to be too small."
04/07/2021 21:12:24 PM: minime90/mrh/2015/20150606/Images\MRH_X_20150607_020549_052.img reduced chisqr: 0.9749.
			Message:"Tolerance seems to be too small."
04/07/2021 21:12:31 PM: minime90/mrh/2015/20150606/Images\MRH_X_20150607_020859_053.img reduced chisqr: 1.1504.
			Message:"Tolerance seems to be too small."
04/07/2021 21:12:37 PM: minime90/mrh/2015/20150606/Images\MRH_X_20150607_021210_054.img reduced chisqr: 1.2045.
			Message:"Tolerance seems to be too small."
04/07/2021 21:12:44 PM: minime90/mrh/2015/20150606/Images\MRH_X_20150607_021520_055.img reduced chisqr: 1.0904.
			Message:"Tolerance seems to be too small."
04/07/2021 21:12:50 PM: minime90/mrh/2015/20150606/Images\MRH_X_20150607_021830_056.img reduced chisqr: 1.2721.
			Message:"Tolerance seems to be too small."
04/07/2021 21:12:56 PM: minime90/mrh/2015/20150606/Images\MRH_X_20150607_022139_057.img reduced chisqr: 1.2367.
			Message:"Tolerance seems to be too small."
04/07/2021 21:13:03 PM: minime90/mrh/2015/20150606/Images\MRH_X_20150607_022447_058.img reduced chisqr: 1.0577.
			Message:"Tolerance seems to be too small."
04/07/2021 21:13:09 PM: minime90/mrh/2015/20150606/Images\MRH_X_20150607_022756_059.img reduced chisqr: 1.2595.
			Message:"Tolerance seems to be too small."
04/07/2021 21:13:15 PM: minime90/mrh/2015/20150606/Images\MRH_X_20150607_023154_060.img reduced chisqr: 1.0417.
			Message:"Tolerance seems to be too small."
04/07/2021 21:13:22 PM: minime90/mrh/2015/20150606/Images\MRH_X_20150607_023505_061.img reduced chisqr: 1.0434.
			Message:"Tolerance seems to be too small."
04/07/2021 21:13:29 PM: minime90/mrh/2015/20150606/Images\MRH_X_20150607_023815_062.img reduced chisqr: 1.1668.
			Message:"Tolerance seems to be too small."
04/07/2021 21:13:35 PM: minime90/mrh/2015/20150606/Images\MRH_X_20150607_024125_063.img reduced chisqr: 1.0318.
			Message:"Tolerance seems to be too small."
04/07/2021 21:13:42 PM: minime90/mrh/2015/20150606/Images\MRH_X_20150607_024436_064.img reduced chisqr: 1.0807.
			Message:"Tolerance seems to be too small."
04/07/2021 21:13:48 PM: minime90/mrh/2015/20150606/Images\MRH_X_20150607_024745_065.img reduced chisqr: 1.1245.
			Message:"Tolerance seems to be too small."
04/07/2021 21:13:54 PM: minime90/mrh/2015/20150606/Images\MRH_X_20150607_025055_066.img reduced chisqr: 1.0243.
			Message:"Tolerance seems to be too small."
04/07/2021 21:14:01 PM: minime90/mrh/2015/20150606/Images\MRH_X_20150607_025404_067.img reduced chisqr: 1.1605.
			Message:"Tolerance seems to be too small."
04/07/2021 21:14:07 PM: minime90/mrh/2015/20150606/Images\MRH_X_20150607_025712_068.img reduced chisqr: 0.9721.
			Message:"Tolerance seems to be too small."
04/07/2021 21:14:14 PM: minime90/mrh/2015/20150606/Images\MRH_X_20150607_030021_069.img reduced chisqr: 0.9492.
			Message:"Tolerance seems to be too small."
04/07/2021 21:14:20 PM: minime90/mrh/2015/20150606/Images\MRH_X_20150607_030418_070.img reduced chisqr: 1.1324.
			Message:"Tolerance seems to be too small."
04/07/2021 21:14:26 PM: minime90/mrh/2015/20150606/Images\MRH_X_20150607_030730_071.img reduced chisqr: 1.1504.
			Message:"Tolerance seems to be too small."
04/07/2021 21:14:33 PM: minime90/mrh/2015/20150606/Images\MRH_X_20150607_031349_073.img reduced chisqr: 1.0504.
			Message:"Tolerance seems to be too small."
04/07/2021 21:14:39 PM: minime90/mrh/2015/20150606/Images\MRH_X_20150607_031659_074.img reduced chisqr: 1.0665.
			Message:"Tolerance seems to be too small."
04/07/2021 21:14:46 PM: minime90/mrh/2015/20150606/Images\MRH_X_20150607_032009_075.img reduced chisqr: 1.1725.
			Message:"Tolerance seems to be too small."
04/07/2021 21:14:52 PM: minime90/mrh/2015/20150606/Images\MRH_X_20150607_032319_076.img reduced chisqr: 1.0828.
			Message:"Tolerance seems to be too small."
04/07/2021 21:14:59 PM: minime90/mrh/2015/20150606/Images\MRH_X_20150607_032628_077.img reduced chisqr: 1.1548.
			Message:"Tolerance seems to be too small."
04/07/2021 21:15:05 PM: minime90/mrh/2015/20150606/Images\MRH_X_20150607_032936_078.img reduced chisqr: 1.1652.
			Message:"Tolerance seems to be too small."
04/07/2021 21:15:11 PM: minime90/mrh/2015/20150606/Images\MRH_X_20150607_033244_079.img reduced chisqr: 1.2614.
			Message:"Tolerance seems to be too small."
04/07/2021 21:15:18 PM: minime90/mrh/2015/20150606/Images\MRH_X_20150607_033641_080.img reduced chisqr: 1.1097.
			Message:"Tolerance seems to be too small."
04/07/2021 21:15:24 PM: minime90/mrh/2015/20150606/Images\MRH_X_20150607_033953_081.img reduced chisqr: 1.0205.
			Message:"Tolerance seems to be too small."
04/07/2021 21:15:31 PM: minime90/mrh/2015/20150606/Images\MRH_X_20150607_034613_083.img reduced chisqr: 1.2705.
			Message:"Tolerance seems to be too small."
04/07/2021 21:15:37 PM: minime90/mrh/2015/20150606/Images\MRH_X_20150607_034923_084.img reduced chisqr: 1.0449.
			Message:"Tolerance seems to be too small."
04/07/2021 21:15:43 PM: minime90/mrh/2015/20150606/Images\MRH_X_20150607_035232_085.img reduced chisqr: 1.2972.
			Message:"Tolerance seems to be too small."
04/07/2021 21:15:50 PM: minime90/mrh/2015/20150606/Images\MRH_X_20150607_035542_086.img reduced chisqr: 1.0731.
			Message:"Tolerance seems to be too small."
04/07/2021 21:15:56 PM: minime90/mrh/2015/20150606/Images\MRH_X_20150607_035850_087.img reduced chisqr: 1.0052.
			Message:"Tolerance seems to be too small."
04/07/2021 21:16:02 PM: minime90/mrh/2015/20150606/Images\MRH_X_20150607_040159_088.img reduced chisqr: 1.2492.
			Message:"Tolerance seems to be too small."
04/07/2021 21:16:09 PM: minime90/mrh/2015/20150606/Images\MRH_X_20150607_040508_089.img reduced chisqr: 1.2738.
			Message:"Tolerance seems to be too small."
04/07/2021 21:16:15 PM: minime90/mrh/2015/20150606/Images\MRH_X_20150607_040909_090.img reduced chisqr: 1.3135.
			Message:"Tolerance seems to be too small."
04/07/2021 21:16:22 PM: minime90/mrh/2015/20150606/Images\MRH_X_20150607_041220_091.img reduced chisqr: 1.1192.
			Message:"Tolerance seems to be too small."
04/07/2021 21:16:28 PM: minime90/mrh/2015/20150606/Images\MRH_X_20150607_041840_093.img reduced chisqr: 1.4221.
			Message:"Tolerance seems to be too small."
04/07/2021 21:16:34 PM: minime90/mrh/2015/20150606/Images\MRH_X_20150607_042150_094.img reduced chisqr: 1.4819.
			Message:"Tolerance seems to be too small."
04/07/2021 21:16:41 PM: minime90/mrh/2015/20150606/Images\MRH_X_20150607_042459_095.img reduced chisqr: 1.3987.
			Message:"Tolerance seems to be too small."
04/07/2021 21:16:47 PM: minime90/mrh/2015/20150606/Images\MRH_X_20150607_042809_096.img reduced chisqr: 1.3430.
			Message:"Tolerance seems to be too small."
04/07/2021 21:16:53 PM: minime90/mrh/2015/20150606/Images\MRH_X_20150607_043118_097.img reduced chisqr: 1.1404.
			Message:"Tolerance seems to be too small."
04/07/2021 21:17:00 PM: minime90/mrh/2015/20150606/Images\MRH_X_20150607_043427_098.img reduced chisqr: 1.2490.
			Message:"Tolerance seems to be too small."
04/07/2021 21:17:06 PM: minime90/mrh/2015/20150606/Images\MRH_X_20150607_043735_099.img reduced chisqr: 1.1591.
			Message:"Tolerance seems to be too small."
04/07/2021 21:17:12 PM: minime90/mrh/2015/20150606/Images\MRH_X_20150607_044132_100.img reduced chisqr: 1.2777.
			Message:"Tolerance seems to be too small."
04/07/2021 21:17:18 PM: minime90/mrh/2015/20150606/Images\MRH_X_20150607_044444_101.img reduced chisqr: 1.1729.
			Message:"Tolerance seems to be too small."
04/07/2021 21:17:25 PM: minime90/mrh/2015/20150606/Images\MRH_X_20150607_045104_103.img reduced chisqr: 1.3607.
			Message:"Tolerance seems to be too small."
04/07/2021 21:17:31 PM: minime90/mrh/2015/20150606/Images\MRH_X_20150607_045414_104.img reduced chisqr: 1.4733.
			Message:"Tolerance seems to be too small."
04/07/2021 21:17:37 PM: minime90/mrh/2015/20150606/Images\MRH_X_20150607_045724_105.img reduced chisqr: 1.3697.
			Message:"Tolerance seems to be too small."
04/07/2021 21:17:44 PM: minime90/mrh/2015/20150606/Images\MRH_X_20150607_050034_106.img reduced chisqr: 1.4042.
			Message:"Tolerance seems to be too small."
04/07/2021 21:17:50 PM: minime90/mrh/2015/20150606/Images\MRH_X_20150607_050342_107.img reduced chisqr: 1.2621.
			Message:"Tolerance seems to be too small."
04/07/2021 21:17:56 PM: minime90/mrh/2015/20150606/Images\MRH_X_20150607_050651_108.img reduced chisqr: 1.7447.
			Message:"Tolerance seems to be too small."
04/07/2021 21:18:03 PM: minime90/mrh/2015/20150606/Images\MRH_X_20150607_050959_109.img reduced chisqr: 1.4907.
			Message:"Tolerance seems to be too small."
04/07/2021 21:18:09 PM: minime90/mrh/2015/20150606/Images\MRH_X_20150607_051356_110.img reduced chisqr: 1.5711.
			Message:"Tolerance seems to be too small."
04/07/2021 21:18:16 PM: minime90/mrh/2015/20150606/Images\MRH_X_20150607_051708_111.img reduced chisqr: 1.9059.
			Message:"Tolerance seems to be too small."
04/07/2021 21:18:22 PM: minime90/mrh/2015/20150606/Images\MRH_X_20150607_052328_113.img reduced chisqr: 1.9142.
			Message:"Tolerance seems to be too small."
04/07/2021 21:18:29 PM: minime90/mrh/2015/20150606/Images\MRH_X_20150607_052638_114.img reduced chisqr: 1.8878.
			Message:"Tolerance seems to be too small."
04/07/2021 21:18:35 PM: minime90/mrh/2015/20150606/Images\MRH_X_20150607_052947_115.img reduced chisqr: 1.5658.
			Message:"Tolerance seems to be too small."
04/07/2021 21:18:41 PM: minime90/mrh/2015/20150606/Images\MRH_X_20150607_053257_116.img reduced chisqr: 1.6306.
			Message:"Tolerance seems to be too small."
04/07/2021 21:18:48 PM: minime90/mrh/2015/20150606/Images\MRH_X_20150607_053605_117.img reduced chisqr: 1.9756.
			Message:"Tolerance seems to be too small."
04/07/2021 21:18:54 PM: minime90/mrh/2015/20150606/Images\MRH_X_20150607_053914_118.img reduced chisqr: 2.0138.
			Message:"Tolerance seems to be too small."
04/07/2021 21:19:01 PM: minime90/mrh/2015/20150606/Images\MRH_X_20150607_054222_119.img reduced chisqr: 1.8397.
			Message:"Tolerance seems to be too small."
04/07/2021 21:19:07 PM: minime90/mrh/2015/20150606/Images\MRH_X_20150607_054619_120.img reduced chisqr: 1.7723.
			Message:"Tolerance seems to be too small."
04/07/2021 21:19:14 PM: minime90/mrh/2015/20150606/Images\MRH_X_20150607_055550_123.img reduced chisqr: 2.4062.
			Message:"Tolerance seems to be too small."
04/07/2021 21:19:20 PM: minime90/mrh/2015/20150606/Images\MRH_X_20150607_055900_124.img reduced chisqr: 2.5736.
			Message:"Tolerance seems to be too small."
04/07/2021 21:19:27 PM: minime90/mrh/2015/20150606/Images\MRH_X_20150607_060210_125.img reduced chisqr: 2.8514.
			Message:"Tolerance seems to be too small."
04/07/2021 21:19:33 PM: minime90/mrh/2015/20150606/Images\MRH_X_20150607_060520_126.img reduced chisqr: 2.0565.
			Message:"Tolerance seems to be too small."
04/07/2021 21:19:39 PM: minime90/mrh/2015/20150606/Images\MRH_X_20150607_060828_127.img reduced chisqr: 3.2633.
			Message:"Tolerance seems to be too small."
04/07/2021 21:19:46 PM: minime90/mrh/2015/20150606/Images\MRH_X_20150607_061137_128.img reduced chisqr: 2.1972.
			Message:"Tolerance seems to be too small."
04/07/2021 21:19:52 PM: minime90/mrh/2015/20150606/Images\MRH_X_20150607_061445_129.img reduced chisqr: 2.1174.
			Message:"Tolerance seems to be too small."
04/07/2021 21:19:58 PM: minime90/mrh/2015/20150606/Images\MRH_X_20150607_061842_130.img reduced chisqr: 2.4264.
			Message:"Tolerance seems to be too small."
04/07/2021 21:20:05 PM: minime90/mrh/2015/20150606/Images\MRH_X_20150607_062814_133.img reduced chisqr: 1.7974.
			Message:"Tolerance seems to be too small."
04/07/2021 21:20:11 PM: minime90/mrh/2015/20150606/Images\MRH_X_20150607_063124_134.img reduced chisqr: 1.4351.
			Message:"Tolerance seems to be too small."
04/07/2021 21:20:17 PM: minime90/mrh/2015/20150606/Images\MRH_X_20150607_063434_135.img reduced chisqr: 1.6114.
			Message:"Tolerance seems to be too small."
04/07/2021 21:20:24 PM: minime90/mrh/2015/20150606/Images\MRH_X_20150607_063743_136.img reduced chisqr: 1.4285.
			Message:"Tolerance seems to be too small."
04/07/2021 21:20:30 PM: minime90/mrh/2015/20150606/Images\MRH_X_20150607_064051_137.img reduced chisqr: 1.2949.
			Message:"Tolerance seems to be too small."
04/07/2021 21:20:37 PM: minime90/mrh/2015/20150606/Images\MRH_X_20150607_064400_138.img reduced chisqr: 1.1457.
			Message:"Tolerance seems to be too small."
04/07/2021 21:20:44 PM: minime90/mrh/2015/20150606/Images\MRH_X_20150607_064709_139.img reduced chisqr: 1.1844.
			Message:"Tolerance seems to be too small."
04/07/2021 21:20:50 PM: minime90/mrh/2015/20150606/Images\MRH_X_20150607_065105_140.img reduced chisqr: 1.2042.
			Message:"Tolerance seems to be too small."
04/07/2021 21:20:57 PM: minime90/mrh/2015/20150606/Images\MRH_X_20150607_070347_144.img reduced chisqr: 1.0812.
			Message:"Tolerance seems to be too small."
04/07/2021 21:21:03 PM: minime90/mrh/2015/20150606/Images\MRH_X_20150607_070657_145.img reduced chisqr: 1.2807.
			Message:"Tolerance seems to be too small."
04/07/2021 21:21:09 PM: minime90/mrh/2015/20150606/Images\MRH_X_20150607_071006_146.img reduced chisqr: 1.1948.
			Message:"Tolerance seems to be too small."
04/07/2021 21:21:16 PM: minime90/mrh/2015/20150606/Images\MRH_X_20150607_071315_147.img reduced chisqr: 1.1084.
			Message:"Tolerance seems to be too small."
04/07/2021 21:21:22 PM: minime90/mrh/2015/20150606/Images\MRH_X_20150607_071623_148.img reduced chisqr: 1.4843.
			Message:"Tolerance seems to be too small."
04/07/2021 21:21:29 PM: minime90/mrh/2015/20150606/Images\MRH_X_20150607_071932_149.img reduced chisqr: 1.2754.
			Message:"Tolerance seems to be too small."
04/07/2021 21:21:35 PM: minime90/mrh/2015/20150606/Images\MRH_X_20150607_072328_150.img reduced chisqr: 1.2046.
			Message:"Tolerance seems to be too small."
04/07/2021 21:21:41 PM: minime90/mrh/2015/20150606/Images\MRH_X_20150607_073610_154.img reduced chisqr: 1.0665.
			Message:"Tolerance seems to be too small."
04/07/2021 21:21:48 PM: minime90/mrh/2015/20150606/Images\MRH_X_20150607_073920_155.img reduced chisqr: 1.2199.
			Message:"Tolerance seems to be too small."
04/07/2021 21:21:54 PM: minime90/mrh/2015/20150606/Images\MRH_X_20150607_074230_156.img reduced chisqr: 1.2244.
			Message:"Tolerance seems to be too small."
04/07/2021 21:22:00 PM: minime90/mrh/2015/20150606/Images\MRH_X_20150607_074538_157.img reduced chisqr: 1.1876.
			Message:"Tolerance seems to be too small."
04/07/2021 21:22:07 PM: minime90/mrh/2015/20150606/Images\MRH_X_20150607_074846_158.img reduced chisqr: 1.2411.
			Message:"Tolerance seems to be too small."
04/07/2021 21:22:13 PM: minime90/mrh/2015/20150606/Images\MRH_X_20150607_075155_159.img reduced chisqr: 1.0693.
			Message:"Tolerance seems to be too small."
04/07/2021 21:22:13 PM: WARNING: Exposure time is not changing.
04/07/2021 21:22:13 PM: Created diagnostic plots.
04/07/2021 21:22:13 PM: Laser and sky image analysis complete.
04/07/2021 21:22:13 PM: No Boltwood cloud sensor data found.
04/07/2021 21:22:13 PM: No X300 temperature sensor data found.
04/07/2021 21:22:13 PM:  Quality Flag Calculation:
		Manual Wind Flag: 0
		Manual Temperature Flag: 0
		Laser Drift: False
		Sample-specific flags:
		Images\MRH_X_20150606_234945_010.img [no cloud data W1T1] [FINAL: W1T1]
		Images\MRH_X_20150606_235257_011.img [no cloud data W1T1] [FINAL: W1T1]
		Images\MRH_X_20150606_235607_012.img [no cloud data W1T1] [FINAL: W1T1]
		Images\MRH_X_20150606_235917_013.img [no cloud data W1T1] [FINAL: W1T1]
		Images\MRH_X_20150607_000227_014.img [no cloud data W1T1] [FINAL: W1T1]
		Images\MRH_X_20150607_000538_015.img [no cloud data W1T1] [FINAL: W1T1]
		Images\MRH_X_20150607_000848_016.img [no cloud data W1T1] [FINAL: W1T1]
		Images\MRH_X_20150607_001157_017.img [no cloud data W1T1] [FINAL: W1T1]
		Images\MRH_X_20150607_001505_018.img [no cloud data W1T1] [sigma_T large: W2T2] [FINAL: W2T2]
		Images\MRH_X_20150607_001814_019.img [no cloud data W1T1] [sigma_T large: W2T2] [FINAL: W2T2]
		Images\MRH_X_20150607_002211_020.img [no cloud data W1T1] [sigma_T large: W2T2] [FINAL: W2T2]
		Images\MRH_X_20150607_002523_021.img [no cloud data W1T1] [sigma_T large: W2T2] [FINAL: W2T2]
		Images\MRH_X_20150607_002833_022.img [no cloud data W1T1] [FINAL: W1T1]
		Images\MRH_X_20150607_003143_023.img [no cloud data W1T1] [sigma_T large: W2T2] [FINAL: W2T2]
		Images\MRH_X_20150607_003453_024.img [no cloud data W1T1] [sigma_T large: W2T2] [FINAL: W2T2]
		Images\MRH_X_20150607_003804_025.img [no cloud data W1T1] [sigma_T large: W2T2] [FINAL: W2T2]
		Images\MRH_X_20150607_004114_026.img [no cloud data W1T1] [sigma_T large: W2T2] [FINAL: W2T2]
		Images\MRH_X_20150607_004423_027.img [no cloud data W1T1] [sigma_T large: W2T2] [FINAL: W2T2]
		Images\MRH_X_20150607_004731_028.img [no cloud data W1T1] [sigma_T large: W2T2] [FINAL: W2T2]
		Images\MRH_X_20150607_005040_029.img [no cloud data W1T1] [sigma_T large: W2T2] [FINAL: W2T2]
		Images\MRH_X_20150607_005438_030.img [no cloud data W1T1] [sigma_T large: W2T2] [FINAL: W2T2]
		Images\MRH_X_20150607_005750_031.img [no cloud data W1T1] [sigma_T large: W2T2] [FINAL: W2T2]
		Images\MRH_X_20150607_010100_032.img [no cloud data W1T1] [sigma_T large: W2T2] [FINAL: W2T2]
		Images\MRH_X_20150607_010410_033.img [no cloud data W1T1] [FINAL: W1T1]
		Images\MRH_X_20150607_010721_034.img [no cloud data W1T1] [FINAL: W1T1]
		Images\MRH_X_20150607_011030_035.img [no cloud data W1T1] [sigma_T large: W2T2] [FINAL: W2T2]
		Images\MRH_X_20150607_011340_036.img [no cloud data W1T1] [sigma_T large: W2T2] [FINAL: W2T2]
		Images\MRH_X_20150607_011649_037.img [no cloud data W1T1] [sigma_T large: W2T2] [FINAL: W2T2]
		Images\MRH_X_20150607_011958_038.img [no cloud data W1T1] [sigma_T large: W2T2] [FINAL: W2T2]
		Images\MRH_X_20150607_012306_039.img [no cloud data W1T1] [sigma_T large: W2T2] [FINAL: W2T2]
		Images\MRH_X_20150607_012704_040.img [no cloud data W1T1] [FINAL: W1T1]
		Images\MRH_X_20150607_013015_041.img [no cloud data W1T1] [FINAL: W1T1]
		Images\MRH_X_20150607_013325_042.img [no cloud data W1T1] [sigma_T large: W2T2] [FINAL: W2T2]
		Images\MRH_X_20150607_013634_043.img [no cloud data W1T1] [FINAL: W1T1]
		Images\MRH_X_20150607_013945_044.img [no cloud data W1T1] [FINAL: W1T1]
		Images\MRH_X_20150607_014254_045.img [no cloud data W1T1] [sigma_T large: W2T2] [FINAL: W2T2]
		Images\MRH_X_20150607_014604_046.img [no cloud data W1T1] [FINAL: W1T1]
		Images\MRH_X_20150607_014913_047.img [no cloud data W1T1] [FINAL: W1T1]
		Images\MRH_X_20150607_015221_048.img [no cloud data W1T1] [FINAL: W1T1]
		Images\MRH_X_20150607_015530_049.img [no cloud data W1T1] [sigma_T large: W2T2] [FINAL: W2T2]
		Images\MRH_X_20150607_015927_050.img [no cloud data W1T1] [FINAL: W1T1]
		Images\MRH_X_20150607_020239_051.img [no cloud data W1T1] [FINAL: W1T1]
		Images\MRH_X_20150607_020549_052.img [no cloud data W1T1] [FINAL: W1T1]
		Images\MRH_X_20150607_020859_053.img [no cloud data W1T1] [FINAL: W1T1]
		Images\MRH_X_20150607_021210_054.img [no cloud data W1T1] [FINAL: W1T1]
		Images\MRH_X_20150607_021520_055.img [no cloud data W1T1] [FINAL: W1T1]
		Images\MRH_X_20150607_021830_056.img [no cloud data W1T1] [FINAL: W1T1]
		Images\MRH_X_20150607_022139_057.img [no cloud data W1T1] [FINAL: W1T1]
		Images\MRH_X_20150607_022447_058.img [no cloud data W1T1] [FINAL: W1T1]
		Images\MRH_X_20150607_022756_059.img [no cloud data W1T1] [FINAL: W1T1]
		Images\MRH_X_20150607_023154_060.img [no cloud data W1T1] [FINAL: W1T1]
		Images\MRH_X_20150607_023505_061.img [no cloud data W1T1] [FINAL: W1T1]
		Images\MRH_X_20150607_023815_062.img [no cloud data W1T1] [FINAL: W1T1]
		Images\MRH_X_20150607_024125_063.img [no cloud data W1T1] [FINAL: W1T1]
		Images\MRH_X_20150607_024436_064.img [no cloud data W1T1] [FINAL: W1T1]
		Images\MRH_X_20150607_024745_065.img [no cloud data W1T1] [FINAL: W1T1]
		Images\MRH_X_20150607_025055_066.img [no cloud data W1T1] [FINAL: W1T1]
		Images\MRH_X_20150607_025404_067.img [no cloud data W1T1] [FINAL: W1T1]
		Images\MRH_X_20150607_025712_068.img [no cloud data W1T1] [FINAL: W1T1]
		Images\MRH_X_20150607_030021_069.img [no cloud data W1T1] [FINAL: W1T1]
		Images\MRH_X_20150607_030418_070.img [no cloud data W1T1] [FINAL: W1T1]
		Images\MRH_X_20150607_030730_071.img [no cloud data W1T1] [FINAL: W1T1]
		Images\MRH_X_20150607_031349_073.img [no cloud data W1T1] [FINAL: W1T1]
		Images\MRH_X_20150607_031659_074.img [no cloud data W1T1] [FINAL: W1T1]
		Images\MRH_X_20150607_032009_075.img [no cloud data W1T1] [FINAL: W1T1]
		Images\MRH_X_20150607_032319_076.img [no cloud data W1T1] [FINAL: W1T1]
		Images\MRH_X_20150607_032628_077.img [no cloud data W1T1] [FINAL: W1T1]
		Images\MRH_X_20150607_032936_078.img [no cloud data W1T1] [FINAL: W1T1]
		Images\MRH_X_20150607_033244_079.img [no cloud data W1T1] [FINAL: W1T1]
		Images\MRH_X_20150607_033641_080.img [no cloud data W1T1] [FINAL: W1T1]
		Images\MRH_X_20150607_033953_081.img [no cloud data W1T1] [FINAL: W1T1]
		Images\MRH_X_20150607_034613_083.img [no cloud data W1T1] [FINAL: W1T1]
		Images\MRH_X_20150607_034923_084.img [no cloud data W1T1] [FINAL: W1T1]
		Images\MRH_X_20150607_035232_085.img [no cloud data W1T1] [FINAL: W1T1]
		Images\MRH_X_20150607_035542_086.img [no cloud data W1T1] [FINAL: W1T1]
		Images\MRH_X_20150607_035850_087.img [no cloud data W1T1] [FINAL: W1T1]
		Images\MRH_X_20150607_040159_088.img [no cloud data W1T1] [FINAL: W1T1]
		Images\MRH_X_20150607_040508_089.img [no cloud data W1T1] [FINAL: W1T1]
		Images\MRH_X_20150607_040909_090.img [no cloud data W1T1] [FINAL: W1T1]
		Images\MRH_X_20150607_041220_091.img [no cloud data W1T1] [FINAL: W1T1]
		Images\MRH_X_20150607_041840_093.img [no cloud data W1T1] [FINAL: W1T1]
		Images\MRH_X_20150607_042150_094.img [no cloud data W1T1] [FINAL: W1T1]
		Images\MRH_X_20150607_042459_095.img [no cloud data W1T1] [FINAL: W1T1]
		Images\MRH_X_20150607_042809_096.img [no cloud data W1T1] [FINAL: W1T1]
		Images\MRH_X_20150607_043118_097.img [no cloud data W1T1] [FINAL: W1T1]
		Images\MRH_X_20150607_043427_098.img [no cloud data W1T1] [FINAL: W1T1]
		Images\MRH_X_20150607_043735_099.img [no cloud data W1T1] [FINAL: W1T1]
		Images\MRH_X_20150607_044132_100.img [no cloud data W1T1] [FINAL: W1T1]
		Images\MRH_X_20150607_044444_101.img [no cloud data W1T1] [FINAL: W1T1]
		Images\MRH_X_20150607_045104_103.img [no cloud data W1T1] [FINAL: W1T1]
		Images\MRH_X_20150607_045414_104.img [no cloud data W1T1] [FINAL: W1T1]
		Images\MRH_X_20150607_045724_105.img [no cloud data W1T1] [FINAL: W1T1]
		Images\MRH_X_20150607_050034_106.img [no cloud data W1T1] [FINAL: W1T1]
		Images\MRH_X_20150607_050342_107.img [no cloud data W1T1] [FINAL: W1T1]
		Images\MRH_X_20150607_050651_108.img [no cloud data W1T1] [FINAL: W1T1]
		Images\MRH_X_20150607_050959_109.img [no cloud data W1T1] [FINAL: W1T1]
		Images\MRH_X_20150607_051356_110.img [no cloud data W1T1] [FINAL: W1T1]
		Images\MRH_X_20150607_051708_111.img [no cloud data W1T1] [FINAL: W1T1]
		Images\MRH_X_20150607_052328_113.img [no cloud data W1T1] [FINAL: W1T1]
		Images\MRH_X_20150607_052638_114.img [no cloud data W1T1] [FINAL: W1T1]
		Images\MRH_X_20150607_052947_115.img [no cloud data W1T1] [FINAL: W1T1]
		Images\MRH_X_20150607_053257_116.img [no cloud data W1T1] [FINAL: W1T1]
		Images\MRH_X_20150607_053605_117.img [no cloud data W1T1] [FINAL: W1T1]
		Images\MRH_X_20150607_053914_118.img [no cloud data W1T1] [FINAL: W1T1]
		Images\MRH_X_20150607_054222_119.img [no cloud data W1T1] [FINAL: W1T1]
		Images\MRH_X_20150607_054619_120.img [no cloud data W1T1] [FINAL: W1T1]
		Images\MRH_X_20150607_055550_123.img [no cloud data W1T1] [FINAL: W1T1]
		Images\MRH_X_20150607_055900_124.img [no cloud data W1T1] [FINAL: W1T1]
		Images\MRH_X_20150607_060210_125.img [no cloud data W1T1] [FINAL: W1T1]
		Images\MRH_X_20150607_060520_126.img [no cloud data W1T1] [FINAL: W1T1]
		Images\MRH_X_20150607_060828_127.img [no cloud data W1T1] [FINAL: W1T1]
		Images\MRH_X_20150607_061137_128.img [no cloud data W1T1] [FINAL: W1T1]
		Images\MRH_X_20150607_061445_129.img [no cloud data W1T1] [FINAL: W1T1]
		Images\MRH_X_20150607_061842_130.img [no cloud data W1T1] [FINAL: W1T1]
		Images\MRH_X_20150607_062814_133.img [no cloud data W1T1] [FINAL: W1T1]
		Images\MRH_X_20150607_063124_134.img [no cloud data W1T1] [FINAL: W1T1]
		Images\MRH_X_20150607_063434_135.img [no cloud data W1T1] [FINAL: W1T1]
		Images\MRH_X_20150607_063743_136.img [no cloud data W1T1] [FINAL: W1T1]
		Images\MRH_X_20150607_064051_137.img [no cloud data W1T1] [FINAL: W1T1]
		Images\MRH_X_20150607_064400_138.img [no cloud data W1T1] [FINAL: W1T1]
		Images\MRH_X_20150607_064709_139.img [no cloud data W1T1] [FINAL: W1T1]
		Images\MRH_X_20150607_065105_140.img [no cloud data W1T1] [FINAL: W1T1]
		Images\MRH_X_20150607_070347_144.img [no cloud data W1T1] [FINAL: W1T1]
		Images\MRH_X_20150607_070657_145.img [no cloud data W1T1] [FINAL: W1T1]
		Images\MRH_X_20150607_071006_146.img [no cloud data W1T1] [FINAL: W1T1]
		Images\MRH_X_20150607_071315_147.img [no cloud data W1T1] [FINAL: W1T1]
		Images\MRH_X_20150607_071623_148.img [no cloud data W1T1] [FINAL: W1T1]
		Images\MRH_X_20150607_071932_149.img [no cloud data W1T1] [FINAL: W1T1]
		Images\MRH_X_20150607_072328_150.img [no cloud data W1T1] [FINAL: W1T1]
		Images\MRH_X_20150607_073610_154.img [no cloud data W1T1] [FINAL: W1T1]
		Images\MRH_X_20150607_073920_155.img [no cloud data W1T1] [FINAL: W1T1]
		Images\MRH_X_20150607_074230_156.img [no cloud data W1T1] [FINAL: W1T1]
		Images\MRH_X_20150607_074538_157.img [no cloud data W1T1] [FINAL: W1T1]
		Images\MRH_X_20150607_074846_158.img [no cloud data W1T1] [sigma_T large: W2T2] [FINAL: W2T2]
		Images\MRH_X_20150607_075155_159.img [no cloud data W1T1] [FINAL: W1T1]
04/07/2021 21:22:13 PM: Results saved to results/minime90_mrh_20150606.npz
