04/08/2021 01:43:16 AM: Logfile Created
04/08/2021 01:43:16 AM: Sun up during minime90/mrh/2015/20150621/Images\MRH_L_20150621_231430_001.img. Ignoring this image...
04/08/2021 01:43:16 AM: minime90/mrh/2015/20150621/Images\MRH_L_20150621_235101_002.img center: 257.50, 254.47
04/08/2021 01:43:17 AM: minime90/mrh/2015/20150621/Images\MRH_L_20150622_002318_003.img center: 257.50, 254.48
04/08/2021 01:43:17 AM: minime90/mrh/2015/20150621/Images\MRH_L_20150622_005536_004.img center: 257.49, 254.53
04/08/2021 01:43:17 AM: minime90/mrh/2015/20150621/Images\MRH_L_20150622_012753_005.img center: 257.54, 254.56
04/08/2021 01:43:17 AM: minime90/mrh/2015/20150621/Images\MRH_L_20150622_020011_006.img center: 257.48, 254.53
04/08/2021 01:43:18 AM: minime90/mrh/2015/20150621/Images\MRH_L_20150622_023229_007.img center: 257.53, 254.55
04/08/2021 01:43:18 AM: minime90/mrh/2015/20150621/Images\MRH_L_20150622_030447_008.img center: 257.52, 254.57
04/08/2021 01:43:18 AM: minime90/mrh/2015/20150621/Images\MRH_L_20150622_033705_009.img center: 257.54, 254.59
04/08/2021 01:43:18 AM: minime90/mrh/2015/20150621/Images\MRH_L_20150622_040922_010.img center: 257.45, 254.53
04/08/2021 01:43:19 AM: minime90/mrh/2015/20150621/Images\MRH_L_20150622_044140_011.img center: 257.46, 254.57
04/08/2021 01:43:19 AM: minime90/mrh/2015/20150621/Images\MRH_L_20150622_051358_012.img center: 257.43, 254.54
04/08/2021 01:43:19 AM: minime90/mrh/2015/20150621/Images\MRH_L_20150622_054615_013.img center: 257.44, 254.56
04/08/2021 01:43:19 AM: minime90/mrh/2015/20150621/Images\MRH_L_20150622_061833_014.img center: 257.48, 254.55
04/08/2021 01:43:20 AM: minime90/mrh/2015/20150621/Images\MRH_L_20150622_065050_015.img center: 257.38, 254.54
04/08/2021 01:43:20 AM: minime90/mrh/2015/20150621/Images\MRH_L_20150622_072308_016.img center: 257.43, 254.59
04/08/2021 01:43:20 AM: minime90/mrh/2015/20150621/Images\MRH_L_20150622_075526_017.img center: 257.51, 254.61
04/08/2021 01:43:20 AM: minime90/mrh/2015/20150621/Images\MRH_L_20150622_082744_018.img center: 257.47, 254.63
04/08/2021 01:43:21 AM: minime90/mrh/2015/20150621/Images\MRH_L_20150622_090002_019.img center: 257.48, 254.60
04/08/2021 01:43:21 AM: minime90/mrh/2015/20150621/Images\MRH_L_20150622_093220_020.img center: 257.40, 254.60
04/08/2021 01:43:21 AM: minime90/mrh/2015/20150621/Images\MRH_L_20150622_100438_021.img center: 257.46, 254.60
04/08/2021 01:43:21 AM: minime90/mrh/2015/20150621/Images\MRH_L_20150622_103656_022.img center: 257.35, 254.63
04/08/2021 01:43:22 AM: minime90/mrh/2015/20150621/Images\MRH_L_20150622_104716_212.img center: 257.42, 254.62
04/08/2021 01:43:24 AM: minime90/mrh/2015/20150621/Images\MRH_L_20150621_235101_002.img reduced chisqr: 4.7522
04/08/2021 01:43:27 AM: minime90/mrh/2015/20150621/Images\MRH_L_20150622_002318_003.img reduced chisqr: 5.0519
04/08/2021 01:43:30 AM: minime90/mrh/2015/20150621/Images\MRH_L_20150622_005536_004.img reduced chisqr: 6.1054
04/08/2021 01:43:33 AM: minime90/mrh/2015/20150621/Images\MRH_L_20150622_012753_005.img reduced chisqr: 4.9722
04/08/2021 01:43:35 AM: minime90/mrh/2015/20150621/Images\MRH_L_20150622_020011_006.img reduced chisqr: 4.6039
04/08/2021 01:43:38 AM: minime90/mrh/2015/20150621/Images\MRH_L_20150622_023229_007.img reduced chisqr: 5.4778
04/08/2021 01:43:41 AM: minime90/mrh/2015/20150621/Images\MRH_L_20150622_030447_008.img reduced chisqr: 4.3975
04/08/2021 01:43:44 AM: minime90/mrh/2015/20150621/Images\MRH_L_20150622_033705_009.img reduced chisqr: 4.7085
04/08/2021 01:43:47 AM: minime90/mrh/2015/20150621/Images\MRH_L_20150622_040922_010.img reduced chisqr: 5.7492
04/08/2021 01:43:49 AM: minime90/mrh/2015/20150621/Images\MRH_L_20150622_044140_011.img reduced chisqr: 4.5506
04/08/2021 01:43:52 AM: minime90/mrh/2015/20150621/Images\MRH_L_20150622_051358_012.img reduced chisqr: 5.2298
04/08/2021 01:43:55 AM: minime90/mrh/2015/20150621/Images\MRH_L_20150622_054615_013.img reduced chisqr: 5.0797
04/08/2021 01:43:58 AM: minime90/mrh/2015/20150621/Images\MRH_L_20150622_061833_014.img reduced chisqr: 4.6620
04/08/2021 01:44:00 AM: minime90/mrh/2015/20150621/Images\MRH_L_20150622_065050_015.img reduced chisqr: 3.9322
04/08/2021 01:44:03 AM: minime90/mrh/2015/20150621/Images\MRH_L_20150622_072308_016.img reduced chisqr: 6.2110
04/08/2021 01:44:06 AM: minime90/mrh/2015/20150621/Images\MRH_L_20150622_075526_017.img reduced chisqr: 6.1970
04/08/2021 01:44:09 AM: minime90/mrh/2015/20150621/Images\MRH_L_20150622_082744_018.img reduced chisqr: 5.1770
04/08/2021 01:44:11 AM: minime90/mrh/2015/20150621/Images\MRH_L_20150622_090002_019.img reduced chisqr: 6.7665
04/08/2021 01:44:14 AM: minime90/mrh/2015/20150621/Images\MRH_L_20150622_093220_020.img reduced chisqr: 4.5246
04/08/2021 01:44:17 AM: minime90/mrh/2015/20150621/Images\MRH_L_20150622_100438_021.img reduced chisqr: 5.6852
04/08/2021 01:44:20 AM: minime90/mrh/2015/20150621/Images\MRH_L_20150622_103656_022.img reduced chisqr: 3.9064
04/08/2021 01:44:22 AM: minime90/mrh/2015/20150621/Images\MRH_L_20150622_104716_212.img reduced chisqr: 4.4414
04/08/2021 01:44:22 AM: minime90/mrh/2015/20150621/Images\MRH_X_20150621_232234_001.img not bounded by laser images. Ignoring this image...
04/08/2021 01:44:22 AM: minime90/mrh/2015/20150621/Images\MRH_X_20150621_232545_002.img not bounded by laser images. Ignoring this image...
04/08/2021 01:44:22 AM: minime90/mrh/2015/20150621/Images\MRH_X_20150621_232854_003.img not bounded by laser images. Ignoring this image...
04/08/2021 01:44:22 AM: minime90/mrh/2015/20150621/Images\MRH_X_20150621_233204_004.img not bounded by laser images. Ignoring this image...
04/08/2021 01:44:22 AM: minime90/mrh/2015/20150621/Images\MRH_X_20150621_233513_005.img not bounded by laser images. Ignoring this image...
04/08/2021 01:44:22 AM: minime90/mrh/2015/20150621/Images\MRH_X_20150621_233822_006.img not bounded by laser images. Ignoring this image...
04/08/2021 01:44:22 AM: minime90/mrh/2015/20150621/Images\MRH_X_20150621_234130_007.img not bounded by laser images. Ignoring this image...
04/08/2021 01:44:22 AM: minime90/mrh/2015/20150621/Images\MRH_X_20150621_234438_008.img not bounded by laser images. Ignoring this image...
04/08/2021 01:44:22 AM: minime90/mrh/2015/20150621/Images\MRH_X_20150621_234746_009.img not bounded by laser images. Ignoring this image...
04/08/2021 01:44:22 AM: minime90/mrh/2015/20150621/Images\MRH_X_20150622_000730_015.img is looking too close to the moon (17.1 deg). Ignoring this image...
04/08/2021 01:44:22 AM: minime90/mrh/2015/20150621/Images\MRH_X_20150622_001039_016.img is looking too close to the moon (15.1 deg). Ignoring this image...
04/08/2021 01:44:22 AM: minime90/mrh/2015/20150621/Images\MRH_X_20150622_001347_017.img is looking too close to the moon (15.6 deg). Ignoring this image...
04/08/2021 01:44:22 AM: minime90/mrh/2015/20150621/Images\MRH_X_20150622_001655_018.img is looking too close to the moon (16.1 deg). Ignoring this image...
04/08/2021 01:44:22 AM: minime90/mrh/2015/20150621/Images\MRH_X_20150622_002003_019.img is looking too close to the moon (16.6 deg). Ignoring this image...
04/08/2021 01:44:23 AM: minime90/mrh/2015/20150621/Images\MRH_X_20150622_003948_025.img is looking too close to the moon (16.7 deg). Ignoring this image...
04/08/2021 01:44:23 AM: minime90/mrh/2015/20150621/Images\MRH_X_20150622_004257_026.img is looking too close to the moon (20.7 deg). Ignoring this image...
04/08/2021 01:44:23 AM: minime90/mrh/2015/20150621/Images\MRH_X_20150622_004605_027.img is looking too close to the moon (21.3 deg). Ignoring this image...
04/08/2021 01:44:23 AM: minime90/mrh/2015/20150621/Images\MRH_X_20150622_004913_028.img is looking too close to the moon (22.0 deg). Ignoring this image...
04/08/2021 01:44:23 AM: minime90/mrh/2015/20150621/Images\MRH_X_20150622_005221_029.img is looking too close to the moon (22.6 deg). Ignoring this image...
04/08/2021 01:44:23 AM: minime90/mrh/2015/20150621/Images\MRH_X_20150622_011205_035.img is looking too close to the moon (19.7 deg). Ignoring this image...
04/08/2021 01:44:23 AM: minime90/mrh/2015/20150621/Images\MRH_X_20150622_011514_036.img is looking too close to the moon (27.3 deg). Ignoring this image...
04/08/2021 01:44:23 AM: minime90/mrh/2015/20150621/Images\MRH_X_20150622_011822_037.img is looking too close to the moon (28.0 deg). Ignoring this image...
04/08/2021 01:44:23 AM: minime90/mrh/2015/20150621/Images\MRH_X_20150622_012130_038.img is looking too close to the moon (28.7 deg). Ignoring this image...
04/08/2021 01:44:23 AM: minime90/mrh/2015/20150621/Images\MRH_X_20150622_012438_039.img is looking too close to the moon (29.4 deg). Ignoring this image...
04/08/2021 01:44:23 AM: minime90/mrh/2015/20150621/Images\MRH_X_20150622_014423_045.img is looking too close to the moon (24.9 deg). Ignoring this image...
04/08/2021 01:44:23 AM: minime90/mrh/2015/20150621/Images\MRH_X_20150622_014732_046.img is looking too close to the moon (34.4 deg). Ignoring this image...
04/08/2021 01:44:23 AM: minime90/mrh/2015/20150621/Images\MRH_X_20150622_015040_047.img is looking too close to the moon (35.1 deg). Ignoring this image...
04/08/2021 01:44:23 AM: minime90/mrh/2015/20150621/Images\MRH_X_20150622_015348_048.img is looking too close to the moon (35.8 deg). Ignoring this image...
04/08/2021 01:44:23 AM: minime90/mrh/2015/20150621/Images\MRH_X_20150622_015656_049.img is looking too close to the moon (36.5 deg). Ignoring this image...
04/08/2021 01:44:23 AM: minime90/mrh/2015/20150621/Images\MRH_X_20150622_021641_055.img is looking too close to the moon (31.3 deg). Ignoring this image...
04/08/2021 01:44:29 AM: minime90/mrh/2015/20150621/Images\MRH_X_20150621_235142_010.img reduced chisqr: 1.1772.
			Message:"Tolerance seems to be too small."
04/08/2021 01:44:36 AM: minime90/mrh/2015/20150621/Images\MRH_X_20150621_235453_011.img reduced chisqr: 1.2777.
			Message:"Tolerance seems to be too small."
04/08/2021 01:44:42 AM: minime90/mrh/2015/20150621/Images\MRH_X_20150621_235802_012.img reduced chisqr: 1.1055.
			Message:"Tolerance seems to be too small."
04/08/2021 01:44:49 AM: minime90/mrh/2015/20150621/Images\MRH_X_20150622_000111_013.img reduced chisqr: 1.0006.
			Message:"Tolerance seems to be too small."
04/08/2021 01:44:55 AM: minime90/mrh/2015/20150621/Images\MRH_X_20150622_000421_014.img reduced chisqr: 1.1588.
			Message:"Tolerance seems to be too small."
04/08/2021 01:45:02 AM: minime90/mrh/2015/20150621/Images\MRH_X_20150622_002359_020.img reduced chisqr: 1.1236.
			Message:"Tolerance seems to be too small."
04/08/2021 01:45:08 AM: minime90/mrh/2015/20150621/Images\MRH_X_20150622_002710_021.img reduced chisqr: 1.2095.
			Message:"Tolerance seems to be too small."
04/08/2021 01:45:14 AM: minime90/mrh/2015/20150621/Images\MRH_X_20150622_003020_022.img reduced chisqr: 1.1958.
			Message:"Tolerance seems to be too small."
04/08/2021 01:45:21 AM: minime90/mrh/2015/20150621/Images\MRH_X_20150622_003329_023.img reduced chisqr: 1.0906.
			Message:"Tolerance seems to be too small."
04/08/2021 01:45:27 AM: minime90/mrh/2015/20150621/Images\MRH_X_20150622_003638_024.img reduced chisqr: 1.2221.
			Message:"Tolerance seems to be too small."
04/08/2021 01:45:33 AM: minime90/mrh/2015/20150621/Images\MRH_X_20150622_005617_030.img reduced chisqr: 1.5038.
			Message:"Tolerance seems to be too small."
04/08/2021 01:45:40 AM: minime90/mrh/2015/20150621/Images\MRH_X_20150622_005928_031.img reduced chisqr: 1.2696.
			Message:"Tolerance seems to be too small."
04/08/2021 01:45:46 AM: minime90/mrh/2015/20150621/Images\MRH_X_20150622_010237_032.img reduced chisqr: 1.1548.
			Message:"Tolerance seems to be too small."
04/08/2021 01:45:52 AM: minime90/mrh/2015/20150621/Images\MRH_X_20150622_010546_033.img reduced chisqr: 1.1063.
			Message:"Tolerance seems to be too small."
04/08/2021 01:45:59 AM: minime90/mrh/2015/20150621/Images\MRH_X_20150622_010856_034.img reduced chisqr: 1.0810.
			Message:"Tolerance seems to be too small."
04/08/2021 01:46:05 AM: minime90/mrh/2015/20150621/Images\MRH_X_20150622_012834_040.img reduced chisqr: 1.2633.
			Message:"Tolerance seems to be too small."
04/08/2021 01:46:11 AM: minime90/mrh/2015/20150621/Images\MRH_X_20150622_013146_041.img reduced chisqr: 1.2001.
			Message:"Tolerance seems to be too small."
04/08/2021 01:46:18 AM: minime90/mrh/2015/20150621/Images\MRH_X_20150622_013455_042.img reduced chisqr: 1.1536.
			Message:"Tolerance seems to be too small."
04/08/2021 01:46:24 AM: minime90/mrh/2015/20150621/Images\MRH_X_20150622_013804_043.img reduced chisqr: 0.9751.
			Message:"Tolerance seems to be too small."
04/08/2021 01:46:31 AM: minime90/mrh/2015/20150621/Images\MRH_X_20150622_014114_044.img reduced chisqr: 1.1546.
			Message:"Tolerance seems to be too small."
04/08/2021 01:46:37 AM: minime90/mrh/2015/20150621/Images\MRH_X_20150622_020052_050.img reduced chisqr: 1.3375.
			Message:"Tolerance seems to be too small."
04/08/2021 01:46:43 AM: minime90/mrh/2015/20150621/Images\MRH_X_20150622_020403_051.img reduced chisqr: 1.2247.
			Message:"Tolerance seems to be too small."
04/08/2021 01:46:50 AM: minime90/mrh/2015/20150621/Images\MRH_X_20150622_020713_052.img reduced chisqr: 1.1413.
			Message:"Tolerance seems to be too small."
04/08/2021 01:46:56 AM: minime90/mrh/2015/20150621/Images\MRH_X_20150622_021022_053.img reduced chisqr: 1.1548.
			Message:"Tolerance seems to be too small."
04/08/2021 01:47:03 AM: minime90/mrh/2015/20150621/Images\MRH_X_20150622_021331_054.img reduced chisqr: 1.2413.
			Message:"Tolerance seems to be too small."
04/08/2021 01:47:09 AM: minime90/mrh/2015/20150621/Images\MRH_X_20150622_021950_056.img reduced chisqr: 1.0473.
			Message:"Tolerance seems to be too small."
04/08/2021 01:47:15 AM: minime90/mrh/2015/20150621/Images\MRH_X_20150622_022258_057.img reduced chisqr: 1.0874.
			Message:"Tolerance seems to be too small."
04/08/2021 01:47:22 AM: minime90/mrh/2015/20150621/Images\MRH_X_20150622_022606_058.img reduced chisqr: 1.2532.
			Message:"Tolerance seems to be too small."
04/08/2021 01:47:28 AM: minime90/mrh/2015/20150621/Images\MRH_X_20150622_022914_059.img reduced chisqr: 1.1756.
			Message:"Tolerance seems to be too small."
04/08/2021 01:47:34 AM: minime90/mrh/2015/20150621/Images\MRH_X_20150622_023310_060.img reduced chisqr: 1.4750.
			Message:"Tolerance seems to be too small."
04/08/2021 01:47:40 AM: minime90/mrh/2015/20150621/Images\MRH_X_20150622_023621_061.img reduced chisqr: 1.0824.
			Message:"Tolerance seems to be too small."
04/08/2021 01:47:47 AM: minime90/mrh/2015/20150621/Images\MRH_X_20150622_023930_062.img reduced chisqr: 1.0500.
			Message:"Tolerance seems to be too small."
04/08/2021 01:47:53 AM: minime90/mrh/2015/20150621/Images\MRH_X_20150622_024239_063.img reduced chisqr: 0.9855.
			Message:"Tolerance seems to be too small."
04/08/2021 01:48:00 AM: minime90/mrh/2015/20150621/Images\MRH_X_20150622_024549_064.img reduced chisqr: 1.2379.
			Message:"Tolerance seems to be too small."
04/08/2021 01:48:06 AM: minime90/mrh/2015/20150621/Images\MRH_X_20150622_024858_065.img reduced chisqr: 1.2718.
			Message:"Tolerance seems to be too small."
04/08/2021 01:48:12 AM: minime90/mrh/2015/20150621/Images\MRH_X_20150622_025207_066.img reduced chisqr: 1.3575.
			Message:"Tolerance seems to be too small."
04/08/2021 01:48:18 AM: minime90/mrh/2015/20150621/Images\MRH_X_20150622_025515_067.img reduced chisqr: 1.1739.
			Message:"Tolerance seems to be too small."
04/08/2021 01:48:25 AM: minime90/mrh/2015/20150621/Images\MRH_X_20150622_025823_068.img reduced chisqr: 1.2426.
			Message:"Tolerance seems to be too small."
04/08/2021 01:48:31 AM: minime90/mrh/2015/20150621/Images\MRH_X_20150622_030132_069.img reduced chisqr: 1.2475.
			Message:"Tolerance seems to be too small."
04/08/2021 01:48:38 AM: minime90/mrh/2015/20150621/Images\MRH_X_20150622_030528_070.img reduced chisqr: 1.4572.
			Message:"Tolerance seems to be too small."
04/08/2021 01:48:44 AM: minime90/mrh/2015/20150621/Images\MRH_X_20150622_030839_071.img reduced chisqr: 1.1995.
			Message:"Tolerance seems to be too small."
04/08/2021 01:48:51 AM: minime90/mrh/2015/20150621/Images\MRH_X_20150622_031148_072.img reduced chisqr: 1.2611.
			Message:"Tolerance seems to be too small."
04/08/2021 01:48:57 AM: minime90/mrh/2015/20150621/Images\MRH_X_20150622_031458_073.img reduced chisqr: 1.0019.
			Message:"Tolerance seems to be too small."
04/08/2021 01:49:03 AM: minime90/mrh/2015/20150621/Images\MRH_X_20150622_031807_074.img reduced chisqr: 1.4575.
			Message:"Tolerance seems to be too small."
04/08/2021 01:49:10 AM: minime90/mrh/2015/20150621/Images\MRH_X_20150622_032116_075.img reduced chisqr: 1.4302.
			Message:"Tolerance seems to be too small."
04/08/2021 01:49:16 AM: minime90/mrh/2015/20150621/Images\MRH_X_20150622_032426_076.img reduced chisqr: 1.0143.
			Message:"Tolerance seems to be too small."
04/08/2021 01:49:23 AM: minime90/mrh/2015/20150621/Images\MRH_X_20150622_032734_077.img reduced chisqr: 1.2396.
			Message:"Tolerance seems to be too small."
04/08/2021 01:49:29 AM: minime90/mrh/2015/20150621/Images\MRH_X_20150622_033042_078.img reduced chisqr: 1.1524.
			Message:"Tolerance seems to be too small."
04/08/2021 01:49:35 AM: minime90/mrh/2015/20150621/Images\MRH_X_20150622_033350_079.img reduced chisqr: 1.2206.
			Message:"Tolerance seems to be too small."
04/08/2021 01:49:42 AM: minime90/mrh/2015/20150621/Images\MRH_X_20150622_033746_080.img reduced chisqr: 1.3601.
			Message:"Tolerance seems to be too small."
04/08/2021 01:49:48 AM: minime90/mrh/2015/20150621/Images\MRH_X_20150622_034057_081.img reduced chisqr: 1.2603.
			Message:"Tolerance seems to be too small."
04/08/2021 01:49:54 AM: minime90/mrh/2015/20150621/Images\MRH_X_20150622_034406_082.img reduced chisqr: 1.2442.
			Message:"Tolerance seems to be too small."
04/08/2021 01:50:01 AM: minime90/mrh/2015/20150621/Images\MRH_X_20150622_034715_083.img reduced chisqr: 1.1645.
			Message:"Tolerance seems to be too small."
04/08/2021 01:50:07 AM: minime90/mrh/2015/20150621/Images\MRH_X_20150622_035025_084.img reduced chisqr: 1.6211.
			Message:"Tolerance seems to be too small."
04/08/2021 01:50:14 AM: minime90/mrh/2015/20150621/Images\MRH_X_20150622_035334_085.img reduced chisqr: 1.2229.
			Message:"Tolerance seems to be too small."
04/08/2021 01:50:20 AM: minime90/mrh/2015/20150621/Images\MRH_X_20150622_035643_086.img reduced chisqr: 1.1157.
			Message:"Tolerance seems to be too small."
04/08/2021 01:50:26 AM: minime90/mrh/2015/20150621/Images\MRH_X_20150622_035951_087.img reduced chisqr: 1.0733.
			Message:"Tolerance seems to be too small."
04/08/2021 01:50:33 AM: minime90/mrh/2015/20150621/Images\MRH_X_20150622_040259_088.img reduced chisqr: 1.3289.
			Message:"Tolerance seems to be too small."
04/08/2021 01:50:39 AM: minime90/mrh/2015/20150621/Images\MRH_X_20150622_040607_089.img reduced chisqr: 1.3474.
			Message:"Tolerance seems to be too small."
04/08/2021 01:50:45 AM: minime90/mrh/2015/20150621/Images\MRH_X_20150622_041003_090.img reduced chisqr: 1.6758.
			Message:"Tolerance seems to be too small."
04/08/2021 01:50:52 AM: minime90/mrh/2015/20150621/Images\MRH_X_20150622_041315_091.img reduced chisqr: 1.1568.
			Message:"Tolerance seems to be too small."
04/08/2021 01:50:58 AM: minime90/mrh/2015/20150621/Images\MRH_X_20150622_041624_092.img reduced chisqr: 1.1669.
			Message:"Tolerance seems to be too small."
04/08/2021 01:51:04 AM: minime90/mrh/2015/20150621/Images\MRH_X_20150622_041933_093.img reduced chisqr: 1.2526.
			Message:"Tolerance seems to be too small."
04/08/2021 01:51:11 AM: minime90/mrh/2015/20150621/Images\MRH_X_20150622_042243_094.img reduced chisqr: 1.2349.
			Message:"Tolerance seems to be too small."
04/08/2021 01:51:17 AM: minime90/mrh/2015/20150621/Images\MRH_X_20150622_042552_095.img reduced chisqr: 1.3051.
			Message:"Tolerance seems to be too small."
04/08/2021 01:51:23 AM: minime90/mrh/2015/20150621/Images\MRH_X_20150622_042901_096.img reduced chisqr: 1.0906.
			Message:"Tolerance seems to be too small."
04/08/2021 01:51:30 AM: minime90/mrh/2015/20150621/Images\MRH_X_20150622_043209_097.img reduced chisqr: 1.3857.
			Message:"Tolerance seems to be too small."
04/08/2021 01:51:36 AM: minime90/mrh/2015/20150621/Images\MRH_X_20150622_043517_098.img reduced chisqr: 1.2082.
			Message:"Tolerance seems to be too small."
04/08/2021 01:51:43 AM: minime90/mrh/2015/20150621/Images\MRH_X_20150622_043825_099.img reduced chisqr: 1.1773.
			Message:"Tolerance seems to be too small."
04/08/2021 01:51:49 AM: minime90/mrh/2015/20150621/Images\MRH_X_20150622_044221_100.img reduced chisqr: 1.2978.
			Message:"Tolerance seems to be too small."
04/08/2021 01:51:55 AM: minime90/mrh/2015/20150621/Images\MRH_X_20150622_044532_101.img reduced chisqr: 1.1533.
			Message:"Tolerance seems to be too small."
04/08/2021 01:52:02 AM: minime90/mrh/2015/20150621/Images\MRH_X_20150622_044842_102.img reduced chisqr: 1.1379.
			Message:"Tolerance seems to be too small."
04/08/2021 01:52:08 AM: minime90/mrh/2015/20150621/Images\MRH_X_20150622_045151_103.img reduced chisqr: 1.2628.
			Message:"Tolerance seems to be too small."
04/08/2021 01:52:14 AM: minime90/mrh/2015/20150621/Images\MRH_X_20150622_045500_104.img reduced chisqr: 1.4146.
			Message:"Tolerance seems to be too small."
04/08/2021 01:52:21 AM: minime90/mrh/2015/20150621/Images\MRH_X_20150622_045810_105.img reduced chisqr: 1.3549.
			Message:"Tolerance seems to be too small."
04/08/2021 01:52:27 AM: minime90/mrh/2015/20150621/Images\MRH_X_20150622_050119_106.img reduced chisqr: 1.4518.
			Message:"Tolerance seems to be too small."
04/08/2021 01:52:34 AM: minime90/mrh/2015/20150621/Images\MRH_X_20150622_050427_107.img reduced chisqr: 1.3105.
			Message:"Tolerance seems to be too small."
04/08/2021 01:52:40 AM: minime90/mrh/2015/20150621/Images\MRH_X_20150622_050735_108.img reduced chisqr: 1.4976.
			Message:"Tolerance seems to be too small."
04/08/2021 01:52:46 AM: minime90/mrh/2015/20150621/Images\MRH_X_20150622_051043_109.img reduced chisqr: 1.5247.
			Message:"Tolerance seems to be too small."
04/08/2021 01:52:52 AM: minime90/mrh/2015/20150621/Images\MRH_X_20150622_051439_110.img reduced chisqr: 1.4679.
			Message:"Tolerance seems to be too small."
04/08/2021 01:52:59 AM: minime90/mrh/2015/20150621/Images\MRH_X_20150622_051750_111.img reduced chisqr: 1.4074.
			Message:"Tolerance seems to be too small."
04/08/2021 01:53:05 AM: minime90/mrh/2015/20150621/Images\MRH_X_20150622_052059_112.img reduced chisqr: 1.3799.
			Message:"Tolerance seems to be too small."
04/08/2021 01:53:11 AM: minime90/mrh/2015/20150621/Images\MRH_X_20150622_052408_113.img reduced chisqr: 1.3281.
			Message:"Tolerance seems to be too small."
04/08/2021 01:53:18 AM: minime90/mrh/2015/20150621/Images\MRH_X_20150622_052718_114.img reduced chisqr: 1.2382.
			Message:"Tolerance seems to be too small."
04/08/2021 01:53:24 AM: minime90/mrh/2015/20150621/Images\MRH_X_20150622_053027_115.img reduced chisqr: 1.3488.
			Message:"Tolerance seems to be too small."
04/08/2021 01:53:30 AM: minime90/mrh/2015/20150621/Images\MRH_X_20150622_053336_116.img reduced chisqr: 1.4699.
			Message:"Tolerance seems to be too small."
04/08/2021 01:53:37 AM: minime90/mrh/2015/20150621/Images\MRH_X_20150622_053644_117.img reduced chisqr: 1.2485.
			Message:"Tolerance seems to be too small."
04/08/2021 01:53:43 AM: minime90/mrh/2015/20150621/Images\MRH_X_20150622_053952_118.img reduced chisqr: 1.5214.
			Message:"Tolerance seems to be too small."
04/08/2021 01:53:49 AM: minime90/mrh/2015/20150621/Images\MRH_X_20150622_054300_119.img reduced chisqr: 1.4838.
			Message:"Tolerance seems to be too small."
04/08/2021 01:53:56 AM: minime90/mrh/2015/20150621/Images\MRH_X_20150622_054656_120.img reduced chisqr: 1.4050.
			Message:"Tolerance seems to be too small."
04/08/2021 01:54:02 AM: minime90/mrh/2015/20150621/Images\MRH_X_20150622_055008_121.img reduced chisqr: 1.3173.
			Message:"Tolerance seems to be too small."
04/08/2021 01:54:08 AM: minime90/mrh/2015/20150621/Images\MRH_X_20150622_055317_122.img reduced chisqr: 1.4758.
			Message:"Tolerance seems to be too small."
04/08/2021 01:54:15 AM: minime90/mrh/2015/20150621/Images\MRH_X_20150622_055626_123.img reduced chisqr: 1.2820.
			Message:"Tolerance seems to be too small."
04/08/2021 01:54:21 AM: minime90/mrh/2015/20150621/Images\MRH_X_20150622_055935_124.img reduced chisqr: 1.3123.
			Message:"Tolerance seems to be too small."
04/08/2021 01:54:27 AM: minime90/mrh/2015/20150621/Images\MRH_X_20150622_060245_125.img reduced chisqr: 1.4263.
			Message:"Tolerance seems to be too small."
04/08/2021 01:54:34 AM: minime90/mrh/2015/20150621/Images\MRH_X_20150622_060554_126.img reduced chisqr: 1.2463.
			Message:"Tolerance seems to be too small."
04/08/2021 01:54:40 AM: minime90/mrh/2015/20150621/Images\MRH_X_20150622_060902_127.img reduced chisqr: 1.2548.
			Message:"Tolerance seems to be too small."
04/08/2021 01:54:46 AM: minime90/mrh/2015/20150621/Images\MRH_X_20150622_061210_128.img reduced chisqr: 1.3265.
			Message:"Tolerance seems to be too small."
04/08/2021 01:54:53 AM: minime90/mrh/2015/20150621/Images\MRH_X_20150622_061518_129.img reduced chisqr: 1.2707.
			Message:"Tolerance seems to be too small."
04/08/2021 01:54:59 AM: minime90/mrh/2015/20150621/Images\MRH_X_20150622_061914_130.img reduced chisqr: 1.3307.
			Message:"Tolerance seems to be too small."
04/08/2021 01:55:06 AM: minime90/mrh/2015/20150621/Images\MRH_X_20150622_062225_131.img reduced chisqr: 1.2792.
			Message:"Tolerance seems to be too small."
04/08/2021 01:55:12 AM: minime90/mrh/2015/20150621/Images\MRH_X_20150622_062534_132.img reduced chisqr: 1.3151.
			Message:"Tolerance seems to be too small."
04/08/2021 01:55:19 AM: minime90/mrh/2015/20150621/Images\MRH_X_20150622_062843_133.img reduced chisqr: 1.1206.
			Message:"Tolerance seems to be too small."
04/08/2021 01:55:25 AM: minime90/mrh/2015/20150621/Images\MRH_X_20150622_063153_134.img reduced chisqr: 1.2086.
			Message:"Tolerance seems to be too small."
04/08/2021 01:55:31 AM: minime90/mrh/2015/20150621/Images\MRH_X_20150622_063502_135.img reduced chisqr: 1.2096.
			Message:"Tolerance seems to be too small."
04/08/2021 01:55:38 AM: minime90/mrh/2015/20150621/Images\MRH_X_20150622_063811_136.img reduced chisqr: 1.2063.
			Message:"Tolerance seems to be too small."
04/08/2021 01:55:44 AM: minime90/mrh/2015/20150621/Images\MRH_X_20150622_064119_137.img reduced chisqr: 1.0675.
			Message:"Tolerance seems to be too small."
04/08/2021 01:55:51 AM: minime90/mrh/2015/20150621/Images\MRH_X_20150622_064427_138.img reduced chisqr: 1.2483.
			Message:"Tolerance seems to be too small."
04/08/2021 01:55:57 AM: minime90/mrh/2015/20150621/Images\MRH_X_20150622_064735_139.img reduced chisqr: 1.2101.
			Message:"Tolerance seems to be too small."
04/08/2021 01:56:04 AM: minime90/mrh/2015/20150621/Images\MRH_X_20150622_065131_140.img reduced chisqr: 1.1582.
			Message:"Tolerance seems to be too small."
04/08/2021 01:56:10 AM: minime90/mrh/2015/20150621/Images\MRH_X_20150622_065443_141.img reduced chisqr: 1.3437.
			Message:"Tolerance seems to be too small."
04/08/2021 01:56:16 AM: minime90/mrh/2015/20150621/Images\MRH_X_20150622_065752_142.img reduced chisqr: 0.9588.
			Message:"Tolerance seems to be too small."
04/08/2021 01:56:23 AM: minime90/mrh/2015/20150621/Images\MRH_X_20150622_070101_143.img reduced chisqr: 1.0593.
			Message:"Tolerance seems to be too small."
04/08/2021 01:56:29 AM: minime90/mrh/2015/20150621/Images\MRH_X_20150622_070411_144.img reduced chisqr: 1.0695.
			Message:"Tolerance seems to be too small."
04/08/2021 01:56:36 AM: minime90/mrh/2015/20150621/Images\MRH_X_20150622_070720_145.img reduced chisqr: 1.1496.
			Message:"Tolerance seems to be too small."
04/08/2021 01:56:42 AM: minime90/mrh/2015/20150621/Images\MRH_X_20150622_071029_146.img reduced chisqr: 1.0866.
			Message:"Tolerance seems to be too small."
04/08/2021 01:56:48 AM: minime90/mrh/2015/20150621/Images\MRH_X_20150622_071337_147.img reduced chisqr: 1.2920.
			Message:"Tolerance seems to be too small."
04/08/2021 01:56:55 AM: minime90/mrh/2015/20150621/Images\MRH_X_20150622_071645_148.img reduced chisqr: 1.1190.
			Message:"Tolerance seems to be too small."
04/08/2021 01:57:01 AM: minime90/mrh/2015/20150621/Images\MRH_X_20150622_071953_149.img reduced chisqr: 1.2064.
			Message:"Tolerance seems to be too small."
04/08/2021 01:57:07 AM: minime90/mrh/2015/20150621/Images\MRH_X_20150622_072349_150.img reduced chisqr: 1.2472.
			Message:"Tolerance seems to be too small."
04/08/2021 01:57:14 AM: minime90/mrh/2015/20150621/Images\MRH_X_20150622_072701_151.img reduced chisqr: 1.2593.
			Message:"Tolerance seems to be too small."
04/08/2021 01:57:20 AM: minime90/mrh/2015/20150621/Images\MRH_X_20150622_073010_152.img reduced chisqr: 1.3043.
			Message:"Tolerance seems to be too small."
04/08/2021 01:57:26 AM: minime90/mrh/2015/20150621/Images\MRH_X_20150622_073319_153.img reduced chisqr: 1.0133.
			Message:"Tolerance seems to be too small."
04/08/2021 01:57:33 AM: minime90/mrh/2015/20150621/Images\MRH_X_20150622_073629_154.img reduced chisqr: 0.9944.
			Message:"Tolerance seems to be too small."
04/08/2021 01:57:39 AM: minime90/mrh/2015/20150621/Images\MRH_X_20150622_073938_155.img reduced chisqr: 1.2784.
			Message:"Tolerance seems to be too small."
04/08/2021 01:57:45 AM: minime90/mrh/2015/20150621/Images\MRH_X_20150622_074247_156.img reduced chisqr: 1.0784.
			Message:"Tolerance seems to be too small."
04/08/2021 01:57:52 AM: minime90/mrh/2015/20150621/Images\MRH_X_20150622_074555_157.img reduced chisqr: 1.1699.
			Message:"Tolerance seems to be too small."
04/08/2021 01:57:58 AM: minime90/mrh/2015/20150621/Images\MRH_X_20150622_074903_158.img reduced chisqr: 1.2843.
			Message:"Tolerance seems to be too small."
04/08/2021 01:58:04 AM: minime90/mrh/2015/20150621/Images\MRH_X_20150622_075211_159.img reduced chisqr: 1.2287.
			Message:"Tolerance seems to be too small."
04/08/2021 01:58:10 AM: minime90/mrh/2015/20150621/Images\MRH_X_20150622_075607_160.img reduced chisqr: 1.2533.
			Message:"Tolerance seems to be too small."
04/08/2021 01:58:17 AM: minime90/mrh/2015/20150621/Images\MRH_X_20150622_075919_161.img reduced chisqr: 1.0766.
			Message:"Tolerance seems to be too small."
04/08/2021 01:58:23 AM: minime90/mrh/2015/20150621/Images\MRH_X_20150622_080228_162.img reduced chisqr: 1.0589.
			Message:"Tolerance seems to be too small."
04/08/2021 01:58:29 AM: minime90/mrh/2015/20150621/Images\MRH_X_20150622_080537_163.img reduced chisqr: 1.1912.
			Message:"Tolerance seems to be too small."
04/08/2021 01:58:35 AM: minime90/mrh/2015/20150621/Images\MRH_X_20150622_080847_164.img reduced chisqr: 1.2053.
			Message:"Tolerance seems to be too small."
04/08/2021 01:58:42 AM: minime90/mrh/2015/20150621/Images\MRH_X_20150622_081156_165.img reduced chisqr: 1.2156.
			Message:"Tolerance seems to be too small."
04/08/2021 01:58:48 AM: minime90/mrh/2015/20150621/Images\MRH_X_20150622_081505_166.img reduced chisqr: 1.0108.
			Message:"Tolerance seems to be too small."
04/08/2021 01:58:54 AM: minime90/mrh/2015/20150621/Images\MRH_X_20150622_081813_167.img reduced chisqr: 0.9757.
			Message:"Tolerance seems to be too small."
04/08/2021 01:59:01 AM: minime90/mrh/2015/20150621/Images\MRH_X_20150622_082121_168.img reduced chisqr: 1.2187.
			Message:"Tolerance seems to be too small."
04/08/2021 01:59:07 AM: minime90/mrh/2015/20150621/Images\MRH_X_20150622_082429_169.img reduced chisqr: 1.6605.
			Message:"Tolerance seems to be too small."
04/08/2021 01:59:13 AM: minime90/mrh/2015/20150621/Images\MRH_X_20150622_082825_170.img reduced chisqr: 1.2546.
			Message:"Tolerance seems to be too small."
04/08/2021 01:59:20 AM: minime90/mrh/2015/20150621/Images\MRH_X_20150622_083137_171.img reduced chisqr: 0.9649.
			Message:"Tolerance seems to be too small."
04/08/2021 01:59:26 AM: minime90/mrh/2015/20150621/Images\MRH_X_20150622_083446_172.img reduced chisqr: 1.1817.
			Message:"Tolerance seems to be too small."
04/08/2021 01:59:32 AM: minime90/mrh/2015/20150621/Images\MRH_X_20150622_083755_173.img reduced chisqr: 1.3432.
			Message:"Tolerance seems to be too small."
04/08/2021 01:59:38 AM: minime90/mrh/2015/20150621/Images\MRH_X_20150622_084104_174.img reduced chisqr: 1.1058.
			Message:"Tolerance seems to be too small."
04/08/2021 01:59:45 AM: minime90/mrh/2015/20150621/Images\MRH_X_20150622_084414_175.img reduced chisqr: 1.0900.
			Message:"Tolerance seems to be too small."
04/08/2021 01:59:51 AM: minime90/mrh/2015/20150621/Images\MRH_X_20150622_084723_176.img reduced chisqr: 1.0871.
			Message:"Tolerance seems to be too small."
04/08/2021 01:59:57 AM: minime90/mrh/2015/20150621/Images\MRH_X_20150622_085031_177.img reduced chisqr: 1.0906.
			Message:"Tolerance seems to be too small."
04/08/2021 02:00:04 AM: minime90/mrh/2015/20150621/Images\MRH_X_20150622_085339_178.img reduced chisqr: 1.1607.
			Message:"Tolerance seems to be too small."
04/08/2021 02:00:10 AM: minime90/mrh/2015/20150621/Images\MRH_X_20150622_085647_179.img reduced chisqr: 1.0093.
			Message:"Tolerance seems to be too small."
04/08/2021 02:00:16 AM: minime90/mrh/2015/20150621/Images\MRH_X_20150622_090043_180.img reduced chisqr: 1.0427.
			Message:"Tolerance seems to be too small."
04/08/2021 02:00:22 AM: minime90/mrh/2015/20150621/Images\MRH_X_20150622_090355_181.img reduced chisqr: 1.1086.
			Message:"Tolerance seems to be too small."
04/08/2021 02:00:29 AM: minime90/mrh/2015/20150621/Images\MRH_X_20150622_090704_182.img reduced chisqr: 1.1080.
			Message:"Tolerance seems to be too small."
04/08/2021 02:00:35 AM: minime90/mrh/2015/20150621/Images\MRH_X_20150622_091013_183.img reduced chisqr: 1.0754.
			Message:"Tolerance seems to be too small."
04/08/2021 02:00:41 AM: minime90/mrh/2015/20150621/Images\MRH_X_20150622_091323_184.img reduced chisqr: 0.9652.
			Message:"Tolerance seems to be too small."
04/08/2021 02:00:48 AM: minime90/mrh/2015/20150621/Images\MRH_X_20150622_091632_185.img reduced chisqr: 1.0242.
			Message:"Tolerance seems to be too small."
04/08/2021 02:00:54 AM: minime90/mrh/2015/20150621/Images\MRH_X_20150622_091941_186.img reduced chisqr: 1.0240.
			Message:"Tolerance seems to be too small."
04/08/2021 02:01:00 AM: minime90/mrh/2015/20150621/Images\MRH_X_20150622_092249_187.img reduced chisqr: 1.0659.
			Message:"Tolerance seems to be too small."
04/08/2021 02:01:07 AM: minime90/mrh/2015/20150621/Images\MRH_X_20150622_092557_188.img reduced chisqr: 1.1396.
			Message:"Tolerance seems to be too small."
04/08/2021 02:01:13 AM: minime90/mrh/2015/20150621/Images\MRH_X_20150622_092905_189.img reduced chisqr: 1.1899.
			Message:"Tolerance seems to be too small."
04/08/2021 02:01:19 AM: minime90/mrh/2015/20150621/Images\MRH_X_20150622_093301_190.img reduced chisqr: 1.2505.
			Message:"Tolerance seems to be too small."
04/08/2021 02:01:26 AM: minime90/mrh/2015/20150621/Images\MRH_X_20150622_093613_191.img reduced chisqr: 1.2231.
			Message:"Tolerance seems to be too small."
04/08/2021 02:01:32 AM: minime90/mrh/2015/20150621/Images\MRH_X_20150622_093922_192.img reduced chisqr: 1.1161.
			Message:"Tolerance seems to be too small."
04/08/2021 02:01:38 AM: minime90/mrh/2015/20150621/Images\MRH_X_20150622_094231_193.img reduced chisqr: 1.1055.
			Message:"Tolerance seems to be too small."
04/08/2021 02:01:44 AM: minime90/mrh/2015/20150621/Images\MRH_X_20150622_094541_194.img reduced chisqr: 1.0008.
			Message:"Tolerance seems to be too small."
04/08/2021 02:01:51 AM: minime90/mrh/2015/20150621/Images\MRH_X_20150622_094850_195.img reduced chisqr: 1.1529.
			Message:"Tolerance seems to be too small."
04/08/2021 02:01:57 AM: minime90/mrh/2015/20150621/Images\MRH_X_20150622_095159_196.img reduced chisqr: 0.8857.
			Message:"Tolerance seems to be too small."
04/08/2021 02:02:03 AM: minime90/mrh/2015/20150621/Images\MRH_X_20150622_095507_197.img reduced chisqr: 1.0990.
			Message:"Tolerance seems to be too small."
04/08/2021 02:02:10 AM: minime90/mrh/2015/20150621/Images\MRH_X_20150622_095815_198.img reduced chisqr: 1.1158.
			Message:"Tolerance seems to be too small."
04/08/2021 02:02:16 AM: minime90/mrh/2015/20150621/Images\MRH_X_20150622_100123_199.img reduced chisqr: 1.1769.
			Message:"Tolerance seems to be too small."
04/08/2021 02:02:22 AM: minime90/mrh/2015/20150621/Images\MRH_X_20150622_100519_200.img reduced chisqr: 1.0546.
			Message:"Tolerance seems to be too small."
04/08/2021 02:02:29 AM: minime90/mrh/2015/20150621/Images\MRH_X_20150622_100830_201.img reduced chisqr: 0.9475.
			Message:"Tolerance seems to be too small."
04/08/2021 02:02:35 AM: minime90/mrh/2015/20150621/Images\MRH_X_20150622_101140_202.img reduced chisqr: 1.6993.
			Message:"Tolerance seems to be too small."
04/08/2021 02:02:41 AM: minime90/mrh/2015/20150621/Images\MRH_X_20150622_101449_203.img reduced chisqr: 1.1826.
			Message:"Tolerance seems to be too small."
04/08/2021 02:02:47 AM: minime90/mrh/2015/20150621/Images\MRH_X_20150622_101758_204.img reduced chisqr: 1.0786.
			Message:"Tolerance seems to be too small."
04/08/2021 02:02:54 AM: minime90/mrh/2015/20150621/Images\MRH_X_20150622_102108_205.img reduced chisqr: 1.1834.
			Message:"Tolerance seems to be too small."
04/08/2021 02:03:00 AM: minime90/mrh/2015/20150621/Images\MRH_X_20150622_102417_206.img reduced chisqr: 1.1447.
			Message:"Tolerance seems to be too small."
04/08/2021 02:03:07 AM: minime90/mrh/2015/20150621/Images\MRH_X_20150622_102725_207.img reduced chisqr: 1.0679.
			Message:"Tolerance seems to be too small."
04/08/2021 02:03:13 AM: minime90/mrh/2015/20150621/Images\MRH_X_20150622_103033_208.img reduced chisqr: 1.3715.
			Message:"Tolerance seems to be too small."
04/08/2021 02:03:19 AM: minime90/mrh/2015/20150621/Images\MRH_X_20150622_103341_209.img reduced chisqr: 1.3706.
			Message:"Tolerance seems to be too small."
04/08/2021 02:03:26 AM: minime90/mrh/2015/20150621/Images\MRH_X_20150622_103737_210.img reduced chisqr: 1.2603.
			Message:"Tolerance seems to be too small."
04/08/2021 02:03:32 AM: minime90/mrh/2015/20150621/Images\MRH_X_20150622_104048_211.img reduced chisqr: 1.5886.
			Message:"Tolerance seems to be too small."
04/08/2021 02:03:39 AM: minime90/mrh/2015/20150621/Images\MRH_X_20150622_104357_212.img reduced chisqr: 1.6089.
			Message:"Tolerance seems to be too small."
04/08/2021 02:03:39 AM: WARNING: Exposure time is not changing.
04/08/2021 02:03:39 AM: Created diagnostic plots.
04/08/2021 02:03:40 AM: Laser and sky image analysis complete.
04/08/2021 02:03:40 AM: No Boltwood cloud sensor data found.
04/08/2021 02:03:40 AM: No X300 temperature sensor data found.
04/08/2021 02:03:40 AM:  Quality Flag Calculation:
		Manual Wind Flag: 0
		Manual Temperature Flag: 0
		Laser Drift: False
		Sample-specific flags:
		Images\MRH_X_20150621_235142_010.img [no cloud data W1T1] [FINAL: W1T1]
		Images\MRH_X_20150621_235453_011.img [no cloud data W1T1] [FINAL: W1T1]
		Images\MRH_X_20150621_235802_012.img [no cloud data W1T1] [FINAL: W1T1]
		Images\MRH_X_20150622_000111_013.img [no cloud data W1T1] [FINAL: W1T1]
		Images\MRH_X_20150622_000421_014.img [no cloud data W1T1] [FINAL: W1T1]
		Images\MRH_X_20150622_002359_020.img [no cloud data W1T1] [FINAL: W1T1]
		Images\MRH_X_20150622_002710_021.img [no cloud data W1T1] [FINAL: W1T1]
		Images\MRH_X_20150622_003020_022.img [no cloud data W1T1] [FINAL: W1T1]
		Images\MRH_X_20150622_003329_023.img [no cloud data W1T1] [FINAL: W1T1]
		Images\MRH_X_20150622_003638_024.img [no cloud data W1T1] [FINAL: W1T1]
		Images\MRH_X_20150622_005617_030.img [no cloud data W1T1] [FINAL: W1T1]
		Images\MRH_X_20150622_005928_031.img [no cloud data W1T1] [FINAL: W1T1]
		Images\MRH_X_20150622_010237_032.img [no cloud data W1T1] [FINAL: W1T1]
		Images\MRH_X_20150622_010546_033.img [no cloud data W1T1] [FINAL: W1T1]
		Images\MRH_X_20150622_010856_034.img [no cloud data W1T1] [FINAL: W1T1]
		Images\MRH_X_20150622_012834_040.img [no cloud data W1T1] [FINAL: W1T1]
		Images\MRH_X_20150622_013146_041.img [no cloud data W1T1] [FINAL: W1T1]
		Images\MRH_X_20150622_013455_042.img [no cloud data W1T1] [FINAL: W1T1]
		Images\MRH_X_20150622_013804_043.img [no cloud data W1T1] [FINAL: W1T1]
		Images\MRH_X_20150622_014114_044.img [no cloud data W1T1] [FINAL: W1T1]
		Images\MRH_X_20150622_020052_050.img [no cloud data W1T1] [FINAL: W1T1]
		Images\MRH_X_20150622_020403_051.img [no cloud data W1T1] [FINAL: W1T1]
		Images\MRH_X_20150622_020713_052.img [no cloud data W1T1] [FINAL: W1T1]
		Images\MRH_X_20150622_021022_053.img [no cloud data W1T1] [FINAL: W1T1]
		Images\MRH_X_20150622_021331_054.img [no cloud data W1T1] [FINAL: W1T1]
		Images\MRH_X_20150622_021950_056.img [no cloud data W1T1] [FINAL: W1T1]
		Images\MRH_X_20150622_022258_057.img [no cloud data W1T1] [FINAL: W1T1]
		Images\MRH_X_20150622_022606_058.img [no cloud data W1T1] [FINAL: W1T1]
		Images\MRH_X_20150622_022914_059.img [no cloud data W1T1] [FINAL: W1T1]
		Images\MRH_X_20150622_023310_060.img [no cloud data W1T1] [FINAL: W1T1]
		Images\MRH_X_20150622_023621_061.img [no cloud data W1T1] [FINAL: W1T1]
		Images\MRH_X_20150622_023930_062.img [no cloud data W1T1] [FINAL: W1T1]
		Images\MRH_X_20150622_024239_063.img [no cloud data W1T1] [FINAL: W1T1]
		Images\MRH_X_20150622_024549_064.img [no cloud data W1T1] [FINAL: W1T1]
		Images\MRH_X_20150622_024858_065.img [no cloud data W1T1] [FINAL: W1T1]
		Images\MRH_X_20150622_025207_066.img [no cloud data W1T1] [FINAL: W1T1]
		Images\MRH_X_20150622_025515_067.img [no cloud data W1T1] [FINAL: W1T1]
		Images\MRH_X_20150622_025823_068.img [no cloud data W1T1] [FINAL: W1T1]
		Images\MRH_X_20150622_030132_069.img [no cloud data W1T1] [FINAL: W1T1]
		Images\MRH_X_20150622_030528_070.img [no cloud data W1T1] [FINAL: W1T1]
		Images\MRH_X_20150622_030839_071.img [no cloud data W1T1] [FINAL: W1T1]
		Images\MRH_X_20150622_031148_072.img [no cloud data W1T1] [FINAL: W1T1]
		Images\MRH_X_20150622_031458_073.img [no cloud data W1T1] [FINAL: W1T1]
		Images\MRH_X_20150622_031807_074.img [no cloud data W1T1] [FINAL: W1T1]
		Images\MRH_X_20150622_032116_075.img [no cloud data W1T1] [FINAL: W1T1]
		Images\MRH_X_20150622_032426_076.img [no cloud data W1T1] [FINAL: W1T1]
		Images\MRH_X_20150622_032734_077.img [no cloud data W1T1] [FINAL: W1T1]
		Images\MRH_X_20150622_033042_078.img [no cloud data W1T1] [FINAL: W1T1]
		Images\MRH_X_20150622_033350_079.img [no cloud data W1T1] [FINAL: W1T1]
		Images\MRH_X_20150622_033746_080.img [no cloud data W1T1] [FINAL: W1T1]
		Images\MRH_X_20150622_034057_081.img [no cloud data W1T1] [FINAL: W1T1]
		Images\MRH_X_20150622_034406_082.img [no cloud data W1T1] [FINAL: W1T1]
		Images\MRH_X_20150622_034715_083.img [no cloud data W1T1] [FINAL: W1T1]
		Images\MRH_X_20150622_035025_084.img [no cloud data W1T1] [FINAL: W1T1]
		Images\MRH_X_20150622_035334_085.img [no cloud data W1T1] [FINAL: W1T1]
		Images\MRH_X_20150622_035643_086.img [no cloud data W1T1] [FINAL: W1T1]
		Images\MRH_X_20150622_035951_087.img [no cloud data W1T1] [FINAL: W1T1]
		Images\MRH_X_20150622_040259_088.img [no cloud data W1T1] [FINAL: W1T1]
		Images\MRH_X_20150622_040607_089.img [no cloud data W1T1] [FINAL: W1T1]
		Images\MRH_X_20150622_041003_090.img [no cloud data W1T1] [FINAL: W1T1]
		Images\MRH_X_20150622_041315_091.img [no cloud data W1T1] [FINAL: W1T1]
		Images\MRH_X_20150622_041624_092.img [no cloud data W1T1] [FINAL: W1T1]
		Images\MRH_X_20150622_041933_093.img [no cloud data W1T1] [FINAL: W1T1]
		Images\MRH_X_20150622_042243_094.img [no cloud data W1T1] [FINAL: W1T1]
		Images\MRH_X_20150622_042552_095.img [no cloud data W1T1] [FINAL: W1T1]
		Images\MRH_X_20150622_042901_096.img [no cloud data W1T1] [FINAL: W1T1]
		Images\MRH_X_20150622_043209_097.img [no cloud data W1T1] [FINAL: W1T1]
		Images\MRH_X_20150622_043517_098.img [no cloud data W1T1] [FINAL: W1T1]
		Images\MRH_X_20150622_043825_099.img [no cloud data W1T1] [FINAL: W1T1]
		Images\MRH_X_20150622_044221_100.img [no cloud data W1T1] [FINAL: W1T1]
		Images\MRH_X_20150622_044532_101.img [no cloud data W1T1] [FINAL: W1T1]
		Images\MRH_X_20150622_044842_102.img [no cloud data W1T1] [FINAL: W1T1]
		Images\MRH_X_20150622_045151_103.img [no cloud data W1T1] [FINAL: W1T1]
		Images\MRH_X_20150622_045500_104.img [no cloud data W1T1] [FINAL: W1T1]
		Images\MRH_X_20150622_045810_105.img [no cloud data W1T1] [FINAL: W1T1]
		Images\MRH_X_20150622_050119_106.img [no cloud data W1T1] [FINAL: W1T1]
		Images\MRH_X_20150622_050427_107.img [no cloud data W1T1] [FINAL: W1T1]
		Images\MRH_X_20150622_050735_108.img [no cloud data W1T1] [FINAL: W1T1]
		Images\MRH_X_20150622_051043_109.img [no cloud data W1T1] [FINAL: W1T1]
		Images\MRH_X_20150622_051439_110.img [no cloud data W1T1] [FINAL: W1T1]
		Images\MRH_X_20150622_051750_111.img [no cloud data W1T1] [FINAL: W1T1]
		Images\MRH_X_20150622_052059_112.img [no cloud data W1T1] [FINAL: W1T1]
		Images\MRH_X_20150622_052408_113.img [no cloud data W1T1] [FINAL: W1T1]
		Images\MRH_X_20150622_052718_114.img [no cloud data W1T1] [FINAL: W1T1]
		Images\MRH_X_20150622_053027_115.img [no cloud data W1T1] [FINAL: W1T1]
		Images\MRH_X_20150622_053336_116.img [no cloud data W1T1] [FINAL: W1T1]
		Images\MRH_X_20150622_053644_117.img [no cloud data W1T1] [FINAL: W1T1]
		Images\MRH_X_20150622_053952_118.img [no cloud data W1T1] [FINAL: W1T1]
		Images\MRH_X_20150622_054300_119.img [no cloud data W1T1] [FINAL: W1T1]
		Images\MRH_X_20150622_054656_120.img [no cloud data W1T1] [FINAL: W1T1]
		Images\MRH_X_20150622_055008_121.img [no cloud data W1T1] [FINAL: W1T1]
		Images\MRH_X_20150622_055317_122.img [no cloud data W1T1] [FINAL: W1T1]
		Images\MRH_X_20150622_055626_123.img [no cloud data W1T1] [FINAL: W1T1]
		Images\MRH_X_20150622_055935_124.img [no cloud data W1T1] [FINAL: W1T1]
		Images\MRH_X_20150622_060245_125.img [no cloud data W1T1] [FINAL: W1T1]
		Images\MRH_X_20150622_060554_126.img [no cloud data W1T1] [FINAL: W1T1]
		Images\MRH_X_20150622_060902_127.img [no cloud data W1T1] [FINAL: W1T1]
		Images\MRH_X_20150622_061210_128.img [no cloud data W1T1] [FINAL: W1T1]
		Images\MRH_X_20150622_061518_129.img [no cloud data W1T1] [FINAL: W1T1]
		Images\MRH_X_20150622_061914_130.img [no cloud data W1T1] [FINAL: W1T1]
		Images\MRH_X_20150622_062225_131.img [no cloud data W1T1] [FINAL: W1T1]
		Images\MRH_X_20150622_062534_132.img [no cloud data W1T1] [FINAL: W1T1]
		Images\MRH_X_20150622_062843_133.img [no cloud data W1T1] [FINAL: W1T1]
		Images\MRH_X_20150622_063153_134.img [no cloud data W1T1] [FINAL: W1T1]
		Images\MRH_X_20150622_063502_135.img [no cloud data W1T1] [FINAL: W1T1]
		Images\MRH_X_20150622_063811_136.img [no cloud data W1T1] [FINAL: W1T1]
		Images\MRH_X_20150622_064119_137.img [no cloud data W1T1] [FINAL: W1T1]
		Images\MRH_X_20150622_064427_138.img [no cloud data W1T1] [FINAL: W1T1]
		Images\MRH_X_20150622_064735_139.img [no cloud data W1T1] [FINAL: W1T1]
		Images\MRH_X_20150622_065131_140.img [no cloud data W1T1] [FINAL: W1T1]
		Images\MRH_X_20150622_065443_141.img [no cloud data W1T1] [FINAL: W1T1]
		Images\MRH_X_20150622_065752_142.img [no cloud data W1T1] [FINAL: W1T1]
		Images\MRH_X_20150622_070101_143.img [no cloud data W1T1] [FINAL: W1T1]
		Images\MRH_X_20150622_070411_144.img [no cloud data W1T1] [FINAL: W1T1]
		Images\MRH_X_20150622_070720_145.img [no cloud data W1T1] [FINAL: W1T1]
		Images\MRH_X_20150622_071029_146.img [no cloud data W1T1] [FINAL: W1T1]
		Images\MRH_X_20150622_071337_147.img [no cloud data W1T1] [FINAL: W1T1]
		Images\MRH_X_20150622_071645_148.img [no cloud data W1T1] [FINAL: W1T1]
		Images\MRH_X_20150622_071953_149.img [no cloud data W1T1] [FINAL: W1T1]
		Images\MRH_X_20150622_072349_150.img [no cloud data W1T1] [FINAL: W1T1]
		Images\MRH_X_20150622_072701_151.img [no cloud data W1T1] [FINAL: W1T1]
		Images\MRH_X_20150622_073010_152.img [no cloud data W1T1] [FINAL: W1T1]
		Images\MRH_X_20150622_073319_153.img [no cloud data W1T1] [FINAL: W1T1]
		Images\MRH_X_20150622_073629_154.img [no cloud data W1T1] [FINAL: W1T1]
		Images\MRH_X_20150622_073938_155.img [no cloud data W1T1] [FINAL: W1T1]
		Images\MRH_X_20150622_074247_156.img [no cloud data W1T1] [FINAL: W1T1]
		Images\MRH_X_20150622_074555_157.img [no cloud data W1T1] [FINAL: W1T1]
		Images\MRH_X_20150622_074903_158.img [no cloud data W1T1] [FINAL: W1T1]
		Images\MRH_X_20150622_075211_159.img [no cloud data W1T1] [FINAL: W1T1]
		Images\MRH_X_20150622_075607_160.img [no cloud data W1T1] [FINAL: W1T1]
		Images\MRH_X_20150622_075919_161.img [no cloud data W1T1] [FINAL: W1T1]
		Images\MRH_X_20150622_080228_162.img [no cloud data W1T1] [FINAL: W1T1]
		Images\MRH_X_20150622_080537_163.img [no cloud data W1T1] [FINAL: W1T1]
		Images\MRH_X_20150622_080847_164.img [no cloud data W1T1] [FINAL: W1T1]
		Images\MRH_X_20150622_081156_165.img [no cloud data W1T1] [FINAL: W1T1]
		Images\MRH_X_20150622_081505_166.img [no cloud data W1T1] [FINAL: W1T1]
		Images\MRH_X_20150622_081813_167.img [no cloud data W1T1] [FINAL: W1T1]
		Images\MRH_X_20150622_082121_168.img [no cloud data W1T1] [FINAL: W1T1]
		Images\MRH_X_20150622_082429_169.img [no cloud data W1T1] [sigma_T large: W2T2] [FINAL: W2T2]
		Images\MRH_X_20150622_082825_170.img [no cloud data W1T1] [FINAL: W1T1]
		Images\MRH_X_20150622_083137_171.img [no cloud data W1T1] [FINAL: W1T1]
		Images\MRH_X_20150622_083446_172.img [no cloud data W1T1] [FINAL: W1T1]
		Images\MRH_X_20150622_083755_173.img [no cloud data W1T1] [sigma_T large: W2T2] [FINAL: W2T2]
		Images\MRH_X_20150622_084104_174.img [no cloud data W1T1] [sigma_T large: W2T2] [FINAL: W2T2]
		Images\MRH_X_20150622_084414_175.img [no cloud data W1T1] [sigma_T large: W2T2] [FINAL: W2T2]
		Images\MRH_X_20150622_084723_176.img [no cloud data W1T1] [sigma_T large: W2T2] [FINAL: W2T2]
		Images\MRH_X_20150622_085031_177.img [no cloud data W1T1] [sigma_T large: W2T2] [FINAL: W2T2]
		Images\MRH_X_20150622_085339_178.img [no cloud data W1T1] [sigma_T large: W2T2] [FINAL: W2T2]
		Images\MRH_X_20150622_085647_179.img [no cloud data W1T1] [sigma_T large: W2T2] [FINAL: W2T2]
		Images\MRH_X_20150622_090043_180.img [no cloud data W1T1] [FINAL: W1T1]
		Images\MRH_X_20150622_090355_181.img [no cloud data W1T1] [sigma_T large: W2T2] [FINAL: W2T2]
		Images\MRH_X_20150622_090704_182.img [no cloud data W1T1] [sigma_T large: W2T2] [FINAL: W2T2]
		Images\MRH_X_20150622_091013_183.img [no cloud data W1T1] [sigma_T large: W2T2] [FINAL: W2T2]
		Images\MRH_X_20150622_091323_184.img [no cloud data W1T1] [sigma_T large: W2T2] [FINAL: W2T2]
		Images\MRH_X_20150622_091632_185.img [no cloud data W1T1] [sigma_T large: W2T2] [FINAL: W2T2]
		Images\MRH_X_20150622_091941_186.img [no cloud data W1T1] [sigma_T large: W2T2] [FINAL: W2T2]
		Images\MRH_X_20150622_092249_187.img [no cloud data W1T1] [sigma_T large: W2T2] [FINAL: W2T2]
		Images\MRH_X_20150622_092557_188.img [no cloud data W1T1] [sigma_T large: W2T2] [FINAL: W2T2]
		Images\MRH_X_20150622_092905_189.img [no cloud data W1T1] [sigma_T large: W2T2] [FINAL: W2T2]
		Images\MRH_X_20150622_093301_190.img [no cloud data W1T1] [sigma_T large: W2T2] [FINAL: W2T2]
		Images\MRH_X_20150622_093613_191.img [no cloud data W1T1] [sigma_T large: W2T2] [FINAL: W2T2]
		Images\MRH_X_20150622_093922_192.img [no cloud data W1T1] [sigma_T large: W2T2] [FINAL: W2T2]
		Images\MRH_X_20150622_094231_193.img [no cloud data W1T1] [sigma_T large: W2T2] [FINAL: W2T2]
		Images\MRH_X_20150622_094541_194.img [no cloud data W1T1] [sigma_T large: W2T2] [FINAL: W2T2]
		Images\MRH_X_20150622_094850_195.img [no cloud data W1T1] [sigma_T large: W2T2] [FINAL: W2T2]
		Images\MRH_X_20150622_095159_196.img [no cloud data W1T1] [FINAL: W1T1]
		Images\MRH_X_20150622_095507_197.img [no cloud data W1T1] [sigma_T large: W2T2] [FINAL: W2T2]
		Images\MRH_X_20150622_095815_198.img [no cloud data W1T1] [sigma_T large: W2T2] [FINAL: W2T2]
		Images\MRH_X_20150622_100123_199.img [no cloud data W1T1] [sigma_T large: W2T2] [FINAL: W2T2]
		Images\MRH_X_20150622_100519_200.img [no cloud data W1T1] [sigma_T large: W2T2] [FINAL: W2T2]
		Images\MRH_X_20150622_100830_201.img [no cloud data W1T1] [FINAL: W1T1]
		Images\MRH_X_20150622_101140_202.img [no cloud data W1T1] [FINAL: W1T1]
		Images\MRH_X_20150622_101449_203.img [no cloud data W1T1] [FINAL: W1T1]
		Images\MRH_X_20150622_101758_204.img [no cloud data W1T1] [FINAL: W1T1]
		Images\MRH_X_20150622_102108_205.img [no cloud data W1T1] [FINAL: W1T1]
		Images\MRH_X_20150622_102417_206.img [no cloud data W1T1] [FINAL: W1T1]
		Images\MRH_X_20150622_102725_207.img [no cloud data W1T1] [FINAL: W1T1]
		Images\MRH_X_20150622_103033_208.img [no cloud data W1T1] [FINAL: W1T1]
		Images\MRH_X_20150622_103341_209.img [no cloud data W1T1] [FINAL: W1T1]
		Images\MRH_X_20150622_103737_210.img [no cloud data W1T1] [FINAL: W1T1]
		Images\MRH_X_20150622_104048_211.img [no cloud data W1T1] [FINAL: W1T1]
		Images\MRH_X_20150622_104357_212.img [no cloud data W1T1] [FINAL: W1T1]
04/08/2021 02:03:40 AM: Results saved to results/minime90_mrh_20150621.npz
