04/08/2021 00:59:40 AM: Logfile Created
04/08/2021 00:59:40 AM: Sun up during minime90/mrh/2015/20150619/Images\MRH_L_20150619_231409_001.img. Ignoring this image...
04/08/2021 00:59:40 AM: minime90/mrh/2015/20150619/Images\MRH_L_20150619_235037_002.img center: 257.60, 254.44
04/08/2021 00:59:40 AM: minime90/mrh/2015/20150619/Images\MRH_L_20150620_002255_003.img center: 257.60, 254.46
04/08/2021 00:59:41 AM: minime90/mrh/2015/20150619/Images\MRH_L_20150620_005512_004.img center: 257.63, 254.42
04/08/2021 00:59:41 AM: minime90/mrh/2015/20150619/Images\MRH_L_20150620_012729_005.img center: 257.63, 254.45
04/08/2021 00:59:41 AM: minime90/mrh/2015/20150619/Images\MRH_L_20150620_015947_006.img center: 257.63, 254.45
04/08/2021 00:59:41 AM: minime90/mrh/2015/20150619/Images\MRH_L_20150620_023205_007.img center: 257.64, 254.46
04/08/2021 00:59:42 AM: minime90/mrh/2015/20150619/Images\MRH_L_20150620_030423_008.img center: 257.64, 254.50
04/08/2021 00:59:42 AM: minime90/mrh/2015/20150619/Images\MRH_L_20150620_033641_009.img center: 257.60, 254.50
04/08/2021 00:59:42 AM: minime90/mrh/2015/20150619/Images\MRH_L_20150620_040858_010.img center: 257.59, 254.50
04/08/2021 00:59:42 AM: minime90/mrh/2015/20150619/Images\MRH_L_20150620_044116_011.img center: 257.52, 254.50
04/08/2021 00:59:42 AM: minime90/mrh/2015/20150619/Images\MRH_L_20150620_051334_012.img center: 257.63, 254.49
04/08/2021 00:59:43 AM: minime90/mrh/2015/20150619/Images\MRH_L_20150620_054552_013.img center: 257.66, 254.55
04/08/2021 00:59:43 AM: minime90/mrh/2015/20150619/Images\MRH_L_20150620_061810_014.img center: 257.60, 254.52
04/08/2021 00:59:43 AM: minime90/mrh/2015/20150619/Images\MRH_L_20150620_065028_015.img center: 257.58, 254.57
04/08/2021 00:59:44 AM: minime90/mrh/2015/20150619/Images\MRH_L_20150620_072246_016.img center: 257.48, 254.65
04/08/2021 00:59:44 AM: minime90/mrh/2015/20150619/Images\MRH_L_20150620_075504_017.img center: 257.54, 254.61
04/08/2021 00:59:44 AM: minime90/mrh/2015/20150619/Images\MRH_L_20150620_082722_018.img center: 257.53, 254.57
04/08/2021 00:59:44 AM: minime90/mrh/2015/20150619/Images\MRH_L_20150620_085940_019.img center: 257.51, 254.63
04/08/2021 00:59:44 AM: minime90/mrh/2015/20150619/Images\MRH_L_20150620_093158_020.img center: 257.48, 254.61
04/08/2021 00:59:45 AM: minime90/mrh/2015/20150619/Images\MRH_L_20150620_100416_021.img center: 257.48, 254.62
04/08/2021 00:59:45 AM: minime90/mrh/2015/20150619/Images\MRH_L_20150620_103633_022.img center: 257.45, 254.62
04/08/2021 00:59:45 AM: minime90/mrh/2015/20150619/Images\MRH_L_20150620_104654_212.img center: 257.50, 254.62
04/08/2021 00:59:48 AM: minime90/mrh/2015/20150619/Images\MRH_L_20150619_235037_002.img reduced chisqr: 4.8701
04/08/2021 00:59:51 AM: minime90/mrh/2015/20150619/Images\MRH_L_20150620_002255_003.img reduced chisqr: 4.5165
04/08/2021 00:59:54 AM: minime90/mrh/2015/20150619/Images\MRH_L_20150620_005512_004.img reduced chisqr: 4.4186
04/08/2021 00:59:57 AM: minime90/mrh/2015/20150619/Images\MRH_L_20150620_012729_005.img reduced chisqr: 4.2318
04/08/2021 00:59:59 AM: minime90/mrh/2015/20150619/Images\MRH_L_20150620_015947_006.img reduced chisqr: 5.1278
04/08/2021 01:00:02 AM: minime90/mrh/2015/20150619/Images\MRH_L_20150620_023205_007.img reduced chisqr: 4.5106
04/08/2021 01:00:05 AM: minime90/mrh/2015/20150619/Images\MRH_L_20150620_030423_008.img reduced chisqr: 6.4267
04/08/2021 01:00:08 AM: minime90/mrh/2015/20150619/Images\MRH_L_20150620_033641_009.img reduced chisqr: 4.6678
04/08/2021 01:00:10 AM: minime90/mrh/2015/20150619/Images\MRH_L_20150620_040858_010.img reduced chisqr: 4.8771
04/08/2021 01:00:13 AM: minime90/mrh/2015/20150619/Images\MRH_L_20150620_044116_011.img reduced chisqr: 5.6254
04/08/2021 01:00:16 AM: minime90/mrh/2015/20150619/Images\MRH_L_20150620_051334_012.img reduced chisqr: 4.8539
04/08/2021 01:00:19 AM: minime90/mrh/2015/20150619/Images\MRH_L_20150620_054552_013.img reduced chisqr: 4.8353
04/08/2021 01:00:21 AM: minime90/mrh/2015/20150619/Images\MRH_L_20150620_061810_014.img reduced chisqr: 5.0258
04/08/2021 01:00:24 AM: minime90/mrh/2015/20150619/Images\MRH_L_20150620_065028_015.img reduced chisqr: 4.4143
04/08/2021 01:00:27 AM: minime90/mrh/2015/20150619/Images\MRH_L_20150620_072246_016.img reduced chisqr: 5.2580
04/08/2021 01:00:30 AM: minime90/mrh/2015/20150619/Images\MRH_L_20150620_075504_017.img reduced chisqr: 5.4484
04/08/2021 01:00:33 AM: minime90/mrh/2015/20150619/Images\MRH_L_20150620_082722_018.img reduced chisqr: 5.4141
04/08/2021 01:00:36 AM: minime90/mrh/2015/20150619/Images\MRH_L_20150620_085940_019.img reduced chisqr: 4.9402
04/08/2021 01:00:39 AM: minime90/mrh/2015/20150619/Images\MRH_L_20150620_093158_020.img reduced chisqr: 5.1629
04/08/2021 01:00:41 AM: minime90/mrh/2015/20150619/Images\MRH_L_20150620_100416_021.img reduced chisqr: 5.7177
04/08/2021 01:00:44 AM: minime90/mrh/2015/20150619/Images\MRH_L_20150620_103633_022.img reduced chisqr: 4.8179
04/08/2021 01:00:47 AM: minime90/mrh/2015/20150619/Images\MRH_L_20150620_104654_212.img reduced chisqr: 4.5719
04/08/2021 01:00:47 AM: minime90/mrh/2015/20150619/Images\MRH_X_20150619_232210_001.img not bounded by laser images. Ignoring this image...
04/08/2021 01:00:47 AM: minime90/mrh/2015/20150619/Images\MRH_X_20150619_232521_002.img not bounded by laser images. Ignoring this image...
04/08/2021 01:00:47 AM: minime90/mrh/2015/20150619/Images\MRH_X_20150619_232830_003.img not bounded by laser images. Ignoring this image...
04/08/2021 01:00:47 AM: minime90/mrh/2015/20150619/Images\MRH_X_20150619_233140_004.img not bounded by laser images. Ignoring this image...
04/08/2021 01:00:47 AM: minime90/mrh/2015/20150619/Images\MRH_X_20150619_233449_005.img not bounded by laser images. Ignoring this image...
04/08/2021 01:00:47 AM: minime90/mrh/2015/20150619/Images\MRH_X_20150619_233758_006.img not bounded by laser images. Ignoring this image...
04/08/2021 01:00:47 AM: minime90/mrh/2015/20150619/Images\MRH_X_20150619_234106_007.img not bounded by laser images. Ignoring this image...
04/08/2021 01:00:47 AM: minime90/mrh/2015/20150619/Images\MRH_X_20150619_234414_008.img not bounded by laser images. Ignoring this image...
04/08/2021 01:00:47 AM: minime90/mrh/2015/20150619/Images\MRH_X_20150619_234722_009.img not bounded by laser images. Ignoring this image...
04/08/2021 01:00:47 AM: minime90/mrh/2015/20150619/Images\MRH_X_20150620_000706_015.img is looking too close to the moon (28.5 deg). Ignoring this image...
04/08/2021 01:00:47 AM: minime90/mrh/2015/20150619/Images\MRH_X_20150620_001015_016.img is looking too close to the moon (30.7 deg). Ignoring this image...
04/08/2021 01:00:47 AM: minime90/mrh/2015/20150619/Images\MRH_X_20150620_001323_017.img is looking too close to the moon (31.5 deg). Ignoring this image...
04/08/2021 01:00:47 AM: minime90/mrh/2015/20150619/Images\MRH_X_20150620_001631_018.img is looking too close to the moon (32.2 deg). Ignoring this image...
04/08/2021 01:00:47 AM: minime90/mrh/2015/20150619/Images\MRH_X_20150620_001939_019.img is looking too close to the moon (32.9 deg). Ignoring this image...
04/08/2021 01:00:47 AM: minime90/mrh/2015/20150619/Images\MRH_X_20150620_003924_025.img is looking too close to the moon (33.7 deg). Ignoring this image...
04/08/2021 01:00:54 AM: minime90/mrh/2015/20150619/Images\MRH_X_20150619_235118_010.img reduced chisqr: 1.6679.
			Message:"Tolerance seems to be too small."
04/08/2021 01:01:00 AM: minime90/mrh/2015/20150619/Images\MRH_X_20150619_235429_011.img reduced chisqr: 1.4779.
			Message:"Tolerance seems to be too small."
04/08/2021 01:01:07 AM: minime90/mrh/2015/20150619/Images\MRH_X_20150619_235738_012.img reduced chisqr: 1.7530.
			Message:"Tolerance seems to be too small."
04/08/2021 01:01:13 AM: minime90/mrh/2015/20150619/Images\MRH_X_20150620_000048_013.img reduced chisqr: 1.3177.
			Message:"Tolerance seems to be too small."
04/08/2021 01:01:20 AM: minime90/mrh/2015/20150619/Images\MRH_X_20150620_000357_014.img reduced chisqr: 1.5279.
			Message:"Tolerance seems to be too small."
04/08/2021 01:01:27 AM: minime90/mrh/2015/20150619/Images\MRH_X_20150620_002335_020.img reduced chisqr: 1.4433.
			Message:"Tolerance seems to be too small."
04/08/2021 01:01:33 AM: minime90/mrh/2015/20150619/Images\MRH_X_20150620_002647_021.img reduced chisqr: 1.2705.
			Message:"Tolerance seems to be too small."
04/08/2021 01:01:40 AM: minime90/mrh/2015/20150619/Images\MRH_X_20150620_002956_022.img reduced chisqr: 1.1723.
			Message:"Tolerance seems to be too small."
04/08/2021 01:01:46 AM: minime90/mrh/2015/20150619/Images\MRH_X_20150620_003305_023.img reduced chisqr: 1.2255.
			Message:"Tolerance seems to be too small."
04/08/2021 01:01:53 AM: minime90/mrh/2015/20150619/Images\MRH_X_20150620_003615_024.img reduced chisqr: 1.1954.
			Message:"Tolerance seems to be too small."
04/08/2021 01:01:59 AM: minime90/mrh/2015/20150619/Images\MRH_X_20150620_004233_026.img reduced chisqr: 0.9752.
			Message:"Tolerance seems to be too small."
04/08/2021 01:02:06 AM: minime90/mrh/2015/20150619/Images\MRH_X_20150620_004541_027.img reduced chisqr: 1.0728.
			Message:"Tolerance seems to be too small."
04/08/2021 01:02:13 AM: minime90/mrh/2015/20150619/Images\MRH_X_20150620_004849_028.img reduced chisqr: 1.0870.
			Message:"Tolerance seems to be too small."
04/08/2021 01:02:19 AM: minime90/mrh/2015/20150619/Images\MRH_X_20150620_005157_029.img reduced chisqr: 1.2579.
			Message:"Tolerance seems to be too small."
04/08/2021 01:02:25 AM: minime90/mrh/2015/20150619/Images\MRH_X_20150620_005553_030.img reduced chisqr: 1.2029.
			Message:"Tolerance seems to be too small."
04/08/2021 01:02:32 AM: minime90/mrh/2015/20150619/Images\MRH_X_20150620_005904_031.img reduced chisqr: 1.1777.
			Message:"Tolerance seems to be too small."
04/08/2021 01:02:39 AM: minime90/mrh/2015/20150619/Images\MRH_X_20150620_010213_032.img reduced chisqr: 1.2292.
			Message:"Tolerance seems to be too small."
04/08/2021 01:02:45 AM: minime90/mrh/2015/20150619/Images\MRH_X_20150620_010522_033.img reduced chisqr: 1.1015.
			Message:"Tolerance seems to be too small."
04/08/2021 01:02:51 AM: minime90/mrh/2015/20150619/Images\MRH_X_20150620_010832_034.img reduced chisqr: 1.1899.
			Message:"Tolerance seems to be too small."
04/08/2021 01:02:58 AM: minime90/mrh/2015/20150619/Images\MRH_X_20150620_011141_035.img reduced chisqr: 1.1208.
			Message:"Tolerance seems to be too small."
04/08/2021 01:03:04 AM: minime90/mrh/2015/20150619/Images\MRH_X_20150620_011450_036.img reduced chisqr: 1.1101.
			Message:"Tolerance seems to be too small."
04/08/2021 01:03:11 AM: minime90/mrh/2015/20150619/Images\MRH_X_20150620_011758_037.img reduced chisqr: 1.2083.
			Message:"Tolerance seems to be too small."
04/08/2021 01:03:17 AM: minime90/mrh/2015/20150619/Images\MRH_X_20150620_012106_038.img reduced chisqr: 1.1883.
			Message:"Tolerance seems to be too small."
04/08/2021 01:03:24 AM: minime90/mrh/2015/20150619/Images\MRH_X_20150620_012414_039.img reduced chisqr: 1.1992.
			Message:"Tolerance seems to be too small."
04/08/2021 01:03:31 AM: minime90/mrh/2015/20150619/Images\MRH_X_20150620_012810_040.img reduced chisqr: 1.0808.
			Message:"Tolerance seems to be too small."
04/08/2021 01:03:37 AM: minime90/mrh/2015/20150619/Images\MRH_X_20150620_013122_041.img reduced chisqr: 1.1798.
			Message:"Tolerance seems to be too small."
04/08/2021 01:03:44 AM: minime90/mrh/2015/20150619/Images\MRH_X_20150620_013431_042.img reduced chisqr: 1.3901.
			Message:"Tolerance seems to be too small."
04/08/2021 01:03:50 AM: minime90/mrh/2015/20150619/Images\MRH_X_20150620_013740_043.img reduced chisqr: 1.2609.
			Message:"Tolerance seems to be too small."
04/08/2021 01:03:57 AM: minime90/mrh/2015/20150619/Images\MRH_X_20150620_014050_044.img reduced chisqr: 1.2952.
			Message:"Tolerance seems to be too small."
04/08/2021 01:04:03 AM: minime90/mrh/2015/20150619/Images\MRH_X_20150620_014359_045.img reduced chisqr: 1.1852.
			Message:"Tolerance seems to be too small."
04/08/2021 01:04:10 AM: minime90/mrh/2015/20150619/Images\MRH_X_20150620_014708_046.img reduced chisqr: 1.0759.
			Message:"Tolerance seems to be too small."
04/08/2021 01:04:16 AM: minime90/mrh/2015/20150619/Images\MRH_X_20150620_015016_047.img reduced chisqr: 0.9881.
			Message:"Tolerance seems to be too small."
04/08/2021 01:04:22 AM: minime90/mrh/2015/20150619/Images\MRH_X_20150620_015324_048.img reduced chisqr: 1.2218.
			Message:"Tolerance seems to be too small."
04/08/2021 01:04:29 AM: minime90/mrh/2015/20150619/Images\MRH_X_20150620_015632_049.img reduced chisqr: 1.1035.
			Message:"Tolerance seems to be too small."
04/08/2021 01:04:35 AM: minime90/mrh/2015/20150619/Images\MRH_X_20150620_020028_050.img reduced chisqr: 1.4739.
			Message:"Tolerance seems to be too small."
04/08/2021 01:04:42 AM: minime90/mrh/2015/20150619/Images\MRH_X_20150620_020339_051.img reduced chisqr: 1.2745.
			Message:"Tolerance seems to be too small."
04/08/2021 01:04:48 AM: minime90/mrh/2015/20150619/Images\MRH_X_20150620_020648_052.img reduced chisqr: 1.1814.
			Message:"Tolerance seems to be too small."
04/08/2021 01:04:54 AM: minime90/mrh/2015/20150619/Images\MRH_X_20150620_020958_053.img reduced chisqr: 1.0621.
			Message:"Tolerance seems to be too small."
04/08/2021 01:05:01 AM: minime90/mrh/2015/20150619/Images\MRH_X_20150620_021307_054.img reduced chisqr: 1.3221.
			Message:"Tolerance seems to be too small."
04/08/2021 01:05:07 AM: minime90/mrh/2015/20150619/Images\MRH_X_20150620_021616_055.img reduced chisqr: 1.2314.
			Message:"Tolerance seems to be too small."
04/08/2021 01:05:14 AM: minime90/mrh/2015/20150619/Images\MRH_X_20150620_021926_056.img reduced chisqr: 1.0774.
			Message:"Tolerance seems to be too small."
04/08/2021 01:05:20 AM: minime90/mrh/2015/20150619/Images\MRH_X_20150620_022234_057.img reduced chisqr: 1.3358.
			Message:"Tolerance seems to be too small."
04/08/2021 01:05:27 AM: minime90/mrh/2015/20150619/Images\MRH_X_20150620_022542_058.img reduced chisqr: 1.3665.
			Message:"Tolerance seems to be too small."
04/08/2021 01:05:33 AM: minime90/mrh/2015/20150619/Images\MRH_X_20150620_022850_059.img reduced chisqr: 1.2777.
			Message:"Tolerance seems to be too small."
04/08/2021 01:05:40 AM: minime90/mrh/2015/20150619/Images\MRH_X_20150620_023246_060.img reduced chisqr: 1.3990.
			Message:"Tolerance seems to be too small."
04/08/2021 01:05:46 AM: minime90/mrh/2015/20150619/Images\MRH_X_20150620_023557_061.img reduced chisqr: 1.4465.
			Message:"Tolerance seems to be too small."
04/08/2021 01:05:53 AM: minime90/mrh/2015/20150619/Images\MRH_X_20150620_023906_062.img reduced chisqr: 1.3434.
			Message:"Tolerance seems to be too small."
04/08/2021 01:05:59 AM: minime90/mrh/2015/20150619/Images\MRH_X_20150620_024216_063.img reduced chisqr: 1.4397.
			Message:"Tolerance seems to be too small."
04/08/2021 01:06:05 AM: minime90/mrh/2015/20150619/Images\MRH_X_20150620_024525_064.img reduced chisqr: 1.6013.
			Message:"Tolerance seems to be too small."
04/08/2021 01:06:12 AM: minime90/mrh/2015/20150619/Images\MRH_X_20150620_024834_065.img reduced chisqr: 1.4049.
			Message:"Tolerance seems to be too small."
04/08/2021 01:06:18 AM: minime90/mrh/2015/20150619/Images\MRH_X_20150620_025144_066.img reduced chisqr: 1.4810.
			Message:"Tolerance seems to be too small."
04/08/2021 01:06:25 AM: minime90/mrh/2015/20150619/Images\MRH_X_20150620_025452_067.img reduced chisqr: 1.4299.
			Message:"Tolerance seems to be too small."
04/08/2021 01:06:31 AM: minime90/mrh/2015/20150619/Images\MRH_X_20150620_025800_068.img reduced chisqr: 1.6556.
			Message:"Tolerance seems to be too small."
04/08/2021 01:06:38 AM: minime90/mrh/2015/20150619/Images\MRH_X_20150620_030108_069.img reduced chisqr: 1.6487.
			Message:"Tolerance seems to be too small."
04/08/2021 01:06:44 AM: minime90/mrh/2015/20150619/Images\MRH_X_20150620_030504_070.img reduced chisqr: 2.0223.
			Message:"Tolerance seems to be too small."
04/08/2021 01:06:51 AM: minime90/mrh/2015/20150619/Images\MRH_X_20150620_030815_071.img reduced chisqr: 1.4119.
			Message:"Tolerance seems to be too small."
04/08/2021 01:06:57 AM: minime90/mrh/2015/20150619/Images\MRH_X_20150620_031124_072.img reduced chisqr: 1.8618.
			Message:"Tolerance seems to be too small."
04/08/2021 01:07:04 AM: minime90/mrh/2015/20150619/Images\MRH_X_20150620_031433_073.img reduced chisqr: 1.3823.
			Message:"Tolerance seems to be too small."
04/08/2021 01:07:10 AM: minime90/mrh/2015/20150619/Images\MRH_X_20150620_031743_074.img reduced chisqr: 2.0396.
			Message:"Tolerance seems to be too small."
04/08/2021 01:07:16 AM: minime90/mrh/2015/20150619/Images\MRH_X_20150620_032052_075.img reduced chisqr: 1.3464.
			Message:"Tolerance seems to be too small."
04/08/2021 01:07:23 AM: minime90/mrh/2015/20150619/Images\MRH_X_20150620_032401_076.img reduced chisqr: 1.3714.
			Message:"Tolerance seems to be too small."
04/08/2021 01:07:29 AM: minime90/mrh/2015/20150619/Images\MRH_X_20150620_032709_077.img reduced chisqr: 1.8339.
			Message:"Tolerance seems to be too small."
04/08/2021 01:07:36 AM: minime90/mrh/2015/20150619/Images\MRH_X_20150620_033017_078.img reduced chisqr: 1.3381.
			Message:"Tolerance seems to be too small."
04/08/2021 01:07:42 AM: minime90/mrh/2015/20150619/Images\MRH_X_20150620_033326_079.img reduced chisqr: 1.4902.
			Message:"Tolerance seems to be too small."
04/08/2021 01:07:49 AM: minime90/mrh/2015/20150619/Images\MRH_X_20150620_033721_080.img reduced chisqr: 1.6923.
			Message:"Tolerance seems to be too small."
04/08/2021 01:07:55 AM: minime90/mrh/2015/20150619/Images\MRH_X_20150620_034033_081.img reduced chisqr: 1.5142.
			Message:"Tolerance seems to be too small."
04/08/2021 01:08:02 AM: minime90/mrh/2015/20150619/Images\MRH_X_20150620_034342_082.img reduced chisqr: 1.3074.
			Message:"Tolerance seems to be too small."
04/08/2021 01:08:08 AM: minime90/mrh/2015/20150619/Images\MRH_X_20150620_034651_083.img reduced chisqr: 1.3993.
			Message:"Tolerance seems to be too small."
04/08/2021 01:08:14 AM: minime90/mrh/2015/20150619/Images\MRH_X_20150620_035001_084.img reduced chisqr: 1.3752.
			Message:"Tolerance seems to be too small."
04/08/2021 01:08:21 AM: minime90/mrh/2015/20150619/Images\MRH_X_20150620_035310_085.img reduced chisqr: 1.6696.
			Message:"Tolerance seems to be too small."
04/08/2021 01:08:27 AM: minime90/mrh/2015/20150619/Images\MRH_X_20150620_035619_086.img reduced chisqr: 1.4592.
			Message:"Tolerance seems to be too small."
04/08/2021 01:08:34 AM: minime90/mrh/2015/20150619/Images\MRH_X_20150620_035927_087.img reduced chisqr: 1.6387.
			Message:"Tolerance seems to be too small."
04/08/2021 01:08:40 AM: minime90/mrh/2015/20150619/Images\MRH_X_20150620_040235_088.img reduced chisqr: 1.5855.
			Message:"Tolerance seems to be too small."
04/08/2021 01:08:47 AM: minime90/mrh/2015/20150619/Images\MRH_X_20150620_040543_089.img reduced chisqr: 1.6635.
			Message:"Tolerance seems to be too small."
04/08/2021 01:08:53 AM: minime90/mrh/2015/20150619/Images\MRH_X_20150620_040939_090.img reduced chisqr: 1.5554.
			Message:"Tolerance seems to be too small."
04/08/2021 01:09:00 AM: minime90/mrh/2015/20150619/Images\MRH_X_20150620_041250_091.img reduced chisqr: 1.4391.
			Message:"Tolerance seems to be too small."
04/08/2021 01:09:06 AM: minime90/mrh/2015/20150619/Images\MRH_X_20150620_041600_092.img reduced chisqr: 1.2276.
			Message:"Tolerance seems to be too small."
04/08/2021 01:09:12 AM: minime90/mrh/2015/20150619/Images\MRH_X_20150620_041909_093.img reduced chisqr: 1.4732.
			Message:"Tolerance seems to be too small."
04/08/2021 01:09:19 AM: minime90/mrh/2015/20150619/Images\MRH_X_20150620_042218_094.img reduced chisqr: 1.4154.
			Message:"Tolerance seems to be too small."
04/08/2021 01:09:25 AM: minime90/mrh/2015/20150619/Images\MRH_X_20150620_042528_095.img reduced chisqr: 1.2318.
			Message:"Tolerance seems to be too small."
04/08/2021 01:09:32 AM: minime90/mrh/2015/20150619/Images\MRH_X_20150620_042837_096.img reduced chisqr: 1.2382.
			Message:"Tolerance seems to be too small."
04/08/2021 01:09:38 AM: minime90/mrh/2015/20150619/Images\MRH_X_20150620_043145_097.img reduced chisqr: 1.3005.
			Message:"Tolerance seems to be too small."
04/08/2021 01:09:45 AM: minime90/mrh/2015/20150619/Images\MRH_X_20150620_043453_098.img reduced chisqr: 1.3242.
			Message:"Tolerance seems to be too small."
04/08/2021 01:09:51 AM: minime90/mrh/2015/20150619/Images\MRH_X_20150620_043801_099.img reduced chisqr: 1.4206.
			Message:"Tolerance seems to be too small."
04/08/2021 01:09:57 AM: minime90/mrh/2015/20150619/Images\MRH_X_20150620_044157_100.img reduced chisqr: 1.3686.
			Message:"Tolerance seems to be too small."
04/08/2021 01:10:04 AM: minime90/mrh/2015/20150619/Images\MRH_X_20150620_044509_101.img reduced chisqr: 1.3209.
			Message:"Tolerance seems to be too small."
04/08/2021 01:10:10 AM: minime90/mrh/2015/20150619/Images\MRH_X_20150620_044818_102.img reduced chisqr: 1.2460.
			Message:"Tolerance seems to be too small."
04/08/2021 01:10:17 AM: minime90/mrh/2015/20150619/Images\MRH_X_20150620_045127_103.img reduced chisqr: 1.3058.
			Message:"Tolerance seems to be too small."
04/08/2021 01:10:23 AM: minime90/mrh/2015/20150619/Images\MRH_X_20150620_045437_104.img reduced chisqr: 1.3506.
			Message:"Tolerance seems to be too small."
04/08/2021 01:10:29 AM: minime90/mrh/2015/20150619/Images\MRH_X_20150620_045746_105.img reduced chisqr: 1.3750.
			Message:"Tolerance seems to be too small."
04/08/2021 01:10:36 AM: minime90/mrh/2015/20150619/Images\MRH_X_20150620_050055_106.img reduced chisqr: 1.1724.
			Message:"Tolerance seems to be too small."
04/08/2021 01:10:42 AM: minime90/mrh/2015/20150619/Images\MRH_X_20150620_050403_107.img reduced chisqr: 1.2945.
			Message:"Tolerance seems to be too small."
04/08/2021 01:10:49 AM: minime90/mrh/2015/20150619/Images\MRH_X_20150620_050711_108.img reduced chisqr: 1.1518.
			Message:"Tolerance seems to be too small."
04/08/2021 01:10:55 AM: minime90/mrh/2015/20150619/Images\MRH_X_20150620_051019_109.img reduced chisqr: 1.1187.
			Message:"Tolerance seems to be too small."
04/08/2021 01:11:02 AM: minime90/mrh/2015/20150619/Images\MRH_X_20150620_051415_110.img reduced chisqr: 1.3991.
			Message:"Tolerance seems to be too small."
04/08/2021 01:11:08 AM: minime90/mrh/2015/20150619/Images\MRH_X_20150620_051727_111.img reduced chisqr: 1.2062.
			Message:"Tolerance seems to be too small."
04/08/2021 01:11:14 AM: minime90/mrh/2015/20150619/Images\MRH_X_20150620_052036_112.img reduced chisqr: 1.2745.
			Message:"Tolerance seems to be too small."
04/08/2021 01:11:21 AM: minime90/mrh/2015/20150619/Images\MRH_X_20150620_052345_113.img reduced chisqr: 1.0698.
			Message:"Tolerance seems to be too small."
04/08/2021 01:11:27 AM: minime90/mrh/2015/20150619/Images\MRH_X_20150620_052654_114.img reduced chisqr: 1.0030.
			Message:"Tolerance seems to be too small."
04/08/2021 01:11:34 AM: minime90/mrh/2015/20150619/Images\MRH_X_20150620_053004_115.img reduced chisqr: 1.3613.
			Message:"Tolerance seems to be too small."
04/08/2021 01:11:40 AM: minime90/mrh/2015/20150619/Images\MRH_X_20150620_053313_116.img reduced chisqr: 1.3632.
			Message:"Tolerance seems to be too small."
04/08/2021 01:11:46 AM: minime90/mrh/2015/20150619/Images\MRH_X_20150620_053621_117.img reduced chisqr: 1.2264.
			Message:"Tolerance seems to be too small."
04/08/2021 01:11:53 AM: minime90/mrh/2015/20150619/Images\MRH_X_20150620_053929_118.img reduced chisqr: 1.3860.
			Message:"Tolerance seems to be too small."
04/08/2021 01:11:59 AM: minime90/mrh/2015/20150619/Images\MRH_X_20150620_054237_119.img reduced chisqr: 1.3588.
			Message:"Tolerance seems to be too small."
04/08/2021 01:12:06 AM: minime90/mrh/2015/20150619/Images\MRH_X_20150620_054633_120.img reduced chisqr: 1.2481.
			Message:"Tolerance seems to be too small."
04/08/2021 01:12:12 AM: minime90/mrh/2015/20150619/Images\MRH_X_20150620_054945_121.img reduced chisqr: 1.2189.
			Message:"Tolerance seems to be too small."
04/08/2021 01:12:18 AM: minime90/mrh/2015/20150619/Images\MRH_X_20150620_055254_122.img reduced chisqr: 1.3463.
			Message:"Tolerance seems to be too small."
04/08/2021 01:12:25 AM: minime90/mrh/2015/20150619/Images\MRH_X_20150620_055603_123.img reduced chisqr: 1.3422.
			Message:"Tolerance seems to be too small."
04/08/2021 01:12:31 AM: minime90/mrh/2015/20150619/Images\MRH_X_20150620_055913_124.img reduced chisqr: 1.4459.
			Message:"Tolerance seems to be too small."
04/08/2021 01:12:37 AM: minime90/mrh/2015/20150619/Images\MRH_X_20150620_060222_125.img reduced chisqr: 1.5191.
			Message:"Tolerance seems to be too small."
04/08/2021 01:12:44 AM: minime90/mrh/2015/20150619/Images\MRH_X_20150620_060531_126.img reduced chisqr: 1.2459.
			Message:"Tolerance seems to be too small."
04/08/2021 01:12:50 AM: minime90/mrh/2015/20150619/Images\MRH_X_20150620_060839_127.img reduced chisqr: 1.2568.
			Message:"Tolerance seems to be too small."
04/08/2021 01:12:57 AM: minime90/mrh/2015/20150619/Images\MRH_X_20150620_061147_128.img reduced chisqr: 1.2528.
			Message:"Tolerance seems to be too small."
04/08/2021 01:13:03 AM: minime90/mrh/2015/20150619/Images\MRH_X_20150620_061455_129.img reduced chisqr: 1.3735.
			Message:"Tolerance seems to be too small."
04/08/2021 01:13:09 AM: minime90/mrh/2015/20150619/Images\MRH_X_20150620_061851_130.img reduced chisqr: 1.3124.
			Message:"Tolerance seems to be too small."
04/08/2021 01:13:16 AM: minime90/mrh/2015/20150619/Images\MRH_X_20150620_062202_131.img reduced chisqr: 1.2500.
			Message:"Tolerance seems to be too small."
04/08/2021 01:13:22 AM: minime90/mrh/2015/20150619/Images\MRH_X_20150620_062512_132.img reduced chisqr: 1.4235.
			Message:"Tolerance seems to be too small."
04/08/2021 01:13:29 AM: minime90/mrh/2015/20150619/Images\MRH_X_20150620_062821_133.img reduced chisqr: 1.0652.
			Message:"Tolerance seems to be too small."
04/08/2021 01:13:35 AM: minime90/mrh/2015/20150619/Images\MRH_X_20150620_063130_134.img reduced chisqr: 1.1161.
			Message:"Tolerance seems to be too small."
04/08/2021 01:13:41 AM: minime90/mrh/2015/20150619/Images\MRH_X_20150620_063440_135.img reduced chisqr: 1.1111.
			Message:"Tolerance seems to be too small."
04/08/2021 01:13:48 AM: minime90/mrh/2015/20150619/Images\MRH_X_20150620_063749_136.img reduced chisqr: 1.1797.
			Message:"Tolerance seems to be too small."
04/08/2021 01:13:54 AM: minime90/mrh/2015/20150619/Images\MRH_X_20150620_064057_137.img reduced chisqr: 1.0750.
			Message:"Tolerance seems to be too small."
04/08/2021 01:14:00 AM: minime90/mrh/2015/20150619/Images\MRH_X_20150620_064405_138.img reduced chisqr: 1.2008.
			Message:"Tolerance seems to be too small."
04/08/2021 01:14:07 AM: minime90/mrh/2015/20150619/Images\MRH_X_20150620_064713_139.img reduced chisqr: 1.7895.
			Message:"Tolerance seems to be too small."
04/08/2021 01:14:13 AM: minime90/mrh/2015/20150619/Images\MRH_X_20150620_065109_140.img reduced chisqr: 1.1762.
			Message:"Tolerance seems to be too small."
04/08/2021 01:14:20 AM: minime90/mrh/2015/20150619/Images\MRH_X_20150620_065420_141.img reduced chisqr: 1.1119.
			Message:"Tolerance seems to be too small."
04/08/2021 01:14:26 AM: minime90/mrh/2015/20150619/Images\MRH_X_20150620_065729_142.img reduced chisqr: 1.3591.
			Message:"Tolerance seems to be too small."
04/08/2021 01:14:32 AM: minime90/mrh/2015/20150619/Images\MRH_X_20150620_070039_143.img reduced chisqr: 1.4298.
			Message:"Tolerance seems to be too small."
04/08/2021 01:14:39 AM: minime90/mrh/2015/20150619/Images\MRH_X_20150620_070349_144.img reduced chisqr: 1.2202.
			Message:"Tolerance seems to be too small."
04/08/2021 01:14:45 AM: minime90/mrh/2015/20150619/Images\MRH_X_20150620_070658_145.img reduced chisqr: 1.3460.
			Message:"Tolerance seems to be too small."
04/08/2021 01:14:51 AM: minime90/mrh/2015/20150619/Images\MRH_X_20150620_071007_146.img reduced chisqr: 1.3091.
			Message:"Tolerance seems to be too small."
04/08/2021 01:14:58 AM: minime90/mrh/2015/20150619/Images\MRH_X_20150620_071315_147.img reduced chisqr: 1.3500.
			Message:"Tolerance seems to be too small."
04/08/2021 01:15:04 AM: minime90/mrh/2015/20150619/Images\MRH_X_20150620_071623_148.img reduced chisqr: 1.1744.
			Message:"Tolerance seems to be too small."
04/08/2021 01:15:10 AM: minime90/mrh/2015/20150619/Images\MRH_X_20150620_071931_149.img reduced chisqr: 1.1056.
			Message:"Tolerance seems to be too small."
04/08/2021 01:15:17 AM: minime90/mrh/2015/20150619/Images\MRH_X_20150620_072327_150.img reduced chisqr: 1.1999.
			Message:"Tolerance seems to be too small."
04/08/2021 01:15:23 AM: minime90/mrh/2015/20150619/Images\MRH_X_20150620_072639_151.img reduced chisqr: 1.1602.
			Message:"Tolerance seems to be too small."
04/08/2021 01:15:29 AM: minime90/mrh/2015/20150619/Images\MRH_X_20150620_072948_152.img reduced chisqr: 1.2869.
			Message:"Tolerance seems to be too small."
04/08/2021 01:15:36 AM: minime90/mrh/2015/20150619/Images\MRH_X_20150620_073257_153.img reduced chisqr: 1.1446.
			Message:"Tolerance seems to be too small."
04/08/2021 01:15:42 AM: minime90/mrh/2015/20150619/Images\MRH_X_20150620_073607_154.img reduced chisqr: 1.2039.
			Message:"Tolerance seems to be too small."
04/08/2021 01:15:48 AM: minime90/mrh/2015/20150619/Images\MRH_X_20150620_073916_155.img reduced chisqr: 1.0690.
			Message:"Tolerance seems to be too small."
04/08/2021 01:15:55 AM: minime90/mrh/2015/20150619/Images\MRH_X_20150620_074225_156.img reduced chisqr: 1.4667.
			Message:"Tolerance seems to be too small."
04/08/2021 01:16:01 AM: minime90/mrh/2015/20150619/Images\MRH_X_20150620_074533_157.img reduced chisqr: 1.7273.
			Message:"Tolerance seems to be too small."
04/08/2021 01:16:07 AM: minime90/mrh/2015/20150619/Images\MRH_X_20150620_074841_158.img reduced chisqr: 1.1653.
			Message:"Tolerance seems to be too small."
04/08/2021 01:16:14 AM: minime90/mrh/2015/20150619/Images\MRH_X_20150620_075149_159.img reduced chisqr: 1.2456.
			Message:"Tolerance seems to be too small."
04/08/2021 01:16:20 AM: minime90/mrh/2015/20150619/Images\MRH_X_20150620_075546_160.img reduced chisqr: 1.1479.
			Message:"Tolerance seems to be too small."
04/08/2021 01:16:26 AM: minime90/mrh/2015/20150619/Images\MRH_X_20150620_075857_161.img reduced chisqr: 1.2816.
			Message:"Tolerance seems to be too small."
04/08/2021 01:16:33 AM: minime90/mrh/2015/20150619/Images\MRH_X_20150620_080206_162.img reduced chisqr: 1.2166.
			Message:"Tolerance seems to be too small."
04/08/2021 01:16:39 AM: minime90/mrh/2015/20150619/Images\MRH_X_20150620_080515_163.img reduced chisqr: 1.1746.
			Message:"Tolerance seems to be too small."
04/08/2021 01:16:45 AM: minime90/mrh/2015/20150619/Images\MRH_X_20150620_080825_164.img reduced chisqr: 1.3119.
			Message:"Tolerance seems to be too small."
04/08/2021 01:16:52 AM: minime90/mrh/2015/20150619/Images\MRH_X_20150620_081134_165.img reduced chisqr: 1.5798.
			Message:"Tolerance seems to be too small."
04/08/2021 01:16:58 AM: minime90/mrh/2015/20150619/Images\MRH_X_20150620_081443_166.img reduced chisqr: 1.1437.
			Message:"Tolerance seems to be too small."
04/08/2021 01:17:04 AM: minime90/mrh/2015/20150619/Images\MRH_X_20150620_081751_167.img reduced chisqr: 1.2014.
			Message:"Tolerance seems to be too small."
04/08/2021 01:17:11 AM: minime90/mrh/2015/20150619/Images\MRH_X_20150620_082059_168.img reduced chisqr: 1.0284.
			Message:"Tolerance seems to be too small."
04/08/2021 01:17:17 AM: minime90/mrh/2015/20150619/Images\MRH_X_20150620_082407_169.img reduced chisqr: 1.1011.
			Message:"Tolerance seems to be too small."
04/08/2021 01:17:23 AM: minime90/mrh/2015/20150619/Images\MRH_X_20150620_082803_170.img reduced chisqr: 1.3336.
			Message:"Tolerance seems to be too small."
04/08/2021 01:17:30 AM: minime90/mrh/2015/20150619/Images\MRH_X_20150620_083115_171.img reduced chisqr: 1.2101.
			Message:"Tolerance seems to be too small."
04/08/2021 01:17:36 AM: minime90/mrh/2015/20150619/Images\MRH_X_20150620_083424_172.img reduced chisqr: 1.2074.
			Message:"Tolerance seems to be too small."
04/08/2021 01:17:42 AM: minime90/mrh/2015/20150619/Images\MRH_X_20150620_083733_173.img reduced chisqr: 1.0388.
			Message:"Tolerance seems to be too small."
04/08/2021 01:17:49 AM: minime90/mrh/2015/20150619/Images\MRH_X_20150620_084043_174.img reduced chisqr: 1.0143.
			Message:"Tolerance seems to be too small."
04/08/2021 01:17:55 AM: minime90/mrh/2015/20150619/Images\MRH_X_20150620_084352_175.img reduced chisqr: 1.1296.
			Message:"Tolerance seems to be too small."
04/08/2021 01:18:01 AM: minime90/mrh/2015/20150619/Images\MRH_X_20150620_084701_176.img reduced chisqr: 1.2264.
			Message:"Tolerance seems to be too small."
04/08/2021 01:18:08 AM: minime90/mrh/2015/20150619/Images\MRH_X_20150620_085009_177.img reduced chisqr: 1.1136.
			Message:"Tolerance seems to be too small."
04/08/2021 01:18:14 AM: minime90/mrh/2015/20150619/Images\MRH_X_20150620_085317_178.img reduced chisqr: 1.0743.
			Message:"Tolerance seems to be too small."
04/08/2021 01:18:20 AM: minime90/mrh/2015/20150619/Images\MRH_X_20150620_085625_179.img reduced chisqr: 1.0546.
			Message:"Tolerance seems to be too small."
04/08/2021 01:18:27 AM: minime90/mrh/2015/20150619/Images\MRH_X_20150620_090021_180.img reduced chisqr: 1.1033.
			Message:"Tolerance seems to be too small."
04/08/2021 01:18:33 AM: minime90/mrh/2015/20150619/Images\MRH_X_20150620_090333_181.img reduced chisqr: 1.0944.
			Message:"Tolerance seems to be too small."
04/08/2021 01:18:39 AM: minime90/mrh/2015/20150619/Images\MRH_X_20150620_090642_182.img reduced chisqr: 1.1517.
			Message:"Tolerance seems to be too small."
04/08/2021 01:18:46 AM: minime90/mrh/2015/20150619/Images\MRH_X_20150620_090951_183.img reduced chisqr: 0.9630.
			Message:"Tolerance seems to be too small."
04/08/2021 01:18:52 AM: minime90/mrh/2015/20150619/Images\MRH_X_20150620_091300_184.img reduced chisqr: 1.1684.
			Message:"Tolerance seems to be too small."
04/08/2021 01:18:58 AM: minime90/mrh/2015/20150619/Images\MRH_X_20150620_091610_185.img reduced chisqr: 0.9458.
			Message:"Tolerance seems to be too small."
04/08/2021 01:19:05 AM: minime90/mrh/2015/20150619/Images\MRH_X_20150620_091919_186.img reduced chisqr: 1.0102.
			Message:"Tolerance seems to be too small."
04/08/2021 01:19:11 AM: minime90/mrh/2015/20150619/Images\MRH_X_20150620_092227_187.img reduced chisqr: 0.9430.
			Message:"Tolerance seems to be too small."
04/08/2021 01:19:17 AM: minime90/mrh/2015/20150619/Images\MRH_X_20150620_092535_188.img reduced chisqr: 1.0153.
			Message:"Tolerance seems to be too small."
04/08/2021 01:19:23 AM: minime90/mrh/2015/20150619/Images\MRH_X_20150620_092843_189.img reduced chisqr: 0.9997.
			Message:"Tolerance seems to be too small."
04/08/2021 01:19:30 AM: minime90/mrh/2015/20150619/Images\MRH_X_20150620_093239_190.img reduced chisqr: 1.2409.
			Message:"Tolerance seems to be too small."
04/08/2021 01:19:36 AM: minime90/mrh/2015/20150619/Images\MRH_X_20150620_093550_191.img reduced chisqr: 0.9700.
			Message:"Tolerance seems to be too small."
04/08/2021 01:19:42 AM: minime90/mrh/2015/20150619/Images\MRH_X_20150620_093859_192.img reduced chisqr: 1.1640.
			Message:"Tolerance seems to be too small."
04/08/2021 01:19:49 AM: minime90/mrh/2015/20150619/Images\MRH_X_20150620_094208_193.img reduced chisqr: 1.0484.
			Message:"Tolerance seems to be too small."
04/08/2021 01:19:55 AM: minime90/mrh/2015/20150619/Images\MRH_X_20150620_094518_194.img reduced chisqr: 1.0903.
			Message:"Tolerance seems to be too small."
04/08/2021 01:20:01 AM: minime90/mrh/2015/20150619/Images\MRH_X_20150620_094827_195.img reduced chisqr: 1.0188.
			Message:"Tolerance seems to be too small."
04/08/2021 01:20:08 AM: minime90/mrh/2015/20150619/Images\MRH_X_20150620_095137_196.img reduced chisqr: 1.0507.
			Message:"Tolerance seems to be too small."
04/08/2021 01:20:14 AM: minime90/mrh/2015/20150619/Images\MRH_X_20150620_095445_197.img reduced chisqr: 1.0378.
			Message:"Tolerance seems to be too small."
04/08/2021 01:20:20 AM: minime90/mrh/2015/20150619/Images\MRH_X_20150620_095753_198.img reduced chisqr: 1.1596.
			Message:"Tolerance seems to be too small."
04/08/2021 01:20:26 AM: minime90/mrh/2015/20150619/Images\MRH_X_20150620_100101_199.img reduced chisqr: 1.0925.
			Message:"Tolerance seems to be too small."
04/08/2021 01:20:33 AM: minime90/mrh/2015/20150619/Images\MRH_X_20150620_100457_200.img reduced chisqr: 1.0477.
			Message:"Tolerance seems to be too small."
04/08/2021 01:20:39 AM: minime90/mrh/2015/20150619/Images\MRH_X_20150620_100808_201.img reduced chisqr: 1.0730.
			Message:"Tolerance seems to be too small."
04/08/2021 01:20:45 AM: minime90/mrh/2015/20150619/Images\MRH_X_20150620_101117_202.img reduced chisqr: 1.1679.
			Message:"Tolerance seems to be too small."
04/08/2021 01:20:52 AM: minime90/mrh/2015/20150619/Images\MRH_X_20150620_101426_203.img reduced chisqr: 0.9461.
			Message:"Tolerance seems to be too small."
04/08/2021 01:20:58 AM: minime90/mrh/2015/20150619/Images\MRH_X_20150620_101736_204.img reduced chisqr: 1.0931.
			Message:"Tolerance seems to be too small."
04/08/2021 01:21:04 AM: minime90/mrh/2015/20150619/Images\MRH_X_20150620_102045_205.img reduced chisqr: 1.0331.
			Message:"Tolerance seems to be too small."
04/08/2021 01:21:11 AM: minime90/mrh/2015/20150619/Images\MRH_X_20150620_102354_206.img reduced chisqr: 1.2471.
			Message:"Tolerance seems to be too small."
04/08/2021 01:21:17 AM: minime90/mrh/2015/20150619/Images\MRH_X_20150620_102702_207.img reduced chisqr: 1.2549.
			Message:"Tolerance seems to be too small."
04/08/2021 01:21:23 AM: minime90/mrh/2015/20150619/Images\MRH_X_20150620_103010_208.img reduced chisqr: 1.2062.
			Message:"Tolerance seems to be too small."
04/08/2021 01:21:30 AM: minime90/mrh/2015/20150619/Images\MRH_X_20150620_103318_209.img reduced chisqr: 1.1193.
			Message:"Tolerance seems to be too small."
04/08/2021 01:21:36 AM: minime90/mrh/2015/20150619/Images\MRH_X_20150620_103715_210.img reduced chisqr: 1.3909.
			Message:"Tolerance seems to be too small."
04/08/2021 01:21:43 AM: minime90/mrh/2015/20150619/Images\MRH_X_20150620_104026_211.img reduced chisqr: 1.5177.
			Message:"Tolerance seems to be too small."
04/08/2021 01:21:49 AM: minime90/mrh/2015/20150619/Images\MRH_X_20150620_104335_212.img reduced chisqr: 3.5318.
			Message:"Tolerance seems to be too small."
04/08/2021 01:21:49 AM: WARNING: Exposure time is not changing.
04/08/2021 01:21:49 AM: Created diagnostic plots.
04/08/2021 01:21:49 AM: Laser and sky image analysis complete.
04/08/2021 01:21:49 AM: No Boltwood cloud sensor data found.
04/08/2021 01:21:49 AM: No X300 temperature sensor data found.
04/08/2021 01:21:49 AM:  Quality Flag Calculation:
		Manual Wind Flag: 0
		Manual Temperature Flag: 0
		Laser Drift: False
		Sample-specific flags:
		Images\MRH_X_20150619_235118_010.img [no cloud data W1T1] [FINAL: W1T1]
		Images\MRH_X_20150619_235429_011.img [no cloud data W1T1] [FINAL: W1T1]
		Images\MRH_X_20150619_235738_012.img [no cloud data W1T1] [FINAL: W1T1]
		Images\MRH_X_20150620_000048_013.img [no cloud data W1T1] [FINAL: W1T1]
		Images\MRH_X_20150620_000357_014.img [no cloud data W1T1] [FINAL: W1T1]
		Images\MRH_X_20150620_002335_020.img [no cloud data W1T1] [FINAL: W1T1]
		Images\MRH_X_20150620_002647_021.img [no cloud data W1T1] [FINAL: W1T1]
		Images\MRH_X_20150620_002956_022.img [no cloud data W1T1] [FINAL: W1T1]
		Images\MRH_X_20150620_003305_023.img [no cloud data W1T1] [FINAL: W1T1]
		Images\MRH_X_20150620_003615_024.img [no cloud data W1T1] [FINAL: W1T1]
		Images\MRH_X_20150620_004233_026.img [no cloud data W1T1] [FINAL: W1T1]
		Images\MRH_X_20150620_004541_027.img [no cloud data W1T1] [FINAL: W1T1]
		Images\MRH_X_20150620_004849_028.img [no cloud data W1T1] [FINAL: W1T1]
		Images\MRH_X_20150620_005157_029.img [no cloud data W1T1] [FINAL: W1T1]
		Images\MRH_X_20150620_005553_030.img [no cloud data W1T1] [FINAL: W1T1]
		Images\MRH_X_20150620_005904_031.img [no cloud data W1T1] [FINAL: W1T1]
		Images\MRH_X_20150620_010213_032.img [no cloud data W1T1] [FINAL: W1T1]
		Images\MRH_X_20150620_010522_033.img [no cloud data W1T1] [FINAL: W1T1]
		Images\MRH_X_20150620_010832_034.img [no cloud data W1T1] [FINAL: W1T1]
		Images\MRH_X_20150620_011141_035.img [no cloud data W1T1] [FINAL: W1T1]
		Images\MRH_X_20150620_011450_036.img [no cloud data W1T1] [FINAL: W1T1]
		Images\MRH_X_20150620_011758_037.img [no cloud data W1T1] [FINAL: W1T1]
		Images\MRH_X_20150620_012106_038.img [no cloud data W1T1] [FINAL: W1T1]
		Images\MRH_X_20150620_012414_039.img [no cloud data W1T1] [FINAL: W1T1]
		Images\MRH_X_20150620_012810_040.img [no cloud data W1T1] [FINAL: W1T1]
		Images\MRH_X_20150620_013122_041.img [no cloud data W1T1] [FINAL: W1T1]
		Images\MRH_X_20150620_013431_042.img [no cloud data W1T1] [FINAL: W1T1]
		Images\MRH_X_20150620_013740_043.img [no cloud data W1T1] [FINAL: W1T1]
		Images\MRH_X_20150620_014050_044.img [no cloud data W1T1] [FINAL: W1T1]
		Images\MRH_X_20150620_014359_045.img [no cloud data W1T1] [FINAL: W1T1]
		Images\MRH_X_20150620_014708_046.img [no cloud data W1T1] [FINAL: W1T1]
		Images\MRH_X_20150620_015016_047.img [no cloud data W1T1] [FINAL: W1T1]
		Images\MRH_X_20150620_015324_048.img [no cloud data W1T1] [FINAL: W1T1]
		Images\MRH_X_20150620_015632_049.img [no cloud data W1T1] [FINAL: W1T1]
		Images\MRH_X_20150620_020028_050.img [no cloud data W1T1] [FINAL: W1T1]
		Images\MRH_X_20150620_020339_051.img [no cloud data W1T1] [FINAL: W1T1]
		Images\MRH_X_20150620_020648_052.img [no cloud data W1T1] [FINAL: W1T1]
		Images\MRH_X_20150620_020958_053.img [no cloud data W1T1] [FINAL: W1T1]
		Images\MRH_X_20150620_021307_054.img [no cloud data W1T1] [FINAL: W1T1]
		Images\MRH_X_20150620_021616_055.img [no cloud data W1T1] [FINAL: W1T1]
		Images\MRH_X_20150620_021926_056.img [no cloud data W1T1] [FINAL: W1T1]
		Images\MRH_X_20150620_022234_057.img [no cloud data W1T1] [FINAL: W1T1]
		Images\MRH_X_20150620_022542_058.img [no cloud data W1T1] [FINAL: W1T1]
		Images\MRH_X_20150620_022850_059.img [no cloud data W1T1] [FINAL: W1T1]
		Images\MRH_X_20150620_023246_060.img [no cloud data W1T1] [FINAL: W1T1]
		Images\MRH_X_20150620_023557_061.img [no cloud data W1T1] [FINAL: W1T1]
		Images\MRH_X_20150620_023906_062.img [no cloud data W1T1] [FINAL: W1T1]
		Images\MRH_X_20150620_024216_063.img [no cloud data W1T1] [FINAL: W1T1]
		Images\MRH_X_20150620_024525_064.img [no cloud data W1T1] [FINAL: W1T1]
		Images\MRH_X_20150620_024834_065.img [no cloud data W1T1] [FINAL: W1T1]
		Images\MRH_X_20150620_025144_066.img [no cloud data W1T1] [FINAL: W1T1]
		Images\MRH_X_20150620_025452_067.img [no cloud data W1T1] [FINAL: W1T1]
		Images\MRH_X_20150620_025800_068.img [no cloud data W1T1] [FINAL: W1T1]
		Images\MRH_X_20150620_030108_069.img [no cloud data W1T1] [FINAL: W1T1]
		Images\MRH_X_20150620_030504_070.img [no cloud data W1T1] [FINAL: W1T1]
		Images\MRH_X_20150620_030815_071.img [no cloud data W1T1] [FINAL: W1T1]
		Images\MRH_X_20150620_031124_072.img [no cloud data W1T1] [FINAL: W1T1]
		Images\MRH_X_20150620_031433_073.img [no cloud data W1T1] [FINAL: W1T1]
		Images\MRH_X_20150620_031743_074.img [no cloud data W1T1] [FINAL: W1T1]
		Images\MRH_X_20150620_032052_075.img [no cloud data W1T1] [FINAL: W1T1]
		Images\MRH_X_20150620_032401_076.img [no cloud data W1T1] [FINAL: W1T1]
		Images\MRH_X_20150620_032709_077.img [no cloud data W1T1] [FINAL: W1T1]
		Images\MRH_X_20150620_033017_078.img [no cloud data W1T1] [FINAL: W1T1]
		Images\MRH_X_20150620_033326_079.img [no cloud data W1T1] [FINAL: W1T1]
		Images\MRH_X_20150620_033721_080.img [no cloud data W1T1] [FINAL: W1T1]
		Images\MRH_X_20150620_034033_081.img [no cloud data W1T1] [FINAL: W1T1]
		Images\MRH_X_20150620_034342_082.img [no cloud data W1T1] [FINAL: W1T1]
		Images\MRH_X_20150620_034651_083.img [no cloud data W1T1] [FINAL: W1T1]
		Images\MRH_X_20150620_035001_084.img [no cloud data W1T1] [FINAL: W1T1]
		Images\MRH_X_20150620_035310_085.img [no cloud data W1T1] [FINAL: W1T1]
		Images\MRH_X_20150620_035619_086.img [no cloud data W1T1] [FINAL: W1T1]
		Images\MRH_X_20150620_035927_087.img [no cloud data W1T1] [FINAL: W1T1]
		Images\MRH_X_20150620_040235_088.img [no cloud data W1T1] [FINAL: W1T1]
		Images\MRH_X_20150620_040543_089.img [no cloud data W1T1] [FINAL: W1T1]
		Images\MRH_X_20150620_040939_090.img [no cloud data W1T1] [FINAL: W1T1]
		Images\MRH_X_20150620_041250_091.img [no cloud data W1T1] [FINAL: W1T1]
		Images\MRH_X_20150620_041600_092.img [no cloud data W1T1] [FINAL: W1T1]
		Images\MRH_X_20150620_041909_093.img [no cloud data W1T1] [FINAL: W1T1]
		Images\MRH_X_20150620_042218_094.img [no cloud data W1T1] [FINAL: W1T1]
		Images\MRH_X_20150620_042528_095.img [no cloud data W1T1] [FINAL: W1T1]
		Images\MRH_X_20150620_042837_096.img [no cloud data W1T1] [FINAL: W1T1]
		Images\MRH_X_20150620_043145_097.img [no cloud data W1T1] [FINAL: W1T1]
		Images\MRH_X_20150620_043453_098.img [no cloud data W1T1] [FINAL: W1T1]
		Images\MRH_X_20150620_043801_099.img [no cloud data W1T1] [FINAL: W1T1]
		Images\MRH_X_20150620_044157_100.img [no cloud data W1T1] [FINAL: W1T1]
		Images\MRH_X_20150620_044509_101.img [no cloud data W1T1] [FINAL: W1T1]
		Images\MRH_X_20150620_044818_102.img [no cloud data W1T1] [FINAL: W1T1]
		Images\MRH_X_20150620_045127_103.img [no cloud data W1T1] [FINAL: W1T1]
		Images\MRH_X_20150620_045437_104.img [no cloud data W1T1] [FINAL: W1T1]
		Images\MRH_X_20150620_045746_105.img [no cloud data W1T1] [FINAL: W1T1]
		Images\MRH_X_20150620_050055_106.img [no cloud data W1T1] [FINAL: W1T1]
		Images\MRH_X_20150620_050403_107.img [no cloud data W1T1] [FINAL: W1T1]
		Images\MRH_X_20150620_050711_108.img [no cloud data W1T1] [FINAL: W1T1]
		Images\MRH_X_20150620_051019_109.img [no cloud data W1T1] [FINAL: W1T1]
		Images\MRH_X_20150620_051415_110.img [no cloud data W1T1] [FINAL: W1T1]
		Images\MRH_X_20150620_051727_111.img [no cloud data W1T1] [FINAL: W1T1]
		Images\MRH_X_20150620_052036_112.img [no cloud data W1T1] [FINAL: W1T1]
		Images\MRH_X_20150620_052345_113.img [no cloud data W1T1] [FINAL: W1T1]
		Images\MRH_X_20150620_052654_114.img [no cloud data W1T1] [FINAL: W1T1]
		Images\MRH_X_20150620_053004_115.img [no cloud data W1T1] [FINAL: W1T1]
		Images\MRH_X_20150620_053313_116.img [no cloud data W1T1] [FINAL: W1T1]
		Images\MRH_X_20150620_053621_117.img [no cloud data W1T1] [FINAL: W1T1]
		Images\MRH_X_20150620_053929_118.img [no cloud data W1T1] [FINAL: W1T1]
		Images\MRH_X_20150620_054237_119.img [no cloud data W1T1] [FINAL: W1T1]
		Images\MRH_X_20150620_054633_120.img [no cloud data W1T1] [FINAL: W1T1]
		Images\MRH_X_20150620_054945_121.img [no cloud data W1T1] [FINAL: W1T1]
		Images\MRH_X_20150620_055254_122.img [no cloud data W1T1] [FINAL: W1T1]
		Images\MRH_X_20150620_055603_123.img [no cloud data W1T1] [FINAL: W1T1]
		Images\MRH_X_20150620_055913_124.img [no cloud data W1T1] [FINAL: W1T1]
		Images\MRH_X_20150620_060222_125.img [no cloud data W1T1] [FINAL: W1T1]
		Images\MRH_X_20150620_060531_126.img [no cloud data W1T1] [FINAL: W1T1]
		Images\MRH_X_20150620_060839_127.img [no cloud data W1T1] [FINAL: W1T1]
		Images\MRH_X_20150620_061147_128.img [no cloud data W1T1] [FINAL: W1T1]
		Images\MRH_X_20150620_061455_129.img [no cloud data W1T1] [FINAL: W1T1]
		Images\MRH_X_20150620_061851_130.img [no cloud data W1T1] [FINAL: W1T1]
		Images\MRH_X_20150620_062202_131.img [no cloud data W1T1] [FINAL: W1T1]
		Images\MRH_X_20150620_062512_132.img [no cloud data W1T1] [FINAL: W1T1]
		Images\MRH_X_20150620_062821_133.img [no cloud data W1T1] [FINAL: W1T1]
		Images\MRH_X_20150620_063130_134.img [no cloud data W1T1] [FINAL: W1T1]
		Images\MRH_X_20150620_063440_135.img [no cloud data W1T1] [FINAL: W1T1]
		Images\MRH_X_20150620_063749_136.img [no cloud data W1T1] [FINAL: W1T1]
		Images\MRH_X_20150620_064057_137.img [no cloud data W1T1] [FINAL: W1T1]
		Images\MRH_X_20150620_064405_138.img [no cloud data W1T1] [FINAL: W1T1]
		Images\MRH_X_20150620_064713_139.img [no cloud data W1T1] [FINAL: W1T1]
		Images\MRH_X_20150620_065109_140.img [no cloud data W1T1] [FINAL: W1T1]
		Images\MRH_X_20150620_065420_141.img [no cloud data W1T1] [FINAL: W1T1]
		Images\MRH_X_20150620_065729_142.img [no cloud data W1T1] [FINAL: W1T1]
		Images\MRH_X_20150620_070039_143.img [no cloud data W1T1] [FINAL: W1T1]
		Images\MRH_X_20150620_070349_144.img [no cloud data W1T1] [FINAL: W1T1]
		Images\MRH_X_20150620_070658_145.img [no cloud data W1T1] [FINAL: W1T1]
		Images\MRH_X_20150620_071007_146.img [no cloud data W1T1] [FINAL: W1T1]
		Images\MRH_X_20150620_071315_147.img [no cloud data W1T1] [FINAL: W1T1]
		Images\MRH_X_20150620_071623_148.img [no cloud data W1T1] [FINAL: W1T1]
		Images\MRH_X_20150620_071931_149.img [no cloud data W1T1] [FINAL: W1T1]
		Images\MRH_X_20150620_072327_150.img [no cloud data W1T1] [FINAL: W1T1]
		Images\MRH_X_20150620_072639_151.img [no cloud data W1T1] [FINAL: W1T1]
		Images\MRH_X_20150620_072948_152.img [no cloud data W1T1] [FINAL: W1T1]
		Images\MRH_X_20150620_073257_153.img [no cloud data W1T1] [FINAL: W1T1]
		Images\MRH_X_20150620_073607_154.img [no cloud data W1T1] [FINAL: W1T1]
		Images\MRH_X_20150620_073916_155.img [no cloud data W1T1] [FINAL: W1T1]
		Images\MRH_X_20150620_074225_156.img [no cloud data W1T1] [FINAL: W1T1]
		Images\MRH_X_20150620_074533_157.img [no cloud data W1T1] [FINAL: W1T1]
		Images\MRH_X_20150620_074841_158.img [no cloud data W1T1] [FINAL: W1T1]
		Images\MRH_X_20150620_075149_159.img [no cloud data W1T1] [FINAL: W1T1]
		Images\MRH_X_20150620_075546_160.img [no cloud data W1T1] [FINAL: W1T1]
		Images\MRH_X_20150620_075857_161.img [no cloud data W1T1] [FINAL: W1T1]
		Images\MRH_X_20150620_080206_162.img [no cloud data W1T1] [FINAL: W1T1]
		Images\MRH_X_20150620_080515_163.img [no cloud data W1T1] [FINAL: W1T1]
		Images\MRH_X_20150620_080825_164.img [no cloud data W1T1] [FINAL: W1T1]
		Images\MRH_X_20150620_081134_165.img [no cloud data W1T1] [FINAL: W1T1]
		Images\MRH_X_20150620_081443_166.img [no cloud data W1T1] [FINAL: W1T1]
		Images\MRH_X_20150620_081751_167.img [no cloud data W1T1] [FINAL: W1T1]
		Images\MRH_X_20150620_082059_168.img [no cloud data W1T1] [FINAL: W1T1]
		Images\MRH_X_20150620_082407_169.img [no cloud data W1T1] [FINAL: W1T1]
		Images\MRH_X_20150620_082803_170.img [no cloud data W1T1] [FINAL: W1T1]
		Images\MRH_X_20150620_083115_171.img [no cloud data W1T1] [FINAL: W1T1]
		Images\MRH_X_20150620_083424_172.img [no cloud data W1T1] [FINAL: W1T1]
		Images\MRH_X_20150620_083733_173.img [no cloud data W1T1] [FINAL: W1T1]
		Images\MRH_X_20150620_084043_174.img [no cloud data W1T1] [FINAL: W1T1]
		Images\MRH_X_20150620_084352_175.img [no cloud data W1T1] [FINAL: W1T1]
		Images\MRH_X_20150620_084701_176.img [no cloud data W1T1] [FINAL: W1T1]
		Images\MRH_X_20150620_085009_177.img [no cloud data W1T1] [FINAL: W1T1]
		Images\MRH_X_20150620_085317_178.img [no cloud data W1T1] [FINAL: W1T1]
		Images\MRH_X_20150620_085625_179.img [no cloud data W1T1] [FINAL: W1T1]
		Images\MRH_X_20150620_090021_180.img [no cloud data W1T1] [FINAL: W1T1]
		Images\MRH_X_20150620_090333_181.img [no cloud data W1T1] [FINAL: W1T1]
		Images\MRH_X_20150620_090642_182.img [no cloud data W1T1] [FINAL: W1T1]
		Images\MRH_X_20150620_090951_183.img [no cloud data W1T1] [FINAL: W1T1]
		Images\MRH_X_20150620_091300_184.img [no cloud data W1T1] [FINAL: W1T1]
		Images\MRH_X_20150620_091610_185.img [no cloud data W1T1] [FINAL: W1T1]
		Images\MRH_X_20150620_091919_186.img [no cloud data W1T1] [FINAL: W1T1]
		Images\MRH_X_20150620_092227_187.img [no cloud data W1T1] [FINAL: W1T1]
		Images\MRH_X_20150620_092535_188.img [no cloud data W1T1] [FINAL: W1T1]
		Images\MRH_X_20150620_092843_189.img [no cloud data W1T1] [FINAL: W1T1]
		Images\MRH_X_20150620_093239_190.img [no cloud data W1T1] [FINAL: W1T1]
		Images\MRH_X_20150620_093550_191.img [no cloud data W1T1] [FINAL: W1T1]
		Images\MRH_X_20150620_093859_192.img [no cloud data W1T1] [FINAL: W1T1]
		Images\MRH_X_20150620_094208_193.img [no cloud data W1T1] [FINAL: W1T1]
		Images\MRH_X_20150620_094518_194.img [no cloud data W1T1] [FINAL: W1T1]
		Images\MRH_X_20150620_094827_195.img [no cloud data W1T1] [FINAL: W1T1]
		Images\MRH_X_20150620_095137_196.img [no cloud data W1T1] [FINAL: W1T1]
		Images\MRH_X_20150620_095445_197.img [no cloud data W1T1] [FINAL: W1T1]
		Images\MRH_X_20150620_095753_198.img [no cloud data W1T1] [FINAL: W1T1]
		Images\MRH_X_20150620_100101_199.img [no cloud data W1T1] [FINAL: W1T1]
		Images\MRH_X_20150620_100457_200.img [no cloud data W1T1] [FINAL: W1T1]
		Images\MRH_X_20150620_100808_201.img [no cloud data W1T1] [FINAL: W1T1]
		Images\MRH_X_20150620_101117_202.img [no cloud data W1T1] [FINAL: W1T1]
		Images\MRH_X_20150620_101426_203.img [no cloud data W1T1] [FINAL: W1T1]
		Images\MRH_X_20150620_101736_204.img [no cloud data W1T1] [FINAL: W1T1]
		Images\MRH_X_20150620_102045_205.img [no cloud data W1T1] [FINAL: W1T1]
		Images\MRH_X_20150620_102354_206.img [no cloud data W1T1] [FINAL: W1T1]
		Images\MRH_X_20150620_102702_207.img [no cloud data W1T1] [FINAL: W1T1]
		Images\MRH_X_20150620_103010_208.img [no cloud data W1T1] [FINAL: W1T1]
		Images\MRH_X_20150620_103318_209.img [no cloud data W1T1] [FINAL: W1T1]
		Images\MRH_X_20150620_103715_210.img [no cloud data W1T1] [FINAL: W1T1]
		Images\MRH_X_20150620_104026_211.img [no cloud data W1T1] [FINAL: W1T1]
		Images\MRH_X_20150620_104335_212.img [no cloud data W1T1] [FINAL: W1T1]
04/08/2021 01:21:49 AM: Results saved to results/minime90_mrh_20150619.npz
