04/08/2021 03:54:43 AM: Logfile Created
04/08/2021 03:54:44 AM: Sun up during minime90/mrh/2015/20150628/Images\MRH_L_20150628_231608_001.img. Ignoring this image...
04/08/2021 03:54:44 AM: minime90/mrh/2015/20150628/Images\MRH_L_20150628_235237_002.img center: 257.31, 254.35
04/08/2021 03:54:44 AM: minime90/mrh/2015/20150628/Images\MRH_L_20150629_002455_003.img center: 257.33, 254.43
04/08/2021 03:54:44 AM: minime90/mrh/2015/20150628/Images\MRH_L_20150629_005713_004.img center: 257.37, 254.37
04/08/2021 03:54:45 AM: minime90/mrh/2015/20150628/Images\MRH_L_20150629_012931_005.img center: 257.38, 254.36
04/08/2021 03:54:45 AM: minime90/mrh/2015/20150628/Images\MRH_L_20150629_020149_006.img center: 257.28, 254.41
04/08/2021 03:54:45 AM: minime90/mrh/2015/20150628/Images\MRH_L_20150629_023407_007.img center: 257.36, 254.38
04/08/2021 03:54:45 AM: minime90/mrh/2015/20150628/Images\MRH_L_20150629_030625_008.img center: 257.36, 254.45
04/08/2021 03:54:45 AM: minime90/mrh/2015/20150628/Images\MRH_L_20150629_033844_009.img center: 257.35, 254.48
04/08/2021 03:54:46 AM: minime90/mrh/2015/20150628/Images\MRH_L_20150629_041102_010.img center: 257.30, 254.49
04/08/2021 03:54:46 AM: minime90/mrh/2015/20150628/Images\MRH_L_20150629_044321_011.img center: 257.26, 254.52
04/08/2021 03:54:46 AM: minime90/mrh/2015/20150628/Images\MRH_L_20150629_051539_012.img center: 257.25, 254.49
04/08/2021 03:54:46 AM: minime90/mrh/2015/20150628/Images\MRH_L_20150629_054757_013.img center: 257.23, 254.52
04/08/2021 03:54:47 AM: minime90/mrh/2015/20150628/Images\MRH_L_20150629_062015_014.img center: 257.27, 254.53
04/08/2021 03:54:47 AM: minime90/mrh/2015/20150628/Images\MRH_L_20150629_065234_015.img center: 257.26, 254.53
04/08/2021 03:54:47 AM: minime90/mrh/2015/20150628/Images\MRH_L_20150629_072452_016.img center: 257.21, 254.54
04/08/2021 03:54:47 AM: minime90/mrh/2015/20150628/Images\MRH_L_20150629_075710_017.img center: 257.19, 254.61
04/08/2021 03:54:48 AM: minime90/mrh/2015/20150628/Images\MRH_L_20150629_082928_018.img center: 257.14, 254.56
04/08/2021 03:54:48 AM: minime90/mrh/2015/20150628/Images\MRH_L_20150629_090145_019.img center: 257.23, 254.57
04/08/2021 03:54:48 AM: minime90/mrh/2015/20150628/Images\MRH_L_20150629_093403_020.img center: 257.17, 254.60
04/08/2021 03:54:48 AM: minime90/mrh/2015/20150628/Images\MRH_L_20150629_100621_021.img center: 257.17, 254.56
04/08/2021 03:54:49 AM: minime90/mrh/2015/20150628/Images\MRH_L_20150629_103839_022.img center: 257.21, 254.59
04/08/2021 03:54:49 AM: minime90/mrh/2015/20150628/Images\MRH_L_20150629_104859_212.img center: 257.21, 254.57
04/08/2021 03:54:52 AM: minime90/mrh/2015/20150628/Images\MRH_L_20150628_235237_002.img reduced chisqr: 4.0358
04/08/2021 03:54:55 AM: minime90/mrh/2015/20150628/Images\MRH_L_20150629_002455_003.img reduced chisqr: 5.0402
04/08/2021 03:54:58 AM: minime90/mrh/2015/20150628/Images\MRH_L_20150629_005713_004.img reduced chisqr: 4.2510
04/08/2021 03:55:00 AM: minime90/mrh/2015/20150628/Images\MRH_L_20150629_012931_005.img reduced chisqr: 4.6929
04/08/2021 03:55:03 AM: minime90/mrh/2015/20150628/Images\MRH_L_20150629_020149_006.img reduced chisqr: 4.3982
04/08/2021 03:55:06 AM: minime90/mrh/2015/20150628/Images\MRH_L_20150629_023407_007.img reduced chisqr: 4.9940
04/08/2021 03:55:09 AM: minime90/mrh/2015/20150628/Images\MRH_L_20150629_030625_008.img reduced chisqr: 4.5203
04/08/2021 03:55:11 AM: minime90/mrh/2015/20150628/Images\MRH_L_20150629_033844_009.img reduced chisqr: 4.1695
04/08/2021 03:55:14 AM: minime90/mrh/2015/20150628/Images\MRH_L_20150629_041102_010.img reduced chisqr: 4.7548
04/08/2021 03:55:17 AM: minime90/mrh/2015/20150628/Images\MRH_L_20150629_044321_011.img reduced chisqr: 5.2185
04/08/2021 03:55:20 AM: minime90/mrh/2015/20150628/Images\MRH_L_20150629_051539_012.img reduced chisqr: 4.5444
04/08/2021 03:55:23 AM: minime90/mrh/2015/20150628/Images\MRH_L_20150629_054757_013.img reduced chisqr: 4.6585
04/08/2021 03:55:25 AM: minime90/mrh/2015/20150628/Images\MRH_L_20150629_062015_014.img reduced chisqr: 4.4278
04/08/2021 03:55:28 AM: minime90/mrh/2015/20150628/Images\MRH_L_20150629_065234_015.img reduced chisqr: 4.5744
04/08/2021 03:55:31 AM: minime90/mrh/2015/20150628/Images\MRH_L_20150629_072452_016.img reduced chisqr: 4.3941
04/08/2021 03:55:34 AM: minime90/mrh/2015/20150628/Images\MRH_L_20150629_075710_017.img reduced chisqr: 4.4529
04/08/2021 03:55:36 AM: minime90/mrh/2015/20150628/Images\MRH_L_20150629_082928_018.img reduced chisqr: 4.4351
04/08/2021 03:55:39 AM: minime90/mrh/2015/20150628/Images\MRH_L_20150629_090145_019.img reduced chisqr: 4.9743
04/08/2021 03:55:42 AM: minime90/mrh/2015/20150628/Images\MRH_L_20150629_093403_020.img reduced chisqr: 4.1939
04/08/2021 03:55:45 AM: minime90/mrh/2015/20150628/Images\MRH_L_20150629_100621_021.img reduced chisqr: 5.1658
04/08/2021 03:55:48 AM: minime90/mrh/2015/20150628/Images\MRH_L_20150629_103839_022.img reduced chisqr: 5.3588
04/08/2021 03:55:50 AM: minime90/mrh/2015/20150628/Images\MRH_L_20150629_104859_212.img reduced chisqr: 5.3240
04/08/2021 03:55:50 AM: minime90/mrh/2015/20150628/Images\MRH_X_20150628_232410_001.img not bounded by laser images. Ignoring this image...
04/08/2021 03:55:50 AM: minime90/mrh/2015/20150628/Images\MRH_X_20150628_232720_002.img not bounded by laser images. Ignoring this image...
04/08/2021 03:55:50 AM: minime90/mrh/2015/20150628/Images\MRH_X_20150628_233029_003.img not bounded by laser images. Ignoring this image...
04/08/2021 03:55:50 AM: minime90/mrh/2015/20150628/Images\MRH_X_20150628_233339_004.img not bounded by laser images. Ignoring this image...
04/08/2021 03:55:50 AM: minime90/mrh/2015/20150628/Images\MRH_X_20150628_233648_005.img not bounded by laser images. Ignoring this image...
04/08/2021 03:55:50 AM: minime90/mrh/2015/20150628/Images\MRH_X_20150628_233958_006.img not bounded by laser images. Ignoring this image...
04/08/2021 03:55:50 AM: minime90/mrh/2015/20150628/Images\MRH_X_20150628_234306_007.img not bounded by laser images. Ignoring this image...
04/08/2021 03:55:50 AM: minime90/mrh/2015/20150628/Images\MRH_X_20150628_234614_008.img not bounded by laser images. Ignoring this image...
04/08/2021 03:55:50 AM: minime90/mrh/2015/20150628/Images\MRH_X_20150628_234922_009.img not bounded by laser images. Ignoring this image...
04/08/2021 03:55:50 AM: minime90/mrh/2015/20150628/Images\MRH_X_20150628_235629_011.img is looking too close to the moon (28.9 deg). Ignoring this image...
04/08/2021 03:55:50 AM: minime90/mrh/2015/20150628/Images\MRH_X_20150628_235939_012.img is looking too close to the moon (13.6 deg). Ignoring this image...
04/08/2021 03:55:50 AM: minime90/mrh/2015/20150628/Images\MRH_X_20150629_000248_013.img is looking too close to the moon (36.0 deg). Ignoring this image...
04/08/2021 03:55:50 AM: minime90/mrh/2015/20150628/Images\MRH_X_20150629_002848_021.img is looking too close to the moon (27.6 deg). Ignoring this image...
04/08/2021 03:55:50 AM: minime90/mrh/2015/20150628/Images\MRH_X_20150629_003157_022.img is looking too close to the moon (21.1 deg). Ignoring this image...
04/08/2021 03:55:50 AM: minime90/mrh/2015/20150628/Images\MRH_X_20150629_003506_023.img is looking too close to the moon (28.4 deg). Ignoring this image...
04/08/2021 03:55:50 AM: minime90/mrh/2015/20150628/Images\MRH_X_20150629_010106_031.img is looking too close to the moon (28.0 deg). Ignoring this image...
04/08/2021 03:55:50 AM: minime90/mrh/2015/20150628/Images\MRH_X_20150629_010415_032.img is looking too close to the moon (28.7 deg). Ignoring this image...
04/08/2021 03:55:50 AM: minime90/mrh/2015/20150628/Images\MRH_X_20150629_010724_033.img is looking too close to the moon (20.8 deg). Ignoring this image...
04/08/2021 03:55:50 AM: minime90/mrh/2015/20150628/Images\MRH_X_20150629_013323_041.img is looking too close to the moon (29.8 deg). Ignoring this image...
04/08/2021 03:55:50 AM: minime90/mrh/2015/20150628/Images\MRH_X_20150629_013633_042.img is looking too close to the moon (36.2 deg). Ignoring this image...
04/08/2021 03:55:50 AM: minime90/mrh/2015/20150628/Images\MRH_X_20150629_013942_043.img is looking too close to the moon (13.4 deg). Ignoring this image...
04/08/2021 03:55:50 AM: minime90/mrh/2015/20150628/Images\MRH_X_20150629_020542_051.img is looking too close to the moon (33.0 deg). Ignoring this image...
04/08/2021 03:55:50 AM: minime90/mrh/2015/20150628/Images\MRH_X_20150629_021200_053.img is looking too close to the moon (6.5 deg). Ignoring this image...
04/08/2021 03:55:50 AM: minime90/mrh/2015/20150628/Images\MRH_X_20150629_024418_063.img is looking too close to the moon (5.0 deg). Ignoring this image...
04/08/2021 03:55:50 AM: minime90/mrh/2015/20150628/Images\MRH_X_20150629_031636_073.img is looking too close to the moon (11.2 deg). Ignoring this image...
04/08/2021 03:55:50 AM: minime90/mrh/2015/20150628/Images\MRH_X_20150629_031946_074.img is looking too close to the moon (34.3 deg). Ignoring this image...
04/08/2021 03:55:50 AM: minime90/mrh/2015/20150628/Images\MRH_X_20150629_032255_075.img is looking too close to the moon (33.5 deg). Ignoring this image...
04/08/2021 03:55:50 AM: minime90/mrh/2015/20150628/Images\MRH_X_20150629_034855_083.img is looking too close to the moon (18.5 deg). Ignoring this image...
04/08/2021 03:55:50 AM: minime90/mrh/2015/20150628/Images\MRH_X_20150629_035204_084.img is looking too close to the moon (29.6 deg). Ignoring this image...
04/08/2021 03:55:50 AM: minime90/mrh/2015/20150628/Images\MRH_X_20150629_035514_085.img is looking too close to the moon (26.0 deg). Ignoring this image...
04/08/2021 03:55:50 AM: minime90/mrh/2015/20150628/Images\MRH_X_20150629_042113_093.img is looking too close to the moon (26.0 deg). Ignoring this image...
04/08/2021 03:55:50 AM: minime90/mrh/2015/20150628/Images\MRH_X_20150629_042423_094.img is looking too close to the moon (25.9 deg). Ignoring this image...
04/08/2021 03:55:50 AM: minime90/mrh/2015/20150628/Images\MRH_X_20150629_042732_095.img is looking too close to the moon (18.8 deg). Ignoring this image...
04/08/2021 03:55:50 AM: minime90/mrh/2015/20150628/Images\MRH_X_20150629_043042_096.img is looking too close to the moon (36.4 deg). Ignoring this image...
04/08/2021 03:55:50 AM: minime90/mrh/2015/20150628/Images\MRH_X_20150629_043350_097.img is looking too close to the moon (36.4 deg). Ignoring this image...
04/08/2021 03:55:50 AM: minime90/mrh/2015/20150628/Images\MRH_X_20150629_043658_098.img is looking too close to the moon (36.3 deg). Ignoring this image...
04/08/2021 03:55:50 AM: minime90/mrh/2015/20150628/Images\MRH_X_20150629_044006_099.img is looking too close to the moon (36.3 deg). Ignoring this image...
04/08/2021 03:55:50 AM: minime90/mrh/2015/20150628/Images\MRH_X_20150629_045332_103.img is looking too close to the moon (33.6 deg). Ignoring this image...
04/08/2021 03:55:50 AM: minime90/mrh/2015/20150628/Images\MRH_X_20150629_045641_104.img is looking too close to the moon (23.7 deg). Ignoring this image...
04/08/2021 03:55:50 AM: minime90/mrh/2015/20150628/Images\MRH_X_20150629_045950_105.img is looking too close to the moon (12.3 deg). Ignoring this image...
04/08/2021 03:55:50 AM: minime90/mrh/2015/20150628/Images\MRH_X_20150629_050300_106.img is looking too close to the moon (36.5 deg). Ignoring this image...
04/08/2021 03:55:50 AM: minime90/mrh/2015/20150628/Images\MRH_X_20150629_050608_107.img is looking too close to the moon (36.6 deg). Ignoring this image...
04/08/2021 03:55:50 AM: minime90/mrh/2015/20150628/Images\MRH_X_20150629_050916_108.img is looking too close to the moon (36.7 deg). Ignoring this image...
04/08/2021 03:55:50 AM: minime90/mrh/2015/20150628/Images\MRH_X_20150629_051224_109.img is looking too close to the moon (36.9 deg). Ignoring this image...
04/08/2021 03:55:50 AM: minime90/mrh/2015/20150628/Images\MRH_X_20150629_052859_114.img is looking too close to the moon (23.3 deg). Ignoring this image...
04/08/2021 03:55:50 AM: minime90/mrh/2015/20150628/Images\MRH_X_20150629_053209_115.img is looking too close to the moon (8.1 deg). Ignoring this image...
04/08/2021 03:55:50 AM: minime90/mrh/2015/20150628/Images\MRH_X_20150629_060118_124.img is looking too close to the moon (25.0 deg). Ignoring this image...
04/08/2021 03:55:50 AM: minime90/mrh/2015/20150628/Images\MRH_X_20150629_060427_125.img is looking too close to the moon (9.9 deg). Ignoring this image...
04/08/2021 03:55:50 AM: minime90/mrh/2015/20150628/Images\MRH_X_20150629_063336_134.img is looking too close to the moon (28.2 deg). Ignoring this image...
04/08/2021 03:55:50 AM: minime90/mrh/2015/20150628/Images\MRH_X_20150629_063645_135.img is looking too close to the moon (15.8 deg). Ignoring this image...
04/08/2021 03:55:50 AM: minime90/mrh/2015/20150628/Images\MRH_X_20150629_070554_144.img is looking too close to the moon (32.6 deg). Ignoring this image...
04/08/2021 03:55:50 AM: minime90/mrh/2015/20150628/Images\MRH_X_20150629_070903_145.img is looking too close to the moon (22.7 deg). Ignoring this image...
04/08/2021 03:55:50 AM: minime90/mrh/2015/20150628/Images\MRH_X_20150629_074121_155.img is looking too close to the moon (30.0 deg). Ignoring this image...
04/08/2021 03:55:57 AM: minime90/mrh/2015/20150628/Images\MRH_X_20150628_235318_010.img reduced chisqr: 1.7424.
			Message:"Tolerance seems to be too small."
04/08/2021 03:56:04 AM: minime90/mrh/2015/20150628/Images\MRH_X_20150629_000558_014.img reduced chisqr: 1.4113.
			Message:"Tolerance seems to be too small."
04/08/2021 03:56:10 AM: minime90/mrh/2015/20150628/Images\MRH_X_20150629_000907_015.img reduced chisqr: 1.3145.
			Message:"Tolerance seems to be too small."
04/08/2021 03:56:17 AM: minime90/mrh/2015/20150628/Images\MRH_X_20150629_001216_016.img reduced chisqr: 1.2735.
			Message:"Tolerance seems to be too small."
04/08/2021 03:56:23 AM: minime90/mrh/2015/20150628/Images\MRH_X_20150629_001524_017.img reduced chisqr: 1.8605.
			Message:"Tolerance seems to be too small."
04/08/2021 03:56:30 AM: minime90/mrh/2015/20150628/Images\MRH_X_20150629_001832_018.img reduced chisqr: 2.1130.
			Message:"Tolerance seems to be too small."
04/08/2021 03:56:36 AM: minime90/mrh/2015/20150628/Images\MRH_X_20150629_002140_019.img reduced chisqr: 1.9850.
			Message:"Tolerance seems to be too small."
04/08/2021 03:56:43 AM: minime90/mrh/2015/20150628/Images\MRH_X_20150629_002536_020.img reduced chisqr: 1.3240.
			Message:"Tolerance seems to be too small."
04/08/2021 03:56:49 AM: minime90/mrh/2015/20150628/Images\MRH_X_20150629_003816_024.img reduced chisqr: 1.4944.
			Message:"Tolerance seems to be too small."
04/08/2021 03:56:56 AM: minime90/mrh/2015/20150628/Images\MRH_X_20150629_004125_025.img reduced chisqr: 1.2635.
			Message:"Tolerance seems to be too small."
04/08/2021 03:57:02 AM: minime90/mrh/2015/20150628/Images\MRH_X_20150629_004434_026.img reduced chisqr: 1.2408.
			Message:"Tolerance seems to be too small."
04/08/2021 03:57:09 AM: minime90/mrh/2015/20150628/Images\MRH_X_20150629_004742_027.img reduced chisqr: 1.2086.
			Message:"Tolerance seems to be too small."
04/08/2021 03:57:15 AM: minime90/mrh/2015/20150628/Images\MRH_X_20150629_005050_028.img reduced chisqr: 1.2738.
			Message:"Tolerance seems to be too small."
04/08/2021 03:57:22 AM: minime90/mrh/2015/20150628/Images\MRH_X_20150629_005358_029.img reduced chisqr: 1.1685.
			Message:"Tolerance seems to be too small."
04/08/2021 03:57:28 AM: minime90/mrh/2015/20150628/Images\MRH_X_20150629_005754_030.img reduced chisqr: 1.3005.
			Message:"Tolerance seems to be too small."
04/08/2021 03:57:35 AM: minime90/mrh/2015/20150628/Images\MRH_X_20150629_011034_034.img reduced chisqr: 1.4043.
			Message:"Tolerance seems to be too small."
04/08/2021 03:57:41 AM: minime90/mrh/2015/20150628/Images\MRH_X_20150629_011343_035.img reduced chisqr: 1.4567.
			Message:"Tolerance seems to be too small."
04/08/2021 03:57:48 AM: minime90/mrh/2015/20150628/Images\MRH_X_20150629_011652_036.img reduced chisqr: 1.2002.
			Message:"Tolerance seems to be too small."
04/08/2021 03:57:54 AM: minime90/mrh/2015/20150628/Images\MRH_X_20150629_012000_037.img reduced chisqr: 1.1806.
			Message:"Tolerance seems to be too small."
04/08/2021 03:58:01 AM: minime90/mrh/2015/20150628/Images\MRH_X_20150629_012308_038.img reduced chisqr: 1.1869.
			Message:"Tolerance seems to be too small."
04/08/2021 03:58:07 AM: minime90/mrh/2015/20150628/Images\MRH_X_20150629_012616_039.img reduced chisqr: 1.3249.
			Message:"Tolerance seems to be too small."
04/08/2021 03:58:14 AM: minime90/mrh/2015/20150628/Images\MRH_X_20150629_013012_040.img reduced chisqr: 1.6837.
			Message:"Tolerance seems to be too small."
04/08/2021 03:58:20 AM: minime90/mrh/2015/20150628/Images\MRH_X_20150629_014252_044.img reduced chisqr: 1.5082.
			Message:"Tolerance seems to be too small."
04/08/2021 03:58:27 AM: minime90/mrh/2015/20150628/Images\MRH_X_20150629_014601_045.img reduced chisqr: 1.3819.
			Message:"Tolerance seems to be too small."
04/08/2021 03:58:34 AM: minime90/mrh/2015/20150628/Images\MRH_X_20150629_014910_046.img reduced chisqr: 1.3955.
			Message:"Tolerance seems to be too small."
04/08/2021 03:58:40 AM: minime90/mrh/2015/20150628/Images\MRH_X_20150629_015218_047.img reduced chisqr: 1.3649.
			Message:"Tolerance seems to be too small."
04/08/2021 03:58:47 AM: minime90/mrh/2015/20150628/Images\MRH_X_20150629_015526_048.img reduced chisqr: 1.1588.
			Message:"Tolerance seems to be too small."
04/08/2021 03:58:53 AM: minime90/mrh/2015/20150628/Images\MRH_X_20150629_015834_049.img reduced chisqr: 1.1196.
			Message:"Tolerance seems to be too small."
04/08/2021 03:59:00 AM: minime90/mrh/2015/20150628/Images\MRH_X_20150629_020230_050.img reduced chisqr: 1.4889.
			Message:"Tolerance seems to be too small."
04/08/2021 03:59:06 AM: minime90/mrh/2015/20150628/Images\MRH_X_20150629_020851_052.img reduced chisqr: 1.2286.
			Message:"Tolerance seems to be too small."
04/08/2021 03:59:13 AM: minime90/mrh/2015/20150628/Images\MRH_X_20150629_021510_054.img reduced chisqr: 1.3971.
			Message:"Tolerance seems to be too small."
04/08/2021 03:59:19 AM: minime90/mrh/2015/20150628/Images\MRH_X_20150629_021819_055.img reduced chisqr: 1.2551.
			Message:"Tolerance seems to be too small."
04/08/2021 03:59:26 AM: minime90/mrh/2015/20150628/Images\MRH_X_20150629_022128_056.img reduced chisqr: 1.5148.
			Message:"Tolerance seems to be too small."
04/08/2021 03:59:32 AM: minime90/mrh/2015/20150628/Images\MRH_X_20150629_022436_057.img reduced chisqr: 1.2312.
			Message:"Tolerance seems to be too small."
04/08/2021 03:59:38 AM: minime90/mrh/2015/20150628/Images\MRH_X_20150629_022744_058.img reduced chisqr: 1.6797.
			Message:"Tolerance seems to be too small."
04/08/2021 03:59:45 AM: minime90/mrh/2015/20150628/Images\MRH_X_20150629_023052_059.img reduced chisqr: 1.2680.
			Message:"Tolerance seems to be too small."
04/08/2021 03:59:51 AM: minime90/mrh/2015/20150628/Images\MRH_X_20150629_023448_060.img reduced chisqr: 1.8676.
			Message:"Tolerance seems to be too small."
04/08/2021 03:59:58 AM: minime90/mrh/2015/20150628/Images\MRH_X_20150629_023800_061.img reduced chisqr: 1.5063.
			Message:"Tolerance seems to be too small."
04/08/2021 04:00:04 AM: minime90/mrh/2015/20150628/Images\MRH_X_20150629_024109_062.img reduced chisqr: 1.5118.
			Message:"Tolerance seems to be too small."
04/08/2021 04:00:11 AM: minime90/mrh/2015/20150628/Images\MRH_X_20150629_024728_064.img reduced chisqr: 1.6820.
			Message:"Tolerance seems to be too small."
04/08/2021 04:00:17 AM: minime90/mrh/2015/20150628/Images\MRH_X_20150629_025037_065.img reduced chisqr: 1.4656.
			Message:"Tolerance seems to be too small."
04/08/2021 04:00:24 AM: minime90/mrh/2015/20150628/Images\MRH_X_20150629_025346_066.img reduced chisqr: 1.1883.
			Message:"Tolerance seems to be too small."
04/08/2021 04:00:30 AM: minime90/mrh/2015/20150628/Images\MRH_X_20150629_025654_067.img reduced chisqr: 1.3213.
			Message:"Tolerance seems to be too small."
04/08/2021 04:00:36 AM: minime90/mrh/2015/20150628/Images\MRH_X_20150629_030002_068.img reduced chisqr: 1.4720.
			Message:"Tolerance seems to be too small."
04/08/2021 04:00:43 AM: minime90/mrh/2015/20150628/Images\MRH_X_20150629_030310_069.img reduced chisqr: 1.2761.
			Message:"Tolerance seems to be too small."
04/08/2021 04:00:49 AM: minime90/mrh/2015/20150628/Images\MRH_X_20150629_030706_070.img reduced chisqr: 1.5594.
			Message:"Tolerance seems to be too small."
04/08/2021 04:00:56 AM: minime90/mrh/2015/20150628/Images\MRH_X_20150629_031018_071.img reduced chisqr: 1.4713.
			Message:"Tolerance seems to be too small."
04/08/2021 04:01:02 AM: minime90/mrh/2015/20150628/Images\MRH_X_20150629_031327_072.img reduced chisqr: 1.3925.
			Message:"Tolerance seems to be too small."
04/08/2021 04:01:09 AM: minime90/mrh/2015/20150628/Images\MRH_X_20150629_032605_076.img reduced chisqr: 1.2575.
			Message:"Tolerance seems to be too small."
04/08/2021 04:01:15 AM: minime90/mrh/2015/20150628/Images\MRH_X_20150629_032913_077.img reduced chisqr: 1.2666.
			Message:"Tolerance seems to be too small."
04/08/2021 04:01:22 AM: minime90/mrh/2015/20150628/Images\MRH_X_20150629_033221_078.img reduced chisqr: 1.4367.
			Message:"Tolerance seems to be too small."
04/08/2021 04:01:28 AM: minime90/mrh/2015/20150628/Images\MRH_X_20150629_033529_079.img reduced chisqr: 1.5857.
			Message:"Tolerance seems to be too small."
04/08/2021 04:01:35 AM: minime90/mrh/2015/20150628/Images\MRH_X_20150629_033925_080.img reduced chisqr: 1.6561.
			Message:"Tolerance seems to be too small."
04/08/2021 04:01:41 AM: minime90/mrh/2015/20150628/Images\MRH_X_20150629_034236_081.img reduced chisqr: 1.4524.
			Message:"Tolerance seems to be too small."
04/08/2021 04:01:48 AM: minime90/mrh/2015/20150628/Images\MRH_X_20150629_034546_082.img reduced chisqr: 1.5594.
			Message:"Tolerance seems to be too small."
04/08/2021 04:01:55 AM: minime90/mrh/2015/20150628/Images\MRH_X_20150629_035823_086.img reduced chisqr: 1.4737.
			Message:"Tolerance seems to be too small."
04/08/2021 04:02:01 AM: minime90/mrh/2015/20150628/Images\MRH_X_20150629_040131_087.img reduced chisqr: 1.4432.
			Message:"Tolerance seems to be too small."
04/08/2021 04:02:08 AM: minime90/mrh/2015/20150628/Images\MRH_X_20150629_040439_088.img reduced chisqr: 1.4620.
			Message:"Tolerance seems to be too small."
04/08/2021 04:02:14 AM: minime90/mrh/2015/20150628/Images\MRH_X_20150629_040747_089.img reduced chisqr: 1.6762.
			Message:"Tolerance seems to be too small."
04/08/2021 04:02:21 AM: minime90/mrh/2015/20150628/Images\MRH_X_20150629_041143_090.img reduced chisqr: 1.3590.
			Message:"Tolerance seems to be too small."
04/08/2021 04:02:27 AM: minime90/mrh/2015/20150628/Images\MRH_X_20150629_041455_091.img reduced chisqr: 1.3704.
			Message:"Tolerance seems to be too small."
04/08/2021 04:02:34 AM: minime90/mrh/2015/20150628/Images\MRH_X_20150629_041804_092.img reduced chisqr: 1.3335.
			Message:"Tolerance seems to be too small."
04/08/2021 04:02:40 AM: minime90/mrh/2015/20150628/Images\MRH_X_20150629_044402_100.img reduced chisqr: 1.3298.
			Message:"Tolerance seems to be too small."
04/08/2021 04:02:46 AM: minime90/mrh/2015/20150628/Images\MRH_X_20150629_044713_101.img reduced chisqr: 1.2500.
			Message:"Tolerance seems to be too small."
04/08/2021 04:02:53 AM: minime90/mrh/2015/20150628/Images\MRH_X_20150629_045023_102.img reduced chisqr: 1.2502.
			Message:"Tolerance seems to be too small."
04/08/2021 04:02:59 AM: minime90/mrh/2015/20150628/Images\MRH_X_20150629_051620_110.img reduced chisqr: 1.4713.
			Message:"Tolerance seems to be too small."
04/08/2021 04:03:06 AM: minime90/mrh/2015/20150628/Images\MRH_X_20150629_051931_111.img reduced chisqr: 1.1110.
			Message:"Tolerance seems to be too small."
04/08/2021 04:03:12 AM: minime90/mrh/2015/20150628/Images\MRH_X_20150629_052240_112.img reduced chisqr: 1.3516.
			Message:"Tolerance seems to be too small."
04/08/2021 04:03:19 AM: minime90/mrh/2015/20150628/Images\MRH_X_20150629_052550_113.img reduced chisqr: 1.2917.
			Message:"Tolerance seems to be too small."
04/08/2021 04:03:25 AM: minime90/mrh/2015/20150628/Images\MRH_X_20150629_053518_116.img reduced chisqr: 1.4176.
			Message:"Tolerance seems to be too small."
04/08/2021 04:03:32 AM: minime90/mrh/2015/20150628/Images\MRH_X_20150629_053826_117.img reduced chisqr: 1.3199.
			Message:"Tolerance seems to be too small."
04/08/2021 04:03:38 AM: minime90/mrh/2015/20150628/Images\MRH_X_20150629_054134_118.img reduced chisqr: 1.5998.
			Message:"Tolerance seems to be too small."
04/08/2021 04:03:45 AM: minime90/mrh/2015/20150628/Images\MRH_X_20150629_054442_119.img reduced chisqr: 1.3303.
			Message:"Tolerance seems to be too small."
04/08/2021 04:03:51 AM: minime90/mrh/2015/20150628/Images\MRH_X_20150629_054838_120.img reduced chisqr: 1.4619.
			Message:"Tolerance seems to be too small."
04/08/2021 04:03:58 AM: minime90/mrh/2015/20150628/Images\MRH_X_20150629_055150_121.img reduced chisqr: 1.3842.
			Message:"Tolerance seems to be too small."
04/08/2021 04:04:04 AM: minime90/mrh/2015/20150628/Images\MRH_X_20150629_055459_122.img reduced chisqr: 1.2345.
			Message:"Tolerance seems to be too small."
04/08/2021 04:04:11 AM: minime90/mrh/2015/20150628/Images\MRH_X_20150629_055808_123.img reduced chisqr: 1.4942.
			Message:"Tolerance seems to be too small."
04/08/2021 04:04:17 AM: minime90/mrh/2015/20150628/Images\MRH_X_20150629_060736_126.img reduced chisqr: 1.3514.
			Message:"Tolerance seems to be too small."
04/08/2021 04:04:24 AM: minime90/mrh/2015/20150628/Images\MRH_X_20150629_061044_127.img reduced chisqr: 1.2100.
			Message:"Tolerance seems to be too small."
04/08/2021 04:04:30 AM: minime90/mrh/2015/20150628/Images\MRH_X_20150629_061352_128.img reduced chisqr: 1.3772.
			Message:"Tolerance seems to be too small."
04/08/2021 04:04:37 AM: minime90/mrh/2015/20150628/Images\MRH_X_20150629_061700_129.img reduced chisqr: 1.3717.
			Message:"Tolerance seems to be too small."
04/08/2021 04:04:43 AM: minime90/mrh/2015/20150628/Images\MRH_X_20150629_062057_130.img reduced chisqr: 1.1851.
			Message:"Tolerance seems to be too small."
04/08/2021 04:04:50 AM: minime90/mrh/2015/20150628/Images\MRH_X_20150629_062408_131.img reduced chisqr: 1.3240.
			Message:"Tolerance seems to be too small."
04/08/2021 04:04:56 AM: minime90/mrh/2015/20150628/Images\MRH_X_20150629_062717_132.img reduced chisqr: 1.2849.
			Message:"Tolerance seems to be too small."
04/08/2021 04:05:03 AM: minime90/mrh/2015/20150628/Images\MRH_X_20150629_063026_133.img reduced chisqr: 1.2086.
			Message:"Tolerance seems to be too small."
04/08/2021 04:05:09 AM: minime90/mrh/2015/20150628/Images\MRH_X_20150629_063954_136.img reduced chisqr: 1.2626.
			Message:"Tolerance seems to be too small."
04/08/2021 04:05:16 AM: minime90/mrh/2015/20150628/Images\MRH_X_20150629_064303_137.img reduced chisqr: 1.2817.
			Message:"Tolerance seems to be too small."
04/08/2021 04:05:22 AM: minime90/mrh/2015/20150628/Images\MRH_X_20150629_064610_138.img reduced chisqr: 1.2945.
			Message:"Tolerance seems to be too small."
04/08/2021 04:05:29 AM: minime90/mrh/2015/20150628/Images\MRH_X_20150629_064919_139.img reduced chisqr: 1.3565.
			Message:"Tolerance seems to be too small."
04/08/2021 04:05:35 AM: minime90/mrh/2015/20150628/Images\MRH_X_20150629_065315_140.img reduced chisqr: 1.3667.
			Message:"Tolerance seems to be too small."
04/08/2021 04:05:41 AM: minime90/mrh/2015/20150628/Images\MRH_X_20150629_065626_141.img reduced chisqr: 1.2675.
			Message:"Tolerance seems to be too small."
04/08/2021 04:05:48 AM: minime90/mrh/2015/20150628/Images\MRH_X_20150629_065935_142.img reduced chisqr: 1.0809.
			Message:"Tolerance seems to be too small."
04/08/2021 04:05:54 AM: minime90/mrh/2015/20150628/Images\MRH_X_20150629_070244_143.img reduced chisqr: 1.0526.
			Message:"Tolerance seems to be too small."
04/08/2021 04:06:01 AM: minime90/mrh/2015/20150628/Images\MRH_X_20150629_071213_146.img reduced chisqr: 1.2368.
			Message:"Tolerance seems to be too small."
04/08/2021 04:06:07 AM: minime90/mrh/2015/20150628/Images\MRH_X_20150629_071521_147.img reduced chisqr: 1.2545.
			Message:"Tolerance seems to be too small."
04/08/2021 04:06:13 AM: minime90/mrh/2015/20150628/Images\MRH_X_20150629_071829_148.img reduced chisqr: 1.1252.
			Message:"Tolerance seems to be too small."
04/08/2021 04:06:20 AM: minime90/mrh/2015/20150628/Images\MRH_X_20150629_072137_149.img reduced chisqr: 1.3945.
			Message:"Tolerance seems to be too small."
04/08/2021 04:06:26 AM: minime90/mrh/2015/20150628/Images\MRH_X_20150629_072533_150.img reduced chisqr: 1.2498.
			Message:"Tolerance seems to be too small."
04/08/2021 04:06:33 AM: minime90/mrh/2015/20150628/Images\MRH_X_20150629_072844_151.img reduced chisqr: 1.2379.
			Message:"Tolerance seems to be too small."
04/08/2021 04:06:39 AM: minime90/mrh/2015/20150628/Images\MRH_X_20150629_073153_152.img reduced chisqr: 1.1402.
			Message:"Tolerance seems to be too small."
04/08/2021 04:06:46 AM: minime90/mrh/2015/20150628/Images\MRH_X_20150629_073503_153.img reduced chisqr: 1.1452.
			Message:"Tolerance seems to be too small."
04/08/2021 04:06:52 AM: minime90/mrh/2015/20150628/Images\MRH_X_20150629_073812_154.img reduced chisqr: 1.3492.
			Message:"Tolerance seems to be too small."
04/08/2021 04:06:59 AM: minime90/mrh/2015/20150628/Images\MRH_X_20150629_074431_156.img reduced chisqr: 1.2698.
			Message:"Tolerance seems to be too small."
04/08/2021 04:07:05 AM: minime90/mrh/2015/20150628/Images\MRH_X_20150629_074739_157.img reduced chisqr: 1.1309.
			Message:"Tolerance seems to be too small."
04/08/2021 04:07:12 AM: minime90/mrh/2015/20150628/Images\MRH_X_20150629_075047_158.img reduced chisqr: 1.2448.
			Message:"Tolerance seems to be too small."
04/08/2021 04:07:18 AM: minime90/mrh/2015/20150628/Images\MRH_X_20150629_075355_159.img reduced chisqr: 1.2305.
			Message:"Tolerance seems to be too small."
04/08/2021 04:07:25 AM: minime90/mrh/2015/20150628/Images\MRH_X_20150629_075751_160.img reduced chisqr: 1.0348.
			Message:"Tolerance seems to be too small."
04/08/2021 04:07:31 AM: minime90/mrh/2015/20150628/Images\MRH_X_20150629_080102_161.img reduced chisqr: 1.1063.
			Message:"Tolerance seems to be too small."
04/08/2021 04:07:38 AM: minime90/mrh/2015/20150628/Images\MRH_X_20150629_080412_162.img reduced chisqr: 1.3048.
			Message:"Tolerance seems to be too small."
04/08/2021 04:07:45 AM: minime90/mrh/2015/20150628/Images\MRH_X_20150629_080721_163.img reduced chisqr: 1.0434.
			Message:"Tolerance seems to be too small."
04/08/2021 04:07:51 AM: minime90/mrh/2015/20150628/Images\MRH_X_20150629_081030_164.img reduced chisqr: 1.0941.
			Message:"Tolerance seems to be too small."
04/08/2021 04:07:57 AM: minime90/mrh/2015/20150628/Images\MRH_X_20150629_081339_165.img reduced chisqr: 1.1668.
			Message:"Tolerance seems to be too small."
04/08/2021 04:08:04 AM: minime90/mrh/2015/20150628/Images\MRH_X_20150629_081649_166.img reduced chisqr: 1.0217.
			Message:"Tolerance seems to be too small."
04/08/2021 04:08:10 AM: minime90/mrh/2015/20150628/Images\MRH_X_20150629_081957_167.img reduced chisqr: 1.0370.
			Message:"Tolerance seems to be too small."
04/08/2021 04:08:17 AM: minime90/mrh/2015/20150628/Images\MRH_X_20150629_082305_168.img reduced chisqr: 1.1219.
			Message:"Tolerance seems to be too small."
04/08/2021 04:08:24 AM: minime90/mrh/2015/20150628/Images\MRH_X_20150629_082613_169.img reduced chisqr: 0.9631.
			Message:"Tolerance seems to be too small."
04/08/2021 04:08:30 AM: minime90/mrh/2015/20150628/Images\MRH_X_20150629_083009_170.img reduced chisqr: 1.0896.
			Message:"Tolerance seems to be too small."
04/08/2021 04:08:36 AM: minime90/mrh/2015/20150628/Images\MRH_X_20150629_083320_171.img reduced chisqr: 1.3065.
			Message:"Tolerance seems to be too small."
04/08/2021 04:08:43 AM: minime90/mrh/2015/20150628/Images\MRH_X_20150629_083629_172.img reduced chisqr: 1.0264.
			Message:"Tolerance seems to be too small."
04/08/2021 04:08:49 AM: minime90/mrh/2015/20150628/Images\MRH_X_20150629_083938_173.img reduced chisqr: 1.2297.
			Message:"Tolerance seems to be too small."
04/08/2021 04:08:56 AM: minime90/mrh/2015/20150628/Images\MRH_X_20150629_084248_174.img reduced chisqr: 1.2165.
			Message:"Tolerance seems to be too small."
04/08/2021 04:09:02 AM: minime90/mrh/2015/20150628/Images\MRH_X_20150629_084557_175.img reduced chisqr: 1.3863.
			Message:"Tolerance seems to be too small."
04/08/2021 04:09:08 AM: minime90/mrh/2015/20150628/Images\MRH_X_20150629_084906_176.img reduced chisqr: 1.1203.
			Message:"Tolerance seems to be too small."
04/08/2021 04:09:15 AM: minime90/mrh/2015/20150628/Images\MRH_X_20150629_085214_177.img reduced chisqr: 1.4174.
			Message:"Tolerance seems to be too small."
04/08/2021 04:09:21 AM: minime90/mrh/2015/20150628/Images\MRH_X_20150629_085522_178.img reduced chisqr: 1.2081.
			Message:"Tolerance seems to be too small."
04/08/2021 04:09:28 AM: minime90/mrh/2015/20150628/Images\MRH_X_20150629_085830_179.img reduced chisqr: 1.7037.
			Message:"Tolerance seems to be too small."
04/08/2021 04:09:34 AM: minime90/mrh/2015/20150628/Images\MRH_X_20150629_090226_180.img reduced chisqr: 1.1030.
			Message:"Tolerance seems to be too small."
04/08/2021 04:09:40 AM: minime90/mrh/2015/20150628/Images\MRH_X_20150629_090538_181.img reduced chisqr: 1.0140.
			Message:"Tolerance seems to be too small."
04/08/2021 04:09:47 AM: minime90/mrh/2015/20150628/Images\MRH_X_20150629_090847_182.img reduced chisqr: 1.2254.
			Message:"Tolerance seems to be too small."
04/08/2021 04:09:53 AM: minime90/mrh/2015/20150628/Images\MRH_X_20150629_091156_183.img reduced chisqr: 1.0055.
			Message:"Tolerance seems to be too small."
04/08/2021 04:09:59 AM: minime90/mrh/2015/20150628/Images\MRH_X_20150629_091506_184.img reduced chisqr: 1.0945.
			Message:"Tolerance seems to be too small."
04/08/2021 04:10:06 AM: minime90/mrh/2015/20150628/Images\MRH_X_20150629_091815_185.img reduced chisqr: 1.5398.
			Message:"Tolerance seems to be too small."
04/08/2021 04:10:12 AM: minime90/mrh/2015/20150628/Images\MRH_X_20150629_092124_186.img reduced chisqr: 1.3140.
			Message:"Tolerance seems to be too small."
04/08/2021 04:10:19 AM: minime90/mrh/2015/20150628/Images\MRH_X_20150629_092432_187.img reduced chisqr: 1.0119.
			Message:"Tolerance seems to be too small."
04/08/2021 04:10:25 AM: minime90/mrh/2015/20150628/Images\MRH_X_20150629_092740_188.img reduced chisqr: 1.0786.
			Message:"Tolerance seems to be too small."
04/08/2021 04:10:31 AM: minime90/mrh/2015/20150628/Images\MRH_X_20150629_093048_189.img reduced chisqr: 1.0265.
			Message:"Tolerance seems to be too small."
04/08/2021 04:10:38 AM: minime90/mrh/2015/20150628/Images\MRH_X_20150629_093444_190.img reduced chisqr: 1.1307.
			Message:"Tolerance seems to be too small."
04/08/2021 04:10:44 AM: minime90/mrh/2015/20150628/Images\MRH_X_20150629_093755_191.img reduced chisqr: 1.2576.
			Message:"Tolerance seems to be too small."
04/08/2021 04:10:51 AM: minime90/mrh/2015/20150628/Images\MRH_X_20150629_094105_192.img reduced chisqr: 1.0773.
			Message:"Tolerance seems to be too small."
04/08/2021 04:10:57 AM: minime90/mrh/2015/20150628/Images\MRH_X_20150629_094414_193.img reduced chisqr: 1.0089.
			Message:"Tolerance seems to be too small."
04/08/2021 04:11:04 AM: minime90/mrh/2015/20150628/Images\MRH_X_20150629_094723_194.img reduced chisqr: 0.9990.
			Message:"Tolerance seems to be too small."
04/08/2021 04:11:10 AM: minime90/mrh/2015/20150628/Images\MRH_X_20150629_095033_195.img reduced chisqr: 1.1117.
			Message:"Tolerance seems to be too small."
04/08/2021 04:11:16 AM: minime90/mrh/2015/20150628/Images\MRH_X_20150629_095342_196.img reduced chisqr: 1.1221.
			Message:"Tolerance seems to be too small."
04/08/2021 04:11:23 AM: minime90/mrh/2015/20150628/Images\MRH_X_20150629_095650_197.img reduced chisqr: 1.2092.
			Message:"Tolerance seems to be too small."
04/08/2021 04:11:29 AM: minime90/mrh/2015/20150628/Images\MRH_X_20150629_095958_198.img reduced chisqr: 0.9718.
			Message:"Tolerance seems to be too small."
04/08/2021 04:11:35 AM: minime90/mrh/2015/20150628/Images\MRH_X_20150629_100306_199.img reduced chisqr: 0.9140.
			Message:"Tolerance seems to be too small."
04/08/2021 04:11:42 AM: minime90/mrh/2015/20150628/Images\MRH_X_20150629_100702_200.img reduced chisqr: 0.9893.
			Message:"Tolerance seems to be too small."
04/08/2021 04:11:48 AM: minime90/mrh/2015/20150628/Images\MRH_X_20150629_101014_201.img reduced chisqr: 1.0555.
			Message:"Tolerance seems to be too small."
04/08/2021 04:11:54 AM: minime90/mrh/2015/20150628/Images\MRH_X_20150629_101323_202.img reduced chisqr: 0.9662.
			Message:"Tolerance seems to be too small."
04/08/2021 04:12:00 AM: minime90/mrh/2015/20150628/Images\MRH_X_20150629_101632_203.img reduced chisqr: 0.8926.
			Message:"Tolerance seems to be too small."
04/08/2021 04:12:07 AM: minime90/mrh/2015/20150628/Images\MRH_X_20150629_101942_204.img reduced chisqr: 1.2381.
			Message:"Tolerance seems to be too small."
04/08/2021 04:12:13 AM: minime90/mrh/2015/20150628/Images\MRH_X_20150629_102251_205.img reduced chisqr: 1.0094.
			Message:"Tolerance seems to be too small."
04/08/2021 04:12:19 AM: minime90/mrh/2015/20150628/Images\MRH_X_20150629_102600_206.img reduced chisqr: 1.1125.
			Message:"Tolerance seems to be too small."
04/08/2021 04:12:26 AM: minime90/mrh/2015/20150628/Images\MRH_X_20150629_102908_207.img reduced chisqr: 1.0840.
			Message:"Tolerance seems to be too small."
04/08/2021 04:12:32 AM: minime90/mrh/2015/20150628/Images\MRH_X_20150629_103216_208.img reduced chisqr: 1.1748.
			Message:"Tolerance seems to be too small."
04/08/2021 04:12:39 AM: minime90/mrh/2015/20150628/Images\MRH_X_20150629_103524_209.img reduced chisqr: 1.2366.
			Message:"Tolerance seems to be too small."
04/08/2021 04:12:45 AM: minime90/mrh/2015/20150628/Images\MRH_X_20150629_103920_210.img reduced chisqr: 1.1955.
			Message:"Tolerance seems to be too small."
04/08/2021 04:12:51 AM: minime90/mrh/2015/20150628/Images\MRH_X_20150629_104232_211.img reduced chisqr: 1.6255.
			Message:"Tolerance seems to be too small."
04/08/2021 04:12:57 AM: minime90/mrh/2015/20150628/Images\MRH_X_20150629_104541_212.img reduced chisqr: 2.1805.
			Message:"Tolerance seems to be too small."
04/08/2021 04:12:57 AM: WARNING: Exposure time is not changing.
04/08/2021 04:12:58 AM: Created diagnostic plots.
04/08/2021 04:12:58 AM: Laser and sky image analysis complete.
04/08/2021 04:12:58 AM: No Boltwood cloud sensor data found.
04/08/2021 04:12:58 AM: No X300 temperature sensor data found.
04/08/2021 04:12:58 AM:  Quality Flag Calculation:
		Manual Wind Flag: 0
		Manual Temperature Flag: 0
		Laser Drift: False
		Sample-specific flags:
		Images\MRH_X_20150628_235318_010.img [no cloud data W1T1] [FINAL: W1T1]
		Images\MRH_X_20150629_000558_014.img [no cloud data W1T1] [FINAL: W1T1]
		Images\MRH_X_20150629_000907_015.img [no cloud data W1T1] [FINAL: W1T1]
		Images\MRH_X_20150629_001216_016.img [no cloud data W1T1] [FINAL: W1T1]
		Images\MRH_X_20150629_001524_017.img [no cloud data W1T1] [FINAL: W1T1]
		Images\MRH_X_20150629_001832_018.img [no cloud data W1T1] [FINAL: W1T1]
		Images\MRH_X_20150629_002140_019.img [no cloud data W1T1] [FINAL: W1T1]
		Images\MRH_X_20150629_002536_020.img [no cloud data W1T1] [FINAL: W1T1]
		Images\MRH_X_20150629_003816_024.img [no cloud data W1T1] [FINAL: W1T1]
		Images\MRH_X_20150629_004125_025.img [no cloud data W1T1] [FINAL: W1T1]
		Images\MRH_X_20150629_004434_026.img [no cloud data W1T1] [FINAL: W1T1]
		Images\MRH_X_20150629_004742_027.img [no cloud data W1T1] [FINAL: W1T1]
		Images\MRH_X_20150629_005050_028.img [no cloud data W1T1] [FINAL: W1T1]
		Images\MRH_X_20150629_005358_029.img [no cloud data W1T1] [FINAL: W1T1]
		Images\MRH_X_20150629_005754_030.img [no cloud data W1T1] [FINAL: W1T1]
		Images\MRH_X_20150629_011034_034.img [no cloud data W1T1] [FINAL: W1T1]
		Images\MRH_X_20150629_011343_035.img [no cloud data W1T1] [FINAL: W1T1]
		Images\MRH_X_20150629_011652_036.img [no cloud data W1T1] [FINAL: W1T1]
		Images\MRH_X_20150629_012000_037.img [no cloud data W1T1] [FINAL: W1T1]
		Images\MRH_X_20150629_012308_038.img [no cloud data W1T1] [FINAL: W1T1]
		Images\MRH_X_20150629_012616_039.img [no cloud data W1T1] [FINAL: W1T1]
		Images\MRH_X_20150629_013012_040.img [no cloud data W1T1] [FINAL: W1T1]
		Images\MRH_X_20150629_014252_044.img [no cloud data W1T1] [FINAL: W1T1]
		Images\MRH_X_20150629_014601_045.img [no cloud data W1T1] [FINAL: W1T1]
		Images\MRH_X_20150629_014910_046.img [no cloud data W1T1] [FINAL: W1T1]
		Images\MRH_X_20150629_015218_047.img [no cloud data W1T1] [FINAL: W1T1]
		Images\MRH_X_20150629_015526_048.img [no cloud data W1T1] [FINAL: W1T1]
		Images\MRH_X_20150629_015834_049.img [no cloud data W1T1] [FINAL: W1T1]
		Images\MRH_X_20150629_020230_050.img [no cloud data W1T1] [FINAL: W1T1]
		Images\MRH_X_20150629_020851_052.img [no cloud data W1T1] [FINAL: W1T1]
		Images\MRH_X_20150629_021510_054.img [no cloud data W1T1] [FINAL: W1T1]
		Images\MRH_X_20150629_021819_055.img [no cloud data W1T1] [FINAL: W1T1]
		Images\MRH_X_20150629_022128_056.img [no cloud data W1T1] [FINAL: W1T1]
		Images\MRH_X_20150629_022436_057.img [no cloud data W1T1] [FINAL: W1T1]
		Images\MRH_X_20150629_022744_058.img [no cloud data W1T1] [FINAL: W1T1]
		Images\MRH_X_20150629_023052_059.img [no cloud data W1T1] [FINAL: W1T1]
		Images\MRH_X_20150629_023448_060.img [no cloud data W1T1] [FINAL: W1T1]
		Images\MRH_X_20150629_023800_061.img [no cloud data W1T1] [FINAL: W1T1]
		Images\MRH_X_20150629_024109_062.img [no cloud data W1T1] [FINAL: W1T1]
		Images\MRH_X_20150629_024728_064.img [no cloud data W1T1] [FINAL: W1T1]
		Images\MRH_X_20150629_025037_065.img [no cloud data W1T1] [FINAL: W1T1]
		Images\MRH_X_20150629_025346_066.img [no cloud data W1T1] [FINAL: W1T1]
		Images\MRH_X_20150629_025654_067.img [no cloud data W1T1] [FINAL: W1T1]
		Images\MRH_X_20150629_030002_068.img [no cloud data W1T1] [FINAL: W1T1]
		Images\MRH_X_20150629_030310_069.img [no cloud data W1T1] [FINAL: W1T1]
		Images\MRH_X_20150629_030706_070.img [no cloud data W1T1] [FINAL: W1T1]
		Images\MRH_X_20150629_031018_071.img [no cloud data W1T1] [FINAL: W1T1]
		Images\MRH_X_20150629_031327_072.img [no cloud data W1T1] [FINAL: W1T1]
		Images\MRH_X_20150629_032605_076.img [no cloud data W1T1] [FINAL: W1T1]
		Images\MRH_X_20150629_032913_077.img [no cloud data W1T1] [FINAL: W1T1]
		Images\MRH_X_20150629_033221_078.img [no cloud data W1T1] [FINAL: W1T1]
		Images\MRH_X_20150629_033529_079.img [no cloud data W1T1] [FINAL: W1T1]
		Images\MRH_X_20150629_033925_080.img [no cloud data W1T1] [FINAL: W1T1]
		Images\MRH_X_20150629_034236_081.img [no cloud data W1T1] [FINAL: W1T1]
		Images\MRH_X_20150629_034546_082.img [no cloud data W1T1] [FINAL: W1T1]
		Images\MRH_X_20150629_035823_086.img [no cloud data W1T1] [FINAL: W1T1]
		Images\MRH_X_20150629_040131_087.img [no cloud data W1T1] [FINAL: W1T1]
		Images\MRH_X_20150629_040439_088.img [no cloud data W1T1] [FINAL: W1T1]
		Images\MRH_X_20150629_040747_089.img [no cloud data W1T1] [FINAL: W1T1]
		Images\MRH_X_20150629_041143_090.img [no cloud data W1T1] [FINAL: W1T1]
		Images\MRH_X_20150629_041455_091.img [no cloud data W1T1] [FINAL: W1T1]
		Images\MRH_X_20150629_041804_092.img [no cloud data W1T1] [FINAL: W1T1]
		Images\MRH_X_20150629_044402_100.img [no cloud data W1T1] [FINAL: W1T1]
		Images\MRH_X_20150629_044713_101.img [no cloud data W1T1] [FINAL: W1T1]
		Images\MRH_X_20150629_045023_102.img [no cloud data W1T1] [FINAL: W1T1]
		Images\MRH_X_20150629_051620_110.img [no cloud data W1T1] [FINAL: W1T1]
		Images\MRH_X_20150629_051931_111.img [no cloud data W1T1] [FINAL: W1T1]
		Images\MRH_X_20150629_052240_112.img [no cloud data W1T1] [FINAL: W1T1]
		Images\MRH_X_20150629_052550_113.img [no cloud data W1T1] [FINAL: W1T1]
		Images\MRH_X_20150629_053518_116.img [no cloud data W1T1] [FINAL: W1T1]
		Images\MRH_X_20150629_053826_117.img [no cloud data W1T1] [FINAL: W1T1]
		Images\MRH_X_20150629_054134_118.img [no cloud data W1T1] [FINAL: W1T1]
		Images\MRH_X_20150629_054442_119.img [no cloud data W1T1] [FINAL: W1T1]
		Images\MRH_X_20150629_054838_120.img [no cloud data W1T1] [FINAL: W1T1]
		Images\MRH_X_20150629_055150_121.img [no cloud data W1T1] [FINAL: W1T1]
		Images\MRH_X_20150629_055459_122.img [no cloud data W1T1] [FINAL: W1T1]
		Images\MRH_X_20150629_055808_123.img [no cloud data W1T1] [FINAL: W1T1]
		Images\MRH_X_20150629_060736_126.img [no cloud data W1T1] [FINAL: W1T1]
		Images\MRH_X_20150629_061044_127.img [no cloud data W1T1] [FINAL: W1T1]
		Images\MRH_X_20150629_061352_128.img [no cloud data W1T1] [FINAL: W1T1]
		Images\MRH_X_20150629_061700_129.img [no cloud data W1T1] [FINAL: W1T1]
		Images\MRH_X_20150629_062057_130.img [no cloud data W1T1] [FINAL: W1T1]
		Images\MRH_X_20150629_062408_131.img [no cloud data W1T1] [FINAL: W1T1]
		Images\MRH_X_20150629_062717_132.img [no cloud data W1T1] [FINAL: W1T1]
		Images\MRH_X_20150629_063026_133.img [no cloud data W1T1] [FINAL: W1T1]
		Images\MRH_X_20150629_063954_136.img [no cloud data W1T1] [FINAL: W1T1]
		Images\MRH_X_20150629_064303_137.img [no cloud data W1T1] [FINAL: W1T1]
		Images\MRH_X_20150629_064610_138.img [no cloud data W1T1] [FINAL: W1T1]
		Images\MRH_X_20150629_064919_139.img [no cloud data W1T1] [FINAL: W1T1]
		Images\MRH_X_20150629_065315_140.img [no cloud data W1T1] [FINAL: W1T1]
		Images\MRH_X_20150629_065626_141.img [no cloud data W1T1] [FINAL: W1T1]
		Images\MRH_X_20150629_065935_142.img [no cloud data W1T1] [FINAL: W1T1]
		Images\MRH_X_20150629_070244_143.img [no cloud data W1T1] [FINAL: W1T1]
		Images\MRH_X_20150629_071213_146.img [no cloud data W1T1] [FINAL: W1T1]
		Images\MRH_X_20150629_071521_147.img [no cloud data W1T1] [FINAL: W1T1]
		Images\MRH_X_20150629_071829_148.img [no cloud data W1T1] [FINAL: W1T1]
		Images\MRH_X_20150629_072137_149.img [no cloud data W1T1] [FINAL: W1T1]
		Images\MRH_X_20150629_072533_150.img [no cloud data W1T1] [FINAL: W1T1]
		Images\MRH_X_20150629_072844_151.img [no cloud data W1T1] [FINAL: W1T1]
		Images\MRH_X_20150629_073153_152.img [no cloud data W1T1] [FINAL: W1T1]
		Images\MRH_X_20150629_073503_153.img [no cloud data W1T1] [FINAL: W1T1]
		Images\MRH_X_20150629_073812_154.img [no cloud data W1T1] [FINAL: W1T1]
		Images\MRH_X_20150629_074431_156.img [no cloud data W1T1] [FINAL: W1T1]
		Images\MRH_X_20150629_074739_157.img [no cloud data W1T1] [FINAL: W1T1]
		Images\MRH_X_20150629_075047_158.img [no cloud data W1T1] [FINAL: W1T1]
		Images\MRH_X_20150629_075355_159.img [no cloud data W1T1] [FINAL: W1T1]
		Images\MRH_X_20150629_075751_160.img [no cloud data W1T1] [FINAL: W1T1]
		Images\MRH_X_20150629_080102_161.img [no cloud data W1T1] [FINAL: W1T1]
		Images\MRH_X_20150629_080412_162.img [no cloud data W1T1] [FINAL: W1T1]
		Images\MRH_X_20150629_080721_163.img [no cloud data W1T1] [FINAL: W1T1]
		Images\MRH_X_20150629_081030_164.img [no cloud data W1T1] [FINAL: W1T1]
		Images\MRH_X_20150629_081339_165.img [no cloud data W1T1] [FINAL: W1T1]
		Images\MRH_X_20150629_081649_166.img [no cloud data W1T1] [FINAL: W1T1]
		Images\MRH_X_20150629_081957_167.img [no cloud data W1T1] [FINAL: W1T1]
		Images\MRH_X_20150629_082305_168.img [no cloud data W1T1] [FINAL: W1T1]
		Images\MRH_X_20150629_082613_169.img [no cloud data W1T1] [FINAL: W1T1]
		Images\MRH_X_20150629_083009_170.img [no cloud data W1T1] [FINAL: W1T1]
		Images\MRH_X_20150629_083320_171.img [no cloud data W1T1] [FINAL: W1T1]
		Images\MRH_X_20150629_083629_172.img [no cloud data W1T1] [FINAL: W1T1]
		Images\MRH_X_20150629_083938_173.img [no cloud data W1T1] [FINAL: W1T1]
		Images\MRH_X_20150629_084248_174.img [no cloud data W1T1] [FINAL: W1T1]
		Images\MRH_X_20150629_084557_175.img [no cloud data W1T1] [FINAL: W1T1]
		Images\MRH_X_20150629_084906_176.img [no cloud data W1T1] [FINAL: W1T1]
		Images\MRH_X_20150629_085214_177.img [no cloud data W1T1] [FINAL: W1T1]
		Images\MRH_X_20150629_085522_178.img [no cloud data W1T1] [FINAL: W1T1]
		Images\MRH_X_20150629_085830_179.img [no cloud data W1T1] [FINAL: W1T1]
		Images\MRH_X_20150629_090226_180.img [no cloud data W1T1] [FINAL: W1T1]
		Images\MRH_X_20150629_090538_181.img [no cloud data W1T1] [FINAL: W1T1]
		Images\MRH_X_20150629_090847_182.img [no cloud data W1T1] [FINAL: W1T1]
		Images\MRH_X_20150629_091156_183.img [no cloud data W1T1] [FINAL: W1T1]
		Images\MRH_X_20150629_091506_184.img [no cloud data W1T1] [FINAL: W1T1]
		Images\MRH_X_20150629_091815_185.img [no cloud data W1T1] [FINAL: W1T1]
		Images\MRH_X_20150629_092124_186.img [no cloud data W1T1] [FINAL: W1T1]
		Images\MRH_X_20150629_092432_187.img [no cloud data W1T1] [FINAL: W1T1]
		Images\MRH_X_20150629_092740_188.img [no cloud data W1T1] [FINAL: W1T1]
		Images\MRH_X_20150629_093048_189.img [no cloud data W1T1] [FINAL: W1T1]
		Images\MRH_X_20150629_093444_190.img [no cloud data W1T1] [FINAL: W1T1]
		Images\MRH_X_20150629_093755_191.img [no cloud data W1T1] [FINAL: W1T1]
		Images\MRH_X_20150629_094105_192.img [no cloud data W1T1] [FINAL: W1T1]
		Images\MRH_X_20150629_094414_193.img [no cloud data W1T1] [sigma_T large: W2T2] [FINAL: W2T2]
		Images\MRH_X_20150629_094723_194.img [no cloud data W1T1] [FINAL: W1T1]
		Images\MRH_X_20150629_095033_195.img [no cloud data W1T1] [sigma_T large: W2T2] [FINAL: W2T2]
		Images\MRH_X_20150629_095342_196.img [no cloud data W1T1] [sigma_T large: W2T2] [FINAL: W2T2]
		Images\MRH_X_20150629_095650_197.img [no cloud data W1T1] [sigma_T large: W2T2] [FINAL: W2T2]
		Images\MRH_X_20150629_095958_198.img [no cloud data W1T1] [FINAL: W1T1]
		Images\MRH_X_20150629_100306_199.img [no cloud data W1T1] [sigma_T large: W2T2] [FINAL: W2T2]
		Images\MRH_X_20150629_100702_200.img [no cloud data W1T1] [FINAL: W1T1]
		Images\MRH_X_20150629_101014_201.img [no cloud data W1T1] [sigma_T large: W2T2] [FINAL: W2T2]
		Images\MRH_X_20150629_101323_202.img [no cloud data W1T1] [FINAL: W1T1]
		Images\MRH_X_20150629_101632_203.img [no cloud data W1T1] [FINAL: W1T1]
		Images\MRH_X_20150629_101942_204.img [no cloud data W1T1] [FINAL: W1T1]
		Images\MRH_X_20150629_102251_205.img [no cloud data W1T1] [FINAL: W1T1]
		Images\MRH_X_20150629_102600_206.img [no cloud data W1T1] [FINAL: W1T1]
		Images\MRH_X_20150629_102908_207.img [no cloud data W1T1] [FINAL: W1T1]
		Images\MRH_X_20150629_103216_208.img [no cloud data W1T1] [FINAL: W1T1]
		Images\MRH_X_20150629_103524_209.img [no cloud data W1T1] [FINAL: W1T1]
		Images\MRH_X_20150629_103920_210.img [no cloud data W1T1] [FINAL: W1T1]
		Images\MRH_X_20150629_104232_211.img [no cloud data W1T1] [FINAL: W1T1]
		Images\MRH_X_20150629_104541_212.img [no cloud data W1T1] [FINAL: W1T1]
04/08/2021 04:12:58 AM: Results saved to results/minime90_mrh_20150628.npz
