04/08/2021 04:13:01 AM: Logfile Created
04/08/2021 04:13:01 AM: Sun up during minime90/mrh/2015/20150629/Images\MRH_L_20150629_231652_001.img. Ignoring this image...
04/08/2021 04:13:02 AM: minime90/mrh/2015/20150629/Images\MRH_L_20150629_235322_002.img center: 257.33, 254.47
04/08/2021 04:13:02 AM: minime90/mrh/2015/20150629/Images\MRH_L_20150630_002540_003.img center: 257.28, 254.46
04/08/2021 04:13:02 AM: minime90/mrh/2015/20150629/Images\MRH_L_20150630_005759_004.img center: 257.27, 254.48
04/08/2021 04:13:02 AM: minime90/mrh/2015/20150629/Images\MRH_L_20150630_013017_005.img center: 257.31, 254.49
04/08/2021 04:13:03 AM: minime90/mrh/2015/20150629/Images\MRH_L_20150630_020235_006.img center: 257.28, 254.50
04/08/2021 04:13:03 AM: minime90/mrh/2015/20150629/Images\MRH_L_20150630_023454_007.img center: 257.22, 254.54
04/08/2021 04:13:03 AM: minime90/mrh/2015/20150629/Images\MRH_L_20150630_030713_008.img center: 257.20, 254.52
04/08/2021 04:13:03 AM: minime90/mrh/2015/20150629/Images\MRH_L_20150630_033933_009.img center: 257.19, 254.57
04/08/2021 04:13:04 AM: minime90/mrh/2015/20150629/Images\MRH_L_20150630_041152_010.img center: 257.17, 254.55
04/08/2021 04:13:04 AM: minime90/mrh/2015/20150629/Images\MRH_L_20150630_044411_011.img center: 257.17, 254.58
04/08/2021 04:13:04 AM: minime90/mrh/2015/20150629/Images\MRH_L_20150630_051630_012.img center: 257.15, 254.56
04/08/2021 04:13:04 AM: minime90/mrh/2015/20150629/Images\MRH_L_20150630_054849_013.img center: 257.14, 254.58
04/08/2021 04:13:05 AM: minime90/mrh/2015/20150629/Images\MRH_L_20150630_062108_014.img center: 257.10, 254.61
04/08/2021 04:13:05 AM: minime90/mrh/2015/20150629/Images\MRH_L_20150630_065327_015.img center: 257.11, 254.62
04/08/2021 04:13:05 AM: minime90/mrh/2015/20150629/Images\MRH_L_20150630_072545_016.img center: 257.14, 254.60
04/08/2021 04:13:05 AM: minime90/mrh/2015/20150629/Images\MRH_L_20150630_075803_017.img center: 257.09, 254.62
04/08/2021 04:13:06 AM: minime90/mrh/2015/20150629/Images\MRH_L_20150630_083021_018.img center: 257.19, 254.66
04/08/2021 04:13:06 AM: minime90/mrh/2015/20150629/Images\MRH_L_20150630_090239_019.img center: 257.10, 254.61
04/08/2021 04:13:06 AM: minime90/mrh/2015/20150629/Images\MRH_L_20150630_093457_020.img center: 257.14, 254.63
04/08/2021 04:13:06 AM: minime90/mrh/2015/20150629/Images\MRH_L_20150630_100715_021.img center: 257.05, 254.62
04/08/2021 04:13:07 AM: minime90/mrh/2015/20150629/Images\MRH_L_20150630_103933_022.img center: 257.24, 254.60
04/08/2021 04:13:07 AM: minime90/mrh/2015/20150629/Images\MRH_L_20150630_104642_211.img center: 257.17, 254.64
04/08/2021 04:13:10 AM: minime90/mrh/2015/20150629/Images\MRH_L_20150629_235322_002.img reduced chisqr: 4.4009
04/08/2021 04:13:13 AM: minime90/mrh/2015/20150629/Images\MRH_L_20150630_002540_003.img reduced chisqr: 4.3737
04/08/2021 04:13:15 AM: minime90/mrh/2015/20150629/Images\MRH_L_20150630_005759_004.img reduced chisqr: 4.6242
04/08/2021 04:13:18 AM: minime90/mrh/2015/20150629/Images\MRH_L_20150630_013017_005.img reduced chisqr: 4.6543
04/08/2021 04:13:21 AM: minime90/mrh/2015/20150629/Images\MRH_L_20150630_020235_006.img reduced chisqr: 5.0837
04/08/2021 04:13:24 AM: minime90/mrh/2015/20150629/Images\MRH_L_20150630_023454_007.img reduced chisqr: 5.6263
04/08/2021 04:13:26 AM: minime90/mrh/2015/20150629/Images\MRH_L_20150630_030713_008.img reduced chisqr: 4.2965
04/08/2021 04:13:29 AM: minime90/mrh/2015/20150629/Images\MRH_L_20150630_033933_009.img reduced chisqr: 4.4759
04/08/2021 04:13:32 AM: minime90/mrh/2015/20150629/Images\MRH_L_20150630_041152_010.img reduced chisqr: 4.2171
04/08/2021 04:13:35 AM: minime90/mrh/2015/20150629/Images\MRH_L_20150630_044411_011.img reduced chisqr: 4.3830
04/08/2021 04:13:37 AM: minime90/mrh/2015/20150629/Images\MRH_L_20150630_051630_012.img reduced chisqr: 4.6714
04/08/2021 04:13:40 AM: minime90/mrh/2015/20150629/Images\MRH_L_20150630_054849_013.img reduced chisqr: 4.6653
04/08/2021 04:13:43 AM: minime90/mrh/2015/20150629/Images\MRH_L_20150630_062108_014.img reduced chisqr: 4.4033
04/08/2021 04:13:45 AM: minime90/mrh/2015/20150629/Images\MRH_L_20150630_065327_015.img reduced chisqr: 4.6733
04/08/2021 04:13:48 AM: minime90/mrh/2015/20150629/Images\MRH_L_20150630_072545_016.img reduced chisqr: 4.7540
04/08/2021 04:13:51 AM: minime90/mrh/2015/20150629/Images\MRH_L_20150630_075803_017.img reduced chisqr: 4.4046
04/08/2021 04:13:54 AM: minime90/mrh/2015/20150629/Images\MRH_L_20150630_083021_018.img reduced chisqr: 5.6984
04/08/2021 04:13:56 AM: minime90/mrh/2015/20150629/Images\MRH_L_20150630_090239_019.img reduced chisqr: 4.6497
04/08/2021 04:13:59 AM: minime90/mrh/2015/20150629/Images\MRH_L_20150630_093457_020.img reduced chisqr: 5.1398
04/08/2021 04:14:02 AM: minime90/mrh/2015/20150629/Images\MRH_L_20150630_100715_021.img reduced chisqr: 3.9643
04/08/2021 04:14:05 AM: minime90/mrh/2015/20150629/Images\MRH_L_20150630_103933_022.img reduced chisqr: 4.6834
04/08/2021 04:14:07 AM: minime90/mrh/2015/20150629/Images\MRH_L_20150630_104642_211.img reduced chisqr: 6.5600
04/08/2021 04:14:07 AM: minime90/mrh/2015/20150629/Images\MRH_X_20150629_232456_001.img not bounded by laser images. Ignoring this image...
04/08/2021 04:14:07 AM: minime90/mrh/2015/20150629/Images\MRH_X_20150629_232806_002.img not bounded by laser images. Ignoring this image...
04/08/2021 04:14:07 AM: minime90/mrh/2015/20150629/Images\MRH_X_20150629_233115_003.img not bounded by laser images. Ignoring this image...
04/08/2021 04:14:07 AM: minime90/mrh/2015/20150629/Images\MRH_X_20150629_233425_004.img not bounded by laser images. Ignoring this image...
04/08/2021 04:14:07 AM: minime90/mrh/2015/20150629/Images\MRH_X_20150629_233734_005.img not bounded by laser images. Ignoring this image...
04/08/2021 04:14:07 AM: minime90/mrh/2015/20150629/Images\MRH_X_20150629_234043_006.img not bounded by laser images. Ignoring this image...
04/08/2021 04:14:07 AM: minime90/mrh/2015/20150629/Images\MRH_X_20150629_234351_007.img not bounded by laser images. Ignoring this image...
04/08/2021 04:14:07 AM: minime90/mrh/2015/20150629/Images\MRH_X_20150629_234659_008.img not bounded by laser images. Ignoring this image...
04/08/2021 04:14:07 AM: minime90/mrh/2015/20150629/Images\MRH_X_20150629_235007_009.img not bounded by laser images. Ignoring this image...
04/08/2021 04:14:07 AM: minime90/mrh/2015/20150629/Images\MRH_X_20150629_235715_011.img is looking too close to the moon (32.1 deg). Ignoring this image...
04/08/2021 04:14:07 AM: minime90/mrh/2015/20150629/Images\MRH_X_20150630_000024_012.img is looking too close to the moon (1.5 deg). Ignoring this image...
04/08/2021 04:14:07 AM: minime90/mrh/2015/20150629/Images\MRH_X_20150630_002933_021.img is looking too close to the moon (28.6 deg). Ignoring this image...
04/08/2021 04:14:07 AM: minime90/mrh/2015/20150629/Images\MRH_X_20150630_003242_022.img is looking too close to the moon (9.0 deg). Ignoring this image...
04/08/2021 04:14:07 AM: minime90/mrh/2015/20150629/Images\MRH_X_20150630_010151_031.img is looking too close to the moon (26.4 deg). Ignoring this image...
04/08/2021 04:14:07 AM: minime90/mrh/2015/20150629/Images\MRH_X_20150630_010500_032.img is looking too close to the moon (16.5 deg). Ignoring this image...
04/08/2021 04:14:07 AM: minime90/mrh/2015/20150629/Images\MRH_X_20150630_010810_033.img is looking too close to the moon (32.9 deg). Ignoring this image...
04/08/2021 04:14:07 AM: minime90/mrh/2015/20150629/Images\MRH_X_20150630_013410_041.img is looking too close to the moon (25.8 deg). Ignoring this image...
04/08/2021 04:14:07 AM: minime90/mrh/2015/20150629/Images\MRH_X_20150630_013719_042.img is looking too close to the moon (24.0 deg). Ignoring this image...
04/08/2021 04:14:07 AM: minime90/mrh/2015/20150629/Images\MRH_X_20150630_014028_043.img is looking too close to the moon (25.5 deg). Ignoring this image...
04/08/2021 04:14:07 AM: minime90/mrh/2015/20150629/Images\MRH_X_20150630_020628_051.img is looking too close to the moon (26.8 deg). Ignoring this image...
04/08/2021 04:14:07 AM: minime90/mrh/2015/20150629/Images\MRH_X_20150630_020937_052.img is looking too close to the moon (31.6 deg). Ignoring this image...
04/08/2021 04:14:07 AM: minime90/mrh/2015/20150629/Images\MRH_X_20150630_021246_053.img is looking too close to the moon (18.1 deg). Ignoring this image...
04/08/2021 04:14:07 AM: minime90/mrh/2015/20150629/Images\MRH_X_20150630_023847_061.img is looking too close to the moon (29.4 deg). Ignoring this image...
04/08/2021 04:14:07 AM: minime90/mrh/2015/20150629/Images\MRH_X_20150630_024505_063.img is looking too close to the moon (11.2 deg). Ignoring this image...
04/08/2021 04:14:07 AM: minime90/mrh/2015/20150629/Images\MRH_X_20150630_031106_071.img is looking too close to the moon (33.2 deg). Ignoring this image...
04/08/2021 04:14:07 AM: minime90/mrh/2015/20150629/Images\MRH_X_20150630_031725_073.img is looking too close to the moon (6.2 deg). Ignoring this image...
04/08/2021 04:14:07 AM: minime90/mrh/2015/20150629/Images\MRH_X_20150630_034944_083.img is looking too close to the moon (8.3 deg). Ignoring this image...
04/08/2021 04:14:07 AM: minime90/mrh/2015/20150629/Images\MRH_X_20150630_035254_084.img is looking too close to the moon (36.2 deg). Ignoring this image...
04/08/2021 04:14:07 AM: minime90/mrh/2015/20150629/Images\MRH_X_20150630_042203_093.img is looking too close to the moon (14.6 deg). Ignoring this image...
04/08/2021 04:14:07 AM: minime90/mrh/2015/20150629/Images\MRH_X_20150630_042513_094.img is looking too close to the moon (31.0 deg). Ignoring this image...
04/08/2021 04:14:07 AM: minime90/mrh/2015/20150629/Images\MRH_X_20150630_042822_095.img is looking too close to the moon (30.8 deg). Ignoring this image...
04/08/2021 04:14:07 AM: minime90/mrh/2015/20150629/Images\MRH_X_20150630_045422_103.img is looking too close to the moon (21.8 deg). Ignoring this image...
04/08/2021 04:14:07 AM: minime90/mrh/2015/20150629/Images\MRH_X_20150630_045732_104.img is looking too close to the moon (26.5 deg). Ignoring this image...
04/08/2021 04:14:07 AM: minime90/mrh/2015/20150629/Images\MRH_X_20150630_050041_105.img is looking too close to the moon (23.6 deg). Ignoring this image...
04/08/2021 04:14:07 AM: minime90/mrh/2015/20150629/Images\MRH_X_20150630_052641_113.img is looking too close to the moon (29.2 deg). Ignoring this image...
04/08/2021 04:14:07 AM: minime90/mrh/2015/20150629/Images\MRH_X_20150630_052951_114.img is looking too close to the moon (23.2 deg). Ignoring this image...
04/08/2021 04:14:07 AM: minime90/mrh/2015/20150629/Images\MRH_X_20150630_053300_115.img is looking too close to the moon (16.9 deg). Ignoring this image...
04/08/2021 04:14:07 AM: minime90/mrh/2015/20150629/Images\MRH_X_20150630_055900_123.img is looking too close to the moon (36.7 deg). Ignoring this image...
04/08/2021 04:14:07 AM: minime90/mrh/2015/20150629/Images\MRH_X_20150630_060210_124.img is looking too close to the moon (21.7 deg). Ignoring this image...
04/08/2021 04:14:07 AM: minime90/mrh/2015/20150629/Images\MRH_X_20150630_060519_125.img is looking too close to the moon (11.4 deg). Ignoring this image...
04/08/2021 04:14:07 AM: minime90/mrh/2015/20150629/Images\MRH_X_20150630_063429_134.img is looking too close to the moon (22.2 deg). Ignoring this image...
04/08/2021 04:14:07 AM: minime90/mrh/2015/20150629/Images\MRH_X_20150630_063738_135.img is looking too close to the moon (9.5 deg). Ignoring this image...
04/08/2021 04:14:07 AM: minime90/mrh/2015/20150629/Images\MRH_X_20150630_070648_144.img is looking too close to the moon (24.6 deg). Ignoring this image...
04/08/2021 04:14:07 AM: minime90/mrh/2015/20150629/Images\MRH_X_20150630_070957_145.img is looking too close to the moon (13.0 deg). Ignoring this image...
04/08/2021 04:14:07 AM: minime90/mrh/2015/20150629/Images\MRH_X_20150630_073906_154.img is looking too close to the moon (28.5 deg). Ignoring this image...
04/08/2021 04:14:07 AM: minime90/mrh/2015/20150629/Images\MRH_X_20150630_074215_155.img is looking too close to the moon (19.1 deg). Ignoring this image...
04/08/2021 04:14:07 AM: minime90/mrh/2015/20150629/Images\MRH_X_20150630_081124_164.img is looking too close to the moon (33.4 deg). Ignoring this image...
04/08/2021 04:14:07 AM: minime90/mrh/2015/20150629/Images\MRH_X_20150630_081433_165.img is looking too close to the moon (26.0 deg). Ignoring this image...
04/08/2021 04:14:07 AM: minime90/mrh/2015/20150629/Images\MRH_X_20150630_084651_175.img is looking too close to the moon (33.2 deg). Ignoring this image...
04/08/2021 04:14:14 AM: minime90/mrh/2015/20150629/Images\MRH_X_20150629_235403_010.img reduced chisqr: 1.4311.
			Message:"Tolerance seems to be too small."
04/08/2021 04:14:21 AM: minime90/mrh/2015/20150629/Images\MRH_X_20150630_000333_013.img reduced chisqr: 1.3246.
			Message:"Tolerance seems to be too small."
04/08/2021 04:14:27 AM: minime90/mrh/2015/20150629/Images\MRH_X_20150630_000643_014.img reduced chisqr: 1.2472.
			Message:"Tolerance seems to be too small."
04/08/2021 04:14:34 AM: minime90/mrh/2015/20150629/Images\MRH_X_20150630_000952_015.img reduced chisqr: 2.1122.
			Message:"Tolerance seems to be too small."
04/08/2021 04:14:40 AM: minime90/mrh/2015/20150629/Images\MRH_X_20150630_001301_016.img reduced chisqr: 1.3604.
			Message:"Tolerance seems to be too small."
04/08/2021 04:14:47 AM: minime90/mrh/2015/20150629/Images\MRH_X_20150630_001609_017.img reduced chisqr: 1.2592.
			Message:"Tolerance seems to be too small."
04/08/2021 04:14:53 AM: minime90/mrh/2015/20150629/Images\MRH_X_20150630_001917_018.img reduced chisqr: 1.3105.
			Message:"Tolerance seems to be too small."
04/08/2021 04:15:00 AM: minime90/mrh/2015/20150629/Images\MRH_X_20150630_002225_019.img reduced chisqr: 1.2585.
			Message:"Tolerance seems to be too small."
04/08/2021 04:15:06 AM: minime90/mrh/2015/20150629/Images\MRH_X_20150630_002621_020.img reduced chisqr: 1.6240.
			Message:"Tolerance seems to be too small."
04/08/2021 04:15:13 AM: minime90/mrh/2015/20150629/Images\MRH_X_20150630_003551_023.img reduced chisqr: 1.5634.
			Message:"Tolerance seems to be too small."
04/08/2021 04:15:19 AM: minime90/mrh/2015/20150629/Images\MRH_X_20150630_003901_024.img reduced chisqr: 1.3819.
			Message:"Tolerance seems to be too small."
04/08/2021 04:15:26 AM: minime90/mrh/2015/20150629/Images\MRH_X_20150630_004210_025.img reduced chisqr: 1.6043.
			Message:"Tolerance seems to be too small."
04/08/2021 04:15:32 AM: minime90/mrh/2015/20150629/Images\MRH_X_20150630_004519_026.img reduced chisqr: 1.4831.
			Message:"Tolerance seems to be too small."
04/08/2021 04:15:39 AM: minime90/mrh/2015/20150629/Images\MRH_X_20150630_004827_027.img reduced chisqr: 1.3647.
			Message:"Tolerance seems to be too small."
04/08/2021 04:15:45 AM: minime90/mrh/2015/20150629/Images\MRH_X_20150630_005135_028.img reduced chisqr: 1.6683.
			Message:"Tolerance seems to be too small."
04/08/2021 04:15:52 AM: minime90/mrh/2015/20150629/Images\MRH_X_20150630_005443_029.img reduced chisqr: 1.3514.
			Message:"Tolerance seems to be too small."
04/08/2021 04:15:58 AM: minime90/mrh/2015/20150629/Images\MRH_X_20150630_005840_030.img reduced chisqr: 1.6048.
			Message:"Tolerance seems to be too small."
04/08/2021 04:16:04 AM: minime90/mrh/2015/20150629/Images\MRH_X_20150630_011119_034.img reduced chisqr: 1.3377.
			Message:"Tolerance seems to be too small."
04/08/2021 04:16:11 AM: minime90/mrh/2015/20150629/Images\MRH_X_20150630_011429_035.img reduced chisqr: 1.5101.
			Message:"Tolerance seems to be too small."
04/08/2021 04:16:17 AM: minime90/mrh/2015/20150629/Images\MRH_X_20150630_011738_036.img reduced chisqr: 1.5604.
			Message:"Tolerance seems to be too small."
04/08/2021 04:16:24 AM: minime90/mrh/2015/20150629/Images\MRH_X_20150630_012046_037.img reduced chisqr: 1.6453.
			Message:"Tolerance seems to be too small."
04/08/2021 04:16:30 AM: minime90/mrh/2015/20150629/Images\MRH_X_20150630_012354_038.img reduced chisqr: 1.7744.
			Message:"Tolerance seems to be too small."
04/08/2021 04:16:37 AM: minime90/mrh/2015/20150629/Images\MRH_X_20150630_012702_039.img reduced chisqr: 1.6001.
			Message:"Tolerance seems to be too small."
04/08/2021 04:16:43 AM: minime90/mrh/2015/20150629/Images\MRH_X_20150630_013058_040.img reduced chisqr: 1.6379.
			Message:"Tolerance seems to be too small."
04/08/2021 04:16:50 AM: minime90/mrh/2015/20150629/Images\MRH_X_20150630_014338_044.img reduced chisqr: 1.4070.
			Message:"Tolerance seems to be too small."
04/08/2021 04:16:56 AM: minime90/mrh/2015/20150629/Images\MRH_X_20150630_014647_045.img reduced chisqr: 1.6949.
			Message:"Tolerance seems to be too small."
04/08/2021 04:17:03 AM: minime90/mrh/2015/20150629/Images\MRH_X_20150630_014956_046.img reduced chisqr: 1.5081.
			Message:"Tolerance seems to be too small."
04/08/2021 04:17:09 AM: minime90/mrh/2015/20150629/Images\MRH_X_20150630_015304_047.img reduced chisqr: 1.5785.
			Message:"Tolerance seems to be too small."
04/08/2021 04:17:16 AM: minime90/mrh/2015/20150629/Images\MRH_X_20150630_015612_048.img reduced chisqr: 1.5902.
			Message:"Tolerance seems to be too small."
04/08/2021 04:17:22 AM: minime90/mrh/2015/20150629/Images\MRH_X_20150630_015920_049.img reduced chisqr: 1.4090.
			Message:"Tolerance seems to be too small."
04/08/2021 04:17:29 AM: minime90/mrh/2015/20150629/Images\MRH_X_20150630_020316_050.img reduced chisqr: 1.4355.
			Message:"Tolerance seems to be too small."
04/08/2021 04:17:35 AM: minime90/mrh/2015/20150629/Images\MRH_X_20150630_021556_054.img reduced chisqr: 1.4968.
			Message:"Tolerance seems to be too small."
04/08/2021 04:17:42 AM: minime90/mrh/2015/20150629/Images\MRH_X_20150630_021905_055.img reduced chisqr: 1.8565.
			Message:"Tolerance seems to be too small."
04/08/2021 04:17:48 AM: minime90/mrh/2015/20150629/Images\MRH_X_20150630_022214_056.img reduced chisqr: 1.6305.
			Message:"Tolerance seems to be too small."
04/08/2021 04:17:55 AM: minime90/mrh/2015/20150629/Images\MRH_X_20150630_022522_057.img reduced chisqr: 1.5643.
			Message:"Tolerance seems to be too small."
04/08/2021 04:18:01 AM: minime90/mrh/2015/20150629/Images\MRH_X_20150630_022831_058.img reduced chisqr: 1.6783.
			Message:"Tolerance seems to be too small."
04/08/2021 04:18:07 AM: minime90/mrh/2015/20150629/Images\MRH_X_20150630_023139_059.img reduced chisqr: 1.9031.
			Message:"Tolerance seems to be too small."
04/08/2021 04:18:14 AM: minime90/mrh/2015/20150629/Images\MRH_X_20150630_023535_060.img reduced chisqr: 1.7205.
			Message:"Tolerance seems to be too small."
04/08/2021 04:18:20 AM: minime90/mrh/2015/20150629/Images\MRH_X_20150630_024156_062.img reduced chisqr: 1.7359.
			Message:"Tolerance seems to be too small."
04/08/2021 04:18:27 AM: minime90/mrh/2015/20150629/Images\MRH_X_20150630_024815_064.img reduced chisqr: 1.3624.
			Message:"Tolerance seems to be too small."
04/08/2021 04:18:33 AM: minime90/mrh/2015/20150629/Images\MRH_X_20150630_025124_065.img reduced chisqr: 1.4709.
			Message:"Tolerance seems to be too small."
04/08/2021 04:18:40 AM: minime90/mrh/2015/20150629/Images\MRH_X_20150630_025434_066.img reduced chisqr: 1.4538.
			Message:"Tolerance seems to be too small."
04/08/2021 04:18:46 AM: minime90/mrh/2015/20150629/Images\MRH_X_20150630_025742_067.img reduced chisqr: 1.5816.
			Message:"Tolerance seems to be too small."
04/08/2021 04:18:53 AM: minime90/mrh/2015/20150629/Images\MRH_X_20150630_030050_068.img reduced chisqr: 1.6636.
			Message:"Tolerance seems to be too small."
04/08/2021 04:18:59 AM: minime90/mrh/2015/20150629/Images\MRH_X_20150630_030358_069.img reduced chisqr: 1.5080.
			Message:"Tolerance seems to be too small."
04/08/2021 04:19:06 AM: minime90/mrh/2015/20150629/Images\MRH_X_20150630_030754_070.img reduced chisqr: 1.8759.
			Message:"Tolerance seems to be too small."
04/08/2021 04:19:12 AM: minime90/mrh/2015/20150629/Images\MRH_X_20150630_031415_072.img reduced chisqr: 1.6904.
			Message:"Tolerance seems to be too small."
04/08/2021 04:19:18 AM: minime90/mrh/2015/20150629/Images\MRH_X_20150630_032034_074.img reduced chisqr: 1.8342.
			Message:"Tolerance seems to be too small."
04/08/2021 04:19:25 AM: minime90/mrh/2015/20150629/Images\MRH_X_20150630_032344_075.img reduced chisqr: 1.7720.
			Message:"Tolerance seems to be too small."
04/08/2021 04:19:31 AM: minime90/mrh/2015/20150629/Images\MRH_X_20150630_032653_076.img reduced chisqr: 1.7101.
			Message:"Tolerance seems to be too small."
04/08/2021 04:19:38 AM: minime90/mrh/2015/20150629/Images\MRH_X_20150630_033001_077.img reduced chisqr: 2.2271.
			Message:"Tolerance seems to be too small."
04/08/2021 04:19:44 AM: minime90/mrh/2015/20150629/Images\MRH_X_20150630_033309_078.img reduced chisqr: 2.1151.
			Message:"Tolerance seems to be too small."
04/08/2021 04:19:51 AM: minime90/mrh/2015/20150629/Images\MRH_X_20150630_033618_079.img reduced chisqr: 1.9790.
			Message:"Tolerance seems to be too small."
04/08/2021 04:19:57 AM: minime90/mrh/2015/20150629/Images\MRH_X_20150630_034014_080.img reduced chisqr: 1.9608.
			Message:"Tolerance seems to be too small."
04/08/2021 04:20:04 AM: minime90/mrh/2015/20150629/Images\MRH_X_20150630_034325_081.img reduced chisqr: 1.8956.
			Message:"Tolerance seems to be too small."
04/08/2021 04:20:10 AM: minime90/mrh/2015/20150629/Images\MRH_X_20150630_034635_082.img reduced chisqr: 1.9339.
			Message:"Tolerance seems to be too small."
04/08/2021 04:20:16 AM: minime90/mrh/2015/20150629/Images\MRH_X_20150630_035603_085.img reduced chisqr: 1.8903.
			Message:"Tolerance seems to be too small."
04/08/2021 04:20:23 AM: minime90/mrh/2015/20150629/Images\MRH_X_20150630_035912_086.img reduced chisqr: 1.9926.
			Message:"Tolerance seems to be too small."
04/08/2021 04:20:29 AM: minime90/mrh/2015/20150629/Images\MRH_X_20150630_040221_087.img reduced chisqr: 1.9508.
			Message:"Tolerance seems to be too small."
04/08/2021 04:20:36 AM: minime90/mrh/2015/20150629/Images\MRH_X_20150630_040529_088.img reduced chisqr: 1.9662.
			Message:"Tolerance seems to be too small."
04/08/2021 04:20:42 AM: minime90/mrh/2015/20150629/Images\MRH_X_20150630_040837_089.img reduced chisqr: 1.6067.
			Message:"Tolerance seems to be too small."
04/08/2021 04:20:49 AM: minime90/mrh/2015/20150629/Images\MRH_X_20150630_041233_090.img reduced chisqr: 1.5999.
			Message:"Tolerance seems to be too small."
04/08/2021 04:20:55 AM: minime90/mrh/2015/20150629/Images\MRH_X_20150630_041545_091.img reduced chisqr: 1.7996.
			Message:"Tolerance seems to be too small."
04/08/2021 04:21:02 AM: minime90/mrh/2015/20150629/Images\MRH_X_20150630_041854_092.img reduced chisqr: 1.5433.
			Message:"Tolerance seems to be too small."
04/08/2021 04:21:08 AM: minime90/mrh/2015/20150629/Images\MRH_X_20150630_043131_096.img reduced chisqr: 1.6010.
			Message:"Tolerance seems to be too small."
04/08/2021 04:21:14 AM: minime90/mrh/2015/20150629/Images\MRH_X_20150630_043440_097.img reduced chisqr: 1.5628.
			Message:"Tolerance seems to be too small."
04/08/2021 04:21:21 AM: minime90/mrh/2015/20150629/Images\MRH_X_20150630_043748_098.img reduced chisqr: 1.5181.
			Message:"Tolerance seems to be too small."
04/08/2021 04:21:28 AM: minime90/mrh/2015/20150629/Images\MRH_X_20150630_044056_099.img reduced chisqr: 1.6111.
			Message:"Tolerance seems to be too small."
04/08/2021 04:21:34 AM: minime90/mrh/2015/20150629/Images\MRH_X_20150630_044453_100.img reduced chisqr: 1.8609.
			Message:"Tolerance seems to be too small."
04/08/2021 04:21:40 AM: minime90/mrh/2015/20150629/Images\MRH_X_20150630_044804_101.img reduced chisqr: 1.7131.
			Message:"Tolerance seems to be too small."
04/08/2021 04:21:47 AM: minime90/mrh/2015/20150629/Images\MRH_X_20150630_045113_102.img reduced chisqr: 1.6155.
			Message:"Tolerance seems to be too small."
04/08/2021 04:21:53 AM: minime90/mrh/2015/20150629/Images\MRH_X_20150630_050351_106.img reduced chisqr: 1.5663.
			Message:"Tolerance seems to be too small."
04/08/2021 04:22:00 AM: minime90/mrh/2015/20150629/Images\MRH_X_20150630_050659_107.img reduced chisqr: 1.4772.
			Message:"Tolerance seems to be too small."
04/08/2021 04:22:06 AM: minime90/mrh/2015/20150629/Images\MRH_X_20150630_051007_108.img reduced chisqr: 1.7063.
			Message:"Tolerance seems to be too small."
04/08/2021 04:22:13 AM: minime90/mrh/2015/20150629/Images\MRH_X_20150630_051315_109.img reduced chisqr: 1.5972.
			Message:"Tolerance seems to be too small."
04/08/2021 04:22:19 AM: minime90/mrh/2015/20150629/Images\MRH_X_20150630_051711_110.img reduced chisqr: 1.5590.
			Message:"Tolerance seems to be too small."
04/08/2021 04:22:26 AM: minime90/mrh/2015/20150629/Images\MRH_X_20150630_052023_111.img reduced chisqr: 1.5304.
			Message:"Tolerance seems to be too small."
04/08/2021 04:22:32 AM: minime90/mrh/2015/20150629/Images\MRH_X_20150630_052332_112.img reduced chisqr: 1.4843.
			Message:"Tolerance seems to be too small."
04/08/2021 04:22:38 AM: minime90/mrh/2015/20150629/Images\MRH_X_20150630_053609_116.img reduced chisqr: 1.4883.
			Message:"Tolerance seems to be too small."
04/08/2021 04:22:45 AM: minime90/mrh/2015/20150629/Images\MRH_X_20150630_053918_117.img reduced chisqr: 1.4039.
			Message:"Tolerance seems to be too small."
04/08/2021 04:22:51 AM: minime90/mrh/2015/20150629/Images\MRH_X_20150630_054226_118.img reduced chisqr: 1.6297.
			Message:"Tolerance seems to be too small."
04/08/2021 04:22:58 AM: minime90/mrh/2015/20150629/Images\MRH_X_20150630_054534_119.img reduced chisqr: 1.4498.
			Message:"Tolerance seems to be too small."
04/08/2021 04:23:04 AM: minime90/mrh/2015/20150629/Images\MRH_X_20150630_054930_120.img reduced chisqr: 1.6080.
			Message:"Tolerance seems to be too small."
04/08/2021 04:23:11 AM: minime90/mrh/2015/20150629/Images\MRH_X_20150630_055241_121.img reduced chisqr: 1.4002.
			Message:"Tolerance seems to be too small."
04/08/2021 04:23:17 AM: minime90/mrh/2015/20150629/Images\MRH_X_20150630_055551_122.img reduced chisqr: 1.4101.
			Message:"Tolerance seems to be too small."
04/08/2021 04:23:24 AM: minime90/mrh/2015/20150629/Images\MRH_X_20150630_060828_126.img reduced chisqr: 1.5436.
			Message:"Tolerance seems to be too small."
04/08/2021 04:23:30 AM: minime90/mrh/2015/20150629/Images\MRH_X_20150630_061137_127.img reduced chisqr: 1.5900.
			Message:"Tolerance seems to be too small."
04/08/2021 04:23:36 AM: minime90/mrh/2015/20150629/Images\MRH_X_20150630_061445_128.img reduced chisqr: 1.6092.
			Message:"Tolerance seems to be too small."
04/08/2021 04:23:43 AM: minime90/mrh/2015/20150629/Images\MRH_X_20150630_061753_129.img reduced chisqr: 1.3816.
			Message:"Tolerance seems to be too small."
04/08/2021 04:23:49 AM: minime90/mrh/2015/20150629/Images\MRH_X_20150630_062149_130.img reduced chisqr: 1.5538.
			Message:"Tolerance seems to be too small."
04/08/2021 04:23:56 AM: minime90/mrh/2015/20150629/Images\MRH_X_20150630_062501_131.img reduced chisqr: 1.3127.
			Message:"Tolerance seems to be too small."
04/08/2021 04:24:02 AM: minime90/mrh/2015/20150629/Images\MRH_X_20150630_062810_132.img reduced chisqr: 1.2052.
			Message:"Tolerance seems to be too small."
04/08/2021 04:24:08 AM: minime90/mrh/2015/20150629/Images\MRH_X_20150630_063119_133.img reduced chisqr: 1.4074.
			Message:"Tolerance seems to be too small."
04/08/2021 04:24:15 AM: minime90/mrh/2015/20150629/Images\MRH_X_20150630_064047_136.img reduced chisqr: 1.5065.
			Message:"Tolerance seems to be too small."
04/08/2021 04:24:21 AM: minime90/mrh/2015/20150629/Images\MRH_X_20150630_064356_137.img reduced chisqr: 1.5562.
			Message:"Tolerance seems to be too small."
04/08/2021 04:24:27 AM: minime90/mrh/2015/20150629/Images\MRH_X_20150630_064704_138.img reduced chisqr: 1.6289.
			Message:"Tolerance seems to be too small."
04/08/2021 04:24:34 AM: minime90/mrh/2015/20150629/Images\MRH_X_20150630_065012_139.img reduced chisqr: 1.5262.
			Message:"Tolerance seems to be too small."
04/08/2021 04:24:40 AM: minime90/mrh/2015/20150629/Images\MRH_X_20150630_065408_140.img reduced chisqr: 1.5173.
			Message:"Tolerance seems to be too small."
04/08/2021 04:24:46 AM: minime90/mrh/2015/20150629/Images\MRH_X_20150630_065720_141.img reduced chisqr: 1.1829.
			Message:"Tolerance seems to be too small."
04/08/2021 04:24:53 AM: minime90/mrh/2015/20150629/Images\MRH_X_20150630_070029_142.img reduced chisqr: 1.2105.
			Message:"Tolerance seems to be too small."
04/08/2021 04:24:59 AM: minime90/mrh/2015/20150629/Images\MRH_X_20150630_070338_143.img reduced chisqr: 1.1631.
			Message:"Tolerance seems to be too small."
04/08/2021 04:25:05 AM: minime90/mrh/2015/20150629/Images\MRH_X_20150630_071306_146.img reduced chisqr: 1.4452.
			Message:"Tolerance seems to be too small."
04/08/2021 04:25:12 AM: minime90/mrh/2015/20150629/Images\MRH_X_20150630_071614_147.img reduced chisqr: 1.5232.
			Message:"Tolerance seems to be too small."
04/08/2021 04:25:18 AM: minime90/mrh/2015/20150629/Images\MRH_X_20150630_071922_148.img reduced chisqr: 1.3705.
			Message:"Tolerance seems to be too small."
04/08/2021 04:25:24 AM: minime90/mrh/2015/20150629/Images\MRH_X_20150630_072230_149.img reduced chisqr: 1.3371.
			Message:"Tolerance seems to be too small."
04/08/2021 04:25:31 AM: minime90/mrh/2015/20150629/Images\MRH_X_20150630_072626_150.img reduced chisqr: 1.1654.
			Message:"Tolerance seems to be too small."
04/08/2021 04:25:37 AM: minime90/mrh/2015/20150629/Images\MRH_X_20150630_072938_151.img reduced chisqr: 1.0888.
			Message:"Tolerance seems to be too small."
04/08/2021 04:25:43 AM: minime90/mrh/2015/20150629/Images\MRH_X_20150630_073247_152.img reduced chisqr: 1.2134.
			Message:"Tolerance seems to be too small."
04/08/2021 04:25:50 AM: minime90/mrh/2015/20150629/Images\MRH_X_20150630_073556_153.img reduced chisqr: 0.9807.
			Message:"Tolerance seems to be too small."
04/08/2021 04:25:56 AM: minime90/mrh/2015/20150629/Images\MRH_X_20150630_074524_156.img reduced chisqr: 1.0805.
			Message:"Tolerance seems to be too small."
04/08/2021 04:26:03 AM: minime90/mrh/2015/20150629/Images\MRH_X_20150630_074832_157.img reduced chisqr: 1.0223.
			Message:"Tolerance seems to be too small."
04/08/2021 04:26:09 AM: minime90/mrh/2015/20150629/Images\MRH_X_20150630_075140_158.img reduced chisqr: 1.1574.
			Message:"Tolerance seems to be too small."
04/08/2021 04:26:16 AM: minime90/mrh/2015/20150629/Images\MRH_X_20150630_075448_159.img reduced chisqr: 1.1866.
			Message:"Tolerance seems to be too small."
04/08/2021 04:26:22 AM: minime90/mrh/2015/20150629/Images\MRH_X_20150630_075845_160.img reduced chisqr: 1.1776.
			Message:"Tolerance seems to be too small."
04/08/2021 04:26:28 AM: minime90/mrh/2015/20150629/Images\MRH_X_20150630_080156_161.img reduced chisqr: 1.2031.
			Message:"Tolerance seems to be too small."
04/08/2021 04:26:35 AM: minime90/mrh/2015/20150629/Images\MRH_X_20150630_080505_162.img reduced chisqr: 1.2106.
			Message:"Tolerance seems to be too small."
04/08/2021 04:26:41 AM: minime90/mrh/2015/20150629/Images\MRH_X_20150630_080814_163.img reduced chisqr: 1.3831.
			Message:"Tolerance seems to be too small."
04/08/2021 04:26:47 AM: minime90/mrh/2015/20150629/Images\MRH_X_20150630_081742_166.img reduced chisqr: 1.5353.
			Message:"Tolerance seems to be too small."
04/08/2021 04:26:54 AM: minime90/mrh/2015/20150629/Images\MRH_X_20150630_082050_167.img reduced chisqr: 1.7448.
			Message:"Tolerance seems to be too small."
04/08/2021 04:27:00 AM: minime90/mrh/2015/20150629/Images\MRH_X_20150630_082358_168.img reduced chisqr: 1.4983.
			Message:"Tolerance seems to be too small."
04/08/2021 04:27:06 AM: minime90/mrh/2015/20150629/Images\MRH_X_20150630_082706_169.img reduced chisqr: 1.4495.
			Message:"Tolerance seems to be too small."
04/08/2021 04:27:13 AM: minime90/mrh/2015/20150629/Images\MRH_X_20150630_083102_170.img reduced chisqr: 1.6361.
			Message:"Tolerance seems to be too small."
04/08/2021 04:27:19 AM: minime90/mrh/2015/20150629/Images\MRH_X_20150630_083414_171.img reduced chisqr: 1.8310.
			Message:"Tolerance seems to be too small."
04/08/2021 04:27:25 AM: minime90/mrh/2015/20150629/Images\MRH_X_20150630_083723_172.img reduced chisqr: 1.2130.
			Message:"Tolerance seems to be too small."
04/08/2021 04:27:32 AM: minime90/mrh/2015/20150629/Images\MRH_X_20150630_084032_173.img reduced chisqr: 1.2576.
			Message:"Tolerance seems to be too small."
04/08/2021 04:27:38 AM: minime90/mrh/2015/20150629/Images\MRH_X_20150630_084342_174.img reduced chisqr: 1.2962.
			Message:"Tolerance seems to be too small."
04/08/2021 04:27:44 AM: minime90/mrh/2015/20150629/Images\MRH_X_20150630_085000_176.img reduced chisqr: 1.2037.
			Message:"Tolerance seems to be too small."
04/08/2021 04:27:51 AM: minime90/mrh/2015/20150629/Images\MRH_X_20150630_085308_177.img reduced chisqr: 1.1735.
			Message:"Tolerance seems to be too small."
04/08/2021 04:27:57 AM: minime90/mrh/2015/20150629/Images\MRH_X_20150630_085616_178.img reduced chisqr: 1.2900.
			Message:"Tolerance seems to be too small."
04/08/2021 04:28:04 AM: minime90/mrh/2015/20150629/Images\MRH_X_20150630_085924_179.img reduced chisqr: 1.1968.
			Message:"Tolerance seems to be too small."
04/08/2021 04:28:10 AM: minime90/mrh/2015/20150629/Images\MRH_X_20150630_090321_180.img reduced chisqr: 1.0916.
			Message:"Tolerance seems to be too small."
04/08/2021 04:28:16 AM: minime90/mrh/2015/20150629/Images\MRH_X_20150630_090632_181.img reduced chisqr: 1.5691.
			Message:"Tolerance seems to be too small."
04/08/2021 04:28:23 AM: minime90/mrh/2015/20150629/Images\MRH_X_20150630_090941_182.img reduced chisqr: 1.0682.
			Message:"Tolerance seems to be too small."
04/08/2021 04:28:29 AM: minime90/mrh/2015/20150629/Images\MRH_X_20150630_091250_183.img reduced chisqr: 1.1372.
			Message:"Tolerance seems to be too small."
04/08/2021 04:28:36 AM: minime90/mrh/2015/20150629/Images\MRH_X_20150630_091600_184.img reduced chisqr: 1.1772.
			Message:"Tolerance seems to be too small."
04/08/2021 04:28:42 AM: minime90/mrh/2015/20150629/Images\MRH_X_20150630_091909_185.img reduced chisqr: 1.1200.
			Message:"Tolerance seems to be too small."
04/08/2021 04:28:48 AM: minime90/mrh/2015/20150629/Images\MRH_X_20150630_092218_186.img reduced chisqr: 0.9375.
			Message:"Tolerance seems to be too small."
04/08/2021 04:28:55 AM: minime90/mrh/2015/20150629/Images\MRH_X_20150630_092526_187.img reduced chisqr: 1.1128.
			Message:"Tolerance seems to be too small."
04/08/2021 04:29:01 AM: minime90/mrh/2015/20150629/Images\MRH_X_20150630_092834_188.img reduced chisqr: 1.1478.
			Message:"Tolerance seems to be too small."
04/08/2021 04:29:08 AM: minime90/mrh/2015/20150629/Images\MRH_X_20150630_093142_189.img reduced chisqr: 1.2016.
			Message:"Tolerance seems to be too small."
04/08/2021 04:29:14 AM: minime90/mrh/2015/20150629/Images\MRH_X_20150630_093538_190.img reduced chisqr: 1.2580.
			Message:"Tolerance seems to be too small."
04/08/2021 04:29:20 AM: minime90/mrh/2015/20150629/Images\MRH_X_20150630_093850_191.img reduced chisqr: 1.1169.
			Message:"Tolerance seems to be too small."
04/08/2021 04:29:27 AM: minime90/mrh/2015/20150629/Images\MRH_X_20150630_094159_192.img reduced chisqr: 1.2079.
			Message:"Tolerance seems to be too small."
04/08/2021 04:29:33 AM: minime90/mrh/2015/20150629/Images\MRH_X_20150630_094508_193.img reduced chisqr: 1.2379.
			Message:"Tolerance seems to be too small."
04/08/2021 04:29:40 AM: minime90/mrh/2015/20150629/Images\MRH_X_20150630_094817_194.img reduced chisqr: 1.0081.
			Message:"Tolerance seems to be too small."
04/08/2021 04:29:46 AM: minime90/mrh/2015/20150629/Images\MRH_X_20150630_095127_195.img reduced chisqr: 1.2194.
			Message:"Tolerance seems to be too small."
04/08/2021 04:29:52 AM: minime90/mrh/2015/20150629/Images\MRH_X_20150630_095436_196.img reduced chisqr: 1.1058.
			Message:"Tolerance seems to be too small."
04/08/2021 04:29:59 AM: minime90/mrh/2015/20150629/Images\MRH_X_20150630_095744_197.img reduced chisqr: 1.2167.
			Message:"Tolerance seems to be too small."
04/08/2021 04:30:05 AM: minime90/mrh/2015/20150629/Images\MRH_X_20150630_100052_198.img reduced chisqr: 1.0370.
			Message:"Tolerance seems to be too small."
04/08/2021 04:30:12 AM: minime90/mrh/2015/20150629/Images\MRH_X_20150630_100400_199.img reduced chisqr: 1.0577.
			Message:"Tolerance seems to be too small."
04/08/2021 04:30:18 AM: minime90/mrh/2015/20150629/Images\MRH_X_20150630_100756_200.img reduced chisqr: 1.0677.
			Message:"Tolerance seems to be too small."
04/08/2021 04:30:25 AM: minime90/mrh/2015/20150629/Images\MRH_X_20150630_101107_201.img reduced chisqr: 1.0466.
			Message:"Tolerance seems to be too small."
04/08/2021 04:30:31 AM: minime90/mrh/2015/20150629/Images\MRH_X_20150630_101416_202.img reduced chisqr: 1.0357.
			Message:"Tolerance seems to be too small."
04/08/2021 04:30:38 AM: minime90/mrh/2015/20150629/Images\MRH_X_20150630_101726_203.img reduced chisqr: 1.0271.
			Message:"Tolerance seems to be too small."
04/08/2021 04:30:44 AM: minime90/mrh/2015/20150629/Images\MRH_X_20150630_102035_204.img reduced chisqr: 1.1137.
			Message:"Tolerance seems to be too small."
04/08/2021 04:30:51 AM: minime90/mrh/2015/20150629/Images\MRH_X_20150630_102345_205.img reduced chisqr: 1.0308.
			Message:"Tolerance seems to be too small."
04/08/2021 04:30:57 AM: minime90/mrh/2015/20150629/Images\MRH_X_20150630_102654_206.img reduced chisqr: 1.0398.
			Message:"Tolerance seems to be too small."
04/08/2021 04:31:03 AM: minime90/mrh/2015/20150629/Images\MRH_X_20150630_103002_207.img reduced chisqr: 1.2351.
			Message:"Tolerance seems to be too small."
04/08/2021 04:31:10 AM: minime90/mrh/2015/20150629/Images\MRH_X_20150630_103310_208.img reduced chisqr: 1.3497.
			Message:"Tolerance seems to be too small."
04/08/2021 04:31:16 AM: minime90/mrh/2015/20150629/Images\MRH_X_20150630_103618_209.img reduced chisqr: 1.0666.
			Message:"Tolerance seems to be too small."
04/08/2021 04:31:22 AM: minime90/mrh/2015/20150629/Images\MRH_X_20150630_104014_210.img reduced chisqr: 1.6951.
			Message:"Tolerance seems to be too small."
04/08/2021 04:31:29 AM: minime90/mrh/2015/20150629/Images\MRH_X_20150630_104325_211.img reduced chisqr: 1.6720.
			Message:"Tolerance seems to be too small."
04/08/2021 04:31:29 AM: WARNING: Exposure time is not changing.
04/08/2021 04:31:30 AM: Created diagnostic plots.
04/08/2021 04:31:30 AM: Laser and sky image analysis complete.
04/08/2021 04:31:30 AM: No Boltwood cloud sensor data found.
04/08/2021 04:31:30 AM: No X300 temperature sensor data found.
04/08/2021 04:31:30 AM:  Quality Flag Calculation:
		Manual Wind Flag: 0
		Manual Temperature Flag: 0
		Laser Drift: False
		Sample-specific flags:
		Images\MRH_X_20150629_235403_010.img [no cloud data W1T1] [FINAL: W1T1]
		Images\MRH_X_20150630_000333_013.img [no cloud data W1T1] [FINAL: W1T1]
		Images\MRH_X_20150630_000643_014.img [no cloud data W1T1] [FINAL: W1T1]
		Images\MRH_X_20150630_000952_015.img [no cloud data W1T1] [FINAL: W1T1]
		Images\MRH_X_20150630_001301_016.img [no cloud data W1T1] [FINAL: W1T1]
		Images\MRH_X_20150630_001609_017.img [no cloud data W1T1] [FINAL: W1T1]
		Images\MRH_X_20150630_001917_018.img [no cloud data W1T1] [FINAL: W1T1]
		Images\MRH_X_20150630_002225_019.img [no cloud data W1T1] [FINAL: W1T1]
		Images\MRH_X_20150630_002621_020.img [no cloud data W1T1] [FINAL: W1T1]
		Images\MRH_X_20150630_003551_023.img [no cloud data W1T1] [FINAL: W1T1]
		Images\MRH_X_20150630_003901_024.img [no cloud data W1T1] [FINAL: W1T1]
		Images\MRH_X_20150630_004210_025.img [no cloud data W1T1] [sigma_T large: W2T2] [FINAL: W2T2]
		Images\MRH_X_20150630_004519_026.img [no cloud data W1T1] [FINAL: W1T1]
		Images\MRH_X_20150630_004827_027.img [no cloud data W1T1] [FINAL: W1T1]
		Images\MRH_X_20150630_005135_028.img [no cloud data W1T1] [FINAL: W1T1]
		Images\MRH_X_20150630_005443_029.img [no cloud data W1T1] [FINAL: W1T1]
		Images\MRH_X_20150630_005840_030.img [no cloud data W1T1] [FINAL: W1T1]
		Images\MRH_X_20150630_011119_034.img [no cloud data W1T1] [sigma_T large: W2T2] [FINAL: W2T2]
		Images\MRH_X_20150630_011429_035.img [no cloud data W1T1] [FINAL: W1T1]
		Images\MRH_X_20150630_011738_036.img [no cloud data W1T1] [FINAL: W1T1]
		Images\MRH_X_20150630_012046_037.img [no cloud data W1T1] [FINAL: W1T1]
		Images\MRH_X_20150630_012354_038.img [no cloud data W1T1] [FINAL: W1T1]
		Images\MRH_X_20150630_012702_039.img [no cloud data W1T1] [sigma_T large: W2T2] [FINAL: W2T2]
		Images\MRH_X_20150630_013058_040.img [no cloud data W1T1] [sigma_T large: W2T2] [FINAL: W2T2]
		Images\MRH_X_20150630_014338_044.img [no cloud data W1T1] [sigma_T large: W2T2] [FINAL: W2T2]
		Images\MRH_X_20150630_014647_045.img [no cloud data W1T1] [sigma_T large: W2T2] [FINAL: W2T2]
		Images\MRH_X_20150630_014956_046.img [no cloud data W1T1] [sigma_T large: W2T2] [FINAL: W2T2]
		Images\MRH_X_20150630_015304_047.img [no cloud data W1T1] [FINAL: W1T1]
		Images\MRH_X_20150630_015612_048.img [no cloud data W1T1] [FINAL: W1T1]
		Images\MRH_X_20150630_015920_049.img [no cloud data W1T1] [FINAL: W1T1]
		Images\MRH_X_20150630_020316_050.img [no cloud data W1T1] [FINAL: W1T1]
		Images\MRH_X_20150630_021556_054.img [no cloud data W1T1] [FINAL: W1T1]
		Images\MRH_X_20150630_021905_055.img [no cloud data W1T1] [FINAL: W1T1]
		Images\MRH_X_20150630_022214_056.img [no cloud data W1T1] [FINAL: W1T1]
		Images\MRH_X_20150630_022522_057.img [no cloud data W1T1] [FINAL: W1T1]
		Images\MRH_X_20150630_022831_058.img [no cloud data W1T1] [FINAL: W1T1]
		Images\MRH_X_20150630_023139_059.img [no cloud data W1T1] [FINAL: W1T1]
		Images\MRH_X_20150630_023535_060.img [no cloud data W1T1] [FINAL: W1T1]
		Images\MRH_X_20150630_024156_062.img [no cloud data W1T1] [FINAL: W1T1]
		Images\MRH_X_20150630_024815_064.img [no cloud data W1T1] [FINAL: W1T1]
		Images\MRH_X_20150630_025124_065.img [no cloud data W1T1] [FINAL: W1T1]
		Images\MRH_X_20150630_025434_066.img [no cloud data W1T1] [FINAL: W1T1]
		Images\MRH_X_20150630_025742_067.img [no cloud data W1T1] [FINAL: W1T1]
		Images\MRH_X_20150630_030050_068.img [no cloud data W1T1] [FINAL: W1T1]
		Images\MRH_X_20150630_030358_069.img [no cloud data W1T1] [FINAL: W1T1]
		Images\MRH_X_20150630_030754_070.img [no cloud data W1T1] [FINAL: W1T1]
		Images\MRH_X_20150630_031415_072.img [no cloud data W1T1] [FINAL: W1T1]
		Images\MRH_X_20150630_032034_074.img [no cloud data W1T1] [FINAL: W1T1]
		Images\MRH_X_20150630_032344_075.img [no cloud data W1T1] [FINAL: W1T1]
		Images\MRH_X_20150630_032653_076.img [no cloud data W1T1] [FINAL: W1T1]
		Images\MRH_X_20150630_033001_077.img [no cloud data W1T1] [FINAL: W1T1]
		Images\MRH_X_20150630_033309_078.img [no cloud data W1T1] [FINAL: W1T1]
		Images\MRH_X_20150630_033618_079.img [no cloud data W1T1] [FINAL: W1T1]
		Images\MRH_X_20150630_034014_080.img [no cloud data W1T1] [FINAL: W1T1]
		Images\MRH_X_20150630_034325_081.img [no cloud data W1T1] [FINAL: W1T1]
		Images\MRH_X_20150630_034635_082.img [no cloud data W1T1] [FINAL: W1T1]
		Images\MRH_X_20150630_035603_085.img [no cloud data W1T1] [FINAL: W1T1]
		Images\MRH_X_20150630_035912_086.img [no cloud data W1T1] [FINAL: W1T1]
		Images\MRH_X_20150630_040221_087.img [no cloud data W1T1] [FINAL: W1T1]
		Images\MRH_X_20150630_040529_088.img [no cloud data W1T1] [FINAL: W1T1]
		Images\MRH_X_20150630_040837_089.img [no cloud data W1T1] [FINAL: W1T1]
		Images\MRH_X_20150630_041233_090.img [no cloud data W1T1] [FINAL: W1T1]
		Images\MRH_X_20150630_041545_091.img [no cloud data W1T1] [FINAL: W1T1]
		Images\MRH_X_20150630_041854_092.img [no cloud data W1T1] [FINAL: W1T1]
		Images\MRH_X_20150630_043131_096.img [no cloud data W1T1] [FINAL: W1T1]
		Images\MRH_X_20150630_043440_097.img [no cloud data W1T1] [FINAL: W1T1]
		Images\MRH_X_20150630_043748_098.img [no cloud data W1T1] [FINAL: W1T1]
		Images\MRH_X_20150630_044056_099.img [no cloud data W1T1] [FINAL: W1T1]
		Images\MRH_X_20150630_044453_100.img [no cloud data W1T1] [FINAL: W1T1]
		Images\MRH_X_20150630_044804_101.img [no cloud data W1T1] [FINAL: W1T1]
		Images\MRH_X_20150630_045113_102.img [no cloud data W1T1] [FINAL: W1T1]
		Images\MRH_X_20150630_050351_106.img [no cloud data W1T1] [FINAL: W1T1]
		Images\MRH_X_20150630_050659_107.img [no cloud data W1T1] [FINAL: W1T1]
		Images\MRH_X_20150630_051007_108.img [no cloud data W1T1] [FINAL: W1T1]
		Images\MRH_X_20150630_051315_109.img [no cloud data W1T1] [FINAL: W1T1]
		Images\MRH_X_20150630_051711_110.img [no cloud data W1T1] [FINAL: W1T1]
		Images\MRH_X_20150630_052023_111.img [no cloud data W1T1] [FINAL: W1T1]
		Images\MRH_X_20150630_052332_112.img [no cloud data W1T1] [FINAL: W1T1]
		Images\MRH_X_20150630_053609_116.img [no cloud data W1T1] [FINAL: W1T1]
		Images\MRH_X_20150630_053918_117.img [no cloud data W1T1] [FINAL: W1T1]
		Images\MRH_X_20150630_054226_118.img [no cloud data W1T1] [FINAL: W1T1]
		Images\MRH_X_20150630_054534_119.img [no cloud data W1T1] [FINAL: W1T1]
		Images\MRH_X_20150630_054930_120.img [no cloud data W1T1] [FINAL: W1T1]
		Images\MRH_X_20150630_055241_121.img [no cloud data W1T1] [FINAL: W1T1]
		Images\MRH_X_20150630_055551_122.img [no cloud data W1T1] [FINAL: W1T1]
		Images\MRH_X_20150630_060828_126.img [no cloud data W1T1] [FINAL: W1T1]
		Images\MRH_X_20150630_061137_127.img [no cloud data W1T1] [FINAL: W1T1]
		Images\MRH_X_20150630_061445_128.img [no cloud data W1T1] [FINAL: W1T1]
		Images\MRH_X_20150630_061753_129.img [no cloud data W1T1] [FINAL: W1T1]
		Images\MRH_X_20150630_062149_130.img [no cloud data W1T1] [FINAL: W1T1]
		Images\MRH_X_20150630_062501_131.img [no cloud data W1T1] [FINAL: W1T1]
		Images\MRH_X_20150630_062810_132.img [no cloud data W1T1] [FINAL: W1T1]
		Images\MRH_X_20150630_063119_133.img [no cloud data W1T1] [FINAL: W1T1]
		Images\MRH_X_20150630_064047_136.img [no cloud data W1T1] [FINAL: W1T1]
		Images\MRH_X_20150630_064356_137.img [no cloud data W1T1] [FINAL: W1T1]
		Images\MRH_X_20150630_064704_138.img [no cloud data W1T1] [FINAL: W1T1]
		Images\MRH_X_20150630_065012_139.img [no cloud data W1T1] [FINAL: W1T1]
		Images\MRH_X_20150630_065408_140.img [no cloud data W1T1] [FINAL: W1T1]
		Images\MRH_X_20150630_065720_141.img [no cloud data W1T1] [FINAL: W1T1]
		Images\MRH_X_20150630_070029_142.img [no cloud data W1T1] [FINAL: W1T1]
		Images\MRH_X_20150630_070338_143.img [no cloud data W1T1] [FINAL: W1T1]
		Images\MRH_X_20150630_071306_146.img [no cloud data W1T1] [FINAL: W1T1]
		Images\MRH_X_20150630_071614_147.img [no cloud data W1T1] [FINAL: W1T1]
		Images\MRH_X_20150630_071922_148.img [no cloud data W1T1] [FINAL: W1T1]
		Images\MRH_X_20150630_072230_149.img [no cloud data W1T1] [FINAL: W1T1]
		Images\MRH_X_20150630_072626_150.img [no cloud data W1T1] [FINAL: W1T1]
		Images\MRH_X_20150630_072938_151.img [no cloud data W1T1] [FINAL: W1T1]
		Images\MRH_X_20150630_073247_152.img [no cloud data W1T1] [FINAL: W1T1]
		Images\MRH_X_20150630_073556_153.img [no cloud data W1T1] [FINAL: W1T1]
		Images\MRH_X_20150630_074524_156.img [no cloud data W1T1] [FINAL: W1T1]
		Images\MRH_X_20150630_074832_157.img [no cloud data W1T1] [FINAL: W1T1]
		Images\MRH_X_20150630_075140_158.img [no cloud data W1T1] [FINAL: W1T1]
		Images\MRH_X_20150630_075448_159.img [no cloud data W1T1] [FINAL: W1T1]
		Images\MRH_X_20150630_075845_160.img [no cloud data W1T1] [FINAL: W1T1]
		Images\MRH_X_20150630_080156_161.img [no cloud data W1T1] [FINAL: W1T1]
		Images\MRH_X_20150630_080505_162.img [no cloud data W1T1] [FINAL: W1T1]
		Images\MRH_X_20150630_080814_163.img [no cloud data W1T1] [FINAL: W1T1]
		Images\MRH_X_20150630_081742_166.img [no cloud data W1T1] [FINAL: W1T1]
		Images\MRH_X_20150630_082050_167.img [no cloud data W1T1] [FINAL: W1T1]
		Images\MRH_X_20150630_082358_168.img [no cloud data W1T1] [FINAL: W1T1]
		Images\MRH_X_20150630_082706_169.img [no cloud data W1T1] [FINAL: W1T1]
		Images\MRH_X_20150630_083102_170.img [no cloud data W1T1] [sigma_T large: W2T2] [FINAL: W2T2]
		Images\MRH_X_20150630_083414_171.img [no cloud data W1T1] [FINAL: W1T1]
		Images\MRH_X_20150630_083723_172.img [no cloud data W1T1] [FINAL: W1T1]
		Images\MRH_X_20150630_084032_173.img [no cloud data W1T1] [FINAL: W1T1]
		Images\MRH_X_20150630_084342_174.img [no cloud data W1T1] [FINAL: W1T1]
		Images\MRH_X_20150630_085000_176.img [no cloud data W1T1] [FINAL: W1T1]
		Images\MRH_X_20150630_085308_177.img [no cloud data W1T1] [FINAL: W1T1]
		Images\MRH_X_20150630_085616_178.img [no cloud data W1T1] [FINAL: W1T1]
		Images\MRH_X_20150630_085924_179.img [no cloud data W1T1] [FINAL: W1T1]
		Images\MRH_X_20150630_090321_180.img [no cloud data W1T1] [FINAL: W1T1]
		Images\MRH_X_20150630_090632_181.img [no cloud data W1T1] [FINAL: W1T1]
		Images\MRH_X_20150630_090941_182.img [no cloud data W1T1] [FINAL: W1T1]
		Images\MRH_X_20150630_091250_183.img [no cloud data W1T1] [FINAL: W1T1]
		Images\MRH_X_20150630_091600_184.img [no cloud data W1T1] [FINAL: W1T1]
		Images\MRH_X_20150630_091909_185.img [no cloud data W1T1] [FINAL: W1T1]
		Images\MRH_X_20150630_092218_186.img [no cloud data W1T1] [FINAL: W1T1]
		Images\MRH_X_20150630_092526_187.img [no cloud data W1T1] [FINAL: W1T1]
		Images\MRH_X_20150630_092834_188.img [no cloud data W1T1] [FINAL: W1T1]
		Images\MRH_X_20150630_093142_189.img [no cloud data W1T1] [FINAL: W1T1]
		Images\MRH_X_20150630_093538_190.img [no cloud data W1T1] [FINAL: W1T1]
		Images\MRH_X_20150630_093850_191.img [no cloud data W1T1] [FINAL: W1T1]
		Images\MRH_X_20150630_094159_192.img [no cloud data W1T1] [FINAL: W1T1]
		Images\MRH_X_20150630_094508_193.img [no cloud data W1T1] [FINAL: W1T1]
		Images\MRH_X_20150630_094817_194.img [no cloud data W1T1] [FINAL: W1T1]
		Images\MRH_X_20150630_095127_195.img [no cloud data W1T1] [FINAL: W1T1]
		Images\MRH_X_20150630_095436_196.img [no cloud data W1T1] [FINAL: W1T1]
		Images\MRH_X_20150630_095744_197.img [no cloud data W1T1] [FINAL: W1T1]
		Images\MRH_X_20150630_100052_198.img [no cloud data W1T1] [FINAL: W1T1]
		Images\MRH_X_20150630_100400_199.img [no cloud data W1T1] [FINAL: W1T1]
		Images\MRH_X_20150630_100756_200.img [no cloud data W1T1] [FINAL: W1T1]
		Images\MRH_X_20150630_101107_201.img [no cloud data W1T1] [FINAL: W1T1]
		Images\MRH_X_20150630_101416_202.img [no cloud data W1T1] [FINAL: W1T1]
		Images\MRH_X_20150630_101726_203.img [no cloud data W1T1] [FINAL: W1T1]
		Images\MRH_X_20150630_102035_204.img [no cloud data W1T1] [FINAL: W1T1]
		Images\MRH_X_20150630_102345_205.img [no cloud data W1T1] [FINAL: W1T1]
		Images\MRH_X_20150630_102654_206.img [no cloud data W1T1] [FINAL: W1T1]
		Images\MRH_X_20150630_103002_207.img [no cloud data W1T1] [FINAL: W1T1]
		Images\MRH_X_20150630_103310_208.img [no cloud data W1T1] [FINAL: W1T1]
		Images\MRH_X_20150630_103618_209.img [no cloud data W1T1] [FINAL: W1T1]
		Images\MRH_X_20150630_104014_210.img [no cloud data W1T1] [FINAL: W1T1]
		Images\MRH_X_20150630_104325_211.img [no cloud data W1T1] [FINAL: W1T1]
04/08/2021 04:31:30 AM: Results saved to results/minime90_mrh_20150629.npz
