04/07/2021 22:51:02 PM: Logfile Created
04/07/2021 22:51:02 PM: Sun up during minime90/mrh/2015/20150613/Images\MRH_L_20150613_231320_001.img. Ignoring this image...
04/07/2021 22:51:02 PM: minime90/mrh/2015/20150613/Images\MRH_L_20150613_234954_002.img center: 257.61, 254.63
04/07/2021 22:51:03 PM: minime90/mrh/2015/20150613/Images\MRH_L_20150614_002213_003.img center: 257.64, 254.59
04/07/2021 22:51:03 PM: minime90/mrh/2015/20150613/Images\MRH_L_20150614_005431_004.img center: 257.66, 254.64
04/07/2021 22:51:03 PM: minime90/mrh/2015/20150613/Images\MRH_L_20150614_012649_005.img center: 257.66, 254.62
04/07/2021 22:51:03 PM: minime90/mrh/2015/20150613/Images\MRH_L_20150614_015908_006.img center: 257.63, 254.70
04/07/2021 22:51:04 PM: minime90/mrh/2015/20150613/Images\MRH_L_20150614_023126_007.img center: 257.64, 254.67
04/07/2021 22:51:04 PM: minime90/mrh/2015/20150613/Images\MRH_L_20150614_030345_008.img center: 257.64, 254.74
04/07/2021 22:51:04 PM: minime90/mrh/2015/20150613/Images\MRH_L_20150614_033603_009.img center: 257.64, 254.71
04/07/2021 22:51:04 PM: minime90/mrh/2015/20150613/Images\MRH_L_20150614_040822_010.img center: 257.63, 254.69
04/07/2021 22:51:05 PM: minime90/mrh/2015/20150613/Images\MRH_L_20150614_044040_011.img center: 257.54, 254.75
04/07/2021 22:51:05 PM: minime90/mrh/2015/20150613/Images\MRH_L_20150614_051258_012.img center: 257.55, 254.71
04/07/2021 22:51:05 PM: minime90/mrh/2015/20150613/Images\MRH_L_20150614_054517_013.img center: 257.58, 254.77
04/07/2021 22:51:05 PM: minime90/mrh/2015/20150613/Images\MRH_L_20150614_061735_014.img center: 257.60, 254.80
04/07/2021 22:51:06 PM: minime90/mrh/2015/20150613/Images\MRH_L_20150614_064954_015.img center: 257.53, 254.75
04/07/2021 22:51:06 PM: minime90/mrh/2015/20150613/Images\MRH_L_20150614_072213_016.img center: 257.56, 254.73
04/07/2021 22:51:06 PM: minime90/mrh/2015/20150613/Images\MRH_L_20150614_075431_017.img center: 257.53, 254.74
04/07/2021 22:51:06 PM: minime90/mrh/2015/20150613/Images\MRH_L_20150614_082649_018.img center: 257.51, 254.77
04/07/2021 22:51:07 PM: minime90/mrh/2015/20150613/Images\MRH_L_20150614_085907_019.img center: 257.56, 254.73
04/07/2021 22:51:07 PM: minime90/mrh/2015/20150613/Images\MRH_L_20150614_093125_020.img center: 257.54, 254.75
04/07/2021 22:51:07 PM: minime90/mrh/2015/20150613/Images\MRH_L_20150614_100343_021.img center: 257.55, 254.77
04/07/2021 22:51:07 PM: minime90/mrh/2015/20150613/Images\MRH_L_20150614_103602_022.img center: 257.57, 254.78
04/07/2021 22:51:08 PM: minime90/mrh/2015/20150613/Images\MRH_L_20150614_104312_211.img center: 257.53, 254.78
04/07/2021 22:51:11 PM: minime90/mrh/2015/20150613/Images\MRH_L_20150613_234954_002.img reduced chisqr: 3.9487
04/07/2021 22:51:13 PM: minime90/mrh/2015/20150613/Images\MRH_L_20150614_002213_003.img reduced chisqr: 4.3408
04/07/2021 22:51:16 PM: minime90/mrh/2015/20150613/Images\MRH_L_20150614_005431_004.img reduced chisqr: 4.3057
04/07/2021 22:51:19 PM: minime90/mrh/2015/20150613/Images\MRH_L_20150614_012649_005.img reduced chisqr: 5.7020
04/07/2021 22:51:22 PM: minime90/mrh/2015/20150613/Images\MRH_L_20150614_015908_006.img reduced chisqr: 4.0430
04/07/2021 22:51:24 PM: minime90/mrh/2015/20150613/Images\MRH_L_20150614_023126_007.img reduced chisqr: 4.5945
04/07/2021 22:51:27 PM: minime90/mrh/2015/20150613/Images\MRH_L_20150614_030345_008.img reduced chisqr: 4.5617
04/07/2021 22:51:30 PM: minime90/mrh/2015/20150613/Images\MRH_L_20150614_033603_009.img reduced chisqr: 4.5621
04/07/2021 22:51:33 PM: minime90/mrh/2015/20150613/Images\MRH_L_20150614_040822_010.img reduced chisqr: 4.8216
04/07/2021 22:51:35 PM: minime90/mrh/2015/20150613/Images\MRH_L_20150614_044040_011.img reduced chisqr: 3.8380
04/07/2021 22:51:38 PM: minime90/mrh/2015/20150613/Images\MRH_L_20150614_051258_012.img reduced chisqr: 4.3934
04/07/2021 22:51:41 PM: minime90/mrh/2015/20150613/Images\MRH_L_20150614_054517_013.img reduced chisqr: 4.6871
04/07/2021 22:51:44 PM: minime90/mrh/2015/20150613/Images\MRH_L_20150614_061735_014.img reduced chisqr: 5.0850
04/07/2021 22:51:46 PM: minime90/mrh/2015/20150613/Images\MRH_L_20150614_064954_015.img reduced chisqr: 4.7757
04/07/2021 22:51:49 PM: minime90/mrh/2015/20150613/Images\MRH_L_20150614_072213_016.img reduced chisqr: 4.5911
04/07/2021 22:51:52 PM: minime90/mrh/2015/20150613/Images\MRH_L_20150614_075431_017.img reduced chisqr: 4.5004
04/07/2021 22:51:55 PM: minime90/mrh/2015/20150613/Images\MRH_L_20150614_082649_018.img reduced chisqr: 4.4579
04/07/2021 22:51:57 PM: minime90/mrh/2015/20150613/Images\MRH_L_20150614_085907_019.img reduced chisqr: 4.1076
04/07/2021 22:52:00 PM: minime90/mrh/2015/20150613/Images\MRH_L_20150614_093125_020.img reduced chisqr: 4.2175
04/07/2021 22:52:03 PM: minime90/mrh/2015/20150613/Images\MRH_L_20150614_100343_021.img reduced chisqr: 4.5223
04/07/2021 22:52:05 PM: minime90/mrh/2015/20150613/Images\MRH_L_20150614_103602_022.img reduced chisqr: 4.6045
04/07/2021 22:52:08 PM: minime90/mrh/2015/20150613/Images\MRH_L_20150614_104312_211.img reduced chisqr: 4.1714
04/07/2021 22:52:08 PM: minime90/mrh/2015/20150613/Images\MRH_X_20150613_232127_001.img not bounded by laser images. Ignoring this image...
04/07/2021 22:52:08 PM: minime90/mrh/2015/20150613/Images\MRH_X_20150613_232438_002.img not bounded by laser images. Ignoring this image...
04/07/2021 22:52:08 PM: minime90/mrh/2015/20150613/Images\MRH_X_20150613_232747_003.img not bounded by laser images. Ignoring this image...
04/07/2021 22:52:08 PM: minime90/mrh/2015/20150613/Images\MRH_X_20150613_233056_004.img not bounded by laser images. Ignoring this image...
04/07/2021 22:52:08 PM: minime90/mrh/2015/20150613/Images\MRH_X_20150613_233406_005.img not bounded by laser images. Ignoring this image...
04/07/2021 22:52:08 PM: minime90/mrh/2015/20150613/Images\MRH_X_20150613_233715_006.img not bounded by laser images. Ignoring this image...
04/07/2021 22:52:08 PM: minime90/mrh/2015/20150613/Images\MRH_X_20150613_234023_007.img not bounded by laser images. Ignoring this image...
04/07/2021 22:52:08 PM: minime90/mrh/2015/20150613/Images\MRH_X_20150613_234331_008.img not bounded by laser images. Ignoring this image...
04/07/2021 22:52:08 PM: minime90/mrh/2015/20150613/Images\MRH_X_20150613_234639_009.img not bounded by laser images. Ignoring this image...
04/07/2021 22:52:15 PM: minime90/mrh/2015/20150613/Images\MRH_X_20150613_235035_010.img reduced chisqr: 1.0266.
			Message:"Tolerance seems to be too small."
04/07/2021 22:52:22 PM: minime90/mrh/2015/20150613/Images\MRH_X_20150613_235347_011.img reduced chisqr: 1.2402.
			Message:"Tolerance seems to be too small."
04/07/2021 22:52:28 PM: minime90/mrh/2015/20150613/Images\MRH_X_20150613_235656_012.img reduced chisqr: 1.5349.
			Message:"Tolerance seems to be too small."
04/07/2021 22:52:35 PM: minime90/mrh/2015/20150613/Images\MRH_X_20150614_000005_013.img reduced chisqr: 1.2740.
			Message:"Tolerance seems to be too small."
04/07/2021 22:52:41 PM: minime90/mrh/2015/20150613/Images\MRH_X_20150614_000315_014.img reduced chisqr: 1.1252.
			Message:"Tolerance seems to be too small."
04/07/2021 22:52:48 PM: minime90/mrh/2015/20150613/Images\MRH_X_20150614_000624_015.img reduced chisqr: 1.2794.
			Message:"Tolerance seems to be too small."
04/07/2021 22:52:54 PM: minime90/mrh/2015/20150613/Images\MRH_X_20150614_000933_016.img reduced chisqr: 1.2734.
			Message:"Tolerance seems to be too small."
04/07/2021 22:53:01 PM: minime90/mrh/2015/20150613/Images\MRH_X_20150614_001241_017.img reduced chisqr: 1.0614.
			Message:"Tolerance seems to be too small."
04/07/2021 22:53:07 PM: minime90/mrh/2015/20150613/Images\MRH_X_20150614_001549_018.img reduced chisqr: 1.2332.
			Message:"Tolerance seems to be too small."
04/07/2021 22:53:14 PM: minime90/mrh/2015/20150613/Images\MRH_X_20150614_001857_019.img reduced chisqr: 1.2547.
			Message:"Tolerance seems to be too small."
04/07/2021 22:53:20 PM: minime90/mrh/2015/20150613/Images\MRH_X_20150614_002254_020.img reduced chisqr: 1.1895.
			Message:"Tolerance seems to be too small."
04/07/2021 22:53:27 PM: minime90/mrh/2015/20150613/Images\MRH_X_20150614_002605_021.img reduced chisqr: 1.1376.
			Message:"Tolerance seems to be too small."
04/07/2021 22:53:33 PM: minime90/mrh/2015/20150613/Images\MRH_X_20150614_002914_022.img reduced chisqr: 1.3458.
			Message:"Tolerance seems to be too small."
04/07/2021 22:53:40 PM: minime90/mrh/2015/20150613/Images\MRH_X_20150614_003223_023.img reduced chisqr: 1.3409.
			Message:"Tolerance seems to be too small."
04/07/2021 22:53:46 PM: minime90/mrh/2015/20150613/Images\MRH_X_20150614_003533_024.img reduced chisqr: 1.3129.
			Message:"Tolerance seems to be too small."
04/07/2021 22:53:53 PM: minime90/mrh/2015/20150613/Images\MRH_X_20150614_003842_025.img reduced chisqr: 1.3879.
			Message:"Tolerance seems to be too small."
04/07/2021 22:53:59 PM: minime90/mrh/2015/20150613/Images\MRH_X_20150614_004152_026.img reduced chisqr: 0.9849.
			Message:"Tolerance seems to be too small."
04/07/2021 22:54:05 PM: minime90/mrh/2015/20150613/Images\MRH_X_20150614_004500_027.img reduced chisqr: 1.2007.
			Message:"Tolerance seems to be too small."
04/07/2021 22:54:12 PM: minime90/mrh/2015/20150613/Images\MRH_X_20150614_004808_028.img reduced chisqr: 1.1950.
			Message:"Tolerance seems to be too small."
04/07/2021 22:54:18 PM: minime90/mrh/2015/20150613/Images\MRH_X_20150614_005116_029.img reduced chisqr: 1.2842.
			Message:"Tolerance seems to be too small."
04/07/2021 22:54:25 PM: minime90/mrh/2015/20150613/Images\MRH_X_20150614_005512_030.img reduced chisqr: 1.1100.
			Message:"Tolerance seems to be too small."
04/07/2021 22:54:31 PM: minime90/mrh/2015/20150613/Images\MRH_X_20150614_005823_031.img reduced chisqr: 1.0889.
			Message:"Tolerance seems to be too small."
04/07/2021 22:54:37 PM: minime90/mrh/2015/20150613/Images\MRH_X_20150614_010132_032.img reduced chisqr: 1.1470.
			Message:"Tolerance seems to be too small."
04/07/2021 22:54:44 PM: minime90/mrh/2015/20150613/Images\MRH_X_20150614_010442_033.img reduced chisqr: 1.0436.
			Message:"Tolerance seems to be too small."
04/07/2021 22:54:50 PM: minime90/mrh/2015/20150613/Images\MRH_X_20150614_010751_034.img reduced chisqr: 1.1367.
			Message:"Tolerance seems to be too small."
04/07/2021 22:54:56 PM: minime90/mrh/2015/20150613/Images\MRH_X_20150614_011101_035.img reduced chisqr: 1.0756.
			Message:"Tolerance seems to be too small."
04/07/2021 22:55:03 PM: minime90/mrh/2015/20150613/Images\MRH_X_20150614_011410_036.img reduced chisqr: 1.1875.
			Message:"Tolerance seems to be too small."
04/07/2021 22:55:09 PM: minime90/mrh/2015/20150613/Images\MRH_X_20150614_011718_037.img reduced chisqr: 0.9675.
			Message:"Tolerance seems to be too small."
04/07/2021 22:55:15 PM: minime90/mrh/2015/20150613/Images\MRH_X_20150614_012026_038.img reduced chisqr: 1.1311.
			Message:"Tolerance seems to be too small."
04/07/2021 22:55:21 PM: minime90/mrh/2015/20150613/Images\MRH_X_20150614_012334_039.img reduced chisqr: 1.1436.
			Message:"Tolerance seems to be too small."
04/07/2021 22:55:28 PM: minime90/mrh/2015/20150613/Images\MRH_X_20150614_012730_040.img reduced chisqr: 1.1038.
			Message:"Tolerance seems to be too small."
04/07/2021 22:55:34 PM: minime90/mrh/2015/20150613/Images\MRH_X_20150614_013042_041.img reduced chisqr: 1.2949.
			Message:"Tolerance seems to be too small."
04/07/2021 22:55:40 PM: minime90/mrh/2015/20150613/Images\MRH_X_20150614_013351_042.img reduced chisqr: 0.9755.
			Message:"Tolerance seems to be too small."
04/07/2021 22:55:47 PM: minime90/mrh/2015/20150613/Images\MRH_X_20150614_013700_043.img reduced chisqr: 1.0386.
			Message:"Tolerance seems to be too small."
04/07/2021 22:55:53 PM: minime90/mrh/2015/20150613/Images\MRH_X_20150614_014010_044.img reduced chisqr: 1.0413.
			Message:"Tolerance seems to be too small."
04/07/2021 22:55:59 PM: minime90/mrh/2015/20150613/Images\MRH_X_20150614_014319_045.img reduced chisqr: 1.0529.
			Message:"Tolerance seems to be too small."
04/07/2021 22:56:06 PM: minime90/mrh/2015/20150613/Images\MRH_X_20150614_014628_046.img reduced chisqr: 1.1629.
			Message:"Tolerance seems to be too small."
04/07/2021 22:56:12 PM: minime90/mrh/2015/20150613/Images\MRH_X_20150614_014936_047.img reduced chisqr: 1.0841.
			Message:"Tolerance seems to be too small."
04/07/2021 22:56:18 PM: minime90/mrh/2015/20150613/Images\MRH_X_20150614_015244_048.img reduced chisqr: 1.0322.
			Message:"Tolerance seems to be too small."
04/07/2021 22:56:25 PM: minime90/mrh/2015/20150613/Images\MRH_X_20150614_015552_049.img reduced chisqr: 0.9550.
			Message:"Tolerance seems to be too small."
04/07/2021 22:56:31 PM: minime90/mrh/2015/20150613/Images\MRH_X_20150614_015949_050.img reduced chisqr: 1.2355.
			Message:"Tolerance seems to be too small."
04/07/2021 22:56:38 PM: minime90/mrh/2015/20150613/Images\MRH_X_20150614_020300_051.img reduced chisqr: 1.1678.
			Message:"Tolerance seems to be too small."
04/07/2021 22:56:44 PM: minime90/mrh/2015/20150613/Images\MRH_X_20150614_020609_052.img reduced chisqr: 1.0432.
			Message:"Tolerance seems to be too small."
04/07/2021 22:56:51 PM: minime90/mrh/2015/20150613/Images\MRH_X_20150614_020919_053.img reduced chisqr: 1.1218.
			Message:"Tolerance seems to be too small."
04/07/2021 22:56:57 PM: minime90/mrh/2015/20150613/Images\MRH_X_20150614_021228_054.img reduced chisqr: 1.2188.
			Message:"Tolerance seems to be too small."
04/07/2021 22:57:03 PM: minime90/mrh/2015/20150613/Images\MRH_X_20150614_021538_055.img reduced chisqr: 1.1203.
			Message:"Tolerance seems to be too small."
04/07/2021 22:57:10 PM: minime90/mrh/2015/20150613/Images\MRH_X_20150614_021847_056.img reduced chisqr: 1.0762.
			Message:"Tolerance seems to be too small."
04/07/2021 22:57:16 PM: minime90/mrh/2015/20150613/Images\MRH_X_20150614_022155_057.img reduced chisqr: 1.1102.
			Message:"Tolerance seems to be too small."
04/07/2021 22:57:23 PM: minime90/mrh/2015/20150613/Images\MRH_X_20150614_022503_058.img reduced chisqr: 1.1730.
			Message:"Tolerance seems to be too small."
04/07/2021 22:57:29 PM: minime90/mrh/2015/20150613/Images\MRH_X_20150614_022811_059.img reduced chisqr: 1.2057.
			Message:"Tolerance seems to be too small."
04/07/2021 22:57:35 PM: minime90/mrh/2015/20150613/Images\MRH_X_20150614_023207_060.img reduced chisqr: 1.1349.
			Message:"Tolerance seems to be too small."
04/07/2021 22:57:42 PM: minime90/mrh/2015/20150613/Images\MRH_X_20150614_023519_061.img reduced chisqr: 1.2212.
			Message:"Tolerance seems to be too small."
04/07/2021 22:57:48 PM: minime90/mrh/2015/20150613/Images\MRH_X_20150614_023828_062.img reduced chisqr: 1.5498.
			Message:"Tolerance seems to be too small."
04/07/2021 22:57:55 PM: minime90/mrh/2015/20150613/Images\MRH_X_20150614_024137_063.img reduced chisqr: 1.2181.
			Message:"Tolerance seems to be too small."
04/07/2021 22:58:01 PM: minime90/mrh/2015/20150613/Images\MRH_X_20150614_024447_064.img reduced chisqr: 1.2161.
			Message:"Tolerance seems to be too small."
04/07/2021 22:58:07 PM: minime90/mrh/2015/20150613/Images\MRH_X_20150614_024756_065.img reduced chisqr: 1.1077.
			Message:"Tolerance seems to be too small."
04/07/2021 22:58:14 PM: minime90/mrh/2015/20150613/Images\MRH_X_20150614_025105_066.img reduced chisqr: 1.3672.
			Message:"Tolerance seems to be too small."
04/07/2021 22:58:20 PM: minime90/mrh/2015/20150613/Images\MRH_X_20150614_025413_067.img reduced chisqr: 1.1415.
			Message:"Tolerance seems to be too small."
04/07/2021 22:58:26 PM: minime90/mrh/2015/20150613/Images\MRH_X_20150614_025721_068.img reduced chisqr: 1.4819.
			Message:"Tolerance seems to be too small."
04/07/2021 22:58:33 PM: minime90/mrh/2015/20150613/Images\MRH_X_20150614_030029_069.img reduced chisqr: 1.4240.
			Message:"Tolerance seems to be too small."
04/07/2021 22:58:39 PM: minime90/mrh/2015/20150613/Images\MRH_X_20150614_030426_070.img reduced chisqr: 1.5839.
			Message:"Tolerance seems to be too small."
04/07/2021 22:58:45 PM: minime90/mrh/2015/20150613/Images\MRH_X_20150614_030737_071.img reduced chisqr: 1.6862.
			Message:"Tolerance seems to be too small."
04/07/2021 22:58:52 PM: minime90/mrh/2015/20150613/Images\MRH_X_20150614_031047_072.img reduced chisqr: 1.4398.
			Message:"Tolerance seems to be too small."
04/07/2021 22:58:58 PM: minime90/mrh/2015/20150613/Images\MRH_X_20150614_031356_073.img reduced chisqr: 1.3906.
			Message:"Tolerance seems to be too small."
04/07/2021 22:59:04 PM: minime90/mrh/2015/20150613/Images\MRH_X_20150614_031706_074.img reduced chisqr: 1.4096.
			Message:"Tolerance seems to be too small."
04/07/2021 22:59:11 PM: minime90/mrh/2015/20150613/Images\MRH_X_20150614_032015_075.img reduced chisqr: 1.4574.
			Message:"Tolerance seems to be too small."
04/07/2021 22:59:17 PM: minime90/mrh/2015/20150613/Images\MRH_X_20150614_032324_076.img reduced chisqr: 1.5587.
			Message:"Tolerance seems to be too small."
04/07/2021 22:59:23 PM: minime90/mrh/2015/20150613/Images\MRH_X_20150614_032632_077.img reduced chisqr: 1.6171.
			Message:"Tolerance seems to be too small."
04/07/2021 22:59:29 PM: minime90/mrh/2015/20150613/Images\MRH_X_20150614_032940_078.img reduced chisqr: 1.6381.
			Message:"Tolerance seems to be too small."
04/07/2021 22:59:36 PM: minime90/mrh/2015/20150613/Images\MRH_X_20150614_033248_079.img reduced chisqr: 1.7962.
			Message:"Tolerance seems to be too small."
04/07/2021 22:59:42 PM: minime90/mrh/2015/20150613/Images\MRH_X_20150614_033644_080.img reduced chisqr: 2.1840.
			Message:"Tolerance seems to be too small."
04/07/2021 22:59:48 PM: minime90/mrh/2015/20150613/Images\MRH_X_20150614_033956_081.img reduced chisqr: 1.6214.
			Message:"Tolerance seems to be too small."
04/07/2021 22:59:54 PM: minime90/mrh/2015/20150613/Images\MRH_X_20150614_034305_082.img reduced chisqr: 1.6614.
			Message:"Tolerance seems to be too small."
04/07/2021 23:00:01 PM: minime90/mrh/2015/20150613/Images\MRH_X_20150614_034614_083.img reduced chisqr: 1.5140.
			Message:"Tolerance seems to be too small."
04/07/2021 23:00:07 PM: minime90/mrh/2015/20150613/Images\MRH_X_20150614_034924_084.img reduced chisqr: 1.8608.
			Message:"Tolerance seems to be too small."
04/07/2021 23:00:13 PM: minime90/mrh/2015/20150613/Images\MRH_X_20150614_035233_085.img reduced chisqr: 1.5008.
			Message:"Tolerance seems to be too small."
04/07/2021 23:00:20 PM: minime90/mrh/2015/20150613/Images\MRH_X_20150614_035542_086.img reduced chisqr: 1.5872.
			Message:"Tolerance seems to be too small."
04/07/2021 23:00:26 PM: minime90/mrh/2015/20150613/Images\MRH_X_20150614_035850_087.img reduced chisqr: 1.4910.
			Message:"Tolerance seems to be too small."
04/07/2021 23:00:32 PM: minime90/mrh/2015/20150613/Images\MRH_X_20150614_040159_088.img reduced chisqr: 1.5507.
			Message:"Tolerance seems to be too small."
04/07/2021 23:00:38 PM: minime90/mrh/2015/20150613/Images\MRH_X_20150614_040507_089.img reduced chisqr: 1.6514.
			Message:"Tolerance seems to be too small."
04/07/2021 23:00:45 PM: minime90/mrh/2015/20150613/Images\MRH_X_20150614_040903_090.img reduced chisqr: 2.3650.
			Message:"Tolerance seems to be too small."
04/07/2021 23:00:51 PM: minime90/mrh/2015/20150613/Images\MRH_X_20150614_041214_091.img reduced chisqr: 1.6565.
			Message:"Tolerance seems to be too small."
04/07/2021 23:00:57 PM: minime90/mrh/2015/20150613/Images\MRH_X_20150614_041524_092.img reduced chisqr: 1.6389.
			Message:"Tolerance seems to be too small."
04/07/2021 23:01:03 PM: minime90/mrh/2015/20150613/Images\MRH_X_20150614_041833_093.img reduced chisqr: 1.5278.
			Message:"Tolerance seems to be too small."
04/07/2021 23:01:10 PM: minime90/mrh/2015/20150613/Images\MRH_X_20150614_042143_094.img reduced chisqr: 1.7432.
			Message:"Tolerance seems to be too small."
04/07/2021 23:01:16 PM: minime90/mrh/2015/20150613/Images\MRH_X_20150614_042452_095.img reduced chisqr: 1.7202.
			Message:"Tolerance seems to be too small."
04/07/2021 23:01:22 PM: minime90/mrh/2015/20150613/Images\MRH_X_20150614_042801_096.img reduced chisqr: 1.8261.
			Message:"Tolerance seems to be too small."
04/07/2021 23:01:28 PM: minime90/mrh/2015/20150613/Images\MRH_X_20150614_043109_097.img reduced chisqr: 1.7896.
			Message:"Tolerance seems to be too small."
04/07/2021 23:01:35 PM: minime90/mrh/2015/20150613/Images\MRH_X_20150614_043417_098.img reduced chisqr: 1.7838.
			Message:"Tolerance seems to be too small."
04/07/2021 23:01:41 PM: minime90/mrh/2015/20150613/Images\MRH_X_20150614_043725_099.img reduced chisqr: 1.7101.
			Message:"Tolerance seems to be too small."
04/07/2021 23:01:47 PM: minime90/mrh/2015/20150613/Images\MRH_X_20150614_044121_100.img reduced chisqr: 1.7226.
			Message:"Tolerance seems to be too small."
04/07/2021 23:01:54 PM: minime90/mrh/2015/20150613/Images\MRH_X_20150614_044433_101.img reduced chisqr: 1.5663.
			Message:"Tolerance seems to be too small."
04/07/2021 23:02:00 PM: minime90/mrh/2015/20150613/Images\MRH_X_20150614_044742_102.img reduced chisqr: 1.4427.
			Message:"Tolerance seems to be too small."
04/07/2021 23:02:06 PM: minime90/mrh/2015/20150613/Images\MRH_X_20150614_045051_103.img reduced chisqr: 1.5371.
			Message:"Tolerance seems to be too small."
04/07/2021 23:02:13 PM: minime90/mrh/2015/20150613/Images\MRH_X_20150614_045401_104.img reduced chisqr: 1.3787.
			Message:"Tolerance seems to be too small."
04/07/2021 23:02:19 PM: minime90/mrh/2015/20150613/Images\MRH_X_20150614_045710_105.img reduced chisqr: 1.4975.
			Message:"Tolerance seems to be too small."
04/07/2021 23:02:26 PM: minime90/mrh/2015/20150613/Images\MRH_X_20150614_050019_106.img reduced chisqr: 1.3918.
			Message:"Tolerance seems to be too small."
04/07/2021 23:02:32 PM: minime90/mrh/2015/20150613/Images\MRH_X_20150614_050327_107.img reduced chisqr: 1.4731.
			Message:"Tolerance seems to be too small."
04/07/2021 23:02:38 PM: minime90/mrh/2015/20150613/Images\MRH_X_20150614_050635_108.img reduced chisqr: 1.3429.
			Message:"Tolerance seems to be too small."
04/07/2021 23:02:45 PM: minime90/mrh/2015/20150613/Images\MRH_X_20150614_050943_109.img reduced chisqr: 1.3308.
			Message:"Tolerance seems to be too small."
04/07/2021 23:02:51 PM: minime90/mrh/2015/20150613/Images\MRH_X_20150614_051340_110.img reduced chisqr: 1.2221.
			Message:"Tolerance seems to be too small."
04/07/2021 23:02:57 PM: minime90/mrh/2015/20150613/Images\MRH_X_20150614_051651_111.img reduced chisqr: 1.1373.
			Message:"Tolerance seems to be too small."
04/07/2021 23:03:04 PM: minime90/mrh/2015/20150613/Images\MRH_X_20150614_052000_112.img reduced chisqr: 1.1350.
			Message:"Tolerance seems to be too small."
04/07/2021 23:03:10 PM: minime90/mrh/2015/20150613/Images\MRH_X_20150614_052309_113.img reduced chisqr: 1.2402.
			Message:"Tolerance seems to be too small."
04/07/2021 23:03:16 PM: minime90/mrh/2015/20150613/Images\MRH_X_20150614_052619_114.img reduced chisqr: 1.1610.
			Message:"Tolerance seems to be too small."
04/07/2021 23:03:22 PM: minime90/mrh/2015/20150613/Images\MRH_X_20150614_052928_115.img reduced chisqr: 1.1385.
			Message:"Tolerance seems to be too small."
04/07/2021 23:03:29 PM: minime90/mrh/2015/20150613/Images\MRH_X_20150614_053238_116.img reduced chisqr: 1.1707.
			Message:"Tolerance seems to be too small."
04/07/2021 23:03:35 PM: minime90/mrh/2015/20150613/Images\MRH_X_20150614_053546_117.img reduced chisqr: 1.0968.
			Message:"Tolerance seems to be too small."
04/07/2021 23:03:41 PM: minime90/mrh/2015/20150613/Images\MRH_X_20150614_053854_118.img reduced chisqr: 1.2644.
			Message:"Tolerance seems to be too small."
04/07/2021 23:03:48 PM: minime90/mrh/2015/20150613/Images\MRH_X_20150614_054202_119.img reduced chisqr: 1.3171.
			Message:"Tolerance seems to be too small."
04/07/2021 23:03:54 PM: minime90/mrh/2015/20150613/Images\MRH_X_20150614_054558_120.img reduced chisqr: 1.1292.
			Message:"Tolerance seems to be too small."
04/07/2021 23:04:00 PM: minime90/mrh/2015/20150613/Images\MRH_X_20150614_054910_121.img reduced chisqr: 1.2527.
			Message:"Tolerance seems to be too small."
04/07/2021 23:04:07 PM: minime90/mrh/2015/20150613/Images\MRH_X_20150614_055219_122.img reduced chisqr: 1.4648.
			Message:"Tolerance seems to be too small."
04/07/2021 23:04:13 PM: minime90/mrh/2015/20150613/Images\MRH_X_20150614_055528_123.img reduced chisqr: 1.3471.
			Message:"Tolerance seems to be too small."
04/07/2021 23:04:19 PM: minime90/mrh/2015/20150613/Images\MRH_X_20150614_055838_124.img reduced chisqr: 1.3949.
			Message:"Tolerance seems to be too small."
04/07/2021 23:04:25 PM: minime90/mrh/2015/20150613/Images\MRH_X_20150614_060147_125.img reduced chisqr: 1.3224.
			Message:"Tolerance seems to be too small."
04/07/2021 23:04:32 PM: minime90/mrh/2015/20150613/Images\MRH_X_20150614_060456_126.img reduced chisqr: 1.3368.
			Message:"Tolerance seems to be too small."
04/07/2021 23:04:38 PM: minime90/mrh/2015/20150613/Images\MRH_X_20150614_060804_127.img reduced chisqr: 1.7077.
			Message:"Tolerance seems to be too small."
04/07/2021 23:04:44 PM: minime90/mrh/2015/20150613/Images\MRH_X_20150614_061112_128.img reduced chisqr: 1.5388.
			Message:"Tolerance seems to be too small."
04/07/2021 23:04:50 PM: minime90/mrh/2015/20150613/Images\MRH_X_20150614_061420_129.img reduced chisqr: 1.4094.
			Message:"Tolerance seems to be too small."
04/07/2021 23:04:57 PM: minime90/mrh/2015/20150613/Images\MRH_X_20150614_061817_130.img reduced chisqr: 1.4121.
			Message:"Tolerance seems to be too small."
04/07/2021 23:05:03 PM: minime90/mrh/2015/20150613/Images\MRH_X_20150614_062128_131.img reduced chisqr: 1.6725.
			Message:"Tolerance seems to be too small."
04/07/2021 23:05:09 PM: minime90/mrh/2015/20150613/Images\MRH_X_20150614_062437_132.img reduced chisqr: 1.2477.
			Message:"Tolerance seems to be too small."
04/07/2021 23:05:15 PM: minime90/mrh/2015/20150613/Images\MRH_X_20150614_062747_133.img reduced chisqr: 1.5336.
			Message:"Tolerance seems to be too small."
04/07/2021 23:05:22 PM: minime90/mrh/2015/20150613/Images\MRH_X_20150614_063056_134.img reduced chisqr: 1.3061.
			Message:"Tolerance seems to be too small."
04/07/2021 23:05:28 PM: minime90/mrh/2015/20150613/Images\MRH_X_20150614_063406_135.img reduced chisqr: 1.5125.
			Message:"Tolerance seems to be too small."
04/07/2021 23:05:34 PM: minime90/mrh/2015/20150613/Images\MRH_X_20150614_063715_136.img reduced chisqr: 1.5089.
			Message:"Tolerance seems to be too small."
04/07/2021 23:05:41 PM: minime90/mrh/2015/20150613/Images\MRH_X_20150614_064023_137.img reduced chisqr: 1.4953.
			Message:"Tolerance seems to be too small."
04/07/2021 23:05:47 PM: minime90/mrh/2015/20150613/Images\MRH_X_20150614_064331_138.img reduced chisqr: 1.2625.
			Message:"Tolerance seems to be too small."
04/07/2021 23:05:53 PM: minime90/mrh/2015/20150613/Images\MRH_X_20150614_064639_139.img reduced chisqr: 1.1228.
			Message:"Tolerance seems to be too small."
04/07/2021 23:06:00 PM: minime90/mrh/2015/20150613/Images\MRH_X_20150614_065035_140.img reduced chisqr: 1.1260.
			Message:"Tolerance seems to be too small."
04/07/2021 23:06:06 PM: minime90/mrh/2015/20150613/Images\MRH_X_20150614_065347_141.img reduced chisqr: 1.0456.
			Message:"Tolerance seems to be too small."
04/07/2021 23:06:13 PM: minime90/mrh/2015/20150613/Images\MRH_X_20150614_065656_142.img reduced chisqr: 1.1964.
			Message:"Tolerance seems to be too small."
04/07/2021 23:06:19 PM: minime90/mrh/2015/20150613/Images\MRH_X_20150614_070005_143.img reduced chisqr: 1.2146.
			Message:"Tolerance seems to be too small."
04/07/2021 23:06:25 PM: minime90/mrh/2015/20150613/Images\MRH_X_20150614_070315_144.img reduced chisqr: 1.4927.
			Message:"Tolerance seems to be too small."
04/07/2021 23:06:32 PM: minime90/mrh/2015/20150613/Images\MRH_X_20150614_070624_145.img reduced chisqr: 1.0854.
			Message:"Tolerance seems to be too small."
04/07/2021 23:06:38 PM: minime90/mrh/2015/20150613/Images\MRH_X_20150614_070933_146.img reduced chisqr: 1.2151.
			Message:"Tolerance seems to be too small."
04/07/2021 23:06:44 PM: minime90/mrh/2015/20150613/Images\MRH_X_20150614_071241_147.img reduced chisqr: 1.1967.
			Message:"Tolerance seems to be too small."
04/07/2021 23:06:51 PM: minime90/mrh/2015/20150613/Images\MRH_X_20150614_071549_148.img reduced chisqr: 1.2491.
			Message:"Tolerance seems to be too small."
04/07/2021 23:06:57 PM: minime90/mrh/2015/20150613/Images\MRH_X_20150614_071857_149.img reduced chisqr: 1.0930.
			Message:"Tolerance seems to be too small."
04/07/2021 23:07:03 PM: minime90/mrh/2015/20150613/Images\MRH_X_20150614_072254_150.img reduced chisqr: 1.2262.
			Message:"Tolerance seems to be too small."
04/07/2021 23:07:10 PM: minime90/mrh/2015/20150613/Images\MRH_X_20150614_072605_151.img reduced chisqr: 1.1987.
			Message:"Tolerance seems to be too small."
04/07/2021 23:07:16 PM: minime90/mrh/2015/20150613/Images\MRH_X_20150614_072914_152.img reduced chisqr: 1.1607.
			Message:"Tolerance seems to be too small."
04/07/2021 23:07:22 PM: minime90/mrh/2015/20150613/Images\MRH_X_20150614_073223_153.img reduced chisqr: 1.0589.
			Message:"Tolerance seems to be too small."
04/07/2021 23:07:28 PM: minime90/mrh/2015/20150613/Images\MRH_X_20150614_073533_154.img reduced chisqr: 1.0919.
			Message:"Tolerance seems to be too small."
04/07/2021 23:07:35 PM: minime90/mrh/2015/20150613/Images\MRH_X_20150614_073842_155.img reduced chisqr: 1.1246.
			Message:"Tolerance seems to be too small."
04/07/2021 23:07:41 PM: minime90/mrh/2015/20150613/Images\MRH_X_20150614_074152_156.img reduced chisqr: 1.0824.
			Message:"Tolerance seems to be too small."
04/07/2021 23:07:47 PM: minime90/mrh/2015/20150613/Images\MRH_X_20150614_074500_157.img reduced chisqr: 1.2619.
			Message:"Tolerance seems to be too small."
04/07/2021 23:07:54 PM: minime90/mrh/2015/20150613/Images\MRH_X_20150614_074808_158.img reduced chisqr: 1.2861.
			Message:"Tolerance seems to be too small."
04/07/2021 23:08:00 PM: minime90/mrh/2015/20150613/Images\MRH_X_20150614_075116_159.img reduced chisqr: 1.2448.
			Message:"Tolerance seems to be too small."
04/07/2021 23:08:07 PM: minime90/mrh/2015/20150613/Images\MRH_X_20150614_075512_160.img reduced chisqr: 1.1504.
			Message:"Tolerance seems to be too small."
04/07/2021 23:08:13 PM: minime90/mrh/2015/20150613/Images\MRH_X_20150614_075824_161.img reduced chisqr: 1.2163.
			Message:"Tolerance seems to be too small."
04/07/2021 23:08:19 PM: minime90/mrh/2015/20150613/Images\MRH_X_20150614_080133_162.img reduced chisqr: 1.1374.
			Message:"Tolerance seems to be too small."
04/07/2021 23:08:26 PM: minime90/mrh/2015/20150613/Images\MRH_X_20150614_080442_163.img reduced chisqr: 1.1208.
			Message:"Tolerance seems to be too small."
04/07/2021 23:08:32 PM: minime90/mrh/2015/20150613/Images\MRH_X_20150614_080752_164.img reduced chisqr: 1.2366.
			Message:"Tolerance seems to be too small."
04/07/2021 23:08:38 PM: minime90/mrh/2015/20150613/Images\MRH_X_20150614_081101_165.img reduced chisqr: 1.0719.
			Message:"Tolerance seems to be too small."
04/07/2021 23:08:45 PM: minime90/mrh/2015/20150613/Images\MRH_X_20150614_081410_166.img reduced chisqr: 1.3074.
			Message:"Tolerance seems to be too small."
04/07/2021 23:08:51 PM: minime90/mrh/2015/20150613/Images\MRH_X_20150614_081718_167.img reduced chisqr: 1.1453.
			Message:"Tolerance seems to be too small."
04/07/2021 23:08:57 PM: minime90/mrh/2015/20150613/Images\MRH_X_20150614_082026_168.img reduced chisqr: 1.0974.
			Message:"Tolerance seems to be too small."
04/07/2021 23:09:04 PM: minime90/mrh/2015/20150613/Images\MRH_X_20150614_082334_169.img reduced chisqr: 1.3005.
			Message:"Tolerance seems to be too small."
04/07/2021 23:09:10 PM: minime90/mrh/2015/20150613/Images\MRH_X_20150614_082730_170.img reduced chisqr: 1.2354.
			Message:"Tolerance seems to be too small."
04/07/2021 23:09:16 PM: minime90/mrh/2015/20150613/Images\MRH_X_20150614_083042_171.img reduced chisqr: 1.1583.
			Message:"Tolerance seems to be too small."
04/07/2021 23:09:23 PM: minime90/mrh/2015/20150613/Images\MRH_X_20150614_083351_172.img reduced chisqr: 1.0593.
			Message:"Tolerance seems to be too small."
04/07/2021 23:09:29 PM: minime90/mrh/2015/20150613/Images\MRH_X_20150614_083700_173.img reduced chisqr: 1.1640.
			Message:"Tolerance seems to be too small."
04/07/2021 23:09:35 PM: minime90/mrh/2015/20150613/Images\MRH_X_20150614_084010_174.img reduced chisqr: 1.2492.
			Message:"Tolerance seems to be too small."
04/07/2021 23:09:42 PM: minime90/mrh/2015/20150613/Images\MRH_X_20150614_084319_175.img reduced chisqr: 1.1979.
			Message:"Tolerance seems to be too small."
04/07/2021 23:09:48 PM: minime90/mrh/2015/20150613/Images\MRH_X_20150614_084628_176.img reduced chisqr: 1.3996.
			Message:"Tolerance seems to be too small."
04/07/2021 23:09:55 PM: minime90/mrh/2015/20150613/Images\MRH_X_20150614_084936_177.img reduced chisqr: 1.4350.
			Message:"Tolerance seems to be too small."
04/07/2021 23:10:01 PM: minime90/mrh/2015/20150613/Images\MRH_X_20150614_085244_178.img reduced chisqr: 1.7769.
			Message:"Tolerance seems to be too small."
04/07/2021 23:10:08 PM: minime90/mrh/2015/20150613/Images\MRH_X_20150614_085552_179.img reduced chisqr: 1.3240.
			Message:"Tolerance seems to be too small."
04/07/2021 23:10:14 PM: minime90/mrh/2015/20150613/Images\MRH_X_20150614_085948_180.img reduced chisqr: 1.1320.
			Message:"Tolerance seems to be too small."
04/07/2021 23:10:20 PM: minime90/mrh/2015/20150613/Images\MRH_X_20150614_090300_181.img reduced chisqr: 1.2199.
			Message:"Tolerance seems to be too small."
04/07/2021 23:10:27 PM: minime90/mrh/2015/20150613/Images\MRH_X_20150614_090609_182.img reduced chisqr: 1.2763.
			Message:"Tolerance seems to be too small."
04/07/2021 23:10:33 PM: minime90/mrh/2015/20150613/Images\MRH_X_20150614_090918_183.img reduced chisqr: 1.1224.
			Message:"Tolerance seems to be too small."
04/07/2021 23:10:39 PM: minime90/mrh/2015/20150613/Images\MRH_X_20150614_091228_184.img reduced chisqr: 1.2351.
			Message:"Tolerance seems to be too small."
04/07/2021 23:10:46 PM: minime90/mrh/2015/20150613/Images\MRH_X_20150614_091537_185.img reduced chisqr: 1.2111.
			Message:"Tolerance seems to be too small."
04/07/2021 23:10:52 PM: minime90/mrh/2015/20150613/Images\MRH_X_20150614_091846_186.img reduced chisqr: 1.1689.
			Message:"Tolerance seems to be too small."
04/07/2021 23:10:59 PM: minime90/mrh/2015/20150613/Images\MRH_X_20150614_092154_187.img reduced chisqr: 1.1650.
			Message:"Tolerance seems to be too small."
04/07/2021 23:11:05 PM: minime90/mrh/2015/20150613/Images\MRH_X_20150614_092502_188.img reduced chisqr: 1.1313.
			Message:"Tolerance seems to be too small."
04/07/2021 23:11:11 PM: minime90/mrh/2015/20150613/Images\MRH_X_20150614_092810_189.img reduced chisqr: 1.2030.
			Message:"Tolerance seems to be too small."
04/07/2021 23:11:18 PM: minime90/mrh/2015/20150613/Images\MRH_X_20150614_093206_190.img reduced chisqr: 1.2492.
			Message:"Tolerance seems to be too small."
04/07/2021 23:11:24 PM: minime90/mrh/2015/20150613/Images\MRH_X_20150614_093518_191.img reduced chisqr: 1.1141.
			Message:"Tolerance seems to be too small."
04/07/2021 23:11:31 PM: minime90/mrh/2015/20150613/Images\MRH_X_20150614_093827_192.img reduced chisqr: 1.1442.
			Message:"Tolerance seems to be too small."
04/07/2021 23:11:37 PM: minime90/mrh/2015/20150613/Images\MRH_X_20150614_094136_193.img reduced chisqr: 1.1888.
			Message:"Tolerance seems to be too small."
04/07/2021 23:11:43 PM: minime90/mrh/2015/20150613/Images\MRH_X_20150614_094446_194.img reduced chisqr: 1.0220.
			Message:"Tolerance seems to be too small."
04/07/2021 23:11:50 PM: minime90/mrh/2015/20150613/Images\MRH_X_20150614_094755_195.img reduced chisqr: 1.0780.
			Message:"Tolerance seems to be too small."
04/07/2021 23:11:56 PM: minime90/mrh/2015/20150613/Images\MRH_X_20150614_095104_196.img reduced chisqr: 1.0966.
			Message:"Tolerance seems to be too small."
04/07/2021 23:12:02 PM: minime90/mrh/2015/20150613/Images\MRH_X_20150614_095412_197.img reduced chisqr: 1.1139.
			Message:"Tolerance seems to be too small."
04/07/2021 23:12:09 PM: minime90/mrh/2015/20150613/Images\MRH_X_20150614_095720_198.img reduced chisqr: 1.3025.
			Message:"Tolerance seems to be too small."
04/07/2021 23:12:15 PM: minime90/mrh/2015/20150613/Images\MRH_X_20150614_100028_199.img reduced chisqr: 1.1927.
			Message:"Tolerance seems to be too small."
04/07/2021 23:12:21 PM: minime90/mrh/2015/20150613/Images\MRH_X_20150614_100424_200.img reduced chisqr: 1.2262.
			Message:"Tolerance seems to be too small."
04/07/2021 23:12:28 PM: minime90/mrh/2015/20150613/Images\MRH_X_20150614_100736_201.img reduced chisqr: 1.3639.
			Message:"Tolerance seems to be too small."
04/07/2021 23:12:34 PM: minime90/mrh/2015/20150613/Images\MRH_X_20150614_101045_202.img reduced chisqr: 1.2407.
			Message:"Tolerance seems to be too small."
04/07/2021 23:12:40 PM: minime90/mrh/2015/20150613/Images\MRH_X_20150614_101354_203.img reduced chisqr: 1.0991.
			Message:"Tolerance seems to be too small."
04/07/2021 23:12:47 PM: minime90/mrh/2015/20150613/Images\MRH_X_20150614_101704_204.img reduced chisqr: 1.2537.
			Message:"Tolerance seems to be too small."
04/07/2021 23:12:53 PM: minime90/mrh/2015/20150613/Images\MRH_X_20150614_102013_205.img reduced chisqr: 1.4718.
			Message:"Tolerance seems to be too small."
04/07/2021 23:12:59 PM: minime90/mrh/2015/20150613/Images\MRH_X_20150614_102323_206.img reduced chisqr: 1.4516.
			Message:"Tolerance seems to be too small."
04/07/2021 23:13:05 PM: minime90/mrh/2015/20150613/Images\MRH_X_20150614_102631_207.img reduced chisqr: 1.3306.
			Message:"Tolerance seems to be too small."
04/07/2021 23:13:12 PM: minime90/mrh/2015/20150613/Images\MRH_X_20150614_102939_208.img reduced chisqr: 1.3159.
			Message:"Tolerance seems to be too small."
04/07/2021 23:13:18 PM: minime90/mrh/2015/20150613/Images\MRH_X_20150614_103247_209.img reduced chisqr: 1.2116.
			Message:"Tolerance seems to be too small."
04/07/2021 23:13:24 PM: minime90/mrh/2015/20150613/Images\MRH_X_20150614_103643_210.img reduced chisqr: 1.5624.
			Message:"Tolerance seems to be too small."
04/07/2021 23:13:31 PM: minime90/mrh/2015/20150613/Images\MRH_X_20150614_103954_211.img reduced chisqr: 1.7541.
			Message:"Tolerance seems to be too small."
04/07/2021 23:13:31 PM: WARNING: Exposure time is not changing.
04/07/2021 23:13:31 PM: Created diagnostic plots.
04/07/2021 23:13:31 PM: Laser and sky image analysis complete.
04/07/2021 23:13:31 PM: No Boltwood cloud sensor data found.
04/07/2021 23:13:31 PM: No X300 temperature sensor data found.
04/07/2021 23:13:31 PM:  Quality Flag Calculation:
		Manual Wind Flag: 0
		Manual Temperature Flag: 0
		Laser Drift: False
		Sample-specific flags:
		Images\MRH_X_20150613_235035_010.img [no cloud data W1T1] [FINAL: W1T1]
		Images\MRH_X_20150613_235347_011.img [no cloud data W1T1] [FINAL: W1T1]
		Images\MRH_X_20150613_235656_012.img [no cloud data W1T1] [FINAL: W1T1]
		Images\MRH_X_20150614_000005_013.img [no cloud data W1T1] [FINAL: W1T1]
		Images\MRH_X_20150614_000315_014.img [no cloud data W1T1] [FINAL: W1T1]
		Images\MRH_X_20150614_000624_015.img [no cloud data W1T1] [FINAL: W1T1]
		Images\MRH_X_20150614_000933_016.img [no cloud data W1T1] [FINAL: W1T1]
		Images\MRH_X_20150614_001241_017.img [no cloud data W1T1] [FINAL: W1T1]
		Images\MRH_X_20150614_001549_018.img [no cloud data W1T1] [FINAL: W1T1]
		Images\MRH_X_20150614_001857_019.img [no cloud data W1T1] [FINAL: W1T1]
		Images\MRH_X_20150614_002254_020.img [no cloud data W1T1] [FINAL: W1T1]
		Images\MRH_X_20150614_002605_021.img [no cloud data W1T1] [FINAL: W1T1]
		Images\MRH_X_20150614_002914_022.img [no cloud data W1T1] [FINAL: W1T1]
		Images\MRH_X_20150614_003223_023.img [no cloud data W1T1] [FINAL: W1T1]
		Images\MRH_X_20150614_003533_024.img [no cloud data W1T1] [FINAL: W1T1]
		Images\MRH_X_20150614_003842_025.img [no cloud data W1T1] [sigma_T large: W2T2] [FINAL: W2T2]
		Images\MRH_X_20150614_004152_026.img [no cloud data W1T1] [FINAL: W1T1]
		Images\MRH_X_20150614_004500_027.img [no cloud data W1T1] [FINAL: W1T1]
		Images\MRH_X_20150614_004808_028.img [no cloud data W1T1] [sigma_T large: W2T2] [FINAL: W2T2]
		Images\MRH_X_20150614_005116_029.img [no cloud data W1T1] [FINAL: W1T1]
		Images\MRH_X_20150614_005512_030.img [no cloud data W1T1] [FINAL: W1T1]
		Images\MRH_X_20150614_005823_031.img [no cloud data W1T1] [FINAL: W1T1]
		Images\MRH_X_20150614_010132_032.img [no cloud data W1T1] [sigma_T large: W2T2] [FINAL: W2T2]
		Images\MRH_X_20150614_010442_033.img [no cloud data W1T1] [sigma_T large: W2T2] [FINAL: W2T2]
		Images\MRH_X_20150614_010751_034.img [no cloud data W1T1] [sigma_T large: W2T2] [FINAL: W2T2]
		Images\MRH_X_20150614_011101_035.img [no cloud data W1T1] [sigma_T large: W2T2] [FINAL: W2T2]
		Images\MRH_X_20150614_011410_036.img [no cloud data W1T1] [sigma_T large: W2T2] [FINAL: W2T2]
		Images\MRH_X_20150614_011718_037.img [no cloud data W1T1] [sigma_T large: W2T2] [FINAL: W2T2]
		Images\MRH_X_20150614_012026_038.img [no cloud data W1T1] [sigma_T large: W2T2] [FINAL: W2T2]
		Images\MRH_X_20150614_012334_039.img [no cloud data W1T1] [sigma_T large: W2T2] [FINAL: W2T2]
		Images\MRH_X_20150614_012730_040.img [no cloud data W1T1] [sigma_T large: W2T2] [FINAL: W2T2]
		Images\MRH_X_20150614_013042_041.img [no cloud data W1T1] [sigma_T large: W2T2] [FINAL: W2T2]
		Images\MRH_X_20150614_013351_042.img [no cloud data W1T1] [sigma_T large: W2T2] [FINAL: W2T2]
		Images\MRH_X_20150614_013700_043.img [no cloud data W1T1] [sigma_T large: W2T2] [FINAL: W2T2]
		Images\MRH_X_20150614_014010_044.img [no cloud data W1T1] [sigma_T large: W2T2] [FINAL: W2T2]
		Images\MRH_X_20150614_014319_045.img [no cloud data W1T1] [sigma_T large: W2T2] [FINAL: W2T2]
		Images\MRH_X_20150614_014628_046.img [no cloud data W1T1] [sigma_T large: W2T2] [FINAL: W2T2]
		Images\MRH_X_20150614_014936_047.img [no cloud data W1T1] [sigma_T large: W2T2] [FINAL: W2T2]
		Images\MRH_X_20150614_015244_048.img [no cloud data W1T1] [FINAL: W1T1]
		Images\MRH_X_20150614_015552_049.img [no cloud data W1T1] [FINAL: W1T1]
		Images\MRH_X_20150614_015949_050.img [no cloud data W1T1] [FINAL: W1T1]
		Images\MRH_X_20150614_020300_051.img [no cloud data W1T1] [FINAL: W1T1]
		Images\MRH_X_20150614_020609_052.img [no cloud data W1T1] [FINAL: W1T1]
		Images\MRH_X_20150614_020919_053.img [no cloud data W1T1] [FINAL: W1T1]
		Images\MRH_X_20150614_021228_054.img [no cloud data W1T1] [FINAL: W1T1]
		Images\MRH_X_20150614_021538_055.img [no cloud data W1T1] [FINAL: W1T1]
		Images\MRH_X_20150614_021847_056.img [no cloud data W1T1] [FINAL: W1T1]
		Images\MRH_X_20150614_022155_057.img [no cloud data W1T1] [FINAL: W1T1]
		Images\MRH_X_20150614_022503_058.img [no cloud data W1T1] [FINAL: W1T1]
		Images\MRH_X_20150614_022811_059.img [no cloud data W1T1] [FINAL: W1T1]
		Images\MRH_X_20150614_023207_060.img [no cloud data W1T1] [FINAL: W1T1]
		Images\MRH_X_20150614_023519_061.img [no cloud data W1T1] [FINAL: W1T1]
		Images\MRH_X_20150614_023828_062.img [no cloud data W1T1] [FINAL: W1T1]
		Images\MRH_X_20150614_024137_063.img [no cloud data W1T1] [FINAL: W1T1]
		Images\MRH_X_20150614_024447_064.img [no cloud data W1T1] [FINAL: W1T1]
		Images\MRH_X_20150614_024756_065.img [no cloud data W1T1] [FINAL: W1T1]
		Images\MRH_X_20150614_025105_066.img [no cloud data W1T1] [FINAL: W1T1]
		Images\MRH_X_20150614_025413_067.img [no cloud data W1T1] [FINAL: W1T1]
		Images\MRH_X_20150614_025721_068.img [no cloud data W1T1] [FINAL: W1T1]
		Images\MRH_X_20150614_030029_069.img [no cloud data W1T1] [FINAL: W1T1]
		Images\MRH_X_20150614_030426_070.img [no cloud data W1T1] [FINAL: W1T1]
		Images\MRH_X_20150614_030737_071.img [no cloud data W1T1] [FINAL: W1T1]
		Images\MRH_X_20150614_031047_072.img [no cloud data W1T1] [FINAL: W1T1]
		Images\MRH_X_20150614_031356_073.img [no cloud data W1T1] [FINAL: W1T1]
		Images\MRH_X_20150614_031706_074.img [no cloud data W1T1] [FINAL: W1T1]
		Images\MRH_X_20150614_032015_075.img [no cloud data W1T1] [FINAL: W1T1]
		Images\MRH_X_20150614_032324_076.img [no cloud data W1T1] [FINAL: W1T1]
		Images\MRH_X_20150614_032632_077.img [no cloud data W1T1] [FINAL: W1T1]
		Images\MRH_X_20150614_032940_078.img [no cloud data W1T1] [FINAL: W1T1]
		Images\MRH_X_20150614_033248_079.img [no cloud data W1T1] [FINAL: W1T1]
		Images\MRH_X_20150614_033644_080.img [no cloud data W1T1] [FINAL: W1T1]
		Images\MRH_X_20150614_033956_081.img [no cloud data W1T1] [FINAL: W1T1]
		Images\MRH_X_20150614_034305_082.img [no cloud data W1T1] [FINAL: W1T1]
		Images\MRH_X_20150614_034614_083.img [no cloud data W1T1] [FINAL: W1T1]
		Images\MRH_X_20150614_034924_084.img [no cloud data W1T1] [FINAL: W1T1]
		Images\MRH_X_20150614_035233_085.img [no cloud data W1T1] [FINAL: W1T1]
		Images\MRH_X_20150614_035542_086.img [no cloud data W1T1] [FINAL: W1T1]
		Images\MRH_X_20150614_035850_087.img [no cloud data W1T1] [FINAL: W1T1]
		Images\MRH_X_20150614_040159_088.img [no cloud data W1T1] [FINAL: W1T1]
		Images\MRH_X_20150614_040507_089.img [no cloud data W1T1] [FINAL: W1T1]
		Images\MRH_X_20150614_040903_090.img [no cloud data W1T1] [FINAL: W1T1]
		Images\MRH_X_20150614_041214_091.img [no cloud data W1T1] [FINAL: W1T1]
		Images\MRH_X_20150614_041524_092.img [no cloud data W1T1] [FINAL: W1T1]
		Images\MRH_X_20150614_041833_093.img [no cloud data W1T1] [FINAL: W1T1]
		Images\MRH_X_20150614_042143_094.img [no cloud data W1T1] [FINAL: W1T1]
		Images\MRH_X_20150614_042452_095.img [no cloud data W1T1] [FINAL: W1T1]
		Images\MRH_X_20150614_042801_096.img [no cloud data W1T1] [FINAL: W1T1]
		Images\MRH_X_20150614_043109_097.img [no cloud data W1T1] [FINAL: W1T1]
		Images\MRH_X_20150614_043417_098.img [no cloud data W1T1] [FINAL: W1T1]
		Images\MRH_X_20150614_043725_099.img [no cloud data W1T1] [FINAL: W1T1]
		Images\MRH_X_20150614_044121_100.img [no cloud data W1T1] [FINAL: W1T1]
		Images\MRH_X_20150614_044433_101.img [no cloud data W1T1] [FINAL: W1T1]
		Images\MRH_X_20150614_044742_102.img [no cloud data W1T1] [FINAL: W1T1]
		Images\MRH_X_20150614_045051_103.img [no cloud data W1T1] [FINAL: W1T1]
		Images\MRH_X_20150614_045401_104.img [no cloud data W1T1] [FINAL: W1T1]
		Images\MRH_X_20150614_045710_105.img [no cloud data W1T1] [FINAL: W1T1]
		Images\MRH_X_20150614_050019_106.img [no cloud data W1T1] [FINAL: W1T1]
		Images\MRH_X_20150614_050327_107.img [no cloud data W1T1] [FINAL: W1T1]
		Images\MRH_X_20150614_050635_108.img [no cloud data W1T1] [FINAL: W1T1]
		Images\MRH_X_20150614_050943_109.img [no cloud data W1T1] [FINAL: W1T1]
		Images\MRH_X_20150614_051340_110.img [no cloud data W1T1] [FINAL: W1T1]
		Images\MRH_X_20150614_051651_111.img [no cloud data W1T1] [FINAL: W1T1]
		Images\MRH_X_20150614_052000_112.img [no cloud data W1T1] [FINAL: W1T1]
		Images\MRH_X_20150614_052309_113.img [no cloud data W1T1] [FINAL: W1T1]
		Images\MRH_X_20150614_052619_114.img [no cloud data W1T1] [FINAL: W1T1]
		Images\MRH_X_20150614_052928_115.img [no cloud data W1T1] [FINAL: W1T1]
		Images\MRH_X_20150614_053238_116.img [no cloud data W1T1] [FINAL: W1T1]
		Images\MRH_X_20150614_053546_117.img [no cloud data W1T1] [FINAL: W1T1]
		Images\MRH_X_20150614_053854_118.img [no cloud data W1T1] [FINAL: W1T1]
		Images\MRH_X_20150614_054202_119.img [no cloud data W1T1] [FINAL: W1T1]
		Images\MRH_X_20150614_054558_120.img [no cloud data W1T1] [FINAL: W1T1]
		Images\MRH_X_20150614_054910_121.img [no cloud data W1T1] [FINAL: W1T1]
		Images\MRH_X_20150614_055219_122.img [no cloud data W1T1] [FINAL: W1T1]
		Images\MRH_X_20150614_055528_123.img [no cloud data W1T1] [FINAL: W1T1]
		Images\MRH_X_20150614_055838_124.img [no cloud data W1T1] [FINAL: W1T1]
		Images\MRH_X_20150614_060147_125.img [no cloud data W1T1] [FINAL: W1T1]
		Images\MRH_X_20150614_060456_126.img [no cloud data W1T1] [FINAL: W1T1]
		Images\MRH_X_20150614_060804_127.img [no cloud data W1T1] [FINAL: W1T1]
		Images\MRH_X_20150614_061112_128.img [no cloud data W1T1] [FINAL: W1T1]
		Images\MRH_X_20150614_061420_129.img [no cloud data W1T1] [FINAL: W1T1]
		Images\MRH_X_20150614_061817_130.img [no cloud data W1T1] [FINAL: W1T1]
		Images\MRH_X_20150614_062128_131.img [no cloud data W1T1] [FINAL: W1T1]
		Images\MRH_X_20150614_062437_132.img [no cloud data W1T1] [FINAL: W1T1]
		Images\MRH_X_20150614_062747_133.img [no cloud data W1T1] [FINAL: W1T1]
		Images\MRH_X_20150614_063056_134.img [no cloud data W1T1] [FINAL: W1T1]
		Images\MRH_X_20150614_063406_135.img [no cloud data W1T1] [FINAL: W1T1]
		Images\MRH_X_20150614_063715_136.img [no cloud data W1T1] [FINAL: W1T1]
		Images\MRH_X_20150614_064023_137.img [no cloud data W1T1] [FINAL: W1T1]
		Images\MRH_X_20150614_064331_138.img [no cloud data W1T1] [FINAL: W1T1]
		Images\MRH_X_20150614_064639_139.img [no cloud data W1T1] [FINAL: W1T1]
		Images\MRH_X_20150614_065035_140.img [no cloud data W1T1] [FINAL: W1T1]
		Images\MRH_X_20150614_065347_141.img [no cloud data W1T1] [FINAL: W1T1]
		Images\MRH_X_20150614_065656_142.img [no cloud data W1T1] [FINAL: W1T1]
		Images\MRH_X_20150614_070005_143.img [no cloud data W1T1] [FINAL: W1T1]
		Images\MRH_X_20150614_070315_144.img [no cloud data W1T1] [FINAL: W1T1]
		Images\MRH_X_20150614_070624_145.img [no cloud data W1T1] [FINAL: W1T1]
		Images\MRH_X_20150614_070933_146.img [no cloud data W1T1] [FINAL: W1T1]
		Images\MRH_X_20150614_071241_147.img [no cloud data W1T1] [FINAL: W1T1]
		Images\MRH_X_20150614_071549_148.img [no cloud data W1T1] [FINAL: W1T1]
		Images\MRH_X_20150614_071857_149.img [no cloud data W1T1] [FINAL: W1T1]
		Images\MRH_X_20150614_072254_150.img [no cloud data W1T1] [FINAL: W1T1]
		Images\MRH_X_20150614_072605_151.img [no cloud data W1T1] [FINAL: W1T1]
		Images\MRH_X_20150614_072914_152.img [no cloud data W1T1] [FINAL: W1T1]
		Images\MRH_X_20150614_073223_153.img [no cloud data W1T1] [FINAL: W1T1]
		Images\MRH_X_20150614_073533_154.img [no cloud data W1T1] [FINAL: W1T1]
		Images\MRH_X_20150614_073842_155.img [no cloud data W1T1] [FINAL: W1T1]
		Images\MRH_X_20150614_074152_156.img [no cloud data W1T1] [FINAL: W1T1]
		Images\MRH_X_20150614_074500_157.img [no cloud data W1T1] [FINAL: W1T1]
		Images\MRH_X_20150614_074808_158.img [no cloud data W1T1] [FINAL: W1T1]
		Images\MRH_X_20150614_075116_159.img [no cloud data W1T1] [FINAL: W1T1]
		Images\MRH_X_20150614_075512_160.img [no cloud data W1T1] [FINAL: W1T1]
		Images\MRH_X_20150614_075824_161.img [no cloud data W1T1] [FINAL: W1T1]
		Images\MRH_X_20150614_080133_162.img [no cloud data W1T1] [FINAL: W1T1]
		Images\MRH_X_20150614_080442_163.img [no cloud data W1T1] [FINAL: W1T1]
		Images\MRH_X_20150614_080752_164.img [no cloud data W1T1] [FINAL: W1T1]
		Images\MRH_X_20150614_081101_165.img [no cloud data W1T1] [FINAL: W1T1]
		Images\MRH_X_20150614_081410_166.img [no cloud data W1T1] [FINAL: W1T1]
		Images\MRH_X_20150614_081718_167.img [no cloud data W1T1] [FINAL: W1T1]
		Images\MRH_X_20150614_082026_168.img [no cloud data W1T1] [FINAL: W1T1]
		Images\MRH_X_20150614_082334_169.img [no cloud data W1T1] [FINAL: W1T1]
		Images\MRH_X_20150614_082730_170.img [no cloud data W1T1] [FINAL: W1T1]
		Images\MRH_X_20150614_083042_171.img [no cloud data W1T1] [FINAL: W1T1]
		Images\MRH_X_20150614_083351_172.img [no cloud data W1T1] [FINAL: W1T1]
		Images\MRH_X_20150614_083700_173.img [no cloud data W1T1] [FINAL: W1T1]
		Images\MRH_X_20150614_084010_174.img [no cloud data W1T1] [FINAL: W1T1]
		Images\MRH_X_20150614_084319_175.img [no cloud data W1T1] [FINAL: W1T1]
		Images\MRH_X_20150614_084628_176.img [no cloud data W1T1] [FINAL: W1T1]
		Images\MRH_X_20150614_084936_177.img [no cloud data W1T1] [FINAL: W1T1]
		Images\MRH_X_20150614_085244_178.img [no cloud data W1T1] [FINAL: W1T1]
		Images\MRH_X_20150614_085552_179.img [no cloud data W1T1] [FINAL: W1T1]
		Images\MRH_X_20150614_085948_180.img [no cloud data W1T1] [FINAL: W1T1]
		Images\MRH_X_20150614_090300_181.img [no cloud data W1T1] [FINAL: W1T1]
		Images\MRH_X_20150614_090609_182.img [no cloud data W1T1] [FINAL: W1T1]
		Images\MRH_X_20150614_090918_183.img [no cloud data W1T1] [FINAL: W1T1]
		Images\MRH_X_20150614_091228_184.img [no cloud data W1T1] [FINAL: W1T1]
		Images\MRH_X_20150614_091537_185.img [no cloud data W1T1] [FINAL: W1T1]
		Images\MRH_X_20150614_091846_186.img [no cloud data W1T1] [FINAL: W1T1]
		Images\MRH_X_20150614_092154_187.img [no cloud data W1T1] [FINAL: W1T1]
		Images\MRH_X_20150614_092502_188.img [no cloud data W1T1] [FINAL: W1T1]
		Images\MRH_X_20150614_092810_189.img [no cloud data W1T1] [FINAL: W1T1]
		Images\MRH_X_20150614_093206_190.img [no cloud data W1T1] [FINAL: W1T1]
		Images\MRH_X_20150614_093518_191.img [no cloud data W1T1] [FINAL: W1T1]
		Images\MRH_X_20150614_093827_192.img [no cloud data W1T1] [FINAL: W1T1]
		Images\MRH_X_20150614_094136_193.img [no cloud data W1T1] [FINAL: W1T1]
		Images\MRH_X_20150614_094446_194.img [no cloud data W1T1] [FINAL: W1T1]
		Images\MRH_X_20150614_094755_195.img [no cloud data W1T1] [FINAL: W1T1]
		Images\MRH_X_20150614_095104_196.img [no cloud data W1T1] [FINAL: W1T1]
		Images\MRH_X_20150614_095412_197.img [no cloud data W1T1] [FINAL: W1T1]
		Images\MRH_X_20150614_095720_198.img [no cloud data W1T1] [FINAL: W1T1]
		Images\MRH_X_20150614_100028_199.img [no cloud data W1T1] [FINAL: W1T1]
		Images\MRH_X_20150614_100424_200.img [no cloud data W1T1] [FINAL: W1T1]
		Images\MRH_X_20150614_100736_201.img [no cloud data W1T1] [FINAL: W1T1]
		Images\MRH_X_20150614_101045_202.img [no cloud data W1T1] [FINAL: W1T1]
		Images\MRH_X_20150614_101354_203.img [no cloud data W1T1] [FINAL: W1T1]
		Images\MRH_X_20150614_101704_204.img [no cloud data W1T1] [FINAL: W1T1]
		Images\MRH_X_20150614_102013_205.img [no cloud data W1T1] [FINAL: W1T1]
		Images\MRH_X_20150614_102323_206.img [no cloud data W1T1] [FINAL: W1T1]
		Images\MRH_X_20150614_102631_207.img [no cloud data W1T1] [FINAL: W1T1]
		Images\MRH_X_20150614_102939_208.img [no cloud data W1T1] [FINAL: W1T1]
		Images\MRH_X_20150614_103247_209.img [no cloud data W1T1] [FINAL: W1T1]
		Images\MRH_X_20150614_103643_210.img [no cloud data W1T1] [FINAL: W1T1]
		Images\MRH_X_20150614_103954_211.img [no cloud data W1T1] [FINAL: W1T1]
04/07/2021 23:13:31 PM: Results saved to results/minime90_mrh_20150613.npz
