04/08/2021 03:18:39 AM: Logfile Created
04/08/2021 03:18:39 AM: Sun up during minime90/mrh/2015/20150626/Images\MRH_L_20150626_231544_001.img. Ignoring this image...
04/08/2021 03:18:39 AM: minime90/mrh/2015/20150626/Images\MRH_L_20150626_235213_002.img center: 257.34, 254.53
04/08/2021 03:18:39 AM: minime90/mrh/2015/20150626/Images\MRH_L_20150627_002431_003.img center: 257.29, 254.53
04/08/2021 03:18:40 AM: minime90/mrh/2015/20150626/Images\MRH_L_20150627_005649_004.img center: 257.28, 254.53
04/08/2021 03:18:40 AM: minime90/mrh/2015/20150626/Images\MRH_L_20150627_012907_005.img center: 257.33, 254.56
04/08/2021 03:18:40 AM: minime90/mrh/2015/20150626/Images\MRH_L_20150627_020124_006.img center: 257.29, 254.59
04/08/2021 03:18:40 AM: minime90/mrh/2015/20150626/Images\MRH_L_20150627_023342_007.img center: 257.26, 254.68
04/08/2021 03:18:41 AM: minime90/mrh/2015/20150626/Images\MRH_L_20150627_030600_008.img center: 257.27, 254.63
04/08/2021 03:18:41 AM: minime90/mrh/2015/20150626/Images\MRH_L_20150627_033817_009.img center: 257.26, 254.63
04/08/2021 03:18:41 AM: minime90/mrh/2015/20150626/Images\MRH_L_20150627_041035_010.img center: 257.25, 254.67
04/08/2021 03:18:41 AM: minime90/mrh/2015/20150626/Images\MRH_L_20150627_044253_011.img center: 257.27, 254.63
04/08/2021 03:18:42 AM: minime90/mrh/2015/20150626/Images\MRH_L_20150627_051511_012.img center: 257.26, 254.63
04/08/2021 03:18:42 AM: minime90/mrh/2015/20150626/Images\MRH_L_20150627_054729_013.img center: 257.27, 254.62
04/08/2021 03:18:42 AM: minime90/mrh/2015/20150626/Images\MRH_L_20150627_061947_014.img center: 257.21, 254.69
04/08/2021 03:18:42 AM: minime90/mrh/2015/20150626/Images\MRH_L_20150627_065205_015.img center: 257.24, 254.64
04/08/2021 03:18:43 AM: minime90/mrh/2015/20150626/Images\MRH_L_20150627_072423_016.img center: 257.21, 254.65
04/08/2021 03:18:43 AM: minime90/mrh/2015/20150626/Images\MRH_L_20150627_075640_017.img center: 257.23, 254.68
04/08/2021 03:18:43 AM: minime90/mrh/2015/20150626/Images\MRH_L_20150627_082858_018.img center: 257.24, 254.65
04/08/2021 03:18:43 AM: minime90/mrh/2015/20150626/Images\MRH_L_20150627_090116_019.img center: 257.22, 254.66
04/08/2021 03:18:44 AM: minime90/mrh/2015/20150626/Images\MRH_L_20150627_093334_020.img center: 257.21, 254.65
04/08/2021 03:18:44 AM: minime90/mrh/2015/20150626/Images\MRH_L_20150627_100552_021.img center: 257.27, 254.65
04/08/2021 03:18:44 AM: minime90/mrh/2015/20150626/Images\MRH_L_20150627_103810_022.img center: 257.23, 254.70
04/08/2021 03:18:44 AM: minime90/mrh/2015/20150626/Images\MRH_L_20150627_104830_212.img center: 257.25, 254.68
04/08/2021 03:18:47 AM: minime90/mrh/2015/20150626/Images\MRH_L_20150626_235213_002.img reduced chisqr: 8.6240
04/08/2021 03:18:50 AM: minime90/mrh/2015/20150626/Images\MRH_L_20150627_002431_003.img reduced chisqr: 4.7659
04/08/2021 03:18:53 AM: minime90/mrh/2015/20150626/Images\MRH_L_20150627_005649_004.img reduced chisqr: 4.0638
04/08/2021 03:18:56 AM: minime90/mrh/2015/20150626/Images\MRH_L_20150627_012907_005.img reduced chisqr: 5.4511
04/08/2021 03:18:58 AM: minime90/mrh/2015/20150626/Images\MRH_L_20150627_020124_006.img reduced chisqr: 4.3477
04/08/2021 03:19:01 AM: minime90/mrh/2015/20150626/Images\MRH_L_20150627_023342_007.img reduced chisqr: 3.9278
04/08/2021 03:19:04 AM: minime90/mrh/2015/20150626/Images\MRH_L_20150627_030600_008.img reduced chisqr: 4.8632
04/08/2021 03:19:06 AM: minime90/mrh/2015/20150626/Images\MRH_L_20150627_033817_009.img reduced chisqr: 3.8667
04/08/2021 03:19:09 AM: minime90/mrh/2015/20150626/Images\MRH_L_20150627_041035_010.img reduced chisqr: 4.1336
04/08/2021 03:19:12 AM: minime90/mrh/2015/20150626/Images\MRH_L_20150627_044253_011.img reduced chisqr: 4.4016
04/08/2021 03:19:15 AM: minime90/mrh/2015/20150626/Images\MRH_L_20150627_051511_012.img reduced chisqr: 4.8048
04/08/2021 03:19:17 AM: minime90/mrh/2015/20150626/Images\MRH_L_20150627_054729_013.img reduced chisqr: 5.6001
04/08/2021 03:19:20 AM: minime90/mrh/2015/20150626/Images\MRH_L_20150627_061947_014.img reduced chisqr: 4.0147
04/08/2021 03:19:23 AM: minime90/mrh/2015/20150626/Images\MRH_L_20150627_065205_015.img reduced chisqr: 5.1941
04/08/2021 03:19:26 AM: minime90/mrh/2015/20150626/Images\MRH_L_20150627_072423_016.img reduced chisqr: 4.7102
04/08/2021 03:19:28 AM: minime90/mrh/2015/20150626/Images\MRH_L_20150627_075640_017.img reduced chisqr: 4.8029
04/08/2021 03:19:31 AM: minime90/mrh/2015/20150626/Images\MRH_L_20150627_082858_018.img reduced chisqr: 5.9381
04/08/2021 03:19:34 AM: minime90/mrh/2015/20150626/Images\MRH_L_20150627_090116_019.img reduced chisqr: 4.4585
04/08/2021 03:19:37 AM: minime90/mrh/2015/20150626/Images\MRH_L_20150627_093334_020.img reduced chisqr: 3.7304
04/08/2021 03:19:39 AM: minime90/mrh/2015/20150626/Images\MRH_L_20150627_100552_021.img reduced chisqr: 4.4635
04/08/2021 03:19:42 AM: minime90/mrh/2015/20150626/Images\MRH_L_20150627_103810_022.img reduced chisqr: 4.8800
04/08/2021 03:19:45 AM: minime90/mrh/2015/20150626/Images\MRH_L_20150627_104830_212.img reduced chisqr: 4.2630
04/08/2021 03:19:45 AM: minime90/mrh/2015/20150626/Images\MRH_X_20150626_232347_001.img not bounded by laser images. Ignoring this image...
04/08/2021 03:19:45 AM: minime90/mrh/2015/20150626/Images\MRH_X_20150626_232657_002.img not bounded by laser images. Ignoring this image...
04/08/2021 03:19:45 AM: minime90/mrh/2015/20150626/Images\MRH_X_20150626_233006_003.img not bounded by laser images. Ignoring this image...
04/08/2021 03:19:45 AM: minime90/mrh/2015/20150626/Images\MRH_X_20150626_233316_004.img not bounded by laser images. Ignoring this image...
04/08/2021 03:19:45 AM: minime90/mrh/2015/20150626/Images\MRH_X_20150626_233625_005.img not bounded by laser images. Ignoring this image...
04/08/2021 03:19:45 AM: minime90/mrh/2015/20150626/Images\MRH_X_20150626_233934_006.img not bounded by laser images. Ignoring this image...
04/08/2021 03:19:45 AM: minime90/mrh/2015/20150626/Images\MRH_X_20150626_234242_007.img not bounded by laser images. Ignoring this image...
04/08/2021 03:19:45 AM: minime90/mrh/2015/20150626/Images\MRH_X_20150626_234550_008.img not bounded by laser images. Ignoring this image...
04/08/2021 03:19:45 AM: minime90/mrh/2015/20150626/Images\MRH_X_20150626_234858_009.img not bounded by laser images. Ignoring this image...
04/08/2021 03:19:45 AM: minime90/mrh/2015/20150626/Images\MRH_X_20150626_235606_011.img is looking too close to the moon (35.2 deg). Ignoring this image...
04/08/2021 03:19:45 AM: minime90/mrh/2015/20150626/Images\MRH_X_20150627_000224_013.img is looking too close to the moon (13.3 deg). Ignoring this image...
04/08/2021 03:19:45 AM: minime90/mrh/2015/20150626/Images\MRH_X_20150627_003442_023.img is looking too close to the moon (5.6 deg). Ignoring this image...
04/08/2021 03:19:45 AM: minime90/mrh/2015/20150626/Images\MRH_X_20150627_010700_033.img is looking too close to the moon (2.8 deg). Ignoring this image...
04/08/2021 03:19:45 AM: minime90/mrh/2015/20150626/Images\MRH_X_20150627_013917_043.img is looking too close to the moon (10.3 deg). Ignoring this image...
04/08/2021 03:19:45 AM: minime90/mrh/2015/20150626/Images\MRH_X_20150627_014536_045.img is looking too close to the moon (33.2 deg). Ignoring this image...
04/08/2021 03:19:45 AM: minime90/mrh/2015/20150626/Images\MRH_X_20150627_014845_046.img is looking too close to the moon (36.0 deg). Ignoring this image...
04/08/2021 03:19:45 AM: minime90/mrh/2015/20150626/Images\MRH_X_20150627_015153_047.img is looking too close to the moon (35.7 deg). Ignoring this image...
04/08/2021 03:19:45 AM: minime90/mrh/2015/20150626/Images\MRH_X_20150627_015501_048.img is looking too close to the moon (35.3 deg). Ignoring this image...
04/08/2021 03:19:45 AM: minime90/mrh/2015/20150626/Images\MRH_X_20150627_015809_049.img is looking too close to the moon (34.9 deg). Ignoring this image...
04/08/2021 03:19:45 AM: minime90/mrh/2015/20150626/Images\MRH_X_20150627_021135_053.img is looking too close to the moon (18.1 deg). Ignoring this image...
04/08/2021 03:19:45 AM: minime90/mrh/2015/20150626/Images\MRH_X_20150627_021445_054.img is looking too close to the moon (34.5 deg). Ignoring this image...
04/08/2021 03:19:45 AM: minime90/mrh/2015/20150626/Images\MRH_X_20150627_021754_055.img is looking too close to the moon (25.4 deg). Ignoring this image...
04/08/2021 03:19:45 AM: minime90/mrh/2015/20150626/Images\MRH_X_20150627_022103_056.img is looking too close to the moon (32.6 deg). Ignoring this image...
04/08/2021 03:19:45 AM: minime90/mrh/2015/20150626/Images\MRH_X_20150627_022411_057.img is looking too close to the moon (32.4 deg). Ignoring this image...
04/08/2021 03:19:45 AM: minime90/mrh/2015/20150626/Images\MRH_X_20150627_022719_058.img is looking too close to the moon (32.2 deg). Ignoring this image...
04/08/2021 03:19:45 AM: minime90/mrh/2015/20150626/Images\MRH_X_20150627_023027_059.img is looking too close to the moon (31.9 deg). Ignoring this image...
04/08/2021 03:19:45 AM: minime90/mrh/2015/20150626/Images\MRH_X_20150627_024353_063.img is looking too close to the moon (25.9 deg). Ignoring this image...
04/08/2021 03:19:45 AM: minime90/mrh/2015/20150626/Images\MRH_X_20150627_024702_064.img is looking too close to the moon (31.1 deg). Ignoring this image...
04/08/2021 03:19:45 AM: minime90/mrh/2015/20150626/Images\MRH_X_20150627_025011_065.img is looking too close to the moon (17.6 deg). Ignoring this image...
04/08/2021 03:19:45 AM: minime90/mrh/2015/20150626/Images\MRH_X_20150627_025321_066.img is looking too close to the moon (30.9 deg). Ignoring this image...
04/08/2021 03:19:45 AM: minime90/mrh/2015/20150626/Images\MRH_X_20150627_025629_067.img is looking too close to the moon (30.8 deg). Ignoring this image...
04/08/2021 03:19:45 AM: minime90/mrh/2015/20150626/Images\MRH_X_20150627_025937_068.img is looking too close to the moon (30.8 deg). Ignoring this image...
04/08/2021 03:19:45 AM: minime90/mrh/2015/20150626/Images\MRH_X_20150627_030245_069.img is looking too close to the moon (30.8 deg). Ignoring this image...
04/08/2021 03:19:45 AM: minime90/mrh/2015/20150626/Images\MRH_X_20150627_031610_073.img is looking too close to the moon (33.6 deg). Ignoring this image...
04/08/2021 03:19:45 AM: minime90/mrh/2015/20150626/Images\MRH_X_20150627_031920_074.img is looking too close to the moon (29.1 deg). Ignoring this image...
04/08/2021 03:19:45 AM: minime90/mrh/2015/20150626/Images\MRH_X_20150627_032229_075.img is looking too close to the moon (9.9 deg). Ignoring this image...
04/08/2021 03:19:45 AM: minime90/mrh/2015/20150626/Images\MRH_X_20150627_032538_076.img is looking too close to the moon (31.1 deg). Ignoring this image...
04/08/2021 03:19:45 AM: minime90/mrh/2015/20150626/Images\MRH_X_20150627_032846_077.img is looking too close to the moon (31.2 deg). Ignoring this image...
04/08/2021 03:19:45 AM: minime90/mrh/2015/20150626/Images\MRH_X_20150627_033154_078.img is looking too close to the moon (31.3 deg). Ignoring this image...
04/08/2021 03:19:45 AM: minime90/mrh/2015/20150626/Images\MRH_X_20150627_033502_079.img is looking too close to the moon (31.5 deg). Ignoring this image...
04/08/2021 03:19:45 AM: minime90/mrh/2015/20150626/Images\MRH_X_20150627_035138_084.img is looking too close to the moon (28.7 deg). Ignoring this image...
04/08/2021 03:19:45 AM: minime90/mrh/2015/20150626/Images\MRH_X_20150627_035447_085.img is looking too close to the moon (3.0 deg). Ignoring this image...
04/08/2021 03:19:45 AM: minime90/mrh/2015/20150626/Images\MRH_X_20150627_035756_086.img is looking too close to the moon (33.1 deg). Ignoring this image...
04/08/2021 03:19:45 AM: minime90/mrh/2015/20150626/Images\MRH_X_20150627_040104_087.img is looking too close to the moon (33.4 deg). Ignoring this image...
04/08/2021 03:19:45 AM: minime90/mrh/2015/20150626/Images\MRH_X_20150627_040412_088.img is looking too close to the moon (33.7 deg). Ignoring this image...
04/08/2021 03:19:45 AM: minime90/mrh/2015/20150626/Images\MRH_X_20150627_040720_089.img is looking too close to the moon (34.0 deg). Ignoring this image...
04/08/2021 03:19:45 AM: minime90/mrh/2015/20150626/Images\MRH_X_20150627_042356_094.img is looking too close to the moon (30.1 deg). Ignoring this image...
04/08/2021 03:19:45 AM: minime90/mrh/2015/20150626/Images\MRH_X_20150627_042705_095.img is looking too close to the moon (6.4 deg). Ignoring this image...
04/08/2021 03:19:45 AM: minime90/mrh/2015/20150626/Images\MRH_X_20150627_043014_096.img is looking too close to the moon (36.6 deg). Ignoring this image...
04/08/2021 03:19:45 AM: minime90/mrh/2015/20150626/Images\MRH_X_20150627_045614_104.img is looking too close to the moon (32.9 deg). Ignoring this image...
04/08/2021 03:19:45 AM: minime90/mrh/2015/20150626/Images\MRH_X_20150627_045923_105.img is looking too close to the moon (13.9 deg). Ignoring this image...
04/08/2021 03:19:45 AM: minime90/mrh/2015/20150626/Images\MRH_X_20150627_052832_114.img is looking too close to the moon (36.9 deg). Ignoring this image...
04/08/2021 03:19:45 AM: minime90/mrh/2015/20150626/Images\MRH_X_20150627_053141_115.img is looking too close to the moon (21.6 deg). Ignoring this image...
04/08/2021 03:19:45 AM: minime90/mrh/2015/20150626/Images\MRH_X_20150627_060359_125.img is looking too close to the moon (29.3 deg). Ignoring this image...
04/08/2021 03:19:45 AM: minime90/mrh/2015/20150626/Images\MRH_X_20150627_063616_135.img is looking too close to the moon (37.0 deg). Ignoring this image...
04/08/2021 03:19:52 AM: minime90/mrh/2015/20150626/Images\MRH_X_20150626_235255_010.img reduced chisqr: 3.4649.
			Message:"Tolerance seems to be too small."
04/08/2021 03:19:58 AM: minime90/mrh/2015/20150626/Images\MRH_X_20150626_235915_012.img reduced chisqr: 4.0294.
			Message:"Tolerance seems to be too small."
04/08/2021 03:20:04 AM: minime90/mrh/2015/20150626/Images\MRH_X_20150627_000534_014.img reduced chisqr: 3.0756.
			Message:"Tolerance seems to be too small."
04/08/2021 03:20:11 AM: minime90/mrh/2015/20150626/Images\MRH_X_20150627_000843_015.img reduced chisqr: 1.6313.
			Message:"Tolerance seems to be too small."
04/08/2021 03:20:17 AM: minime90/mrh/2015/20150626/Images\MRH_X_20150627_001152_016.img reduced chisqr: 1.4177.
			Message:"Tolerance seems to be too small."
04/08/2021 03:20:24 AM: minime90/mrh/2015/20150626/Images\MRH_X_20150627_001500_017.img reduced chisqr: 1.1524.
			Message:"Tolerance seems to be too small."
04/08/2021 03:20:30 AM: minime90/mrh/2015/20150626/Images\MRH_X_20150627_001808_018.img reduced chisqr: 1.3749.
			Message:"Tolerance seems to be too small."
04/08/2021 03:20:37 AM: minime90/mrh/2015/20150626/Images\MRH_X_20150627_002116_019.img reduced chisqr: 1.2654.
			Message:"Tolerance seems to be too small."
04/08/2021 03:20:43 AM: minime90/mrh/2015/20150626/Images\MRH_X_20150627_002512_020.img reduced chisqr: 1.1410.
			Message:"Tolerance seems to be too small."
04/08/2021 03:20:50 AM: minime90/mrh/2015/20150626/Images\MRH_X_20150627_002824_021.img reduced chisqr: 1.3541.
			Message:"Tolerance seems to be too small."
04/08/2021 03:20:56 AM: minime90/mrh/2015/20150626/Images\MRH_X_20150627_003133_022.img reduced chisqr: 1.3803.
			Message:"Tolerance seems to be too small."
04/08/2021 03:21:03 AM: minime90/mrh/2015/20150626/Images\MRH_X_20150627_003752_024.img reduced chisqr: 1.2339.
			Message:"Tolerance seems to be too small."
04/08/2021 03:21:09 AM: minime90/mrh/2015/20150626/Images\MRH_X_20150627_004101_025.img reduced chisqr: 1.3379.
			Message:"Tolerance seems to be too small."
04/08/2021 03:21:16 AM: minime90/mrh/2015/20150626/Images\MRH_X_20150627_004410_026.img reduced chisqr: 1.1219.
			Message:"Tolerance seems to be too small."
04/08/2021 03:21:22 AM: minime90/mrh/2015/20150626/Images\MRH_X_20150627_004718_027.img reduced chisqr: 1.2822.
			Message:"Tolerance seems to be too small."
04/08/2021 03:21:29 AM: minime90/mrh/2015/20150626/Images\MRH_X_20150627_005026_028.img reduced chisqr: 1.2535.
			Message:"Tolerance seems to be too small."
04/08/2021 03:21:35 AM: minime90/mrh/2015/20150626/Images\MRH_X_20150627_005334_029.img reduced chisqr: 1.3220.
			Message:"Tolerance seems to be too small."
04/08/2021 03:21:42 AM: minime90/mrh/2015/20150626/Images\MRH_X_20150627_005730_030.img reduced chisqr: 1.2914.
			Message:"Tolerance seems to be too small."
04/08/2021 03:21:48 AM: minime90/mrh/2015/20150626/Images\MRH_X_20150627_010041_031.img reduced chisqr: 1.2696.
			Message:"Tolerance seems to be too small."
04/08/2021 03:21:55 AM: minime90/mrh/2015/20150626/Images\MRH_X_20150627_010350_032.img reduced chisqr: 1.2533.
			Message:"Tolerance seems to be too small."
04/08/2021 03:22:01 AM: minime90/mrh/2015/20150626/Images\MRH_X_20150627_011009_034.img reduced chisqr: 1.5841.
			Message:"Tolerance seems to be too small."
04/08/2021 03:22:08 AM: minime90/mrh/2015/20150626/Images\MRH_X_20150627_011318_035.img reduced chisqr: 1.2576.
			Message:"Tolerance seems to be too small."
04/08/2021 03:22:14 AM: minime90/mrh/2015/20150626/Images\MRH_X_20150627_011628_036.img reduced chisqr: 1.3562.
			Message:"Tolerance seems to be too small."
04/08/2021 03:22:21 AM: minime90/mrh/2015/20150626/Images\MRH_X_20150627_011936_037.img reduced chisqr: 1.4005.
			Message:"Tolerance seems to be too small."
04/08/2021 03:22:27 AM: minime90/mrh/2015/20150626/Images\MRH_X_20150627_012244_038.img reduced chisqr: 1.3490.
			Message:"Tolerance seems to be too small."
04/08/2021 03:22:34 AM: minime90/mrh/2015/20150626/Images\MRH_X_20150627_012552_039.img reduced chisqr: 1.3759.
			Message:"Tolerance seems to be too small."
04/08/2021 03:22:40 AM: minime90/mrh/2015/20150626/Images\MRH_X_20150627_012948_040.img reduced chisqr: 1.2242.
			Message:"Tolerance seems to be too small."
04/08/2021 03:22:47 AM: minime90/mrh/2015/20150626/Images\MRH_X_20150627_013259_041.img reduced chisqr: 1.1649.
			Message:"Tolerance seems to be too small."
04/08/2021 03:22:53 AM: minime90/mrh/2015/20150626/Images\MRH_X_20150627_013608_042.img reduced chisqr: 1.3061.
			Message:"Tolerance seems to be too small."
04/08/2021 03:23:00 AM: minime90/mrh/2015/20150626/Images\MRH_X_20150627_014227_044.img reduced chisqr: 1.1690.
			Message:"Tolerance seems to be too small."
04/08/2021 03:23:06 AM: minime90/mrh/2015/20150626/Images\MRH_X_20150627_020205_050.img reduced chisqr: 1.1430.
			Message:"Tolerance seems to be too small."
04/08/2021 03:23:13 AM: minime90/mrh/2015/20150626/Images\MRH_X_20150627_020517_051.img reduced chisqr: 1.0971.
			Message:"Tolerance seems to be too small."
04/08/2021 03:23:19 AM: minime90/mrh/2015/20150626/Images\MRH_X_20150627_020826_052.img reduced chisqr: 1.2320.
			Message:"Tolerance seems to be too small."
04/08/2021 03:23:26 AM: minime90/mrh/2015/20150626/Images\MRH_X_20150627_023423_060.img reduced chisqr: 1.3736.
			Message:"Tolerance seems to be too small."
04/08/2021 03:23:32 AM: minime90/mrh/2015/20150626/Images\MRH_X_20150627_023734_061.img reduced chisqr: 1.2979.
			Message:"Tolerance seems to be too small."
04/08/2021 03:23:39 AM: minime90/mrh/2015/20150626/Images\MRH_X_20150627_024043_062.img reduced chisqr: 1.3929.
			Message:"Tolerance seems to be too small."
04/08/2021 03:23:45 AM: minime90/mrh/2015/20150626/Images\MRH_X_20150627_030641_070.img reduced chisqr: 1.4874.
			Message:"Tolerance seems to be too small."
04/08/2021 03:23:52 AM: minime90/mrh/2015/20150626/Images\MRH_X_20150627_030952_071.img reduced chisqr: 1.4620.
			Message:"Tolerance seems to be too small."
04/08/2021 03:23:58 AM: minime90/mrh/2015/20150626/Images\MRH_X_20150627_031301_072.img reduced chisqr: 1.2081.
			Message:"Tolerance seems to be too small."
04/08/2021 03:24:05 AM: minime90/mrh/2015/20150626/Images\MRH_X_20150627_033859_080.img reduced chisqr: 1.1290.
			Message:"Tolerance seems to be too small."
04/08/2021 03:24:11 AM: minime90/mrh/2015/20150626/Images\MRH_X_20150627_034210_081.img reduced chisqr: 1.1276.
			Message:"Tolerance seems to be too small."
04/08/2021 03:24:18 AM: minime90/mrh/2015/20150626/Images\MRH_X_20150627_034519_082.img reduced chisqr: 1.2494.
			Message:"Tolerance seems to be too small."
04/08/2021 03:24:24 AM: minime90/mrh/2015/20150626/Images\MRH_X_20150627_034828_083.img reduced chisqr: 1.2119.
			Message:"Tolerance seems to be too small."
04/08/2021 03:24:31 AM: minime90/mrh/2015/20150626/Images\MRH_X_20150627_041116_090.img reduced chisqr: 1.0534.
			Message:"Tolerance seems to be too small."
04/08/2021 03:24:37 AM: minime90/mrh/2015/20150626/Images\MRH_X_20150627_041428_091.img reduced chisqr: 0.9747.
			Message:"Tolerance seems to be too small."
04/08/2021 03:24:44 AM: minime90/mrh/2015/20150626/Images\MRH_X_20150627_041737_092.img reduced chisqr: 1.0835.
			Message:"Tolerance seems to be too small."
04/08/2021 03:24:50 AM: minime90/mrh/2015/20150626/Images\MRH_X_20150627_042046_093.img reduced chisqr: 1.1781.
			Message:"Tolerance seems to be too small."
04/08/2021 03:24:56 AM: minime90/mrh/2015/20150626/Images\MRH_X_20150627_043322_097.img reduced chisqr: 1.0811.
			Message:"Tolerance seems to be too small."
04/08/2021 03:25:03 AM: minime90/mrh/2015/20150626/Images\MRH_X_20150627_043630_098.img reduced chisqr: 1.2971.
			Message:"Tolerance seems to be too small."
04/08/2021 03:25:09 AM: minime90/mrh/2015/20150626/Images\MRH_X_20150627_043938_099.img reduced chisqr: 1.2101.
			Message:"Tolerance seems to be too small."
04/08/2021 03:25:16 AM: minime90/mrh/2015/20150626/Images\MRH_X_20150627_044334_100.img reduced chisqr: 1.2164.
			Message:"Tolerance seems to be too small."
04/08/2021 03:25:22 AM: minime90/mrh/2015/20150626/Images\MRH_X_20150627_044646_101.img reduced chisqr: 1.1211.
			Message:"Tolerance seems to be too small."
04/08/2021 03:25:29 AM: minime90/mrh/2015/20150626/Images\MRH_X_20150627_044955_102.img reduced chisqr: 1.1357.
			Message:"Tolerance seems to be too small."
04/08/2021 03:25:35 AM: minime90/mrh/2015/20150626/Images\MRH_X_20150627_045304_103.img reduced chisqr: 1.0301.
			Message:"Tolerance seems to be too small."
04/08/2021 03:25:42 AM: minime90/mrh/2015/20150626/Images\MRH_X_20150627_050232_106.img reduced chisqr: 1.1407.
			Message:"Tolerance seems to be too small."
04/08/2021 03:25:48 AM: minime90/mrh/2015/20150626/Images\MRH_X_20150627_050540_107.img reduced chisqr: 1.1547.
			Message:"Tolerance seems to be too small."
04/08/2021 03:25:54 AM: minime90/mrh/2015/20150626/Images\MRH_X_20150627_050848_108.img reduced chisqr: 1.0112.
			Message:"Tolerance seems to be too small."
04/08/2021 03:26:01 AM: minime90/mrh/2015/20150626/Images\MRH_X_20150627_051156_109.img reduced chisqr: 1.1471.
			Message:"Tolerance seems to be too small."
04/08/2021 03:26:07 AM: minime90/mrh/2015/20150626/Images\MRH_X_20150627_051552_110.img reduced chisqr: 1.2650.
			Message:"Tolerance seems to be too small."
04/08/2021 03:26:13 AM: minime90/mrh/2015/20150626/Images\MRH_X_20150627_051904_111.img reduced chisqr: 1.0688.
			Message:"Tolerance seems to be too small."
04/08/2021 03:26:20 AM: minime90/mrh/2015/20150626/Images\MRH_X_20150627_052213_112.img reduced chisqr: 1.3807.
			Message:"Tolerance seems to be too small."
04/08/2021 03:26:26 AM: minime90/mrh/2015/20150626/Images\MRH_X_20150627_052522_113.img reduced chisqr: 1.3342.
			Message:"Tolerance seems to be too small."
04/08/2021 03:26:32 AM: minime90/mrh/2015/20150626/Images\MRH_X_20150627_053450_116.img reduced chisqr: 1.2315.
			Message:"Tolerance seems to be too small."
04/08/2021 03:26:39 AM: minime90/mrh/2015/20150626/Images\MRH_X_20150627_053758_117.img reduced chisqr: 1.3540.
			Message:"Tolerance seems to be too small."
04/08/2021 03:26:45 AM: minime90/mrh/2015/20150626/Images\MRH_X_20150627_054106_118.img reduced chisqr: 1.9217.
			Message:"Tolerance seems to be too small."
04/08/2021 03:26:51 AM: minime90/mrh/2015/20150626/Images\MRH_X_20150627_054414_119.img reduced chisqr: 1.1346.
			Message:"Tolerance seems to be too small."
04/08/2021 03:26:58 AM: minime90/mrh/2015/20150626/Images\MRH_X_20150627_054810_120.img reduced chisqr: 1.2028.
			Message:"Tolerance seems to be too small."
04/08/2021 03:27:04 AM: minime90/mrh/2015/20150626/Images\MRH_X_20150627_055122_121.img reduced chisqr: 1.2141.
			Message:"Tolerance seems to be too small."
04/08/2021 03:27:10 AM: minime90/mrh/2015/20150626/Images\MRH_X_20150627_055431_122.img reduced chisqr: 1.3355.
			Message:"Tolerance seems to be too small."
04/08/2021 03:27:17 AM: minime90/mrh/2015/20150626/Images\MRH_X_20150627_055740_123.img reduced chisqr: 1.1909.
			Message:"Tolerance seems to be too small."
04/08/2021 03:27:23 AM: minime90/mrh/2015/20150626/Images\MRH_X_20150627_060050_124.img reduced chisqr: 1.1994.
			Message:"Tolerance seems to be too small."
04/08/2021 03:27:29 AM: minime90/mrh/2015/20150626/Images\MRH_X_20150627_060708_126.img reduced chisqr: 1.0487.
			Message:"Tolerance seems to be too small."
04/08/2021 03:27:36 AM: minime90/mrh/2015/20150626/Images\MRH_X_20150627_061016_127.img reduced chisqr: 1.1049.
			Message:"Tolerance seems to be too small."
04/08/2021 03:27:42 AM: minime90/mrh/2015/20150626/Images\MRH_X_20150627_061324_128.img reduced chisqr: 1.0692.
			Message:"Tolerance seems to be too small."
04/08/2021 03:27:49 AM: minime90/mrh/2015/20150626/Images\MRH_X_20150627_061632_129.img reduced chisqr: 1.1828.
			Message:"Tolerance seems to be too small."
04/08/2021 03:27:55 AM: minime90/mrh/2015/20150626/Images\MRH_X_20150627_062028_130.img reduced chisqr: 1.2770.
			Message:"Tolerance seems to be too small."
04/08/2021 03:28:02 AM: minime90/mrh/2015/20150626/Images\MRH_X_20150627_062339_131.img reduced chisqr: 1.0297.
			Message:"Tolerance seems to be too small."
04/08/2021 03:28:08 AM: minime90/mrh/2015/20150626/Images\MRH_X_20150627_062649_132.img reduced chisqr: 1.2015.
			Message:"Tolerance seems to be too small."
04/08/2021 03:28:15 AM: minime90/mrh/2015/20150626/Images\MRH_X_20150627_062958_133.img reduced chisqr: 1.0400.
			Message:"Tolerance seems to be too small."
04/08/2021 03:28:22 AM: minime90/mrh/2015/20150626/Images\MRH_X_20150627_063307_134.img reduced chisqr: 0.9799.
			Message:"Tolerance seems to be too small."
04/08/2021 03:28:28 AM: minime90/mrh/2015/20150626/Images\MRH_X_20150627_063926_136.img reduced chisqr: 1.1239.
			Message:"Tolerance seems to be too small."
04/08/2021 03:28:35 AM: minime90/mrh/2015/20150626/Images\MRH_X_20150627_064234_137.img reduced chisqr: 1.1807.
			Message:"Tolerance seems to be too small."
04/08/2021 03:28:41 AM: minime90/mrh/2015/20150626/Images\MRH_X_20150627_064542_138.img reduced chisqr: 1.0704.
			Message:"Tolerance seems to be too small."
04/08/2021 03:28:47 AM: minime90/mrh/2015/20150626/Images\MRH_X_20150627_064850_139.img reduced chisqr: 1.1346.
			Message:"Tolerance seems to be too small."
04/08/2021 03:28:54 AM: minime90/mrh/2015/20150626/Images\MRH_X_20150627_065246_140.img reduced chisqr: 1.1943.
			Message:"Tolerance seems to be too small."
04/08/2021 03:29:00 AM: minime90/mrh/2015/20150626/Images\MRH_X_20150627_065557_141.img reduced chisqr: 1.0414.
			Message:"Tolerance seems to be too small."
04/08/2021 03:29:07 AM: minime90/mrh/2015/20150626/Images\MRH_X_20150627_065906_142.img reduced chisqr: 1.1993.
			Message:"Tolerance seems to be too small."
04/08/2021 03:29:13 AM: minime90/mrh/2015/20150626/Images\MRH_X_20150627_070216_143.img reduced chisqr: 1.1316.
			Message:"Tolerance seems to be too small."
04/08/2021 03:29:19 AM: minime90/mrh/2015/20150626/Images\MRH_X_20150627_070525_144.img reduced chisqr: 1.1015.
			Message:"Tolerance seems to be too small."
04/08/2021 03:29:26 AM: minime90/mrh/2015/20150626/Images\MRH_X_20150627_070834_145.img reduced chisqr: 0.9887.
			Message:"Tolerance seems to be too small."
04/08/2021 03:29:32 AM: minime90/mrh/2015/20150626/Images\MRH_X_20150627_071144_146.img reduced chisqr: 0.9713.
			Message:"Tolerance seems to be too small."
04/08/2021 03:29:38 AM: minime90/mrh/2015/20150626/Images\MRH_X_20150627_071452_147.img reduced chisqr: 1.1667.
			Message:"Tolerance seems to be too small."
04/08/2021 03:29:45 AM: minime90/mrh/2015/20150626/Images\MRH_X_20150627_071800_148.img reduced chisqr: 1.2136.
			Message:"Tolerance seems to be too small."
04/08/2021 03:29:51 AM: minime90/mrh/2015/20150626/Images\MRH_X_20150627_072108_149.img reduced chisqr: 1.1868.
			Message:"Tolerance seems to be too small."
04/08/2021 03:29:58 AM: minime90/mrh/2015/20150626/Images\MRH_X_20150627_072504_150.img reduced chisqr: 1.1867.
			Message:"Tolerance seems to be too small."
04/08/2021 03:30:04 AM: minime90/mrh/2015/20150626/Images\MRH_X_20150627_072815_151.img reduced chisqr: 1.1151.
			Message:"Tolerance seems to be too small."
04/08/2021 03:30:10 AM: minime90/mrh/2015/20150626/Images\MRH_X_20150627_073124_152.img reduced chisqr: 1.0194.
			Message:"Tolerance seems to be too small."
04/08/2021 03:30:17 AM: minime90/mrh/2015/20150626/Images\MRH_X_20150627_073433_153.img reduced chisqr: 1.1627.
			Message:"Tolerance seems to be too small."
04/08/2021 03:30:23 AM: minime90/mrh/2015/20150626/Images\MRH_X_20150627_073743_154.img reduced chisqr: 1.1179.
			Message:"Tolerance seems to be too small."
04/08/2021 03:30:29 AM: minime90/mrh/2015/20150626/Images\MRH_X_20150627_074052_155.img reduced chisqr: 1.4178.
			Message:"Tolerance seems to be too small."
04/08/2021 03:30:36 AM: minime90/mrh/2015/20150626/Images\MRH_X_20150627_074401_156.img reduced chisqr: 1.2974.
			Message:"Tolerance seems to be too small."
04/08/2021 03:30:42 AM: minime90/mrh/2015/20150626/Images\MRH_X_20150627_074709_157.img reduced chisqr: 1.1393.
			Message:"Tolerance seems to be too small."
04/08/2021 03:30:48 AM: minime90/mrh/2015/20150626/Images\MRH_X_20150627_075017_158.img reduced chisqr: 1.0388.
			Message:"Tolerance seems to be too small."
04/08/2021 03:30:55 AM: minime90/mrh/2015/20150626/Images\MRH_X_20150627_075325_159.img reduced chisqr: 1.1286.
			Message:"Tolerance seems to be too small."
04/08/2021 03:31:01 AM: minime90/mrh/2015/20150626/Images\MRH_X_20150627_075722_160.img reduced chisqr: 1.1794.
			Message:"Tolerance seems to be too small."
04/08/2021 03:31:07 AM: minime90/mrh/2015/20150626/Images\MRH_X_20150627_080033_161.img reduced chisqr: 1.2027.
			Message:"Tolerance seems to be too small."
04/08/2021 03:31:14 AM: minime90/mrh/2015/20150626/Images\MRH_X_20150627_080342_162.img reduced chisqr: 1.5428.
			Message:"Tolerance seems to be too small."
04/08/2021 03:31:20 AM: minime90/mrh/2015/20150626/Images\MRH_X_20150627_080651_163.img reduced chisqr: 1.1107.
			Message:"Tolerance seems to be too small."
04/08/2021 03:31:26 AM: minime90/mrh/2015/20150626/Images\MRH_X_20150627_081001_164.img reduced chisqr: 0.9638.
			Message:"Tolerance seems to be too small."
04/08/2021 03:31:33 AM: minime90/mrh/2015/20150626/Images\MRH_X_20150627_081310_165.img reduced chisqr: 0.9853.
			Message:"Tolerance seems to be too small."
04/08/2021 03:31:39 AM: minime90/mrh/2015/20150626/Images\MRH_X_20150627_081619_166.img reduced chisqr: 1.0658.
			Message:"Tolerance seems to be too small."
04/08/2021 03:31:45 AM: minime90/mrh/2015/20150626/Images\MRH_X_20150627_081927_167.img reduced chisqr: 1.0848.
			Message:"Tolerance seems to be too small."
04/08/2021 03:31:51 AM: minime90/mrh/2015/20150626/Images\MRH_X_20150627_082235_168.img reduced chisqr: 1.2038.
			Message:"Tolerance seems to be too small."
04/08/2021 03:31:58 AM: minime90/mrh/2015/20150626/Images\MRH_X_20150627_082543_169.img reduced chisqr: 1.1039.
			Message:"Tolerance seems to be too small."
04/08/2021 03:32:04 AM: minime90/mrh/2015/20150626/Images\MRH_X_20150627_082940_170.img reduced chisqr: 1.1053.
			Message:"Tolerance seems to be too small."
04/08/2021 03:32:10 AM: minime90/mrh/2015/20150626/Images\MRH_X_20150627_083251_171.img reduced chisqr: 1.5318.
			Message:"Tolerance seems to be too small."
04/08/2021 03:32:17 AM: minime90/mrh/2015/20150626/Images\MRH_X_20150627_083600_172.img reduced chisqr: 1.0472.
			Message:"Tolerance seems to be too small."
04/08/2021 03:32:23 AM: minime90/mrh/2015/20150626/Images\MRH_X_20150627_083909_173.img reduced chisqr: 0.9718.
			Message:"Tolerance seems to be too small."
04/08/2021 03:32:30 AM: minime90/mrh/2015/20150626/Images\MRH_X_20150627_084219_174.img reduced chisqr: 1.1508.
			Message:"Tolerance seems to be too small."
04/08/2021 03:32:36 AM: minime90/mrh/2015/20150626/Images\MRH_X_20150627_084528_175.img reduced chisqr: 1.0978.
			Message:"Tolerance seems to be too small."
04/08/2021 03:32:43 AM: minime90/mrh/2015/20150626/Images\MRH_X_20150627_084837_176.img reduced chisqr: 1.0925.
			Message:"Tolerance seems to be too small."
04/08/2021 03:32:49 AM: minime90/mrh/2015/20150626/Images\MRH_X_20150627_085145_177.img reduced chisqr: 1.1657.
			Message:"Tolerance seems to be too small."
04/08/2021 03:32:55 AM: minime90/mrh/2015/20150626/Images\MRH_X_20150627_085453_178.img reduced chisqr: 1.1430.
			Message:"Tolerance seems to be too small."
04/08/2021 03:33:02 AM: minime90/mrh/2015/20150626/Images\MRH_X_20150627_085801_179.img reduced chisqr: 1.1652.
			Message:"Tolerance seems to be too small."
04/08/2021 03:33:08 AM: minime90/mrh/2015/20150626/Images\MRH_X_20150627_090157_180.img reduced chisqr: 1.1032.
			Message:"Tolerance seems to be too small."
04/08/2021 03:33:15 AM: minime90/mrh/2015/20150626/Images\MRH_X_20150627_090509_181.img reduced chisqr: 1.2500.
			Message:"Tolerance seems to be too small."
04/08/2021 03:33:21 AM: minime90/mrh/2015/20150626/Images\MRH_X_20150627_090818_182.img reduced chisqr: 1.1317.
			Message:"Tolerance seems to be too small."
04/08/2021 03:33:28 AM: minime90/mrh/2015/20150626/Images\MRH_X_20150627_091127_183.img reduced chisqr: 1.3437.
			Message:"Tolerance seems to be too small."
04/08/2021 03:33:34 AM: minime90/mrh/2015/20150626/Images\MRH_X_20150627_091437_184.img reduced chisqr: 1.0548.
			Message:"Tolerance seems to be too small."
04/08/2021 03:33:41 AM: minime90/mrh/2015/20150626/Images\MRH_X_20150627_091746_185.img reduced chisqr: 1.4265.
			Message:"Tolerance seems to be too small."
04/08/2021 03:33:47 AM: minime90/mrh/2015/20150626/Images\MRH_X_20150627_092055_186.img reduced chisqr: 1.0174.
			Message:"Tolerance seems to be too small."
04/08/2021 03:33:53 AM: minime90/mrh/2015/20150626/Images\MRH_X_20150627_092403_187.img reduced chisqr: 1.1641.
			Message:"Tolerance seems to be too small."
04/08/2021 03:34:00 AM: minime90/mrh/2015/20150626/Images\MRH_X_20150627_092711_188.img reduced chisqr: 1.0727.
			Message:"Tolerance seems to be too small."
04/08/2021 03:34:07 AM: minime90/mrh/2015/20150626/Images\MRH_X_20150627_093019_189.img reduced chisqr: 1.3496.
			Message:"Tolerance seems to be too small."
04/08/2021 03:34:13 AM: minime90/mrh/2015/20150626/Images\MRH_X_20150627_093415_190.img reduced chisqr: 1.2465.
			Message:"Tolerance seems to be too small."
04/08/2021 03:34:20 AM: minime90/mrh/2015/20150626/Images\MRH_X_20150627_093727_191.img reduced chisqr: 1.1603.
			Message:"Tolerance seems to be too small."
04/08/2021 03:34:26 AM: minime90/mrh/2015/20150626/Images\MRH_X_20150627_094036_192.img reduced chisqr: 1.0676.
			Message:"Tolerance seems to be too small."
04/08/2021 03:34:33 AM: minime90/mrh/2015/20150626/Images\MRH_X_20150627_094345_193.img reduced chisqr: 1.3712.
			Message:"Tolerance seems to be too small."
04/08/2021 03:34:39 AM: minime90/mrh/2015/20150626/Images\MRH_X_20150627_094655_194.img reduced chisqr: 1.2104.
			Message:"Tolerance seems to be too small."
04/08/2021 03:34:46 AM: minime90/mrh/2015/20150626/Images\MRH_X_20150627_095004_195.img reduced chisqr: 1.1726.
			Message:"Tolerance seems to be too small."
04/08/2021 03:34:52 AM: minime90/mrh/2015/20150626/Images\MRH_X_20150627_095313_196.img reduced chisqr: 1.3976.
			Message:"Tolerance seems to be too small."
04/08/2021 03:34:58 AM: minime90/mrh/2015/20150626/Images\MRH_X_20150627_095621_197.img reduced chisqr: 1.1077.
			Message:"Tolerance seems to be too small."
04/08/2021 03:35:05 AM: minime90/mrh/2015/20150626/Images\MRH_X_20150627_095929_198.img reduced chisqr: 1.3132.
			Message:"Tolerance seems to be too small."
04/08/2021 03:35:11 AM: minime90/mrh/2015/20150626/Images\MRH_X_20150627_100237_199.img reduced chisqr: 1.0704.
			Message:"Tolerance seems to be too small."
04/08/2021 03:35:18 AM: minime90/mrh/2015/20150626/Images\MRH_X_20150627_100633_200.img reduced chisqr: 1.4239.
			Message:"Tolerance seems to be too small."
04/08/2021 03:35:24 AM: minime90/mrh/2015/20150626/Images\MRH_X_20150627_100945_201.img reduced chisqr: 1.1104.
			Message:"Tolerance seems to be too small."
04/08/2021 03:35:30 AM: minime90/mrh/2015/20150626/Images\MRH_X_20150627_101254_202.img reduced chisqr: 1.1184.
			Message:"Tolerance seems to be too small."
04/08/2021 03:35:37 AM: minime90/mrh/2015/20150626/Images\MRH_X_20150627_101603_203.img reduced chisqr: 1.2021.
			Message:"Tolerance seems to be too small."
04/08/2021 03:35:43 AM: minime90/mrh/2015/20150626/Images\MRH_X_20150627_101913_204.img reduced chisqr: 0.9653.
			Message:"Tolerance seems to be too small."
04/08/2021 03:35:50 AM: minime90/mrh/2015/20150626/Images\MRH_X_20150627_102222_205.img reduced chisqr: 1.1649.
			Message:"Tolerance seems to be too small."
04/08/2021 03:35:56 AM: minime90/mrh/2015/20150626/Images\MRH_X_20150627_102531_206.img reduced chisqr: 1.0411.
			Message:"Tolerance seems to be too small."
04/08/2021 03:36:03 AM: minime90/mrh/2015/20150626/Images\MRH_X_20150627_102839_207.img reduced chisqr: 1.2705.
			Message:"Tolerance seems to be too small."
04/08/2021 03:36:09 AM: minime90/mrh/2015/20150626/Images\MRH_X_20150627_103147_208.img reduced chisqr: 1.1066.
			Message:"Tolerance seems to be too small."
04/08/2021 03:36:15 AM: minime90/mrh/2015/20150626/Images\MRH_X_20150627_103455_209.img reduced chisqr: 1.1503.
			Message:"Tolerance seems to be too small."
04/08/2021 03:36:22 AM: minime90/mrh/2015/20150626/Images\MRH_X_20150627_103851_210.img reduced chisqr: 1.0912.
			Message:"Tolerance seems to be too small."
04/08/2021 03:36:28 AM: minime90/mrh/2015/20150626/Images\MRH_X_20150627_104203_211.img reduced chisqr: 1.2838.
			Message:"Tolerance seems to be too small."
04/08/2021 03:36:35 AM: minime90/mrh/2015/20150626/Images\MRH_X_20150627_104512_212.img reduced chisqr: 1.5420.
			Message:"Tolerance seems to be too small."
04/08/2021 03:36:35 AM: WARNING: Exposure time is not changing.
04/08/2021 03:36:36 AM: Created diagnostic plots.
04/08/2021 03:36:36 AM: Laser and sky image analysis complete.
04/08/2021 03:36:36 AM: No Boltwood cloud sensor data found.
04/08/2021 03:36:36 AM: No X300 temperature sensor data found.
04/08/2021 03:36:36 AM:  Quality Flag Calculation:
		Manual Wind Flag: 0
		Manual Temperature Flag: 0
		Laser Drift: False
		Sample-specific flags:
		Images\MRH_X_20150626_235255_010.img [no cloud data W1T1] [sigma_T large: W2T2] [FINAL: W2T2]
		Images\MRH_X_20150626_235915_012.img [no cloud data W1T1] [sigma_T large: W2T2] [FINAL: W2T2]
		Images\MRH_X_20150627_000534_014.img [no cloud data W1T1] [sigma_T large: W2T2] [FINAL: W2T2]
		Images\MRH_X_20150627_000843_015.img [no cloud data W1T1] [sigma_T large: W2T2] [FINAL: W2T2]
		Images\MRH_X_20150627_001152_016.img [no cloud data W1T1] [FINAL: W1T1]
		Images\MRH_X_20150627_001500_017.img [no cloud data W1T1] [FINAL: W1T1]
		Images\MRH_X_20150627_001808_018.img [no cloud data W1T1] [FINAL: W1T1]
		Images\MRH_X_20150627_002116_019.img [no cloud data W1T1] [sigma_T large: W2T2] [FINAL: W2T2]
		Images\MRH_X_20150627_002512_020.img [no cloud data W1T1] [FINAL: W1T1]
		Images\MRH_X_20150627_002824_021.img [no cloud data W1T1] [sigma_T large: W2T2] [FINAL: W2T2]
		Images\MRH_X_20150627_003133_022.img [no cloud data W1T1] [sigma_T large: W2T2] [FINAL: W2T2]
		Images\MRH_X_20150627_003752_024.img [no cloud data W1T1] [sigma_T large: W2T2] [FINAL: W2T2]
		Images\MRH_X_20150627_004101_025.img [no cloud data W1T1] [sigma_T large: W2T2] [FINAL: W2T2]
		Images\MRH_X_20150627_004410_026.img [no cloud data W1T1] [sigma_T large: W2T2] [FINAL: W2T2]
		Images\MRH_X_20150627_004718_027.img [no cloud data W1T1] [sigma_T large: W2T2] [FINAL: W2T2]
		Images\MRH_X_20150627_005026_028.img [no cloud data W1T1] [FINAL: W1T1]
		Images\MRH_X_20150627_005334_029.img [no cloud data W1T1] [sigma_T large: W2T2] [FINAL: W2T2]
		Images\MRH_X_20150627_005730_030.img [no cloud data W1T1] [sigma_T large: W2T2] [FINAL: W2T2]
		Images\MRH_X_20150627_010041_031.img [no cloud data W1T1] [sigma_T large: W2T2] [FINAL: W2T2]
		Images\MRH_X_20150627_010350_032.img [no cloud data W1T1] [sigma_T large: W2T2] [FINAL: W2T2]
		Images\MRH_X_20150627_011009_034.img [no cloud data W1T1] [sigma_T large: W2T2] [FINAL: W2T2]
		Images\MRH_X_20150627_011318_035.img [no cloud data W1T1] [sigma_T large: W2T2] [FINAL: W2T2]
		Images\MRH_X_20150627_011628_036.img [no cloud data W1T1] [sigma_T large: W2T2] [FINAL: W2T2]
		Images\MRH_X_20150627_011936_037.img [no cloud data W1T1] [sigma_T large: W2T2] [FINAL: W2T2]
		Images\MRH_X_20150627_012244_038.img [no cloud data W1T1] [FINAL: W1T1]
		Images\MRH_X_20150627_012552_039.img [no cloud data W1T1] [sigma_T large: W2T2] [FINAL: W2T2]
		Images\MRH_X_20150627_012948_040.img [no cloud data W1T1] [sigma_T large: W2T2] [FINAL: W2T2]
		Images\MRH_X_20150627_013259_041.img [no cloud data W1T1] [sigma_T large: W2T2] [FINAL: W2T2]
		Images\MRH_X_20150627_013608_042.img [no cloud data W1T1] [sigma_T large: W2T2] [FINAL: W2T2]
		Images\MRH_X_20150627_014227_044.img [no cloud data W1T1] [sigma_T large: W2T2] [FINAL: W2T2]
		Images\MRH_X_20150627_020205_050.img [no cloud data W1T1] [FINAL: W1T1]
		Images\MRH_X_20150627_020517_051.img [no cloud data W1T1] [FINAL: W1T1]
		Images\MRH_X_20150627_020826_052.img [no cloud data W1T1] [FINAL: W1T1]
		Images\MRH_X_20150627_023423_060.img [no cloud data W1T1] [FINAL: W1T1]
		Images\MRH_X_20150627_023734_061.img [no cloud data W1T1] [FINAL: W1T1]
		Images\MRH_X_20150627_024043_062.img [no cloud data W1T1] [FINAL: W1T1]
		Images\MRH_X_20150627_030641_070.img [no cloud data W1T1] [FINAL: W1T1]
		Images\MRH_X_20150627_030952_071.img [no cloud data W1T1] [FINAL: W1T1]
		Images\MRH_X_20150627_031301_072.img [no cloud data W1T1] [FINAL: W1T1]
		Images\MRH_X_20150627_033859_080.img [no cloud data W1T1] [FINAL: W1T1]
		Images\MRH_X_20150627_034210_081.img [no cloud data W1T1] [FINAL: W1T1]
		Images\MRH_X_20150627_034519_082.img [no cloud data W1T1] [FINAL: W1T1]
		Images\MRH_X_20150627_034828_083.img [no cloud data W1T1] [FINAL: W1T1]
		Images\MRH_X_20150627_041116_090.img [no cloud data W1T1] [FINAL: W1T1]
		Images\MRH_X_20150627_041428_091.img [no cloud data W1T1] [FINAL: W1T1]
		Images\MRH_X_20150627_041737_092.img [no cloud data W1T1] [FINAL: W1T1]
		Images\MRH_X_20150627_042046_093.img [no cloud data W1T1] [FINAL: W1T1]
		Images\MRH_X_20150627_043322_097.img [no cloud data W1T1] [FINAL: W1T1]
		Images\MRH_X_20150627_043630_098.img [no cloud data W1T1] [FINAL: W1T1]
		Images\MRH_X_20150627_043938_099.img [no cloud data W1T1] [FINAL: W1T1]
		Images\MRH_X_20150627_044334_100.img [no cloud data W1T1] [FINAL: W1T1]
		Images\MRH_X_20150627_044646_101.img [no cloud data W1T1] [FINAL: W1T1]
		Images\MRH_X_20150627_044955_102.img [no cloud data W1T1] [FINAL: W1T1]
		Images\MRH_X_20150627_045304_103.img [no cloud data W1T1] [FINAL: W1T1]
		Images\MRH_X_20150627_050232_106.img [no cloud data W1T1] [FINAL: W1T1]
		Images\MRH_X_20150627_050540_107.img [no cloud data W1T1] [FINAL: W1T1]
		Images\MRH_X_20150627_050848_108.img [no cloud data W1T1] [FINAL: W1T1]
		Images\MRH_X_20150627_051156_109.img [no cloud data W1T1] [FINAL: W1T1]
		Images\MRH_X_20150627_051552_110.img [no cloud data W1T1] [FINAL: W1T1]
		Images\MRH_X_20150627_051904_111.img [no cloud data W1T1] [FINAL: W1T1]
		Images\MRH_X_20150627_052213_112.img [no cloud data W1T1] [FINAL: W1T1]
		Images\MRH_X_20150627_052522_113.img [no cloud data W1T1] [FINAL: W1T1]
		Images\MRH_X_20150627_053450_116.img [no cloud data W1T1] [FINAL: W1T1]
		Images\MRH_X_20150627_053758_117.img [no cloud data W1T1] [FINAL: W1T1]
		Images\MRH_X_20150627_054106_118.img [no cloud data W1T1] [FINAL: W1T1]
		Images\MRH_X_20150627_054414_119.img [no cloud data W1T1] [FINAL: W1T1]
		Images\MRH_X_20150627_054810_120.img [no cloud data W1T1] [FINAL: W1T1]
		Images\MRH_X_20150627_055122_121.img [no cloud data W1T1] [FINAL: W1T1]
		Images\MRH_X_20150627_055431_122.img [no cloud data W1T1] [FINAL: W1T1]
		Images\MRH_X_20150627_055740_123.img [no cloud data W1T1] [FINAL: W1T1]
		Images\MRH_X_20150627_060050_124.img [no cloud data W1T1] [FINAL: W1T1]
		Images\MRH_X_20150627_060708_126.img [no cloud data W1T1] [FINAL: W1T1]
		Images\MRH_X_20150627_061016_127.img [no cloud data W1T1] [FINAL: W1T1]
		Images\MRH_X_20150627_061324_128.img [no cloud data W1T1] [FINAL: W1T1]
		Images\MRH_X_20150627_061632_129.img [no cloud data W1T1] [FINAL: W1T1]
		Images\MRH_X_20150627_062028_130.img [no cloud data W1T1] [FINAL: W1T1]
		Images\MRH_X_20150627_062339_131.img [no cloud data W1T1] [FINAL: W1T1]
		Images\MRH_X_20150627_062649_132.img [no cloud data W1T1] [FINAL: W1T1]
		Images\MRH_X_20150627_062958_133.img [no cloud data W1T1] [FINAL: W1T1]
		Images\MRH_X_20150627_063307_134.img [no cloud data W1T1] [FINAL: W1T1]
		Images\MRH_X_20150627_063926_136.img [no cloud data W1T1] [FINAL: W1T1]
		Images\MRH_X_20150627_064234_137.img [no cloud data W1T1] [FINAL: W1T1]
		Images\MRH_X_20150627_064542_138.img [no cloud data W1T1] [FINAL: W1T1]
		Images\MRH_X_20150627_064850_139.img [no cloud data W1T1] [FINAL: W1T1]
		Images\MRH_X_20150627_065246_140.img [no cloud data W1T1] [FINAL: W1T1]
		Images\MRH_X_20150627_065557_141.img [no cloud data W1T1] [FINAL: W1T1]
		Images\MRH_X_20150627_065906_142.img [no cloud data W1T1] [FINAL: W1T1]
		Images\MRH_X_20150627_070216_143.img [no cloud data W1T1] [FINAL: W1T1]
		Images\MRH_X_20150627_070525_144.img [no cloud data W1T1] [FINAL: W1T1]
		Images\MRH_X_20150627_070834_145.img [no cloud data W1T1] [FINAL: W1T1]
		Images\MRH_X_20150627_071144_146.img [no cloud data W1T1] [FINAL: W1T1]
		Images\MRH_X_20150627_071452_147.img [no cloud data W1T1] [FINAL: W1T1]
		Images\MRH_X_20150627_071800_148.img [no cloud data W1T1] [FINAL: W1T1]
		Images\MRH_X_20150627_072108_149.img [no cloud data W1T1] [FINAL: W1T1]
		Images\MRH_X_20150627_072504_150.img [no cloud data W1T1] [FINAL: W1T1]
		Images\MRH_X_20150627_072815_151.img [no cloud data W1T1] [FINAL: W1T1]
		Images\MRH_X_20150627_073124_152.img [no cloud data W1T1] [FINAL: W1T1]
		Images\MRH_X_20150627_073433_153.img [no cloud data W1T1] [FINAL: W1T1]
		Images\MRH_X_20150627_073743_154.img [no cloud data W1T1] [FINAL: W1T1]
		Images\MRH_X_20150627_074052_155.img [no cloud data W1T1] [FINAL: W1T1]
		Images\MRH_X_20150627_074401_156.img [no cloud data W1T1] [FINAL: W1T1]
		Images\MRH_X_20150627_074709_157.img [no cloud data W1T1] [FINAL: W1T1]
		Images\MRH_X_20150627_075017_158.img [no cloud data W1T1] [FINAL: W1T1]
		Images\MRH_X_20150627_075325_159.img [no cloud data W1T1] [FINAL: W1T1]
		Images\MRH_X_20150627_075722_160.img [no cloud data W1T1] [FINAL: W1T1]
		Images\MRH_X_20150627_080033_161.img [no cloud data W1T1] [FINAL: W1T1]
		Images\MRH_X_20150627_080342_162.img [no cloud data W1T1] [FINAL: W1T1]
		Images\MRH_X_20150627_080651_163.img [no cloud data W1T1] [FINAL: W1T1]
		Images\MRH_X_20150627_081001_164.img [no cloud data W1T1] [FINAL: W1T1]
		Images\MRH_X_20150627_081310_165.img [no cloud data W1T1] [FINAL: W1T1]
		Images\MRH_X_20150627_081619_166.img [no cloud data W1T1] [FINAL: W1T1]
		Images\MRH_X_20150627_081927_167.img [no cloud data W1T1] [FINAL: W1T1]
		Images\MRH_X_20150627_082235_168.img [no cloud data W1T1] [FINAL: W1T1]
		Images\MRH_X_20150627_082543_169.img [no cloud data W1T1] [FINAL: W1T1]
		Images\MRH_X_20150627_082940_170.img [no cloud data W1T1] [FINAL: W1T1]
		Images\MRH_X_20150627_083251_171.img [no cloud data W1T1] [FINAL: W1T1]
		Images\MRH_X_20150627_083600_172.img [no cloud data W1T1] [FINAL: W1T1]
		Images\MRH_X_20150627_083909_173.img [no cloud data W1T1] [FINAL: W1T1]
		Images\MRH_X_20150627_084219_174.img [no cloud data W1T1] [FINAL: W1T1]
		Images\MRH_X_20150627_084528_175.img [no cloud data W1T1] [FINAL: W1T1]
		Images\MRH_X_20150627_084837_176.img [no cloud data W1T1] [FINAL: W1T1]
		Images\MRH_X_20150627_085145_177.img [no cloud data W1T1] [FINAL: W1T1]
		Images\MRH_X_20150627_085453_178.img [no cloud data W1T1] [FINAL: W1T1]
		Images\MRH_X_20150627_085801_179.img [no cloud data W1T1] [FINAL: W1T1]
		Images\MRH_X_20150627_090157_180.img [no cloud data W1T1] [FINAL: W1T1]
		Images\MRH_X_20150627_090509_181.img [no cloud data W1T1] [FINAL: W1T1]
		Images\MRH_X_20150627_090818_182.img [no cloud data W1T1] [FINAL: W1T1]
		Images\MRH_X_20150627_091127_183.img [no cloud data W1T1] [FINAL: W1T1]
		Images\MRH_X_20150627_091437_184.img [no cloud data W1T1] [FINAL: W1T1]
		Images\MRH_X_20150627_091746_185.img [no cloud data W1T1] [FINAL: W1T1]
		Images\MRH_X_20150627_092055_186.img [no cloud data W1T1] [FINAL: W1T1]
		Images\MRH_X_20150627_092403_187.img [no cloud data W1T1] [FINAL: W1T1]
		Images\MRH_X_20150627_092711_188.img [no cloud data W1T1] [FINAL: W1T1]
		Images\MRH_X_20150627_093019_189.img [no cloud data W1T1] [FINAL: W1T1]
		Images\MRH_X_20150627_093415_190.img [no cloud data W1T1] [FINAL: W1T1]
		Images\MRH_X_20150627_093727_191.img [no cloud data W1T1] [FINAL: W1T1]
		Images\MRH_X_20150627_094036_192.img [no cloud data W1T1] [FINAL: W1T1]
		Images\MRH_X_20150627_094345_193.img [no cloud data W1T1] [FINAL: W1T1]
		Images\MRH_X_20150627_094655_194.img [no cloud data W1T1] [FINAL: W1T1]
		Images\MRH_X_20150627_095004_195.img [no cloud data W1T1] [FINAL: W1T1]
		Images\MRH_X_20150627_095313_196.img [no cloud data W1T1] [FINAL: W1T1]
		Images\MRH_X_20150627_095621_197.img [no cloud data W1T1] [FINAL: W1T1]
		Images\MRH_X_20150627_095929_198.img [no cloud data W1T1] [FINAL: W1T1]
		Images\MRH_X_20150627_100237_199.img [no cloud data W1T1] [FINAL: W1T1]
		Images\MRH_X_20150627_100633_200.img [no cloud data W1T1] [FINAL: W1T1]
		Images\MRH_X_20150627_100945_201.img [no cloud data W1T1] [FINAL: W1T1]
		Images\MRH_X_20150627_101254_202.img [no cloud data W1T1] [FINAL: W1T1]
		Images\MRH_X_20150627_101603_203.img [no cloud data W1T1] [FINAL: W1T1]
		Images\MRH_X_20150627_101913_204.img [no cloud data W1T1] [FINAL: W1T1]
		Images\MRH_X_20150627_102222_205.img [no cloud data W1T1] [FINAL: W1T1]
		Images\MRH_X_20150627_102531_206.img [no cloud data W1T1] [FINAL: W1T1]
		Images\MRH_X_20150627_102839_207.img [no cloud data W1T1] [FINAL: W1T1]
		Images\MRH_X_20150627_103147_208.img [no cloud data W1T1] [FINAL: W1T1]
		Images\MRH_X_20150627_103455_209.img [no cloud data W1T1] [FINAL: W1T1]
		Images\MRH_X_20150627_103851_210.img [no cloud data W1T1] [FINAL: W1T1]
		Images\MRH_X_20150627_104203_211.img [no cloud data W1T1] [FINAL: W1T1]
		Images\MRH_X_20150627_104512_212.img [no cloud data W1T1] [FINAL: W1T1]
04/08/2021 03:36:36 AM: Results saved to results/minime90_mrh_20150626.npz
