04/08/2021 02:23:29 AM: Logfile Created
04/08/2021 02:23:29 AM: Sun up during minime90/mrh/2015/20150623/Images\MRH_L_20150623_231451_001.img. Ignoring this image...
04/08/2021 02:23:29 AM: minime90/mrh/2015/20150623/Images\MRH_L_20150623_235119_002.img center: 257.45, 254.38
04/08/2021 02:23:29 AM: minime90/mrh/2015/20150623/Images\MRH_L_20150624_002336_003.img center: 257.56, 254.37
04/08/2021 02:23:30 AM: minime90/mrh/2015/20150623/Images\MRH_L_20150624_005554_004.img center: 257.56, 254.47
04/08/2021 02:23:30 AM: minime90/mrh/2015/20150623/Images\MRH_L_20150624_012811_005.img center: 257.54, 254.43
04/08/2021 02:23:30 AM: minime90/mrh/2015/20150623/Images\MRH_L_20150624_020028_006.img center: 257.54, 254.42
04/08/2021 02:23:30 AM: minime90/mrh/2015/20150623/Images\MRH_L_20150624_023246_007.img center: 257.58, 254.42
04/08/2021 02:23:31 AM: minime90/mrh/2015/20150623/Images\MRH_L_20150624_030504_008.img center: 257.54, 254.46
04/08/2021 02:23:31 AM: minime90/mrh/2015/20150623/Images\MRH_L_20150624_033722_009.img center: 257.51, 254.43
04/08/2021 02:23:31 AM: minime90/mrh/2015/20150623/Images\MRH_L_20150624_040939_010.img center: 257.50, 254.46
04/08/2021 02:23:31 AM: minime90/mrh/2015/20150623/Images\MRH_L_20150624_044157_011.img center: 257.53, 254.47
04/08/2021 02:23:32 AM: minime90/mrh/2015/20150623/Images\MRH_L_20150624_051414_012.img center: 257.58, 254.52
04/08/2021 02:23:32 AM: minime90/mrh/2015/20150623/Images\MRH_L_20150624_054633_013.img center: 257.55, 254.53
04/08/2021 02:23:32 AM: minime90/mrh/2015/20150623/Images\MRH_L_20150624_061850_014.img center: 257.52, 254.55
04/08/2021 02:23:32 AM: minime90/mrh/2015/20150623/Images\MRH_L_20150624_065108_015.img center: 257.52, 254.52
04/08/2021 02:23:33 AM: minime90/mrh/2015/20150623/Images\MRH_L_20150624_072326_016.img center: 257.47, 254.58
04/08/2021 02:23:33 AM: minime90/mrh/2015/20150623/Images\MRH_L_20150624_075544_017.img center: 257.47, 254.59
04/08/2021 02:23:33 AM: minime90/mrh/2015/20150623/Images\MRH_L_20150624_082801_018.img center: 257.41, 254.60
04/08/2021 02:23:33 AM: minime90/mrh/2015/20150623/Images\MRH_L_20150624_090019_019.img center: 257.46, 254.56
04/08/2021 02:23:34 AM: minime90/mrh/2015/20150623/Images\MRH_L_20150624_093237_020.img center: 257.43, 254.60
04/08/2021 02:23:34 AM: minime90/mrh/2015/20150623/Images\MRH_L_20150624_100455_021.img center: 257.45, 254.60
04/08/2021 02:23:34 AM: minime90/mrh/2015/20150623/Images\MRH_L_20150624_103713_022.img center: 257.39, 254.58
04/08/2021 02:23:34 AM: minime90/mrh/2015/20150623/Images\MRH_L_20150624_104733_212.img center: 257.39, 254.63
04/08/2021 02:23:37 AM: minime90/mrh/2015/20150623/Images\MRH_L_20150623_235119_002.img reduced chisqr: 4.2274
04/08/2021 02:23:40 AM: minime90/mrh/2015/20150623/Images\MRH_L_20150624_002336_003.img reduced chisqr: 4.5501
04/08/2021 02:23:43 AM: minime90/mrh/2015/20150623/Images\MRH_L_20150624_005554_004.img reduced chisqr: 4.2626
04/08/2021 02:23:45 AM: minime90/mrh/2015/20150623/Images\MRH_L_20150624_012811_005.img reduced chisqr: 5.3393
04/08/2021 02:23:48 AM: minime90/mrh/2015/20150623/Images\MRH_L_20150624_020028_006.img reduced chisqr: 4.6762
04/08/2021 02:23:51 AM: minime90/mrh/2015/20150623/Images\MRH_L_20150624_023246_007.img reduced chisqr: 4.9681
04/08/2021 02:23:54 AM: minime90/mrh/2015/20150623/Images\MRH_L_20150624_030504_008.img reduced chisqr: 4.5849
04/08/2021 02:23:57 AM: minime90/mrh/2015/20150623/Images\MRH_L_20150624_033722_009.img reduced chisqr: 4.9293
04/08/2021 02:23:59 AM: minime90/mrh/2015/20150623/Images\MRH_L_20150624_040939_010.img reduced chisqr: 3.9943
04/08/2021 02:24:02 AM: minime90/mrh/2015/20150623/Images\MRH_L_20150624_044157_011.img reduced chisqr: 4.6755
04/08/2021 02:24:05 AM: minime90/mrh/2015/20150623/Images\MRH_L_20150624_051414_012.img reduced chisqr: 4.8134
04/08/2021 02:24:08 AM: minime90/mrh/2015/20150623/Images\MRH_L_20150624_054633_013.img reduced chisqr: 5.2050
04/08/2021 02:24:10 AM: minime90/mrh/2015/20150623/Images\MRH_L_20150624_061850_014.img reduced chisqr: 4.3868
04/08/2021 02:24:13 AM: minime90/mrh/2015/20150623/Images\MRH_L_20150624_065108_015.img reduced chisqr: 5.1414
04/08/2021 02:24:16 AM: minime90/mrh/2015/20150623/Images\MRH_L_20150624_072326_016.img reduced chisqr: 4.2735
04/08/2021 02:24:19 AM: minime90/mrh/2015/20150623/Images\MRH_L_20150624_075544_017.img reduced chisqr: 5.4008
04/08/2021 02:24:22 AM: minime90/mrh/2015/20150623/Images\MRH_L_20150624_082801_018.img reduced chisqr: 3.9063
04/08/2021 02:24:24 AM: minime90/mrh/2015/20150623/Images\MRH_L_20150624_090019_019.img reduced chisqr: 5.7392
04/08/2021 02:24:27 AM: minime90/mrh/2015/20150623/Images\MRH_L_20150624_093237_020.img reduced chisqr: 5.7687
04/08/2021 02:24:30 AM: minime90/mrh/2015/20150623/Images\MRH_L_20150624_100455_021.img reduced chisqr: 4.9110
04/08/2021 02:24:33 AM: minime90/mrh/2015/20150623/Images\MRH_L_20150624_103713_022.img reduced chisqr: 4.0857
04/08/2021 02:24:35 AM: minime90/mrh/2015/20150623/Images\MRH_L_20150624_104733_212.img reduced chisqr: 4.0047
04/08/2021 02:24:35 AM: minime90/mrh/2015/20150623/Images\MRH_X_20150623_232252_001.img not bounded by laser images. Ignoring this image...
04/08/2021 02:24:35 AM: minime90/mrh/2015/20150623/Images\MRH_X_20150623_232603_002.img not bounded by laser images. Ignoring this image...
04/08/2021 02:24:35 AM: minime90/mrh/2015/20150623/Images\MRH_X_20150623_232912_003.img not bounded by laser images. Ignoring this image...
04/08/2021 02:24:35 AM: minime90/mrh/2015/20150623/Images\MRH_X_20150623_233221_004.img not bounded by laser images. Ignoring this image...
04/08/2021 02:24:35 AM: minime90/mrh/2015/20150623/Images\MRH_X_20150623_233531_005.img not bounded by laser images. Ignoring this image...
04/08/2021 02:24:35 AM: minime90/mrh/2015/20150623/Images\MRH_X_20150623_233840_006.img not bounded by laser images. Ignoring this image...
04/08/2021 02:24:35 AM: minime90/mrh/2015/20150623/Images\MRH_X_20150623_234148_007.img not bounded by laser images. Ignoring this image...
04/08/2021 02:24:35 AM: minime90/mrh/2015/20150623/Images\MRH_X_20150623_234456_008.img not bounded by laser images. Ignoring this image...
04/08/2021 02:24:35 AM: minime90/mrh/2015/20150623/Images\MRH_X_20150623_234804_009.img not bounded by laser images. Ignoring this image...
04/08/2021 02:24:35 AM: minime90/mrh/2015/20150623/Images\MRH_X_20150624_000129_013.img is looking too close to the moon (22.2 deg). Ignoring this image...
04/08/2021 02:24:36 AM: minime90/mrh/2015/20150623/Images\MRH_X_20150624_000748_015.img is looking too close to the moon (27.1 deg). Ignoring this image...
04/08/2021 02:24:36 AM: minime90/mrh/2015/20150623/Images\MRH_X_20150624_001057_016.img is looking too close to the moon (22.4 deg). Ignoring this image...
04/08/2021 02:24:36 AM: minime90/mrh/2015/20150623/Images\MRH_X_20150624_001405_017.img is looking too close to the moon (22.0 deg). Ignoring this image...
04/08/2021 02:24:36 AM: minime90/mrh/2015/20150623/Images\MRH_X_20150624_001713_018.img is looking too close to the moon (21.7 deg). Ignoring this image...
04/08/2021 02:24:36 AM: minime90/mrh/2015/20150623/Images\MRH_X_20150624_002021_019.img is looking too close to the moon (21.4 deg). Ignoring this image...
04/08/2021 02:24:36 AM: minime90/mrh/2015/20150623/Images\MRH_X_20150624_003347_023.img is looking too close to the moon (29.1 deg). Ignoring this image...
04/08/2021 02:24:36 AM: minime90/mrh/2015/20150623/Images\MRH_X_20150624_004005_025.img is looking too close to the moon (19.8 deg). Ignoring this image...
04/08/2021 02:24:36 AM: minime90/mrh/2015/20150623/Images\MRH_X_20150624_004315_026.img is looking too close to the moon (19.7 deg). Ignoring this image...
04/08/2021 02:24:36 AM: minime90/mrh/2015/20150623/Images\MRH_X_20150624_004623_027.img is looking too close to the moon (19.6 deg). Ignoring this image...
04/08/2021 02:24:36 AM: minime90/mrh/2015/20150623/Images\MRH_X_20150624_004931_028.img is looking too close to the moon (19.5 deg). Ignoring this image...
04/08/2021 02:24:36 AM: minime90/mrh/2015/20150623/Images\MRH_X_20150624_005239_029.img is looking too close to the moon (19.5 deg). Ignoring this image...
04/08/2021 02:24:36 AM: minime90/mrh/2015/20150623/Images\MRH_X_20150624_010604_033.img is looking too close to the moon (36.3 deg). Ignoring this image...
04/08/2021 02:24:36 AM: minime90/mrh/2015/20150623/Images\MRH_X_20150624_011223_035.img is looking too close to the moon (13.2 deg). Ignoring this image...
04/08/2021 02:24:36 AM: minime90/mrh/2015/20150623/Images\MRH_X_20150624_011532_036.img is looking too close to the moon (19.9 deg). Ignoring this image...
04/08/2021 02:24:36 AM: minime90/mrh/2015/20150623/Images\MRH_X_20150624_011840_037.img is looking too close to the moon (20.1 deg). Ignoring this image...
04/08/2021 02:24:36 AM: minime90/mrh/2015/20150623/Images\MRH_X_20150624_012148_038.img is looking too close to the moon (20.4 deg). Ignoring this image...
04/08/2021 02:24:36 AM: minime90/mrh/2015/20150623/Images\MRH_X_20150624_012456_039.img is looking too close to the moon (20.6 deg). Ignoring this image...
04/08/2021 02:24:36 AM: minime90/mrh/2015/20150623/Images\MRH_X_20150624_014440_045.img is looking too close to the moon (9.0 deg). Ignoring this image...
04/08/2021 02:24:36 AM: minime90/mrh/2015/20150623/Images\MRH_X_20150624_014749_046.img is looking too close to the moon (23.1 deg). Ignoring this image...
04/08/2021 02:24:36 AM: minime90/mrh/2015/20150623/Images\MRH_X_20150624_015057_047.img is looking too close to the moon (23.5 deg). Ignoring this image...
04/08/2021 02:24:36 AM: minime90/mrh/2015/20150623/Images\MRH_X_20150624_015405_048.img is looking too close to the moon (23.9 deg). Ignoring this image...
04/08/2021 02:24:36 AM: minime90/mrh/2015/20150623/Images\MRH_X_20150624_015713_049.img is looking too close to the moon (24.3 deg). Ignoring this image...
04/08/2021 02:24:36 AM: minime90/mrh/2015/20150623/Images\MRH_X_20150624_021658_055.img is looking too close to the moon (10.7 deg). Ignoring this image...
04/08/2021 02:24:36 AM: minime90/mrh/2015/20150623/Images\MRH_X_20150624_022007_056.img is looking too close to the moon (27.9 deg). Ignoring this image...
04/08/2021 02:24:36 AM: minime90/mrh/2015/20150623/Images\MRH_X_20150624_022315_057.img is looking too close to the moon (28.5 deg). Ignoring this image...
04/08/2021 02:24:36 AM: minime90/mrh/2015/20150623/Images\MRH_X_20150624_022623_058.img is looking too close to the moon (29.0 deg). Ignoring this image...
04/08/2021 02:24:36 AM: minime90/mrh/2015/20150623/Images\MRH_X_20150624_022931_059.img is looking too close to the moon (29.6 deg). Ignoring this image...
04/08/2021 02:24:36 AM: minime90/mrh/2015/20150623/Images\MRH_X_20150624_024916_065.img is looking too close to the moon (16.5 deg). Ignoring this image...
04/08/2021 02:24:36 AM: minime90/mrh/2015/20150623/Images\MRH_X_20150624_025225_066.img is looking too close to the moon (33.9 deg). Ignoring this image...
04/08/2021 02:24:36 AM: minime90/mrh/2015/20150623/Images\MRH_X_20150624_025533_067.img is looking too close to the moon (34.5 deg). Ignoring this image...
04/08/2021 02:24:36 AM: minime90/mrh/2015/20150623/Images\MRH_X_20150624_025841_068.img is looking too close to the moon (35.1 deg). Ignoring this image...
04/08/2021 02:24:36 AM: minime90/mrh/2015/20150623/Images\MRH_X_20150624_030149_069.img is looking too close to the moon (35.8 deg). Ignoring this image...
04/08/2021 02:24:36 AM: minime90/mrh/2015/20150623/Images\MRH_X_20150624_032133_075.img is looking too close to the moon (23.5 deg). Ignoring this image...
04/08/2021 02:24:36 AM: minime90/mrh/2015/20150623/Images\MRH_X_20150624_035351_085.img is looking too close to the moon (30.9 deg). Ignoring this image...
04/08/2021 02:24:42 AM: minime90/mrh/2015/20150623/Images\MRH_X_20150623_235159_010.img reduced chisqr: 1.2899.
			Message:"Tolerance seems to be too small."
04/08/2021 02:24:49 AM: minime90/mrh/2015/20150623/Images\MRH_X_20150623_235511_011.img reduced chisqr: 1.1912.
			Message:"Tolerance seems to be too small."
04/08/2021 02:24:56 AM: minime90/mrh/2015/20150623/Images\MRH_X_20150623_235820_012.img reduced chisqr: 1.6204.
			Message:"Tolerance seems to be too small."
04/08/2021 02:25:02 AM: minime90/mrh/2015/20150623/Images\MRH_X_20150624_000439_014.img reduced chisqr: 1.1145.
			Message:"Tolerance seems to be too small."
04/08/2021 02:25:09 AM: minime90/mrh/2015/20150623/Images\MRH_X_20150624_002417_020.img reduced chisqr: 1.1830.
			Message:"Tolerance seems to be too small."
04/08/2021 02:25:15 AM: minime90/mrh/2015/20150623/Images\MRH_X_20150624_002728_021.img reduced chisqr: 1.0671.
			Message:"Tolerance seems to be too small."
04/08/2021 02:25:22 AM: minime90/mrh/2015/20150623/Images\MRH_X_20150624_003037_022.img reduced chisqr: 0.9953.
			Message:"Tolerance seems to be too small."
04/08/2021 02:25:28 AM: minime90/mrh/2015/20150623/Images\MRH_X_20150624_003656_024.img reduced chisqr: 1.1269.
			Message:"Tolerance seems to be too small."
04/08/2021 02:25:35 AM: minime90/mrh/2015/20150623/Images\MRH_X_20150624_005634_030.img reduced chisqr: 1.0642.
			Message:"Tolerance seems to be too small."
04/08/2021 02:25:42 AM: minime90/mrh/2015/20150623/Images\MRH_X_20150624_005946_031.img reduced chisqr: 0.9151.
			Message:"Tolerance seems to be too small."
04/08/2021 02:25:48 AM: minime90/mrh/2015/20150623/Images\MRH_X_20150624_010255_032.img reduced chisqr: 1.1545.
			Message:"Tolerance seems to be too small."
04/08/2021 02:25:54 AM: minime90/mrh/2015/20150623/Images\MRH_X_20150624_010914_034.img reduced chisqr: 1.0566.
			Message:"Tolerance seems to be too small."
04/08/2021 02:26:01 AM: minime90/mrh/2015/20150623/Images\MRH_X_20150624_012852_040.img reduced chisqr: 1.2779.
			Message:"Tolerance seems to be too small."
04/08/2021 02:26:07 AM: minime90/mrh/2015/20150623/Images\MRH_X_20150624_013203_041.img reduced chisqr: 1.5296.
			Message:"Tolerance seems to be too small."
04/08/2021 02:26:14 AM: minime90/mrh/2015/20150623/Images\MRH_X_20150624_013512_042.img reduced chisqr: 1.1458.
			Message:"Tolerance seems to be too small."
04/08/2021 02:26:20 AM: minime90/mrh/2015/20150623/Images\MRH_X_20150624_013821_043.img reduced chisqr: 1.0610.
			Message:"Tolerance seems to be too small."
04/08/2021 02:26:27 AM: minime90/mrh/2015/20150623/Images\MRH_X_20150624_014131_044.img reduced chisqr: 1.2123.
			Message:"Tolerance seems to be too small."
04/08/2021 02:26:34 AM: minime90/mrh/2015/20150623/Images\MRH_X_20150624_020109_050.img reduced chisqr: 1.2437.
			Message:"Tolerance seems to be too small."
04/08/2021 02:26:40 AM: minime90/mrh/2015/20150623/Images\MRH_X_20150624_020421_051.img reduced chisqr: 1.1802.
			Message:"Tolerance seems to be too small."
04/08/2021 02:26:47 AM: minime90/mrh/2015/20150623/Images\MRH_X_20150624_020730_052.img reduced chisqr: 0.9009.
			Message:"Tolerance seems to be too small."
04/08/2021 02:26:53 AM: minime90/mrh/2015/20150623/Images\MRH_X_20150624_021039_053.img reduced chisqr: 1.1588.
			Message:"Tolerance seems to be too small."
04/08/2021 02:27:00 AM: minime90/mrh/2015/20150623/Images\MRH_X_20150624_021349_054.img reduced chisqr: 1.2348.
			Message:"Tolerance seems to be too small."
04/08/2021 02:27:06 AM: minime90/mrh/2015/20150623/Images\MRH_X_20150624_023327_060.img reduced chisqr: 1.1182.
			Message:"Tolerance seems to be too small."
04/08/2021 02:27:12 AM: minime90/mrh/2015/20150623/Images\MRH_X_20150624_023639_061.img reduced chisqr: 1.0259.
			Message:"Tolerance seems to be too small."
04/08/2021 02:27:19 AM: minime90/mrh/2015/20150623/Images\MRH_X_20150624_023948_062.img reduced chisqr: 1.2329.
			Message:"Tolerance seems to be too small."
04/08/2021 02:27:25 AM: minime90/mrh/2015/20150623/Images\MRH_X_20150624_024257_063.img reduced chisqr: 0.9767.
			Message:"Tolerance seems to be too small."
04/08/2021 02:27:32 AM: minime90/mrh/2015/20150623/Images\MRH_X_20150624_024607_064.img reduced chisqr: 1.0414.
			Message:"Tolerance seems to be too small."
04/08/2021 02:27:38 AM: minime90/mrh/2015/20150623/Images\MRH_X_20150624_030545_070.img reduced chisqr: 1.2772.
			Message:"Tolerance seems to be too small."
04/08/2021 02:27:45 AM: minime90/mrh/2015/20150623/Images\MRH_X_20150624_030856_071.img reduced chisqr: 1.3863.
			Message:"Tolerance seems to be too small."
04/08/2021 02:27:51 AM: minime90/mrh/2015/20150623/Images\MRH_X_20150624_031205_072.img reduced chisqr: 1.5085.
			Message:"Tolerance seems to be too small."
04/08/2021 02:27:58 AM: minime90/mrh/2015/20150623/Images\MRH_X_20150624_031515_073.img reduced chisqr: 1.2028.
			Message:"Tolerance seems to be too small."
04/08/2021 02:28:04 AM: minime90/mrh/2015/20150623/Images\MRH_X_20150624_031824_074.img reduced chisqr: 1.1871.
			Message:"Tolerance seems to be too small."
04/08/2021 02:28:10 AM: minime90/mrh/2015/20150623/Images\MRH_X_20150624_032443_076.img reduced chisqr: 1.1765.
			Message:"Tolerance seems to be too small."
04/08/2021 02:28:17 AM: minime90/mrh/2015/20150623/Images\MRH_X_20150624_032751_077.img reduced chisqr: 1.0642.
			Message:"Tolerance seems to be too small."
04/08/2021 02:28:23 AM: minime90/mrh/2015/20150623/Images\MRH_X_20150624_033059_078.img reduced chisqr: 1.2971.
			Message:"Tolerance seems to be too small."
04/08/2021 02:28:30 AM: minime90/mrh/2015/20150623/Images\MRH_X_20150624_033407_079.img reduced chisqr: 1.1654.
			Message:"Tolerance seems to be too small."
04/08/2021 02:28:36 AM: minime90/mrh/2015/20150623/Images\MRH_X_20150624_033802_080.img reduced chisqr: 1.0768.
			Message:"Tolerance seems to be too small."
04/08/2021 02:28:43 AM: minime90/mrh/2015/20150623/Images\MRH_X_20150624_034114_081.img reduced chisqr: 1.2787.
			Message:"Tolerance seems to be too small."
04/08/2021 02:28:49 AM: minime90/mrh/2015/20150623/Images\MRH_X_20150624_034423_082.img reduced chisqr: 1.2816.
			Message:"Tolerance seems to be too small."
04/08/2021 02:28:56 AM: minime90/mrh/2015/20150623/Images\MRH_X_20150624_034732_083.img reduced chisqr: 1.0688.
			Message:"Tolerance seems to be too small."
04/08/2021 02:29:02 AM: minime90/mrh/2015/20150623/Images\MRH_X_20150624_035042_084.img reduced chisqr: 1.0679.
			Message:"Tolerance seems to be too small."
04/08/2021 02:29:09 AM: minime90/mrh/2015/20150623/Images\MRH_X_20150624_035700_086.img reduced chisqr: 1.1782.
			Message:"Tolerance seems to be too small."
04/08/2021 02:29:15 AM: minime90/mrh/2015/20150623/Images\MRH_X_20150624_040008_087.img reduced chisqr: 1.1766.
			Message:"Tolerance seems to be too small."
04/08/2021 02:29:22 AM: minime90/mrh/2015/20150623/Images\MRH_X_20150624_040316_088.img reduced chisqr: 1.1292.
			Message:"Tolerance seems to be too small."
04/08/2021 02:29:28 AM: minime90/mrh/2015/20150623/Images\MRH_X_20150624_040624_089.img reduced chisqr: 1.2060.
			Message:"Tolerance seems to be too small."
04/08/2021 02:29:35 AM: minime90/mrh/2015/20150623/Images\MRH_X_20150624_041020_090.img reduced chisqr: 1.1309.
			Message:"Tolerance seems to be too small."
04/08/2021 02:29:41 AM: minime90/mrh/2015/20150623/Images\MRH_X_20150624_041331_091.img reduced chisqr: 1.0677.
			Message:"Tolerance seems to be too small."
04/08/2021 02:29:48 AM: minime90/mrh/2015/20150623/Images\MRH_X_20150624_041640_092.img reduced chisqr: 1.0947.
			Message:"Tolerance seems to be too small."
04/08/2021 02:29:54 AM: minime90/mrh/2015/20150623/Images\MRH_X_20150624_041950_093.img reduced chisqr: 1.2326.
			Message:"Tolerance seems to be too small."
04/08/2021 02:30:01 AM: minime90/mrh/2015/20150623/Images\MRH_X_20150624_042259_094.img reduced chisqr: 1.0009.
			Message:"Tolerance seems to be too small."
04/08/2021 02:30:07 AM: minime90/mrh/2015/20150623/Images\MRH_X_20150624_042608_095.img reduced chisqr: 0.9705.
			Message:"Tolerance seems to be too small."
04/08/2021 02:30:14 AM: minime90/mrh/2015/20150623/Images\MRH_X_20150624_042918_096.img reduced chisqr: 1.0713.
			Message:"Tolerance seems to be too small."
04/08/2021 02:30:20 AM: minime90/mrh/2015/20150623/Images\MRH_X_20150624_043226_097.img reduced chisqr: 1.1070.
			Message:"Tolerance seems to be too small."
04/08/2021 02:30:27 AM: minime90/mrh/2015/20150623/Images\MRH_X_20150624_043534_098.img reduced chisqr: 1.0468.
			Message:"Tolerance seems to be too small."
04/08/2021 02:30:33 AM: minime90/mrh/2015/20150623/Images\MRH_X_20150624_043842_099.img reduced chisqr: 1.0426.
			Message:"Tolerance seems to be too small."
04/08/2021 02:30:40 AM: minime90/mrh/2015/20150623/Images\MRH_X_20150624_044237_100.img reduced chisqr: 1.1687.
			Message:"Tolerance seems to be too small."
04/08/2021 02:30:46 AM: minime90/mrh/2015/20150623/Images\MRH_X_20150624_044549_101.img reduced chisqr: 1.2012.
			Message:"Tolerance seems to be too small."
04/08/2021 02:30:52 AM: minime90/mrh/2015/20150623/Images\MRH_X_20150624_044858_102.img reduced chisqr: 0.9399.
			Message:"Tolerance seems to be too small."
04/08/2021 02:30:59 AM: minime90/mrh/2015/20150623/Images\MRH_X_20150624_045207_103.img reduced chisqr: 1.0479.
			Message:"Tolerance seems to be too small."
04/08/2021 02:31:05 AM: minime90/mrh/2015/20150623/Images\MRH_X_20150624_045517_104.img reduced chisqr: 1.3182.
			Message:"Tolerance seems to be too small."
04/08/2021 02:31:12 AM: minime90/mrh/2015/20150623/Images\MRH_X_20150624_045826_105.img reduced chisqr: 1.0883.
			Message:"Tolerance seems to be too small."
04/08/2021 02:31:18 AM: minime90/mrh/2015/20150623/Images\MRH_X_20150624_050135_106.img reduced chisqr: 1.2692.
			Message:"Tolerance seems to be too small."
04/08/2021 02:31:25 AM: minime90/mrh/2015/20150623/Images\MRH_X_20150624_050443_107.img reduced chisqr: 1.0362.
			Message:"Tolerance seems to be too small."
04/08/2021 02:31:31 AM: minime90/mrh/2015/20150623/Images\MRH_X_20150624_050751_108.img reduced chisqr: 1.2023.
			Message:"Tolerance seems to be too small."
04/08/2021 02:31:37 AM: minime90/mrh/2015/20150623/Images\MRH_X_20150624_051059_109.img reduced chisqr: 1.1312.
			Message:"Tolerance seems to be too small."
04/08/2021 02:31:44 AM: minime90/mrh/2015/20150623/Images\MRH_X_20150624_051456_110.img reduced chisqr: 1.0772.
			Message:"Tolerance seems to be too small."
04/08/2021 02:31:50 AM: minime90/mrh/2015/20150623/Images\MRH_X_20150624_051807_111.img reduced chisqr: 1.2541.
			Message:"Tolerance seems to be too small."
04/08/2021 02:31:56 AM: minime90/mrh/2015/20150623/Images\MRH_X_20150624_052116_112.img reduced chisqr: 0.9593.
			Message:"Tolerance seems to be too small."
04/08/2021 02:32:03 AM: minime90/mrh/2015/20150623/Images\MRH_X_20150624_052425_113.img reduced chisqr: 1.0099.
			Message:"Tolerance seems to be too small."
04/08/2021 02:32:09 AM: minime90/mrh/2015/20150623/Images\MRH_X_20150624_052735_114.img reduced chisqr: 1.2242.
			Message:"Tolerance seems to be too small."
04/08/2021 02:32:16 AM: minime90/mrh/2015/20150623/Images\MRH_X_20150624_053044_115.img reduced chisqr: 1.3893.
			Message:"Tolerance seems to be too small."
04/08/2021 02:32:22 AM: minime90/mrh/2015/20150623/Images\MRH_X_20150624_053353_116.img reduced chisqr: 1.0815.
			Message:"Tolerance seems to be too small."
04/08/2021 02:32:28 AM: minime90/mrh/2015/20150623/Images\MRH_X_20150624_053701_117.img reduced chisqr: 1.1834.
			Message:"Tolerance seems to be too small."
04/08/2021 02:32:35 AM: minime90/mrh/2015/20150623/Images\MRH_X_20150624_054009_118.img reduced chisqr: 1.0694.
			Message:"Tolerance seems to be too small."
04/08/2021 02:32:42 AM: minime90/mrh/2015/20150623/Images\MRH_X_20150624_054317_119.img reduced chisqr: 1.1896.
			Message:"Tolerance seems to be too small."
04/08/2021 02:32:48 AM: minime90/mrh/2015/20150623/Images\MRH_X_20150624_054714_120.img reduced chisqr: 1.1169.
			Message:"Tolerance seems to be too small."
04/08/2021 02:32:54 AM: minime90/mrh/2015/20150623/Images\MRH_X_20150624_055025_121.img reduced chisqr: 1.1064.
			Message:"Tolerance seems to be too small."
04/08/2021 02:33:01 AM: minime90/mrh/2015/20150623/Images\MRH_X_20150624_055334_122.img reduced chisqr: 1.0181.
			Message:"Tolerance seems to be too small."
04/08/2021 02:33:07 AM: minime90/mrh/2015/20150623/Images\MRH_X_20150624_055643_123.img reduced chisqr: 0.9049.
			Message:"Tolerance seems to be too small."
04/08/2021 02:33:13 AM: minime90/mrh/2015/20150623/Images\MRH_X_20150624_055953_124.img reduced chisqr: 1.0527.
			Message:"Tolerance seems to be too small."
04/08/2021 02:33:20 AM: minime90/mrh/2015/20150623/Images\MRH_X_20150624_060302_125.img reduced chisqr: 1.3075.
			Message:"Tolerance seems to be too small."
04/08/2021 02:33:26 AM: minime90/mrh/2015/20150623/Images\MRH_X_20150624_060611_126.img reduced chisqr: 1.1785.
			Message:"Tolerance seems to be too small."
04/08/2021 02:33:33 AM: minime90/mrh/2015/20150623/Images\MRH_X_20150624_060919_127.img reduced chisqr: 1.1646.
			Message:"Tolerance seems to be too small."
04/08/2021 02:33:39 AM: minime90/mrh/2015/20150623/Images\MRH_X_20150624_061227_128.img reduced chisqr: 0.9157.
			Message:"Tolerance seems to be too small."
04/08/2021 02:33:46 AM: minime90/mrh/2015/20150623/Images\MRH_X_20150624_061535_129.img reduced chisqr: 0.9880.
			Message:"Tolerance seems to be too small."
04/08/2021 02:33:52 AM: minime90/mrh/2015/20150623/Images\MRH_X_20150624_061931_130.img reduced chisqr: 1.1119.
			Message:"Tolerance seems to be too small."
04/08/2021 02:33:59 AM: minime90/mrh/2015/20150623/Images\MRH_X_20150624_062243_131.img reduced chisqr: 0.9472.
			Message:"Tolerance seems to be too small."
04/08/2021 02:34:05 AM: minime90/mrh/2015/20150623/Images\MRH_X_20150624_062552_132.img reduced chisqr: 0.9561.
			Message:"Tolerance seems to be too small."
04/08/2021 02:34:12 AM: minime90/mrh/2015/20150623/Images\MRH_X_20150624_062901_133.img reduced chisqr: 0.9621.
			Message:"Tolerance seems to be too small."
04/08/2021 02:34:18 AM: minime90/mrh/2015/20150623/Images\MRH_X_20150624_063211_134.img reduced chisqr: 1.1295.
			Message:"Tolerance seems to be too small."
04/08/2021 02:34:25 AM: minime90/mrh/2015/20150623/Images\MRH_X_20150624_063520_135.img reduced chisqr: 1.2190.
			Message:"Tolerance seems to be too small."
04/08/2021 02:34:31 AM: minime90/mrh/2015/20150623/Images\MRH_X_20150624_063829_136.img reduced chisqr: 1.0904.
			Message:"Tolerance seems to be too small."
04/08/2021 02:34:37 AM: minime90/mrh/2015/20150623/Images\MRH_X_20150624_064137_137.img reduced chisqr: 0.9343.
			Message:"Tolerance seems to be too small."
04/08/2021 02:34:44 AM: minime90/mrh/2015/20150623/Images\MRH_X_20150624_064445_138.img reduced chisqr: 1.1553.
			Message:"Tolerance seems to be too small."
04/08/2021 02:34:50 AM: minime90/mrh/2015/20150623/Images\MRH_X_20150624_064753_139.img reduced chisqr: 1.2915.
			Message:"Tolerance seems to be too small."
04/08/2021 02:34:57 AM: minime90/mrh/2015/20150623/Images\MRH_X_20150624_065150_140.img reduced chisqr: 1.2132.
			Message:"Tolerance seems to be too small."
04/08/2021 02:35:03 AM: minime90/mrh/2015/20150623/Images\MRH_X_20150624_065501_141.img reduced chisqr: 1.1550.
			Message:"Tolerance seems to be too small."
04/08/2021 02:35:09 AM: minime90/mrh/2015/20150623/Images\MRH_X_20150624_065810_142.img reduced chisqr: 1.4461.
			Message:"Tolerance seems to be too small."
04/08/2021 02:35:16 AM: minime90/mrh/2015/20150623/Images\MRH_X_20150624_070119_143.img reduced chisqr: 1.4179.
			Message:"Tolerance seems to be too small."
04/08/2021 02:35:22 AM: minime90/mrh/2015/20150623/Images\MRH_X_20150624_070429_144.img reduced chisqr: 1.1177.
			Message:"Tolerance seems to be too small."
04/08/2021 02:35:29 AM: minime90/mrh/2015/20150623/Images\MRH_X_20150624_070738_145.img reduced chisqr: 1.6459.
			Message:"Tolerance seems to be too small."
04/08/2021 02:35:35 AM: minime90/mrh/2015/20150623/Images\MRH_X_20150624_071047_146.img reduced chisqr: 1.7544.
			Message:"Tolerance seems to be too small."
04/08/2021 02:35:41 AM: minime90/mrh/2015/20150623/Images\MRH_X_20150624_071355_147.img reduced chisqr: 1.1343.
			Message:"Tolerance seems to be too small."
04/08/2021 02:35:48 AM: minime90/mrh/2015/20150623/Images\MRH_X_20150624_071703_148.img reduced chisqr: 1.1330.
			Message:"Tolerance seems to be too small."
04/08/2021 02:35:54 AM: minime90/mrh/2015/20150623/Images\MRH_X_20150624_072011_149.img reduced chisqr: 1.3390.
			Message:"Tolerance seems to be too small."
04/08/2021 02:36:01 AM: minime90/mrh/2015/20150623/Images\MRH_X_20150624_072407_150.img reduced chisqr: 1.1918.
			Message:"Tolerance seems to be too small."
04/08/2021 02:36:07 AM: minime90/mrh/2015/20150623/Images\MRH_X_20150624_072718_151.img reduced chisqr: 1.2959.
			Message:"Tolerance seems to be too small."
04/08/2021 02:36:14 AM: minime90/mrh/2015/20150623/Images\MRH_X_20150624_073027_152.img reduced chisqr: 1.2144.
			Message:"Tolerance seems to be too small."
04/08/2021 02:36:20 AM: minime90/mrh/2015/20150623/Images\MRH_X_20150624_073336_153.img reduced chisqr: 0.9465.
			Message:"Tolerance seems to be too small."
04/08/2021 02:36:26 AM: minime90/mrh/2015/20150623/Images\MRH_X_20150624_073646_154.img reduced chisqr: 0.9968.
			Message:"Tolerance seems to be too small."
04/08/2021 02:36:33 AM: minime90/mrh/2015/20150623/Images\MRH_X_20150624_073955_155.img reduced chisqr: 1.0516.
			Message:"Tolerance seems to be too small."
04/08/2021 02:36:39 AM: minime90/mrh/2015/20150623/Images\MRH_X_20150624_074304_156.img reduced chisqr: 1.0354.
			Message:"Tolerance seems to be too small."
04/08/2021 02:36:46 AM: minime90/mrh/2015/20150623/Images\MRH_X_20150624_074612_157.img reduced chisqr: 1.1054.
			Message:"Tolerance seems to be too small."
04/08/2021 02:36:52 AM: minime90/mrh/2015/20150623/Images\MRH_X_20150624_074920_158.img reduced chisqr: 1.1284.
			Message:"Tolerance seems to be too small."
04/08/2021 02:36:58 AM: minime90/mrh/2015/20150623/Images\MRH_X_20150624_075229_159.img reduced chisqr: 0.9814.
			Message:"Tolerance seems to be too small."
04/08/2021 02:37:05 AM: minime90/mrh/2015/20150623/Images\MRH_X_20150624_075624_160.img reduced chisqr: 1.2396.
			Message:"Tolerance seems to be too small."
04/08/2021 02:37:11 AM: minime90/mrh/2015/20150623/Images\MRH_X_20150624_075936_161.img reduced chisqr: 1.0727.
			Message:"Tolerance seems to be too small."
04/08/2021 02:37:17 AM: minime90/mrh/2015/20150623/Images\MRH_X_20150624_080245_162.img reduced chisqr: 0.9653.
			Message:"Tolerance seems to be too small."
04/08/2021 02:37:24 AM: minime90/mrh/2015/20150623/Images\MRH_X_20150624_080554_163.img reduced chisqr: 0.9621.
			Message:"Tolerance seems to be too small."
04/08/2021 02:37:30 AM: minime90/mrh/2015/20150623/Images\MRH_X_20150624_080904_164.img reduced chisqr: 1.1560.
			Message:"Tolerance seems to be too small."
04/08/2021 02:37:37 AM: minime90/mrh/2015/20150623/Images\MRH_X_20150624_081213_165.img reduced chisqr: 1.0663.
			Message:"Tolerance seems to be too small."
04/08/2021 02:37:43 AM: minime90/mrh/2015/20150623/Images\MRH_X_20150624_081522_166.img reduced chisqr: 1.2847.
			Message:"Tolerance seems to be too small."
04/08/2021 02:37:49 AM: minime90/mrh/2015/20150623/Images\MRH_X_20150624_081830_167.img reduced chisqr: 0.9826.
			Message:"Tolerance seems to be too small."
04/08/2021 02:37:56 AM: minime90/mrh/2015/20150623/Images\MRH_X_20150624_082138_168.img reduced chisqr: 1.1010.
			Message:"Tolerance seems to be too small."
04/08/2021 02:38:02 AM: minime90/mrh/2015/20150623/Images\MRH_X_20150624_082446_169.img reduced chisqr: 1.1079.
			Message:"Tolerance seems to be too small."
04/08/2021 02:38:09 AM: minime90/mrh/2015/20150623/Images\MRH_X_20150624_082842_170.img reduced chisqr: 0.9210.
			Message:"Tolerance seems to be too small."
04/08/2021 02:38:15 AM: minime90/mrh/2015/20150623/Images\MRH_X_20150624_083153_171.img reduced chisqr: 1.1875.
			Message:"Tolerance seems to be too small."
04/08/2021 02:38:22 AM: minime90/mrh/2015/20150623/Images\MRH_X_20150624_083502_172.img reduced chisqr: 1.1527.
			Message:"Tolerance seems to be too small."
04/08/2021 02:38:28 AM: minime90/mrh/2015/20150623/Images\MRH_X_20150624_083812_173.img reduced chisqr: 1.0717.
			Message:"Tolerance seems to be too small."
04/08/2021 02:38:35 AM: minime90/mrh/2015/20150623/Images\MRH_X_20150624_084121_174.img reduced chisqr: 0.9808.
			Message:"Tolerance seems to be too small."
04/08/2021 02:38:41 AM: minime90/mrh/2015/20150623/Images\MRH_X_20150624_084431_175.img reduced chisqr: 1.1492.
			Message:"Tolerance seems to be too small."
04/08/2021 02:38:47 AM: minime90/mrh/2015/20150623/Images\MRH_X_20150624_084740_176.img reduced chisqr: 0.9774.
			Message:"Tolerance seems to be too small."
04/08/2021 02:38:54 AM: minime90/mrh/2015/20150623/Images\MRH_X_20150624_085048_177.img reduced chisqr: 1.1574.
			Message:"Tolerance seems to be too small."
04/08/2021 02:39:00 AM: minime90/mrh/2015/20150623/Images\MRH_X_20150624_085356_178.img reduced chisqr: 1.1144.
			Message:"Tolerance seems to be too small."
04/08/2021 02:39:06 AM: minime90/mrh/2015/20150623/Images\MRH_X_20150624_085704_179.img reduced chisqr: 1.0730.
			Message:"Tolerance seems to be too small."
04/08/2021 02:39:13 AM: minime90/mrh/2015/20150623/Images\MRH_X_20150624_090100_180.img reduced chisqr: 1.2127.
			Message:"Tolerance seems to be too small."
04/08/2021 02:39:19 AM: minime90/mrh/2015/20150623/Images\MRH_X_20150624_090411_181.img reduced chisqr: 0.9955.
			Message:"Tolerance seems to be too small."
04/08/2021 02:39:25 AM: minime90/mrh/2015/20150623/Images\MRH_X_20150624_090720_182.img reduced chisqr: 0.9309.
			Message:"Tolerance seems to be too small."
04/08/2021 02:39:32 AM: minime90/mrh/2015/20150623/Images\MRH_X_20150624_091029_183.img reduced chisqr: 1.1134.
			Message:"Tolerance seems to be too small."
04/08/2021 02:39:38 AM: minime90/mrh/2015/20150623/Images\MRH_X_20150624_091339_184.img reduced chisqr: 1.0573.
			Message:"Tolerance seems to be too small."
04/08/2021 02:39:44 AM: minime90/mrh/2015/20150623/Images\MRH_X_20150624_091648_185.img reduced chisqr: 1.0210.
			Message:"Tolerance seems to be too small."
04/08/2021 02:39:51 AM: minime90/mrh/2015/20150623/Images\MRH_X_20150624_091957_186.img reduced chisqr: 1.2165.
			Message:"Tolerance seems to be too small."
04/08/2021 02:39:57 AM: minime90/mrh/2015/20150623/Images\MRH_X_20150624_092305_187.img reduced chisqr: 1.0492.
			Message:"Tolerance seems to be too small."
04/08/2021 02:40:04 AM: minime90/mrh/2015/20150623/Images\MRH_X_20150624_092613_188.img reduced chisqr: 1.1014.
			Message:"Tolerance seems to be too small."
04/08/2021 02:40:10 AM: minime90/mrh/2015/20150623/Images\MRH_X_20150624_092922_189.img reduced chisqr: 1.2166.
			Message:"Tolerance seems to be too small."
04/08/2021 02:40:16 AM: minime90/mrh/2015/20150623/Images\MRH_X_20150624_093318_190.img reduced chisqr: 0.9906.
			Message:"Tolerance seems to be too small."
04/08/2021 02:40:23 AM: minime90/mrh/2015/20150623/Images\MRH_X_20150624_093629_191.img reduced chisqr: 1.0994.
			Message:"Tolerance seems to be too small."
04/08/2021 02:40:29 AM: minime90/mrh/2015/20150623/Images\MRH_X_20150624_093938_192.img reduced chisqr: 0.9242.
			Message:"Tolerance seems to be too small."
04/08/2021 02:40:35 AM: minime90/mrh/2015/20150623/Images\MRH_X_20150624_094248_193.img reduced chisqr: 1.1214.
			Message:"Tolerance seems to be too small."
04/08/2021 02:40:42 AM: minime90/mrh/2015/20150623/Images\MRH_X_20150624_094557_194.img reduced chisqr: 1.0563.
			Message:"Tolerance seems to be too small."
04/08/2021 02:40:48 AM: minime90/mrh/2015/20150623/Images\MRH_X_20150624_094906_195.img reduced chisqr: 1.0544.
			Message:"Tolerance seems to be too small."
04/08/2021 02:40:54 AM: minime90/mrh/2015/20150623/Images\MRH_X_20150624_095216_196.img reduced chisqr: 1.1475.
			Message:"Tolerance seems to be too small."
04/08/2021 02:41:01 AM: minime90/mrh/2015/20150623/Images\MRH_X_20150624_095524_197.img reduced chisqr: 0.9648.
			Message:"Tolerance seems to be too small."
04/08/2021 02:41:07 AM: minime90/mrh/2015/20150623/Images\MRH_X_20150624_095832_198.img reduced chisqr: 1.2725.
			Message:"Tolerance seems to be too small."
04/08/2021 02:41:13 AM: minime90/mrh/2015/20150623/Images\MRH_X_20150624_100140_199.img reduced chisqr: 1.1019.
			Message:"Tolerance seems to be too small."
04/08/2021 02:41:20 AM: minime90/mrh/2015/20150623/Images\MRH_X_20150624_100536_200.img reduced chisqr: 1.3368.
			Message:"Tolerance seems to be too small."
04/08/2021 02:41:26 AM: minime90/mrh/2015/20150623/Images\MRH_X_20150624_100847_201.img reduced chisqr: 1.0719.
			Message:"Tolerance seems to be too small."
04/08/2021 02:41:33 AM: minime90/mrh/2015/20150623/Images\MRH_X_20150624_101156_202.img reduced chisqr: 1.4152.
			Message:"Tolerance seems to be too small."
04/08/2021 02:41:39 AM: minime90/mrh/2015/20150623/Images\MRH_X_20150624_101505_203.img reduced chisqr: 1.1821.
			Message:"Tolerance seems to be too small."
04/08/2021 02:41:45 AM: minime90/mrh/2015/20150623/Images\MRH_X_20150624_101815_204.img reduced chisqr: 1.2495.
			Message:"Tolerance seems to be too small."
04/08/2021 02:41:52 AM: minime90/mrh/2015/20150623/Images\MRH_X_20150624_102124_205.img reduced chisqr: 1.1468.
			Message:"Tolerance seems to be too small."
04/08/2021 02:41:58 AM: minime90/mrh/2015/20150623/Images\MRH_X_20150624_102433_206.img reduced chisqr: 1.0511.
			Message:"Tolerance seems to be too small."
04/08/2021 02:42:05 AM: minime90/mrh/2015/20150623/Images\MRH_X_20150624_102742_207.img reduced chisqr: 1.2066.
			Message:"Tolerance seems to be too small."
04/08/2021 02:42:11 AM: minime90/mrh/2015/20150623/Images\MRH_X_20150624_103050_208.img reduced chisqr: 1.1710.
			Message:"Tolerance seems to be too small."
04/08/2021 02:42:18 AM: minime90/mrh/2015/20150623/Images\MRH_X_20150624_103357_209.img reduced chisqr: 1.0925.
			Message:"Tolerance seems to be too small."
04/08/2021 02:42:24 AM: minime90/mrh/2015/20150623/Images\MRH_X_20150624_103754_210.img reduced chisqr: 1.1579.
			Message:"Tolerance seems to be too small."
04/08/2021 02:42:31 AM: minime90/mrh/2015/20150623/Images\MRH_X_20150624_104105_211.img reduced chisqr: 1.3834.
			Message:"Tolerance seems to be too small."
04/08/2021 02:42:38 AM: minime90/mrh/2015/20150623/Images\MRH_X_20150624_104414_212.img reduced chisqr: 1.7197.
			Message:"Tolerance seems to be too small."
04/08/2021 02:42:38 AM: WARNING: Exposure time is not changing.
04/08/2021 02:42:38 AM: Created diagnostic plots.
04/08/2021 02:42:38 AM: Laser and sky image analysis complete.
04/08/2021 02:42:38 AM: No Boltwood cloud sensor data found.
04/08/2021 02:42:38 AM: No X300 temperature sensor data found.
04/08/2021 02:42:38 AM:  Quality Flag Calculation:
		Manual Wind Flag: 0
		Manual Temperature Flag: 0
		Laser Drift: False
		Sample-specific flags:
		Images\MRH_X_20150623_235159_010.img [no cloud data W1T1] [FINAL: W1T1]
		Images\MRH_X_20150623_235511_011.img [no cloud data W1T1] [FINAL: W1T1]
		Images\MRH_X_20150623_235820_012.img [no cloud data W1T1] [FINAL: W1T1]
		Images\MRH_X_20150624_000439_014.img [no cloud data W1T1] [FINAL: W1T1]
		Images\MRH_X_20150624_002417_020.img [no cloud data W1T1] [FINAL: W1T1]
		Images\MRH_X_20150624_002728_021.img [no cloud data W1T1] [FINAL: W1T1]
		Images\MRH_X_20150624_003037_022.img [no cloud data W1T1] [FINAL: W1T1]
		Images\MRH_X_20150624_003656_024.img [no cloud data W1T1] [FINAL: W1T1]
		Images\MRH_X_20150624_005634_030.img [no cloud data W1T1] [FINAL: W1T1]
		Images\MRH_X_20150624_005946_031.img [no cloud data W1T1] [sigma_T large: W2T2] [FINAL: W2T2]
		Images\MRH_X_20150624_010255_032.img [no cloud data W1T1] [sigma_T large: W2T2] [FINAL: W2T2]
		Images\MRH_X_20150624_010914_034.img [no cloud data W1T1] [sigma_T large: W2T2] [FINAL: W2T2]
		Images\MRH_X_20150624_012852_040.img [no cloud data W1T1] [sigma_T large: W2T2] [FINAL: W2T2]
		Images\MRH_X_20150624_013203_041.img [no cloud data W1T1] [sigma_T large: W2T2] [FINAL: W2T2]
		Images\MRH_X_20150624_013512_042.img [no cloud data W1T1] [sigma_T large: W2T2] [FINAL: W2T2]
		Images\MRH_X_20150624_013821_043.img [no cloud data W1T1] [sigma_T large: W2T2] [FINAL: W2T2]
		Images\MRH_X_20150624_014131_044.img [no cloud data W1T1] [FINAL: W1T1]
		Images\MRH_X_20150624_020109_050.img [no cloud data W1T1] [FINAL: W1T1]
		Images\MRH_X_20150624_020421_051.img [no cloud data W1T1] [FINAL: W1T1]
		Images\MRH_X_20150624_020730_052.img [no cloud data W1T1] [sigma_T large: W2T2] [FINAL: W2T2]
		Images\MRH_X_20150624_021039_053.img [no cloud data W1T1] [sigma_T large: W2T2] [FINAL: W2T2]
		Images\MRH_X_20150624_021349_054.img [no cloud data W1T1] [sigma_T large: W2T2] [FINAL: W2T2]
		Images\MRH_X_20150624_023327_060.img [no cloud data W1T1] [FINAL: W1T1]
		Images\MRH_X_20150624_023639_061.img [no cloud data W1T1] [sigma_T large: W2T2] [FINAL: W2T2]
		Images\MRH_X_20150624_023948_062.img [no cloud data W1T1] [sigma_T large: W2T2] [FINAL: W2T2]
		Images\MRH_X_20150624_024257_063.img [no cloud data W1T1] [sigma_T large: W2T2] [FINAL: W2T2]
		Images\MRH_X_20150624_024607_064.img [no cloud data W1T1] [FINAL: W1T1]
		Images\MRH_X_20150624_030545_070.img [no cloud data W1T1] [FINAL: W1T1]
		Images\MRH_X_20150624_030856_071.img [no cloud data W1T1] [sigma_T large: W2T2] [FINAL: W2T2]
		Images\MRH_X_20150624_031205_072.img [no cloud data W1T1] [sigma_T large: W2T2] [FINAL: W2T2]
		Images\MRH_X_20150624_031515_073.img [no cloud data W1T1] [sigma_T large: W2T2] [FINAL: W2T2]
		Images\MRH_X_20150624_031824_074.img [no cloud data W1T1] [FINAL: W1T1]
		Images\MRH_X_20150624_032443_076.img [no cloud data W1T1] [sigma_T large: W2T2] [FINAL: W2T2]
		Images\MRH_X_20150624_032751_077.img [no cloud data W1T1] [sigma_T large: W2T2] [FINAL: W2T2]
		Images\MRH_X_20150624_033059_078.img [no cloud data W1T1] [sigma_T large: W2T2] [FINAL: W2T2]
		Images\MRH_X_20150624_033407_079.img [no cloud data W1T1] [sigma_T large: W2T2] [FINAL: W2T2]
		Images\MRH_X_20150624_033802_080.img [no cloud data W1T1] [FINAL: W1T1]
		Images\MRH_X_20150624_034114_081.img [no cloud data W1T1] [sigma_T large: W2T2] [FINAL: W2T2]
		Images\MRH_X_20150624_034423_082.img [no cloud data W1T1] [sigma_T large: W2T2] [FINAL: W2T2]
		Images\MRH_X_20150624_034732_083.img [no cloud data W1T1] [sigma_T large: W2T2] [FINAL: W2T2]
		Images\MRH_X_20150624_035042_084.img [no cloud data W1T1] [FINAL: W1T1]
		Images\MRH_X_20150624_035700_086.img [no cloud data W1T1] [sigma_T large: W2T2] [FINAL: W2T2]
		Images\MRH_X_20150624_040008_087.img [no cloud data W1T1] [sigma_T large: W2T2] [FINAL: W2T2]
		Images\MRH_X_20150624_040316_088.img [no cloud data W1T1] [FINAL: W1T1]
		Images\MRH_X_20150624_040624_089.img [no cloud data W1T1] [FINAL: W1T1]
		Images\MRH_X_20150624_041020_090.img [no cloud data W1T1] [FINAL: W1T1]
		Images\MRH_X_20150624_041331_091.img [no cloud data W1T1] [FINAL: W1T1]
		Images\MRH_X_20150624_041640_092.img [no cloud data W1T1] [FINAL: W1T1]
		Images\MRH_X_20150624_041950_093.img [no cloud data W1T1] [sigma_T large: W2T2] [FINAL: W2T2]
		Images\MRH_X_20150624_042259_094.img [no cloud data W1T1] [FINAL: W1T1]
		Images\MRH_X_20150624_042608_095.img [no cloud data W1T1] [FINAL: W1T1]
		Images\MRH_X_20150624_042918_096.img [no cloud data W1T1] [FINAL: W1T1]
		Images\MRH_X_20150624_043226_097.img [no cloud data W1T1] [FINAL: W1T1]
		Images\MRH_X_20150624_043534_098.img [no cloud data W1T1] [FINAL: W1T1]
		Images\MRH_X_20150624_043842_099.img [no cloud data W1T1] [FINAL: W1T1]
		Images\MRH_X_20150624_044237_100.img [no cloud data W1T1] [FINAL: W1T1]
		Images\MRH_X_20150624_044549_101.img [no cloud data W1T1] [sigma_T large: W2T2] [FINAL: W2T2]
		Images\MRH_X_20150624_044858_102.img [no cloud data W1T1] [FINAL: W1T1]
		Images\MRH_X_20150624_045207_103.img [no cloud data W1T1] [sigma_T large: W2T2] [FINAL: W2T2]
		Images\MRH_X_20150624_045517_104.img [no cloud data W1T1] [FINAL: W1T1]
		Images\MRH_X_20150624_045826_105.img [no cloud data W1T1] [FINAL: W1T1]
		Images\MRH_X_20150624_050135_106.img [no cloud data W1T1] [FINAL: W1T1]
		Images\MRH_X_20150624_050443_107.img [no cloud data W1T1] [FINAL: W1T1]
		Images\MRH_X_20150624_050751_108.img [no cloud data W1T1] [FINAL: W1T1]
		Images\MRH_X_20150624_051059_109.img [no cloud data W1T1] [FINAL: W1T1]
		Images\MRH_X_20150624_051456_110.img [no cloud data W1T1] [FINAL: W1T1]
		Images\MRH_X_20150624_051807_111.img [no cloud data W1T1] [sigma_T large: W2T2] [FINAL: W2T2]
		Images\MRH_X_20150624_052116_112.img [no cloud data W1T1] [sigma_T large: W2T2] [FINAL: W2T2]
		Images\MRH_X_20150624_052425_113.img [no cloud data W1T1] [FINAL: W1T1]
		Images\MRH_X_20150624_052735_114.img [no cloud data W1T1] [FINAL: W1T1]
		Images\MRH_X_20150624_053044_115.img [no cloud data W1T1] [FINAL: W1T1]
		Images\MRH_X_20150624_053353_116.img [no cloud data W1T1] [FINAL: W1T1]
		Images\MRH_X_20150624_053701_117.img [no cloud data W1T1] [FINAL: W1T1]
		Images\MRH_X_20150624_054009_118.img [no cloud data W1T1] [FINAL: W1T1]
		Images\MRH_X_20150624_054317_119.img [no cloud data W1T1] [FINAL: W1T1]
		Images\MRH_X_20150624_054714_120.img [no cloud data W1T1] [FINAL: W1T1]
		Images\MRH_X_20150624_055025_121.img [no cloud data W1T1] [sigma_T large: W2T2] [FINAL: W2T2]
		Images\MRH_X_20150624_055334_122.img [no cloud data W1T1] [sigma_T large: W2T2] [FINAL: W2T2]
		Images\MRH_X_20150624_055643_123.img [no cloud data W1T1] [FINAL: W1T1]
		Images\MRH_X_20150624_055953_124.img [no cloud data W1T1] [FINAL: W1T1]
		Images\MRH_X_20150624_060302_125.img [no cloud data W1T1] [FINAL: W1T1]
		Images\MRH_X_20150624_060611_126.img [no cloud data W1T1] [FINAL: W1T1]
		Images\MRH_X_20150624_060919_127.img [no cloud data W1T1] [FINAL: W1T1]
		Images\MRH_X_20150624_061227_128.img [no cloud data W1T1] [FINAL: W1T1]
		Images\MRH_X_20150624_061535_129.img [no cloud data W1T1] [FINAL: W1T1]
		Images\MRH_X_20150624_061931_130.img [no cloud data W1T1] [FINAL: W1T1]
		Images\MRH_X_20150624_062243_131.img [no cloud data W1T1] [FINAL: W1T1]
		Images\MRH_X_20150624_062552_132.img [no cloud data W1T1] [FINAL: W1T1]
		Images\MRH_X_20150624_062901_133.img [no cloud data W1T1] [FINAL: W1T1]
		Images\MRH_X_20150624_063211_134.img [no cloud data W1T1] [FINAL: W1T1]
		Images\MRH_X_20150624_063520_135.img [no cloud data W1T1] [FINAL: W1T1]
		Images\MRH_X_20150624_063829_136.img [no cloud data W1T1] [FINAL: W1T1]
		Images\MRH_X_20150624_064137_137.img [no cloud data W1T1] [FINAL: W1T1]
		Images\MRH_X_20150624_064445_138.img [no cloud data W1T1] [FINAL: W1T1]
		Images\MRH_X_20150624_064753_139.img [no cloud data W1T1] [FINAL: W1T1]
		Images\MRH_X_20150624_065150_140.img [no cloud data W1T1] [FINAL: W1T1]
		Images\MRH_X_20150624_065501_141.img [no cloud data W1T1] [FINAL: W1T1]
		Images\MRH_X_20150624_065810_142.img [no cloud data W1T1] [sigma_T large: W2T2] [FINAL: W2T2]
		Images\MRH_X_20150624_070119_143.img [no cloud data W1T1] [FINAL: W1T1]
		Images\MRH_X_20150624_070429_144.img [no cloud data W1T1] [FINAL: W1T1]
		Images\MRH_X_20150624_070738_145.img [no cloud data W1T1] [FINAL: W1T1]
		Images\MRH_X_20150624_071047_146.img [no cloud data W1T1] [FINAL: W1T1]
		Images\MRH_X_20150624_071355_147.img [no cloud data W1T1] [FINAL: W1T1]
		Images\MRH_X_20150624_071703_148.img [no cloud data W1T1] [FINAL: W1T1]
		Images\MRH_X_20150624_072011_149.img [no cloud data W1T1] [FINAL: W1T1]
		Images\MRH_X_20150624_072407_150.img [no cloud data W1T1] [FINAL: W1T1]
		Images\MRH_X_20150624_072718_151.img [no cloud data W1T1] [FINAL: W1T1]
		Images\MRH_X_20150624_073027_152.img [no cloud data W1T1] [sigma_T large: W2T2] [FINAL: W2T2]
		Images\MRH_X_20150624_073336_153.img [no cloud data W1T1] [FINAL: W1T1]
		Images\MRH_X_20150624_073646_154.img [no cloud data W1T1] [FINAL: W1T1]
		Images\MRH_X_20150624_073955_155.img [no cloud data W1T1] [FINAL: W1T1]
		Images\MRH_X_20150624_074304_156.img [no cloud data W1T1] [FINAL: W1T1]
		Images\MRH_X_20150624_074612_157.img [no cloud data W1T1] [FINAL: W1T1]
		Images\MRH_X_20150624_074920_158.img [no cloud data W1T1] [FINAL: W1T1]
		Images\MRH_X_20150624_075229_159.img [no cloud data W1T1] [FINAL: W1T1]
		Images\MRH_X_20150624_075624_160.img [no cloud data W1T1] [FINAL: W1T1]
		Images\MRH_X_20150624_075936_161.img [no cloud data W1T1] [FINAL: W1T1]
		Images\MRH_X_20150624_080245_162.img [no cloud data W1T1] [FINAL: W1T1]
		Images\MRH_X_20150624_080554_163.img [no cloud data W1T1] [FINAL: W1T1]
		Images\MRH_X_20150624_080904_164.img [no cloud data W1T1] [FINAL: W1T1]
		Images\MRH_X_20150624_081213_165.img [no cloud data W1T1] [FINAL: W1T1]
		Images\MRH_X_20150624_081522_166.img [no cloud data W1T1] [FINAL: W1T1]
		Images\MRH_X_20150624_081830_167.img [no cloud data W1T1] [FINAL: W1T1]
		Images\MRH_X_20150624_082138_168.img [no cloud data W1T1] [FINAL: W1T1]
		Images\MRH_X_20150624_082446_169.img [no cloud data W1T1] [FINAL: W1T1]
		Images\MRH_X_20150624_082842_170.img [no cloud data W1T1] [FINAL: W1T1]
		Images\MRH_X_20150624_083153_171.img [no cloud data W1T1] [FINAL: W1T1]
		Images\MRH_X_20150624_083502_172.img [no cloud data W1T1] [FINAL: W1T1]
		Images\MRH_X_20150624_083812_173.img [no cloud data W1T1] [FINAL: W1T1]
		Images\MRH_X_20150624_084121_174.img [no cloud data W1T1] [FINAL: W1T1]
		Images\MRH_X_20150624_084431_175.img [no cloud data W1T1] [FINAL: W1T1]
		Images\MRH_X_20150624_084740_176.img [no cloud data W1T1] [FINAL: W1T1]
		Images\MRH_X_20150624_085048_177.img [no cloud data W1T1] [FINAL: W1T1]
		Images\MRH_X_20150624_085356_178.img [no cloud data W1T1] [FINAL: W1T1]
		Images\MRH_X_20150624_085704_179.img [no cloud data W1T1] [FINAL: W1T1]
		Images\MRH_X_20150624_090100_180.img [no cloud data W1T1] [FINAL: W1T1]
		Images\MRH_X_20150624_090411_181.img [no cloud data W1T1] [FINAL: W1T1]
		Images\MRH_X_20150624_090720_182.img [no cloud data W1T1] [FINAL: W1T1]
		Images\MRH_X_20150624_091029_183.img [no cloud data W1T1] [FINAL: W1T1]
		Images\MRH_X_20150624_091339_184.img [no cloud data W1T1] [FINAL: W1T1]
		Images\MRH_X_20150624_091648_185.img [no cloud data W1T1] [FINAL: W1T1]
		Images\MRH_X_20150624_091957_186.img [no cloud data W1T1] [FINAL: W1T1]
		Images\MRH_X_20150624_092305_187.img [no cloud data W1T1] [FINAL: W1T1]
		Images\MRH_X_20150624_092613_188.img [no cloud data W1T1] [FINAL: W1T1]
		Images\MRH_X_20150624_092922_189.img [no cloud data W1T1] [FINAL: W1T1]
		Images\MRH_X_20150624_093318_190.img [no cloud data W1T1] [FINAL: W1T1]
		Images\MRH_X_20150624_093629_191.img [no cloud data W1T1] [FINAL: W1T1]
		Images\MRH_X_20150624_093938_192.img [no cloud data W1T1] [FINAL: W1T1]
		Images\MRH_X_20150624_094248_193.img [no cloud data W1T1] [FINAL: W1T1]
		Images\MRH_X_20150624_094557_194.img [no cloud data W1T1] [FINAL: W1T1]
		Images\MRH_X_20150624_094906_195.img [no cloud data W1T1] [FINAL: W1T1]
		Images\MRH_X_20150624_095216_196.img [no cloud data W1T1] [FINAL: W1T1]
		Images\MRH_X_20150624_095524_197.img [no cloud data W1T1] [FINAL: W1T1]
		Images\MRH_X_20150624_095832_198.img [no cloud data W1T1] [FINAL: W1T1]
		Images\MRH_X_20150624_100140_199.img [no cloud data W1T1] [FINAL: W1T1]
		Images\MRH_X_20150624_100536_200.img [no cloud data W1T1] [FINAL: W1T1]
		Images\MRH_X_20150624_100847_201.img [no cloud data W1T1] [FINAL: W1T1]
		Images\MRH_X_20150624_101156_202.img [no cloud data W1T1] [FINAL: W1T1]
		Images\MRH_X_20150624_101505_203.img [no cloud data W1T1] [FINAL: W1T1]
		Images\MRH_X_20150624_101815_204.img [no cloud data W1T1] [FINAL: W1T1]
		Images\MRH_X_20150624_102124_205.img [no cloud data W1T1] [FINAL: W1T1]
		Images\MRH_X_20150624_102433_206.img [no cloud data W1T1] [FINAL: W1T1]
		Images\MRH_X_20150624_102742_207.img [no cloud data W1T1] [FINAL: W1T1]
		Images\MRH_X_20150624_103050_208.img [no cloud data W1T1] [FINAL: W1T1]
		Images\MRH_X_20150624_103357_209.img [no cloud data W1T1] [FINAL: W1T1]
		Images\MRH_X_20150624_103754_210.img [no cloud data W1T1] [FINAL: W1T1]
		Images\MRH_X_20150624_104105_211.img [no cloud data W1T1] [FINAL: W1T1]
		Images\MRH_X_20150624_104414_212.img [no cloud data W1T1] [FINAL: W1T1]
04/08/2021 02:42:38 AM: Results saved to results/minime90_mrh_20150623.npz
