04/08/2021 01:21:54 AM: Logfile Created
04/08/2021 01:21:54 AM: Sun up during minime90/mrh/2015/20150620/Images\MRH_L_20150620_231443_001.img. Ignoring this image...
04/08/2021 01:21:55 AM: minime90/mrh/2015/20150620/Images\MRH_L_20150620_235113_002.img center: 257.51, 254.62
04/08/2021 01:21:55 AM: minime90/mrh/2015/20150620/Images\MRH_L_20150621_002331_003.img center: 257.53, 254.59
04/08/2021 01:21:55 AM: minime90/mrh/2015/20150620/Images\MRH_L_20150621_005549_004.img center: 257.44, 254.61
04/08/2021 01:21:56 AM: minime90/mrh/2015/20150620/Images\MRH_L_20150621_012807_005.img center: 257.51, 254.62
04/08/2021 01:21:56 AM: minime90/mrh/2015/20150620/Images\MRH_L_20150621_020025_006.img center: 257.45, 254.61
04/08/2021 01:21:56 AM: minime90/mrh/2015/20150620/Images\MRH_L_20150621_023243_007.img center: 257.45, 254.64
04/08/2021 01:21:56 AM: minime90/mrh/2015/20150620/Images\MRH_L_20150621_030501_008.img center: 257.42, 254.63
04/08/2021 01:21:57 AM: minime90/mrh/2015/20150620/Images\MRH_L_20150621_033720_009.img center: 257.39, 254.63
04/08/2021 01:21:57 AM: minime90/mrh/2015/20150620/Images\MRH_L_20150621_040938_010.img center: 257.42, 254.61
04/08/2021 01:21:57 AM: minime90/mrh/2015/20150620/Images\MRH_L_20150621_044156_011.img center: 257.43, 254.62
04/08/2021 01:21:57 AM: minime90/mrh/2015/20150620/Images\MRH_L_20150621_051414_012.img center: 257.39, 254.61
04/08/2021 01:21:58 AM: minime90/mrh/2015/20150620/Images\MRH_L_20150621_054632_013.img center: 257.47, 254.61
04/08/2021 01:21:58 AM: minime90/mrh/2015/20150620/Images\MRH_L_20150621_061850_014.img center: 257.40, 254.61
04/08/2021 01:21:58 AM: minime90/mrh/2015/20150620/Images\MRH_L_20150621_065108_015.img center: 257.43, 254.65
04/08/2021 01:21:58 AM: minime90/mrh/2015/20150620/Images\MRH_L_20150621_072326_016.img center: 257.41, 254.62
04/08/2021 01:21:59 AM: minime90/mrh/2015/20150620/Images\MRH_L_20150621_075544_017.img center: 257.40, 254.63
04/08/2021 01:21:59 AM: minime90/mrh/2015/20150620/Images\MRH_L_20150621_082802_018.img center: 257.38, 254.65
04/08/2021 01:21:59 AM: minime90/mrh/2015/20150620/Images\MRH_L_20150621_090019_019.img center: 257.42, 254.66
04/08/2021 01:21:59 AM: minime90/mrh/2015/20150620/Images\MRH_L_20150621_093237_020.img center: 257.41, 254.64
04/08/2021 01:22:00 AM: minime90/mrh/2015/20150620/Images\MRH_L_20150621_100455_021.img center: 257.40, 254.64
04/08/2021 01:22:00 AM: minime90/mrh/2015/20150620/Images\MRH_L_20150621_103713_022.img center: 257.43, 254.62
04/08/2021 01:22:00 AM: minime90/mrh/2015/20150620/Images\MRH_L_20150621_104734_212.img center: 257.41, 254.64
04/08/2021 01:22:03 AM: minime90/mrh/2015/20150620/Images\MRH_L_20150620_235113_002.img reduced chisqr: 4.4202
04/08/2021 01:22:06 AM: minime90/mrh/2015/20150620/Images\MRH_L_20150621_002331_003.img reduced chisqr: 5.0032
04/08/2021 01:22:09 AM: minime90/mrh/2015/20150620/Images\MRH_L_20150621_005549_004.img reduced chisqr: 4.1284
04/08/2021 01:22:11 AM: minime90/mrh/2015/20150620/Images\MRH_L_20150621_012807_005.img reduced chisqr: 5.6658
04/08/2021 01:22:14 AM: minime90/mrh/2015/20150620/Images\MRH_L_20150621_020025_006.img reduced chisqr: 4.4697
04/08/2021 01:22:17 AM: minime90/mrh/2015/20150620/Images\MRH_L_20150621_023243_007.img reduced chisqr: 4.4968
04/08/2021 01:22:20 AM: minime90/mrh/2015/20150620/Images\MRH_L_20150621_030501_008.img reduced chisqr: 4.7429
04/08/2021 01:22:22 AM: minime90/mrh/2015/20150620/Images\MRH_L_20150621_033720_009.img reduced chisqr: 5.4656
04/08/2021 01:22:25 AM: minime90/mrh/2015/20150620/Images\MRH_L_20150621_040938_010.img reduced chisqr: 5.9830
04/08/2021 01:22:28 AM: minime90/mrh/2015/20150620/Images\MRH_L_20150621_044156_011.img reduced chisqr: 5.5834
04/08/2021 01:22:31 AM: minime90/mrh/2015/20150620/Images\MRH_L_20150621_051414_012.img reduced chisqr: 5.7129
04/08/2021 01:22:34 AM: minime90/mrh/2015/20150620/Images\MRH_L_20150621_054632_013.img reduced chisqr: 4.5102
04/08/2021 01:22:37 AM: minime90/mrh/2015/20150620/Images\MRH_L_20150621_061850_014.img reduced chisqr: 4.6374
04/08/2021 01:22:39 AM: minime90/mrh/2015/20150620/Images\MRH_L_20150621_065108_015.img reduced chisqr: 6.0680
04/08/2021 01:22:42 AM: minime90/mrh/2015/20150620/Images\MRH_L_20150621_072326_016.img reduced chisqr: 4.8125
04/08/2021 01:22:45 AM: minime90/mrh/2015/20150620/Images\MRH_L_20150621_075544_017.img reduced chisqr: 5.6948
04/08/2021 01:22:48 AM: minime90/mrh/2015/20150620/Images\MRH_L_20150621_082802_018.img reduced chisqr: 4.5658
04/08/2021 01:22:50 AM: minime90/mrh/2015/20150620/Images\MRH_L_20150621_090019_019.img reduced chisqr: 4.9176
04/08/2021 01:22:53 AM: minime90/mrh/2015/20150620/Images\MRH_L_20150621_093237_020.img reduced chisqr: 4.6394
04/08/2021 01:22:56 AM: minime90/mrh/2015/20150620/Images\MRH_L_20150621_100455_021.img reduced chisqr: 5.1328
04/08/2021 01:22:59 AM: minime90/mrh/2015/20150620/Images\MRH_L_20150621_103713_022.img reduced chisqr: 4.0627
04/08/2021 01:23:01 AM: minime90/mrh/2015/20150620/Images\MRH_L_20150621_104734_212.img reduced chisqr: 4.6216
04/08/2021 01:23:01 AM: minime90/mrh/2015/20150620/Images\MRH_X_20150620_232247_001.img not bounded by laser images. Ignoring this image...
04/08/2021 01:23:01 AM: minime90/mrh/2015/20150620/Images\MRH_X_20150620_232557_002.img not bounded by laser images. Ignoring this image...
04/08/2021 01:23:01 AM: minime90/mrh/2015/20150620/Images\MRH_X_20150620_232906_003.img not bounded by laser images. Ignoring this image...
04/08/2021 01:23:01 AM: minime90/mrh/2015/20150620/Images\MRH_X_20150620_233216_004.img not bounded by laser images. Ignoring this image...
04/08/2021 01:23:01 AM: minime90/mrh/2015/20150620/Images\MRH_X_20150620_233525_005.img not bounded by laser images. Ignoring this image...
04/08/2021 01:23:01 AM: minime90/mrh/2015/20150620/Images\MRH_X_20150620_233834_006.img not bounded by laser images. Ignoring this image...
04/08/2021 01:23:01 AM: minime90/mrh/2015/20150620/Images\MRH_X_20150620_234142_007.img not bounded by laser images. Ignoring this image...
04/08/2021 01:23:01 AM: minime90/mrh/2015/20150620/Images\MRH_X_20150620_234450_008.img not bounded by laser images. Ignoring this image...
04/08/2021 01:23:01 AM: minime90/mrh/2015/20150620/Images\MRH_X_20150620_234758_009.img not bounded by laser images. Ignoring this image...
04/08/2021 01:23:01 AM: minime90/mrh/2015/20150620/Images\MRH_X_20150621_000743_015.img is looking too close to the moon (20.7 deg). Ignoring this image...
04/08/2021 01:23:01 AM: minime90/mrh/2015/20150620/Images\MRH_X_20150621_001052_016.img is looking too close to the moon (21.5 deg). Ignoring this image...
04/08/2021 01:23:01 AM: minime90/mrh/2015/20150620/Images\MRH_X_20150621_001400_017.img is looking too close to the moon (22.2 deg). Ignoring this image...
04/08/2021 01:23:01 AM: minime90/mrh/2015/20150620/Images\MRH_X_20150621_001708_018.img is looking too close to the moon (22.9 deg). Ignoring this image...
04/08/2021 01:23:01 AM: minime90/mrh/2015/20150620/Images\MRH_X_20150621_002016_019.img is looking too close to the moon (23.6 deg). Ignoring this image...
04/08/2021 01:23:01 AM: minime90/mrh/2015/20150620/Images\MRH_X_20150621_004001_025.img is looking too close to the moon (24.2 deg). Ignoring this image...
04/08/2021 01:23:01 AM: minime90/mrh/2015/20150620/Images\MRH_X_20150621_004310_026.img is looking too close to the moon (28.6 deg). Ignoring this image...
04/08/2021 01:23:01 AM: minime90/mrh/2015/20150620/Images\MRH_X_20150621_004618_027.img is looking too close to the moon (29.3 deg). Ignoring this image...
04/08/2021 01:23:01 AM: minime90/mrh/2015/20150620/Images\MRH_X_20150621_004926_028.img is looking too close to the moon (30.0 deg). Ignoring this image...
04/08/2021 01:23:01 AM: minime90/mrh/2015/20150620/Images\MRH_X_20150621_005234_029.img is looking too close to the moon (30.7 deg). Ignoring this image...
04/08/2021 01:23:02 AM: minime90/mrh/2015/20150620/Images\MRH_X_20150621_011219_035.img is looking too close to the moon (29.4 deg). Ignoring this image...
04/08/2021 01:23:02 AM: minime90/mrh/2015/20150620/Images\MRH_X_20150621_011528_036.img is looking too close to the moon (35.9 deg). Ignoring this image...
04/08/2021 01:23:02 AM: minime90/mrh/2015/20150620/Images\MRH_X_20150621_011836_037.img is looking too close to the moon (36.6 deg). Ignoring this image...
04/08/2021 01:23:02 AM: minime90/mrh/2015/20150620/Images\MRH_X_20150621_014437_045.img is looking too close to the moon (35.5 deg). Ignoring this image...
04/08/2021 01:23:08 AM: minime90/mrh/2015/20150620/Images\MRH_X_20150620_235155_010.img reduced chisqr: 1.0818.
			Message:"Tolerance seems to be too small."
04/08/2021 01:23:15 AM: minime90/mrh/2015/20150620/Images\MRH_X_20150620_235506_011.img reduced chisqr: 1.2154.
			Message:"Tolerance seems to be too small."
04/08/2021 01:23:21 AM: minime90/mrh/2015/20150620/Images\MRH_X_20150620_235815_012.img reduced chisqr: 1.1262.
			Message:"Tolerance seems to be too small."
04/08/2021 01:23:28 AM: minime90/mrh/2015/20150620/Images\MRH_X_20150621_000124_013.img reduced chisqr: 1.4609.
			Message:"Tolerance seems to be too small."
04/08/2021 01:23:34 AM: minime90/mrh/2015/20150620/Images\MRH_X_20150621_000434_014.img reduced chisqr: 1.1588.
			Message:"Tolerance seems to be too small."
04/08/2021 01:23:41 AM: minime90/mrh/2015/20150620/Images\MRH_X_20150621_002412_020.img reduced chisqr: 1.2852.
			Message:"Tolerance seems to be too small."
04/08/2021 01:23:47 AM: minime90/mrh/2015/20150620/Images\MRH_X_20150621_002724_021.img reduced chisqr: 1.2415.
			Message:"Tolerance seems to be too small."
04/08/2021 01:23:53 AM: minime90/mrh/2015/20150620/Images\MRH_X_20150621_003033_022.img reduced chisqr: 1.2097.
			Message:"Tolerance seems to be too small."
04/08/2021 01:24:00 AM: minime90/mrh/2015/20150620/Images\MRH_X_20150621_003342_023.img reduced chisqr: 1.1962.
			Message:"Tolerance seems to be too small."
04/08/2021 01:24:06 AM: minime90/mrh/2015/20150620/Images\MRH_X_20150621_003652_024.img reduced chisqr: 1.2539.
			Message:"Tolerance seems to be too small."
04/08/2021 01:24:13 AM: minime90/mrh/2015/20150620/Images\MRH_X_20150621_005630_030.img reduced chisqr: 1.2445.
			Message:"Tolerance seems to be too small."
04/08/2021 01:24:19 AM: minime90/mrh/2015/20150620/Images\MRH_X_20150621_005942_031.img reduced chisqr: 1.3196.
			Message:"Tolerance seems to be too small."
04/08/2021 01:24:26 AM: minime90/mrh/2015/20150620/Images\MRH_X_20150621_010251_032.img reduced chisqr: 1.2593.
			Message:"Tolerance seems to be too small."
04/08/2021 01:24:32 AM: minime90/mrh/2015/20150620/Images\MRH_X_20150621_010600_033.img reduced chisqr: 1.1375.
			Message:"Tolerance seems to be too small."
04/08/2021 01:24:38 AM: minime90/mrh/2015/20150620/Images\MRH_X_20150621_010910_034.img reduced chisqr: 1.3763.
			Message:"Tolerance seems to be too small."
04/08/2021 01:24:45 AM: minime90/mrh/2015/20150620/Images\MRH_X_20150621_012144_038.img reduced chisqr: 1.2095.
			Message:"Tolerance seems to be too small."
04/08/2021 01:24:51 AM: minime90/mrh/2015/20150620/Images\MRH_X_20150621_012452_039.img reduced chisqr: 1.1543.
			Message:"Tolerance seems to be too small."
04/08/2021 01:24:58 AM: minime90/mrh/2015/20150620/Images\MRH_X_20150621_012848_040.img reduced chisqr: 1.6554.
			Message:"Tolerance seems to be too small."
04/08/2021 01:25:04 AM: minime90/mrh/2015/20150620/Images\MRH_X_20150621_013200_041.img reduced chisqr: 1.4667.
			Message:"Tolerance seems to be too small."
04/08/2021 01:25:10 AM: minime90/mrh/2015/20150620/Images\MRH_X_20150621_013509_042.img reduced chisqr: 1.2671.
			Message:"Tolerance seems to be too small."
04/08/2021 01:25:17 AM: minime90/mrh/2015/20150620/Images\MRH_X_20150621_013818_043.img reduced chisqr: 1.3463.
			Message:"Tolerance seems to be too small."
04/08/2021 01:25:23 AM: minime90/mrh/2015/20150620/Images\MRH_X_20150621_014128_044.img reduced chisqr: 1.5450.
			Message:"Tolerance seems to be too small."
04/08/2021 01:25:29 AM: minime90/mrh/2015/20150620/Images\MRH_X_20150621_014746_046.img reduced chisqr: 1.1768.
			Message:"Tolerance seems to be too small."
04/08/2021 01:25:36 AM: minime90/mrh/2015/20150620/Images\MRH_X_20150621_015054_047.img reduced chisqr: 1.4068.
			Message:"Tolerance seems to be too small."
04/08/2021 01:25:42 AM: minime90/mrh/2015/20150620/Images\MRH_X_20150621_015402_048.img reduced chisqr: 1.4225.
			Message:"Tolerance seems to be too small."
04/08/2021 01:25:48 AM: minime90/mrh/2015/20150620/Images\MRH_X_20150621_015710_049.img reduced chisqr: 1.3131.
			Message:"Tolerance seems to be too small."
04/08/2021 01:25:55 AM: minime90/mrh/2015/20150620/Images\MRH_X_20150621_020106_050.img reduced chisqr: 1.6444.
			Message:"Tolerance seems to be too small."
04/08/2021 01:26:01 AM: minime90/mrh/2015/20150620/Images\MRH_X_20150621_020418_051.img reduced chisqr: 1.3283.
			Message:"Tolerance seems to be too small."
04/08/2021 01:26:08 AM: minime90/mrh/2015/20150620/Images\MRH_X_20150621_020727_052.img reduced chisqr: 1.3838.
			Message:"Tolerance seems to be too small."
04/08/2021 01:26:14 AM: minime90/mrh/2015/20150620/Images\MRH_X_20150621_021036_053.img reduced chisqr: 1.2694.
			Message:"Tolerance seems to be too small."
04/08/2021 01:26:20 AM: minime90/mrh/2015/20150620/Images\MRH_X_20150621_021346_054.img reduced chisqr: 1.6005.
			Message:"Tolerance seems to be too small."
04/08/2021 01:26:27 AM: minime90/mrh/2015/20150620/Images\MRH_X_20150621_021655_055.img reduced chisqr: 1.3685.
			Message:"Tolerance seems to be too small."
04/08/2021 01:26:33 AM: minime90/mrh/2015/20150620/Images\MRH_X_20150621_022004_056.img reduced chisqr: 1.3157.
			Message:"Tolerance seems to be too small."
04/08/2021 01:26:40 AM: minime90/mrh/2015/20150620/Images\MRH_X_20150621_022312_057.img reduced chisqr: 1.5661.
			Message:"Tolerance seems to be too small."
04/08/2021 01:26:46 AM: minime90/mrh/2015/20150620/Images\MRH_X_20150621_022620_058.img reduced chisqr: 1.3434.
			Message:"Tolerance seems to be too small."
04/08/2021 01:26:52 AM: minime90/mrh/2015/20150620/Images\MRH_X_20150621_022928_059.img reduced chisqr: 1.4028.
			Message:"Tolerance seems to be too small."
04/08/2021 01:26:59 AM: minime90/mrh/2015/20150620/Images\MRH_X_20150621_023324_060.img reduced chisqr: 1.4959.
			Message:"Tolerance seems to be too small."
04/08/2021 01:27:05 AM: minime90/mrh/2015/20150620/Images\MRH_X_20150621_023636_061.img reduced chisqr: 1.2667.
			Message:"Tolerance seems to be too small."
04/08/2021 01:27:12 AM: minime90/mrh/2015/20150620/Images\MRH_X_20150621_023945_062.img reduced chisqr: 1.2259.
			Message:"Tolerance seems to be too small."
04/08/2021 01:27:18 AM: minime90/mrh/2015/20150620/Images\MRH_X_20150621_024254_063.img reduced chisqr: 1.4409.
			Message:"Tolerance seems to be too small."
04/08/2021 01:27:24 AM: minime90/mrh/2015/20150620/Images\MRH_X_20150621_024604_064.img reduced chisqr: 1.4270.
			Message:"Tolerance seems to be too small."
04/08/2021 01:27:31 AM: minime90/mrh/2015/20150620/Images\MRH_X_20150621_024913_065.img reduced chisqr: 1.6328.
			Message:"Tolerance seems to be too small."
04/08/2021 01:27:37 AM: minime90/mrh/2015/20150620/Images\MRH_X_20150621_025222_066.img reduced chisqr: 1.4750.
			Message:"Tolerance seems to be too small."
04/08/2021 01:27:44 AM: minime90/mrh/2015/20150620/Images\MRH_X_20150621_025530_067.img reduced chisqr: 1.3529.
			Message:"Tolerance seems to be too small."
04/08/2021 01:27:50 AM: minime90/mrh/2015/20150620/Images\MRH_X_20150621_025838_068.img reduced chisqr: 1.5526.
			Message:"Tolerance seems to be too small."
04/08/2021 01:27:56 AM: minime90/mrh/2015/20150620/Images\MRH_X_20150621_030146_069.img reduced chisqr: 1.2004.
			Message:"Tolerance seems to be too small."
04/08/2021 01:28:03 AM: minime90/mrh/2015/20150620/Images\MRH_X_20150621_030542_070.img reduced chisqr: 1.6012.
			Message:"Tolerance seems to be too small."
04/08/2021 01:28:09 AM: minime90/mrh/2015/20150620/Images\MRH_X_20150621_030854_071.img reduced chisqr: 1.3606.
			Message:"Tolerance seems to be too small."
04/08/2021 01:28:15 AM: minime90/mrh/2015/20150620/Images\MRH_X_20150621_031203_072.img reduced chisqr: 1.3083.
			Message:"Tolerance seems to be too small."
04/08/2021 01:28:22 AM: minime90/mrh/2015/20150620/Images\MRH_X_20150621_031512_073.img reduced chisqr: 1.3754.
			Message:"Tolerance seems to be too small."
04/08/2021 01:28:28 AM: minime90/mrh/2015/20150620/Images\MRH_X_20150621_031822_074.img reduced chisqr: 1.5363.
			Message:"Tolerance seems to be too small."
04/08/2021 01:28:35 AM: minime90/mrh/2015/20150620/Images\MRH_X_20150621_032131_075.img reduced chisqr: 1.7640.
			Message:"Tolerance seems to be too small."
04/08/2021 01:28:41 AM: minime90/mrh/2015/20150620/Images\MRH_X_20150621_032440_076.img reduced chisqr: 1.5535.
			Message:"Tolerance seems to be too small."
04/08/2021 01:28:47 AM: minime90/mrh/2015/20150620/Images\MRH_X_20150621_032748_077.img reduced chisqr: 1.5466.
			Message:"Tolerance seems to be too small."
04/08/2021 01:28:54 AM: minime90/mrh/2015/20150620/Images\MRH_X_20150621_033056_078.img reduced chisqr: 1.7734.
			Message:"Tolerance seems to be too small."
04/08/2021 01:29:00 AM: minime90/mrh/2015/20150620/Images\MRH_X_20150621_033404_079.img reduced chisqr: 1.4880.
			Message:"Tolerance seems to be too small."
04/08/2021 01:29:06 AM: minime90/mrh/2015/20150620/Images\MRH_X_20150621_033801_080.img reduced chisqr: 1.7747.
			Message:"Tolerance seems to be too small."
04/08/2021 01:29:12 AM: minime90/mrh/2015/20150620/Images\MRH_X_20150621_034112_081.img reduced chisqr: 1.7069.
			Message:"Tolerance seems to be too small."
04/08/2021 01:29:19 AM: minime90/mrh/2015/20150620/Images\MRH_X_20150621_034421_082.img reduced chisqr: 1.2443.
			Message:"Tolerance seems to be too small."
04/08/2021 01:29:25 AM: minime90/mrh/2015/20150620/Images\MRH_X_20150621_034731_083.img reduced chisqr: 1.3140.
			Message:"Tolerance seems to be too small."
04/08/2021 01:29:31 AM: minime90/mrh/2015/20150620/Images\MRH_X_20150621_035040_084.img reduced chisqr: 1.3913.
			Message:"Tolerance seems to be too small."
04/08/2021 01:29:38 AM: minime90/mrh/2015/20150620/Images\MRH_X_20150621_035349_085.img reduced chisqr: 1.6566.
			Message:"Tolerance seems to be too small."
04/08/2021 01:29:44 AM: minime90/mrh/2015/20150620/Images\MRH_X_20150621_035659_086.img reduced chisqr: 1.7339.
			Message:"Tolerance seems to be too small."
04/08/2021 01:29:50 AM: minime90/mrh/2015/20150620/Images\MRH_X_20150621_040007_087.img reduced chisqr: 1.6009.
			Message:"Tolerance seems to be too small."
04/08/2021 01:29:56 AM: minime90/mrh/2015/20150620/Images\MRH_X_20150621_040315_088.img reduced chisqr: 1.3725.
			Message:"Tolerance seems to be too small."
04/08/2021 01:30:03 AM: minime90/mrh/2015/20150620/Images\MRH_X_20150621_040623_089.img reduced chisqr: 1.3979.
			Message:"Tolerance seems to be too small."
04/08/2021 01:30:09 AM: minime90/mrh/2015/20150620/Images\MRH_X_20150621_041019_090.img reduced chisqr: 1.6469.
			Message:"Tolerance seems to be too small."
04/08/2021 01:30:15 AM: minime90/mrh/2015/20150620/Images\MRH_X_20150621_041330_091.img reduced chisqr: 1.3786.
			Message:"Tolerance seems to be too small."
04/08/2021 01:30:21 AM: minime90/mrh/2015/20150620/Images\MRH_X_20150621_041639_092.img reduced chisqr: 1.5396.
			Message:"Tolerance seems to be too small."
04/08/2021 01:30:28 AM: minime90/mrh/2015/20150620/Images\MRH_X_20150621_041949_093.img reduced chisqr: 1.3241.
			Message:"Tolerance seems to be too small."
04/08/2021 01:30:34 AM: minime90/mrh/2015/20150620/Images\MRH_X_20150621_042258_094.img reduced chisqr: 1.6414.
			Message:"Tolerance seems to be too small."
04/08/2021 01:30:40 AM: minime90/mrh/2015/20150620/Images\MRH_X_20150621_042607_095.img reduced chisqr: 1.5607.
			Message:"Tolerance seems to be too small."
04/08/2021 01:30:47 AM: minime90/mrh/2015/20150620/Images\MRH_X_20150621_042917_096.img reduced chisqr: 1.6840.
			Message:"Tolerance seems to be too small."
04/08/2021 01:30:53 AM: minime90/mrh/2015/20150620/Images\MRH_X_20150621_043225_097.img reduced chisqr: 1.5985.
			Message:"Tolerance seems to be too small."
04/08/2021 01:30:59 AM: minime90/mrh/2015/20150620/Images\MRH_X_20150621_043533_098.img reduced chisqr: 1.3831.
			Message:"Tolerance seems to be too small."
04/08/2021 01:31:06 AM: minime90/mrh/2015/20150620/Images\MRH_X_20150621_043841_099.img reduced chisqr: 1.4817.
			Message:"Tolerance seems to be too small."
04/08/2021 01:31:12 AM: minime90/mrh/2015/20150620/Images\MRH_X_20150621_044237_100.img reduced chisqr: 1.3334.
			Message:"Tolerance seems to be too small."
04/08/2021 01:31:18 AM: minime90/mrh/2015/20150620/Images\MRH_X_20150621_044548_101.img reduced chisqr: 1.3946.
			Message:"Tolerance seems to be too small."
04/08/2021 01:31:25 AM: minime90/mrh/2015/20150620/Images\MRH_X_20150621_044858_102.img reduced chisqr: 1.3389.
			Message:"Tolerance seems to be too small."
04/08/2021 01:31:31 AM: minime90/mrh/2015/20150620/Images\MRH_X_20150621_045207_103.img reduced chisqr: 1.6979.
			Message:"Tolerance seems to be too small."
04/08/2021 01:31:37 AM: minime90/mrh/2015/20150620/Images\MRH_X_20150621_045517_104.img reduced chisqr: 1.3541.
			Message:"Tolerance seems to be too small."
04/08/2021 01:31:43 AM: minime90/mrh/2015/20150620/Images\MRH_X_20150621_045826_105.img reduced chisqr: 1.4488.
			Message:"Tolerance seems to be too small."
04/08/2021 01:31:50 AM: minime90/mrh/2015/20150620/Images\MRH_X_20150621_050135_106.img reduced chisqr: 1.3131.
			Message:"Tolerance seems to be too small."
04/08/2021 01:31:56 AM: minime90/mrh/2015/20150620/Images\MRH_X_20150621_050443_107.img reduced chisqr: 1.4405.
			Message:"Tolerance seems to be too small."
04/08/2021 01:32:03 AM: minime90/mrh/2015/20150620/Images\MRH_X_20150621_050751_108.img reduced chisqr: 1.5391.
			Message:"Tolerance seems to be too small."
04/08/2021 01:32:09 AM: minime90/mrh/2015/20150620/Images\MRH_X_20150621_051059_109.img reduced chisqr: 1.2791.
			Message:"Tolerance seems to be too small."
04/08/2021 01:32:15 AM: minime90/mrh/2015/20150620/Images\MRH_X_20150621_051455_110.img reduced chisqr: 1.3992.
			Message:"Tolerance seems to be too small."
04/08/2021 01:32:21 AM: minime90/mrh/2015/20150620/Images\MRH_X_20150621_051806_111.img reduced chisqr: 1.2705.
			Message:"Tolerance seems to be too small."
04/08/2021 01:32:28 AM: minime90/mrh/2015/20150620/Images\MRH_X_20150621_052115_112.img reduced chisqr: 1.3053.
			Message:"Tolerance seems to be too small."
04/08/2021 01:32:35 AM: minime90/mrh/2015/20150620/Images\MRH_X_20150621_052424_113.img reduced chisqr: 1.2822.
			Message:"Tolerance seems to be too small."
04/08/2021 01:32:41 AM: minime90/mrh/2015/20150620/Images\MRH_X_20150621_052734_114.img reduced chisqr: 1.2722.
			Message:"Tolerance seems to be too small."
04/08/2021 01:32:48 AM: minime90/mrh/2015/20150620/Images\MRH_X_20150621_053043_115.img reduced chisqr: 1.0254.
			Message:"Tolerance seems to be too small."
04/08/2021 01:32:54 AM: minime90/mrh/2015/20150620/Images\MRH_X_20150621_053352_116.img reduced chisqr: 1.3253.
			Message:"Tolerance seems to be too small."
04/08/2021 01:33:00 AM: minime90/mrh/2015/20150620/Images\MRH_X_20150621_053701_117.img reduced chisqr: 1.2529.
			Message:"Tolerance seems to be too small."
04/08/2021 01:33:07 AM: minime90/mrh/2015/20150620/Images\MRH_X_20150621_054009_118.img reduced chisqr: 1.3425.
			Message:"Tolerance seems to be too small."
04/08/2021 01:33:13 AM: minime90/mrh/2015/20150620/Images\MRH_X_20150621_054317_119.img reduced chisqr: 1.2370.
			Message:"Tolerance seems to be too small."
04/08/2021 01:33:19 AM: minime90/mrh/2015/20150620/Images\MRH_X_20150621_054713_120.img reduced chisqr: 1.2788.
			Message:"Tolerance seems to be too small."
04/08/2021 01:33:26 AM: minime90/mrh/2015/20150620/Images\MRH_X_20150621_055024_121.img reduced chisqr: 1.1752.
			Message:"Tolerance seems to be too small."
04/08/2021 01:33:32 AM: minime90/mrh/2015/20150620/Images\MRH_X_20150621_055333_122.img reduced chisqr: 1.3823.
			Message:"Tolerance seems to be too small."
04/08/2021 01:33:39 AM: minime90/mrh/2015/20150620/Images\MRH_X_20150621_055643_123.img reduced chisqr: 1.0972.
			Message:"Tolerance seems to be too small."
04/08/2021 01:33:45 AM: minime90/mrh/2015/20150620/Images\MRH_X_20150621_055952_124.img reduced chisqr: 1.4883.
			Message:"Tolerance seems to be too small."
04/08/2021 01:33:52 AM: minime90/mrh/2015/20150620/Images\MRH_X_20150621_060301_125.img reduced chisqr: 1.1458.
			Message:"Tolerance seems to be too small."
04/08/2021 01:33:58 AM: minime90/mrh/2015/20150620/Images\MRH_X_20150621_060611_126.img reduced chisqr: 1.2774.
			Message:"Tolerance seems to be too small."
04/08/2021 01:34:05 AM: minime90/mrh/2015/20150620/Images\MRH_X_20150621_060919_127.img reduced chisqr: 1.1995.
			Message:"Tolerance seems to be too small."
04/08/2021 01:34:11 AM: minime90/mrh/2015/20150620/Images\MRH_X_20150621_061227_128.img reduced chisqr: 1.2551.
			Message:"Tolerance seems to be too small."
04/08/2021 01:34:17 AM: minime90/mrh/2015/20150620/Images\MRH_X_20150621_061535_129.img reduced chisqr: 1.2641.
			Message:"Tolerance seems to be too small."
04/08/2021 01:34:24 AM: minime90/mrh/2015/20150620/Images\MRH_X_20150621_061931_130.img reduced chisqr: 1.2010.
			Message:"Tolerance seems to be too small."
04/08/2021 01:34:30 AM: minime90/mrh/2015/20150620/Images\MRH_X_20150621_062242_131.img reduced chisqr: 1.0074.
			Message:"Tolerance seems to be too small."
04/08/2021 01:34:36 AM: minime90/mrh/2015/20150620/Images\MRH_X_20150621_062552_132.img reduced chisqr: 1.2389.
			Message:"Tolerance seems to be too small."
04/08/2021 01:34:43 AM: minime90/mrh/2015/20150620/Images\MRH_X_20150621_062901_133.img reduced chisqr: 1.2888.
			Message:"Tolerance seems to be too small."
04/08/2021 01:34:49 AM: minime90/mrh/2015/20150620/Images\MRH_X_20150621_063210_134.img reduced chisqr: 1.3394.
			Message:"Tolerance seems to be too small."
04/08/2021 01:34:55 AM: minime90/mrh/2015/20150620/Images\MRH_X_20150621_063520_135.img reduced chisqr: 1.2001.
			Message:"Tolerance seems to be too small."
04/08/2021 01:35:02 AM: minime90/mrh/2015/20150620/Images\MRH_X_20150621_063829_136.img reduced chisqr: 1.2546.
			Message:"Tolerance seems to be too small."
04/08/2021 01:35:08 AM: minime90/mrh/2015/20150620/Images\MRH_X_20150621_064137_137.img reduced chisqr: 1.2474.
			Message:"Tolerance seems to be too small."
04/08/2021 01:35:14 AM: minime90/mrh/2015/20150620/Images\MRH_X_20150621_064445_138.img reduced chisqr: 1.2317.
			Message:"Tolerance seems to be too small."
04/08/2021 01:35:21 AM: minime90/mrh/2015/20150620/Images\MRH_X_20150621_064753_139.img reduced chisqr: 1.3755.
			Message:"Tolerance seems to be too small."
04/08/2021 01:35:27 AM: minime90/mrh/2015/20150620/Images\MRH_X_20150621_065149_140.img reduced chisqr: 1.4436.
			Message:"Tolerance seems to be too small."
04/08/2021 01:35:33 AM: minime90/mrh/2015/20150620/Images\MRH_X_20150621_065501_141.img reduced chisqr: 1.1109.
			Message:"Tolerance seems to be too small."
04/08/2021 01:35:40 AM: minime90/mrh/2015/20150620/Images\MRH_X_20150621_065810_142.img reduced chisqr: 1.1776.
			Message:"Tolerance seems to be too small."
04/08/2021 01:35:46 AM: minime90/mrh/2015/20150620/Images\MRH_X_20150621_070119_143.img reduced chisqr: 1.1684.
			Message:"Tolerance seems to be too small."
04/08/2021 01:35:53 AM: minime90/mrh/2015/20150620/Images\MRH_X_20150621_070429_144.img reduced chisqr: 1.1891.
			Message:"Tolerance seems to be too small."
04/08/2021 01:35:59 AM: minime90/mrh/2015/20150620/Images\MRH_X_20150621_070738_145.img reduced chisqr: 1.1938.
			Message:"Tolerance seems to be too small."
04/08/2021 01:36:05 AM: minime90/mrh/2015/20150620/Images\MRH_X_20150621_071047_146.img reduced chisqr: 1.1460.
			Message:"Tolerance seems to be too small."
04/08/2021 01:36:12 AM: minime90/mrh/2015/20150620/Images\MRH_X_20150621_071355_147.img reduced chisqr: 1.3740.
			Message:"Tolerance seems to be too small."
04/08/2021 01:36:18 AM: minime90/mrh/2015/20150620/Images\MRH_X_20150621_071703_148.img reduced chisqr: 1.3353.
			Message:"Tolerance seems to be too small."
04/08/2021 01:36:24 AM: minime90/mrh/2015/20150620/Images\MRH_X_20150621_072011_149.img reduced chisqr: 1.2502.
			Message:"Tolerance seems to be too small."
04/08/2021 01:36:31 AM: minime90/mrh/2015/20150620/Images\MRH_X_20150621_072407_150.img reduced chisqr: 1.1503.
			Message:"Tolerance seems to be too small."
04/08/2021 01:36:37 AM: minime90/mrh/2015/20150620/Images\MRH_X_20150621_072718_151.img reduced chisqr: 1.2822.
			Message:"Tolerance seems to be too small."
04/08/2021 01:36:43 AM: minime90/mrh/2015/20150620/Images\MRH_X_20150621_073028_152.img reduced chisqr: 1.1049.
			Message:"Tolerance seems to be too small."
04/08/2021 01:36:50 AM: minime90/mrh/2015/20150620/Images\MRH_X_20150621_073337_153.img reduced chisqr: 1.3987.
			Message:"Tolerance seems to be too small."
04/08/2021 01:36:56 AM: minime90/mrh/2015/20150620/Images\MRH_X_20150621_073646_154.img reduced chisqr: 1.1409.
			Message:"Tolerance seems to be too small."
04/08/2021 01:37:03 AM: minime90/mrh/2015/20150620/Images\MRH_X_20150621_073956_155.img reduced chisqr: 1.1821.
			Message:"Tolerance seems to be too small."
04/08/2021 01:37:10 AM: minime90/mrh/2015/20150620/Images\MRH_X_20150621_074305_156.img reduced chisqr: 1.2712.
			Message:"Tolerance seems to be too small."
04/08/2021 01:37:16 AM: minime90/mrh/2015/20150620/Images\MRH_X_20150621_074613_157.img reduced chisqr: 1.1205.
			Message:"Tolerance seems to be too small."
04/08/2021 01:37:23 AM: minime90/mrh/2015/20150620/Images\MRH_X_20150621_074921_158.img reduced chisqr: 1.2198.
			Message:"Tolerance seems to be too small."
04/08/2021 01:37:29 AM: minime90/mrh/2015/20150620/Images\MRH_X_20150621_075229_159.img reduced chisqr: 1.0958.
			Message:"Tolerance seems to be too small."
04/08/2021 01:37:35 AM: minime90/mrh/2015/20150620/Images\MRH_X_20150621_075625_160.img reduced chisqr: 1.1527.
			Message:"Tolerance seems to be too small."
04/08/2021 01:37:42 AM: minime90/mrh/2015/20150620/Images\MRH_X_20150621_075936_161.img reduced chisqr: 1.0779.
			Message:"Tolerance seems to be too small."
04/08/2021 01:37:48 AM: minime90/mrh/2015/20150620/Images\MRH_X_20150621_080246_162.img reduced chisqr: 1.1678.
			Message:"Tolerance seems to be too small."
04/08/2021 01:37:55 AM: minime90/mrh/2015/20150620/Images\MRH_X_20150621_080555_163.img reduced chisqr: 1.1682.
			Message:"Tolerance seems to be too small."
04/08/2021 01:38:01 AM: minime90/mrh/2015/20150620/Images\MRH_X_20150621_080904_164.img reduced chisqr: 1.0599.
			Message:"Tolerance seems to be too small."
04/08/2021 01:38:08 AM: minime90/mrh/2015/20150620/Images\MRH_X_20150621_081213_165.img reduced chisqr: 1.0412.
			Message:"Tolerance seems to be too small."
04/08/2021 01:38:14 AM: minime90/mrh/2015/20150620/Images\MRH_X_20150621_081523_166.img reduced chisqr: 1.1488.
			Message:"Tolerance seems to be too small."
04/08/2021 01:38:21 AM: minime90/mrh/2015/20150620/Images\MRH_X_20150621_081831_167.img reduced chisqr: 1.2531.
			Message:"Tolerance seems to be too small."
04/08/2021 01:38:27 AM: minime90/mrh/2015/20150620/Images\MRH_X_20150621_082139_168.img reduced chisqr: 1.1014.
			Message:"Tolerance seems to be too small."
04/08/2021 01:38:34 AM: minime90/mrh/2015/20150620/Images\MRH_X_20150621_082447_169.img reduced chisqr: 1.2763.
			Message:"Tolerance seems to be too small."
04/08/2021 01:38:40 AM: minime90/mrh/2015/20150620/Images\MRH_X_20150621_082843_170.img reduced chisqr: 1.1472.
			Message:"Tolerance seems to be too small."
04/08/2021 01:38:47 AM: minime90/mrh/2015/20150620/Images\MRH_X_20150621_083154_171.img reduced chisqr: 1.0410.
			Message:"Tolerance seems to be too small."
04/08/2021 01:38:53 AM: minime90/mrh/2015/20150620/Images\MRH_X_20150621_083503_172.img reduced chisqr: 1.2760.
			Message:"Tolerance seems to be too small."
04/08/2021 01:39:00 AM: minime90/mrh/2015/20150620/Images\MRH_X_20150621_083812_173.img reduced chisqr: 1.0687.
			Message:"Tolerance seems to be too small."
04/08/2021 01:39:06 AM: minime90/mrh/2015/20150620/Images\MRH_X_20150621_084122_174.img reduced chisqr: 0.9551.
			Message:"Tolerance seems to be too small."
04/08/2021 01:39:13 AM: minime90/mrh/2015/20150620/Images\MRH_X_20150621_084431_175.img reduced chisqr: 1.1421.
			Message:"Tolerance seems to be too small."
04/08/2021 01:39:19 AM: minime90/mrh/2015/20150620/Images\MRH_X_20150621_084740_176.img reduced chisqr: 0.9820.
			Message:"Tolerance seems to be too small."
04/08/2021 01:39:26 AM: minime90/mrh/2015/20150620/Images\MRH_X_20150621_085048_177.img reduced chisqr: 1.1539.
			Message:"Tolerance seems to be too small."
04/08/2021 01:39:32 AM: minime90/mrh/2015/20150620/Images\MRH_X_20150621_085356_178.img reduced chisqr: 1.2569.
			Message:"Tolerance seems to be too small."
04/08/2021 01:39:39 AM: minime90/mrh/2015/20150620/Images\MRH_X_20150621_085704_179.img reduced chisqr: 1.3219.
			Message:"Tolerance seems to be too small."
04/08/2021 01:39:45 AM: minime90/mrh/2015/20150620/Images\MRH_X_20150621_090101_180.img reduced chisqr: 1.3110.
			Message:"Tolerance seems to be too small."
04/08/2021 01:39:52 AM: minime90/mrh/2015/20150620/Images\MRH_X_20150621_090412_181.img reduced chisqr: 1.1042.
			Message:"Tolerance seems to be too small."
04/08/2021 01:39:58 AM: minime90/mrh/2015/20150620/Images\MRH_X_20150621_090721_182.img reduced chisqr: 0.9192.
			Message:"Tolerance seems to be too small."
04/08/2021 01:40:05 AM: minime90/mrh/2015/20150620/Images\MRH_X_20150621_091030_183.img reduced chisqr: 1.1975.
			Message:"Tolerance seems to be too small."
04/08/2021 01:40:11 AM: minime90/mrh/2015/20150620/Images\MRH_X_20150621_091340_184.img reduced chisqr: 1.0284.
			Message:"Tolerance seems to be too small."
04/08/2021 01:40:18 AM: minime90/mrh/2015/20150620/Images\MRH_X_20150621_091649_185.img reduced chisqr: 1.2645.
			Message:"Tolerance seems to be too small."
04/08/2021 01:40:24 AM: minime90/mrh/2015/20150620/Images\MRH_X_20150621_091958_186.img reduced chisqr: 0.9984.
			Message:"Tolerance seems to be too small."
04/08/2021 01:40:30 AM: minime90/mrh/2015/20150620/Images\MRH_X_20150621_092306_187.img reduced chisqr: 0.9722.
			Message:"Tolerance seems to be too small."
04/08/2021 01:40:37 AM: minime90/mrh/2015/20150620/Images\MRH_X_20150621_092614_188.img reduced chisqr: 1.2745.
			Message:"Tolerance seems to be too small."
04/08/2021 01:40:43 AM: minime90/mrh/2015/20150620/Images\MRH_X_20150621_092922_189.img reduced chisqr: 1.2153.
			Message:"Tolerance seems to be too small."
04/08/2021 01:40:50 AM: minime90/mrh/2015/20150620/Images\MRH_X_20150621_093318_190.img reduced chisqr: 1.0723.
			Message:"Tolerance seems to be too small."
04/08/2021 01:40:56 AM: minime90/mrh/2015/20150620/Images\MRH_X_20150621_093630_191.img reduced chisqr: 1.1556.
			Message:"Tolerance seems to be too small."
04/08/2021 01:41:03 AM: minime90/mrh/2015/20150620/Images\MRH_X_20150621_093939_192.img reduced chisqr: 1.1143.
			Message:"Tolerance seems to be too small."
04/08/2021 01:41:09 AM: minime90/mrh/2015/20150620/Images\MRH_X_20150621_094248_193.img reduced chisqr: 1.0521.
			Message:"Tolerance seems to be too small."
04/08/2021 01:41:16 AM: minime90/mrh/2015/20150620/Images\MRH_X_20150621_094558_194.img reduced chisqr: 1.0358.
			Message:"Tolerance seems to be too small."
04/08/2021 01:41:22 AM: minime90/mrh/2015/20150620/Images\MRH_X_20150621_094907_195.img reduced chisqr: 1.0723.
			Message:"Tolerance seems to be too small."
04/08/2021 01:41:29 AM: minime90/mrh/2015/20150620/Images\MRH_X_20150621_095216_196.img reduced chisqr: 1.1002.
			Message:"Tolerance seems to be too small."
04/08/2021 01:41:35 AM: minime90/mrh/2015/20150620/Images\MRH_X_20150621_095524_197.img reduced chisqr: 1.0888.
			Message:"Tolerance seems to be too small."
04/08/2021 01:41:41 AM: minime90/mrh/2015/20150620/Images\MRH_X_20150621_095832_198.img reduced chisqr: 1.0866.
			Message:"Tolerance seems to be too small."
04/08/2021 01:41:48 AM: minime90/mrh/2015/20150620/Images\MRH_X_20150621_100140_199.img reduced chisqr: 0.9915.
			Message:"Tolerance seems to be too small."
04/08/2021 01:41:54 AM: minime90/mrh/2015/20150620/Images\MRH_X_20150621_100537_200.img reduced chisqr: 1.1284.
			Message:"Tolerance seems to be too small."
04/08/2021 01:42:00 AM: minime90/mrh/2015/20150620/Images\MRH_X_20150621_100848_201.img reduced chisqr: 1.0646.
			Message:"Tolerance seems to be too small."
04/08/2021 01:42:07 AM: minime90/mrh/2015/20150620/Images\MRH_X_20150621_101157_202.img reduced chisqr: 0.9935.
			Message:"Tolerance seems to be too small."
04/08/2021 01:42:13 AM: minime90/mrh/2015/20150620/Images\MRH_X_20150621_101506_203.img reduced chisqr: 1.3708.
			Message:"Tolerance seems to be too small."
04/08/2021 01:42:19 AM: minime90/mrh/2015/20150620/Images\MRH_X_20150621_101816_204.img reduced chisqr: 1.0053.
			Message:"Tolerance seems to be too small."
04/08/2021 01:42:26 AM: minime90/mrh/2015/20150620/Images\MRH_X_20150621_102125_205.img reduced chisqr: 1.0795.
			Message:"Tolerance seems to be too small."
04/08/2021 01:42:33 AM: minime90/mrh/2015/20150620/Images\MRH_X_20150621_102434_206.img reduced chisqr: 0.9459.
			Message:"Tolerance seems to be too small."
04/08/2021 01:42:39 AM: minime90/mrh/2015/20150620/Images\MRH_X_20150621_102742_207.img reduced chisqr: 1.0009.
			Message:"Tolerance seems to be too small."
04/08/2021 01:42:45 AM: minime90/mrh/2015/20150620/Images\MRH_X_20150621_103050_208.img reduced chisqr: 1.0991.
			Message:"Tolerance seems to be too small."
04/08/2021 01:42:52 AM: minime90/mrh/2015/20150620/Images\MRH_X_20150621_103358_209.img reduced chisqr: 1.1593.
			Message:"Tolerance seems to be too small."
04/08/2021 01:42:58 AM: minime90/mrh/2015/20150620/Images\MRH_X_20150621_103754_210.img reduced chisqr: 1.3391.
			Message:"Tolerance seems to be too small."
04/08/2021 01:43:05 AM: minime90/mrh/2015/20150620/Images\MRH_X_20150621_104106_211.img reduced chisqr: 1.5118.
			Message:"Tolerance seems to be too small."
04/08/2021 01:43:11 AM: minime90/mrh/2015/20150620/Images\MRH_X_20150621_104415_212.img reduced chisqr: 2.5230.
			Message:"Tolerance seems to be too small."
04/08/2021 01:43:11 AM: WARNING: Exposure time is not changing.
04/08/2021 01:43:11 AM: Created diagnostic plots.
04/08/2021 01:43:11 AM: Laser and sky image analysis complete.
04/08/2021 01:43:12 AM: No Boltwood cloud sensor data found.
04/08/2021 01:43:12 AM: No X300 temperature sensor data found.
04/08/2021 01:43:12 AM:  Quality Flag Calculation:
		Manual Wind Flag: 0
		Manual Temperature Flag: 0
		Laser Drift: False
		Sample-specific flags:
		Images\MRH_X_20150620_235155_010.img [no cloud data W1T1] [FINAL: W1T1]
		Images\MRH_X_20150620_235506_011.img [no cloud data W1T1] [FINAL: W1T1]
		Images\MRH_X_20150620_235815_012.img [no cloud data W1T1] [FINAL: W1T1]
		Images\MRH_X_20150621_000124_013.img [no cloud data W1T1] [FINAL: W1T1]
		Images\MRH_X_20150621_000434_014.img [no cloud data W1T1] [FINAL: W1T1]
		Images\MRH_X_20150621_002412_020.img [no cloud data W1T1] [FINAL: W1T1]
		Images\MRH_X_20150621_002724_021.img [no cloud data W1T1] [FINAL: W1T1]
		Images\MRH_X_20150621_003033_022.img [no cloud data W1T1] [FINAL: W1T1]
		Images\MRH_X_20150621_003342_023.img [no cloud data W1T1] [FINAL: W1T1]
		Images\MRH_X_20150621_003652_024.img [no cloud data W1T1] [FINAL: W1T1]
		Images\MRH_X_20150621_005630_030.img [no cloud data W1T1] [FINAL: W1T1]
		Images\MRH_X_20150621_005942_031.img [no cloud data W1T1] [FINAL: W1T1]
		Images\MRH_X_20150621_010251_032.img [no cloud data W1T1] [FINAL: W1T1]
		Images\MRH_X_20150621_010600_033.img [no cloud data W1T1] [FINAL: W1T1]
		Images\MRH_X_20150621_010910_034.img [no cloud data W1T1] [FINAL: W1T1]
		Images\MRH_X_20150621_012144_038.img [no cloud data W1T1] [FINAL: W1T1]
		Images\MRH_X_20150621_012452_039.img [no cloud data W1T1] [FINAL: W1T1]
		Images\MRH_X_20150621_012848_040.img [no cloud data W1T1] [FINAL: W1T1]
		Images\MRH_X_20150621_013200_041.img [no cloud data W1T1] [FINAL: W1T1]
		Images\MRH_X_20150621_013509_042.img [no cloud data W1T1] [FINAL: W1T1]
		Images\MRH_X_20150621_013818_043.img [no cloud data W1T1] [FINAL: W1T1]
		Images\MRH_X_20150621_014128_044.img [no cloud data W1T1] [FINAL: W1T1]
		Images\MRH_X_20150621_014746_046.img [no cloud data W1T1] [FINAL: W1T1]
		Images\MRH_X_20150621_015054_047.img [no cloud data W1T1] [FINAL: W1T1]
		Images\MRH_X_20150621_015402_048.img [no cloud data W1T1] [FINAL: W1T1]
		Images\MRH_X_20150621_015710_049.img [no cloud data W1T1] [FINAL: W1T1]
		Images\MRH_X_20150621_020106_050.img [no cloud data W1T1] [FINAL: W1T1]
		Images\MRH_X_20150621_020418_051.img [no cloud data W1T1] [FINAL: W1T1]
		Images\MRH_X_20150621_020727_052.img [no cloud data W1T1] [FINAL: W1T1]
		Images\MRH_X_20150621_021036_053.img [no cloud data W1T1] [FINAL: W1T1]
		Images\MRH_X_20150621_021346_054.img [no cloud data W1T1] [FINAL: W1T1]
		Images\MRH_X_20150621_021655_055.img [no cloud data W1T1] [FINAL: W1T1]
		Images\MRH_X_20150621_022004_056.img [no cloud data W1T1] [FINAL: W1T1]
		Images\MRH_X_20150621_022312_057.img [no cloud data W1T1] [FINAL: W1T1]
		Images\MRH_X_20150621_022620_058.img [no cloud data W1T1] [FINAL: W1T1]
		Images\MRH_X_20150621_022928_059.img [no cloud data W1T1] [FINAL: W1T1]
		Images\MRH_X_20150621_023324_060.img [no cloud data W1T1] [FINAL: W1T1]
		Images\MRH_X_20150621_023636_061.img [no cloud data W1T1] [FINAL: W1T1]
		Images\MRH_X_20150621_023945_062.img [no cloud data W1T1] [FINAL: W1T1]
		Images\MRH_X_20150621_024254_063.img [no cloud data W1T1] [FINAL: W1T1]
		Images\MRH_X_20150621_024604_064.img [no cloud data W1T1] [FINAL: W1T1]
		Images\MRH_X_20150621_024913_065.img [no cloud data W1T1] [FINAL: W1T1]
		Images\MRH_X_20150621_025222_066.img [no cloud data W1T1] [FINAL: W1T1]
		Images\MRH_X_20150621_025530_067.img [no cloud data W1T1] [FINAL: W1T1]
		Images\MRH_X_20150621_025838_068.img [no cloud data W1T1] [FINAL: W1T1]
		Images\MRH_X_20150621_030146_069.img [no cloud data W1T1] [FINAL: W1T1]
		Images\MRH_X_20150621_030542_070.img [no cloud data W1T1] [FINAL: W1T1]
		Images\MRH_X_20150621_030854_071.img [no cloud data W1T1] [FINAL: W1T1]
		Images\MRH_X_20150621_031203_072.img [no cloud data W1T1] [FINAL: W1T1]
		Images\MRH_X_20150621_031512_073.img [no cloud data W1T1] [FINAL: W1T1]
		Images\MRH_X_20150621_031822_074.img [no cloud data W1T1] [FINAL: W1T1]
		Images\MRH_X_20150621_032131_075.img [no cloud data W1T1] [FINAL: W1T1]
		Images\MRH_X_20150621_032440_076.img [no cloud data W1T1] [FINAL: W1T1]
		Images\MRH_X_20150621_032748_077.img [no cloud data W1T1] [FINAL: W1T1]
		Images\MRH_X_20150621_033056_078.img [no cloud data W1T1] [FINAL: W1T1]
		Images\MRH_X_20150621_033404_079.img [no cloud data W1T1] [FINAL: W1T1]
		Images\MRH_X_20150621_033801_080.img [no cloud data W1T1] [FINAL: W1T1]
		Images\MRH_X_20150621_034112_081.img [no cloud data W1T1] [FINAL: W1T1]
		Images\MRH_X_20150621_034421_082.img [no cloud data W1T1] [FINAL: W1T1]
		Images\MRH_X_20150621_034731_083.img [no cloud data W1T1] [FINAL: W1T1]
		Images\MRH_X_20150621_035040_084.img [no cloud data W1T1] [FINAL: W1T1]
		Images\MRH_X_20150621_035349_085.img [no cloud data W1T1] [FINAL: W1T1]
		Images\MRH_X_20150621_035659_086.img [no cloud data W1T1] [FINAL: W1T1]
		Images\MRH_X_20150621_040007_087.img [no cloud data W1T1] [FINAL: W1T1]
		Images\MRH_X_20150621_040315_088.img [no cloud data W1T1] [FINAL: W1T1]
		Images\MRH_X_20150621_040623_089.img [no cloud data W1T1] [FINAL: W1T1]
		Images\MRH_X_20150621_041019_090.img [no cloud data W1T1] [FINAL: W1T1]
		Images\MRH_X_20150621_041330_091.img [no cloud data W1T1] [FINAL: W1T1]
		Images\MRH_X_20150621_041639_092.img [no cloud data W1T1] [FINAL: W1T1]
		Images\MRH_X_20150621_041949_093.img [no cloud data W1T1] [FINAL: W1T1]
		Images\MRH_X_20150621_042258_094.img [no cloud data W1T1] [FINAL: W1T1]
		Images\MRH_X_20150621_042607_095.img [no cloud data W1T1] [FINAL: W1T1]
		Images\MRH_X_20150621_042917_096.img [no cloud data W1T1] [FINAL: W1T1]
		Images\MRH_X_20150621_043225_097.img [no cloud data W1T1] [FINAL: W1T1]
		Images\MRH_X_20150621_043533_098.img [no cloud data W1T1] [FINAL: W1T1]
		Images\MRH_X_20150621_043841_099.img [no cloud data W1T1] [FINAL: W1T1]
		Images\MRH_X_20150621_044237_100.img [no cloud data W1T1] [FINAL: W1T1]
		Images\MRH_X_20150621_044548_101.img [no cloud data W1T1] [FINAL: W1T1]
		Images\MRH_X_20150621_044858_102.img [no cloud data W1T1] [FINAL: W1T1]
		Images\MRH_X_20150621_045207_103.img [no cloud data W1T1] [FINAL: W1T1]
		Images\MRH_X_20150621_045517_104.img [no cloud data W1T1] [FINAL: W1T1]
		Images\MRH_X_20150621_045826_105.img [no cloud data W1T1] [FINAL: W1T1]
		Images\MRH_X_20150621_050135_106.img [no cloud data W1T1] [FINAL: W1T1]
		Images\MRH_X_20150621_050443_107.img [no cloud data W1T1] [FINAL: W1T1]
		Images\MRH_X_20150621_050751_108.img [no cloud data W1T1] [FINAL: W1T1]
		Images\MRH_X_20150621_051059_109.img [no cloud data W1T1] [FINAL: W1T1]
		Images\MRH_X_20150621_051455_110.img [no cloud data W1T1] [FINAL: W1T1]
		Images\MRH_X_20150621_051806_111.img [no cloud data W1T1] [FINAL: W1T1]
		Images\MRH_X_20150621_052115_112.img [no cloud data W1T1] [FINAL: W1T1]
		Images\MRH_X_20150621_052424_113.img [no cloud data W1T1] [FINAL: W1T1]
		Images\MRH_X_20150621_052734_114.img [no cloud data W1T1] [FINAL: W1T1]
		Images\MRH_X_20150621_053043_115.img [no cloud data W1T1] [FINAL: W1T1]
		Images\MRH_X_20150621_053352_116.img [no cloud data W1T1] [FINAL: W1T1]
		Images\MRH_X_20150621_053701_117.img [no cloud data W1T1] [FINAL: W1T1]
		Images\MRH_X_20150621_054009_118.img [no cloud data W1T1] [FINAL: W1T1]
		Images\MRH_X_20150621_054317_119.img [no cloud data W1T1] [FINAL: W1T1]
		Images\MRH_X_20150621_054713_120.img [no cloud data W1T1] [FINAL: W1T1]
		Images\MRH_X_20150621_055024_121.img [no cloud data W1T1] [FINAL: W1T1]
		Images\MRH_X_20150621_055333_122.img [no cloud data W1T1] [FINAL: W1T1]
		Images\MRH_X_20150621_055643_123.img [no cloud data W1T1] [FINAL: W1T1]
		Images\MRH_X_20150621_055952_124.img [no cloud data W1T1] [FINAL: W1T1]
		Images\MRH_X_20150621_060301_125.img [no cloud data W1T1] [FINAL: W1T1]
		Images\MRH_X_20150621_060611_126.img [no cloud data W1T1] [FINAL: W1T1]
		Images\MRH_X_20150621_060919_127.img [no cloud data W1T1] [FINAL: W1T1]
		Images\MRH_X_20150621_061227_128.img [no cloud data W1T1] [FINAL: W1T1]
		Images\MRH_X_20150621_061535_129.img [no cloud data W1T1] [FINAL: W1T1]
		Images\MRH_X_20150621_061931_130.img [no cloud data W1T1] [FINAL: W1T1]
		Images\MRH_X_20150621_062242_131.img [no cloud data W1T1] [FINAL: W1T1]
		Images\MRH_X_20150621_062552_132.img [no cloud data W1T1] [FINAL: W1T1]
		Images\MRH_X_20150621_062901_133.img [no cloud data W1T1] [FINAL: W1T1]
		Images\MRH_X_20150621_063210_134.img [no cloud data W1T1] [FINAL: W1T1]
		Images\MRH_X_20150621_063520_135.img [no cloud data W1T1] [FINAL: W1T1]
		Images\MRH_X_20150621_063829_136.img [no cloud data W1T1] [FINAL: W1T1]
		Images\MRH_X_20150621_064137_137.img [no cloud data W1T1] [FINAL: W1T1]
		Images\MRH_X_20150621_064445_138.img [no cloud data W1T1] [FINAL: W1T1]
		Images\MRH_X_20150621_064753_139.img [no cloud data W1T1] [FINAL: W1T1]
		Images\MRH_X_20150621_065149_140.img [no cloud data W1T1] [FINAL: W1T1]
		Images\MRH_X_20150621_065501_141.img [no cloud data W1T1] [FINAL: W1T1]
		Images\MRH_X_20150621_065810_142.img [no cloud data W1T1] [FINAL: W1T1]
		Images\MRH_X_20150621_070119_143.img [no cloud data W1T1] [FINAL: W1T1]
		Images\MRH_X_20150621_070429_144.img [no cloud data W1T1] [FINAL: W1T1]
		Images\MRH_X_20150621_070738_145.img [no cloud data W1T1] [FINAL: W1T1]
		Images\MRH_X_20150621_071047_146.img [no cloud data W1T1] [FINAL: W1T1]
		Images\MRH_X_20150621_071355_147.img [no cloud data W1T1] [FINAL: W1T1]
		Images\MRH_X_20150621_071703_148.img [no cloud data W1T1] [FINAL: W1T1]
		Images\MRH_X_20150621_072011_149.img [no cloud data W1T1] [FINAL: W1T1]
		Images\MRH_X_20150621_072407_150.img [no cloud data W1T1] [FINAL: W1T1]
		Images\MRH_X_20150621_072718_151.img [no cloud data W1T1] [FINAL: W1T1]
		Images\MRH_X_20150621_073028_152.img [no cloud data W1T1] [FINAL: W1T1]
		Images\MRH_X_20150621_073337_153.img [no cloud data W1T1] [FINAL: W1T1]
		Images\MRH_X_20150621_073646_154.img [no cloud data W1T1] [FINAL: W1T1]
		Images\MRH_X_20150621_073956_155.img [no cloud data W1T1] [FINAL: W1T1]
		Images\MRH_X_20150621_074305_156.img [no cloud data W1T1] [FINAL: W1T1]
		Images\MRH_X_20150621_074613_157.img [no cloud data W1T1] [FINAL: W1T1]
		Images\MRH_X_20150621_074921_158.img [no cloud data W1T1] [FINAL: W1T1]
		Images\MRH_X_20150621_075229_159.img [no cloud data W1T1] [FINAL: W1T1]
		Images\MRH_X_20150621_075625_160.img [no cloud data W1T1] [FINAL: W1T1]
		Images\MRH_X_20150621_075936_161.img [no cloud data W1T1] [FINAL: W1T1]
		Images\MRH_X_20150621_080246_162.img [no cloud data W1T1] [FINAL: W1T1]
		Images\MRH_X_20150621_080555_163.img [no cloud data W1T1] [FINAL: W1T1]
		Images\MRH_X_20150621_080904_164.img [no cloud data W1T1] [FINAL: W1T1]
		Images\MRH_X_20150621_081213_165.img [no cloud data W1T1] [FINAL: W1T1]
		Images\MRH_X_20150621_081523_166.img [no cloud data W1T1] [FINAL: W1T1]
		Images\MRH_X_20150621_081831_167.img [no cloud data W1T1] [FINAL: W1T1]
		Images\MRH_X_20150621_082139_168.img [no cloud data W1T1] [FINAL: W1T1]
		Images\MRH_X_20150621_082447_169.img [no cloud data W1T1] [FINAL: W1T1]
		Images\MRH_X_20150621_082843_170.img [no cloud data W1T1] [FINAL: W1T1]
		Images\MRH_X_20150621_083154_171.img [no cloud data W1T1] [FINAL: W1T1]
		Images\MRH_X_20150621_083503_172.img [no cloud data W1T1] [FINAL: W1T1]
		Images\MRH_X_20150621_083812_173.img [no cloud data W1T1] [FINAL: W1T1]
		Images\MRH_X_20150621_084122_174.img [no cloud data W1T1] [FINAL: W1T1]
		Images\MRH_X_20150621_084431_175.img [no cloud data W1T1] [FINAL: W1T1]
		Images\MRH_X_20150621_084740_176.img [no cloud data W1T1] [FINAL: W1T1]
		Images\MRH_X_20150621_085048_177.img [no cloud data W1T1] [FINAL: W1T1]
		Images\MRH_X_20150621_085356_178.img [no cloud data W1T1] [FINAL: W1T1]
		Images\MRH_X_20150621_085704_179.img [no cloud data W1T1] [FINAL: W1T1]
		Images\MRH_X_20150621_090101_180.img [no cloud data W1T1] [FINAL: W1T1]
		Images\MRH_X_20150621_090412_181.img [no cloud data W1T1] [FINAL: W1T1]
		Images\MRH_X_20150621_090721_182.img [no cloud data W1T1] [FINAL: W1T1]
		Images\MRH_X_20150621_091030_183.img [no cloud data W1T1] [FINAL: W1T1]
		Images\MRH_X_20150621_091340_184.img [no cloud data W1T1] [FINAL: W1T1]
		Images\MRH_X_20150621_091649_185.img [no cloud data W1T1] [FINAL: W1T1]
		Images\MRH_X_20150621_091958_186.img [no cloud data W1T1] [FINAL: W1T1]
		Images\MRH_X_20150621_092306_187.img [no cloud data W1T1] [FINAL: W1T1]
		Images\MRH_X_20150621_092614_188.img [no cloud data W1T1] [FINAL: W1T1]
		Images\MRH_X_20150621_092922_189.img [no cloud data W1T1] [FINAL: W1T1]
		Images\MRH_X_20150621_093318_190.img [no cloud data W1T1] [FINAL: W1T1]
		Images\MRH_X_20150621_093630_191.img [no cloud data W1T1] [FINAL: W1T1]
		Images\MRH_X_20150621_093939_192.img [no cloud data W1T1] [FINAL: W1T1]
		Images\MRH_X_20150621_094248_193.img [no cloud data W1T1] [FINAL: W1T1]
		Images\MRH_X_20150621_094558_194.img [no cloud data W1T1] [FINAL: W1T1]
		Images\MRH_X_20150621_094907_195.img [no cloud data W1T1] [FINAL: W1T1]
		Images\MRH_X_20150621_095216_196.img [no cloud data W1T1] [FINAL: W1T1]
		Images\MRH_X_20150621_095524_197.img [no cloud data W1T1] [FINAL: W1T1]
		Images\MRH_X_20150621_095832_198.img [no cloud data W1T1] [FINAL: W1T1]
		Images\MRH_X_20150621_100140_199.img [no cloud data W1T1] [FINAL: W1T1]
		Images\MRH_X_20150621_100537_200.img [no cloud data W1T1] [FINAL: W1T1]
		Images\MRH_X_20150621_100848_201.img [no cloud data W1T1] [FINAL: W1T1]
		Images\MRH_X_20150621_101157_202.img [no cloud data W1T1] [FINAL: W1T1]
		Images\MRH_X_20150621_101506_203.img [no cloud data W1T1] [FINAL: W1T1]
		Images\MRH_X_20150621_101816_204.img [no cloud data W1T1] [FINAL: W1T1]
		Images\MRH_X_20150621_102125_205.img [no cloud data W1T1] [FINAL: W1T1]
		Images\MRH_X_20150621_102434_206.img [no cloud data W1T1] [FINAL: W1T1]
		Images\MRH_X_20150621_102742_207.img [no cloud data W1T1] [FINAL: W1T1]
		Images\MRH_X_20150621_103050_208.img [no cloud data W1T1] [FINAL: W1T1]
		Images\MRH_X_20150621_103358_209.img [no cloud data W1T1] [FINAL: W1T1]
		Images\MRH_X_20150621_103754_210.img [no cloud data W1T1] [FINAL: W1T1]
		Images\MRH_X_20150621_104106_211.img [no cloud data W1T1] [FINAL: W1T1]
		Images\MRH_X_20150621_104415_212.img [no cloud data W1T1] [FINAL: W1T1]
04/08/2021 01:43:12 AM: Results saved to results/minime90_mrh_20150620.npz
