04/07/2021 19:37:17 PM: Logfile Created
04/07/2021 19:37:18 PM: Sun up during minime90/mrh/2015/20150601/Images\MRH_L_20150601_231120_001.img. Ignoring this image...
04/07/2021 19:37:18 PM: minime90/mrh/2015/20150601/Images\MRH_L_20150601_234752_002.img center: 257.20, 255.08
04/07/2021 19:37:18 PM: minime90/mrh/2015/20150601/Images\MRH_L_20150602_002010_003.img center: 257.25, 255.05
04/07/2021 19:37:18 PM: minime90/mrh/2015/20150601/Images\MRH_L_20150602_005228_004.img center: 257.27, 255.07
04/07/2021 19:37:19 PM: minime90/mrh/2015/20150601/Images\MRH_L_20150602_012446_005.img center: 257.30, 255.08
04/07/2021 19:37:19 PM: minime90/mrh/2015/20150601/Images\MRH_L_20150602_015705_006.img center: 257.40, 255.07
04/07/2021 19:37:19 PM: minime90/mrh/2015/20150601/Images\MRH_L_20150602_022924_007.img center: 257.28, 255.15
04/07/2021 19:37:20 PM: minime90/mrh/2015/20150601/Images\MRH_L_20150602_030143_008.img center: 257.32, 255.13
04/07/2021 19:37:20 PM: minime90/mrh/2015/20150601/Images\MRH_L_20150602_033402_009.img center: 257.35, 255.12
04/07/2021 19:37:20 PM: minime90/mrh/2015/20150601/Images\MRH_L_20150602_040621_010.img center: 257.27, 255.17
04/07/2021 19:37:20 PM: minime90/mrh/2015/20150601/Images\MRH_L_20150602_043840_011.img center: 257.30, 255.19
04/07/2021 19:37:21 PM: minime90/mrh/2015/20150601/Images\MRH_L_20150602_051100_012.img center: 257.36, 255.14
04/07/2021 19:37:21 PM: minime90/mrh/2015/20150601/Images\MRH_L_20150602_054319_013.img center: 257.23, 255.13
04/07/2021 19:37:21 PM: minime90/mrh/2015/20150601/Images\MRH_L_20150602_061539_014.img center: 257.27, 255.19
04/07/2021 19:37:22 PM: minime90/mrh/2015/20150601/Images\MRH_L_20150602_064759_015.img center: 257.27, 255.18
04/07/2021 19:37:22 PM: minime90/mrh/2015/20150601/Images\MRH_L_20150602_072019_016.img center: 257.32, 255.24
04/07/2021 19:37:22 PM: minime90/mrh/2015/20150601/Images\MRH_L_20150602_075238_017.img center: 257.31, 255.19
04/07/2021 19:37:22 PM: minime90/mrh/2015/20150601/Images\MRH_L_20150602_082456_018.img center: 257.22, 255.20
04/07/2021 19:37:23 PM: minime90/mrh/2015/20150601/Images\MRH_L_20150602_085714_019.img center: 257.30, 255.22
04/07/2021 19:37:23 PM: minime90/mrh/2015/20150601/Images\MRH_L_20150602_092932_020.img center: 257.20, 255.21
04/07/2021 19:37:23 PM: minime90/mrh/2015/20150601/Images\MRH_L_20150602_100150_021.img center: 257.22, 255.21
04/07/2021 19:37:23 PM: minime90/mrh/2015/20150601/Images\MRH_L_20150602_103407_022.img center: 257.29, 255.24
04/07/2021 19:37:24 PM: minime90/mrh/2015/20150601/Images\MRH_L_20150602_104117_211.img center: 257.14, 255.23
04/07/2021 19:37:27 PM: minime90/mrh/2015/20150601/Images\MRH_L_20150601_234752_002.img reduced chisqr: 3.7160
04/07/2021 19:37:30 PM: minime90/mrh/2015/20150601/Images\MRH_L_20150602_002010_003.img reduced chisqr: 4.2378
04/07/2021 19:37:33 PM: minime90/mrh/2015/20150601/Images\MRH_L_20150602_005228_004.img reduced chisqr: 3.7449
04/07/2021 19:37:35 PM: minime90/mrh/2015/20150601/Images\MRH_L_20150602_012446_005.img reduced chisqr: 4.3894
04/07/2021 19:37:38 PM: minime90/mrh/2015/20150601/Images\MRH_L_20150602_015705_006.img reduced chisqr: 4.9879
04/07/2021 19:37:41 PM: minime90/mrh/2015/20150601/Images\MRH_L_20150602_022924_007.img reduced chisqr: 3.9760
04/07/2021 19:37:44 PM: minime90/mrh/2015/20150601/Images\MRH_L_20150602_030143_008.img reduced chisqr: 3.4750
04/07/2021 19:37:46 PM: minime90/mrh/2015/20150601/Images\MRH_L_20150602_033402_009.img reduced chisqr: 4.0643
04/07/2021 19:37:49 PM: minime90/mrh/2015/20150601/Images\MRH_L_20150602_040621_010.img reduced chisqr: 3.9083
04/07/2021 19:37:52 PM: minime90/mrh/2015/20150601/Images\MRH_L_20150602_043840_011.img reduced chisqr: 3.9944
04/07/2021 19:37:54 PM: minime90/mrh/2015/20150601/Images\MRH_L_20150602_051100_012.img reduced chisqr: 5.0214
04/07/2021 19:37:57 PM: minime90/mrh/2015/20150601/Images\MRH_L_20150602_054319_013.img reduced chisqr: 3.3126
04/07/2021 19:38:00 PM: minime90/mrh/2015/20150601/Images\MRH_L_20150602_061539_014.img reduced chisqr: 4.0481
04/07/2021 19:38:03 PM: minime90/mrh/2015/20150601/Images\MRH_L_20150602_064759_015.img reduced chisqr: 4.1158
04/07/2021 19:38:06 PM: minime90/mrh/2015/20150601/Images\MRH_L_20150602_072019_016.img reduced chisqr: 5.0220
04/07/2021 19:38:08 PM: minime90/mrh/2015/20150601/Images\MRH_L_20150602_075238_017.img reduced chisqr: 4.2153
04/07/2021 19:38:11 PM: minime90/mrh/2015/20150601/Images\MRH_L_20150602_082456_018.img reduced chisqr: 3.5167
04/07/2021 19:38:14 PM: minime90/mrh/2015/20150601/Images\MRH_L_20150602_085714_019.img reduced chisqr: 3.9644
04/07/2021 19:38:17 PM: minime90/mrh/2015/20150601/Images\MRH_L_20150602_092932_020.img reduced chisqr: 4.0120
04/07/2021 19:38:19 PM: minime90/mrh/2015/20150601/Images\MRH_L_20150602_100150_021.img reduced chisqr: 3.7125
04/07/2021 19:38:22 PM: minime90/mrh/2015/20150601/Images\MRH_L_20150602_103407_022.img reduced chisqr: 4.0281
04/07/2021 19:38:25 PM: minime90/mrh/2015/20150601/Images\MRH_L_20150602_104117_211.img reduced chisqr: 3.3426
04/07/2021 19:38:25 PM: minime90/mrh/2015/20150601/Images\MRH_X_20150601_231925_001.img not bounded by laser images. Ignoring this image...
04/07/2021 19:38:25 PM: minime90/mrh/2015/20150601/Images\MRH_X_20150601_232235_002.img not bounded by laser images. Ignoring this image...
04/07/2021 19:38:25 PM: minime90/mrh/2015/20150601/Images\MRH_X_20150601_232544_003.img not bounded by laser images. Ignoring this image...
04/07/2021 19:38:25 PM: minime90/mrh/2015/20150601/Images\MRH_X_20150601_232854_004.img not bounded by laser images. Ignoring this image...
04/07/2021 19:38:25 PM: minime90/mrh/2015/20150601/Images\MRH_X_20150601_233204_005.img not bounded by laser images. Ignoring this image...
04/07/2021 19:38:25 PM: minime90/mrh/2015/20150601/Images\MRH_X_20150601_233513_006.img not bounded by laser images. Ignoring this image...
04/07/2021 19:38:25 PM: minime90/mrh/2015/20150601/Images\MRH_X_20150601_233821_007.img not bounded by laser images. Ignoring this image...
04/07/2021 19:38:25 PM: minime90/mrh/2015/20150601/Images\MRH_X_20150601_234129_008.img not bounded by laser images. Ignoring this image...
04/07/2021 19:38:25 PM: minime90/mrh/2015/20150601/Images\MRH_X_20150601_234437_009.img not bounded by laser images. Ignoring this image...
04/07/2021 19:38:25 PM: minime90/mrh/2015/20150601/Images\MRH_X_20150601_235453_012.img is looking too close to the moon (18.0 deg). Ignoring this image...
04/07/2021 19:38:25 PM: minime90/mrh/2015/20150601/Images\MRH_X_20150602_002711_022.img is looking too close to the moon (10.5 deg). Ignoring this image...
04/07/2021 19:38:25 PM: minime90/mrh/2015/20150601/Images\MRH_X_20150602_005620_031.img is looking too close to the moon (35.3 deg). Ignoring this image...
04/07/2021 19:38:25 PM: minime90/mrh/2015/20150601/Images\MRH_X_20150602_005929_032.img is looking too close to the moon (3.0 deg). Ignoring this image...
04/07/2021 19:38:25 PM: minime90/mrh/2015/20150601/Images\MRH_X_20150602_012838_041.img is looking too close to the moon (31.3 deg). Ignoring this image...
04/07/2021 19:38:25 PM: minime90/mrh/2015/20150601/Images\MRH_X_20150602_013147_042.img is looking too close to the moon (4.6 deg). Ignoring this image...
04/07/2021 19:38:25 PM: minime90/mrh/2015/20150601/Images\MRH_X_20150602_020057_051.img is looking too close to the moon (28.3 deg). Ignoring this image...
04/07/2021 19:38:25 PM: minime90/mrh/2015/20150601/Images\MRH_X_20150602_020406_052.img is looking too close to the moon (12.1 deg). Ignoring this image...
04/07/2021 19:38:25 PM: minime90/mrh/2015/20150601/Images\MRH_X_20150602_023317_061.img is looking too close to the moon (26.7 deg). Ignoring this image...
04/07/2021 19:38:25 PM: minime90/mrh/2015/20150601/Images\MRH_X_20150602_023626_062.img is looking too close to the moon (19.7 deg). Ignoring this image...
04/07/2021 19:38:25 PM: minime90/mrh/2015/20150601/Images\MRH_X_20150602_023935_063.img is looking too close to the moon (29.8 deg). Ignoring this image...
04/07/2021 19:38:25 PM: minime90/mrh/2015/20150601/Images\MRH_X_20150602_030535_071.img is looking too close to the moon (26.8 deg). Ignoring this image...
04/07/2021 19:38:25 PM: minime90/mrh/2015/20150601/Images\MRH_X_20150602_030845_072.img is looking too close to the moon (27.2 deg). Ignoring this image...
04/07/2021 19:38:25 PM: minime90/mrh/2015/20150601/Images\MRH_X_20150602_031154_073.img is looking too close to the moon (22.3 deg). Ignoring this image...
04/07/2021 19:38:25 PM: minime90/mrh/2015/20150601/Images\MRH_X_20150602_033754_081.img is looking too close to the moon (28.5 deg). Ignoring this image...
04/07/2021 19:38:25 PM: minime90/mrh/2015/20150601/Images\MRH_X_20150602_034104_082.img is looking too close to the moon (34.7 deg). Ignoring this image...
04/07/2021 19:38:25 PM: minime90/mrh/2015/20150601/Images\MRH_X_20150602_034413_083.img is looking too close to the moon (15.0 deg). Ignoring this image...
04/07/2021 19:38:25 PM: minime90/mrh/2015/20150601/Images\MRH_X_20150602_041013_091.img is looking too close to the moon (31.5 deg). Ignoring this image...
04/07/2021 19:38:25 PM: minime90/mrh/2015/20150601/Images\MRH_X_20150602_041632_093.img is looking too close to the moon (8.2 deg). Ignoring this image...
04/07/2021 19:38:25 PM: minime90/mrh/2015/20150601/Images\MRH_X_20150602_044232_101.img is looking too close to the moon (35.6 deg). Ignoring this image...
04/07/2021 19:38:25 PM: minime90/mrh/2015/20150601/Images\MRH_X_20150602_044851_103.img is looking too close to the moon (5.3 deg). Ignoring this image...
04/07/2021 19:38:25 PM: minime90/mrh/2015/20150601/Images\MRH_X_20150602_052111_113.img is looking too close to the moon (10.3 deg). Ignoring this image...
04/07/2021 19:38:25 PM: minime90/mrh/2015/20150601/Images\MRH_X_20150602_052421_114.img is looking too close to the moon (34.5 deg). Ignoring this image...
04/07/2021 19:38:25 PM: minime90/mrh/2015/20150601/Images\MRH_X_20150602_052730_115.img is looking too close to the moon (35.0 deg). Ignoring this image...
04/07/2021 19:38:25 PM: minime90/mrh/2015/20150601/Images\MRH_X_20150602_055330_123.img is looking too close to the moon (17.4 deg). Ignoring this image...
04/07/2021 19:38:25 PM: minime90/mrh/2015/20150601/Images\MRH_X_20150602_055640_124.img is looking too close to the moon (29.6 deg). Ignoring this image...
04/07/2021 19:38:25 PM: minime90/mrh/2015/20150601/Images\MRH_X_20150602_055950_125.img is looking too close to the moon (27.6 deg). Ignoring this image...
04/07/2021 19:38:25 PM: minime90/mrh/2015/20150601/Images\MRH_X_20150602_062550_133.img is looking too close to the moon (24.8 deg). Ignoring this image...
04/07/2021 19:38:25 PM: minime90/mrh/2015/20150601/Images\MRH_X_20150602_062900_134.img is looking too close to the moon (25.6 deg). Ignoring this image...
04/07/2021 19:38:25 PM: minime90/mrh/2015/20150601/Images\MRH_X_20150602_063209_135.img is looking too close to the moon (20.4 deg). Ignoring this image...
04/07/2021 19:38:25 PM: minime90/mrh/2015/20150601/Images\MRH_X_20150602_065810_143.img is looking too close to the moon (32.3 deg). Ignoring this image...
04/07/2021 19:38:25 PM: minime90/mrh/2015/20150601/Images\MRH_X_20150602_070120_144.img is looking too close to the moon (23.1 deg). Ignoring this image...
04/07/2021 19:38:25 PM: minime90/mrh/2015/20150601/Images\MRH_X_20150602_070429_145.img is looking too close to the moon (13.9 deg). Ignoring this image...
04/07/2021 19:38:25 PM: minime90/mrh/2015/20150601/Images\MRH_X_20150602_073339_154.img is looking too close to the moon (22.3 deg). Ignoring this image...
04/07/2021 19:38:25 PM: minime90/mrh/2015/20150601/Images\MRH_X_20150602_073649_155.img is looking too close to the moon (9.3 deg). Ignoring this image...
04/07/2021 19:38:25 PM: minime90/mrh/2015/20150601/Images\MRH_X_20150602_080558_164.img is looking too close to the moon (23.7 deg). Ignoring this image...
04/07/2021 19:38:25 PM: minime90/mrh/2015/20150601/Images\MRH_X_20150602_080907_165.img is looking too close to the moon (9.9 deg). Ignoring this image...
04/07/2021 19:38:25 PM: minime90/mrh/2015/20150601/Images\MRH_X_20150602_083816_174.img is looking too close to the moon (26.7 deg). Ignoring this image...
04/07/2021 19:38:25 PM: minime90/mrh/2015/20150601/Images\MRH_X_20150602_084126_175.img is looking too close to the moon (15.0 deg). Ignoring this image...
04/07/2021 19:38:25 PM: minime90/mrh/2015/20150601/Images\MRH_X_20150602_091034_184.img is looking too close to the moon (31.0 deg). Ignoring this image...
04/07/2021 19:38:25 PM: minime90/mrh/2015/20150601/Images\MRH_X_20150602_091343_185.img is looking too close to the moon (21.7 deg). Ignoring this image...
04/07/2021 19:38:25 PM: minime90/mrh/2015/20150601/Images\MRH_X_20150602_094252_194.img is looking too close to the moon (36.1 deg). Ignoring this image...
04/07/2021 19:38:25 PM: minime90/mrh/2015/20150601/Images\MRH_X_20150602_094601_195.img is looking too close to the moon (28.9 deg). Ignoring this image...
04/07/2021 19:38:25 PM: minime90/mrh/2015/20150601/Images\MRH_X_20150602_101819_205.img is looking too close to the moon (36.1 deg). Ignoring this image...
04/07/2021 19:38:31 PM: minime90/mrh/2015/20150601/Images\MRH_X_20150601_234833_010.img reduced chisqr: 2.2154.
			Message:"Tolerance seems to be too small."
04/07/2021 19:38:38 PM: minime90/mrh/2015/20150601/Images\MRH_X_20150601_235144_011.img reduced chisqr: 2.0113.
			Message:"Tolerance seems to be too small."
04/07/2021 19:38:45 PM: minime90/mrh/2015/20150601/Images\MRH_X_20150601_235802_013.img reduced chisqr: 1.5250.
			Message:"Tolerance seems to be too small."
04/07/2021 19:38:51 PM: minime90/mrh/2015/20150601/Images\MRH_X_20150602_000112_014.img reduced chisqr: 1.6967.
			Message:"Tolerance seems to be too small."
04/07/2021 19:38:58 PM: minime90/mrh/2015/20150601/Images\MRH_X_20150602_000421_015.img reduced chisqr: 1.5839.
			Message:"Tolerance seems to be too small."
04/07/2021 19:39:04 PM: minime90/mrh/2015/20150601/Images\MRH_X_20150602_000730_016.img reduced chisqr: 1.3486.
			Message:"Tolerance seems to be too small."
04/07/2021 19:39:10 PM: minime90/mrh/2015/20150601/Images\MRH_X_20150602_001038_017.img reduced chisqr: 1.6743.
			Message:"Tolerance seems to be too small."
04/07/2021 19:39:17 PM: minime90/mrh/2015/20150601/Images\MRH_X_20150602_001346_018.img reduced chisqr: 1.7096.
			Message:"Tolerance seems to be too small."
04/07/2021 19:39:24 PM: minime90/mrh/2015/20150601/Images\MRH_X_20150602_001654_019.img reduced chisqr: 1.5121.
			Message:"Tolerance seems to be too small."
04/07/2021 19:39:30 PM: minime90/mrh/2015/20150601/Images\MRH_X_20150602_002050_020.img reduced chisqr: 1.7038.
			Message:"Tolerance seems to be too small."
04/07/2021 19:39:36 PM: minime90/mrh/2015/20150601/Images\MRH_X_20150602_002401_021.img reduced chisqr: 1.9149.
			Message:"Tolerance seems to be too small."
04/07/2021 19:39:43 PM: minime90/mrh/2015/20150601/Images\MRH_X_20150602_003020_023.img reduced chisqr: 1.6629.
			Message:"Tolerance seems to be too small."
04/07/2021 19:39:49 PM: minime90/mrh/2015/20150601/Images\MRH_X_20150602_003330_024.img reduced chisqr: 1.9536.
			Message:"Tolerance seems to be too small."
04/07/2021 19:39:56 PM: minime90/mrh/2015/20150601/Images\MRH_X_20150602_003639_025.img reduced chisqr: 1.8500.
			Message:"Tolerance seems to be too small."
04/07/2021 19:40:02 PM: minime90/mrh/2015/20150601/Images\MRH_X_20150602_003948_026.img reduced chisqr: 1.6200.
			Message:"Tolerance seems to be too small."
04/07/2021 19:40:09 PM: minime90/mrh/2015/20150601/Images\MRH_X_20150602_004256_027.img reduced chisqr: 1.8235.
			Message:"Tolerance seems to be too small."
04/07/2021 19:40:15 PM: minime90/mrh/2015/20150601/Images\MRH_X_20150602_004605_028.img reduced chisqr: 1.8314.
			Message:"Tolerance seems to be too small."
04/07/2021 19:40:22 PM: minime90/mrh/2015/20150601/Images\MRH_X_20150602_004913_029.img reduced chisqr: 1.8639.
			Message:"Tolerance seems to be too small."
04/07/2021 19:40:28 PM: minime90/mrh/2015/20150601/Images\MRH_X_20150602_005308_030.img reduced chisqr: 2.0642.
			Message:"Tolerance seems to be too small."
04/07/2021 19:40:35 PM: minime90/mrh/2015/20150601/Images\MRH_X_20150602_010238_033.img reduced chisqr: 2.1671.
			Message:"Tolerance seems to be too small."
04/07/2021 19:40:41 PM: minime90/mrh/2015/20150601/Images\MRH_X_20150602_010548_034.img reduced chisqr: 2.1417.
			Message:"Tolerance seems to be too small."
04/07/2021 19:40:48 PM: minime90/mrh/2015/20150601/Images\MRH_X_20150602_010857_035.img reduced chisqr: 2.1402.
			Message:"Tolerance seems to be too small."
04/07/2021 19:40:54 PM: minime90/mrh/2015/20150601/Images\MRH_X_20150602_011207_036.img reduced chisqr: 2.1806.
			Message:"Tolerance seems to be too small."
04/07/2021 19:41:01 PM: minime90/mrh/2015/20150601/Images\MRH_X_20150602_011515_037.img reduced chisqr: 1.7112.
			Message:"Tolerance seems to be too small."
04/07/2021 19:41:07 PM: minime90/mrh/2015/20150601/Images\MRH_X_20150602_011823_038.img reduced chisqr: 2.0053.
			Message:"Tolerance seems to be too small."
04/07/2021 19:41:14 PM: minime90/mrh/2015/20150601/Images\MRH_X_20150602_012131_039.img reduced chisqr: 1.7764.
			Message:"Tolerance seems to be too small."
04/07/2021 19:41:20 PM: minime90/mrh/2015/20150601/Images\MRH_X_20150602_012527_040.img reduced chisqr: 2.3143.
			Message:"Tolerance seems to be too small."
04/07/2021 19:41:27 PM: minime90/mrh/2015/20150601/Images\MRH_X_20150602_013457_043.img reduced chisqr: 2.2756.
			Message:"Tolerance seems to be too small."
04/07/2021 19:41:34 PM: minime90/mrh/2015/20150601/Images\MRH_X_20150602_013807_044.img reduced chisqr: 2.0220.
			Message:"Tolerance seems to be too small."
04/07/2021 19:41:40 PM: minime90/mrh/2015/20150601/Images\MRH_X_20150602_014116_045.img reduced chisqr: 1.9504.
			Message:"Tolerance seems to be too small."
04/07/2021 19:41:47 PM: minime90/mrh/2015/20150601/Images\MRH_X_20150602_014425_046.img reduced chisqr: 2.2957.
			Message:"Tolerance seems to be too small."
04/07/2021 19:41:53 PM: minime90/mrh/2015/20150601/Images\MRH_X_20150602_014733_047.img reduced chisqr: 1.5972.
			Message:"Tolerance seems to be too small."
04/07/2021 19:42:02 PM: minime90/mrh/2015/20150601/Images\MRH_X_20150602_015041_048.img reduced chisqr: 1.7024.
			Message:"Tolerance seems to be too small."
04/07/2021 19:42:09 PM: minime90/mrh/2015/20150601/Images\MRH_X_20150602_015349_049.img reduced chisqr: 1.8891.
			Message:"Tolerance seems to be too small."
04/07/2021 19:42:15 PM: minime90/mrh/2015/20150601/Images\MRH_X_20150602_015746_050.img reduced chisqr: 2.2256.
			Message:"Tolerance seems to be too small."
04/07/2021 19:42:22 PM: minime90/mrh/2015/20150601/Images\MRH_X_20150602_020716_053.img reduced chisqr: 1.9904.
			Message:"Tolerance seems to be too small."
04/07/2021 19:42:28 PM: minime90/mrh/2015/20150601/Images\MRH_X_20150602_021026_054.img reduced chisqr: 2.1655.
			Message:"Tolerance seems to be too small."
04/07/2021 19:42:35 PM: minime90/mrh/2015/20150601/Images\MRH_X_20150602_021335_055.img reduced chisqr: 2.1116.
			Message:"Tolerance seems to be too small."
04/07/2021 19:42:41 PM: minime90/mrh/2015/20150601/Images\MRH_X_20150602_021644_056.img reduced chisqr: 1.8333.
			Message:"Tolerance seems to be too small."
04/07/2021 19:42:48 PM: minime90/mrh/2015/20150601/Images\MRH_X_20150602_021952_057.img reduced chisqr: 1.9320.
			Message:"Tolerance seems to be too small."
04/07/2021 19:42:54 PM: minime90/mrh/2015/20150601/Images\MRH_X_20150602_022300_058.img reduced chisqr: 1.9029.
			Message:"Tolerance seems to be too small."
04/07/2021 19:43:01 PM: minime90/mrh/2015/20150601/Images\MRH_X_20150602_022609_059.img reduced chisqr: 2.2376.
			Message:"Tolerance seems to be too small."
04/07/2021 19:43:08 PM: minime90/mrh/2015/20150601/Images\MRH_X_20150602_023005_060.img reduced chisqr: 2.6914.
			Message:"Tolerance seems to be too small."
04/07/2021 19:43:14 PM: minime90/mrh/2015/20150601/Images\MRH_X_20150602_024245_064.img reduced chisqr: 3.3836.
			Message:"Tolerance seems to be too small."
04/07/2021 19:43:21 PM: minime90/mrh/2015/20150601/Images\MRH_X_20150602_024554_065.img reduced chisqr: 2.7071.
			Message:"Tolerance seems to be too small."
04/07/2021 19:43:28 PM: minime90/mrh/2015/20150601/Images\MRH_X_20150602_024903_066.img reduced chisqr: 1.7275.
			Message:"Tolerance seems to be too small."
04/07/2021 19:43:35 PM: minime90/mrh/2015/20150601/Images\MRH_X_20150602_025211_067.img reduced chisqr: 2.0918.
			Message:"Tolerance seems to be too small."
04/07/2021 19:43:41 PM: minime90/mrh/2015/20150601/Images\MRH_X_20150602_025520_068.img reduced chisqr: 2.0369.
			Message:"Tolerance seems to be too small."
04/07/2021 19:43:48 PM: minime90/mrh/2015/20150601/Images\MRH_X_20150602_025828_069.img reduced chisqr: 1.7598.
			Message:"Tolerance seems to be too small."
04/07/2021 19:43:54 PM: minime90/mrh/2015/20150601/Images\MRH_X_20150602_030224_070.img reduced chisqr: 2.5776.
			Message:"Tolerance seems to be too small."
04/07/2021 19:44:01 PM: minime90/mrh/2015/20150601/Images\MRH_X_20150602_031504_074.img reduced chisqr: 2.4165.
			Message:"Tolerance seems to be too small."
04/07/2021 19:44:07 PM: minime90/mrh/2015/20150601/Images\MRH_X_20150602_031813_075.img reduced chisqr: 2.0549.
			Message:"Tolerance seems to be too small."
04/07/2021 19:44:13 PM: minime90/mrh/2015/20150601/Images\MRH_X_20150602_032123_076.img reduced chisqr: 1.7505.
			Message:"Tolerance seems to be too small."
04/07/2021 19:44:20 PM: minime90/mrh/2015/20150601/Images\MRH_X_20150602_032431_077.img reduced chisqr: 2.1495.
			Message:"Tolerance seems to be too small."
04/07/2021 19:44:26 PM: minime90/mrh/2015/20150601/Images\MRH_X_20150602_032739_078.img reduced chisqr: 1.9994.
			Message:"Tolerance seems to be too small."
04/07/2021 19:44:33 PM: minime90/mrh/2015/20150601/Images\MRH_X_20150602_033047_079.img reduced chisqr: 1.8435.
			Message:"Tolerance seems to be too small."
04/07/2021 19:44:41 PM: minime90/mrh/2015/20150601/Images\MRH_X_20150602_033443_080.img reduced chisqr: 2.0226.
			Message:"Tolerance seems to be too small."
04/07/2021 19:44:48 PM: minime90/mrh/2015/20150601/Images\MRH_X_20150602_034723_084.img reduced chisqr: 1.9062.
			Message:"Tolerance seems to be too small."
04/07/2021 19:44:57 PM: minime90/mrh/2015/20150601/Images\MRH_X_20150602_035032_085.img reduced chisqr: 1.8426.
			Message:"Tolerance seems to be too small."
04/07/2021 19:45:04 PM: minime90/mrh/2015/20150601/Images\MRH_X_20150602_035341_086.img reduced chisqr: 1.8870.
			Message:"Tolerance seems to be too small."
04/07/2021 19:45:12 PM: minime90/mrh/2015/20150601/Images\MRH_X_20150602_035649_087.img reduced chisqr: 1.8354.
			Message:"Tolerance seems to be too small."
04/07/2021 19:45:19 PM: minime90/mrh/2015/20150601/Images\MRH_X_20150602_035958_088.img reduced chisqr: 1.8017.
			Message:"Tolerance seems to be too small."
04/07/2021 19:45:26 PM: minime90/mrh/2015/20150601/Images\MRH_X_20150602_040306_089.img reduced chisqr: 1.8569.
			Message:"Tolerance seems to be too small."
04/07/2021 19:45:33 PM: minime90/mrh/2015/20150601/Images\MRH_X_20150602_040701_090.img reduced chisqr: 2.0511.
			Message:"Tolerance seems to be too small."
04/07/2021 19:45:39 PM: minime90/mrh/2015/20150601/Images\MRH_X_20150602_041322_092.img reduced chisqr: 2.1356.
			Message:"Tolerance seems to be too small."
04/07/2021 19:45:46 PM: minime90/mrh/2015/20150601/Images\MRH_X_20150602_041941_094.img reduced chisqr: 2.1656.
			Message:"Tolerance seems to be too small."
04/07/2021 19:45:52 PM: minime90/mrh/2015/20150601/Images\MRH_X_20150602_042251_095.img reduced chisqr: 1.8923.
			Message:"Tolerance seems to be too small."
04/07/2021 19:45:58 PM: minime90/mrh/2015/20150601/Images\MRH_X_20150602_042600_096.img reduced chisqr: 1.8801.
			Message:"Tolerance seems to be too small."
04/07/2021 19:46:05 PM: minime90/mrh/2015/20150601/Images\MRH_X_20150602_042908_097.img reduced chisqr: 1.9842.
			Message:"Tolerance seems to be too small."
04/07/2021 19:46:11 PM: minime90/mrh/2015/20150601/Images\MRH_X_20150602_043217_098.img reduced chisqr: 1.8724.
			Message:"Tolerance seems to be too small."
04/07/2021 19:46:17 PM: minime90/mrh/2015/20150601/Images\MRH_X_20150602_043525_099.img reduced chisqr: 1.3636.
			Message:"Tolerance seems to be too small."
04/07/2021 19:46:24 PM: minime90/mrh/2015/20150601/Images\MRH_X_20150602_043921_100.img reduced chisqr: 1.2714.
			Message:"Tolerance seems to be too small."
04/07/2021 19:46:30 PM: minime90/mrh/2015/20150601/Images\MRH_X_20150602_044542_102.img reduced chisqr: 1.2798.
			Message:"Tolerance seems to be too small."
04/07/2021 19:46:36 PM: minime90/mrh/2015/20150601/Images\MRH_X_20150602_045201_104.img reduced chisqr: 1.4144.
			Message:"Tolerance seems to be too small."
04/07/2021 19:46:42 PM: minime90/mrh/2015/20150601/Images\MRH_X_20150602_045510_105.img reduced chisqr: 1.1189.
			Message:"Tolerance seems to be too small."
04/07/2021 19:46:48 PM: minime90/mrh/2015/20150601/Images\MRH_X_20150602_045819_106.img reduced chisqr: 1.8898.
			Message:"Tolerance seems to be too small."
04/07/2021 19:46:55 PM: minime90/mrh/2015/20150601/Images\MRH_X_20150602_050128_107.img reduced chisqr: 2.0352.
			Message:"Tolerance seems to be too small."
04/07/2021 19:47:01 PM: minime90/mrh/2015/20150601/Images\MRH_X_20150602_050436_108.img reduced chisqr: 3.4594.
			Message:"Tolerance seems to be too small."
04/07/2021 19:47:08 PM: minime90/mrh/2015/20150601/Images\MRH_X_20150602_050744_109.img reduced chisqr: 2.8760.
			Message:"Tolerance seems to be too small."
04/07/2021 19:47:15 PM: minime90/mrh/2015/20150601/Images\MRH_X_20150602_051141_110.img reduced chisqr: 1.9869.
			Message:"Tolerance seems to be too small."
04/07/2021 19:47:21 PM: minime90/mrh/2015/20150601/Images\MRH_X_20150602_051452_111.img reduced chisqr: 1.9887.
			Message:"Tolerance seems to be too small."
04/07/2021 19:47:27 PM: minime90/mrh/2015/20150601/Images\MRH_X_20150602_051802_112.img reduced chisqr: 1.8475.
			Message:"Tolerance seems to be too small."
04/07/2021 19:47:34 PM: minime90/mrh/2015/20150601/Images\MRH_X_20150602_053039_116.img reduced chisqr: 2.0835.
			Message:"Tolerance seems to be too small."
04/07/2021 19:47:40 PM: minime90/mrh/2015/20150601/Images\MRH_X_20150602_053348_117.img reduced chisqr: 2.1642.
			Message:"Tolerance seems to be too small."
04/07/2021 19:47:47 PM: minime90/mrh/2015/20150601/Images\MRH_X_20150602_053656_118.img reduced chisqr: 2.2607.
			Message:"Tolerance seems to be too small."
04/07/2021 19:47:53 PM: minime90/mrh/2015/20150601/Images\MRH_X_20150602_054004_119.img reduced chisqr: 2.2049.
			Message:"Tolerance seems to be too small."
04/07/2021 19:48:00 PM: minime90/mrh/2015/20150601/Images\MRH_X_20150602_054400_120.img reduced chisqr: 1.4419.
			Message:"Tolerance seems to be too small."
04/07/2021 19:48:06 PM: minime90/mrh/2015/20150601/Images\MRH_X_20150602_054712_121.img reduced chisqr: 1.7923.
			Message:"Tolerance seems to be too small."
04/07/2021 19:48:13 PM: minime90/mrh/2015/20150601/Images\MRH_X_20150602_055021_122.img reduced chisqr: 1.7379.
			Message:"Tolerance seems to be too small."
04/07/2021 19:48:19 PM: minime90/mrh/2015/20150601/Images\MRH_X_20150602_060259_126.img reduced chisqr: 1.7122.
			Message:"Tolerance seems to be too small."
04/07/2021 19:48:25 PM: minime90/mrh/2015/20150601/Images\MRH_X_20150602_060607_127.img reduced chisqr: 1.4951.
			Message:"Tolerance seems to be too small."
04/07/2021 19:48:32 PM: minime90/mrh/2015/20150601/Images\MRH_X_20150602_060916_128.img reduced chisqr: 1.6096.
			Message:"Tolerance seems to be too small."
04/07/2021 19:48:38 PM: minime90/mrh/2015/20150601/Images\MRH_X_20150602_061224_129.img reduced chisqr: 1.5536.
			Message:"Tolerance seems to be too small."
04/07/2021 19:48:44 PM: minime90/mrh/2015/20150601/Images\MRH_X_20150602_061620_130.img reduced chisqr: 1.4751.
			Message:"Tolerance seems to be too small."
04/07/2021 19:48:51 PM: minime90/mrh/2015/20150601/Images\MRH_X_20150602_061932_131.img reduced chisqr: 1.4953.
			Message:"Tolerance seems to be too small."
04/07/2021 19:48:57 PM: minime90/mrh/2015/20150601/Images\MRH_X_20150602_062241_132.img reduced chisqr: 1.4321.
			Message:"Tolerance seems to be too small."
04/07/2021 19:49:03 PM: minime90/mrh/2015/20150601/Images\MRH_X_20150602_063519_136.img reduced chisqr: 1.4479.
			Message:"Tolerance seems to be too small."
04/07/2021 19:49:10 PM: minime90/mrh/2015/20150601/Images\MRH_X_20150602_063827_137.img reduced chisqr: 1.5681.
			Message:"Tolerance seems to be too small."
04/07/2021 19:49:16 PM: minime90/mrh/2015/20150601/Images\MRH_X_20150602_064136_138.img reduced chisqr: 1.8937.
			Message:"Tolerance seems to be too small."
04/07/2021 19:49:22 PM: minime90/mrh/2015/20150601/Images\MRH_X_20150602_064444_139.img reduced chisqr: 1.5277.
			Message:"Tolerance seems to be too small."
04/07/2021 19:49:28 PM: minime90/mrh/2015/20150601/Images\MRH_X_20150602_064840_140.img reduced chisqr: 1.6577.
			Message:"Tolerance seems to be too small."
04/07/2021 19:49:35 PM: minime90/mrh/2015/20150601/Images\MRH_X_20150602_065152_141.img reduced chisqr: 1.1310.
			Message:"Tolerance seems to be too small."
04/07/2021 19:49:41 PM: minime90/mrh/2015/20150601/Images\MRH_X_20150602_065501_142.img reduced chisqr: 1.3790.
			Message:"Tolerance seems to be too small."
04/07/2021 19:49:47 PM: minime90/mrh/2015/20150601/Images\MRH_X_20150602_070739_146.img reduced chisqr: 3.1008.
			Message:"Tolerance seems to be too small."
04/07/2021 19:49:54 PM: minime90/mrh/2015/20150601/Images\MRH_X_20150602_071047_147.img reduced chisqr: 3.3163.
			Message:"Tolerance seems to be too small."
04/07/2021 19:50:00 PM: minime90/mrh/2015/20150601/Images\MRH_X_20150602_071355_148.img reduced chisqr: 3.0311.
			Message:"Tolerance seems to be too small."
04/07/2021 19:50:06 PM: minime90/mrh/2015/20150601/Images\MRH_X_20150602_071704_149.img reduced chisqr: 3.0638.
			Message:"Tolerance seems to be too small."
04/07/2021 19:50:13 PM: minime90/mrh/2015/20150601/Images\MRH_X_20150602_072100_150.img reduced chisqr: 2.5798.
			Message:"Tolerance seems to be too small."
04/07/2021 19:50:19 PM: minime90/mrh/2015/20150601/Images\MRH_X_20150602_072411_151.img reduced chisqr: 1.6637.
			Message:"Tolerance seems to be too small."
04/07/2021 19:50:26 PM: minime90/mrh/2015/20150601/Images\MRH_X_20150602_072720_152.img reduced chisqr: 2.3115.
			Message:"Tolerance seems to be too small."
04/07/2021 19:50:32 PM: minime90/mrh/2015/20150601/Images\MRH_X_20150602_073030_153.img reduced chisqr: 2.1309.
			Message:"Tolerance seems to be too small."
04/07/2021 19:50:39 PM: minime90/mrh/2015/20150601/Images\MRH_X_20150602_073958_156.img reduced chisqr: 1.9400.
			Message:"Tolerance seems to be too small."
04/07/2021 19:50:45 PM: minime90/mrh/2015/20150601/Images\MRH_X_20150602_074306_157.img reduced chisqr: 2.3212.
			Message:"Tolerance seems to be too small."
04/07/2021 19:50:51 PM: minime90/mrh/2015/20150601/Images\MRH_X_20150602_074614_158.img reduced chisqr: 1.7947.
			Message:"Tolerance seems to be too small."
04/07/2021 19:50:58 PM: minime90/mrh/2015/20150601/Images\MRH_X_20150602_074922_159.img reduced chisqr: 1.9685.
			Message:"Tolerance seems to be too small."
04/07/2021 19:51:04 PM: minime90/mrh/2015/20150601/Images\MRH_X_20150602_075318_160.img reduced chisqr: 1.7027.
			Message:"Tolerance seems to be too small."
04/07/2021 19:51:10 PM: minime90/mrh/2015/20150601/Images\MRH_X_20150602_075630_161.img reduced chisqr: 1.2670.
			Message:"Tolerance seems to be too small."
04/07/2021 19:51:17 PM: minime90/mrh/2015/20150601/Images\MRH_X_20150602_075939_162.img reduced chisqr: 1.3695.
			Message:"Tolerance seems to be too small."
04/07/2021 19:51:23 PM: minime90/mrh/2015/20150601/Images\MRH_X_20150602_080248_163.img reduced chisqr: 1.5707.
			Message:"Tolerance seems to be too small."
04/07/2021 19:51:29 PM: minime90/mrh/2015/20150601/Images\MRH_X_20150602_081217_166.img reduced chisqr: 1.9419.
			Message:"Tolerance seems to be too small."
04/07/2021 19:51:36 PM: minime90/mrh/2015/20150601/Images\MRH_X_20150602_081525_167.img reduced chisqr: 1.7497.
			Message:"Tolerance seems to be too small."
04/07/2021 19:51:42 PM: minime90/mrh/2015/20150601/Images\MRH_X_20150602_081833_168.img reduced chisqr: 1.9418.
			Message:"Tolerance seems to be too small."
04/07/2021 19:51:49 PM: minime90/mrh/2015/20150601/Images\MRH_X_20150602_082141_169.img reduced chisqr: 2.0604.
			Message:"Tolerance seems to be too small."
04/07/2021 19:51:55 PM: minime90/mrh/2015/20150601/Images\MRH_X_20150602_082537_170.img reduced chisqr: 1.3321.
			Message:"Tolerance seems to be too small."
04/07/2021 19:52:01 PM: minime90/mrh/2015/20150601/Images\MRH_X_20150602_082848_171.img reduced chisqr: 1.1788.
			Message:"Tolerance seems to be too small."
04/07/2021 19:52:07 PM: minime90/mrh/2015/20150601/Images\MRH_X_20150602_083157_172.img reduced chisqr: 1.3104.
			Message:"Tolerance seems to be too small."
04/07/2021 19:52:14 PM: minime90/mrh/2015/20150601/Images\MRH_X_20150602_083506_173.img reduced chisqr: 1.3061.
			Message:"Tolerance seems to be too small."
04/07/2021 19:52:20 PM: minime90/mrh/2015/20150601/Images\MRH_X_20150602_084435_176.img reduced chisqr: 1.2863.
			Message:"Tolerance seems to be too small."
04/07/2021 19:52:26 PM: minime90/mrh/2015/20150601/Images\MRH_X_20150602_084743_177.img reduced chisqr: 1.4391.
			Message:"Tolerance seems to be too small."
04/07/2021 19:52:33 PM: minime90/mrh/2015/20150601/Images\MRH_X_20150602_085051_178.img reduced chisqr: 1.5286.
			Message:"Tolerance seems to be too small."
04/07/2021 19:52:39 PM: minime90/mrh/2015/20150601/Images\MRH_X_20150602_085359_179.img reduced chisqr: 1.4230.
			Message:"Tolerance seems to be too small."
04/07/2021 19:52:45 PM: minime90/mrh/2015/20150601/Images\MRH_X_20150602_085755_180.img reduced chisqr: 1.4799.
			Message:"Tolerance seems to be too small."
04/07/2021 19:52:51 PM: minime90/mrh/2015/20150601/Images\MRH_X_20150602_090106_181.img reduced chisqr: 1.1431.
			Message:"Tolerance seems to be too small."
04/07/2021 19:52:57 PM: minime90/mrh/2015/20150601/Images\MRH_X_20150602_090415_182.img reduced chisqr: 1.1084.
			Message:"Tolerance seems to be too small."
04/07/2021 19:53:04 PM: minime90/mrh/2015/20150601/Images\MRH_X_20150602_090725_183.img reduced chisqr: 1.2791.
			Message:"Tolerance seems to be too small."
04/07/2021 19:53:10 PM: minime90/mrh/2015/20150601/Images\MRH_X_20150602_091653_186.img reduced chisqr: 1.3493.
			Message:"Tolerance seems to be too small."
04/07/2021 19:53:16 PM: minime90/mrh/2015/20150601/Images\MRH_X_20150602_092001_187.img reduced chisqr: 1.2307.
			Message:"Tolerance seems to be too small."
04/07/2021 19:53:22 PM: minime90/mrh/2015/20150601/Images\MRH_X_20150602_092309_188.img reduced chisqr: 1.6471.
			Message:"Tolerance seems to be too small."
04/07/2021 19:53:29 PM: minime90/mrh/2015/20150601/Images\MRH_X_20150602_092617_189.img reduced chisqr: 1.6871.
			Message:"Tolerance seems to be too small."
04/07/2021 19:53:35 PM: minime90/mrh/2015/20150601/Images\MRH_X_20150602_093013_190.img reduced chisqr: 1.6253.
			Message:"Tolerance seems to be too small."
04/07/2021 19:53:41 PM: minime90/mrh/2015/20150601/Images\MRH_X_20150602_093324_191.img reduced chisqr: 1.4942.
			Message:"Tolerance seems to be too small."
04/07/2021 19:53:47 PM: minime90/mrh/2015/20150601/Images\MRH_X_20150602_093633_192.img reduced chisqr: 1.2676.
			Message:"Tolerance seems to be too small."
04/07/2021 19:53:53 PM: minime90/mrh/2015/20150601/Images\MRH_X_20150602_093943_193.img reduced chisqr: 1.1703.
			Message:"Tolerance seems to be too small."
04/07/2021 19:53:59 PM: minime90/mrh/2015/20150601/Images\MRH_X_20150602_094911_196.img reduced chisqr: 1.3110.
			Message:"Tolerance seems to be too small."
04/07/2021 19:54:06 PM: minime90/mrh/2015/20150601/Images\MRH_X_20150602_095219_197.img reduced chisqr: 1.4226.
			Message:"Tolerance seems to be too small."
04/07/2021 19:54:12 PM: minime90/mrh/2015/20150601/Images\MRH_X_20150602_095527_198.img reduced chisqr: 1.3930.
			Message:"Tolerance seems to be too small."
04/07/2021 19:54:18 PM: minime90/mrh/2015/20150601/Images\MRH_X_20150602_095835_199.img reduced chisqr: 1.2236.
			Message:"Tolerance seems to be too small."
04/07/2021 19:54:24 PM: minime90/mrh/2015/20150601/Images\MRH_X_20150602_100230_200.img reduced chisqr: 1.2376.
			Message:"Tolerance seems to be too small."
04/07/2021 19:54:31 PM: minime90/mrh/2015/20150601/Images\MRH_X_20150602_100542_201.img reduced chisqr: 1.2391.
			Message:"Tolerance seems to be too small."
04/07/2021 19:54:37 PM: minime90/mrh/2015/20150601/Images\MRH_X_20150602_100851_202.img reduced chisqr: 1.5298.
			Message:"Tolerance seems to be too small."
04/07/2021 19:54:43 PM: minime90/mrh/2015/20150601/Images\MRH_X_20150602_101200_203.img reduced chisqr: 1.2915.
			Message:"Tolerance seems to be too small."
04/07/2021 19:54:49 PM: minime90/mrh/2015/20150601/Images\MRH_X_20150602_101510_204.img reduced chisqr: 1.6354.
			Message:"Tolerance seems to be too small."
04/07/2021 19:54:56 PM: minime90/mrh/2015/20150601/Images\MRH_X_20150602_102128_206.img reduced chisqr: 1.4138.
			Message:"Tolerance seems to be too small."
04/07/2021 19:55:02 PM: minime90/mrh/2015/20150601/Images\MRH_X_20150602_102436_207.img reduced chisqr: 1.2855.
			Message:"Tolerance seems to be too small."
04/07/2021 19:55:08 PM: minime90/mrh/2015/20150601/Images\MRH_X_20150602_102744_208.img reduced chisqr: 1.5457.
			Message:"Tolerance seems to be too small."
04/07/2021 19:55:14 PM: minime90/mrh/2015/20150601/Images\MRH_X_20150602_103052_209.img reduced chisqr: 1.3910.
			Message:"Tolerance seems to be too small."
04/07/2021 19:55:20 PM: minime90/mrh/2015/20150601/Images\MRH_X_20150602_103448_210.img reduced chisqr: 1.6841.
			Message:"Tolerance seems to be too small."
04/07/2021 19:55:26 PM: minime90/mrh/2015/20150601/Images\MRH_X_20150602_103800_211.img reduced chisqr: 2.2149.
			Message:"Tolerance seems to be too small."
04/07/2021 19:55:26 PM: WARNING: Exposure time is not changing.
04/07/2021 19:55:27 PM: Created diagnostic plots.
04/07/2021 19:55:27 PM: Laser and sky image analysis complete.
04/07/2021 19:55:27 PM: No Boltwood cloud sensor data found.
04/07/2021 19:55:27 PM: No X300 temperature sensor data found.
04/07/2021 19:55:27 PM:  Quality Flag Calculation:
		Manual Wind Flag: 0
		Manual Temperature Flag: 0
		Laser Drift: False
		Sample-specific flags:
		Images\MRH_X_20150601_234833_010.img [no cloud data W1T1] [FINAL: W1T1]
		Images\MRH_X_20150601_235144_011.img [no cloud data W1T1] [FINAL: W1T1]
		Images\MRH_X_20150601_235802_013.img [no cloud data W1T1] [FINAL: W1T1]
		Images\MRH_X_20150602_000112_014.img [no cloud data W1T1] [FINAL: W1T1]
		Images\MRH_X_20150602_000421_015.img [no cloud data W1T1] [FINAL: W1T1]
		Images\MRH_X_20150602_000730_016.img [no cloud data W1T1] [FINAL: W1T1]
		Images\MRH_X_20150602_001038_017.img [no cloud data W1T1] [FINAL: W1T1]
		Images\MRH_X_20150602_001346_018.img [no cloud data W1T1] [FINAL: W1T1]
		Images\MRH_X_20150602_001654_019.img [no cloud data W1T1] [FINAL: W1T1]
		Images\MRH_X_20150602_002050_020.img [no cloud data W1T1] [FINAL: W1T1]
		Images\MRH_X_20150602_002401_021.img [no cloud data W1T1] [FINAL: W1T1]
		Images\MRH_X_20150602_003020_023.img [no cloud data W1T1] [FINAL: W1T1]
		Images\MRH_X_20150602_003330_024.img [no cloud data W1T1] [FINAL: W1T1]
		Images\MRH_X_20150602_003639_025.img [no cloud data W1T1] [FINAL: W1T1]
		Images\MRH_X_20150602_003948_026.img [no cloud data W1T1] [FINAL: W1T1]
		Images\MRH_X_20150602_004256_027.img [no cloud data W1T1] [FINAL: W1T1]
		Images\MRH_X_20150602_004605_028.img [no cloud data W1T1] [FINAL: W1T1]
		Images\MRH_X_20150602_004913_029.img [no cloud data W1T1] [FINAL: W1T1]
		Images\MRH_X_20150602_005308_030.img [no cloud data W1T1] [FINAL: W1T1]
		Images\MRH_X_20150602_010238_033.img [no cloud data W1T1] [FINAL: W1T1]
		Images\MRH_X_20150602_010548_034.img [no cloud data W1T1] [FINAL: W1T1]
		Images\MRH_X_20150602_010857_035.img [no cloud data W1T1] [FINAL: W1T1]
		Images\MRH_X_20150602_011207_036.img [no cloud data W1T1] [FINAL: W1T1]
		Images\MRH_X_20150602_011515_037.img [no cloud data W1T1] [FINAL: W1T1]
		Images\MRH_X_20150602_011823_038.img [no cloud data W1T1] [FINAL: W1T1]
		Images\MRH_X_20150602_012131_039.img [no cloud data W1T1] [FINAL: W1T1]
		Images\MRH_X_20150602_012527_040.img [no cloud data W1T1] [FINAL: W1T1]
		Images\MRH_X_20150602_013457_043.img [no cloud data W1T1] [FINAL: W1T1]
		Images\MRH_X_20150602_013807_044.img [no cloud data W1T1] [FINAL: W1T1]
		Images\MRH_X_20150602_014116_045.img [no cloud data W1T1] [FINAL: W1T1]
		Images\MRH_X_20150602_014425_046.img [no cloud data W1T1] [FINAL: W1T1]
		Images\MRH_X_20150602_014733_047.img [no cloud data W1T1] [FINAL: W1T1]
		Images\MRH_X_20150602_015041_048.img [no cloud data W1T1] [FINAL: W1T1]
		Images\MRH_X_20150602_015349_049.img [no cloud data W1T1] [FINAL: W1T1]
		Images\MRH_X_20150602_015746_050.img [no cloud data W1T1] [FINAL: W1T1]
		Images\MRH_X_20150602_020716_053.img [no cloud data W1T1] [FINAL: W1T1]
		Images\MRH_X_20150602_021026_054.img [no cloud data W1T1] [FINAL: W1T1]
		Images\MRH_X_20150602_021335_055.img [no cloud data W1T1] [FINAL: W1T1]
		Images\MRH_X_20150602_021644_056.img [no cloud data W1T1] [FINAL: W1T1]
		Images\MRH_X_20150602_021952_057.img [no cloud data W1T1] [FINAL: W1T1]
		Images\MRH_X_20150602_022300_058.img [no cloud data W1T1] [FINAL: W1T1]
		Images\MRH_X_20150602_022609_059.img [no cloud data W1T1] [FINAL: W1T1]
		Images\MRH_X_20150602_023005_060.img [no cloud data W1T1] [FINAL: W1T1]
		Images\MRH_X_20150602_024245_064.img [no cloud data W1T1] [FINAL: W1T1]
		Images\MRH_X_20150602_024554_065.img [no cloud data W1T1] [FINAL: W1T1]
		Images\MRH_X_20150602_024903_066.img [no cloud data W1T1] [FINAL: W1T1]
		Images\MRH_X_20150602_025211_067.img [no cloud data W1T1] [FINAL: W1T1]
		Images\MRH_X_20150602_025520_068.img [no cloud data W1T1] [FINAL: W1T1]
		Images\MRH_X_20150602_025828_069.img [no cloud data W1T1] [FINAL: W1T1]
		Images\MRH_X_20150602_030224_070.img [no cloud data W1T1] [FINAL: W1T1]
		Images\MRH_X_20150602_031504_074.img [no cloud data W1T1] [FINAL: W1T1]
		Images\MRH_X_20150602_031813_075.img [no cloud data W1T1] [FINAL: W1T1]
		Images\MRH_X_20150602_032123_076.img [no cloud data W1T1] [FINAL: W1T1]
		Images\MRH_X_20150602_032431_077.img [no cloud data W1T1] [FINAL: W1T1]
		Images\MRH_X_20150602_032739_078.img [no cloud data W1T1] [FINAL: W1T1]
		Images\MRH_X_20150602_033047_079.img [no cloud data W1T1] [FINAL: W1T1]
		Images\MRH_X_20150602_033443_080.img [no cloud data W1T1] [FINAL: W1T1]
		Images\MRH_X_20150602_034723_084.img [no cloud data W1T1] [FINAL: W1T1]
		Images\MRH_X_20150602_035032_085.img [no cloud data W1T1] [FINAL: W1T1]
		Images\MRH_X_20150602_035341_086.img [no cloud data W1T1] [FINAL: W1T1]
		Images\MRH_X_20150602_035649_087.img [no cloud data W1T1] [FINAL: W1T1]
		Images\MRH_X_20150602_035958_088.img [no cloud data W1T1] [FINAL: W1T1]
		Images\MRH_X_20150602_040306_089.img [no cloud data W1T1] [FINAL: W1T1]
		Images\MRH_X_20150602_040701_090.img [no cloud data W1T1] [FINAL: W1T1]
		Images\MRH_X_20150602_041322_092.img [no cloud data W1T1] [FINAL: W1T1]
		Images\MRH_X_20150602_041941_094.img [no cloud data W1T1] [FINAL: W1T1]
		Images\MRH_X_20150602_042251_095.img [no cloud data W1T1] [FINAL: W1T1]
		Images\MRH_X_20150602_042600_096.img [no cloud data W1T1] [FINAL: W1T1]
		Images\MRH_X_20150602_042908_097.img [no cloud data W1T1] [FINAL: W1T1]
		Images\MRH_X_20150602_043217_098.img [no cloud data W1T1] [FINAL: W1T1]
		Images\MRH_X_20150602_043525_099.img [no cloud data W1T1] [FINAL: W1T1]
		Images\MRH_X_20150602_043921_100.img [no cloud data W1T1] [FINAL: W1T1]
		Images\MRH_X_20150602_044542_102.img [no cloud data W1T1] [FINAL: W1T1]
		Images\MRH_X_20150602_045201_104.img [no cloud data W1T1] [FINAL: W1T1]
		Images\MRH_X_20150602_045510_105.img [no cloud data W1T1] [FINAL: W1T1]
		Images\MRH_X_20150602_045819_106.img [no cloud data W1T1] [FINAL: W1T1]
		Images\MRH_X_20150602_050128_107.img [no cloud data W1T1] [FINAL: W1T1]
		Images\MRH_X_20150602_050436_108.img [no cloud data W1T1] [FINAL: W1T1]
		Images\MRH_X_20150602_050744_109.img [no cloud data W1T1] [FINAL: W1T1]
		Images\MRH_X_20150602_051141_110.img [no cloud data W1T1] [FINAL: W1T1]
		Images\MRH_X_20150602_051452_111.img [no cloud data W1T1] [FINAL: W1T1]
		Images\MRH_X_20150602_051802_112.img [no cloud data W1T1] [FINAL: W1T1]
		Images\MRH_X_20150602_053039_116.img [no cloud data W1T1] [FINAL: W1T1]
		Images\MRH_X_20150602_053348_117.img [no cloud data W1T1] [FINAL: W1T1]
		Images\MRH_X_20150602_053656_118.img [no cloud data W1T1] [sigma_T large: W2T2] [FINAL: W2T2]
		Images\MRH_X_20150602_054004_119.img [no cloud data W1T1] [sigma_T large: W2T2] [FINAL: W2T2]
		Images\MRH_X_20150602_054400_120.img [no cloud data W1T1] [FINAL: W1T1]
		Images\MRH_X_20150602_054712_121.img [no cloud data W1T1] [FINAL: W1T1]
		Images\MRH_X_20150602_055021_122.img [no cloud data W1T1] [sigma_T large: W2T2] [FINAL: W2T2]
		Images\MRH_X_20150602_060259_126.img [no cloud data W1T1] [sigma_T large: W2T2] [FINAL: W2T2]
		Images\MRH_X_20150602_060607_127.img [no cloud data W1T1] [sigma_T large: W2T2] [FINAL: W2T2]
		Images\MRH_X_20150602_060916_128.img [no cloud data W1T1] [sigma_T large: W2T2] [FINAL: W2T2]
		Images\MRH_X_20150602_061224_129.img [no cloud data W1T1] [sigma_T large: W2T2] [FINAL: W2T2]
		Images\MRH_X_20150602_061620_130.img [no cloud data W1T1] [sigma_T large: W2T2] [FINAL: W2T2]
		Images\MRH_X_20150602_061932_131.img [no cloud data W1T1] [sigma_T large: W2T2] [FINAL: W2T2]
		Images\MRH_X_20150602_062241_132.img [no cloud data W1T1] [sigma_T large: W2T2] [FINAL: W2T2]
		Images\MRH_X_20150602_063519_136.img [no cloud data W1T1] [sigma_T large: W2T2] [FINAL: W2T2]
		Images\MRH_X_20150602_063827_137.img [no cloud data W1T1] [sigma_T large: W2T2] [FINAL: W2T2]
		Images\MRH_X_20150602_064136_138.img [no cloud data W1T1] [sigma_T large: W2T2] [FINAL: W2T2]
		Images\MRH_X_20150602_064444_139.img [no cloud data W1T1] [sigma_T large: W2T2] [FINAL: W2T2]
		Images\MRH_X_20150602_064840_140.img [no cloud data W1T1] [sigma_T large: W2T2] [FINAL: W2T2]
		Images\MRH_X_20150602_065152_141.img [no cloud data W1T1] [FINAL: W1T1]
		Images\MRH_X_20150602_065501_142.img [no cloud data W1T1] [FINAL: W1T1]
		Images\MRH_X_20150602_070739_146.img [no cloud data W1T1] [sigma_T large: W2T2] [FINAL: W2T2]
		Images\MRH_X_20150602_071047_147.img [no cloud data W1T1] [sigma_T large: W2T2] [FINAL: W2T2]
		Images\MRH_X_20150602_071355_148.img [no cloud data W1T1] [sigma_T large: W2T2] [FINAL: W2T2]
		Images\MRH_X_20150602_071704_149.img [no cloud data W1T1] [sigma_T large: W2T2] [FINAL: W2T2]
		Images\MRH_X_20150602_072100_150.img [no cloud data W1T1] [sigma_T large: W2T2] [FINAL: W2T2]
		Images\MRH_X_20150602_072411_151.img [no cloud data W1T1] [FINAL: W1T1]
		Images\MRH_X_20150602_072720_152.img [no cloud data W1T1] [FINAL: W1T1]
		Images\MRH_X_20150602_073030_153.img [no cloud data W1T1] [sigma_T large: W2T2] [FINAL: W2T2]
		Images\MRH_X_20150602_073958_156.img [no cloud data W1T1] [FINAL: W1T1]
		Images\MRH_X_20150602_074306_157.img [no cloud data W1T1] [sigma_T large: W2T2] [FINAL: W2T2]
		Images\MRH_X_20150602_074614_158.img [no cloud data W1T1] [FINAL: W1T1]
		Images\MRH_X_20150602_074922_159.img [no cloud data W1T1] [sigma_T large: W2T2] [FINAL: W2T2]
		Images\MRH_X_20150602_075318_160.img [no cloud data W1T1] [FINAL: W1T1]
		Images\MRH_X_20150602_075630_161.img [no cloud data W1T1] [FINAL: W1T1]
		Images\MRH_X_20150602_075939_162.img [no cloud data W1T1] [FINAL: W1T1]
		Images\MRH_X_20150602_080248_163.img [no cloud data W1T1] [FINAL: W1T1]
		Images\MRH_X_20150602_081217_166.img [no cloud data W1T1] [sigma_T large: W2T2] [FINAL: W2T2]
		Images\MRH_X_20150602_081525_167.img [no cloud data W1T1] [sigma_T large: W2T2] [FINAL: W2T2]
		Images\MRH_X_20150602_081833_168.img [no cloud data W1T1] [sigma_T large: W2T2] [FINAL: W2T2]
		Images\MRH_X_20150602_082141_169.img [no cloud data W1T1] [sigma_T large: W2T2] [FINAL: W2T2]
		Images\MRH_X_20150602_082537_170.img [no cloud data W1T1] [FINAL: W1T1]
		Images\MRH_X_20150602_082848_171.img [no cloud data W1T1] [FINAL: W1T1]
		Images\MRH_X_20150602_083157_172.img [no cloud data W1T1] [FINAL: W1T1]
		Images\MRH_X_20150602_083506_173.img [no cloud data W1T1] [FINAL: W1T1]
		Images\MRH_X_20150602_084435_176.img [no cloud data W1T1] [FINAL: W1T1]
		Images\MRH_X_20150602_084743_177.img [no cloud data W1T1] [sigma_T large: W2T2] [FINAL: W2T2]
		Images\MRH_X_20150602_085051_178.img [no cloud data W1T1] [sigma_T large: W2T2] [FINAL: W2T2]
		Images\MRH_X_20150602_085359_179.img [no cloud data W1T1] [sigma_T large: W2T2] [FINAL: W2T2]
		Images\MRH_X_20150602_085755_180.img [no cloud data W1T1] [FINAL: W1T1]
		Images\MRH_X_20150602_090106_181.img [no cloud data W1T1] [FINAL: W1T1]
		Images\MRH_X_20150602_090415_182.img [no cloud data W1T1] [FINAL: W1T1]
		Images\MRH_X_20150602_090725_183.img [no cloud data W1T1] [sigma_T large: W2T2] [FINAL: W2T2]
		Images\MRH_X_20150602_091653_186.img [no cloud data W1T1] [sigma_T large: W2T2] [FINAL: W2T2]
		Images\MRH_X_20150602_092001_187.img [no cloud data W1T1] [sigma_T large: W2T2] [FINAL: W2T2]
		Images\MRH_X_20150602_092309_188.img [no cloud data W1T1] [sigma_T large: W2T2] [FINAL: W2T2]
		Images\MRH_X_20150602_092617_189.img [no cloud data W1T1] [sigma_T large: W2T2] [FINAL: W2T2]
		Images\MRH_X_20150602_093013_190.img [no cloud data W1T1] [FINAL: W1T1]
		Images\MRH_X_20150602_093324_191.img [no cloud data W1T1] [FINAL: W1T1]
		Images\MRH_X_20150602_093633_192.img [no cloud data W1T1] [FINAL: W1T1]
		Images\MRH_X_20150602_093943_193.img [no cloud data W1T1] [FINAL: W1T1]
		Images\MRH_X_20150602_094911_196.img [no cloud data W1T1] [FINAL: W1T1]
		Images\MRH_X_20150602_095219_197.img [no cloud data W1T1] [sigma_T large: W2T2] [FINAL: W2T2]
		Images\MRH_X_20150602_095527_198.img [no cloud data W1T1] [sigma_T large: W2T2] [FINAL: W2T2]
		Images\MRH_X_20150602_095835_199.img [no cloud data W1T1] [FINAL: W1T1]
		Images\MRH_X_20150602_100230_200.img [no cloud data W1T1] [FINAL: W1T1]
		Images\MRH_X_20150602_100542_201.img [no cloud data W1T1] [FINAL: W1T1]
		Images\MRH_X_20150602_100851_202.img [no cloud data W1T1] [FINAL: W1T1]
		Images\MRH_X_20150602_101200_203.img [no cloud data W1T1] [FINAL: W1T1]
		Images\MRH_X_20150602_101510_204.img [no cloud data W1T1] [FINAL: W1T1]
		Images\MRH_X_20150602_102128_206.img [no cloud data W1T1] [FINAL: W1T1]
		Images\MRH_X_20150602_102436_207.img [no cloud data W1T1] [FINAL: W1T1]
		Images\MRH_X_20150602_102744_208.img [no cloud data W1T1] [FINAL: W1T1]
		Images\MRH_X_20150602_103052_209.img [no cloud data W1T1] [FINAL: W1T1]
		Images\MRH_X_20150602_103448_210.img [no cloud data W1T1] [FINAL: W1T1]
		Images\MRH_X_20150602_103800_211.img [no cloud data W1T1] [FINAL: W1T1]
04/07/2021 19:55:27 PM: Results saved to results/minime90_mrh_20150601.npz
