04/07/2021 20:34:24 PM: Logfile Created
04/07/2021 20:34:24 PM: Sun up during minime90/mrh/2015/20150604/Images\MRH_L_20150604_231228_001.img. Ignoring this image...
04/07/2021 20:34:24 PM: minime90/mrh/2015/20150604/Images\MRH_L_20150604_234856_002.img center: 257.01, 255.12
04/07/2021 20:34:25 PM: minime90/mrh/2015/20150604/Images\MRH_L_20150605_002115_003.img center: 257.07, 255.16
04/07/2021 20:34:25 PM: minime90/mrh/2015/20150604/Images\MRH_L_20150605_005333_004.img center: 257.06, 255.14
04/07/2021 20:34:25 PM: minime90/mrh/2015/20150604/Images\MRH_L_20150605_012551_005.img center: 257.05, 255.16
04/07/2021 20:34:25 PM: minime90/mrh/2015/20150604/Images\MRH_L_20150605_015809_006.img center: 257.05, 255.18
04/07/2021 20:34:26 PM: minime90/mrh/2015/20150604/Images\MRH_L_20150605_023027_007.img center: 257.06, 255.22
04/07/2021 20:34:26 PM: minime90/mrh/2015/20150604/Images\MRH_L_20150605_030246_008.img center: 257.06, 255.19
04/07/2021 20:34:26 PM: minime90/mrh/2015/20150604/Images\MRH_L_20150605_033504_009.img center: 257.06, 255.20
04/07/2021 20:34:27 PM: minime90/mrh/2015/20150604/Images\MRH_L_20150605_040723_010.img center: 257.12, 255.19
04/07/2021 20:34:27 PM: minime90/mrh/2015/20150604/Images\MRH_L_20150605_043941_011.img center: 257.13, 255.21
04/07/2021 20:34:27 PM: minime90/mrh/2015/20150604/Images\MRH_L_20150605_051200_012.img center: 257.10, 255.26
04/07/2021 20:34:28 PM: minime90/mrh/2015/20150604/Images\MRH_L_20150605_054418_013.img center: 257.14, 255.23
04/07/2021 20:34:28 PM: minime90/mrh/2015/20150604/Images\MRH_L_20150605_061636_014.img center: 257.14, 255.22
04/07/2021 20:34:28 PM: minime90/mrh/2015/20150604/Images\MRH_L_20150605_064855_015.img center: 257.10, 255.26
04/07/2021 20:34:29 PM: minime90/mrh/2015/20150604/Images\MRH_L_20150605_072113_016.img center: 257.17, 255.27
04/07/2021 20:34:31 PM: minime90/mrh/2015/20150604/Images\MRH_L_20150604_234856_002.img reduced chisqr: 4.9864
04/07/2021 20:34:34 PM: minime90/mrh/2015/20150604/Images\MRH_L_20150605_002115_003.img reduced chisqr: 5.1480
04/07/2021 20:34:37 PM: minime90/mrh/2015/20150604/Images\MRH_L_20150605_005333_004.img reduced chisqr: 5.0752
04/07/2021 20:34:40 PM: minime90/mrh/2015/20150604/Images\MRH_L_20150605_012551_005.img reduced chisqr: 4.7539
04/07/2021 20:34:42 PM: minime90/mrh/2015/20150604/Images\MRH_L_20150605_015809_006.img reduced chisqr: 4.1027
04/07/2021 20:34:45 PM: minime90/mrh/2015/20150604/Images\MRH_L_20150605_023027_007.img reduced chisqr: 3.9689
04/07/2021 20:34:48 PM: minime90/mrh/2015/20150604/Images\MRH_L_20150605_030246_008.img reduced chisqr: 5.0990
04/07/2021 20:34:51 PM: minime90/mrh/2015/20150604/Images\MRH_L_20150605_033504_009.img reduced chisqr: 4.5805
04/07/2021 20:34:54 PM: minime90/mrh/2015/20150604/Images\MRH_L_20150605_040723_010.img reduced chisqr: 4.7955
04/07/2021 20:34:56 PM: minime90/mrh/2015/20150604/Images\MRH_L_20150605_043941_011.img reduced chisqr: 4.5107
04/07/2021 20:34:59 PM: minime90/mrh/2015/20150604/Images\MRH_L_20150605_051200_012.img reduced chisqr: 4.9961
04/07/2021 20:35:02 PM: minime90/mrh/2015/20150604/Images\MRH_L_20150605_054418_013.img reduced chisqr: 4.8536
04/07/2021 20:35:05 PM: minime90/mrh/2015/20150604/Images\MRH_L_20150605_061636_014.img reduced chisqr: 5.3539
04/07/2021 20:35:08 PM: minime90/mrh/2015/20150604/Images\MRH_L_20150605_064855_015.img reduced chisqr: 4.0422
04/07/2021 20:35:10 PM: minime90/mrh/2015/20150604/Images\MRH_L_20150605_072113_016.img reduced chisqr: 5.0048
04/07/2021 20:35:10 PM: minime90/mrh/2015/20150604/Images\MRH_X_20150604_232030_001.img not bounded by laser images. Ignoring this image...
04/07/2021 20:35:10 PM: minime90/mrh/2015/20150604/Images\MRH_X_20150604_232340_002.img not bounded by laser images. Ignoring this image...
04/07/2021 20:35:10 PM: minime90/mrh/2015/20150604/Images\MRH_X_20150604_232649_003.img not bounded by laser images. Ignoring this image...
04/07/2021 20:35:10 PM: minime90/mrh/2015/20150604/Images\MRH_X_20150604_232959_004.img not bounded by laser images. Ignoring this image...
04/07/2021 20:35:10 PM: minime90/mrh/2015/20150604/Images\MRH_X_20150604_233308_005.img not bounded by laser images. Ignoring this image...
04/07/2021 20:35:10 PM: minime90/mrh/2015/20150604/Images\MRH_X_20150604_233617_006.img not bounded by laser images. Ignoring this image...
04/07/2021 20:35:10 PM: minime90/mrh/2015/20150604/Images\MRH_X_20150604_233925_007.img not bounded by laser images. Ignoring this image...
04/07/2021 20:35:10 PM: minime90/mrh/2015/20150604/Images\MRH_X_20150604_234233_008.img not bounded by laser images. Ignoring this image...
04/07/2021 20:35:10 PM: minime90/mrh/2015/20150604/Images\MRH_X_20150604_234541_009.img not bounded by laser images. Ignoring this image...
04/07/2021 20:35:10 PM: minime90/mrh/2015/20150604/Images\MRH_X_20150605_013253_042.img is looking too close to the moon (32.8 deg). Ignoring this image...
04/07/2021 20:35:10 PM: minime90/mrh/2015/20150604/Images\MRH_X_20150605_020511_052.img is looking too close to the moon (25.4 deg). Ignoring this image...
04/07/2021 20:35:10 PM: minime90/mrh/2015/20150604/Images\MRH_X_20150605_023729_062.img is looking too close to the moon (18.0 deg). Ignoring this image...
04/07/2021 20:35:10 PM: minime90/mrh/2015/20150604/Images\MRH_X_20150605_030947_072.img is looking too close to the moon (10.6 deg). Ignoring this image...
04/07/2021 20:35:10 PM: minime90/mrh/2015/20150604/Images\MRH_X_20150605_033857_081.img is looking too close to the moon (34.7 deg). Ignoring this image...
04/07/2021 20:35:10 PM: minime90/mrh/2015/20150604/Images\MRH_X_20150605_034206_082.img is looking too close to the moon (3.1 deg). Ignoring this image...
04/07/2021 20:35:10 PM: minime90/mrh/2015/20150604/Images\MRH_X_20150605_041116_091.img is looking too close to the moon (30.6 deg). Ignoring this image...
04/07/2021 20:35:10 PM: minime90/mrh/2015/20150604/Images\MRH_X_20150605_041425_092.img is looking too close to the moon (4.4 deg). Ignoring this image...
04/07/2021 20:35:10 PM: minime90/mrh/2015/20150604/Images\MRH_X_20150605_044334_101.img is looking too close to the moon (27.8 deg). Ignoring this image...
04/07/2021 20:35:10 PM: minime90/mrh/2015/20150604/Images\MRH_X_20150605_044643_102.img is looking too close to the moon (11.9 deg). Ignoring this image...
04/07/2021 20:35:10 PM: minime90/mrh/2015/20150604/Images\MRH_X_20150605_051552_111.img is looking too close to the moon (26.2 deg). Ignoring this image...
04/07/2021 20:35:10 PM: minime90/mrh/2015/20150604/Images\MRH_X_20150605_051902_112.img is looking too close to the moon (19.5 deg). Ignoring this image...
04/07/2021 20:35:10 PM: minime90/mrh/2015/20150604/Images\MRH_X_20150605_052211_113.img is looking too close to the moon (30.0 deg). Ignoring this image...
04/07/2021 20:35:10 PM: minime90/mrh/2015/20150604/Images\MRH_X_20150605_054811_121.img is looking too close to the moon (26.2 deg). Ignoring this image...
04/07/2021 20:35:10 PM: minime90/mrh/2015/20150604/Images\MRH_X_20150605_055120_122.img is looking too close to the moon (27.0 deg). Ignoring this image...
04/07/2021 20:35:10 PM: minime90/mrh/2015/20150604/Images\MRH_X_20150605_055429_123.img is looking too close to the moon (22.6 deg). Ignoring this image...
04/07/2021 20:35:10 PM: minime90/mrh/2015/20150604/Images\MRH_X_20150605_062029_131.img is looking too close to the moon (28.0 deg). Ignoring this image...
04/07/2021 20:35:10 PM: minime90/mrh/2015/20150604/Images\MRH_X_20150605_062338_132.img is looking too close to the moon (34.5 deg). Ignoring this image...
04/07/2021 20:35:10 PM: minime90/mrh/2015/20150604/Images\MRH_X_20150605_062648_133.img is looking too close to the moon (15.3 deg). Ignoring this image...
04/07/2021 20:35:10 PM: minime90/mrh/2015/20150604/Images\MRH_X_20150605_065248_141.img is looking too close to the moon (31.1 deg). Ignoring this image...
04/07/2021 20:35:10 PM: minime90/mrh/2015/20150604/Images\MRH_X_20150605_065906_143.img is looking too close to the moon (8.6 deg). Ignoring this image...
04/07/2021 20:35:10 PM: minime90/mrh/2015/20150604/Images\MRH_X_20150605_072154_150.img not bounded by laser images. Ignoring this image...
04/07/2021 20:35:10 PM: minime90/mrh/2015/20150604/Images\MRH_X_20150605_072506_151.img not bounded by laser images. Ignoring this image...
04/07/2021 20:35:10 PM: minime90/mrh/2015/20150604/Images\MRH_X_20150605_072815_152.img not bounded by laser images. Ignoring this image...
04/07/2021 20:35:10 PM: minime90/mrh/2015/20150604/Images\MRH_X_20150605_073124_153.img not bounded by laser images. Ignoring this image...
04/07/2021 20:35:10 PM: minime90/mrh/2015/20150604/Images\MRH_X_20150605_073434_154.img not bounded by laser images. Ignoring this image...
04/07/2021 20:35:17 PM: minime90/mrh/2015/20150604/Images\MRH_X_20150604_234938_010.img reduced chisqr: 1.4161.
			Message:"Tolerance seems to be too small."
04/07/2021 20:35:24 PM: minime90/mrh/2015/20150604/Images\MRH_X_20150604_235249_011.img reduced chisqr: 1.0949.
			Message:"Tolerance seems to be too small."
04/07/2021 20:35:30 PM: minime90/mrh/2015/20150604/Images\MRH_X_20150604_235558_012.img reduced chisqr: 1.0817.
			Message:"Tolerance seems to be too small."
04/07/2021 20:35:37 PM: minime90/mrh/2015/20150604/Images\MRH_X_20150604_235907_013.img reduced chisqr: 0.9715.
			Message:"Tolerance seems to be too small."
04/07/2021 20:35:43 PM: minime90/mrh/2015/20150604/Images\MRH_X_20150605_000217_014.img reduced chisqr: 1.1615.
			Message:"Tolerance seems to be too small."
04/07/2021 20:35:50 PM: minime90/mrh/2015/20150604/Images\MRH_X_20150605_000526_015.img reduced chisqr: 1.2845.
			Message:"Tolerance seems to be too small."
04/07/2021 20:35:56 PM: minime90/mrh/2015/20150604/Images\MRH_X_20150605_000835_016.img reduced chisqr: 1.2192.
			Message:"Tolerance seems to be too small."
04/07/2021 20:36:03 PM: minime90/mrh/2015/20150604/Images\MRH_X_20150605_001143_017.img reduced chisqr: 1.1287.
			Message:"Tolerance seems to be too small."
04/07/2021 20:36:10 PM: minime90/mrh/2015/20150604/Images\MRH_X_20150605_001451_018.img reduced chisqr: 1.2868.
			Message:"Tolerance seems to be too small."
04/07/2021 20:36:16 PM: minime90/mrh/2015/20150604/Images\MRH_X_20150605_001759_019.img reduced chisqr: 1.0931.
			Message:"Tolerance seems to be too small."
04/07/2021 20:36:23 PM: minime90/mrh/2015/20150604/Images\MRH_X_20150605_002156_020.img reduced chisqr: 1.1969.
			Message:"Tolerance seems to be too small."
04/07/2021 20:36:29 PM: minime90/mrh/2015/20150604/Images\MRH_X_20150605_002507_021.img reduced chisqr: 1.2818.
			Message:"Tolerance seems to be too small."
04/07/2021 20:36:37 PM: minime90/mrh/2015/20150604/Images\MRH_X_20150605_002816_022.img reduced chisqr: 1.3443.
			Message:"Tolerance seems to be too small."
04/07/2021 20:36:46 PM: minime90/mrh/2015/20150604/Images\MRH_X_20150605_003126_023.img reduced chisqr: 1.2729.
			Message:"Tolerance seems to be too small."
04/07/2021 20:36:53 PM: minime90/mrh/2015/20150604/Images\MRH_X_20150605_003435_024.img reduced chisqr: 1.0626.
			Message:"Tolerance seems to be too small."
04/07/2021 20:37:00 PM: minime90/mrh/2015/20150604/Images\MRH_X_20150605_003745_025.img reduced chisqr: 1.2648.
			Message:"Tolerance seems to be too small."
04/07/2021 20:37:06 PM: minime90/mrh/2015/20150604/Images\MRH_X_20150605_004054_026.img reduced chisqr: 1.4186.
			Message:"Tolerance seems to be too small."
04/07/2021 20:37:13 PM: minime90/mrh/2015/20150604/Images\MRH_X_20150605_004402_027.img reduced chisqr: 1.4242.
			Message:"Tolerance seems to be too small."
04/07/2021 20:37:19 PM: minime90/mrh/2015/20150604/Images\MRH_X_20150605_004710_028.img reduced chisqr: 1.1871.
			Message:"Tolerance seems to be too small."
04/07/2021 20:37:26 PM: minime90/mrh/2015/20150604/Images\MRH_X_20150605_005018_029.img reduced chisqr: 1.1435.
			Message:"Tolerance seems to be too small."
04/07/2021 20:37:32 PM: minime90/mrh/2015/20150604/Images\MRH_X_20150605_005414_030.img reduced chisqr: 1.1493.
			Message:"Tolerance seems to be too small."
04/07/2021 20:37:39 PM: minime90/mrh/2015/20150604/Images\MRH_X_20150605_005726_031.img reduced chisqr: 1.1556.
			Message:"Tolerance seems to be too small."
04/07/2021 20:37:45 PM: minime90/mrh/2015/20150604/Images\MRH_X_20150605_010035_032.img reduced chisqr: 0.8944.
			Message:"Tolerance seems to be too small."
04/07/2021 20:37:52 PM: minime90/mrh/2015/20150604/Images\MRH_X_20150605_010344_033.img reduced chisqr: 1.2579.
			Message:"Tolerance seems to be too small."
04/07/2021 20:37:58 PM: minime90/mrh/2015/20150604/Images\MRH_X_20150605_010654_034.img reduced chisqr: 1.3273.
			Message:"Tolerance seems to be too small."
04/07/2021 20:38:05 PM: minime90/mrh/2015/20150604/Images\MRH_X_20150605_011003_035.img reduced chisqr: 1.0651.
			Message:"Tolerance seems to be too small."
04/07/2021 20:38:12 PM: minime90/mrh/2015/20150604/Images\MRH_X_20150605_011312_036.img reduced chisqr: 1.2756.
			Message:"Tolerance seems to be too small."
04/07/2021 20:38:18 PM: minime90/mrh/2015/20150604/Images\MRH_X_20150605_011620_037.img reduced chisqr: 1.0164.
			Message:"Tolerance seems to be too small."
04/07/2021 20:38:25 PM: minime90/mrh/2015/20150604/Images\MRH_X_20150605_011928_038.img reduced chisqr: 1.0588.
			Message:"Tolerance seems to be too small."
04/07/2021 20:38:31 PM: minime90/mrh/2015/20150604/Images\MRH_X_20150605_012236_039.img reduced chisqr: 1.0800.
			Message:"Tolerance seems to be too small."
04/07/2021 20:38:38 PM: minime90/mrh/2015/20150604/Images\MRH_X_20150605_012632_040.img reduced chisqr: 1.4336.
			Message:"Tolerance seems to be too small."
04/07/2021 20:38:45 PM: minime90/mrh/2015/20150604/Images\MRH_X_20150605_012944_041.img reduced chisqr: 1.0991.
			Message:"Tolerance seems to be too small."
04/07/2021 20:38:53 PM: minime90/mrh/2015/20150604/Images\MRH_X_20150605_013602_043.img reduced chisqr: 1.1133.
			Message:"Tolerance seems to be too small."
04/07/2021 20:39:00 PM: minime90/mrh/2015/20150604/Images\MRH_X_20150605_013912_044.img reduced chisqr: 1.3125.
			Message:"Tolerance seems to be too small."
04/07/2021 20:39:07 PM: minime90/mrh/2015/20150604/Images\MRH_X_20150605_014221_045.img reduced chisqr: 1.2575.
			Message:"Tolerance seems to be too small."
04/07/2021 20:39:13 PM: minime90/mrh/2015/20150604/Images\MRH_X_20150605_014530_046.img reduced chisqr: 1.3060.
			Message:"Tolerance seems to be too small."
04/07/2021 20:39:20 PM: minime90/mrh/2015/20150604/Images\MRH_X_20150605_014838_047.img reduced chisqr: 1.2275.
			Message:"Tolerance seems to be too small."
04/07/2021 20:39:27 PM: minime90/mrh/2015/20150604/Images\MRH_X_20150605_015146_048.img reduced chisqr: 1.2149.
			Message:"Tolerance seems to be too small."
04/07/2021 20:39:35 PM: minime90/mrh/2015/20150604/Images\MRH_X_20150605_015454_049.img reduced chisqr: 1.2580.
			Message:"Tolerance seems to be too small."
04/07/2021 20:39:42 PM: minime90/mrh/2015/20150604/Images\MRH_X_20150605_015850_050.img reduced chisqr: 1.4944.
			Message:"Tolerance seems to be too small."
04/07/2021 20:39:49 PM: minime90/mrh/2015/20150604/Images\MRH_X_20150605_020202_051.img reduced chisqr: 1.4130.
			Message:"Tolerance seems to be too small."
04/07/2021 20:39:56 PM: minime90/mrh/2015/20150604/Images\MRH_X_20150605_020820_053.img reduced chisqr: 1.1562.
			Message:"Tolerance seems to be too small."
04/07/2021 20:40:03 PM: minime90/mrh/2015/20150604/Images\MRH_X_20150605_021130_054.img reduced chisqr: 1.4310.
			Message:"Tolerance seems to be too small."
04/07/2021 20:40:10 PM: minime90/mrh/2015/20150604/Images\MRH_X_20150605_021439_055.img reduced chisqr: 1.3548.
			Message:"Tolerance seems to be too small."
04/07/2021 20:40:17 PM: minime90/mrh/2015/20150604/Images\MRH_X_20150605_021748_056.img reduced chisqr: 1.0614.
			Message:"Tolerance seems to be too small."
04/07/2021 20:40:24 PM: minime90/mrh/2015/20150604/Images\MRH_X_20150605_022056_057.img reduced chisqr: 1.3716.
			Message:"Tolerance seems to be too small."
04/07/2021 20:40:31 PM: minime90/mrh/2015/20150604/Images\MRH_X_20150605_022404_058.img reduced chisqr: 1.2921.
			Message:"Tolerance seems to be too small."
04/07/2021 20:40:38 PM: minime90/mrh/2015/20150604/Images\MRH_X_20150605_022712_059.img reduced chisqr: 1.1433.
			Message:"Tolerance seems to be too small."
04/07/2021 20:40:46 PM: minime90/mrh/2015/20150604/Images\MRH_X_20150605_023108_060.img reduced chisqr: 1.4714.
			Message:"Tolerance seems to be too small."
04/07/2021 20:40:53 PM: minime90/mrh/2015/20150604/Images\MRH_X_20150605_023420_061.img reduced chisqr: 1.3503.
			Message:"Tolerance seems to be too small."
04/07/2021 20:41:00 PM: minime90/mrh/2015/20150604/Images\MRH_X_20150605_024039_063.img reduced chisqr: 1.6143.
			Message:"Tolerance seems to be too small."
04/07/2021 20:41:06 PM: minime90/mrh/2015/20150604/Images\MRH_X_20150605_024348_064.img reduced chisqr: 1.6903.
			Message:"Tolerance seems to be too small."
04/07/2021 20:41:13 PM: minime90/mrh/2015/20150604/Images\MRH_X_20150605_024658_065.img reduced chisqr: 1.4576.
			Message:"Tolerance seems to be too small."
04/07/2021 20:41:19 PM: minime90/mrh/2015/20150604/Images\MRH_X_20150605_025007_066.img reduced chisqr: 1.3764.
			Message:"Tolerance seems to be too small."
04/07/2021 20:41:26 PM: minime90/mrh/2015/20150604/Images\MRH_X_20150605_025315_067.img reduced chisqr: 1.2388.
			Message:"Tolerance seems to be too small."
04/07/2021 20:41:32 PM: minime90/mrh/2015/20150604/Images\MRH_X_20150605_025623_068.img reduced chisqr: 1.3630.
			Message:"Tolerance seems to be too small."
04/07/2021 20:41:39 PM: minime90/mrh/2015/20150604/Images\MRH_X_20150605_025931_069.img reduced chisqr: 1.4280.
			Message:"Tolerance seems to be too small."
04/07/2021 20:41:45 PM: minime90/mrh/2015/20150604/Images\MRH_X_20150605_030327_070.img reduced chisqr: 1.9634.
			Message:"Tolerance seems to be too small."
04/07/2021 20:41:52 PM: minime90/mrh/2015/20150604/Images\MRH_X_20150605_030638_071.img reduced chisqr: 1.8721.
			Message:"Tolerance seems to be too small."
04/07/2021 20:41:58 PM: minime90/mrh/2015/20150604/Images\MRH_X_20150605_031257_073.img reduced chisqr: 1.4551.
			Message:"Tolerance seems to be too small."
04/07/2021 20:42:05 PM: minime90/mrh/2015/20150604/Images\MRH_X_20150605_031607_074.img reduced chisqr: 1.6209.
			Message:"Tolerance seems to be too small."
04/07/2021 20:42:11 PM: minime90/mrh/2015/20150604/Images\MRH_X_20150605_031916_075.img reduced chisqr: 1.3955.
			Message:"Tolerance seems to be too small."
04/07/2021 20:42:18 PM: minime90/mrh/2015/20150604/Images\MRH_X_20150605_032225_076.img reduced chisqr: 1.3487.
			Message:"Tolerance seems to be too small."
04/07/2021 20:42:24 PM: minime90/mrh/2015/20150604/Images\MRH_X_20150605_032533_077.img reduced chisqr: 1.7730.
			Message:"Tolerance seems to be too small."
04/07/2021 20:42:31 PM: minime90/mrh/2015/20150604/Images\MRH_X_20150605_032841_078.img reduced chisqr: 1.6138.
			Message:"Tolerance seems to be too small."
04/07/2021 20:42:37 PM: minime90/mrh/2015/20150604/Images\MRH_X_20150605_033149_079.img reduced chisqr: 1.5502.
			Message:"Tolerance seems to be too small."
04/07/2021 20:42:44 PM: minime90/mrh/2015/20150604/Images\MRH_X_20150605_033545_080.img reduced chisqr: 1.4765.
			Message:"Tolerance seems to be too small."
04/07/2021 20:42:50 PM: minime90/mrh/2015/20150604/Images\MRH_X_20150605_034515_083.img reduced chisqr: 1.6725.
			Message:"Tolerance seems to be too small."
04/07/2021 20:42:57 PM: minime90/mrh/2015/20150604/Images\MRH_X_20150605_034825_084.img reduced chisqr: 1.5621.
			Message:"Tolerance seems to be too small."
04/07/2021 20:43:04 PM: minime90/mrh/2015/20150604/Images\MRH_X_20150605_035134_085.img reduced chisqr: 1.5399.
			Message:"Tolerance seems to be too small."
04/07/2021 20:43:10 PM: minime90/mrh/2015/20150604/Images\MRH_X_20150605_035444_086.img reduced chisqr: 1.6600.
			Message:"Tolerance seems to be too small."
04/07/2021 20:43:16 PM: minime90/mrh/2015/20150604/Images\MRH_X_20150605_035752_087.img reduced chisqr: 1.6534.
			Message:"Tolerance seems to be too small."
04/07/2021 20:43:23 PM: minime90/mrh/2015/20150604/Images\MRH_X_20150605_040100_088.img reduced chisqr: 1.5895.
			Message:"Tolerance seems to be too small."
04/07/2021 20:43:29 PM: minime90/mrh/2015/20150604/Images\MRH_X_20150605_040408_089.img reduced chisqr: 1.4785.
			Message:"Tolerance seems to be too small."
04/07/2021 20:43:35 PM: minime90/mrh/2015/20150604/Images\MRH_X_20150605_040804_090.img reduced chisqr: 1.4168.
			Message:"Tolerance seems to be too small."
04/07/2021 20:43:41 PM: minime90/mrh/2015/20150604/Images\MRH_X_20150605_041734_093.img reduced chisqr: 1.7410.
			Message:"Tolerance seems to be too small."
04/07/2021 20:43:48 PM: minime90/mrh/2015/20150604/Images\MRH_X_20150605_042044_094.img reduced chisqr: 1.4887.
			Message:"Tolerance seems to be too small."
04/07/2021 20:43:54 PM: minime90/mrh/2015/20150604/Images\MRH_X_20150605_042353_095.img reduced chisqr: 1.3929.
			Message:"Tolerance seems to be too small."
04/07/2021 20:44:01 PM: minime90/mrh/2015/20150604/Images\MRH_X_20150605_042702_096.img reduced chisqr: 1.5446.
			Message:"Tolerance seems to be too small."
04/07/2021 20:44:08 PM: minime90/mrh/2015/20150604/Images\MRH_X_20150605_043010_097.img reduced chisqr: 1.4678.
			Message:"Tolerance seems to be too small."
04/07/2021 20:44:15 PM: minime90/mrh/2015/20150604/Images\MRH_X_20150605_043318_098.img reduced chisqr: 1.2956.
			Message:"Tolerance seems to be too small."
04/07/2021 20:44:22 PM: minime90/mrh/2015/20150604/Images\MRH_X_20150605_043626_099.img reduced chisqr: 1.1984.
			Message:"Tolerance seems to be too small."
04/07/2021 20:44:29 PM: minime90/mrh/2015/20150604/Images\MRH_X_20150605_044023_100.img reduced chisqr: 1.4700.
			Message:"Tolerance seems to be too small."
04/07/2021 20:44:35 PM: minime90/mrh/2015/20150604/Images\MRH_X_20150605_044952_103.img reduced chisqr: 1.4916.
			Message:"Tolerance seems to be too small."
04/07/2021 20:44:42 PM: minime90/mrh/2015/20150604/Images\MRH_X_20150605_045302_104.img reduced chisqr: 1.5536.
			Message:"Tolerance seems to be too small."
04/07/2021 20:44:48 PM: minime90/mrh/2015/20150604/Images\MRH_X_20150605_045611_105.img reduced chisqr: 1.4580.
			Message:"Tolerance seems to be too small."
04/07/2021 20:44:55 PM: minime90/mrh/2015/20150604/Images\MRH_X_20150605_045920_106.img reduced chisqr: 1.3813.
			Message:"Tolerance seems to be too small."
04/07/2021 20:45:01 PM: minime90/mrh/2015/20150604/Images\MRH_X_20150605_050228_107.img reduced chisqr: 1.2169.
			Message:"Tolerance seems to be too small."
04/07/2021 20:45:07 PM: minime90/mrh/2015/20150604/Images\MRH_X_20150605_050537_108.img reduced chisqr: 1.4354.
			Message:"Tolerance seems to be too small."
04/07/2021 20:45:14 PM: minime90/mrh/2015/20150604/Images\MRH_X_20150605_050845_109.img reduced chisqr: 1.3424.
			Message:"Tolerance seems to be too small."
04/07/2021 20:45:20 PM: minime90/mrh/2015/20150604/Images\MRH_X_20150605_051241_110.img reduced chisqr: 1.4107.
			Message:"Tolerance seems to be too small."
04/07/2021 20:45:27 PM: minime90/mrh/2015/20150604/Images\MRH_X_20150605_052521_114.img reduced chisqr: 1.4039.
			Message:"Tolerance seems to be too small."
04/07/2021 20:45:33 PM: minime90/mrh/2015/20150604/Images\MRH_X_20150605_052830_115.img reduced chisqr: 1.3625.
			Message:"Tolerance seems to be too small."
04/07/2021 20:45:39 PM: minime90/mrh/2015/20150604/Images\MRH_X_20150605_053139_116.img reduced chisqr: 1.5934.
			Message:"Tolerance seems to be too small."
04/07/2021 20:45:46 PM: minime90/mrh/2015/20150604/Images\MRH_X_20150605_053447_117.img reduced chisqr: 1.3793.
			Message:"Tolerance seems to be too small."
04/07/2021 20:45:52 PM: minime90/mrh/2015/20150604/Images\MRH_X_20150605_053755_118.img reduced chisqr: 1.7614.
			Message:"Tolerance seems to be too small."
04/07/2021 20:45:59 PM: minime90/mrh/2015/20150604/Images\MRH_X_20150605_054103_119.img reduced chisqr: 1.4855.
			Message:"Tolerance seems to be too small."
04/07/2021 20:46:05 PM: minime90/mrh/2015/20150604/Images\MRH_X_20150605_054459_120.img reduced chisqr: 1.7322.
			Message:"Tolerance seems to be too small."
04/07/2021 20:46:11 PM: minime90/mrh/2015/20150604/Images\MRH_X_20150605_055739_124.img reduced chisqr: 1.4461.
			Message:"Tolerance seems to be too small."
04/07/2021 20:46:18 PM: minime90/mrh/2015/20150604/Images\MRH_X_20150605_060048_125.img reduced chisqr: 1.5183.
			Message:"Tolerance seems to be too small."
04/07/2021 20:46:24 PM: minime90/mrh/2015/20150604/Images\MRH_X_20150605_060357_126.img reduced chisqr: 1.1791.
			Message:"Tolerance seems to be too small."
04/07/2021 20:46:30 PM: minime90/mrh/2015/20150604/Images\MRH_X_20150605_060705_127.img reduced chisqr: 1.2801.
			Message:"Tolerance seems to be too small."
04/07/2021 20:46:37 PM: minime90/mrh/2015/20150604/Images\MRH_X_20150605_061013_128.img reduced chisqr: 1.2816.
			Message:"Tolerance seems to be too small."
04/07/2021 20:46:43 PM: minime90/mrh/2015/20150604/Images\MRH_X_20150605_061321_129.img reduced chisqr: 1.1416.
			Message:"Tolerance seems to be too small."
04/07/2021 20:46:49 PM: minime90/mrh/2015/20150604/Images\MRH_X_20150605_061718_130.img reduced chisqr: 1.3502.
			Message:"Tolerance seems to be too small."
04/07/2021 20:46:56 PM: minime90/mrh/2015/20150604/Images\MRH_X_20150605_062957_134.img reduced chisqr: 1.2034.
			Message:"Tolerance seems to be too small."
04/07/2021 20:47:02 PM: minime90/mrh/2015/20150604/Images\MRH_X_20150605_063306_135.img reduced chisqr: 1.1883.
			Message:"Tolerance seems to be too small."
04/07/2021 20:47:09 PM: minime90/mrh/2015/20150604/Images\MRH_X_20150605_063616_136.img reduced chisqr: 1.5840.
			Message:"Tolerance seems to be too small."
04/07/2021 20:47:15 PM: minime90/mrh/2015/20150604/Images\MRH_X_20150605_063924_137.img reduced chisqr: 1.1925.
			Message:"Tolerance seems to be too small."
04/07/2021 20:47:22 PM: minime90/mrh/2015/20150604/Images\MRH_X_20150605_064232_138.img reduced chisqr: 1.4153.
			Message:"Tolerance seems to be too small."
04/07/2021 20:47:28 PM: minime90/mrh/2015/20150604/Images\MRH_X_20150605_064540_139.img reduced chisqr: 1.3165.
			Message:"Tolerance seems to be too small."
04/07/2021 20:47:35 PM: minime90/mrh/2015/20150604/Images\MRH_X_20150605_064936_140.img reduced chisqr: 1.1415.
			Message:"Tolerance seems to be too small."
04/07/2021 20:47:41 PM: minime90/mrh/2015/20150604/Images\MRH_X_20150605_065557_142.img reduced chisqr: 1.2558.
			Message:"Tolerance seems to be too small."
04/07/2021 20:47:47 PM: minime90/mrh/2015/20150604/Images\MRH_X_20150605_070216_144.img reduced chisqr: 1.2880.
			Message:"Tolerance seems to be too small."
04/07/2021 20:47:54 PM: minime90/mrh/2015/20150604/Images\MRH_X_20150605_070525_145.img reduced chisqr: 1.5693.
			Message:"Tolerance seems to be too small."
04/07/2021 20:48:00 PM: minime90/mrh/2015/20150604/Images\MRH_X_20150605_070834_146.img reduced chisqr: 1.2281.
			Message:"Tolerance seems to be too small."
04/07/2021 20:48:07 PM: minime90/mrh/2015/20150604/Images\MRH_X_20150605_071142_147.img reduced chisqr: 1.5311.
			Message:"Tolerance seems to be too small."
04/07/2021 20:48:13 PM: minime90/mrh/2015/20150604/Images\MRH_X_20150605_071450_148.img reduced chisqr: 1.3560.
			Message:"Tolerance seems to be too small."
04/07/2021 20:48:19 PM: minime90/mrh/2015/20150604/Images\MRH_X_20150605_071758_149.img reduced chisqr: 1.2913.
			Message:"Tolerance seems to be too small."
04/07/2021 20:48:19 PM: WARNING: Exposure time is not changing.
04/07/2021 20:48:20 PM: Created diagnostic plots.
04/07/2021 20:48:20 PM: Laser and sky image analysis complete.
04/07/2021 20:48:20 PM: No Boltwood cloud sensor data found.
04/07/2021 20:48:20 PM: No X300 temperature sensor data found.
04/07/2021 20:48:20 PM:  Quality Flag Calculation:
		Manual Wind Flag: 0
		Manual Temperature Flag: 0
		Laser Drift: False
		Sample-specific flags:
		Images\MRH_X_20150604_234938_010.img [no cloud data W1T1] [FINAL: W1T1]
		Images\MRH_X_20150604_235249_011.img [no cloud data W1T1] [FINAL: W1T1]
		Images\MRH_X_20150604_235558_012.img [no cloud data W1T1] [FINAL: W1T1]
		Images\MRH_X_20150604_235907_013.img [no cloud data W1T1] [FINAL: W1T1]
		Images\MRH_X_20150605_000217_014.img [no cloud data W1T1] [FINAL: W1T1]
		Images\MRH_X_20150605_000526_015.img [no cloud data W1T1] [FINAL: W1T1]
		Images\MRH_X_20150605_000835_016.img [no cloud data W1T1] [FINAL: W1T1]
		Images\MRH_X_20150605_001143_017.img [no cloud data W1T1] [FINAL: W1T1]
		Images\MRH_X_20150605_001451_018.img [no cloud data W1T1] [FINAL: W1T1]
		Images\MRH_X_20150605_001759_019.img [no cloud data W1T1] [FINAL: W1T1]
		Images\MRH_X_20150605_002156_020.img [no cloud data W1T1] [FINAL: W1T1]
		Images\MRH_X_20150605_002507_021.img [no cloud data W1T1] [FINAL: W1T1]
		Images\MRH_X_20150605_002816_022.img [no cloud data W1T1] [FINAL: W1T1]
		Images\MRH_X_20150605_003126_023.img [no cloud data W1T1] [FINAL: W1T1]
		Images\MRH_X_20150605_003435_024.img [no cloud data W1T1] [FINAL: W1T1]
		Images\MRH_X_20150605_003745_025.img [no cloud data W1T1] [FINAL: W1T1]
		Images\MRH_X_20150605_004054_026.img [no cloud data W1T1] [FINAL: W1T1]
		Images\MRH_X_20150605_004402_027.img [no cloud data W1T1] [FINAL: W1T1]
		Images\MRH_X_20150605_004710_028.img [no cloud data W1T1] [FINAL: W1T1]
		Images\MRH_X_20150605_005018_029.img [no cloud data W1T1] [FINAL: W1T1]
		Images\MRH_X_20150605_005414_030.img [no cloud data W1T1] [FINAL: W1T1]
		Images\MRH_X_20150605_005726_031.img [no cloud data W1T1] [FINAL: W1T1]
		Images\MRH_X_20150605_010035_032.img [no cloud data W1T1] [FINAL: W1T1]
		Images\MRH_X_20150605_010344_033.img [no cloud data W1T1] [FINAL: W1T1]
		Images\MRH_X_20150605_010654_034.img [no cloud data W1T1] [FINAL: W1T1]
		Images\MRH_X_20150605_011003_035.img [no cloud data W1T1] [FINAL: W1T1]
		Images\MRH_X_20150605_011312_036.img [no cloud data W1T1] [FINAL: W1T1]
		Images\MRH_X_20150605_011620_037.img [no cloud data W1T1] [FINAL: W1T1]
		Images\MRH_X_20150605_011928_038.img [no cloud data W1T1] [FINAL: W1T1]
		Images\MRH_X_20150605_012236_039.img [no cloud data W1T1] [FINAL: W1T1]
		Images\MRH_X_20150605_012632_040.img [no cloud data W1T1] [FINAL: W1T1]
		Images\MRH_X_20150605_012944_041.img [no cloud data W1T1] [FINAL: W1T1]
		Images\MRH_X_20150605_013602_043.img [no cloud data W1T1] [FINAL: W1T1]
		Images\MRH_X_20150605_013912_044.img [no cloud data W1T1] [FINAL: W1T1]
		Images\MRH_X_20150605_014221_045.img [no cloud data W1T1] [FINAL: W1T1]
		Images\MRH_X_20150605_014530_046.img [no cloud data W1T1] [FINAL: W1T1]
		Images\MRH_X_20150605_014838_047.img [no cloud data W1T1] [FINAL: W1T1]
		Images\MRH_X_20150605_015146_048.img [no cloud data W1T1] [FINAL: W1T1]
		Images\MRH_X_20150605_015454_049.img [no cloud data W1T1] [FINAL: W1T1]
		Images\MRH_X_20150605_015850_050.img [no cloud data W1T1] [FINAL: W1T1]
		Images\MRH_X_20150605_020202_051.img [no cloud data W1T1] [FINAL: W1T1]
		Images\MRH_X_20150605_020820_053.img [no cloud data W1T1] [FINAL: W1T1]
		Images\MRH_X_20150605_021130_054.img [no cloud data W1T1] [FINAL: W1T1]
		Images\MRH_X_20150605_021439_055.img [no cloud data W1T1] [FINAL: W1T1]
		Images\MRH_X_20150605_021748_056.img [no cloud data W1T1] [FINAL: W1T1]
		Images\MRH_X_20150605_022056_057.img [no cloud data W1T1] [FINAL: W1T1]
		Images\MRH_X_20150605_022404_058.img [no cloud data W1T1] [FINAL: W1T1]
		Images\MRH_X_20150605_022712_059.img [no cloud data W1T1] [FINAL: W1T1]
		Images\MRH_X_20150605_023108_060.img [no cloud data W1T1] [FINAL: W1T1]
		Images\MRH_X_20150605_023420_061.img [no cloud data W1T1] [FINAL: W1T1]
		Images\MRH_X_20150605_024039_063.img [no cloud data W1T1] [FINAL: W1T1]
		Images\MRH_X_20150605_024348_064.img [no cloud data W1T1] [FINAL: W1T1]
		Images\MRH_X_20150605_024658_065.img [no cloud data W1T1] [FINAL: W1T1]
		Images\MRH_X_20150605_025007_066.img [no cloud data W1T1] [FINAL: W1T1]
		Images\MRH_X_20150605_025315_067.img [no cloud data W1T1] [FINAL: W1T1]
		Images\MRH_X_20150605_025623_068.img [no cloud data W1T1] [FINAL: W1T1]
		Images\MRH_X_20150605_025931_069.img [no cloud data W1T1] [FINAL: W1T1]
		Images\MRH_X_20150605_030327_070.img [no cloud data W1T1] [FINAL: W1T1]
		Images\MRH_X_20150605_030638_071.img [no cloud data W1T1] [FINAL: W1T1]
		Images\MRH_X_20150605_031257_073.img [no cloud data W1T1] [FINAL: W1T1]
		Images\MRH_X_20150605_031607_074.img [no cloud data W1T1] [FINAL: W1T1]
		Images\MRH_X_20150605_031916_075.img [no cloud data W1T1] [FINAL: W1T1]
		Images\MRH_X_20150605_032225_076.img [no cloud data W1T1] [FINAL: W1T1]
		Images\MRH_X_20150605_032533_077.img [no cloud data W1T1] [FINAL: W1T1]
		Images\MRH_X_20150605_032841_078.img [no cloud data W1T1] [FINAL: W1T1]
		Images\MRH_X_20150605_033149_079.img [no cloud data W1T1] [FINAL: W1T1]
		Images\MRH_X_20150605_033545_080.img [no cloud data W1T1] [FINAL: W1T1]
		Images\MRH_X_20150605_034515_083.img [no cloud data W1T1] [FINAL: W1T1]
		Images\MRH_X_20150605_034825_084.img [no cloud data W1T1] [FINAL: W1T1]
		Images\MRH_X_20150605_035134_085.img [no cloud data W1T1] [FINAL: W1T1]
		Images\MRH_X_20150605_035444_086.img [no cloud data W1T1] [FINAL: W1T1]
		Images\MRH_X_20150605_035752_087.img [no cloud data W1T1] [FINAL: W1T1]
		Images\MRH_X_20150605_040100_088.img [no cloud data W1T1] [FINAL: W1T1]
		Images\MRH_X_20150605_040408_089.img [no cloud data W1T1] [FINAL: W1T1]
		Images\MRH_X_20150605_040804_090.img [no cloud data W1T1] [FINAL: W1T1]
		Images\MRH_X_20150605_041734_093.img [no cloud data W1T1] [FINAL: W1T1]
		Images\MRH_X_20150605_042044_094.img [no cloud data W1T1] [FINAL: W1T1]
		Images\MRH_X_20150605_042353_095.img [no cloud data W1T1] [FINAL: W1T1]
		Images\MRH_X_20150605_042702_096.img [no cloud data W1T1] [FINAL: W1T1]
		Images\MRH_X_20150605_043010_097.img [no cloud data W1T1] [FINAL: W1T1]
		Images\MRH_X_20150605_043318_098.img [no cloud data W1T1] [FINAL: W1T1]
		Images\MRH_X_20150605_043626_099.img [no cloud data W1T1] [FINAL: W1T1]
		Images\MRH_X_20150605_044023_100.img [no cloud data W1T1] [FINAL: W1T1]
		Images\MRH_X_20150605_044952_103.img [no cloud data W1T1] [FINAL: W1T1]
		Images\MRH_X_20150605_045302_104.img [no cloud data W1T1] [FINAL: W1T1]
		Images\MRH_X_20150605_045611_105.img [no cloud data W1T1] [FINAL: W1T1]
		Images\MRH_X_20150605_045920_106.img [no cloud data W1T1] [FINAL: W1T1]
		Images\MRH_X_20150605_050228_107.img [no cloud data W1T1] [FINAL: W1T1]
		Images\MRH_X_20150605_050537_108.img [no cloud data W1T1] [FINAL: W1T1]
		Images\MRH_X_20150605_050845_109.img [no cloud data W1T1] [FINAL: W1T1]
		Images\MRH_X_20150605_051241_110.img [no cloud data W1T1] [FINAL: W1T1]
		Images\MRH_X_20150605_052521_114.img [no cloud data W1T1] [FINAL: W1T1]
		Images\MRH_X_20150605_052830_115.img [no cloud data W1T1] [FINAL: W1T1]
		Images\MRH_X_20150605_053139_116.img [no cloud data W1T1] [FINAL: W1T1]
		Images\MRH_X_20150605_053447_117.img [no cloud data W1T1] [FINAL: W1T1]
		Images\MRH_X_20150605_053755_118.img [no cloud data W1T1] [FINAL: W1T1]
		Images\MRH_X_20150605_054103_119.img [no cloud data W1T1] [FINAL: W1T1]
		Images\MRH_X_20150605_054459_120.img [no cloud data W1T1] [sigma_T large: W2T2] [FINAL: W2T2]
		Images\MRH_X_20150605_055739_124.img [no cloud data W1T1] [FINAL: W1T1]
		Images\MRH_X_20150605_060048_125.img [no cloud data W1T1] [FINAL: W1T1]
		Images\MRH_X_20150605_060357_126.img [no cloud data W1T1] [FINAL: W1T1]
		Images\MRH_X_20150605_060705_127.img [no cloud data W1T1] [FINAL: W1T1]
		Images\MRH_X_20150605_061013_128.img [no cloud data W1T1] [FINAL: W1T1]
		Images\MRH_X_20150605_061321_129.img [no cloud data W1T1] [FINAL: W1T1]
		Images\MRH_X_20150605_061718_130.img [no cloud data W1T1] [FINAL: W1T1]
		Images\MRH_X_20150605_062957_134.img [no cloud data W1T1] [FINAL: W1T1]
		Images\MRH_X_20150605_063306_135.img [no cloud data W1T1] [FINAL: W1T1]
		Images\MRH_X_20150605_063616_136.img [no cloud data W1T1] [FINAL: W1T1]
		Images\MRH_X_20150605_063924_137.img [no cloud data W1T1] [FINAL: W1T1]
		Images\MRH_X_20150605_064232_138.img [no cloud data W1T1] [FINAL: W1T1]
		Images\MRH_X_20150605_064540_139.img [no cloud data W1T1] [FINAL: W1T1]
		Images\MRH_X_20150605_064936_140.img [no cloud data W1T1] [FINAL: W1T1]
		Images\MRH_X_20150605_065557_142.img [no cloud data W1T1] [sigma_T large: W2T2] [FINAL: W2T2]
		Images\MRH_X_20150605_070216_144.img [no cloud data W1T1] [sigma_T large: W2T2] [FINAL: W2T2]
		Images\MRH_X_20150605_070525_145.img [no cloud data W1T1] [sigma_T large: W2T2] [FINAL: W2T2]
		Images\MRH_X_20150605_070834_146.img [no cloud data W1T1] [FINAL: W1T1]
		Images\MRH_X_20150605_071142_147.img [no cloud data W1T1] [sigma_T large: W2T2] [FINAL: W2T2]
		Images\MRH_X_20150605_071450_148.img [no cloud data W1T1] [FINAL: W1T1]
		Images\MRH_X_20150605_071758_149.img [no cloud data W1T1] [FINAL: W1T1]
04/07/2021 20:48:20 PM: Results saved to results/minime90_mrh_20150604.npz
